<?xml version="1.0" encoding="UTF-8"?>
<!-- Generated by org.testng.reporters.JUnitXMLReporter -->
<testsuite ignored="28" hostname="DESKTOP-UQFI3OJ" failures="0" tests="2" name="Default test" time="59.417" errors="0" timestamp="2026-02-11T16:35:22 IST">
  <testcase classname="com.uiFramework.Genesis.regression.web.OutboundTruckTest" name="shouldVerifyAddedPalletWTandPiecesLoadedIntoTruck" time="42.358"/>
  <testcase classname="com.uiFramework.Genesis.regression.web.OutboundTruckTest" name="shouldRouteOrderEditable" time="16.804"/>
  <testcase classname="com.uiFramework.Genesis.regression.web.OutboundTruckTest" name="shouldDisplayToastMessageOnCreateObtTruck" time="0.0">
    <ignored/>
  </testcase> <!-- shouldDisplayToastMessageOnCreateObtTruck -->
  <testcase classname="com.uiFramework.Genesis.regression.web.OutboundTruckTest" name="shouldUpdateTruckStatusAfterTruckCreation" time="0.0">
    <ignored/>
  </testcase> <!-- shouldUpdateTruckStatusAfterTruckCreation -->
  <testcase classname="com.uiFramework.Genesis.regression.web.OutboundTruckTest" name="shouldApplyColumnFilterForOutboundTruck" time="0.0">
    <ignored/>
  </testcase> <!-- shouldApplyColumnFilterForOutboundTruck -->
  <testcase classname="com.uiFramework.Genesis.regression.web.OutboundTruckTest" name="shouldVerifyOrderProcessDuringOutboundTruckEdit" time="0.0">
    <ignored/>
  </testcase> <!-- shouldVerifyOrderProcessDuringOutboundTruckEdit -->
  <testcase classname="com.uiFramework.Genesis.regression.web.OutboundTruckTest" name="shouldRemovePalletFromTruckAndUpdateWeightAndEmptyTruckStatus" time="0.0">
    <ignored/>
  </testcase> <!-- shouldRemovePalletFromTruckAndUpdateWeightAndEmptyTruckStatus -->
  <testcase classname="com.uiFramework.Genesis.regression.web.OutboundTruckTest" name="shouldCreateEmptyOutboundTruck" time="0.0">
    <ignored/>
  </testcase> <!-- shouldCreateEmptyOutboundTruck -->
  <testcase classname="com.uiFramework.Genesis.regression.web.OutboundTruckTest" name="shouldCreateSuccessfullyAndIncreseCountByOne" time="0.0">
    <ignored/>
  </testcase> <!-- shouldCreateSuccessfullyAndIncreseCountByOne -->
  <testcase classname="com.uiFramework.Genesis.regression.web.OutboundTruckTest" name="shouldRemovedPalletAvailableToAddInOuboundCreateTruck" time="0.0">
    <ignored/>
  </testcase> <!-- shouldRemovedPalletAvailableToAddInOuboundCreateTruck -->
  <testcase classname="com.uiFramework.Genesis.regression.web.OutboundTruckTest" name="shouldApplyFiltersCorrectlyOnOutboundTruck" time="0.0">
    <ignored/>
  </testcase> <!-- shouldApplyFiltersCorrectlyOnOutboundTruck -->
  <testcase classname="com.uiFramework.Genesis.regression.web.OutboundTruckTest" name="shouldDisplayLDACodesCorrectlyOnListing" time="0.0">
    <ignored/>
  </testcase> <!-- shouldDisplayLDACodesCorrectlyOnListing -->
  <testcase classname="com.uiFramework.Genesis.regression.web.OutboundTruckTest" name="shouldNotAllowMultiDropLocationForNonUPS" time="0.0">
    <ignored/>
  </testcase> <!-- shouldNotAllowMultiDropLocationForNonUPS -->
  <testcase classname="com.uiFramework.Genesis.regression.web.OutboundTruckTest" name="shouldPalletAvailableToCreateOutboundTruck" time="0.0">
    <ignored/>
  </testcase> <!-- shouldPalletAvailableToCreateOutboundTruck -->
  <testcase classname="com.uiFramework.Genesis.regression.web.OutboundTruckTest" name="shouldVerifyCostEstimateOnEditingOutboundTruck" time="0.0">
    <ignored/>
  </testcase> <!-- shouldVerifyCostEstimateOnEditingOutboundTruck -->
  <testcase classname="com.uiFramework.Genesis.regression.web.OutboundTruckTest" name="shouldAllowEditingDropLocationDetailsInNonUPSCase" time="0.0">
    <ignored/>
  </testcase> <!-- shouldAllowEditingDropLocationDetailsInNonUPSCase -->
  <testcase classname="com.uiFramework.Genesis.regression.web.OutboundTruckTest" name="shouldDisplayDefaultCostEstimateAndOrderProcess" time="0.0">
    <ignored/>
  </testcase> <!-- shouldDisplayDefaultCostEstimateAndOrderProcess -->
  <testcase classname="com.uiFramework.Genesis.regression.web.OutboundTruckTest" name="shouldApplyColumnFilterOnOutboundTruckCreatePage" time="0.0">
    <ignored/>
  </testcase> <!-- shouldApplyColumnFilterOnOutboundTruckCreatePage -->
  <testcase classname="com.uiFramework.Genesis.regression.web.OutboundTruckTest" name="shouldVerifyCreatedTruckDetailsAndPalletQtyMatch" time="0.0">
    <ignored/>
  </testcase> <!-- shouldVerifyCreatedTruckDetailsAndPalletQtyMatch -->
  <testcase classname="com.uiFramework.Genesis.regression.web.OutboundTruckTest" name="shouldUpdateRoutesInEditOutboundTruck" time="0.0">
    <ignored/>
  </testcase> <!-- shouldUpdateRoutesInEditOutboundTruck -->
  <testcase classname="com.uiFramework.Genesis.regression.web.OutboundTruckTest" name="shouldVerifyTruckQuantityAndStatusForEmptyTruck" time="0.0">
    <ignored/>
  </testcase> <!-- shouldVerifyTruckQuantityAndStatusForEmptyTruck -->
  <testcase classname="com.uiFramework.Genesis.regression.web.OutboundTruckTest" name="shouldDisplayTruckDetailsInEditOutboundTruckMode" time="0.0">
    <ignored/>
  </testcase> <!-- shouldDisplayTruckDetailsInEditOutboundTruckMode -->
  <testcase classname="com.uiFramework.Genesis.regression.web.OutboundTruckTest" name="shouldAddPalletInEditModeWithCalculationsAndShouldUpdateStatus" time="0.0">
    <ignored/>
  </testcase> <!-- shouldAddPalletInEditModeWithCalculationsAndShouldUpdateStatus -->
  <testcase classname="com.uiFramework.Genesis.regression.web.OutboundTruckTest" name="shouldNotAllowAddedPalletToCreateOutboundTruck" time="0.0">
    <ignored/>
  </testcase> <!-- shouldNotAllowAddedPalletToCreateOutboundTruck -->
  <testcase classname="com.uiFramework.Genesis.regression.web.OutboundTruckTest" name="shouldNotAllowPalletEditingOnceArrived" time="0.0">
    <ignored/>
  </testcase> <!-- shouldNotAllowPalletEditingOnceArrived -->
  <testcase classname="com.uiFramework.Genesis.regression.web.OutboundTruckTest" name="shouldDeleteTruckAndMakeOrdersAvailableToAdd" time="0.0">
    <ignored/>
  </testcase> <!-- shouldDeleteTruckAndMakeOrdersAvailableToAdd -->
  <testcase classname="com.uiFramework.Genesis.regression.web.OutboundTruckTest" name="shouldClearFieldsWhenClearButtonClickedOnObtCreateTruck" time="0.0">
    <ignored/>
  </testcase> <!-- shouldClearFieldsWhenClearButtonClickedOnObtCreateTruck -->
  <testcase classname="com.uiFramework.Genesis.regression.web.OutboundTruckTest" name="shouldValidateMultiDropForNonUPSCase" time="0.0">
    <ignored/>
  </testcase> <!-- shouldValidateMultiDropForNonUPSCase -->
  <testcase classname="com.uiFramework.Genesis.regression.web.OutboundTruckTest" name="shouldNotAllowTruckDeletionIfTruckHasArrived" time="0.0">
    <ignored/>
  </testcase> <!-- shouldNotAllowTruckDeletionIfTruckHasArrived -->
  <testcase classname="com.uiFramework.Genesis.regression.web.OutboundTruckTest" name="shouldAllowEditingLTL3rdPartyAndCostEstimate" time="0.0">
    <ignored/>
  </testcase> <!-- shouldAllowEditingLTL3rdPartyAndCostEstimate -->
</testsuite> <!-- Default test -->
