<?xml version="1.0" encoding="UTF-8"?>
<!-- Generated by org.testng.reporters.JUnitXMLReporter -->
<testsuite ignored="16" hostname="DESKTOP-UQFI3OJ" failures="0" tests="1" name="Default test" time="29.373" errors="0" timestamp="2026-01-27T17:10:26 IST">
  <testcase classname="com.uiFramework.Genesis.regression.web.InboundPalletTest" name="@AfterClass shouldCheckOrderStatusAfterInoundPalletCreate" time="6.572">
    <failure type="java.lang.AssertionError" message="The following asserts failed:
	Not match! expected [Inbound Truck Load Pending] but found [Alex: 301 Al road,Newyork city Newyork,312002]">
      <![CDATA[java.lang.AssertionError: The following asserts failed:
Not match! expected [Inbound Truck Load Pending] but found [Alex: 301 Al road,Newyork city Newyork,312002]
at org.testng.asserts.SoftAssert.assertAll(SoftAssert.java:46)
at org.testng.asserts.SoftAssert.assertAll(SoftAssert.java:30)
at com.uiFramework.Genesis.regression.web.InboundPalletTest.shouldCheckOrderStatusAfterInoundPalletCreate(InboundPalletTest.java:288)
at java.base/jdk.internal.reflect.NativeMethodAccessorImpl.invoke0(Native Method)
at java.base/jdk.internal.reflect.NativeMethodAccessorImpl.invoke(NativeMethodAccessorImpl.java:77)
at java.base/jdk.internal.reflect.DelegatingMethodAccessorImpl.invoke(DelegatingMethodAccessorImpl.java:43)
at java.base/java.lang.reflect.Method.invoke(Method.java:568)
at org.testng.internal.invokers.MethodInvocationHelper.invokeMethod(MethodInvocationHelper.java:141)
at org.testng.internal.invokers.MethodInvocationHelper.invokeMethodConsideringTimeout(MethodInvocationHelper.java:71)
at org.testng.internal.invokers.ConfigInvoker.invokeConfigurationMethod(ConfigInvoker.java:400)
at org.testng.internal.invokers.ConfigInvoker.invokeConfigurations(ConfigInvoker.java:333)
at org.testng.internal.invokers.TestMethodWorker.invokeAfterClassConfigurations(TestMethodWorker.java:238)
at org.testng.internal.invokers.TestMethodWorker.invokeAfterClassMethods(TestMethodWorker.java:223)
at org.testng.internal.invokers.TestMethodWorker.run(TestMethodWorker.java:137)
at java.base/java.util.ArrayList.forEach(ArrayList.java:1511)
at org.testng.TestRunner.privateRun(TestRunner.java:739)
at org.testng.TestRunner.run(TestRunner.java:614)
at org.testng.SuiteRunner.runTest(SuiteRunner.java:421)
at org.testng.SuiteRunner.runSequentially(SuiteRunner.java:413)
at org.testng.SuiteRunner.privateRun(SuiteRunner.java:373)
at org.testng.SuiteRunner.run(SuiteRunner.java:312)
at org.testng.SuiteRunnerWorker.runSuite(SuiteRunnerWorker.java:52)
at org.testng.SuiteRunnerWorker.run(SuiteRunnerWorker.java:95)
at org.testng.TestNG.runSuitesSequentially(TestNG.java:1274)
at org.testng.TestNG.runSuitesLocally(TestNG.java:1208)
at org.testng.TestNG.runSuites(TestNG.java:1112)
at org.testng.TestNG.run(TestNG.java:1079)
at org.testng.remote.AbstractRemoteTestNG.run(AbstractRemoteTestNG.java:115)
at org.testng.remote.RemoteTestNG.initAndRun(RemoteTestNG.java:293)
at org.testng.remote.RemoteTestNG.main(RemoteTestNG.java:91)
]]>
    </failure>
  </testcase> <!-- @AfterClass shouldCheckOrderStatusAfterInoundPalletCreate -->
  <testcase classname="com.uiFramework.Genesis.regression.web.InboundPalletTest" name="shouldVerifyPalletQuantityAndStatusForInboundPallet" time="22.436"/>
  <testcase classname="com.uiFramework.Genesis.regression.web.InboundPalletTest" name="shouldShowCreatedOrderInPalletListingPage" time="0.0">
    <ignored/>
  </testcase> <!-- shouldShowCreatedOrderInPalletListingPage -->
  <testcase classname="com.uiFramework.Genesis.regression.web.InboundPalletTest" name="shouldApplyFiltersCorrectlyOnInboundPallet" time="0.0">
    <ignored/>
  </testcase> <!-- shouldApplyFiltersCorrectlyOnInboundPallet -->
  <testcase classname="com.uiFramework.Genesis.regression.web.InboundPalletTest" name="shouldRemoveOrdersInEditPalletAndPalletAutoDelete" time="0.0">
    <ignored/>
  </testcase> <!-- shouldRemoveOrdersInEditPalletAndPalletAutoDelete -->
  <testcase classname="com.uiFramework.Genesis.regression.web.InboundPalletTest" name="shouldAllowDeletedPalletToBeAvailableAfterPalletDeletion" time="0.0">
    <ignored/>
  </testcase> <!-- shouldAllowDeletedPalletToBeAvailableAfterPalletDeletion -->
  <testcase classname="com.uiFramework.Genesis.regression.web.InboundPalletTest" name="shouldCheckColumnFilter" time="0.0">
    <ignored/>
  </testcase> <!-- shouldCheckColumnFilter -->
  <testcase classname="com.uiFramework.Genesis.regression.web.InboundPalletTest" name="shouldAddPalletInEditModeWithPiecesAndWeightWithNoPopup" time="0.0">
    <ignored/>
  </testcase> <!-- shouldAddPalletInEditModeWithPiecesAndWeightWithNoPopup -->
  <testcase classname="com.uiFramework.Genesis.regression.web.InboundPalletTest" name="shouldPerformMergeWhenButtonClicked" time="0.0">
    <ignored/>
  </testcase> <!-- shouldPerformMergeWhenButtonClicked -->
  <testcase classname="com.uiFramework.Genesis.regression.web.InboundPalletTest" name="shouldNotAllowPalletEditingIfQADone" time="0.0">
    <ignored/>
  </testcase> <!-- shouldNotAllowPalletEditingIfQADone -->
  <testcase classname="com.uiFramework.Genesis.regression.web.InboundPalletTest" name="shouldAutoDeletePalletAndAllowOrderToBeAdded" time="0.0">
    <ignored/>
  </testcase> <!-- shouldAutoDeletePalletAndAllowOrderToBeAdded -->
  <testcase classname="com.uiFramework.Genesis.regression.web.InboundPalletTest" name="CreateInboundPalletforMainOrder" time="0.0">
    <ignored/>
  </testcase> <!-- CreateInboundPalletforMainOrder -->
  <testcase classname="com.uiFramework.Genesis.regression.web.InboundPalletTest" name="shouldNotAllowAddingSameOrderToAnotherPallet" time="0.0">
    <ignored/>
  </testcase> <!-- shouldNotAllowAddingSameOrderToAnotherPallet -->
  <testcase classname="com.uiFramework.Genesis.regression.web.InboundPalletTest" name="shouldNotMergeInboundPalletWithDifferentPickup" time="0.0">
    <ignored/>
  </testcase> <!-- shouldNotMergeInboundPalletWithDifferentPickup -->
  <testcase classname="com.uiFramework.Genesis.regression.web.InboundPalletTest" name="verifyInboundpalletCreateSuccefully" time="0.0">
    <ignored/>
  </testcase> <!-- verifyInboundpalletCreateSuccefully -->
  <testcase classname="com.uiFramework.Genesis.regression.web.InboundPalletTest" name="shouldNotDeletePalletIfQADone" time="0.0">
    <ignored/>
  </testcase> <!-- shouldNotDeletePalletIfQADone -->
  <testcase classname="com.uiFramework.Genesis.regression.web.InboundPalletTest" name="shouldApplyColumnFiltersOnCreateInboundPallet" time="0.0">
    <ignored/>
  </testcase> <!-- shouldApplyColumnFiltersOnCreateInboundPallet -->
  <testcase classname="com.uiFramework.Genesis.regression.web.InboundPalletTest" name="shouldCreateMultiplePallet" time="0.0">
    <ignored/>
  </testcase> <!-- shouldCreateMultiplePallet -->
</testsuite> <!-- Default test -->
