<?xml version="1.0" encoding="UTF-8"?>
<!-- Generated by org.testng.reporters.JUnitXMLReporter -->
<testsuite ignored="12" hostname="DESKTOP-UQFI3OJ" failures="0" tests="1" name="Default test" time="41.46" errors="0" timestamp="2026-01-23T16:13:33 IST">
  <testcase classname="com.uiFramework.Genesis.regression.web.ConsigneeQATest" name="shouldDisplayEditableFieldsForTrackingUpdatedRequest" time="41.16"/>
  <testcase classname="com.uiFramework.Genesis.regression.web.ConsigneeQATest" name="shouldValidateLiteratureOrderPiecesWhenMarkSameQtyBtnClicked" time="0.0">
    <ignored/>
  </testcase> <!-- shouldValidateLiteratureOrderPiecesWhenMarkSameQtyBtnClicked -->
  <testcase classname="com.uiFramework.Genesis.regression.web.ConsigneeQATest" name="shouldValidateReceivedOrderPiecesWhenMarkSameQtyBtnClicked" time="0.0">
    <ignored/>
  </testcase> <!-- shouldValidateReceivedOrderPiecesWhenMarkSameQtyBtnClicked -->
  <testcase classname="com.uiFramework.Genesis.regression.web.ConsigneeQATest" name="shouldNotAllowEnteringExtraLiteratureOrderPieces" time="0.0">
    <ignored/>
  </testcase> <!-- shouldNotAllowEnteringExtraLiteratureOrderPieces -->
  <testcase classname="com.uiFramework.Genesis.regression.web.ConsigneeQATest" name="shouldAllowUserToCompleteRequest" time="0.0">
    <ignored/>
  </testcase> <!-- shouldAllowUserToCompleteRequest -->
  <testcase classname="com.uiFramework.Genesis.regression.web.ConsigneeQATest" name="shouldAllowUserToOpenCompletedRequest" time="0.0">
    <ignored/>
  </testcase> <!-- shouldAllowUserToOpenCompletedRequest -->
  <testcase classname="com.uiFramework.Genesis.regression.web.ConsigneeQATest" name="shouldNotAllowEnteringExtraReceivedOrderPieces" time="0.0">
    <ignored/>
  </testcase> <!-- shouldNotAllowEnteringExtraReceivedOrderPieces -->
  <testcase classname="com.uiFramework.Genesis.regression.web.ConsigneeQATest" name="shouldAllowUserToUpdatePiecesAfterConsingeeQADone" time="0.0">
    <ignored/>
  </testcase> <!-- shouldAllowUserToUpdatePiecesAfterConsingeeQADone -->
  <testcase classname="com.uiFramework.Genesis.regression.web.ConsigneeQATest" name="shouldAllowUserToOpenDraftRequest" time="0.0">
    <ignored/>
  </testcase> <!-- shouldAllowUserToOpenDraftRequest -->
  <testcase classname="com.uiFramework.Genesis.regression.web.ConsigneeQATest" name="shouldAllowUserToUploadExcelFile" time="0.0">
    <ignored/>
  </testcase> <!-- shouldAllowUserToUploadExcelFile -->
  <testcase classname="com.uiFramework.Genesis.regression.web.ConsigneeQATest" name="shouldAllowUserToSaveDetailsInDraft" time="0.0">
    <ignored/>
  </testcase> <!-- shouldAllowUserToSaveDetailsInDraft -->
  <testcase classname="com.uiFramework.Genesis.regression.web.ConsigneeQATest" name="shouldNotAllowSavingFileWithoutTime" time="0.0">
    <ignored/>
  </testcase> <!-- shouldNotAllowSavingFileWithoutTime -->
  <testcase classname="com.uiFramework.Genesis.regression.web.ConsigneeQATest" name="shouldCompleteConsigneeQAForMainOrder" time="0.0">
    <ignored/>
  </testcase> <!-- shouldCompleteConsigneeQAForMainOrder -->
</testsuite> <!-- Default test -->
