<?xml version="1.0" encoding="UTF-8"?>
<!-- Generated by org.testng.reporters.JUnitXMLReporter -->
<testsuite ignored="1" hostname="DESKTOP-3AHB894" failures="0" tests="1" name="End to end Framework Test" time="47.884" errors="0" timestamp="2024-03-15T15:32:23 IST">
  <testcase classname="org.contactManagement.regression.android.LoginTest" name="saveNUpdateContact" time="23.426"/>
  <testcase classname="org.contactManagement.regression.android.LoginTest" name="FillForm_ErrorValidation" time="0.0">
    <ignored/>
  </testcase> <!-- FillForm_ErrorValidation -->
</testsuite> <!-- End to end Framework Test -->
