<?xml version="1.0" encoding="UTF-8"?>
<!-- Generated by org.testng.reporters.JUnitXMLReporter -->
<testsuite ignored="0" hostname="DESKTOP-3AHB894" failures="0" tests="2" name="Login" time="120.468" errors="0" timestamp="2024-03-08T17:13:42 IST">
  <testcase classname="org.contactManagement.regression.android.ActivityCreationTest" name="createActivity" time="87.217"/>
  <testcase classname="org.contactManagement.regression.android.ActivityCreationTest" name="openActivityNotificationWithPopup" time="10.674"/>
</testsuite> <!-- Login -->
