<?xml version="1.0" encoding="UTF-8"?>
<!-- Generated by org.testng.reporters.JUnitXMLReporter -->
<testsuite ignored="4" hostname="DESKTOP-UQFI3OJ" failures="1" tests="2" name="regression1" time="26.786" errors="0" timestamp="2026-01-29T10:57:57 IST">
  <testcase classname="com.uiFramework.Genesis.regression.web.PRTest" name="shouldNotDisplayedToastOnInboundPalletPage" time="15.142">
    <failure type="org.openqa.selenium.TimeoutException" message="Expected condition failed: waiting for element to be clickable: By.xpath: //i[@title=&amp;apos;Barcode Printing1&amp;apos;] (tried for 10 second(s) with 250 milliseconds interval)
Build info: version: &amp;apos;4.12.0&amp;apos;, revision: &amp;apos;249f2a7d1b*&amp;apos;
System info: os.name: &amp;apos;Windows 10&amp;apos;, os.arch: &amp;apos;amd64&amp;apos;, os.version: &amp;apos;10.0&amp;apos;, java.version: &amp;apos;17.0.10&amp;apos;
Driver info: org.openqa.selenium.chrome.ChromeDriver
Capabilities {acceptInsecureCerts: false, browserName: chrome, browserVersion: 144.0.7559.98, chrome: {chromedriverVersion: 144.0.7559.109 (6a8d5e49388..., userDataDir: C:\Users\EMP256\AppData\Loc...}, fedcm:accounts: true, goog:chromeOptions: {debuggerAddress: localhost:63668}, goog:processID: 171916, networkConnectionEnabled: false, pageLoadStrategy: normal, platformName: windows, proxy: Proxy(), se:cdp: ws://localhost:63668/devtoo..., se:cdpVersion: 144.0.7559.98, setWindowRect: true, strictFileInteractability: false, timeouts: {implicit: 0, pageLoad: 300000, script: 30000}, unhandledPromptBehavior: dismiss and notify, webauthn:extension:credBlob: true, webauthn:extension:largeBlob: true, webauthn:extension:minPinLength: true, webauthn:extension:prf: true, webauthn:virtualAuthenticators: true}
Session ID: d2429bf504dbfc8fd916970a5c1f1a08">
      <![CDATA[org.openqa.selenium.TimeoutException: Expected condition failed: waiting for element to be clickable: By.xpath: //i[@title='Barcode Printing1'] (tried for 10 second(s) with 250 milliseconds interval)
Build info: version: '4.12.0', revision: '249f2a7d1b*'
System info: os.name: 'Windows 10', os.arch: 'amd64', os.version: '10.0', java.version: '17.0.10'
Driver info: org.openqa.selenium.chrome.ChromeDriver
Capabilities {acceptInsecureCerts: false, browserName: chrome, browserVersion: 144.0.7559.98, chrome: {chromedriverVersion: 144.0.7559.109 (6a8d5e49388..., userDataDir: C:\Users\EMP256\AppData\Loc...}, fedcm:accounts: true, goog:chromeOptions: {debuggerAddress: localhost:63668}, goog:processID: 171916, networkConnectionEnabled: false, pageLoadStrategy: normal, platformName: windows, proxy: Proxy(), se:cdp: ws://localhost:63668/devtoo..., se:cdpVersion: 144.0.7559.98, setWindowRect: true, strictFileInteractability: false, timeouts: {implicit: 0, pageLoad: 300000, script: 30000}, unhandledPromptBehavior: dismiss and notify, webauthn:extension:credBlob: true, webauthn:extension:largeBlob: true, webauthn:extension:minPinLength: true, webauthn:extension:prf: true, webauthn:virtualAuthenticators: true}
Session ID: d2429bf504dbfc8fd916970a5c1f1a08
at org.openqa.selenium.support.ui.WebDriverWait.timeoutException(WebDriverWait.java:84)
at org.openqa.selenium.support.ui.FluentWait.until(FluentWait.java:230)
at com.uiFramework.Genesis.helper.WaitHelper.waitForElementClickable(WaitHelper.java:127)
at com.uiFramework.Genesis.helper.WaitHelper.waitToClick(WaitHelper.java:171)
at com.uiFramework.Genesis.web.pages.CommonPage.inboundMenu(CommonPage.java:2313)
at com.uiFramework.Genesis.regression.web.PRTest.shouldNotDisplayedToastOnInboundPalletPage(PRTest.java:64)
at java.base/java.util.ArrayList.forEach(ArrayList.java:1511)
... Removed 27 stack frames]]>
    </failure>
  </testcase> <!-- shouldNotDisplayedToastOnInboundPalletPage -->
  <testcase classname="com.uiFramework.Genesis.regression.web.PRTest" name="shouldNotDisplayedToastOnInboundPalletCreatePage" time="11.055"/>
  <testcase classname="com.uiFramework.Genesis.regression.web.PRTest" name="shouldNotDisplayedToastOnCreateOrderBtn" time="0.0">
    <ignored/>
  </testcase> <!-- shouldNotDisplayedToastOnCreateOrderBtn -->
  <testcase classname="com.uiFramework.Genesis.regression.web.PRTest" name="shouldDisplayErrorForMandatoryFields" time="0.0">
    <ignored/>
  </testcase> <!-- shouldDisplayErrorForMandatoryFields -->
  <testcase classname="com.uiFramework.Genesis.regression.web.PRTest" name="shouldCheckPickFromAndStatusFromInboundPallet" time="0.0">
    <ignored/>
  </testcase> <!-- shouldCheckPickFromAndStatusFromInboundPallet -->
  <testcase classname="com.uiFramework.Genesis.regression.web.PRTest" name="shouldNotDisplayedToastafterLogIn" time="0.0">
    <ignored/>
  </testcase> <!-- shouldNotDisplayedToastafterLogIn -->
</testsuite> <!-- regression1 -->
