<?xml version="1.0" encoding="UTF-8"?>
<!-- Generated by org.testng.reporters.JUnitXMLReporter -->
<testsuite ignored="40" hostname="DESKTOP-UQFI3OJ" failures="29" tests="198" name="regression" time="3471.378" errors="0" timestamp="2026-01-23T17:13:28 IST">
  <testcase classname="com.uiFramework.Genesis.regression.web.OrderTest" name="shouldDisplayOrderFormOnCreateButtonClick" time="7.505"/>
  <testcase classname="com.uiFramework.Genesis.regression.web.OrderTest" name="shouldShowErrorMessagesForMandatoryFields" time="1.476"/>
  <testcase classname="com.uiFramework.Genesis.regression.web.OrderTest" name="shouldKeepConsigneeDropdownEmptyUntilCustomerSelected" time="74.158"/>
  <testcase classname="com.uiFramework.Genesis.regression.web.OrderTest" name="shouldValidateLocalCarrierTextAndQAStatusAndPODUnset" time="0.306"/>
  <testcase classname="com.uiFramework.Genesis.regression.web.OrderTest" name="shouldValidateFullAddressDetails" time="0.333"/>
  <testcase classname="com.uiFramework.Genesis.regression.web.OrderTest" name="shouldFetchConsigneeAddressDetails" time="0.247"/>
  <testcase classname="com.uiFramework.Genesis.regression.web.OrderTest" name="shouldShowToastWhenConfirmingWithoutWeightOrPieces" time="6.184"/>
  <testcase classname="com.uiFramework.Genesis.regression.web.OrderTest" name="shouldCalculateRatedWeightAndLitWeightCorrectly" time="3.727"/>
  <testcase classname="com.uiFramework.Genesis.regression.web.OrderTest" name="shouldVerifyDraftOrderStatusAfterSave" time="5.264"/>
  <testcase classname="com.uiFramework.Genesis.regression.web.OrderTest" name="shouldGenerateBarcodeAfterOrderConfirmation" time="17.051"/>
  <testcase classname="com.uiFramework.Genesis.regression.web.OrderTest" name="shouldShowErrorWhenSavingEmptyCustomerAccessorial" time="10.66"/>
  <testcase classname="com.uiFramework.Genesis.regression.web.OrderTest" name="shouldDeleteCustomerAccessorialSuccessfully" time="37.46">
    <failure type="java.lang.AssertionError" message="The following asserts failed:
	Not Matched expected [Customer accessorial deleted successfully] but found [Toast message Failed]">
      <![CDATA[java.lang.AssertionError: The following asserts failed:
Not Matched expected [Customer accessorial deleted successfully] but found [Toast message Failed]
at com.uiFramework.Genesis.regression.web.OrderTest.shouldDeleteCustomerAccessorialSuccessfully(OrderTest.java:159)
at java.base/java.util.ArrayList.forEach(ArrayList.java:1511)
... Removed 29 stack frames]]>
    </failure>
  </testcase> <!-- shouldDeleteCustomerAccessorialSuccessfully -->
  <testcase classname="com.uiFramework.Genesis.regression.web.OrderTest" name="shouldSaveCustomerAccessorialAfterDeleteAndValidateCarrierValidation" time="12.261"/>
  <testcase classname="com.uiFramework.Genesis.regression.web.OrderTest" name="shouldAddEditAndDeleteCarrierAccessorialSuccessfully" time="18.182">
    <failure type="org.openqa.selenium.JavascriptException" message="javascript error: arguments[0].click is not a function
  (Session info: chrome=144.0.7559.59)
Build info: version: &amp;apos;4.12.0&amp;apos;, revision: &amp;apos;249f2a7d1b*&amp;apos;
System info: os.name: &amp;apos;Windows 10&amp;apos;, os.arch: &amp;apos;amd64&amp;apos;, os.version: &amp;apos;10.0&amp;apos;, java.version: &amp;apos;17.0.10&amp;apos;
Driver info: org.openqa.selenium.chrome.ChromeDriver
Command: [a7342d11877bd349109176d7eb767e88, executeScript {script=arguments[0].click();, args=[{element-6066-11e4-a52e-4f735466cecf=f.CD13DB6DD71A780921A15D551BD338B8.d.EDFAB4EDF359047AED7836967DB8CB1E.e.900}]}]
Capabilities {acceptInsecureCerts: false, browserName: chrome, browserVersion: 144.0.7559.59, chrome: {chromedriverVersion: 144.0.7559.96 (d7b80622cfab..., userDataDir: C:\Users\EMP256\AppData\Loc...}, fedcm:accounts: true, goog:chromeOptions: {debuggerAddress: localhost:58092}, goog:processID: 159932, networkConnectionEnabled: false, pageLoadStrategy: normal, platformName: windows, proxy: Proxy(), se:cdp: ws://localhost:58092/devtoo..., se:cdpVersion: 144.0.7559.59, setWindowRect: true, strictFileInteractability: false, timeouts: {implicit: 0, pageLoad: 300000, script: 30000}, unhandledPromptBehavior: dismiss and notify, webauthn:extension:credBlob: true, webauthn:extension:largeBlob: true, webauthn:extension:minPinLength: true, webauthn:extension:prf: true, webauthn:virtualAuthenticators: true}
Session ID: a7342d11877bd349109176d7eb767e88">
      <![CDATA[org.openqa.selenium.JavascriptException: javascript error: arguments[0].click is not a function
  (Session info: chrome=144.0.7559.59)
Build info: version: '4.12.0', revision: '249f2a7d1b*'
System info: os.name: 'Windows 10', os.arch: 'amd64', os.version: '10.0', java.version: '17.0.10'
Driver info: org.openqa.selenium.chrome.ChromeDriver
Command: [a7342d11877bd349109176d7eb767e88, executeScript {script=arguments[0].click();, args=[{element-6066-11e4-a52e-4f735466cecf=f.CD13DB6DD71A780921A15D551BD338B8.d.EDFAB4EDF359047AED7836967DB8CB1E.e.900}]}]
Capabilities {acceptInsecureCerts: false, browserName: chrome, browserVersion: 144.0.7559.59, chrome: {chromedriverVersion: 144.0.7559.96 (d7b80622cfab..., userDataDir: C:\Users\EMP256\AppData\Loc...}, fedcm:accounts: true, goog:chromeOptions: {debuggerAddress: localhost:58092}, goog:processID: 159932, networkConnectionEnabled: false, pageLoadStrategy: normal, platformName: windows, proxy: Proxy(), se:cdp: ws://localhost:58092/devtoo..., se:cdpVersion: 144.0.7559.59, setWindowRect: true, strictFileInteractability: false, timeouts: {implicit: 0, pageLoad: 300000, script: 30000}, unhandledPromptBehavior: dismiss and notify, webauthn:extension:credBlob: true, webauthn:extension:largeBlob: true, webauthn:extension:minPinLength: true, webauthn:extension:prf: true, webauthn:virtualAuthenticators: true}
Session ID: a7342d11877bd349109176d7eb767e88
at org.openqa.selenium.remote.codec.w3c.W3CHttpResponseCodec.createException(W3CHttpResponseCodec.java:200)
at org.openqa.selenium.remote.codec.w3c.W3CHttpResponseCodec.decode(W3CHttpResponseCodec.java:133)
at org.openqa.selenium.remote.codec.w3c.W3CHttpResponseCodec.decode(W3CHttpResponseCodec.java:52)
at org.openqa.selenium.remote.HttpCommandExecutor.execute(HttpCommandExecutor.java:191)
at org.openqa.selenium.remote.service.DriverCommandExecutor.invokeExecute(DriverCommandExecutor.java:196)
at org.openqa.selenium.remote.service.DriverCommandExecutor.execute(DriverCommandExecutor.java:171)
at org.openqa.selenium.remote.RemoteWebDriver.execute(RemoteWebDriver.java:602)
at org.openqa.selenium.remote.RemoteWebDriver.executeScript(RemoteWebDriver.java:467)
at com.uiFramework.Genesis.web.pages.OrderPage.jsClick(OrderPage.java:84)
at com.uiFramework.Genesis.web.pages.OrderPage.safeClick(OrderPage.java:103)
at com.uiFramework.Genesis.web.pages.OrderPage.deleteCarrAccess(OrderPage.java:575)
at com.uiFramework.Genesis.regression.web.OrderTest.shouldAddEditAndDeleteCarrierAccessorialSuccessfully(OrderTest.java:179)
at java.base/java.util.ArrayList.forEach(ArrayList.java:1511)
... Removed 32 stack frames]]>
    </failure>
  </testcase> <!-- shouldAddEditAndDeleteCarrierAccessorialSuccessfully -->
  <testcase classname="com.uiFramework.Genesis.regression.web.OrderTest" name="shouldSaveCarrierAccessorialAfterDeleteAndValidateCommentValidation" time="6.027"/>
  <testcase classname="com.uiFramework.Genesis.regression.web.OrderTest" name="shouldSaveTypeAndsubjectReqOnComment" time="2.631"/>
  <testcase classname="com.uiFramework.Genesis.regression.web.OrderTest" name="shouldAddEditAndDeleteCommentSuccessfully" time="7.148"/>
  <testcase classname="com.uiFramework.Genesis.regression.web.OrderTest" name="shouldSaveCommentAfterDelete" time="12.241"/>
  <testcase classname="com.uiFramework.Genesis.regression.web.OrderTest" name="shouldShowMandatoryFieldOnSaveFiles" time="5.762"/>
  <testcase classname="com.uiFramework.Genesis.regression.web.OrderTest" name="shouldUploadFileAndShowSuccessToast" time="2.21"/>
  <testcase classname="com.uiFramework.Genesis.regression.web.OrderTest" name="shouldDeleteFileSuccessfully" time="23.857">
    <failure type="java.lang.AssertionError" message="The following asserts failed:
	Not match! expected [File deleted successfully] but found [Toast message Failed]">
      <![CDATA[java.lang.AssertionError: The following asserts failed:
Not match! expected [File deleted successfully] but found [Toast message Failed]
at com.uiFramework.Genesis.regression.web.OrderTest.shouldDeleteFileSuccessfully(OrderTest.java:241)
at java.base/java.util.ArrayList.forEach(ArrayList.java:1511)
... Removed 29 stack frames]]>
    </failure>
  </testcase> <!-- shouldDeleteFileSuccessfully -->
  <testcase classname="com.uiFramework.Genesis.regression.web.OrderTest" name="shouldMatchOrderDetailsOnListingPage" time="16.322"/>
  <testcase classname="com.uiFramework.Genesis.regression.web.OrderTest" name="shouldValidateTotalPiecesAndWeightOnListingPage" time="0.05"/>
  <testcase classname="com.uiFramework.Genesis.regression.web.OrderTest" name="shouldValidateOrderStatusCountOnLabelBadges" time="74.804"/>
  <testcase classname="com.uiFramework.Genesis.regression.web.OrderTest" name="shouldShowErrorForDuplicateCustomerOrderNumber" time="58.158"/>
  <testcase classname="com.uiFramework.Genesis.regression.web.OrderTest" name="shouldNotGenerateBarcodeAndShowCorrectOrderStatusOnConfirm" time="16.193"/>
  <testcase classname="com.uiFramework.Genesis.regression.web.OrderTest" name="shouldShowErrorOnConfirmFromListingWithMissingFields" time="76.741"/>
  <testcase classname="com.uiFramework.Genesis.regression.web.OrderTest" name="shouldDeleteOrderSuccessfullyWhenInDraftStatusInDraft" time="18.519"/>
  <testcase classname="com.uiFramework.Genesis.regression.web.OrderTest" name="shouldCreateDistributorOrderWithRequiredDetails" time="97.758"/>
  <testcase classname="com.uiFramework.Genesis.regression.web.OrderTest" name="shouldDisplayBarcodeAfterDistributorOrderConfirmation" time="29.847"/>
  <testcase classname="com.uiFramework.Genesis.regression.web.OrderTest" name="shouldNotGenerateBarcodeWhenCheckboxIsUnchecked" time="108.521"/>
  <testcase classname="com.uiFramework.Genesis.regression.web.OrderTest" name="shouldConfirmMultipleOrdersAndDisplaySuccessToast" time="99.648">
    <failure type="org.openqa.selenium.TimeoutException" message="Expected condition failed: waiting for com.uiFramework.Genesis.web.pages.OrderPage$$Lambda$659/0x000000080044bfa0@91339ed (tried for 40 second(s) with 500 milliseconds interval)
Build info: version: &amp;apos;4.12.0&amp;apos;, revision: &amp;apos;249f2a7d1b*&amp;apos;
System info: os.name: &amp;apos;Windows 10&amp;apos;, os.arch: &amp;apos;amd64&amp;apos;, os.version: &amp;apos;10.0&amp;apos;, java.version: &amp;apos;17.0.10&amp;apos;
Driver info: org.openqa.selenium.chrome.ChromeDriver
Capabilities {acceptInsecureCerts: false, browserName: chrome, browserVersion: 144.0.7559.59, chrome: {chromedriverVersion: 144.0.7559.96 (d7b80622cfab..., userDataDir: C:\Users\EMP256\AppData\Loc...}, fedcm:accounts: true, goog:chromeOptions: {debuggerAddress: localhost:58092}, goog:processID: 159932, networkConnectionEnabled: false, pageLoadStrategy: normal, platformName: windows, proxy: Proxy(), se:cdp: ws://localhost:58092/devtoo..., se:cdpVersion: 144.0.7559.59, setWindowRect: true, strictFileInteractability: false, timeouts: {implicit: 0, pageLoad: 300000, script: 30000}, unhandledPromptBehavior: dismiss and notify, webauthn:extension:credBlob: true, webauthn:extension:largeBlob: true, webauthn:extension:minPinLength: true, webauthn:extension:prf: true, webauthn:virtualAuthenticators: true}
Session ID: a7342d11877bd349109176d7eb767e88">
      <![CDATA[org.openqa.selenium.TimeoutException: Expected condition failed: waiting for com.uiFramework.Genesis.web.pages.OrderPage$$Lambda$659/0x000000080044bfa0@91339ed (tried for 40 second(s) with 500 milliseconds interval)
Build info: version: '4.12.0', revision: '249f2a7d1b*'
System info: os.name: 'Windows 10', os.arch: 'amd64', os.version: '10.0', java.version: '17.0.10'
Driver info: org.openqa.selenium.chrome.ChromeDriver
Capabilities {acceptInsecureCerts: false, browserName: chrome, browserVersion: 144.0.7559.59, chrome: {chromedriverVersion: 144.0.7559.96 (d7b80622cfab..., userDataDir: C:\Users\EMP256\AppData\Loc...}, fedcm:accounts: true, goog:chromeOptions: {debuggerAddress: localhost:58092}, goog:processID: 159932, networkConnectionEnabled: false, pageLoadStrategy: normal, platformName: windows, proxy: Proxy(), se:cdp: ws://localhost:58092/devtoo..., se:cdpVersion: 144.0.7559.59, setWindowRect: true, strictFileInteractability: false, timeouts: {implicit: 0, pageLoad: 300000, script: 30000}, unhandledPromptBehavior: dismiss and notify, webauthn:extension:credBlob: true, webauthn:extension:largeBlob: true, webauthn:extension:minPinLength: true, webauthn:extension:prf: true, webauthn:virtualAuthenticators: true}
Session ID: a7342d11877bd349109176d7eb767e88
at org.openqa.selenium.support.ui.WebDriverWait.timeoutException(WebDriverWait.java:84)
at org.openqa.selenium.support.ui.FluentWait.until(FluentWait.java:230)
at com.uiFramework.Genesis.web.pages.OrderPage.selectAnyConsigneeOrSkip(OrderPage.java:1119)
at com.uiFramework.Genesis.web.pages.OrderPage.orderCreationforDuplicateCustomer(OrderPage.java:1155)
at com.uiFramework.Genesis.regression.web.OrderTest.shouldConfirmMultipleOrdersAndDisplaySuccessToast(OrderTest.java:380)
at java.base/java.util.ArrayList.forEach(ArrayList.java:1511)
... Removed 27 stack frames]]>
    </failure>
  </testcase> <!-- shouldConfirmMultipleOrdersAndDisplaySuccessToast -->
  <testcase classname="com.uiFramework.Genesis.regression.web.OrderTest" name="shouldAllowOrderDeletionAfterConfirmation" time="0.0">
    <skipped/>
  </testcase> <!-- shouldAllowOrderDeletionAfterConfirmation -->
  <testcase classname="com.uiFramework.Genesis.regression.web.OrderTest" name="shouldNotAllowDeletionWhenOrderInPalletStage" time="47.214">
    <failure type="java.lang.AssertionError" message="The following asserts failed:
	Not match expected [Order not in draft or inbound pallet pending stage] but found [Toast message Failed]">
      <![CDATA[java.lang.AssertionError: The following asserts failed:
Not match expected [Order not in draft or inbound pallet pending stage] but found [Toast message Failed]
at com.uiFramework.Genesis.regression.web.OrderTest.shouldNotAllowDeletionWhenOrderInPalletStage(OrderTest.java:405)
at java.base/java.util.ArrayList.forEach(ArrayList.java:1511)
... Removed 29 stack frames]]>
    </failure>
  </testcase> <!-- shouldNotAllowDeletionWhenOrderInPalletStage -->
  <testcase classname="com.uiFramework.Genesis.regression.web.OrderTest" name="shouldFilterOrdersByVariousFieldsSuccessfully" time="126.28">
    <failure type="org.openqa.selenium.TimeoutException" message="Expected condition failed: waiting for visibility of element located by By.xpath: //*[@id=&amp;apos;panel1bh-content&amp;apos;]//table/tbody/tr[1]/td[17] (tried for 10 second(s) with 500 milliseconds interval)
Build info: version: &amp;apos;4.12.0&amp;apos;, revision: &amp;apos;249f2a7d1b*&amp;apos;
System info: os.name: &amp;apos;Windows 10&amp;apos;, os.arch: &amp;apos;amd64&amp;apos;, os.version: &amp;apos;10.0&amp;apos;, java.version: &amp;apos;17.0.10&amp;apos;
Driver info: org.openqa.selenium.chrome.ChromeDriver
Capabilities {acceptInsecureCerts: false, browserName: chrome, browserVersion: 144.0.7559.59, chrome: {chromedriverVersion: 144.0.7559.96 (d7b80622cfab..., userDataDir: C:\Users\EMP256\AppData\Loc...}, fedcm:accounts: true, goog:chromeOptions: {debuggerAddress: localhost:58092}, goog:processID: 159932, networkConnectionEnabled: false, pageLoadStrategy: normal, platformName: windows, proxy: Proxy(), se:cdp: ws://localhost:58092/devtoo..., se:cdpVersion: 144.0.7559.59, setWindowRect: true, strictFileInteractability: false, timeouts: {implicit: 0, pageLoad: 300000, script: 30000}, unhandledPromptBehavior: dismiss and notify, webauthn:extension:credBlob: true, webauthn:extension:largeBlob: true, webauthn:extension:minPinLength: true, webauthn:extension:prf: true, webauthn:virtualAuthenticators: true}
Session ID: a7342d11877bd349109176d7eb767e88">
      <![CDATA[org.openqa.selenium.TimeoutException: Expected condition failed: waiting for visibility of element located by By.xpath: //*[@id='panel1bh-content']//table/tbody/tr[1]/td[17] (tried for 10 second(s) with 500 milliseconds interval)
Build info: version: '4.12.0', revision: '249f2a7d1b*'
System info: os.name: 'Windows 10', os.arch: 'amd64', os.version: '10.0', java.version: '17.0.10'
Driver info: org.openqa.selenium.chrome.ChromeDriver
Capabilities {acceptInsecureCerts: false, browserName: chrome, browserVersion: 144.0.7559.59, chrome: {chromedriverVersion: 144.0.7559.96 (d7b80622cfab..., userDataDir: C:\Users\EMP256\AppData\Loc...}, fedcm:accounts: true, goog:chromeOptions: {debuggerAddress: localhost:58092}, goog:processID: 159932, networkConnectionEnabled: false, pageLoadStrategy: normal, platformName: windows, proxy: Proxy(), se:cdp: ws://localhost:58092/devtoo..., se:cdpVersion: 144.0.7559.59, setWindowRect: true, strictFileInteractability: false, timeouts: {implicit: 0, pageLoad: 300000, script: 30000}, unhandledPromptBehavior: dismiss and notify, webauthn:extension:credBlob: true, webauthn:extension:largeBlob: true, webauthn:extension:minPinLength: true, webauthn:extension:prf: true, webauthn:virtualAuthenticators: true}
Session ID: a7342d11877bd349109176d7eb767e88
at org.openqa.selenium.support.ui.WebDriverWait.timeoutException(WebDriverWait.java:84)
at org.openqa.selenium.support.ui.FluentWait.until(FluentWait.java:230)
at com.uiFramework.Genesis.web.pages.CommonPage.searchAndValidate(CommonPage.java:1084)
at com.uiFramework.Genesis.web.pages.CommonPage.searchAndValidateDateByColumn(CommonPage.java:1108)
at com.uiFramework.Genesis.regression.web.OrderTest.shouldFilterOrdersByVariousFieldsSuccessfully(OrderTest.java:442)
at java.base/java.util.ArrayList.forEach(ArrayList.java:1511)
... Removed 27 stack frames]]>
    </failure>
  </testcase> <!-- shouldFilterOrdersByVariousFieldsSuccessfully -->
  <testcase classname="com.uiFramework.Genesis.regression.web.OrderTest" name="shouldCheckColumnFilter" time="89.276"/>
  <testcase classname="com.uiFramework.Genesis.regression.web.OrderTest" name="shouldCheckPDFDownloadedOnOrderPage" time="10.208">
    <failure type="java.lang.AssertionError" message="The following asserts failed:
	FAIL: File Extension not match With Downloaded file. expected [true] but found [false]">
      <![CDATA[java.lang.AssertionError: The following asserts failed:
FAIL: File Extension not match With Downloaded file. expected [true] but found [false]
at com.uiFramework.Genesis.regression.web.OrderTest.shouldCheckPDFDownloadedOnOrderPage(OrderTest.java:477)
at java.base/java.util.ArrayList.forEach(ArrayList.java:1511)
... Removed 29 stack frames]]>
    </failure>
  </testcase> <!-- shouldCheckPDFDownloadedOnOrderPage -->
  <testcase classname="com.uiFramework.Genesis.regression.web.OrderTest" name="shouldCheckExcelDownloadedOnOrderPage" time="6.185">
    <failure type="java.lang.AssertionError" message="The following asserts failed:
	FAIL: File Extension not match With Downloaded file. expected [true] but found [false]">
      <![CDATA[java.lang.AssertionError: The following asserts failed:
FAIL: File Extension not match With Downloaded file. expected [true] but found [false]
at com.uiFramework.Genesis.regression.web.OrderTest.shouldCheckExcelDownloadedOnOrderPage(OrderTest.java:486)
at java.base/java.util.ArrayList.forEach(ArrayList.java:1511)
... Removed 29 stack frames]]>
    </failure>
  </testcase> <!-- shouldCheckExcelDownloadedOnOrderPage -->
  <testcase classname="com.uiFramework.Genesis.regression.web.InboundPalletTest" name="CreateInboundPalletforMainOrder" time="12.615"/>
  <testcase classname="com.uiFramework.Genesis.regression.web.InboundPalletTest" name="verifyInboundpalletCreateSuccefully" time="7.617"/>
  <testcase classname="com.uiFramework.Genesis.regression.web.InboundPalletTest" name="shouldNotMergeInboundPalletWithDifferentPickup" time="21.391"/>
  <testcase classname="com.uiFramework.Genesis.regression.web.InboundPalletTest" name="shouldPerformMergeWhenButtonClicked" time="17.3"/>
  <testcase classname="com.uiFramework.Genesis.regression.web.InboundPalletTest" name="shouldRemoveOrdersInEditPalletAndPalletAutoDelete" time="21.436"/>
  <testcase classname="com.uiFramework.Genesis.regression.web.InboundPalletTest" name="shouldAutoDeletePalletAndAllowOrderToBeAdded" time="17.634"/>
  <testcase classname="com.uiFramework.Genesis.regression.web.InboundPalletTest" name="shouldCreateMultiplePallet" time="18.231"/>
  <testcase classname="com.uiFramework.Genesis.regression.web.InboundPalletTest" name="shouldShowCreatedOrderInPalletListingPage" time="2.011"/>
  <testcase classname="com.uiFramework.Genesis.regression.web.InboundPalletTest" name="shouldAddPalletInEditModeWithPiecesAndWeightWithNoPopup" time="18.944"/>
  <testcase classname="com.uiFramework.Genesis.regression.web.InboundPalletTest" name="shouldNotAllowAddingSameOrderToAnotherPallet" time="30.024"/>
  <testcase classname="com.uiFramework.Genesis.regression.web.InboundPalletTest" name="shouldVerifyPalletQuantityAndStatusForInboundPallet" time="10.982"/>
  <testcase classname="com.uiFramework.Genesis.regression.web.InboundPalletTest" name="shouldAllowDeletedPalletToBeAvailableAfterPalletDeletion" time="11.517"/>
  <testcase classname="com.uiFramework.Genesis.regression.web.InboundPalletTest" name="shouldCheckColumnFilter" time="53.163"/>
  <testcase classname="com.uiFramework.Genesis.regression.web.InboundPalletTest" name="shouldNotDeletePalletIfQADone" time="9.279"/>
  <testcase classname="com.uiFramework.Genesis.regression.web.InboundPalletTest" name="shouldNotAllowPalletEditingIfQADone" time="5.603"/>
  <testcase classname="com.uiFramework.Genesis.regression.web.InboundPalletTest" name="shouldApplyFiltersCorrectlyOnInboundPallet" time="15.419">
    <failure type="org.openqa.selenium.NoSuchElementException" message="no such element: Unable to locate element: {&amp;quot;method&amp;quot;:&amp;quot;xpath&amp;quot;,&amp;quot;selector&amp;quot;:&amp;quot;//*[@id=&amp;apos;panel1bh-content&amp;apos;]//thead//tr[1]//th[17]//*[@class=&amp;apos;p-column-title&amp;apos;]&amp;quot;}
  (Session info: chrome=144.0.7559.59)
For documentation on this error, please visit: https://www.selenium.dev/documentation/webdriver/troubleshooting/errors#no-such-element-exception
Build info: version: &amp;apos;4.12.0&amp;apos;, revision: &amp;apos;249f2a7d1b*&amp;apos;
System info: os.name: &amp;apos;Windows 10&amp;apos;, os.arch: &amp;apos;amd64&amp;apos;, os.version: &amp;apos;10.0&amp;apos;, java.version: &amp;apos;17.0.10&amp;apos;
Driver info: org.openqa.selenium.chrome.ChromeDriver
Command: [a7342d11877bd349109176d7eb767e88, findElement {using=xpath, value=//*[@id=&amp;apos;panel1bh-content&amp;apos;]//thead//tr[1]//th[17]//*[@class=&amp;apos;p-column-title&amp;apos;]}]
Capabilities {acceptInsecureCerts: false, browserName: chrome, browserVersion: 144.0.7559.59, chrome: {chromedriverVersion: 144.0.7559.96 (d7b80622cfab..., userDataDir: C:\Users\EMP256\AppData\Loc...}, fedcm:accounts: true, goog:chromeOptions: {debuggerAddress: localhost:58092}, goog:processID: 159932, networkConnectionEnabled: false, pageLoadStrategy: normal, platformName: windows, proxy: Proxy(), se:cdp: ws://localhost:58092/devtoo..., se:cdpVersion: 144.0.7559.59, setWindowRect: true, strictFileInteractability: false, timeouts: {implicit: 0, pageLoad: 300000, script: 30000}, unhandledPromptBehavior: dismiss and notify, webauthn:extension:credBlob: true, webauthn:extension:largeBlob: true, webauthn:extension:minPinLength: true, webauthn:extension:prf: true, webauthn:virtualAuthenticators: true}
Session ID: a7342d11877bd349109176d7eb767e88">
      <![CDATA[org.openqa.selenium.NoSuchElementException: no such element: Unable to locate element: {"method":"xpath","selector":"//*[@id='panel1bh-content']//thead//tr[1]//th[17]//*[@class='p-column-title']"}
  (Session info: chrome=144.0.7559.59)
For documentation on this error, please visit: https://www.selenium.dev/documentation/webdriver/troubleshooting/errors#no-such-element-exception
Build info: version: '4.12.0', revision: '249f2a7d1b*'
System info: os.name: 'Windows 10', os.arch: 'amd64', os.version: '10.0', java.version: '17.0.10'
Driver info: org.openqa.selenium.chrome.ChromeDriver
Command: [a7342d11877bd349109176d7eb767e88, findElement {using=xpath, value=//*[@id='panel1bh-content']//thead//tr[1]//th[17]//*[@class='p-column-title']}]
Capabilities {acceptInsecureCerts: false, browserName: chrome, browserVersion: 144.0.7559.59, chrome: {chromedriverVersion: 144.0.7559.96 (d7b80622cfab..., userDataDir: C:\Users\EMP256\AppData\Loc...}, fedcm:accounts: true, goog:chromeOptions: {debuggerAddress: localhost:58092}, goog:processID: 159932, networkConnectionEnabled: false, pageLoadStrategy: normal, platformName: windows, proxy: Proxy(), se:cdp: ws://localhost:58092/devtoo..., se:cdpVersion: 144.0.7559.59, setWindowRect: true, strictFileInteractability: false, timeouts: {implicit: 0, pageLoad: 300000, script: 30000}, unhandledPromptBehavior: dismiss and notify, webauthn:extension:credBlob: true, webauthn:extension:largeBlob: true, webauthn:extension:minPinLength: true, webauthn:extension:prf: true, webauthn:virtualAuthenticators: true}
Session ID: a7342d11877bd349109176d7eb767e88
at org.openqa.selenium.remote.codec.w3c.W3CHttpResponseCodec.createException(W3CHttpResponseCodec.java:200)
at org.openqa.selenium.remote.codec.w3c.W3CHttpResponseCodec.decode(W3CHttpResponseCodec.java:133)
at org.openqa.selenium.remote.codec.w3c.W3CHttpResponseCodec.decode(W3CHttpResponseCodec.java:52)
at org.openqa.selenium.remote.HttpCommandExecutor.execute(HttpCommandExecutor.java:191)
at org.openqa.selenium.remote.service.DriverCommandExecutor.invokeExecute(DriverCommandExecutor.java:196)
at org.openqa.selenium.remote.service.DriverCommandExecutor.execute(DriverCommandExecutor.java:171)
at org.openqa.selenium.remote.RemoteWebDriver.execute(RemoteWebDriver.java:602)
at org.openqa.selenium.remote.ElementLocation$ElementFinder$2.findElement(ElementLocation.java:165)
at org.openqa.selenium.remote.ElementLocation.findElement(ElementLocation.java:59)
at org.openqa.selenium.remote.RemoteWebDriver.findElement(RemoteWebDriver.java:359)
at org.openqa.selenium.remote.RemoteWebDriver.findElement(RemoteWebDriver.java:353)
at com.uiFramework.Genesis.web.pages.CommonPage.validateDataInGrid(CommonPage.java:822)
at com.uiFramework.Genesis.regression.web.InboundPalletTest.shouldApplyFiltersCorrectlyOnInboundPallet(InboundPalletTest.java:239)
at java.base/java.util.ArrayList.forEach(ArrayList.java:1511)
... Removed 31 stack frames]]>
    </failure>
  </testcase> <!-- shouldApplyFiltersCorrectlyOnInboundPallet -->
  <testcase classname="com.uiFramework.Genesis.regression.web.InboundPalletTest" name="shouldApplyColumnFiltersOnCreateInboundPallet" time="51.206"/>
  <testcase classname="com.uiFramework.Genesis.regression.web.InboundTruckTest" name="shouldVerifyPalletAvailableToAddInTruck" time="11.727"/>
  <testcase classname="com.uiFramework.Genesis.regression.web.InboundTruckTest" name="shouldDisplayToastMessageOnCreateTruck" time="25.348"/>
  <testcase classname="com.uiFramework.Genesis.regression.web.InboundTruckTest" name="shouldCheckDefaultCostEstimate" time="7.293"/>
  <testcase classname="com.uiFramework.Genesis.regression.web.InboundTruckTest" name="shouldCheckOrderProcessShowcorrect" time="3.0"/>
  <testcase classname="com.uiFramework.Genesis.regression.web.InboundTruckTest" name="shouldCreateTruckSuccessfullyAndVerifyTotalPiecesAndPalletQty" time="24.157"/>
  <testcase classname="com.uiFramework.Genesis.regression.web.InboundTruckTest" name="shouldVerifyTruckStatusAfterTruckCreation" time="0.054"/>
  <testcase classname="com.uiFramework.Genesis.regression.web.InboundTruckTest" name="shouldMatchCreatedTruckDetails" time="23.069"/>
  <testcase classname="com.uiFramework.Genesis.regression.web.InboundTruckTest" name="shouldUpdateTruckStatusOnMarkAsArrived" time="11.316"/>
  <testcase classname="com.uiFramework.Genesis.regression.web.InboundTruckTest" name="shouldDisplayTruckDetailsInEditMode" time="3.428"/>
  <testcase classname="com.uiFramework.Genesis.regression.web.InboundTruckTest" name="shouldRemovePalletFromTruckAndUpdateWeightAndEmptyStatus" time="13.031"/>
  <testcase classname="com.uiFramework.Genesis.regression.web.InboundTruckTest" name="shouldMakeRemovedPalletAvailableToAddInInboundCreateTruck" time="17.289">
    <failure type="org.openqa.selenium.TimeoutException" message="Expected condition failed: waiting for element to be clickable: By.id: inboundTruckCreateNewTruckBtn (tried for 10 second(s) with 250 milliseconds interval)
Build info: version: &amp;apos;4.12.0&amp;apos;, revision: &amp;apos;249f2a7d1b*&amp;apos;
System info: os.name: &amp;apos;Windows 10&amp;apos;, os.arch: &amp;apos;amd64&amp;apos;, os.version: &amp;apos;10.0&amp;apos;, java.version: &amp;apos;17.0.10&amp;apos;
Driver info: org.openqa.selenium.chrome.ChromeDriver
Capabilities {acceptInsecureCerts: false, browserName: chrome, browserVersion: 144.0.7559.59, chrome: {chromedriverVersion: 144.0.7559.96 (d7b80622cfab..., userDataDir: C:\Users\EMP256\AppData\Loc...}, fedcm:accounts: true, goog:chromeOptions: {debuggerAddress: localhost:58092}, goog:processID: 159932, networkConnectionEnabled: false, pageLoadStrategy: normal, platformName: windows, proxy: Proxy(), se:cdp: ws://localhost:58092/devtoo..., se:cdpVersion: 144.0.7559.59, setWindowRect: true, strictFileInteractability: false, timeouts: {implicit: 0, pageLoad: 300000, script: 30000}, unhandledPromptBehavior: dismiss and notify, webauthn:extension:credBlob: true, webauthn:extension:largeBlob: true, webauthn:extension:minPinLength: true, webauthn:extension:prf: true, webauthn:virtualAuthenticators: true}
Session ID: a7342d11877bd349109176d7eb767e88">
      <![CDATA[org.openqa.selenium.TimeoutException: Expected condition failed: waiting for element to be clickable: By.id: inboundTruckCreateNewTruckBtn (tried for 10 second(s) with 250 milliseconds interval)
Build info: version: '4.12.0', revision: '249f2a7d1b*'
System info: os.name: 'Windows 10', os.arch: 'amd64', os.version: '10.0', java.version: '17.0.10'
Driver info: org.openqa.selenium.chrome.ChromeDriver
Capabilities {acceptInsecureCerts: false, browserName: chrome, browserVersion: 144.0.7559.59, chrome: {chromedriverVersion: 144.0.7559.96 (d7b80622cfab..., userDataDir: C:\Users\EMP256\AppData\Loc...}, fedcm:accounts: true, goog:chromeOptions: {debuggerAddress: localhost:58092}, goog:processID: 159932, networkConnectionEnabled: false, pageLoadStrategy: normal, platformName: windows, proxy: Proxy(), se:cdp: ws://localhost:58092/devtoo..., se:cdpVersion: 144.0.7559.59, setWindowRect: true, strictFileInteractability: false, timeouts: {implicit: 0, pageLoad: 300000, script: 30000}, unhandledPromptBehavior: dismiss and notify, webauthn:extension:credBlob: true, webauthn:extension:largeBlob: true, webauthn:extension:minPinLength: true, webauthn:extension:prf: true, webauthn:virtualAuthenticators: true}
Session ID: a7342d11877bd349109176d7eb767e88
at org.openqa.selenium.support.ui.WebDriverWait.timeoutException(WebDriverWait.java:84)
at org.openqa.selenium.support.ui.FluentWait.until(FluentWait.java:230)
at com.uiFramework.Genesis.helper.WaitHelper.waitForElementClickable(WaitHelper.java:127)
at com.uiFramework.Genesis.helper.WaitHelper.waitToClick(WaitHelper.java:171)
at com.uiFramework.Genesis.web.pages.InbTruckPage.createTruck(InbTruckPage.java:251)
at com.uiFramework.Genesis.regression.web.InboundTruckTest.shouldMakeRemovedPalletAvailableToAddInInboundCreateTruck(InboundTruckTest.java:161)
at java.base/java.util.ArrayList.forEach(ArrayList.java:1511)
... Removed 27 stack frames]]>
    </failure>
  </testcase> <!-- shouldMakeRemovedPalletAvailableToAddInInboundCreateTruck -->
  <testcase classname="com.uiFramework.Genesis.regression.web.InboundTruckTest" name="shouldAddPalletInEditModeWithCalculations" time="13.165"/>
  <testcase classname="com.uiFramework.Genesis.regression.web.InboundTruckTest" name="shouldNotAllowAddingPalletToCreateTruck" time="17.054"/>
  <testcase classname="com.uiFramework.Genesis.regression.web.InboundTruckTest" name="shouldDeleteTruckAndMakePalletAvailableToAddInInboundTruck" time="22.853"/>
  <testcase classname="com.uiFramework.Genesis.regression.web.InboundTruckTest" name="shouldCreateEmptyInboundTruck" time="24.349"/>
  <testcase classname="com.uiFramework.Genesis.regression.web.InboundTruckTest" name="shouldVerifyEmptyTruckQtyAndStatus" time="0.115"/>
  <testcase classname="com.uiFramework.Genesis.regression.web.InboundTruckTest" name="shouldUpdateOrderStatusWhenTruckLoaded" time="45.509">
    <failure type="org.openqa.selenium.TimeoutException" message="Expected condition failed: waiting for element to be clickable: By.xpath: (//*[@data-testid=&amp;apos;CloseIcon&amp;apos;])[2] (tried for 30 second(s) with 250 milliseconds interval)
Build info: version: &amp;apos;4.12.0&amp;apos;, revision: &amp;apos;249f2a7d1b*&amp;apos;
System info: os.name: &amp;apos;Windows 10&amp;apos;, os.arch: &amp;apos;amd64&amp;apos;, os.version: &amp;apos;10.0&amp;apos;, java.version: &amp;apos;17.0.10&amp;apos;
Driver info: org.openqa.selenium.chrome.ChromeDriver
Capabilities {acceptInsecureCerts: false, browserName: chrome, browserVersion: 144.0.7559.59, chrome: {chromedriverVersion: 144.0.7559.96 (d7b80622cfab..., userDataDir: C:\Users\EMP256\AppData\Loc...}, fedcm:accounts: true, goog:chromeOptions: {debuggerAddress: localhost:58092}, goog:processID: 159932, networkConnectionEnabled: false, pageLoadStrategy: normal, platformName: windows, proxy: Proxy(), se:cdp: ws://localhost:58092/devtoo..., se:cdpVersion: 144.0.7559.59, setWindowRect: true, strictFileInteractability: false, timeouts: {implicit: 0, pageLoad: 300000, script: 30000}, unhandledPromptBehavior: dismiss and notify, webauthn:extension:credBlob: true, webauthn:extension:largeBlob: true, webauthn:extension:minPinLength: true, webauthn:extension:prf: true, webauthn:virtualAuthenticators: true}
Session ID: a7342d11877bd349109176d7eb767e88">
      <![CDATA[org.openqa.selenium.TimeoutException: Expected condition failed: waiting for element to be clickable: By.xpath: (//*[@data-testid='CloseIcon'])[2] (tried for 30 second(s) with 250 milliseconds interval)
Build info: version: '4.12.0', revision: '249f2a7d1b*'
System info: os.name: 'Windows 10', os.arch: 'amd64', os.version: '10.0', java.version: '17.0.10'
Driver info: org.openqa.selenium.chrome.ChromeDriver
Capabilities {acceptInsecureCerts: false, browserName: chrome, browserVersion: 144.0.7559.59, chrome: {chromedriverVersion: 144.0.7559.96 (d7b80622cfab..., userDataDir: C:\Users\EMP256\AppData\Loc...}, fedcm:accounts: true, goog:chromeOptions: {debuggerAddress: localhost:58092}, goog:processID: 159932, networkConnectionEnabled: false, pageLoadStrategy: normal, platformName: windows, proxy: Proxy(), se:cdp: ws://localhost:58092/devtoo..., se:cdpVersion: 144.0.7559.59, setWindowRect: true, strictFileInteractability: false, timeouts: {implicit: 0, pageLoad: 300000, script: 30000}, unhandledPromptBehavior: dismiss and notify, webauthn:extension:credBlob: true, webauthn:extension:largeBlob: true, webauthn:extension:minPinLength: true, webauthn:extension:prf: true, webauthn:virtualAuthenticators: true}
Session ID: a7342d11877bd349109176d7eb767e88
at org.openqa.selenium.support.ui.WebDriverWait.timeoutException(WebDriverWait.java:84)
at org.openqa.selenium.support.ui.FluentWait.until(FluentWait.java:230)
at com.uiFramework.Genesis.helper.WaitHelper.waitForElementClickable(WaitHelper.java:127)
at com.uiFramework.Genesis.helper.WaitHelper.waitToClick(WaitHelper.java:171)
at com.uiFramework.Genesis.web.pages.InbTruckPage.getOrderno(InbTruckPage.java:1051)
at com.uiFramework.Genesis.regression.web.InboundTruckTest.shouldUpdateOrderStatusWhenTruckLoaded(InboundTruckTest.java:233)
at java.base/java.util.ArrayList.forEach(ArrayList.java:1511)
... Removed 27 stack frames]]>
    </failure>
  </testcase> <!-- shouldUpdateOrderStatusWhenTruckLoaded -->
  <testcase classname="com.uiFramework.Genesis.regression.web.InboundTruckTest" name="shouldNotDeleteTruckIfQADone" time="7.71"/>
  <testcase classname="com.uiFramework.Genesis.regression.web.InboundTruckTest" name="shouldNotAllowEditPalletIfQADone" time="7.291"/>
  <testcase classname="com.uiFramework.Genesis.regression.web.InboundTruckTest" name="shouldApplyFiltersCorrectlyOnInboundTruck" time="16.61">
    <failure type="org.openqa.selenium.NoSuchElementException" message="no such element: Unable to locate element: {&amp;quot;method&amp;quot;:&amp;quot;xpath&amp;quot;,&amp;quot;selector&amp;quot;:&amp;quot;//*[@id=&amp;apos;panel1bh-content&amp;apos;]//thead//tr[1]//th[10]//*[@class=&amp;apos;p-column-title&amp;apos;]&amp;quot;}
  (Session info: chrome=144.0.7559.59)
For documentation on this error, please visit: https://www.selenium.dev/documentation/webdriver/troubleshooting/errors#no-such-element-exception
Build info: version: &amp;apos;4.12.0&amp;apos;, revision: &amp;apos;249f2a7d1b*&amp;apos;
System info: os.name: &amp;apos;Windows 10&amp;apos;, os.arch: &amp;apos;amd64&amp;apos;, os.version: &amp;apos;10.0&amp;apos;, java.version: &amp;apos;17.0.10&amp;apos;
Driver info: org.openqa.selenium.chrome.ChromeDriver
Command: [a7342d11877bd349109176d7eb767e88, findElement {using=xpath, value=//*[@id=&amp;apos;panel1bh-content&amp;apos;]//thead//tr[1]//th[10]//*[@class=&amp;apos;p-column-title&amp;apos;]}]
Capabilities {acceptInsecureCerts: false, browserName: chrome, browserVersion: 144.0.7559.59, chrome: {chromedriverVersion: 144.0.7559.96 (d7b80622cfab..., userDataDir: C:\Users\EMP256\AppData\Loc...}, fedcm:accounts: true, goog:chromeOptions: {debuggerAddress: localhost:58092}, goog:processID: 159932, networkConnectionEnabled: false, pageLoadStrategy: normal, platformName: windows, proxy: Proxy(), se:cdp: ws://localhost:58092/devtoo..., se:cdpVersion: 144.0.7559.59, setWindowRect: true, strictFileInteractability: false, timeouts: {implicit: 0, pageLoad: 300000, script: 30000}, unhandledPromptBehavior: dismiss and notify, webauthn:extension:credBlob: true, webauthn:extension:largeBlob: true, webauthn:extension:minPinLength: true, webauthn:extension:prf: true, webauthn:virtualAuthenticators: true}
Session ID: a7342d11877bd349109176d7eb767e88">
      <![CDATA[org.openqa.selenium.NoSuchElementException: no such element: Unable to locate element: {"method":"xpath","selector":"//*[@id='panel1bh-content']//thead//tr[1]//th[10]//*[@class='p-column-title']"}
  (Session info: chrome=144.0.7559.59)
For documentation on this error, please visit: https://www.selenium.dev/documentation/webdriver/troubleshooting/errors#no-such-element-exception
Build info: version: '4.12.0', revision: '249f2a7d1b*'
System info: os.name: 'Windows 10', os.arch: 'amd64', os.version: '10.0', java.version: '17.0.10'
Driver info: org.openqa.selenium.chrome.ChromeDriver
Command: [a7342d11877bd349109176d7eb767e88, findElement {using=xpath, value=//*[@id='panel1bh-content']//thead//tr[1]//th[10]//*[@class='p-column-title']}]
Capabilities {acceptInsecureCerts: false, browserName: chrome, browserVersion: 144.0.7559.59, chrome: {chromedriverVersion: 144.0.7559.96 (d7b80622cfab..., userDataDir: C:\Users\EMP256\AppData\Loc...}, fedcm:accounts: true, goog:chromeOptions: {debuggerAddress: localhost:58092}, goog:processID: 159932, networkConnectionEnabled: false, pageLoadStrategy: normal, platformName: windows, proxy: Proxy(), se:cdp: ws://localhost:58092/devtoo..., se:cdpVersion: 144.0.7559.59, setWindowRect: true, strictFileInteractability: false, timeouts: {implicit: 0, pageLoad: 300000, script: 30000}, unhandledPromptBehavior: dismiss and notify, webauthn:extension:credBlob: true, webauthn:extension:largeBlob: true, webauthn:extension:minPinLength: true, webauthn:extension:prf: true, webauthn:virtualAuthenticators: true}
Session ID: a7342d11877bd349109176d7eb767e88
at org.openqa.selenium.remote.codec.w3c.W3CHttpResponseCodec.createException(W3CHttpResponseCodec.java:200)
at org.openqa.selenium.remote.codec.w3c.W3CHttpResponseCodec.decode(W3CHttpResponseCodec.java:133)
at org.openqa.selenium.remote.codec.w3c.W3CHttpResponseCodec.decode(W3CHttpResponseCodec.java:52)
at org.openqa.selenium.remote.HttpCommandExecutor.execute(HttpCommandExecutor.java:191)
at org.openqa.selenium.remote.service.DriverCommandExecutor.invokeExecute(DriverCommandExecutor.java:196)
at org.openqa.selenium.remote.service.DriverCommandExecutor.execute(DriverCommandExecutor.java:171)
at org.openqa.selenium.remote.RemoteWebDriver.execute(RemoteWebDriver.java:602)
at org.openqa.selenium.remote.ElementLocation$ElementFinder$2.findElement(ElementLocation.java:165)
at org.openqa.selenium.remote.ElementLocation.findElement(ElementLocation.java:59)
at org.openqa.selenium.remote.RemoteWebDriver.findElement(RemoteWebDriver.java:359)
at org.openqa.selenium.remote.RemoteWebDriver.findElement(RemoteWebDriver.java:353)
at com.uiFramework.Genesis.web.pages.CommonPage.validateDataInGrid(CommonPage.java:822)
at com.uiFramework.Genesis.regression.web.InboundTruckTest.shouldApplyFiltersCorrectlyOnInboundTruck(InboundTruckTest.java:274)
at java.base/java.util.ArrayList.forEach(ArrayList.java:1511)
... Removed 31 stack frames]]>
    </failure>
  </testcase> <!-- shouldApplyFiltersCorrectlyOnInboundTruck -->
  <testcase classname="com.uiFramework.Genesis.regression.web.InboundTruckTest" name="shouldApplyColumnFilterCorrectlyOnInboundTruck" time="33.604"/>
  <testcase classname="com.uiFramework.Genesis.regression.web.InboundTruckTest" name="shouldApplyColumnFilterCorrectlyOnInboundTruckCreate" time="39.448"/>
  <testcase classname="com.uiFramework.Genesis.regression.web.InboundTruckTest" name="shouldCheckMandateFiledForImportTruck" time="4.151"/>
  <testcase classname="com.uiFramework.Genesis.regression.web.InboundTruckTest" name="shouldCreateBulkInboundTruck" time="5.819"/>
  <testcase classname="com.uiFramework.Genesis.regression.web.InboundQATest" name="verifyPalletAvailable" time="5.835"/>
  <testcase classname="com.uiFramework.Genesis.regression.web.InboundQATest" name="verifyToasmsgOnQAPass" time="5.931"/>
  <testcase classname="com.uiFramework.Genesis.regression.web.InboundQATest" name="verifyTruckDataDisplayedCorrectlyOnView" time="10.402"/>
  <testcase classname="com.uiFramework.Genesis.regression.web.InboundQATest" name="verifyMandatoryPiecesOnSaveBtn" time="3.757"/>
  <testcase classname="com.uiFramework.Genesis.regression.web.InboundQATest" name="checkDefaultZeroPopulate" time="0.154">
    <skipped/>
  </testcase> <!-- checkDefaultZeroPopulate -->
  <testcase classname="com.uiFramework.Genesis.regression.web.InboundQATest" name="validateInboundQAscreen" time="62.089"/>
  <testcase classname="com.uiFramework.Genesis.regression.web.InboundQATest" name="validateTotalPiecesinTruck" time="2.582"/>
  <testcase classname="com.uiFramework.Genesis.regression.web.InboundQATest" name="checkValidationOnScanningPieces" time="9.35">
    <failure type="org.openqa.selenium.ElementNotInteractableException" message="element not interactable
  (Session info: chrome=144.0.7559.59)
Build info: version: &amp;apos;4.12.0&amp;apos;, revision: &amp;apos;249f2a7d1b*&amp;apos;
System info: os.name: &amp;apos;Windows 10&amp;apos;, os.arch: &amp;apos;amd64&amp;apos;, os.version: &amp;apos;10.0&amp;apos;, java.version: &amp;apos;17.0.10&amp;apos;
Driver info: org.openqa.selenium.chrome.ChromeDriver
Command: [a7342d11877bd349109176d7eb767e88, sendKeysToElement {id=f.CD13DB6DD71A780921A15D551BD338B8.d.EDFAB4EDF359047AED7836967DB8CB1E.e.20210, value=[Ljava.lang.CharSequence;@5a7e41d8}]
Capabilities {acceptInsecureCerts: false, browserName: chrome, browserVersion: 144.0.7559.59, chrome: {chromedriverVersion: 144.0.7559.96 (d7b80622cfab..., userDataDir: C:\Users\EMP256\AppData\Loc...}, fedcm:accounts: true, goog:chromeOptions: {debuggerAddress: localhost:58092}, goog:processID: 159932, networkConnectionEnabled: false, pageLoadStrategy: normal, platformName: windows, proxy: Proxy(), se:cdp: ws://localhost:58092/devtoo..., se:cdpVersion: 144.0.7559.59, setWindowRect: true, strictFileInteractability: false, timeouts: {implicit: 0, pageLoad: 300000, script: 30000}, unhandledPromptBehavior: dismiss and notify, webauthn:extension:credBlob: true, webauthn:extension:largeBlob: true, webauthn:extension:minPinLength: true, webauthn:extension:prf: true, webauthn:virtualAuthenticators: true}
Element: [[ChromeDriver: chrome on windows (a7342d11877bd349109176d7eb767e88)] -&amp;gt; xpath: //input[@id=&amp;apos;txtBarcodeScan&amp;apos;]]
Session ID: a7342d11877bd349109176d7eb767e88">
      <![CDATA[org.openqa.selenium.ElementNotInteractableException: element not interactable
  (Session info: chrome=144.0.7559.59)
Build info: version: '4.12.0', revision: '249f2a7d1b*'
System info: os.name: 'Windows 10', os.arch: 'amd64', os.version: '10.0', java.version: '17.0.10'
Driver info: org.openqa.selenium.chrome.ChromeDriver
Command: [a7342d11877bd349109176d7eb767e88, sendKeysToElement {id=f.CD13DB6DD71A780921A15D551BD338B8.d.EDFAB4EDF359047AED7836967DB8CB1E.e.20210, value=[Ljava.lang.CharSequence;@5a7e41d8}]
Capabilities {acceptInsecureCerts: false, browserName: chrome, browserVersion: 144.0.7559.59, chrome: {chromedriverVersion: 144.0.7559.96 (d7b80622cfab..., userDataDir: C:\Users\EMP256\AppData\Loc...}, fedcm:accounts: true, goog:chromeOptions: {debuggerAddress: localhost:58092}, goog:processID: 159932, networkConnectionEnabled: false, pageLoadStrategy: normal, platformName: windows, proxy: Proxy(), se:cdp: ws://localhost:58092/devtoo..., se:cdpVersion: 144.0.7559.59, setWindowRect: true, strictFileInteractability: false, timeouts: {implicit: 0, pageLoad: 300000, script: 30000}, unhandledPromptBehavior: dismiss and notify, webauthn:extension:credBlob: true, webauthn:extension:largeBlob: true, webauthn:extension:minPinLength: true, webauthn:extension:prf: true, webauthn:virtualAuthenticators: true}
Element: [[ChromeDriver: chrome on windows (a7342d11877bd349109176d7eb767e88)] -> xpath: //input[@id='txtBarcodeScan']]
Session ID: a7342d11877bd349109176d7eb767e88
at org.openqa.selenium.remote.codec.w3c.W3CHttpResponseCodec.createException(W3CHttpResponseCodec.java:200)
at org.openqa.selenium.remote.codec.w3c.W3CHttpResponseCodec.decode(W3CHttpResponseCodec.java:133)
at org.openqa.selenium.remote.codec.w3c.W3CHttpResponseCodec.decode(W3CHttpResponseCodec.java:52)
at org.openqa.selenium.remote.HttpCommandExecutor.execute(HttpCommandExecutor.java:191)
at org.openqa.selenium.remote.service.DriverCommandExecutor.invokeExecute(DriverCommandExecutor.java:196)
at org.openqa.selenium.remote.service.DriverCommandExecutor.execute(DriverCommandExecutor.java:171)
at org.openqa.selenium.remote.RemoteWebDriver.execute(RemoteWebDriver.java:602)
at org.openqa.selenium.remote.RemoteWebElement.execute(RemoteWebElement.java:224)
at org.openqa.selenium.remote.RemoteWebElement.sendKeys(RemoteWebElement.java:111)
at com.uiFramework.Genesis.web.pages.InboundQAPage.checkValidationQAScanning(InboundQAPage.java:422)
at com.uiFramework.Genesis.regression.web.InboundQATest.checkValidationOnScanningPieces(InboundQATest.java:131)
at java.base/java.util.ArrayList.forEach(ArrayList.java:1511)
... Removed 32 stack frames]]>
    </failure>
  </testcase> <!-- checkValidationOnScanningPieces -->
  <testcase classname="com.uiFramework.Genesis.regression.web.InboundQATest" name="ValidateFilterOnQAListing" time="57.069"/>
  <testcase classname="com.uiFramework.Genesis.regression.web.InboundQATest" name="shouldCheckColumnFilter" time="5.45">
    <failure type="org.openqa.selenium.ElementNotInteractableException" message="element not interactable
  (Session info: chrome=144.0.7559.59)
Build info: version: &amp;apos;4.12.0&amp;apos;, revision: &amp;apos;249f2a7d1b*&amp;apos;
System info: os.name: &amp;apos;Windows 10&amp;apos;, os.arch: &amp;apos;amd64&amp;apos;, os.version: &amp;apos;10.0&amp;apos;, java.version: &amp;apos;17.0.10&amp;apos;
Driver info: org.openqa.selenium.chrome.ChromeDriver
Command: [a7342d11877bd349109176d7eb767e88, sendKeysToElement {id=f.CD13DB6DD71A780921A15D551BD338B8.d.EDFAB4EDF359047AED7836967DB8CB1E.e.20353, value=[Ljava.lang.CharSequence;@69acbb06}]
Capabilities {acceptInsecureCerts: false, browserName: chrome, browserVersion: 144.0.7559.59, chrome: {chromedriverVersion: 144.0.7559.96 (d7b80622cfab..., userDataDir: C:\Users\EMP256\AppData\Loc...}, fedcm:accounts: true, goog:chromeOptions: {debuggerAddress: localhost:58092}, goog:processID: 159932, networkConnectionEnabled: false, pageLoadStrategy: normal, platformName: windows, proxy: Proxy(), se:cdp: ws://localhost:58092/devtoo..., se:cdpVersion: 144.0.7559.59, setWindowRect: true, strictFileInteractability: false, timeouts: {implicit: 0, pageLoad: 300000, script: 30000}, unhandledPromptBehavior: dismiss and notify, webauthn:extension:credBlob: true, webauthn:extension:largeBlob: true, webauthn:extension:minPinLength: true, webauthn:extension:prf: true, webauthn:virtualAuthenticators: true}
Element: [[ChromeDriver: chrome on windows (a7342d11877bd349109176d7eb767e88)] -&amp;gt; xpath: //*[@id=&amp;apos;panel1bh-content&amp;apos;]//thead//tr[2]//th[2]//input]
Session ID: a7342d11877bd349109176d7eb767e88">
      <![CDATA[org.openqa.selenium.ElementNotInteractableException: element not interactable
  (Session info: chrome=144.0.7559.59)
Build info: version: '4.12.0', revision: '249f2a7d1b*'
System info: os.name: 'Windows 10', os.arch: 'amd64', os.version: '10.0', java.version: '17.0.10'
Driver info: org.openqa.selenium.chrome.ChromeDriver
Command: [a7342d11877bd349109176d7eb767e88, sendKeysToElement {id=f.CD13DB6DD71A780921A15D551BD338B8.d.EDFAB4EDF359047AED7836967DB8CB1E.e.20353, value=[Ljava.lang.CharSequence;@69acbb06}]
Capabilities {acceptInsecureCerts: false, browserName: chrome, browserVersion: 144.0.7559.59, chrome: {chromedriverVersion: 144.0.7559.96 (d7b80622cfab..., userDataDir: C:\Users\EMP256\AppData\Loc...}, fedcm:accounts: true, goog:chromeOptions: {debuggerAddress: localhost:58092}, goog:processID: 159932, networkConnectionEnabled: false, pageLoadStrategy: normal, platformName: windows, proxy: Proxy(), se:cdp: ws://localhost:58092/devtoo..., se:cdpVersion: 144.0.7559.59, setWindowRect: true, strictFileInteractability: false, timeouts: {implicit: 0, pageLoad: 300000, script: 30000}, unhandledPromptBehavior: dismiss and notify, webauthn:extension:credBlob: true, webauthn:extension:largeBlob: true, webauthn:extension:minPinLength: true, webauthn:extension:prf: true, webauthn:virtualAuthenticators: true}
Element: [[ChromeDriver: chrome on windows (a7342d11877bd349109176d7eb767e88)] -> xpath: //*[@id='panel1bh-content']//thead//tr[2]//th[2]//input]
Session ID: a7342d11877bd349109176d7eb767e88
at org.openqa.selenium.remote.codec.w3c.W3CHttpResponseCodec.createException(W3CHttpResponseCodec.java:200)
at org.openqa.selenium.remote.codec.w3c.W3CHttpResponseCodec.decode(W3CHttpResponseCodec.java:133)
at org.openqa.selenium.remote.codec.w3c.W3CHttpResponseCodec.decode(W3CHttpResponseCodec.java:52)
at org.openqa.selenium.remote.HttpCommandExecutor.execute(HttpCommandExecutor.java:191)
at org.openqa.selenium.remote.service.DriverCommandExecutor.invokeExecute(DriverCommandExecutor.java:196)
at org.openqa.selenium.remote.service.DriverCommandExecutor.execute(DriverCommandExecutor.java:171)
at org.openqa.selenium.remote.RemoteWebDriver.execute(RemoteWebDriver.java:602)
at org.openqa.selenium.remote.RemoteWebElement.execute(RemoteWebElement.java:224)
at org.openqa.selenium.remote.RemoteWebElement.sendKeys(RemoteWebElement.java:111)
at com.uiFramework.Genesis.web.pages.CommonPage.verifyColumnFilterForFixGrid(CommonPage.java:2637)
at com.uiFramework.Genesis.regression.web.InboundQATest.shouldCheckColumnFilter(InboundQATest.java:176)
at java.base/java.util.ArrayList.forEach(ArrayList.java:1511)
... Removed 32 stack frames]]>
    </failure>
  </testcase> <!-- shouldCheckColumnFilter -->
  <testcase classname="com.uiFramework.Genesis.regression.web.InboundQATest" name="checkQAStatusFailedforInbound" time="0.002"/>
  <testcase classname="com.uiFramework.Genesis.regression.web.InboundQATest" name="checkQAStatusforInbound" time="11.361">
    <failure type="java.lang.AssertionError" message="The following asserts failed:
	QA Pass status not with order. expected [QA Passed] but found [QA Pending]">
      <![CDATA[java.lang.AssertionError: The following asserts failed:
QA Pass status not with order. expected [QA Passed] but found [QA Pending]
at com.uiFramework.Genesis.regression.web.InboundQATest.checkQAStatusforInbound(InboundQATest.java:208)
at java.base/java.util.ArrayList.forEach(ArrayList.java:1511)
... Removed 29 stack frames]]>
    </failure>
  </testcase> <!-- checkQAStatusforInbound -->
  <testcase classname="com.uiFramework.Genesis.regression.web.OutboundPalletTest" name="shouldCreateOutboundPalletForMainOrder" time="13.872"/>
  <testcase classname="com.uiFramework.Genesis.regression.web.OutboundPalletTest" name="shouldCreateOutboundPalletSuccessfully" time="9.458"/>
  <testcase classname="com.uiFramework.Genesis.regression.web.OutboundPalletTest" name="shouldDisplaySelectedWarehouseOrderInGrid" time="9.483"/>
  <testcase classname="com.uiFramework.Genesis.regression.web.OutboundPalletTest" name="shouldPerformMergeFunctionOnOutboundPallet" time="12.297"/>
  <testcase classname="com.uiFramework.Genesis.regression.web.OutboundPalletTest" name="shouldCreateSinglePalletOnMergeClick" time="1.309"/>
  <testcase classname="com.uiFramework.Genesis.regression.web.OutboundPalletTest" name="shouldIncludeMultipleLDAsInSinglePallet" time="0.073"/>
  <testcase classname="com.uiFramework.Genesis.regression.web.OutboundPalletTest" name="shouldUpdatePalletStatusAfterPalletCreation" time="3.099"/>
  <testcase classname="com.uiFramework.Genesis.regression.web.OutboundPalletTest" name="shouldAllowEditPalletWithAutoDeletedPallet" time="19.292"/>
  <testcase classname="com.uiFramework.Genesis.regression.web.OutboundPalletTest" name="verifyAutoDeletedPalletNotVisibleAndOrderIsAvailableToAdd" time="18.143"/>
  <testcase classname="com.uiFramework.Genesis.regression.web.OutboundPalletTest" name="shouldCreatePalletAndMaintainCheckboxSelectionAcrossPagination" time="25.276"/>
  <testcase classname="com.uiFramework.Genesis.regression.web.OutboundPalletTest" name="verifyCreatedOrderIsAvailableInPallet" time="7.165"/>
  <testcase classname="com.uiFramework.Genesis.regression.web.OutboundPalletTest" name="shouldDisplayPalletStatusInListingAfterObtPalletCreation" time="0.055"/>
  <testcase classname="com.uiFramework.Genesis.regression.web.OutboundPalletTest" name="shouldAddPalletInEditModeWithPiecesAndWeightWithNoPopup" time="15.243"/>
  <testcase classname="com.uiFramework.Genesis.regression.web.OutboundPalletTest" name="shouldNotAllowAddedOrdersForPalletCreation" time="15.695"/>
  <testcase classname="com.uiFramework.Genesis.regression.web.OutboundPalletTest" name="shouldVerifyPalletQuantityOnOutboundPallet" time="18.029">
    <failure type="java.lang.AssertionError" message="The following asserts failed:
	Pallet quantity not same on create and listing page expected [9] but found []">
      <![CDATA[java.lang.AssertionError: The following asserts failed:
Pallet quantity not same on create and listing page expected [9] but found []
at com.uiFramework.Genesis.regression.web.OutboundPalletTest.shouldVerifyPalletQuantityOnOutboundPallet(OutboundPalletTest.java:220)
at java.base/java.util.ArrayList.forEach(ArrayList.java:1511)
... Removed 29 stack frames]]>
    </failure>
  </testcase> <!-- shouldVerifyPalletQuantityOnOutboundPallet -->
  <testcase classname="com.uiFramework.Genesis.regression.web.OutboundPalletTest" name="shouldDeletePalletAndMakeOrdersAvailableAfterDeletion" time="13.916"/>
  <testcase classname="com.uiFramework.Genesis.regression.web.OutboundPalletTest" name="shouldNotAllowPalletDeletionAfterArrival" time="9.795"/>
  <testcase classname="com.uiFramework.Genesis.regression.web.OutboundPalletTest" name="shouldCheckPaginationOnCreateOutboundPalletScreen" time="40.706"/>
  <testcase classname="com.uiFramework.Genesis.regression.web.OutboundTruckTest" name="shouldPalletAvailableToCreateOutboundTruck" time="15.658"/>
  <testcase classname="com.uiFramework.Genesis.regression.web.OutboundTruckTest" name="shouldDisplayToastMessageOnCreateObtTruck" time="18.894"/>
  <testcase classname="com.uiFramework.Genesis.regression.web.OutboundTruckTest" name="shouldDisplayDefaultCostEstimateAndOrderProcess" time="34.174"/>
  <testcase classname="com.uiFramework.Genesis.regression.web.OutboundTruckTest" name="shouldAllowEditingDropLocationDetailsInNonUPSCase" time="12.29"/>
  <testcase classname="com.uiFramework.Genesis.regression.web.OutboundTruckTest" name="shouldValidateMultiDropForNonUPSCase" time="24.198"/>
  <testcase classname="com.uiFramework.Genesis.regression.web.OutboundTruckTest" name="shouldClearFieldsWhenClearButtonClickedOnObtCreateTruck" time="3.779"/>
  <testcase classname="com.uiFramework.Genesis.regression.web.OutboundTruckTest" name="shouldVerifyAddedPalletWTandPiecesLoadedIntoTruck" time="30.941">
    <failure type="java.lang.AssertionError" message="Mismatch in Total pieces and final pieces! expected [7] but found [8]">
      <![CDATA[java.lang.AssertionError: Mismatch in Total pieces and final pieces! expected [7] but found [8]
at com.uiFramework.Genesis.web.pages.OutboundTruckPage.palletAddCalculation(OutboundTruckPage.java:453)
at com.uiFramework.Genesis.web.pages.OutboundTruckPage.creatTruckwithCheckTotalPiecesandpallet(OutboundTruckPage.java:302)
at com.uiFramework.Genesis.regression.web.OutboundTruckTest.shouldVerifyAddedPalletWTandPiecesLoadedIntoTruck(OutboundTruckTest.java:128)
at java.base/java.util.ArrayList.forEach(ArrayList.java:1511)
... Removed 33 stack frames]]>
    </failure>
  </testcase> <!-- shouldVerifyAddedPalletWTandPiecesLoadedIntoTruck -->
  <testcase classname="com.uiFramework.Genesis.regression.web.OutboundTruckTest" name="shouldRouteOrderEditable" time="16.694"/>
  <testcase classname="com.uiFramework.Genesis.regression.web.OutboundTruckTest" name="shouldCreateSuccessfullyAndIncreseCountByOne" time="6.513"/>
  <testcase classname="com.uiFramework.Genesis.regression.web.OutboundTruckTest" name="shouldUpdateTruckStatusAfterTruckCreation" time="0.073"/>
  <testcase classname="com.uiFramework.Genesis.regression.web.OutboundTruckTest" name="shouldVerifyCreatedTruckDetailsAndPalletQtyMatch" time="22.994">
    <failure type="java.lang.AssertionError" message="FAIL: Truck data mismatch with Listing page. Missing: Rocky expected [true] but found [false]">
      <![CDATA[java.lang.AssertionError: FAIL: Truck data mismatch with Listing page. Missing: Rocky expected [true] but found [false]
at com.uiFramework.Genesis.web.pages.OutboundTruckPage.verifyTruckDetailsandPalletOrder(OutboundTruckPage.java:510)
at com.uiFramework.Genesis.regression.web.OutboundTruckTest.shouldVerifyCreatedTruckDetailsAndPalletQtyMatch(OutboundTruckTest.java:161)
at java.base/java.util.ArrayList.forEach(ArrayList.java:1511)
... Removed 30 stack frames]]>
    </failure>
  </testcase> <!-- shouldVerifyCreatedTruckDetailsAndPalletQtyMatch -->
  <testcase classname="com.uiFramework.Genesis.regression.web.OutboundTruckTest" name="shouldDisplayLDACodesCorrectlyOnListing" time="0.0">
    <skipped/>
  </testcase> <!-- shouldDisplayLDACodesCorrectlyOnListing -->
  <testcase classname="com.uiFramework.Genesis.regression.web.OutboundTruckTest" name="shouldDisplayTruckDetailsInEditOutboundTruckMode" time="4.453"/>
  <testcase classname="com.uiFramework.Genesis.regression.web.OutboundTruckTest" name="shouldAllowEditingLTL3rdPartyAndCostEstimate" time="0.074"/>
  <testcase classname="com.uiFramework.Genesis.regression.web.OutboundTruckTest" name="shouldNotAllowMultiDropLocationForNonUPS" time="2.025"/>
  <testcase classname="com.uiFramework.Genesis.regression.web.OutboundTruckTest" name="shouldRemovePalletFromTruckAndUpdateWeightAndEmptyTruckStatus" time="23.419"/>
  <testcase classname="com.uiFramework.Genesis.regression.web.OutboundTruckTest" name="shouldVerifyOrderProcessDuringOutboundTruckEdit" time="23.788"/>
  <testcase classname="com.uiFramework.Genesis.regression.web.OutboundTruckTest" name="shouldRemovedPalletAvailableToAddInOuboundCreateTruck" time="27.955"/>
  <testcase classname="com.uiFramework.Genesis.regression.web.OutboundTruckTest" name="shouldAddPalletInEditModeWithCalculationsAndShouldUpdateStatus" time="6.914">
    <failure type="java.lang.NumberFormatException" message="For input string: &amp;quot;&amp;quot;">
      <![CDATA[java.lang.NumberFormatException: For input string: ""
at java.base/java.lang.NumberFormatException.forInputString(NumberFormatException.java:67)
at java.base/java.lang.Integer.parseInt(Integer.java:678)
at java.base/java.lang.Integer.parseInt(Integer.java:786)
at com.uiFramework.Genesis.web.pages.OutboundTruckPage.AddedPalletCalculationforPiecesWeightQTY(OutboundTruckPage.java:839)
at com.uiFramework.Genesis.web.pages.OutboundTruckPage.checkAddpalletFunctioninObtTruck(OutboundTruckPage.java:787)
at com.uiFramework.Genesis.regression.web.OutboundTruckTest.shouldAddPalletInEditModeWithCalculationsAndShouldUpdateStatus(OutboundTruckTest.java:236)
at java.base/java.util.ArrayList.forEach(ArrayList.java:1511)
... Removed 27 stack frames]]>
    </failure>
  </testcase> <!-- shouldAddPalletInEditModeWithCalculationsAndShouldUpdateStatus -->
  <testcase classname="com.uiFramework.Genesis.regression.web.OutboundTruckTest" name="shouldNotAllowAddedPalletToCreateOutboundTruck" time="0.001">
    <skipped/>
  </testcase> <!-- shouldNotAllowAddedPalletToCreateOutboundTruck -->
  <testcase classname="com.uiFramework.Genesis.regression.web.OutboundTruckTest" name="shouldVerifyCostEstimateOnEditingOutboundTruck" time="18.441"/>
  <testcase classname="com.uiFramework.Genesis.regression.web.OutboundTruckTest" name="shouldUpdateRoutesInEditOutboundTruck" time="8.218">
    <failure type="org.openqa.selenium.TimeoutException" message="Expected condition failed: waiting for element to be clickable: By.xpath: //button[@title=&amp;apos;Click to update route order&amp;apos;] (tried for 3 second(s) with 250 milliseconds interval)
Build info: version: &amp;apos;4.12.0&amp;apos;, revision: &amp;apos;249f2a7d1b*&amp;apos;
System info: os.name: &amp;apos;Windows 10&amp;apos;, os.arch: &amp;apos;amd64&amp;apos;, os.version: &amp;apos;10.0&amp;apos;, java.version: &amp;apos;17.0.10&amp;apos;
Driver info: org.openqa.selenium.chrome.ChromeDriver
Capabilities {acceptInsecureCerts: false, browserName: chrome, browserVersion: 144.0.7559.59, chrome: {chromedriverVersion: 144.0.7559.96 (d7b80622cfab..., userDataDir: C:\Users\EMP256\AppData\Loc...}, fedcm:accounts: true, goog:chromeOptions: {debuggerAddress: localhost:58092}, goog:processID: 159932, networkConnectionEnabled: false, pageLoadStrategy: normal, platformName: windows, proxy: Proxy(), se:cdp: ws://localhost:58092/devtoo..., se:cdpVersion: 144.0.7559.59, setWindowRect: true, strictFileInteractability: false, timeouts: {implicit: 0, pageLoad: 300000, script: 30000}, unhandledPromptBehavior: dismiss and notify, webauthn:extension:credBlob: true, webauthn:extension:largeBlob: true, webauthn:extension:minPinLength: true, webauthn:extension:prf: true, webauthn:virtualAuthenticators: true}
Session ID: a7342d11877bd349109176d7eb767e88">
      <![CDATA[org.openqa.selenium.TimeoutException: Expected condition failed: waiting for element to be clickable: By.xpath: //button[@title='Click to update route order'] (tried for 3 second(s) with 250 milliseconds interval)
Build info: version: '4.12.0', revision: '249f2a7d1b*'
System info: os.name: 'Windows 10', os.arch: 'amd64', os.version: '10.0', java.version: '17.0.10'
Driver info: org.openqa.selenium.chrome.ChromeDriver
Capabilities {acceptInsecureCerts: false, browserName: chrome, browserVersion: 144.0.7559.59, chrome: {chromedriverVersion: 144.0.7559.96 (d7b80622cfab..., userDataDir: C:\Users\EMP256\AppData\Loc...}, fedcm:accounts: true, goog:chromeOptions: {debuggerAddress: localhost:58092}, goog:processID: 159932, networkConnectionEnabled: false, pageLoadStrategy: normal, platformName: windows, proxy: Proxy(), se:cdp: ws://localhost:58092/devtoo..., se:cdpVersion: 144.0.7559.59, setWindowRect: true, strictFileInteractability: false, timeouts: {implicit: 0, pageLoad: 300000, script: 30000}, unhandledPromptBehavior: dismiss and notify, webauthn:extension:credBlob: true, webauthn:extension:largeBlob: true, webauthn:extension:minPinLength: true, webauthn:extension:prf: true, webauthn:virtualAuthenticators: true}
Session ID: a7342d11877bd349109176d7eb767e88
at org.openqa.selenium.support.ui.WebDriverWait.timeoutException(WebDriverWait.java:84)
at org.openqa.selenium.support.ui.FluentWait.until(FluentWait.java:230)
at com.uiFramework.Genesis.helper.WaitHelper.waitForElementClickable(WaitHelper.java:127)
at com.uiFramework.Genesis.helper.WaitHelper.waitToClick(WaitHelper.java:171)
at com.uiFramework.Genesis.web.pages.OutboundTruckPage.clickonUpdateBtn(OutboundTruckPage.java:885)
at com.uiFramework.Genesis.regression.web.OutboundTruckTest.shouldUpdateRoutesInEditOutboundTruck(OutboundTruckTest.java:267)
at java.base/java.util.ArrayList.forEach(ArrayList.java:1511)
... Removed 27 stack frames]]>
    </failure>
  </testcase> <!-- shouldUpdateRoutesInEditOutboundTruck -->
  <testcase classname="com.uiFramework.Genesis.regression.web.OutboundTruckTest" name="shouldDeleteTruckAndMakeOrdersAvailableToAdd" time="25.185">
    <failure type="java.lang.AssertionError" message="The following asserts failed:
	&amp;apos;No record found&amp;apos; is displayed on create truck. Test Failed expected [false] but found [true]">
      <![CDATA[java.lang.AssertionError: The following asserts failed:
'No record found' is displayed on create truck. Test Failed expected [false] but found [true]
at com.uiFramework.Genesis.regression.web.OutboundTruckTest.shouldDeleteTruckAndMakeOrdersAvailableToAdd(OutboundTruckTest.java:288)
at java.base/java.util.ArrayList.forEach(ArrayList.java:1511)
... Removed 29 stack frames]]>
    </failure>
  </testcase> <!-- shouldDeleteTruckAndMakeOrdersAvailableToAdd -->
  <testcase classname="com.uiFramework.Genesis.regression.web.OutboundTruckTest" name="shouldCreateEmptyOutboundTruck" time="24.746"/>
  <testcase classname="com.uiFramework.Genesis.regression.web.OutboundTruckTest" name="shouldVerifyTruckQuantityAndStatusForEmptyTruck" time="1.118"/>
  <testcase classname="com.uiFramework.Genesis.regression.web.OutboundTruckTest" name="shouldNotAllowTruckDeletionIfTruckHasArrived" time="6.435"/>
  <testcase classname="com.uiFramework.Genesis.regression.web.OutboundTruckTest" name="shouldNotAllowPalletEditingOnceArrived" time="7.688"/>
  <testcase classname="com.uiFramework.Genesis.regression.web.OutboundTruckTest" name="shouldApplyFiltersCorrectlyOnOutboundTruck" time="17.413">
    <failure type="java.lang.AssertionError" message="Row 3 mismatch. Actual: &amp;apos;567&amp;apos; | Expected partial match from: [170 - 24 HOUR EXPRESS, 6233 - 24/7 EXPRESS LOGISTICS- KC, 282 - CALIFORNIA SIERRA] expected [true] but found [false]">
      <![CDATA[java.lang.AssertionError: Row 3 mismatch. Actual: '567' | Expected partial match from: [170 - 24 HOUR EXPRESS, 6233 - 24/7 EXPRESS LOGISTICS- KC, 282 - CALIFORNIA SIERRA] expected [true] but found [false]
at com.uiFramework.Genesis.web.pages.CommonPage.validateDataInGrid(CommonPage.java:845)
at com.uiFramework.Genesis.regression.web.OutboundTruckTest.shouldApplyFiltersCorrectlyOnOutboundTruck(OutboundTruckTest.java:354)
at java.base/java.util.ArrayList.forEach(ArrayList.java:1511)
... Removed 30 stack frames]]>
    </failure>
  </testcase> <!-- shouldApplyFiltersCorrectlyOnOutboundTruck -->
  <testcase classname="com.uiFramework.Genesis.regression.web.OutboundTruckTest" name="shouldApplyColumnFilterForOutboundTruck" time="29.422"/>
  <testcase classname="com.uiFramework.Genesis.regression.web.OutboundTruckTest" name="shouldApplyColumnFilterOnOutboundTruckCreatePage" time="35.135"/>
  <testcase classname="com.uiFramework.Genesis.regression.web.UpdateTrackingTest" name="shouldShowErrorMessageIfReqFieldNotSelected" time="14.77"/>
  <testcase classname="com.uiFramework.Genesis.regression.web.UpdateTrackingTest" name="shouldShowErrorMessageIfReqSelectedButTrackingNoNotEntered" time="3.784"/>
  <testcase classname="com.uiFramework.Genesis.regression.web.UpdateTrackingTest" name="shouldRecErrMsgIfReqTrkNoSelButETAIsNotEnter" time="5.166"/>
  <testcase classname="com.uiFramework.Genesis.regression.web.UpdateTrackingTest" name="shouldAbleToUpdateTrackinIdOfReq" time="4.94"/>
  <testcase classname="com.uiFramework.Genesis.regression.web.UpdateTrackingTest" name="shouldAllowUserToUpdateMultipleRequestsAtOnce" time="7.752">
    <failure type="org.openqa.selenium.NoSuchElementException" message="no such element: Unable to locate element: {&amp;quot;method&amp;quot;:&amp;quot;xpath&amp;quot;,&amp;quot;selector&amp;quot;:&amp;quot;//table/tbody/tr[1]/td[5]/div/div/div/input&amp;quot;}
  (Session info: chrome=144.0.7559.59)
For documentation on this error, please visit: https://www.selenium.dev/documentation/webdriver/troubleshooting/errors#no-such-element-exception
Build info: version: &amp;apos;4.12.0&amp;apos;, revision: &amp;apos;249f2a7d1b*&amp;apos;
System info: os.name: &amp;apos;Windows 10&amp;apos;, os.arch: &amp;apos;amd64&amp;apos;, os.version: &amp;apos;10.0&amp;apos;, java.version: &amp;apos;17.0.10&amp;apos;
Driver info: org.openqa.selenium.chrome.ChromeDriver
Command: [a7342d11877bd349109176d7eb767e88, findElement {using=xpath, value=//table/tbody/tr[1]/td[5]/div/div/div/input}]
Capabilities {acceptInsecureCerts: false, browserName: chrome, browserVersion: 144.0.7559.59, chrome: {chromedriverVersion: 144.0.7559.96 (d7b80622cfab..., userDataDir: C:\Users\EMP256\AppData\Loc...}, fedcm:accounts: true, goog:chromeOptions: {debuggerAddress: localhost:58092}, goog:processID: 159932, networkConnectionEnabled: false, pageLoadStrategy: normal, platformName: windows, proxy: Proxy(), se:cdp: ws://localhost:58092/devtoo..., se:cdpVersion: 144.0.7559.59, setWindowRect: true, strictFileInteractability: false, timeouts: {implicit: 0, pageLoad: 300000, script: 30000}, unhandledPromptBehavior: dismiss and notify, webauthn:extension:credBlob: true, webauthn:extension:largeBlob: true, webauthn:extension:minPinLength: true, webauthn:extension:prf: true, webauthn:virtualAuthenticators: true}
Session ID: a7342d11877bd349109176d7eb767e88">
      <![CDATA[org.openqa.selenium.NoSuchElementException: no such element: Unable to locate element: {"method":"xpath","selector":"//table/tbody/tr[1]/td[5]/div/div/div/input"}
  (Session info: chrome=144.0.7559.59)
For documentation on this error, please visit: https://www.selenium.dev/documentation/webdriver/troubleshooting/errors#no-such-element-exception
Build info: version: '4.12.0', revision: '249f2a7d1b*'
System info: os.name: 'Windows 10', os.arch: 'amd64', os.version: '10.0', java.version: '17.0.10'
Driver info: org.openqa.selenium.chrome.ChromeDriver
Command: [a7342d11877bd349109176d7eb767e88, findElement {using=xpath, value=//table/tbody/tr[1]/td[5]/div/div/div/input}]
Capabilities {acceptInsecureCerts: false, browserName: chrome, browserVersion: 144.0.7559.59, chrome: {chromedriverVersion: 144.0.7559.96 (d7b80622cfab..., userDataDir: C:\Users\EMP256\AppData\Loc...}, fedcm:accounts: true, goog:chromeOptions: {debuggerAddress: localhost:58092}, goog:processID: 159932, networkConnectionEnabled: false, pageLoadStrategy: normal, platformName: windows, proxy: Proxy(), se:cdp: ws://localhost:58092/devtoo..., se:cdpVersion: 144.0.7559.59, setWindowRect: true, strictFileInteractability: false, timeouts: {implicit: 0, pageLoad: 300000, script: 30000}, unhandledPromptBehavior: dismiss and notify, webauthn:extension:credBlob: true, webauthn:extension:largeBlob: true, webauthn:extension:minPinLength: true, webauthn:extension:prf: true, webauthn:virtualAuthenticators: true}
Session ID: a7342d11877bd349109176d7eb767e88
at org.openqa.selenium.remote.codec.w3c.W3CHttpResponseCodec.createException(W3CHttpResponseCodec.java:200)
at org.openqa.selenium.remote.codec.w3c.W3CHttpResponseCodec.decode(W3CHttpResponseCodec.java:133)
at org.openqa.selenium.remote.codec.w3c.W3CHttpResponseCodec.decode(W3CHttpResponseCodec.java:52)
at org.openqa.selenium.remote.HttpCommandExecutor.execute(HttpCommandExecutor.java:191)
at org.openqa.selenium.remote.service.DriverCommandExecutor.invokeExecute(DriverCommandExecutor.java:196)
at org.openqa.selenium.remote.service.DriverCommandExecutor.execute(DriverCommandExecutor.java:171)
at org.openqa.selenium.remote.RemoteWebDriver.execute(RemoteWebDriver.java:602)
at org.openqa.selenium.remote.ElementLocation$ElementFinder$2.findElement(ElementLocation.java:165)
at org.openqa.selenium.remote.ElementLocation.findElement(ElementLocation.java:59)
at org.openqa.selenium.remote.RemoteWebDriver.findElement(RemoteWebDriver.java:359)
at org.openqa.selenium.remote.RemoteWebDriver.findElement(RemoteWebDriver.java:353)
at com.uiFramework.Genesis.web.pages.UpdateTracking.fillInputAndDate(UpdateTracking.java:306)
at com.uiFramework.Genesis.web.pages.UpdateTracking.enterTrackingDetailsInLoop(UpdateTracking.java:285)
at com.uiFramework.Genesis.regression.web.UpdateTrackingTest.shouldAllowUserToUpdateMultipleRequestsAtOnce(UpdateTrackingTest.java:84)
at java.base/java.util.ArrayList.forEach(ArrayList.java:1511)
... Removed 31 stack frames]]>
    </failure>
  </testcase> <!-- shouldAllowUserToUpdateMultipleRequestsAtOnce -->
  <testcase classname="com.uiFramework.Genesis.regression.web.UpdateTrackingTest" name="shouldAllowUserToDownloadExcelOfGridData" time="5.345"/>
  <testcase classname="com.uiFramework.Genesis.regression.web.UpdateTrackingTest" name="shouldNotAllowFileUpdateWithoutTrackingNumberDetails" time="9.304"/>
  <testcase classname="com.uiFramework.Genesis.regression.web.UpdateTrackingTest" name="shouldNotAllowFileUpdateWithoutETADetails" time="7.525"/>
  <testcase classname="com.uiFramework.Genesis.regression.web.UpdateTrackingTest" name="shouldNotAllowUpdateWithoutRequiredDetails" time="6.124"/>
  <testcase classname="com.uiFramework.Genesis.regression.web.UpdateTrackingTest" name="shouldAllowUpdateWithValidData" time="11.546">
    <failure type="java.lang.AssertionError" message="The following asserts failed:
	did not expect [0] but found [0]">
      <![CDATA[java.lang.AssertionError: The following asserts failed:
did not expect [0] but found [0]
at com.uiFramework.Genesis.regression.web.UpdateTrackingTest.shouldAllowUpdateWithValidData(UpdateTrackingTest.java:143)
at java.base/java.util.ArrayList.forEach(ArrayList.java:1511)
... Removed 29 stack frames]]>
    </failure>
  </testcase> <!-- shouldAllowUpdateWithValidData -->
  <testcase classname="com.uiFramework.Genesis.regression.web.UpdateTrackingTest" name="shouldValidateMultipleRequestData" time="2.935"/>
  <testcase classname="com.uiFramework.Genesis.regression.web.DocQueueTest" name="shouldShowErrorMessageIfRequiredFieldNotSelected" time="3.095"/>
  <testcase classname="com.uiFramework.Genesis.regression.web.DocQueueTest" name="shouldDisplayRegularRequestsOnRegularCheckbox" time="14.394"/>
  <testcase classname="com.uiFramework.Genesis.regression.web.DocQueueTest" name="shouldDisplayReconsignmentRequestsOnReconsignmentCheckbox" time="13.327"/>
  <testcase classname="com.uiFramework.Genesis.regression.web.DocQueueTest" name="shouldDisplayCloseoutRequestsOnCloseoutCheckbox" time="13.511"/>
  <testcase classname="com.uiFramework.Genesis.regression.web.DocQueueTest" name="shouldCreateDifferentLBOLsForDifferentConsignees" time="17.633"/>
  <testcase classname="com.uiFramework.Genesis.regression.web.DocQueueTest" name="shouldConfirmDifferentRequestsCreatedForDifferentConsignees" time="5.318"/>
  <testcase classname="com.uiFramework.Genesis.regression.web.DocQueueTest" name="shouldCreateDifferentManifestsForDifferentLDAs" time="26.442">
    <failure type="org.openqa.selenium.NoSuchElementException" message="no such element: Unable to locate element: {&amp;quot;method&amp;quot;:&amp;quot;xpath&amp;quot;,&amp;quot;selector&amp;quot;:&amp;quot;//table/tbody/tr[30]//td[8]&amp;quot;}
  (Session info: chrome=144.0.7559.59)
For documentation on this error, please visit: https://www.selenium.dev/documentation/webdriver/troubleshooting/errors#no-such-element-exception
Build info: version: &amp;apos;4.12.0&amp;apos;, revision: &amp;apos;249f2a7d1b*&amp;apos;
System info: os.name: &amp;apos;Windows 10&amp;apos;, os.arch: &amp;apos;amd64&amp;apos;, os.version: &amp;apos;10.0&amp;apos;, java.version: &amp;apos;17.0.10&amp;apos;
Driver info: org.openqa.selenium.chrome.ChromeDriver
Command: [a7342d11877bd349109176d7eb767e88, findElement {using=xpath, value=//table/tbody/tr[30]//td[8]}]
Capabilities {acceptInsecureCerts: false, browserName: chrome, browserVersion: 144.0.7559.59, chrome: {chromedriverVersion: 144.0.7559.96 (d7b80622cfab..., userDataDir: C:\Users\EMP256\AppData\Loc...}, fedcm:accounts: true, goog:chromeOptions: {debuggerAddress: localhost:58092}, goog:processID: 159932, networkConnectionEnabled: false, pageLoadStrategy: normal, platformName: windows, proxy: Proxy(), se:cdp: ws://localhost:58092/devtoo..., se:cdpVersion: 144.0.7559.59, setWindowRect: true, strictFileInteractability: false, timeouts: {implicit: 0, pageLoad: 300000, script: 30000}, unhandledPromptBehavior: dismiss and notify, webauthn:extension:credBlob: true, webauthn:extension:largeBlob: true, webauthn:extension:minPinLength: true, webauthn:extension:prf: true, webauthn:virtualAuthenticators: true}
Session ID: a7342d11877bd349109176d7eb767e88">
      <![CDATA[org.openqa.selenium.NoSuchElementException: no such element: Unable to locate element: {"method":"xpath","selector":"//table/tbody/tr[30]//td[8]"}
  (Session info: chrome=144.0.7559.59)
For documentation on this error, please visit: https://www.selenium.dev/documentation/webdriver/troubleshooting/errors#no-such-element-exception
Build info: version: '4.12.0', revision: '249f2a7d1b*'
System info: os.name: 'Windows 10', os.arch: 'amd64', os.version: '10.0', java.version: '17.0.10'
Driver info: org.openqa.selenium.chrome.ChromeDriver
Command: [a7342d11877bd349109176d7eb767e88, findElement {using=xpath, value=//table/tbody/tr[30]//td[8]}]
Capabilities {acceptInsecureCerts: false, browserName: chrome, browserVersion: 144.0.7559.59, chrome: {chromedriverVersion: 144.0.7559.96 (d7b80622cfab..., userDataDir: C:\Users\EMP256\AppData\Loc...}, fedcm:accounts: true, goog:chromeOptions: {debuggerAddress: localhost:58092}, goog:processID: 159932, networkConnectionEnabled: false, pageLoadStrategy: normal, platformName: windows, proxy: Proxy(), se:cdp: ws://localhost:58092/devtoo..., se:cdpVersion: 144.0.7559.59, setWindowRect: true, strictFileInteractability: false, timeouts: {implicit: 0, pageLoad: 300000, script: 30000}, unhandledPromptBehavior: dismiss and notify, webauthn:extension:credBlob: true, webauthn:extension:largeBlob: true, webauthn:extension:minPinLength: true, webauthn:extension:prf: true, webauthn:virtualAuthenticators: true}
Session ID: a7342d11877bd349109176d7eb767e88
at org.openqa.selenium.remote.codec.w3c.W3CHttpResponseCodec.createException(W3CHttpResponseCodec.java:200)
at org.openqa.selenium.remote.codec.w3c.W3CHttpResponseCodec.decode(W3CHttpResponseCodec.java:133)
at org.openqa.selenium.remote.codec.w3c.W3CHttpResponseCodec.decode(W3CHttpResponseCodec.java:52)
at org.openqa.selenium.remote.HttpCommandExecutor.execute(HttpCommandExecutor.java:191)
at org.openqa.selenium.remote.service.DriverCommandExecutor.invokeExecute(DriverCommandExecutor.java:196)
at org.openqa.selenium.remote.service.DriverCommandExecutor.execute(DriverCommandExecutor.java:171)
at org.openqa.selenium.remote.RemoteWebDriver.execute(RemoteWebDriver.java:602)
at org.openqa.selenium.remote.ElementLocation$ElementFinder$2.findElement(ElementLocation.java:165)
at org.openqa.selenium.remote.ElementLocation.findElement(ElementLocation.java:59)
at org.openqa.selenium.remote.RemoteWebDriver.findElement(RemoteWebDriver.java:359)
at org.openqa.selenium.remote.RemoteWebDriver.findElement(RemoteWebDriver.java:353)
at com.uiFramework.Genesis.web.pages.DocQueue.createLDAForDiffConsignees(DocQueue.java:306)
at com.uiFramework.Genesis.web.pages.DocQueue.createManifestForDiffLDA(DocQueue.java:351)
at com.uiFramework.Genesis.regression.web.DocQueueTest.shouldCreateDifferentManifestsForDifferentLDAs(DocQueueTest.java:93)
at java.base/java.util.ArrayList.forEach(ArrayList.java:1511)
... Removed 31 stack frames]]>
    </failure>
  </testcase> <!-- shouldCreateDifferentManifestsForDifferentLDAs -->
  <testcase classname="com.uiFramework.Genesis.regression.web.DocQueueTest" name="shouldConfirmDifferentRequestsCreatedForDifferentLDAs" time="0.001">
    <skipped/>
  </testcase> <!-- shouldConfirmDifferentRequestsCreatedForDifferentLDAs -->
  <testcase classname="com.uiFramework.Genesis.regression.web.DocQueueTest" name="shouldCreateDifferentOrderProcessesForSameLDA" time="156.099">
    <failure type="java.lang.AssertionError" message="not find two rows with different text ">
      <![CDATA[java.lang.AssertionError: not find two rows with different text 
at com.uiFramework.Genesis.web.pages.DocQueue.checkDiffTypeOrderMerge(DocQueue.java:394)
at com.uiFramework.Genesis.regression.web.DocQueueTest.shouldCreateDifferentOrderProcessesForSameLDA(DocQueueTest.java:116)
at java.base/java.util.ArrayList.forEach(ArrayList.java:1511)
... Removed 28 stack frames]]>
    </failure>
  </testcase> <!-- shouldCreateDifferentOrderProcessesForSameLDA -->
  <testcase classname="com.uiFramework.Genesis.regression.web.DocQueueTest" name="shouldConfirmSameRequestCreatedForDifferentLDAs" time="0.0">
    <skipped/>
  </testcase> <!-- shouldConfirmSameRequestCreatedForDifferentLDAs -->
  <testcase classname="com.uiFramework.Genesis.regression.web.DocQueueTest" name="shouldCreateDifferentOrderProcessesForDifferentLDAs" time="10.298"/>
  <testcase classname="com.uiFramework.Genesis.regression.web.DocQueueTest" name="shouldConfirmDiffRequestsCreatedForDifferentLDAs" time="5.822">
    <failure type="java.lang.AssertionError" message="The following asserts failed:
	 expected [8661] but found [786]">
      <![CDATA[java.lang.AssertionError: The following asserts failed:
 expected [8661] but found [786]
at com.uiFramework.Genesis.regression.web.DocQueueTest.shouldConfirmDiffRequestsCreatedForDifferentLDAs(DocQueueTest.java:153)
at java.base/java.util.ArrayList.forEach(ArrayList.java:1511)
... Removed 29 stack frames]]>
    </failure>
  </testcase> <!-- shouldConfirmDiffRequestsCreatedForDifferentLDAs -->
  <testcase classname="com.uiFramework.Genesis.regression.web.DocQueueTest" name="shouldCreateDocumentsForMainOrder" time="13.681"/>
  <testcase classname="com.uiFramework.Genesis.regression.web.DocQueueTest" name="shouldRetrieveDocumentsForMainOrder" time="14.153"/>
  <testcase classname="com.uiFramework.Genesis.regression.web.DocQueueTest" name="shouldCheckColumnFilterOnSplitPOD" time="26.642"/>
  <testcase classname="com.uiFramework.Genesis.regression.web.DocQueueTest" name="shouldPersistColumnFilterOnSplitPOD" time="8.126"/>
  <testcase classname="com.uiFramework.Genesis.regression.web.OutboundQATest" name="shouldAcceptManifestForMainOrder" time="26.92"/>
  <testcase classname="com.uiFramework.Genesis.regression.web.OutboundQATest" name="shouldDisplayEditableFieldsForTrackingUpdatedRequest" time="53.493"/>
  <testcase classname="com.uiFramework.Genesis.regression.web.OutboundQATest" name="shouldCheckMandateMsgIfOrderNotSelected" time="7.759"/>
  <testcase classname="com.uiFramework.Genesis.regression.web.OutboundQATest" name="shouldNotAllowEnteringExtraReceivedOrderPieces" time="30.874"/>
  <testcase classname="com.uiFramework.Genesis.regression.web.OutboundQATest" name="shouldPopulateDefaultValueAsZero" time="1.168">
    <skipped/>
  </testcase> <!-- shouldPopulateDefaultValueAsZero -->
  <testcase classname="com.uiFramework.Genesis.regression.web.OutboundQATest" name="shouldNotAllowEnteringExtraLiteratureOrderPieces" time="5.879"/>
  <testcase classname="com.uiFramework.Genesis.regression.web.OutboundQATest" name="shouldValidateReceivedOrderPiecesWhenMarkSameQtyButtonClicked" time="1.062"/>
  <testcase classname="com.uiFramework.Genesis.regression.web.OutboundQATest" name="shouldValidateLitOrderPiecesWhenMarkSameQtyButtonClicked" time="0.098"/>
  <testcase classname="com.uiFramework.Genesis.regression.web.OutboundQATest" name="shouldDisplaySelectedLDAInGrid" time="0.064"/>
  <testcase classname="com.uiFramework.Genesis.regression.web.OutboundQATest" name="shouldDisplaySelectedManifestInGrid" time="0.069"/>
  <testcase classname="com.uiFramework.Genesis.regression.web.OutboundQATest" name="shouldDisplayCorrectTotalPiecesCount" time="0.336"/>
  <testcase classname="com.uiFramework.Genesis.regression.web.OutboundQATest" name="shouldMakeReceivedDateMandatory" time="8.28"/>
  <testcase classname="com.uiFramework.Genesis.regression.web.OutboundQATest" name="shouldMakeVoiceMailDateMandatory" time="8.773"/>
  <testcase classname="com.uiFramework.Genesis.regression.web.OutboundQATest" name="shouldVerifyReceivedAndVoicemailDatesAreCurrentDate" time="1.455"/>
  <testcase classname="com.uiFramework.Genesis.regression.web.OutboundQATest" name="shouldAllowUserToPartialOutboundQA" time="11.364"/>
  <testcase classname="com.uiFramework.Genesis.regression.web.OutboundQATest" name="shouldUpdateOrderStatusAfterPartialOutboundQADone" time="7.29"/>
  <testcase classname="com.uiFramework.Genesis.regression.web.OutboundQATest" name="shouldCheckFisrtOrderShouldBeDisable" time="4.99">
    <skipped/>
  </testcase> <!-- shouldCheckFisrtOrderShouldBeDisable -->
  <testcase classname="com.uiFramework.Genesis.regression.web.OutboundQATest" name="shouldAllowUserToOpenCompletedQA" time="17.399"/>
  <testcase classname="com.uiFramework.Genesis.regression.web.OutboundQATest" name="shouldUpdateOrderStatusAfterOutboundQADone" time="7.459"/>
  <testcase classname="com.uiFramework.Genesis.regression.web.OutboundQATest" name="shouldUpdateOrderStatusAfterSchedDellivery" time="14.941"/>
  <testcase classname="com.uiFramework.Genesis.regression.web.ConsigneeQATest" name="shouldDisplayEditableFieldsForTrackingUpdatedRequest" time="5.455"/>
  <testcase classname="com.uiFramework.Genesis.regression.web.ConsigneeQATest" name="shouldNotAllowEnteringExtraReceivedOrderPieces" time="0.711"/>
  <testcase classname="com.uiFramework.Genesis.regression.web.ConsigneeQATest" name="shouldNotAllowEnteringExtraLiteratureOrderPieces" time="34.5">
    <failure type="java.lang.AssertionError" message="The following asserts failed:
	Received Literature quantity can not be greater than actual order quantity. expected [true] but found [false]">
      <![CDATA[java.lang.AssertionError: The following asserts failed:
Received Literature quantity can not be greater than actual order quantity. expected [true] but found [false]
at com.uiFramework.Genesis.regression.web.ConsigneeQATest.shouldNotAllowEnteringExtraLiteratureOrderPieces(ConsigneeQATest.java:72)
at java.base/java.util.ArrayList.forEach(ArrayList.java:1511)
... Removed 29 stack frames]]>
    </failure>
  </testcase> <!-- shouldNotAllowEnteringExtraLiteratureOrderPieces -->
  <testcase classname="com.uiFramework.Genesis.regression.web.ConsigneeQATest" name="shouldValidateReceivedOrderPiecesWhenMarkSameQtyBtnClicked" time="0.302"/>
  <testcase classname="com.uiFramework.Genesis.regression.web.ConsigneeQATest" name="shouldValidateLiteratureOrderPiecesWhenMarkSameQtyBtnClicked" time="0.036"/>
  <testcase classname="com.uiFramework.Genesis.regression.web.ConsigneeQATest" name="shouldAllowUserToSaveDetailsInDraft" time="4.64"/>
  <testcase classname="com.uiFramework.Genesis.regression.web.ConsigneeQATest" name="shouldAllowUserToOpenDraftRequest" time="16.99"/>
  <testcase classname="com.uiFramework.Genesis.regression.web.ConsigneeQATest" name="shouldAllowUserToUploadExcelFile" time="0.703"/>
  <testcase classname="com.uiFramework.Genesis.regression.web.ConsigneeQATest" name="shouldNotAllowSavingFileWithoutTime" time="0.631"/>
  <testcase classname="com.uiFramework.Genesis.regression.web.ConsigneeQATest" name="shouldAllowUserToCompleteRequest" time="11.492"/>
  <testcase classname="com.uiFramework.Genesis.regression.web.ConsigneeQATest" name="shouldAllowUserToOpenCompletedRequest" time="13.344">
    <failure type="org.openqa.selenium.TimeoutException" message="Expected condition failed: waiting for element to be clickable: By.xpath: //*[@id=&amp;apos;genesis&amp;apos;]/div[4]/div[1]/button (tried for 10 second(s) with 250 milliseconds interval)
Build info: version: &amp;apos;4.12.0&amp;apos;, revision: &amp;apos;249f2a7d1b*&amp;apos;
System info: os.name: &amp;apos;Windows 10&amp;apos;, os.arch: &amp;apos;amd64&amp;apos;, os.version: &amp;apos;10.0&amp;apos;, java.version: &amp;apos;17.0.10&amp;apos;
Driver info: org.openqa.selenium.chrome.ChromeDriver
Capabilities {acceptInsecureCerts: false, browserName: chrome, browserVersion: 144.0.7559.59, chrome: {chromedriverVersion: 144.0.7559.96 (d7b80622cfab..., userDataDir: C:\Users\EMP256\AppData\Loc...}, fedcm:accounts: true, goog:chromeOptions: {debuggerAddress: localhost:58092}, goog:processID: 159932, networkConnectionEnabled: false, pageLoadStrategy: normal, platformName: windows, proxy: Proxy(), se:cdp: ws://localhost:58092/devtoo..., se:cdpVersion: 144.0.7559.59, setWindowRect: true, strictFileInteractability: false, timeouts: {implicit: 0, pageLoad: 300000, script: 30000}, unhandledPromptBehavior: dismiss and notify, webauthn:extension:credBlob: true, webauthn:extension:largeBlob: true, webauthn:extension:minPinLength: true, webauthn:extension:prf: true, webauthn:virtualAuthenticators: true}
Session ID: a7342d11877bd349109176d7eb767e88">
      <![CDATA[org.openqa.selenium.TimeoutException: Expected condition failed: waiting for element to be clickable: By.xpath: //*[@id='genesis']/div[4]/div[1]/button (tried for 10 second(s) with 250 milliseconds interval)
Build info: version: '4.12.0', revision: '249f2a7d1b*'
System info: os.name: 'Windows 10', os.arch: 'amd64', os.version: '10.0', java.version: '17.0.10'
Driver info: org.openqa.selenium.chrome.ChromeDriver
Capabilities {acceptInsecureCerts: false, browserName: chrome, browserVersion: 144.0.7559.59, chrome: {chromedriverVersion: 144.0.7559.96 (d7b80622cfab..., userDataDir: C:\Users\EMP256\AppData\Loc...}, fedcm:accounts: true, goog:chromeOptions: {debuggerAddress: localhost:58092}, goog:processID: 159932, networkConnectionEnabled: false, pageLoadStrategy: normal, platformName: windows, proxy: Proxy(), se:cdp: ws://localhost:58092/devtoo..., se:cdpVersion: 144.0.7559.59, setWindowRect: true, strictFileInteractability: false, timeouts: {implicit: 0, pageLoad: 300000, script: 30000}, unhandledPromptBehavior: dismiss and notify, webauthn:extension:credBlob: true, webauthn:extension:largeBlob: true, webauthn:extension:minPinLength: true, webauthn:extension:prf: true, webauthn:virtualAuthenticators: true}
Session ID: a7342d11877bd349109176d7eb767e88
at org.openqa.selenium.support.ui.WebDriverWait.timeoutException(WebDriverWait.java:84)
at org.openqa.selenium.support.ui.FluentWait.until(FluentWait.java:230)
at com.uiFramework.Genesis.helper.WaitHelper.waitForElementClickable(WaitHelper.java:127)
at com.uiFramework.Genesis.helper.WaitHelper.waitToClick(WaitHelper.java:171)
at com.uiFramework.Genesis.web.pages.ConsigneeQA.selStatus(ConsigneeQA.java:375)
at com.uiFramework.Genesis.regression.web.ConsigneeQATest.shouldAllowUserToOpenCompletedRequest(ConsigneeQATest.java:148)
at java.base/java.util.ArrayList.forEach(ArrayList.java:1511)
... Removed 27 stack frames]]>
    </failure>
  </testcase> <!-- shouldAllowUserToOpenCompletedRequest -->
  <testcase classname="com.uiFramework.Genesis.regression.web.ConsigneeQATest" name="shouldAllowUserToUpdatePiecesAfterConsingeeQADone" time="0.0">
    <skipped/>
  </testcase> <!-- shouldAllowUserToUpdatePiecesAfterConsingeeQADone -->
  <testcase classname="com.uiFramework.Genesis.base.TestBase" name="@AfterSuite tearDown" time="0.0">
    <ignored/>
  </testcase> <!-- @AfterSuite tearDown -->
  <testcase classname="com.uiFramework.Genesis.base.TestBase" name="@BeforeSuite beforeSuite" time="0.0">
    <ignored/>
  </testcase> <!-- @BeforeSuite beforeSuite -->
  <testcase classname="com.uiFramework.Genesis.base.UniversalBase" name="@AfterSuite flushReport" time="0.0">
    <ignored/>
  </testcase> <!-- @AfterSuite flushReport -->
  <testcase classname="com.uiFramework.Genesis.regression.web.OutboundPalletTest" name="checkColoumfilterOnOutboundListingPage" time="0.0">
    <ignored/>
  </testcase> <!-- checkColoumfilterOnOutboundListingPage -->
  <testcase classname="com.uiFramework.Genesis.base.TestBase" name="@AfterSuite tearDown" time="0.0">
    <ignored/>
  </testcase> <!-- @AfterSuite tearDown -->
  <testcase classname="com.uiFramework.Genesis.regression.web.OutboundPalletTest" name="shouldApplyFiltersCorrectlyForOutboundPallet" time="0.0">
    <ignored/>
  </testcase> <!-- shouldApplyFiltersCorrectlyForOutboundPallet -->
  <testcase classname="com.uiFramework.Genesis.base.UniversalBase" name="@BeforeTest setupSuite" time="0.0">
    <ignored/>
  </testcase> <!-- @BeforeTest setupSuite -->
  <testcase classname="com.uiFramework.Genesis.base.UniversalBase" name="@AfterSuite flushReport" time="0.0">
    <ignored/>
  </testcase> <!-- @AfterSuite flushReport -->
  <testcase classname="com.uiFramework.Genesis.base.UniversalBase" name="@AfterSuite flushReport" time="0.0">
    <ignored/>
  </testcase> <!-- @AfterSuite flushReport -->
  <testcase classname="com.uiFramework.Genesis.base.TestBase" name="@BeforeSuite beforeSuite" time="0.0">
    <ignored/>
  </testcase> <!-- @BeforeSuite beforeSuite -->
  <testcase classname="com.uiFramework.Genesis.base.UniversalBase" name="@BeforeTest setupSuite" time="0.0">
    <ignored/>
  </testcase> <!-- @BeforeTest setupSuite -->
  <testcase classname="com.uiFramework.Genesis.base.TestBase" name="@BeforeSuite beforeSuite" time="0.0">
    <ignored/>
  </testcase> <!-- @BeforeSuite beforeSuite -->
  <testcase classname="com.uiFramework.Genesis.base.TestBase" name="@BeforeSuite beforeSuite" time="0.0">
    <ignored/>
  </testcase> <!-- @BeforeSuite beforeSuite -->
  <testcase classname="com.uiFramework.Genesis.base.TestBase" name="@AfterSuite tearDown" time="0.0">
    <ignored/>
  </testcase> <!-- @AfterSuite tearDown -->
  <testcase classname="com.uiFramework.Genesis.base.UniversalBase" name="@BeforeTest setupSuite" time="0.0">
    <ignored/>
  </testcase> <!-- @BeforeTest setupSuite -->
  <testcase classname="com.uiFramework.Genesis.base.UniversalBase" name="@AfterSuite flushReport" time="0.0">
    <ignored/>
  </testcase> <!-- @AfterSuite flushReport -->
  <testcase classname="com.uiFramework.Genesis.base.UniversalBase" name="@BeforeTest setupSuite" time="0.0">
    <ignored/>
  </testcase> <!-- @BeforeTest setupSuite -->
  <testcase classname="com.uiFramework.Genesis.base.UniversalBase" name="@BeforeTest setupSuite" time="0.0">
    <ignored/>
  </testcase> <!-- @BeforeTest setupSuite -->
  <testcase classname="com.uiFramework.Genesis.base.UniversalBase" name="@BeforeTest setupSuite" time="0.0">
    <ignored/>
  </testcase> <!-- @BeforeTest setupSuite -->
  <testcase classname="com.uiFramework.Genesis.regression.web.OutboundPalletTest" name="shouldApplyColumnFilterOnCreateOutboundPallet" time="0.0">
    <ignored/>
  </testcase> <!-- shouldApplyColumnFilterOnCreateOutboundPallet -->
  <testcase classname="com.uiFramework.Genesis.base.TestBase" name="@AfterSuite tearDown" time="0.0">
    <ignored/>
  </testcase> <!-- @AfterSuite tearDown -->
  <testcase classname="com.uiFramework.Genesis.regression.web.OutboundPalletTest" name="shouldApplyFiltersOnCreateOutboundPalletScreen" time="0.0">
    <ignored/>
  </testcase> <!-- shouldApplyFiltersOnCreateOutboundPalletScreen -->
  <testcase classname="com.uiFramework.Genesis.base.TestBase" name="@AfterSuite tearDown" time="0.0">
    <ignored/>
  </testcase> <!-- @AfterSuite tearDown -->
  <testcase classname="com.uiFramework.Genesis.base.TestBase" name="@AfterSuite tearDown" time="0.0">
    <ignored/>
  </testcase> <!-- @AfterSuite tearDown -->
  <testcase classname="com.uiFramework.Genesis.base.UniversalBase" name="@BeforeTest setupSuite" time="0.0">
    <ignored/>
  </testcase> <!-- @BeforeTest setupSuite -->
  <testcase classname="com.uiFramework.Genesis.base.UniversalBase" name="@AfterSuite flushReport" time="0.0">
    <ignored/>
  </testcase> <!-- @AfterSuite flushReport -->
  <testcase classname="com.uiFramework.Genesis.base.TestBase" name="@AfterSuite tearDown" time="0.0">
    <ignored/>
  </testcase> <!-- @AfterSuite tearDown -->
  <testcase classname="com.uiFramework.Genesis.base.TestBase" name="@BeforeSuite beforeSuite" time="0.0">
    <ignored/>
  </testcase> <!-- @BeforeSuite beforeSuite -->
  <testcase classname="com.uiFramework.Genesis.base.UniversalBase" name="@BeforeTest setupSuite" time="0.0">
    <ignored/>
  </testcase> <!-- @BeforeTest setupSuite -->
  <testcase classname="com.uiFramework.Genesis.base.TestBase" name="@AfterSuite tearDown" time="0.0">
    <ignored/>
  </testcase> <!-- @AfterSuite tearDown -->
  <testcase classname="com.uiFramework.Genesis.base.UniversalBase" name="@AfterSuite flushReport" time="0.0">
    <ignored/>
  </testcase> <!-- @AfterSuite flushReport -->
  <testcase classname="com.uiFramework.Genesis.base.TestBase" name="@AfterSuite tearDown" time="0.0">
    <ignored/>
  </testcase> <!-- @AfterSuite tearDown -->
  <testcase classname="com.uiFramework.Genesis.base.TestBase" name="@BeforeSuite beforeSuite" time="0.0">
    <ignored/>
  </testcase> <!-- @BeforeSuite beforeSuite -->
  <testcase classname="com.uiFramework.Genesis.base.TestBase" name="@BeforeSuite beforeSuite" time="0.0">
    <ignored/>
  </testcase> <!-- @BeforeSuite beforeSuite -->
  <testcase classname="com.uiFramework.Genesis.base.UniversalBase" name="@AfterSuite flushReport" time="0.0">
    <ignored/>
  </testcase> <!-- @AfterSuite flushReport -->
  <testcase classname="com.uiFramework.Genesis.base.UniversalBase" name="@BeforeTest setupSuite" time="0.0">
    <ignored/>
  </testcase> <!-- @BeforeTest setupSuite -->
  <testcase classname="com.uiFramework.Genesis.base.UniversalBase" name="@AfterSuite flushReport" time="0.0">
    <ignored/>
  </testcase> <!-- @AfterSuite flushReport -->
  <testcase classname="com.uiFramework.Genesis.base.TestBase" name="@BeforeSuite beforeSuite" time="0.0">
    <ignored/>
  </testcase> <!-- @BeforeSuite beforeSuite -->
  <testcase classname="com.uiFramework.Genesis.base.TestBase" name="@BeforeSuite beforeSuite" time="0.0">
    <ignored/>
  </testcase> <!-- @BeforeSuite beforeSuite -->
  <testcase classname="com.uiFramework.Genesis.base.UniversalBase" name="@AfterSuite flushReport" time="0.0">
    <ignored/>
  </testcase> <!-- @AfterSuite flushReport -->
</testsuite> <!-- regression -->
