<?xml version="1.0" encoding="UTF-8"?>
<!-- Generated by org.testng.reporters.JUnitXMLReporter -->
<testsuite ignored="40" hostname="DESKTOP-UQFI3OJ" failures="20" tests="195" name="regression" time="4183.236" errors="0" timestamp="2026-02-09T15:25:10 IST">
  <testcase classname="com.uiFramework.Genesis.regression.web.ConsigneeQATest" name="@AfterClass checkOrderStatusAfterorderLoad" time="7.738">
    <failure type="java.lang.AssertionError" message="Order status not match! as &amp;apos;Closed&amp;apos;. expected [Closed] but found [Outbound QA Pending]">
      <![CDATA[java.lang.AssertionError: Order status not match! as 'Closed'. expected [Closed] but found [Outbound QA Pending]
at com.uiFramework.Genesis.regression.web.ConsigneeQATest.checkOrderStatusAfterorderLoad(ConsigneeQATest.java:190)
at java.base/java.util.ArrayList.forEach(ArrayList.java:1511)
... Removed 31 stack frames]]>
    </failure>
  </testcase> <!-- @AfterClass checkOrderStatusAfterorderLoad -->
  <testcase classname="com.uiFramework.Genesis.regression.web.OrderTest" name="shouldDisplayOrderFormOnCreateButtonClick" time="8.17">
    <failure type="org.openqa.selenium.StaleElementReferenceException" message="stale element reference: stale element not found in the current frame
  (Session info: chrome=144.0.7559.133)
For documentation on this error, please visit: https://www.selenium.dev/documentation/webdriver/troubleshooting/errors#stale-element-reference-exception
Build info: version: &amp;apos;4.12.0&amp;apos;, revision: &amp;apos;249f2a7d1b*&amp;apos;
System info: os.name: &amp;apos;Windows 10&amp;apos;, os.arch: &amp;apos;amd64&amp;apos;, os.version: &amp;apos;10.0&amp;apos;, java.version: &amp;apos;17.0.10&amp;apos;
Driver info: org.openqa.selenium.chrome.ChromeDriver
Command: [c5b64bc47e4643c0bc3cbe155144455f, getElementText {id=f.1A1CC28FDA320375A7C3EC48AFC3C88E.d.30EB636C952E59AB03A5AA05608BB336.e.236}]
Capabilities {acceptInsecureCerts: false, browserName: chrome, browserVersion: 144.0.7559.133, chrome: {chromedriverVersion: 144.0.7559.133 (7da823b1d59..., userDataDir: C:\Users\EMP256\AppData\Loc...}, fedcm:accounts: true, goog:chromeOptions: {debuggerAddress: localhost:53398}, goog:processID: 47784, networkConnectionEnabled: false, pageLoadStrategy: normal, platformName: windows, proxy: Proxy(), se:cdp: ws://localhost:53398/devtoo..., se:cdpVersion: 144.0.7559.133, setWindowRect: true, strictFileInteractability: false, timeouts: {implicit: 0, pageLoad: 300000, script: 30000}, unhandledPromptBehavior: dismiss and notify, webauthn:extension:credBlob: true, webauthn:extension:largeBlob: true, webauthn:extension:minPinLength: true, webauthn:extension:prf: true, webauthn:virtualAuthenticators: true}
Element: [[ChromeDriver: chrome on windows (c5b64bc47e4643c0bc3cbe155144455f)] -&amp;gt; xpath: //*[@id=&amp;apos;panel1bh-header&amp;apos;]/div[1]/div/div/div[1]/h6]
Session ID: c5b64bc47e4643c0bc3cbe155144455f">
      <![CDATA[org.openqa.selenium.StaleElementReferenceException: stale element reference: stale element not found in the current frame
  (Session info: chrome=144.0.7559.133)
For documentation on this error, please visit: https://www.selenium.dev/documentation/webdriver/troubleshooting/errors#stale-element-reference-exception
Build info: version: '4.12.0', revision: '249f2a7d1b*'
System info: os.name: 'Windows 10', os.arch: 'amd64', os.version: '10.0', java.version: '17.0.10'
Driver info: org.openqa.selenium.chrome.ChromeDriver
Command: [c5b64bc47e4643c0bc3cbe155144455f, getElementText {id=f.1A1CC28FDA320375A7C3EC48AFC3C88E.d.30EB636C952E59AB03A5AA05608BB336.e.236}]
Capabilities {acceptInsecureCerts: false, browserName: chrome, browserVersion: 144.0.7559.133, chrome: {chromedriverVersion: 144.0.7559.133 (7da823b1d59..., userDataDir: C:\Users\EMP256\AppData\Loc...}, fedcm:accounts: true, goog:chromeOptions: {debuggerAddress: localhost:53398}, goog:processID: 47784, networkConnectionEnabled: false, pageLoadStrategy: normal, platformName: windows, proxy: Proxy(), se:cdp: ws://localhost:53398/devtoo..., se:cdpVersion: 144.0.7559.133, setWindowRect: true, strictFileInteractability: false, timeouts: {implicit: 0, pageLoad: 300000, script: 30000}, unhandledPromptBehavior: dismiss and notify, webauthn:extension:credBlob: true, webauthn:extension:largeBlob: true, webauthn:extension:minPinLength: true, webauthn:extension:prf: true, webauthn:virtualAuthenticators: true}
Element: [[ChromeDriver: chrome on windows (c5b64bc47e4643c0bc3cbe155144455f)] -> xpath: //*[@id='panel1bh-header']/div[1]/div/div/div[1]/h6]
Session ID: c5b64bc47e4643c0bc3cbe155144455f
at org.openqa.selenium.remote.codec.w3c.W3CHttpResponseCodec.createException(W3CHttpResponseCodec.java:200)
at org.openqa.selenium.remote.codec.w3c.W3CHttpResponseCodec.decode(W3CHttpResponseCodec.java:133)
at org.openqa.selenium.remote.codec.w3c.W3CHttpResponseCodec.decode(W3CHttpResponseCodec.java:52)
at org.openqa.selenium.remote.HttpCommandExecutor.execute(HttpCommandExecutor.java:191)
at org.openqa.selenium.remote.service.DriverCommandExecutor.invokeExecute(DriverCommandExecutor.java:196)
at org.openqa.selenium.remote.service.DriverCommandExecutor.execute(DriverCommandExecutor.java:171)
at org.openqa.selenium.remote.RemoteWebDriver.execute(RemoteWebDriver.java:602)
at org.openqa.selenium.remote.RemoteWebElement.execute(RemoteWebElement.java:224)
at org.openqa.selenium.remote.RemoteWebElement.getText(RemoteWebElement.java:192)
at com.uiFramework.Genesis.web.pages.CommonPage.getMandatoryText(CommonPage.java:303)
at com.uiFramework.Genesis.web.pages.OrderPage.fetchText(OrderPage.java:275)
at com.uiFramework.Genesis.regression.web.OrderTest.shouldDisplayOrderFormOnCreateButtonClick(OrderTest.java:50)
at java.base/java.util.ArrayList.forEach(ArrayList.java:1511)
... Removed 32 stack frames]]>
    </failure>
  </testcase> <!-- shouldDisplayOrderFormOnCreateButtonClick -->
  <testcase classname="com.uiFramework.Genesis.regression.web.OrderTest" name="shouldShowErrorMessagesForMandatoryFields" time="2.112"/>
  <testcase classname="com.uiFramework.Genesis.regression.web.OrderTest" name="shouldKeepConsigneeDropdownEmptyUntilCustomerSelected" time="70.316"/>
  <testcase classname="com.uiFramework.Genesis.regression.web.OrderTest" name="shouldValidateLocalCarrierTextAndQAStatusAndPODUnset" time="0.416"/>
  <testcase classname="com.uiFramework.Genesis.regression.web.OrderTest" name="shouldValidateFullAddressDetails" time="0.483"/>
  <testcase classname="com.uiFramework.Genesis.regression.web.OrderTest" name="shouldFetchConsigneeAddressDetails" time="0.355"/>
  <testcase classname="com.uiFramework.Genesis.regression.web.OrderTest" name="shouldShowToastWhenConfirmingWithoutWeightOrPieces" time="7.336"/>
  <testcase classname="com.uiFramework.Genesis.regression.web.OrderTest" name="shouldCalculateRatedWeightAndLitWeightCorrectly" time="5.03"/>
  <testcase classname="com.uiFramework.Genesis.regression.web.OrderTest" name="shouldVerifyDraftOrderStatusAfterSave" time="5.842"/>
  <testcase classname="com.uiFramework.Genesis.regression.web.OrderTest" name="shouldGenerateBarcodeAfterOrderConfirmation" time="18.861"/>
  <testcase classname="com.uiFramework.Genesis.regression.web.OrderTest" name="shouldShowErrorWhenSavingEmptyCustomerAccessorial" time="10.917"/>
  <testcase classname="com.uiFramework.Genesis.regression.web.OrderTest" name="shouldDeleteCustomerAccessorialSuccessfully" time="23.645"/>
  <testcase classname="com.uiFramework.Genesis.regression.web.OrderTest" name="shouldSaveCustomerAccessorialAfterDeleteAndValidateCarrierValidation" time="8.21"/>
  <testcase classname="com.uiFramework.Genesis.regression.web.OrderTest" name="shouldAddEditAndDeleteCarrierAccessorialSuccessfully" time="19.642"/>
  <testcase classname="com.uiFramework.Genesis.regression.web.OrderTest" name="shouldSaveCarrierAccessorialAfterDeleteAndValidateCommentValidation" time="6.975"/>
  <testcase classname="com.uiFramework.Genesis.regression.web.OrderTest" name="shouldSaveTypeAndsubjectReqOnComment" time="3.017"/>
  <testcase classname="com.uiFramework.Genesis.regression.web.OrderTest" name="shouldAddEditAndDeleteCommentSuccessfully" time="15.649"/>
  <testcase classname="com.uiFramework.Genesis.regression.web.OrderTest" name="shouldSaveCommentAfterDelete" time="13.346"/>
  <testcase classname="com.uiFramework.Genesis.regression.web.OrderTest" name="shouldShowMandatoryFieldOnSaveFiles" time="5.913"/>
  <testcase classname="com.uiFramework.Genesis.regression.web.OrderTest" name="shouldUploadFileAndShowSuccessToast" time="2.75"/>
  <testcase classname="com.uiFramework.Genesis.regression.web.OrderTest" name="shouldDeleteFileSuccessfully" time="9.682"/>
  <testcase classname="com.uiFramework.Genesis.regression.web.OrderTest" name="shouldMatchOrderDetailsOnListingPage" time="17.001"/>
  <testcase classname="com.uiFramework.Genesis.regression.web.OrderTest" name="shouldValidateTotalPiecesAndWeightOnListingPage" time="0.12"/>
  <testcase classname="com.uiFramework.Genesis.regression.web.OrderTest" name="shouldValidateOrderStatusCountOnLabelBadges" time="80.222"/>
  <testcase classname="com.uiFramework.Genesis.regression.web.OrderTest" name="shouldShowErrorForDuplicateCustomerOrderNumber" time="62.224"/>
  <testcase classname="com.uiFramework.Genesis.regression.web.OrderTest" name="shouldNotGenerateBarcodeAndShowCorrectOrderStatusOnConfirm" time="17.702"/>
  <testcase classname="com.uiFramework.Genesis.regression.web.OrderTest" name="shouldShowErrorOnConfirmFromListingWithMissingFields" time="69.042"/>
  <testcase classname="com.uiFramework.Genesis.regression.web.OrderTest" name="shouldDeleteOrderSuccessfullyWhenInDraftStatusInDraft" time="19.161"/>
  <testcase classname="com.uiFramework.Genesis.regression.web.OrderTest" name="shouldCreateDistributorOrderWithRequiredDetails" time="88.245"/>
  <testcase classname="com.uiFramework.Genesis.regression.web.OrderTest" name="shouldDisplayBarcodeAfterDistributorOrderConfirmation" time="33.593"/>
  <testcase classname="com.uiFramework.Genesis.regression.web.OrderTest" name="shouldNotGenerateBarcodeWhenCheckboxIsUnchecked" time="139.689">
    <failure type="org.openqa.selenium.TimeoutException" message="Expected condition failed: waiting for element to be clickable: By.xpath: (//input[@class=&amp;apos;PrivateSwitchBase-input css-1m9pwf3&amp;apos;])[1] (tried for 40 second(s) with 500 milliseconds interval)
Build info: version: &amp;apos;4.12.0&amp;apos;, revision: &amp;apos;249f2a7d1b*&amp;apos;
System info: os.name: &amp;apos;Windows 10&amp;apos;, os.arch: &amp;apos;amd64&amp;apos;, os.version: &amp;apos;10.0&amp;apos;, java.version: &amp;apos;17.0.10&amp;apos;
Driver info: org.openqa.selenium.chrome.ChromeDriver
Capabilities {acceptInsecureCerts: false, browserName: chrome, browserVersion: 144.0.7559.133, chrome: {chromedriverVersion: 144.0.7559.133 (7da823b1d59..., userDataDir: C:\Users\EMP256\AppData\Loc...}, fedcm:accounts: true, goog:chromeOptions: {debuggerAddress: localhost:53398}, goog:processID: 47784, networkConnectionEnabled: false, pageLoadStrategy: normal, platformName: windows, proxy: Proxy(), se:cdp: ws://localhost:53398/devtoo..., se:cdpVersion: 144.0.7559.133, setWindowRect: true, strictFileInteractability: false, timeouts: {implicit: 0, pageLoad: 300000, script: 30000}, unhandledPromptBehavior: dismiss and notify, webauthn:extension:credBlob: true, webauthn:extension:largeBlob: true, webauthn:extension:minPinLength: true, webauthn:extension:prf: true, webauthn:virtualAuthenticators: true}
Session ID: c5b64bc47e4643c0bc3cbe155144455f">
      <![CDATA[org.openqa.selenium.TimeoutException: Expected condition failed: waiting for element to be clickable: By.xpath: (//input[@class='PrivateSwitchBase-input css-1m9pwf3'])[1] (tried for 40 second(s) with 500 milliseconds interval)
Build info: version: '4.12.0', revision: '249f2a7d1b*'
System info: os.name: 'Windows 10', os.arch: 'amd64', os.version: '10.0', java.version: '17.0.10'
Driver info: org.openqa.selenium.chrome.ChromeDriver
Capabilities {acceptInsecureCerts: false, browserName: chrome, browserVersion: 144.0.7559.133, chrome: {chromedriverVersion: 144.0.7559.133 (7da823b1d59..., userDataDir: C:\Users\EMP256\AppData\Loc...}, fedcm:accounts: true, goog:chromeOptions: {debuggerAddress: localhost:53398}, goog:processID: 47784, networkConnectionEnabled: false, pageLoadStrategy: normal, platformName: windows, proxy: Proxy(), se:cdp: ws://localhost:53398/devtoo..., se:cdpVersion: 144.0.7559.133, setWindowRect: true, strictFileInteractability: false, timeouts: {implicit: 0, pageLoad: 300000, script: 30000}, unhandledPromptBehavior: dismiss and notify, webauthn:extension:credBlob: true, webauthn:extension:largeBlob: true, webauthn:extension:minPinLength: true, webauthn:extension:prf: true, webauthn:virtualAuthenticators: true}
Session ID: c5b64bc47e4643c0bc3cbe155144455f
at org.openqa.selenium.support.ui.WebDriverWait.timeoutException(WebDriverWait.java:84)
at org.openqa.selenium.support.ui.FluentWait.until(FluentWait.java:230)
at com.uiFramework.Genesis.web.pages.OrderPage.safeClick(OrderPage.java:94)
at com.uiFramework.Genesis.web.pages.OrderPage.untickBarcodeGenertion(OrderPage.java:959)
at com.uiFramework.Genesis.regression.web.OrderTest.shouldNotGenerateBarcodeWhenCheckboxIsUnchecked(OrderTest.java:363)
at java.base/java.util.ArrayList.forEach(ArrayList.java:1511)
... Removed 27 stack frames]]>
    </failure>
  </testcase> <!-- shouldNotGenerateBarcodeWhenCheckboxIsUnchecked -->
  <testcase classname="com.uiFramework.Genesis.regression.web.OrderTest" name="shouldConfirmMultipleOrdersAndDisplaySuccessToast" time="130.542"/>
  <testcase classname="com.uiFramework.Genesis.regression.web.OrderTest" name="shouldAllowOrderDeletionAfterConfirmation" time="5.23"/>
  <testcase classname="com.uiFramework.Genesis.regression.web.OrderTest" name="shouldNotAllowDeletionWhenOrderInPalletStage" time="76.053">
    <failure type="java.lang.AssertionError" message="The following asserts failed:
	Not match expected [Order not in draft or inbound pallet pending stage] but found [Toast message Failed]">
      <![CDATA[java.lang.AssertionError: The following asserts failed:
Not match expected [Order not in draft or inbound pallet pending stage] but found [Toast message Failed]
at com.uiFramework.Genesis.regression.web.OrderTest.shouldNotAllowDeletionWhenOrderInPalletStage(OrderTest.java:402)
at java.base/java.util.ArrayList.forEach(ArrayList.java:1511)
... Removed 29 stack frames]]>
    </failure>
  </testcase> <!-- shouldNotAllowDeletionWhenOrderInPalletStage -->
  <testcase classname="com.uiFramework.Genesis.regression.web.OrderTest" name="shouldFilterOrdersByVariousFieldsSuccessfully" time="157.315"/>
  <testcase classname="com.uiFramework.Genesis.regression.web.OrderTest" name="shouldCheckColumnFilter" time="101.55"/>
  <testcase classname="com.uiFramework.Genesis.regression.web.OrderTest" name="shouldCheckPDFDownloadedOnOrderPage" time="7.285"/>
  <testcase classname="com.uiFramework.Genesis.regression.web.OrderTest" name="shouldCheckExcelDownloadedOnOrderPage" time="7.246"/>
  <testcase classname="com.uiFramework.Genesis.regression.web.InboundPalletTest" name="CreateInboundPalletforMainOrder" time="13.742"/>
  <testcase classname="com.uiFramework.Genesis.regression.web.InboundPalletTest" name="verifyInboundpalletCreateSuccefully" time="8.391"/>
  <testcase classname="com.uiFramework.Genesis.regression.web.InboundPalletTest" name="shouldNotMergeInboundPalletWithDifferentPickup" time="28.866"/>
  <testcase classname="com.uiFramework.Genesis.regression.web.InboundPalletTest" name="shouldPerformMergeWhenButtonClicked" time="23.359"/>
  <testcase classname="com.uiFramework.Genesis.regression.web.InboundPalletTest" name="shouldRemoveOrdersInEditPalletAndPalletAutoDelete" time="16.761"/>
  <testcase classname="com.uiFramework.Genesis.regression.web.InboundPalletTest" name="shouldAutoDeletePalletAndAllowOrderToBeAdded" time="18.504"/>
  <testcase classname="com.uiFramework.Genesis.regression.web.InboundPalletTest" name="shouldCreateMultiplePallet" time="29.834"/>
  <testcase classname="com.uiFramework.Genesis.regression.web.InboundPalletTest" name="shouldShowCreatedOrderInPalletListingPage" time="3.458"/>
  <testcase classname="com.uiFramework.Genesis.regression.web.InboundPalletTest" name="shouldAddPalletInEditModeWithPiecesAndWeightWithNoPopup" time="21.915"/>
  <testcase classname="com.uiFramework.Genesis.regression.web.InboundPalletTest" name="shouldNotAllowAddingSameOrderToAnotherPallet" time="30.981"/>
  <testcase classname="com.uiFramework.Genesis.regression.web.InboundPalletTest" name="shouldVerifyPalletQuantityAndStatusForInboundPallet" time="8.373">
    <failure type="java.lang.AssertionError" message="The following asserts failed:
	Pallet quantity not same on Edit Inbound pallet expected [9] but found [1]">
      <![CDATA[java.lang.AssertionError: The following asserts failed:
Pallet quantity not same on Edit Inbound pallet expected [9] but found [1]
at com.uiFramework.Genesis.web.pages.InboundPalletPage.addPalletQty(InboundPalletPage.java:832)
at com.uiFramework.Genesis.web.pages.InboundPalletPage.removedPalletQty(InboundPalletPage.java:817)
at com.uiFramework.Genesis.regression.web.InboundPalletTest.shouldVerifyPalletQuantityAndStatusForInboundPallet(InboundPalletTest.java:182)
at java.base/java.util.ArrayList.forEach(ArrayList.java:1511)
... Removed 29 stack frames]]>
    </failure>
  </testcase> <!-- shouldVerifyPalletQuantityAndStatusForInboundPallet -->
  <testcase classname="com.uiFramework.Genesis.regression.web.InboundPalletTest" name="shouldAllowDeletedPalletToBeAvailableAfterPalletDeletion" time="15.216"/>
  <testcase classname="com.uiFramework.Genesis.regression.web.InboundPalletTest" name="shouldCheckColumnFilter" time="56.859"/>
  <testcase classname="com.uiFramework.Genesis.regression.web.InboundPalletTest" name="shouldNotDeletePalletIfQADone" time="10.319"/>
  <testcase classname="com.uiFramework.Genesis.regression.web.InboundPalletTest" name="shouldNotAllowPalletEditingIfQADone" time="5.183"/>
  <testcase classname="com.uiFramework.Genesis.regression.web.InboundPalletTest" name="shouldApplyFiltersCorrectlyOnInboundPallet" time="65.484"/>
  <testcase classname="com.uiFramework.Genesis.regression.web.InboundPalletTest" name="shouldApplyColumnFiltersOnCreateInboundPallet" time="50.421"/>
  <testcase classname="com.uiFramework.Genesis.regression.web.InboundTruckTest" name="shouldVerifyPalletAvailableToAddInTruck" time="13.166"/>
  <testcase classname="com.uiFramework.Genesis.regression.web.InboundTruckTest" name="shouldDisplayToastMessageOnCreateTruck" time="31.975"/>
  <testcase classname="com.uiFramework.Genesis.regression.web.InboundTruckTest" name="shouldCheckDefaultCostEstimate" time="13.835"/>
  <testcase classname="com.uiFramework.Genesis.regression.web.InboundTruckTest" name="shouldCheckOrderProcessShowcorrect" time="2.813"/>
  <testcase classname="com.uiFramework.Genesis.regression.web.InboundTruckTest" name="shouldCreateTruckSuccessfullyAndVerifyTotalPiecesAndPalletQty" time="31.057"/>
  <testcase classname="com.uiFramework.Genesis.regression.web.InboundTruckTest" name="shouldVerifyTruckStatusAfterTruckCreation" time="0.319"/>
  <testcase classname="com.uiFramework.Genesis.regression.web.InboundTruckTest" name="shouldMatchCreatedTruckDetails" time="12.931"/>
  <testcase classname="com.uiFramework.Genesis.regression.web.InboundTruckTest" name="shouldUpdateTruckStatusOnMarkAsArrived" time="13.294"/>
  <testcase classname="com.uiFramework.Genesis.regression.web.InboundTruckTest" name="shouldDisplayTruckDetailsInEditMode" time="3.129"/>
  <testcase classname="com.uiFramework.Genesis.regression.web.InboundTruckTest" name="shouldRemovePalletFromTruckAndUpdateWeightAndEmptyStatus" time="3.129"/>
  <testcase classname="com.uiFramework.Genesis.regression.web.InboundTruckTest" name="shouldMakeRemovedPalletAvailableToAddInInboundCreateTruck" time="20.408"/>
  <testcase classname="com.uiFramework.Genesis.regression.web.InboundTruckTest" name="shouldAddPalletInEditModeWithCalculations" time="4.236">
    <failure type="java.lang.AssertionError" message="The following asserts failed:
	Truck status not Match after Adding pallets  expected [truck loaded] but found [waiting for load]">
      <![CDATA[java.lang.AssertionError: The following asserts failed:
Truck status not Match after Adding pallets  expected [truck loaded] but found [waiting for load]
at com.uiFramework.Genesis.regression.web.InboundTruckTest.shouldAddPalletInEditModeWithCalculations(InboundTruckTest.java:175)
at java.base/java.util.ArrayList.forEach(ArrayList.java:1511)
... Removed 29 stack frames]]>
    </failure>
  </testcase> <!-- shouldAddPalletInEditModeWithCalculations -->
  <testcase classname="com.uiFramework.Genesis.regression.web.InboundTruckTest" name="shouldNotAllowAddingPalletToCreateTruck" time="0.001">
    <skipped/>
  </testcase> <!-- shouldNotAllowAddingPalletToCreateTruck -->
  <testcase classname="com.uiFramework.Genesis.regression.web.InboundTruckTest" name="shouldDeleteTruckAndMakePalletAvailableToAddInInboundTruck" time="18.764">
    <failure type="java.lang.AssertionError" message="The following asserts failed:
	&amp;apos;No record found&amp;apos; is displayed .” Test Failed expected [false] but found [true]">
      <![CDATA[java.lang.AssertionError: The following asserts failed:
'No record found' is displayed .” Test Failed expected [false] but found [true]
at com.uiFramework.Genesis.regression.web.InboundTruckTest.shouldDeleteTruckAndMakePalletAvailableToAddInInboundTruck(InboundTruckTest.java:198)
at java.base/java.util.ArrayList.forEach(ArrayList.java:1511)
... Removed 29 stack frames]]>
    </failure>
  </testcase> <!-- shouldDeleteTruckAndMakePalletAvailableToAddInInboundTruck -->
  <testcase classname="com.uiFramework.Genesis.regression.web.InboundTruckTest" name="shouldCreateEmptyInboundTruck" time="30.136"/>
  <testcase classname="com.uiFramework.Genesis.regression.web.InboundTruckTest" name="shouldVerifyEmptyTruckQtyAndStatus" time="0.105"/>
  <testcase classname="com.uiFramework.Genesis.regression.web.InboundTruckTest" name="shouldUpdateOrderStatusWhenTruckLoaded" time="27.02">
    <failure type="java.lang.AssertionError" message="The following asserts failed:
	Not Match expected [Inbound QA Pending] but found [Draft]">
      <![CDATA[java.lang.AssertionError: The following asserts failed:
Not Match expected [Inbound QA Pending] but found [Draft]
at com.uiFramework.Genesis.regression.web.InboundTruckTest.shouldUpdateOrderStatusWhenTruckLoaded(InboundTruckTest.java:237)
at java.base/java.util.ArrayList.forEach(ArrayList.java:1511)
... Removed 29 stack frames]]>
    </failure>
  </testcase> <!-- shouldUpdateOrderStatusWhenTruckLoaded -->
  <testcase classname="com.uiFramework.Genesis.regression.web.InboundTruckTest" name="shouldNotDeleteTruckIfQADone" time="10.038"/>
  <testcase classname="com.uiFramework.Genesis.regression.web.InboundTruckTest" name="shouldNotAllowEditPalletIfQADone" time="8.158"/>
  <testcase classname="com.uiFramework.Genesis.regression.web.InboundTruckTest" name="shouldApplyFiltersCorrectlyOnInboundTruck" time="77.475"/>
  <testcase classname="com.uiFramework.Genesis.regression.web.InboundTruckTest" name="shouldApplyColumnFilterCorrectlyOnInboundTruck" time="35.677"/>
  <testcase classname="com.uiFramework.Genesis.regression.web.InboundTruckTest" name="shouldApplyColumnFilterCorrectlyOnInboundTruckCreate" time="41.896"/>
  <testcase classname="com.uiFramework.Genesis.regression.web.InboundTruckTest" name="shouldCheckMandateFiledForImportTruck" time="10.073"/>
  <testcase classname="com.uiFramework.Genesis.regression.web.InboundTruckTest" name="shouldCreateBulkInboundTruck" time="7.895"/>
  <testcase classname="com.uiFramework.Genesis.regression.web.InboundQATest" name="verifyPalletAvailable" time="6.257"/>
  <testcase classname="com.uiFramework.Genesis.regression.web.InboundQATest" name="verifyToasmsgOnQAPass" time="6.103"/>
  <testcase classname="com.uiFramework.Genesis.regression.web.InboundQATest" name="verifyTruckDataDisplayedCorrectlyOnView" time="11.48"/>
  <testcase classname="com.uiFramework.Genesis.regression.web.InboundQATest" name="verifyMandatoryPiecesOnSaveBtn" time="4.229"/>
  <testcase classname="com.uiFramework.Genesis.regression.web.InboundQATest" name="checkDefaultZeroPopulate" time="0.134"/>
  <testcase classname="com.uiFramework.Genesis.regression.web.InboundQATest" name="validateInboundQAscreen" time="27.554"/>
  <testcase classname="com.uiFramework.Genesis.regression.web.InboundQATest" name="validateTotalPiecesinTruck" time="2.492"/>
  <testcase classname="com.uiFramework.Genesis.regression.web.InboundQATest" name="checkValidationOnScanningPieces" time="39.61">
    <failure type="java.lang.AssertionError" message="The following asserts failed:
	Less enter scanned pieces message not found. expected [Scanned number of pieces does not match the received pieces.] but found [Toast message Failed]">
      <![CDATA[java.lang.AssertionError: The following asserts failed:
Less enter scanned pieces message not found. expected [Scanned number of pieces does not match the received pieces.] but found [Toast message Failed]
at com.uiFramework.Genesis.web.pages.InboundQAPage.processValidScan(InboundQAPage.java:504)
at com.uiFramework.Genesis.web.pages.InboundQAPage.checkValidationQAScanning(InboundQAPage.java:430)
at com.uiFramework.Genesis.regression.web.InboundQATest.checkValidationOnScanningPieces(InboundQATest.java:131)
at java.base/java.util.ArrayList.forEach(ArrayList.java:1511)
... Removed 29 stack frames]]>
    </failure>
  </testcase> <!-- checkValidationOnScanningPieces -->
  <testcase classname="com.uiFramework.Genesis.regression.web.InboundQATest" name="shouldCheckColumnFilterOnInboundQA" time="30.169"/>
  <testcase classname="com.uiFramework.Genesis.regression.web.InboundQATest" name="ValidateFilterOnQAListing" time="54.834"/>
  <testcase classname="com.uiFramework.Genesis.regression.web.InboundQATest" name="checkQAStatusFailedforInbound" time="51.408">
    <failure type="org.openqa.selenium.NoSuchElementException" message="no such element: Unable to locate element: {&amp;quot;method&amp;quot;:&amp;quot;xpath&amp;quot;,&amp;quot;selector&amp;quot;:&amp;quot;//table/tbody/tr/td[14]&amp;quot;}
  (Session info: chrome=144.0.7559.133)
For documentation on this error, please visit: https://www.selenium.dev/documentation/webdriver/troubleshooting/errors#no-such-element-exception
Build info: version: &amp;apos;4.12.0&amp;apos;, revision: &amp;apos;249f2a7d1b*&amp;apos;
System info: os.name: &amp;apos;Windows 10&amp;apos;, os.arch: &amp;apos;amd64&amp;apos;, os.version: &amp;apos;10.0&amp;apos;, java.version: &amp;apos;17.0.10&amp;apos;
Driver info: org.openqa.selenium.chrome.ChromeDriver
Command: [c5b64bc47e4643c0bc3cbe155144455f, findElement {using=xpath, value=//table/tbody/tr/td[14]}]
Capabilities {acceptInsecureCerts: false, browserName: chrome, browserVersion: 144.0.7559.133, chrome: {chromedriverVersion: 144.0.7559.133 (7da823b1d59..., userDataDir: C:\Users\EMP256\AppData\Loc...}, fedcm:accounts: true, goog:chromeOptions: {debuggerAddress: localhost:53398}, goog:processID: 47784, networkConnectionEnabled: false, pageLoadStrategy: normal, platformName: windows, proxy: Proxy(), se:cdp: ws://localhost:53398/devtoo..., se:cdpVersion: 144.0.7559.133, setWindowRect: true, strictFileInteractability: false, timeouts: {implicit: 0, pageLoad: 300000, script: 30000}, unhandledPromptBehavior: dismiss and notify, webauthn:extension:credBlob: true, webauthn:extension:largeBlob: true, webauthn:extension:minPinLength: true, webauthn:extension:prf: true, webauthn:virtualAuthenticators: true}
Session ID: c5b64bc47e4643c0bc3cbe155144455f">
      <![CDATA[org.openqa.selenium.NoSuchElementException: no such element: Unable to locate element: {"method":"xpath","selector":"//table/tbody/tr/td[14]"}
  (Session info: chrome=144.0.7559.133)
For documentation on this error, please visit: https://www.selenium.dev/documentation/webdriver/troubleshooting/errors#no-such-element-exception
Build info: version: '4.12.0', revision: '249f2a7d1b*'
System info: os.name: 'Windows 10', os.arch: 'amd64', os.version: '10.0', java.version: '17.0.10'
Driver info: org.openqa.selenium.chrome.ChromeDriver
Command: [c5b64bc47e4643c0bc3cbe155144455f, findElement {using=xpath, value=//table/tbody/tr/td[14]}]
Capabilities {acceptInsecureCerts: false, browserName: chrome, browserVersion: 144.0.7559.133, chrome: {chromedriverVersion: 144.0.7559.133 (7da823b1d59..., userDataDir: C:\Users\EMP256\AppData\Loc...}, fedcm:accounts: true, goog:chromeOptions: {debuggerAddress: localhost:53398}, goog:processID: 47784, networkConnectionEnabled: false, pageLoadStrategy: normal, platformName: windows, proxy: Proxy(), se:cdp: ws://localhost:53398/devtoo..., se:cdpVersion: 144.0.7559.133, setWindowRect: true, strictFileInteractability: false, timeouts: {implicit: 0, pageLoad: 300000, script: 30000}, unhandledPromptBehavior: dismiss and notify, webauthn:extension:credBlob: true, webauthn:extension:largeBlob: true, webauthn:extension:minPinLength: true, webauthn:extension:prf: true, webauthn:virtualAuthenticators: true}
Session ID: c5b64bc47e4643c0bc3cbe155144455f
at org.openqa.selenium.remote.codec.w3c.W3CHttpResponseCodec.createException(W3CHttpResponseCodec.java:200)
at org.openqa.selenium.remote.codec.w3c.W3CHttpResponseCodec.decode(W3CHttpResponseCodec.java:133)
at org.openqa.selenium.remote.codec.w3c.W3CHttpResponseCodec.decode(W3CHttpResponseCodec.java:52)
at org.openqa.selenium.remote.HttpCommandExecutor.execute(HttpCommandExecutor.java:191)
at org.openqa.selenium.remote.service.DriverCommandExecutor.invokeExecute(DriverCommandExecutor.java:196)
at org.openqa.selenium.remote.service.DriverCommandExecutor.execute(DriverCommandExecutor.java:171)
at org.openqa.selenium.remote.RemoteWebDriver.execute(RemoteWebDriver.java:602)
at org.openqa.selenium.remote.ElementLocation$ElementFinder$2.findElement(ElementLocation.java:165)
at org.openqa.selenium.remote.ElementLocation.findElement(ElementLocation.java:59)
at org.openqa.selenium.remote.RemoteWebDriver.findElement(RemoteWebDriver.java:359)
at org.openqa.selenium.remote.RemoteWebDriver.findElement(RemoteWebDriver.java:353)
at com.uiFramework.Genesis.web.pages.CommonPage.getMandatoryText(CommonPage.java:302)
at com.uiFramework.Genesis.web.pages.InboundQAPage.getOrderQAStatus(InboundQAPage.java:592)
at com.uiFramework.Genesis.regression.web.InboundQATest.checkQAStatusFailedforInbound(InboundQATest.java:195)
at java.base/java.util.ArrayList.forEach(ArrayList.java:1511)
... Removed 31 stack frames]]>
    </failure>
  </testcase> <!-- checkQAStatusFailedforInbound -->
  <testcase classname="com.uiFramework.Genesis.regression.web.InboundQATest" name="checkQAStatusforInbound" time="7.172"/>
  <testcase classname="com.uiFramework.Genesis.regression.web.OutboundPalletTest" name="shouldCreateOutboundPalletForMainOrder" time="15.588"/>
  <testcase classname="com.uiFramework.Genesis.regression.web.OutboundPalletTest" name="shouldCreateOutboundPalletSuccessfully" time="11.426"/>
  <testcase classname="com.uiFramework.Genesis.regression.web.OutboundPalletTest" name="shouldDisplaySelectedWarehouseOrderInGrid" time="11.081"/>
  <testcase classname="com.uiFramework.Genesis.regression.web.OutboundPalletTest" name="shouldPerformMergeFunctionOnOutboundPallet" time="12.033"/>
  <testcase classname="com.uiFramework.Genesis.regression.web.OutboundPalletTest" name="shouldCreateSinglePalletOnMergeClick" time="0.932"/>
  <testcase classname="com.uiFramework.Genesis.regression.web.OutboundPalletTest" name="shouldIncludeMultipleLDAsInSinglePallet" time="0.104">
    <skipped/>
  </testcase> <!-- shouldIncludeMultipleLDAsInSinglePallet -->
  <testcase classname="com.uiFramework.Genesis.regression.web.OutboundPalletTest" name="shouldUpdatePalletStatusAfterPalletCreation" time="3.34"/>
  <testcase classname="com.uiFramework.Genesis.regression.web.OutboundPalletTest" name="shouldAllowEditPalletWithAutoDeletedPallet" time="12.451"/>
  <testcase classname="com.uiFramework.Genesis.regression.web.OutboundPalletTest" name="verifyAutoDeletedPalletNotVisibleAndOrderIsAvailableToAdd" time="19.383"/>
  <testcase classname="com.uiFramework.Genesis.regression.web.OutboundPalletTest" name="shouldCreatePalletAndMaintainCheckboxSelectionAcrossPagination" time="26.18"/>
  <testcase classname="com.uiFramework.Genesis.regression.web.OutboundPalletTest" name="verifyCreatedOrderIsAvailableInPallet" time="8.361"/>
  <testcase classname="com.uiFramework.Genesis.regression.web.OutboundPalletTest" name="shouldDisplayPalletStatusInListingAfterObtPalletCreation" time="0.11"/>
  <testcase classname="com.uiFramework.Genesis.regression.web.OutboundPalletTest" name="shouldAddPalletInEditModeWithPiecesAndWeightWithNoPopup" time="14.214"/>
  <testcase classname="com.uiFramework.Genesis.regression.web.OutboundPalletTest" name="shouldNotAllowAddedOrdersForPalletCreation" time="16.149"/>
  <testcase classname="com.uiFramework.Genesis.regression.web.OutboundPalletTest" name="shouldVerifyPalletQuantityOnOutboundPallet" time="34.148"/>
  <testcase classname="com.uiFramework.Genesis.regression.web.OutboundPalletTest" name="shouldDeletePalletAndMakeOrdersAvailableAfterDeletion" time="13.109"/>
  <testcase classname="com.uiFramework.Genesis.regression.web.OutboundPalletTest" name="shouldNotAllowPalletDeletionAfterArrival" time="11.651"/>
  <testcase classname="com.uiFramework.Genesis.regression.web.OutboundPalletTest" name="shouldCheckPaginationOnCreateOutboundPalletScreen" time="45.209"/>
  <testcase classname="com.uiFramework.Genesis.regression.web.OutboundTruckTest" name="shouldPalletAvailableToCreateOutboundTruck" time="18.653"/>
  <testcase classname="com.uiFramework.Genesis.regression.web.OutboundTruckTest" name="shouldDisplayToastMessageOnCreateObtTruck" time="23.893"/>
  <testcase classname="com.uiFramework.Genesis.regression.web.OutboundTruckTest" name="shouldDisplayDefaultCostEstimateAndOrderProcess" time="42.193"/>
  <testcase classname="com.uiFramework.Genesis.regression.web.OutboundTruckTest" name="shouldAllowEditingDropLocationDetailsInNonUPSCase" time="15.315"/>
  <testcase classname="com.uiFramework.Genesis.regression.web.OutboundTruckTest" name="shouldValidateMultiDropForNonUPSCase" time="25.746"/>
  <testcase classname="com.uiFramework.Genesis.regression.web.OutboundTruckTest" name="shouldClearFieldsWhenClearButtonClickedOnObtCreateTruck" time="5.312"/>
  <testcase classname="com.uiFramework.Genesis.regression.web.OutboundTruckTest" name="shouldVerifyAddedPalletWTandPiecesLoadedIntoTruck" time="39.281">
    <failure type="java.lang.AssertionError" message="Mismatch in Total pieces and final pieces! expected [33] but found [41]">
      <![CDATA[java.lang.AssertionError: Mismatch in Total pieces and final pieces! expected [33] but found [41]
at com.uiFramework.Genesis.web.pages.OutboundTruckPage.palletAddCalculation(OutboundTruckPage.java:455)
at com.uiFramework.Genesis.web.pages.OutboundTruckPage.creatTruckwithCheckTotalPiecesandpallet(OutboundTruckPage.java:302)
at com.uiFramework.Genesis.regression.web.OutboundTruckTest.shouldVerifyAddedPalletWTandPiecesLoadedIntoTruck(OutboundTruckTest.java:128)
at java.base/java.util.ArrayList.forEach(ArrayList.java:1511)
... Removed 33 stack frames]]>
    </failure>
  </testcase> <!-- shouldVerifyAddedPalletWTandPiecesLoadedIntoTruck -->
  <testcase classname="com.uiFramework.Genesis.regression.web.OutboundTruckTest" name="shouldRouteOrderEditable" time="16.79"/>
  <testcase classname="com.uiFramework.Genesis.regression.web.OutboundTruckTest" name="shouldCreateSuccessfullyAndIncreseCountByOne" time="6.618"/>
  <testcase classname="com.uiFramework.Genesis.regression.web.OutboundTruckTest" name="shouldUpdateTruckStatusAfterTruckCreation" time="0.08"/>
  <testcase classname="com.uiFramework.Genesis.regression.web.OutboundTruckTest" name="shouldVerifyCreatedTruckDetailsAndPalletQtyMatch" time="18.814">
    <failure type="java.lang.AssertionError" message="FAIL: Truck data mismatch with Listing page. Missing: Rocky expected [true] but found [false]">
      <![CDATA[java.lang.AssertionError: FAIL: Truck data mismatch with Listing page. Missing: Rocky expected [true] but found [false]
at com.uiFramework.Genesis.web.pages.OutboundTruckPage.verifyTruckDetailsandPalletOrder(OutboundTruckPage.java:514)
at com.uiFramework.Genesis.regression.web.OutboundTruckTest.shouldVerifyCreatedTruckDetailsAndPalletQtyMatch(OutboundTruckTest.java:161)
at java.base/java.util.ArrayList.forEach(ArrayList.java:1511)
... Removed 30 stack frames]]>
    </failure>
  </testcase> <!-- shouldVerifyCreatedTruckDetailsAndPalletQtyMatch -->
  <testcase classname="com.uiFramework.Genesis.regression.web.OutboundTruckTest" name="shouldDisplayLDACodesCorrectlyOnListing" time="0.0">
    <skipped/>
  </testcase> <!-- shouldDisplayLDACodesCorrectlyOnListing -->
  <testcase classname="com.uiFramework.Genesis.regression.web.OutboundTruckTest" name="shouldDisplayTruckDetailsInEditOutboundTruckMode" time="4.821"/>
  <testcase classname="com.uiFramework.Genesis.regression.web.OutboundTruckTest" name="shouldAllowEditingLTL3rdPartyAndCostEstimate" time="0.106"/>
  <testcase classname="com.uiFramework.Genesis.regression.web.OutboundTruckTest" name="shouldNotAllowMultiDropLocationForNonUPS" time="2.416"/>
  <testcase classname="com.uiFramework.Genesis.regression.web.OutboundTruckTest" name="shouldRemovePalletFromTruckAndUpdateWeightAndEmptyTruckStatus" time="24.688"/>
  <testcase classname="com.uiFramework.Genesis.regression.web.OutboundTruckTest" name="shouldVerifyOrderProcessDuringOutboundTruckEdit" time="29.127"/>
  <testcase classname="com.uiFramework.Genesis.regression.web.OutboundTruckTest" name="shouldRemovedPalletAvailableToAddInOuboundCreateTruck" time="30.312"/>
  <testcase classname="com.uiFramework.Genesis.regression.web.OutboundTruckTest" name="shouldAddPalletInEditModeWithCalculationsAndShouldUpdateStatus" time="83.79"/>
  <testcase classname="com.uiFramework.Genesis.regression.web.OutboundTruckTest" name="shouldNotAllowAddedPalletToCreateOutboundTruck" time="36.55"/>
  <testcase classname="com.uiFramework.Genesis.regression.web.OutboundTruckTest" name="shouldVerifyCostEstimateOnEditingOutboundTruck" time="13.559"/>
  <testcase classname="com.uiFramework.Genesis.regression.web.OutboundTruckTest" name="shouldUpdateRoutesInEditOutboundTruck" time="2.848"/>
  <testcase classname="com.uiFramework.Genesis.regression.web.OutboundTruckTest" name="shouldDeleteTruckAndMakeOrdersAvailableToAdd" time="38.975"/>
  <testcase classname="com.uiFramework.Genesis.regression.web.OutboundTruckTest" name="shouldCreateEmptyOutboundTruck" time="33.417"/>
  <testcase classname="com.uiFramework.Genesis.regression.web.OutboundTruckTest" name="shouldVerifyTruckQuantityAndStatusForEmptyTruck" time="1.212"/>
  <testcase classname="com.uiFramework.Genesis.regression.web.OutboundTruckTest" name="shouldNotAllowTruckDeletionIfTruckHasArrived" time="8.353"/>
  <testcase classname="com.uiFramework.Genesis.regression.web.OutboundTruckTest" name="shouldNotAllowPalletEditingOnceArrived" time="7.935"/>
  <testcase classname="com.uiFramework.Genesis.regression.web.OutboundTruckTest" name="shouldApplyFiltersCorrectlyOnOutboundTruck" time="66.699"/>
  <testcase classname="com.uiFramework.Genesis.regression.web.OutboundTruckTest" name="shouldApplyColumnFilterForOutboundTruck" time="32.005"/>
  <testcase classname="com.uiFramework.Genesis.regression.web.OutboundTruckTest" name="shouldApplyColumnFilterOnOutboundTruckCreatePage" time="46.271"/>
  <testcase classname="com.uiFramework.Genesis.regression.web.UpdateTrackingTest" name="shouldShowErrorMessageIfReqFieldNotSelected" time="16.133"/>
  <testcase classname="com.uiFramework.Genesis.regression.web.UpdateTrackingTest" name="shouldAllowUserToUpdateMultipleRequestsAtOnce" time="23.142"/>
  <testcase classname="com.uiFramework.Genesis.regression.web.UpdateTrackingTest" name="shouldAllowUserToDownloadExcelOfGridData" time="5.57"/>
  <testcase classname="com.uiFramework.Genesis.regression.web.UpdateTrackingTest" name="shouldNotAllowFileUpdateWithoutTrackingNumberDetails" time="10.03"/>
  <testcase classname="com.uiFramework.Genesis.regression.web.UpdateTrackingTest" name="shouldNotAllowFileUpdateWithoutETADetails" time="7.82"/>
  <testcase classname="com.uiFramework.Genesis.regression.web.UpdateTrackingTest" name="shouldNotAllowUpdateWithoutRequiredDetails" time="8.065"/>
  <testcase classname="com.uiFramework.Genesis.regression.web.UpdateTrackingTest" name="shouldAllowUpdateWithValidData" time="7.12"/>
  <testcase classname="com.uiFramework.Genesis.regression.web.UpdateTrackingTest" name="shouldValidateMultipleRequestData" time="15.179"/>
  <testcase classname="com.uiFramework.Genesis.regression.web.DocQueueTest" name="shouldShowErrorMessageIfRequiredFieldNotSelected" time="4.161"/>
  <testcase classname="com.uiFramework.Genesis.regression.web.DocQueueTest" name="shouldDisplayRegularRequestsOnRegularCheckbox" time="15.633"/>
  <testcase classname="com.uiFramework.Genesis.regression.web.DocQueueTest" name="shouldDisplayReconsignmentRequestsOnReconsignmentCheckbox" time="14.553"/>
  <testcase classname="com.uiFramework.Genesis.regression.web.DocQueueTest" name="shouldDisplayCloseoutRequestsOnCloseoutCheckbox" time="13.4"/>
  <testcase classname="com.uiFramework.Genesis.regression.web.DocQueueTest" name="shouldCreateDifferentLBOLsForDifferentConsignees" time="19.764"/>
  <testcase classname="com.uiFramework.Genesis.regression.web.DocQueueTest" name="shouldConfirmDifferentRequestsCreatedForDifferentConsignees" time="11.58"/>
  <testcase classname="com.uiFramework.Genesis.regression.web.DocQueueTest" name="shouldCreateDifferentManifestsForDifferentLDAs" time="32.641">
    <failure type="org.openqa.selenium.NoSuchElementException" message="no such element: Unable to locate element: {&amp;quot;method&amp;quot;:&amp;quot;xpath&amp;quot;,&amp;quot;selector&amp;quot;:&amp;quot;//table/tbody/tr[30]//td[8]&amp;quot;}
  (Session info: chrome=144.0.7559.133)
For documentation on this error, please visit: https://www.selenium.dev/documentation/webdriver/troubleshooting/errors#no-such-element-exception
Build info: version: &amp;apos;4.12.0&amp;apos;, revision: &amp;apos;249f2a7d1b*&amp;apos;
System info: os.name: &amp;apos;Windows 10&amp;apos;, os.arch: &amp;apos;amd64&amp;apos;, os.version: &amp;apos;10.0&amp;apos;, java.version: &amp;apos;17.0.10&amp;apos;
Driver info: org.openqa.selenium.chrome.ChromeDriver
Command: [c5b64bc47e4643c0bc3cbe155144455f, findElement {using=xpath, value=//table/tbody/tr[30]//td[8]}]
Capabilities {acceptInsecureCerts: false, browserName: chrome, browserVersion: 144.0.7559.133, chrome: {chromedriverVersion: 144.0.7559.133 (7da823b1d59..., userDataDir: C:\Users\EMP256\AppData\Loc...}, fedcm:accounts: true, goog:chromeOptions: {debuggerAddress: localhost:53398}, goog:processID: 47784, networkConnectionEnabled: false, pageLoadStrategy: normal, platformName: windows, proxy: Proxy(), se:cdp: ws://localhost:53398/devtoo..., se:cdpVersion: 144.0.7559.133, setWindowRect: true, strictFileInteractability: false, timeouts: {implicit: 0, pageLoad: 300000, script: 30000}, unhandledPromptBehavior: dismiss and notify, webauthn:extension:credBlob: true, webauthn:extension:largeBlob: true, webauthn:extension:minPinLength: true, webauthn:extension:prf: true, webauthn:virtualAuthenticators: true}
Session ID: c5b64bc47e4643c0bc3cbe155144455f">
      <![CDATA[org.openqa.selenium.NoSuchElementException: no such element: Unable to locate element: {"method":"xpath","selector":"//table/tbody/tr[30]//td[8]"}
  (Session info: chrome=144.0.7559.133)
For documentation on this error, please visit: https://www.selenium.dev/documentation/webdriver/troubleshooting/errors#no-such-element-exception
Build info: version: '4.12.0', revision: '249f2a7d1b*'
System info: os.name: 'Windows 10', os.arch: 'amd64', os.version: '10.0', java.version: '17.0.10'
Driver info: org.openqa.selenium.chrome.ChromeDriver
Command: [c5b64bc47e4643c0bc3cbe155144455f, findElement {using=xpath, value=//table/tbody/tr[30]//td[8]}]
Capabilities {acceptInsecureCerts: false, browserName: chrome, browserVersion: 144.0.7559.133, chrome: {chromedriverVersion: 144.0.7559.133 (7da823b1d59..., userDataDir: C:\Users\EMP256\AppData\Loc...}, fedcm:accounts: true, goog:chromeOptions: {debuggerAddress: localhost:53398}, goog:processID: 47784, networkConnectionEnabled: false, pageLoadStrategy: normal, platformName: windows, proxy: Proxy(), se:cdp: ws://localhost:53398/devtoo..., se:cdpVersion: 144.0.7559.133, setWindowRect: true, strictFileInteractability: false, timeouts: {implicit: 0, pageLoad: 300000, script: 30000}, unhandledPromptBehavior: dismiss and notify, webauthn:extension:credBlob: true, webauthn:extension:largeBlob: true, webauthn:extension:minPinLength: true, webauthn:extension:prf: true, webauthn:virtualAuthenticators: true}
Session ID: c5b64bc47e4643c0bc3cbe155144455f
at org.openqa.selenium.remote.codec.w3c.W3CHttpResponseCodec.createException(W3CHttpResponseCodec.java:200)
at org.openqa.selenium.remote.codec.w3c.W3CHttpResponseCodec.decode(W3CHttpResponseCodec.java:133)
at org.openqa.selenium.remote.codec.w3c.W3CHttpResponseCodec.decode(W3CHttpResponseCodec.java:52)
at org.openqa.selenium.remote.HttpCommandExecutor.execute(HttpCommandExecutor.java:191)
at org.openqa.selenium.remote.service.DriverCommandExecutor.invokeExecute(DriverCommandExecutor.java:196)
at org.openqa.selenium.remote.service.DriverCommandExecutor.execute(DriverCommandExecutor.java:171)
at org.openqa.selenium.remote.RemoteWebDriver.execute(RemoteWebDriver.java:602)
at org.openqa.selenium.remote.ElementLocation$ElementFinder$2.findElement(ElementLocation.java:165)
at org.openqa.selenium.remote.ElementLocation.findElement(ElementLocation.java:59)
at org.openqa.selenium.remote.RemoteWebDriver.findElement(RemoteWebDriver.java:359)
at org.openqa.selenium.remote.RemoteWebDriver.findElement(RemoteWebDriver.java:353)
at com.uiFramework.Genesis.web.pages.DocQueue.createLDAForDiffConsignees(DocQueue.java:307)
at com.uiFramework.Genesis.web.pages.DocQueue.createManifestForDiffLDA(DocQueue.java:352)
at com.uiFramework.Genesis.regression.web.DocQueueTest.shouldCreateDifferentManifestsForDifferentLDAs(DocQueueTest.java:93)
at java.base/java.util.ArrayList.forEach(ArrayList.java:1511)
... Removed 31 stack frames]]>
    </failure>
  </testcase> <!-- shouldCreateDifferentManifestsForDifferentLDAs -->
  <testcase classname="com.uiFramework.Genesis.regression.web.DocQueueTest" name="shouldConfirmDifferentRequestsCreatedForDifferentLDAs" time="0.0">
    <skipped/>
  </testcase> <!-- shouldConfirmDifferentRequestsCreatedForDifferentLDAs -->
  <testcase classname="com.uiFramework.Genesis.regression.web.DocQueueTest" name="shouldCreateDifferentOrderProcessesForSameLDA" time="162.608">
    <failure type="java.lang.AssertionError" message="not find two rows with different text ">
      <![CDATA[java.lang.AssertionError: not find two rows with different text 
at com.uiFramework.Genesis.web.pages.DocQueue.checkDiffTypeOrderMerge(DocQueue.java:395)
at com.uiFramework.Genesis.regression.web.DocQueueTest.shouldCreateDifferentOrderProcessesForSameLDA(DocQueueTest.java:116)
at java.base/java.util.ArrayList.forEach(ArrayList.java:1511)
... Removed 28 stack frames]]>
    </failure>
  </testcase> <!-- shouldCreateDifferentOrderProcessesForSameLDA -->
  <testcase classname="com.uiFramework.Genesis.regression.web.DocQueueTest" name="shouldConfirmSameRequestCreatedForDifferentLDAs" time="0.0">
    <skipped/>
  </testcase> <!-- shouldConfirmSameRequestCreatedForDifferentLDAs -->
  <testcase classname="com.uiFramework.Genesis.regression.web.DocQueueTest" name="shouldCreateDifferentOrderProcessesForDifferentLDAs" time="15.266"/>
  <testcase classname="com.uiFramework.Genesis.regression.web.DocQueueTest" name="shouldConfirmDiffRequestsCreatedForDifferentLDAs" time="12.28">
    <failure type="java.lang.AssertionError" message="The following asserts failed:
	 expected [8788] but found [803]">
      <![CDATA[java.lang.AssertionError: The following asserts failed:
 expected [8788] but found [803]
at com.uiFramework.Genesis.regression.web.DocQueueTest.shouldConfirmDiffRequestsCreatedForDifferentLDAs(DocQueueTest.java:152)
at java.base/java.util.ArrayList.forEach(ArrayList.java:1511)
... Removed 29 stack frames]]>
    </failure>
  </testcase> <!-- shouldConfirmDiffRequestsCreatedForDifferentLDAs -->
  <testcase classname="com.uiFramework.Genesis.regression.web.DocQueueTest" name="shouldCreateDocumentsForMainOrder" time="14.73"/>
  <testcase classname="com.uiFramework.Genesis.regression.web.DocQueueTest" name="shouldRetrieveDocumentsForMainOrder" time="13.84"/>
  <testcase classname="com.uiFramework.Genesis.regression.web.DocQueueTest" name="shouldCheckColumnFilterOnSplitPOD" time="26.515"/>
  <testcase classname="com.uiFramework.Genesis.regression.web.DocQueueTest" name="shouldPersistColumnFilterOnSplitPOD" time="13.162"/>
  <testcase classname="com.uiFramework.Genesis.regression.web.OutboundQATest" name="shouldAcceptManifestForMainOrder" time="79.011">
    <failure type="java.lang.AssertionError" message="The following asserts failed:
	Toast not Displayed For outbound QA done. expected [QA details update successfully] but found [Toast message Failed]">
      <![CDATA[java.lang.AssertionError: The following asserts failed:
Toast not Displayed For outbound QA done. expected [QA details update successfully] but found [Toast message Failed]
at com.uiFramework.Genesis.regression.web.OutboundQATest.shouldAcceptManifestForMainOrder(OutboundQATest.java:59)
at java.base/java.util.ArrayList.forEach(ArrayList.java:1511)
... Removed 29 stack frames]]>
    </failure>
  </testcase> <!-- shouldAcceptManifestForMainOrder -->
  <testcase classname="com.uiFramework.Genesis.regression.web.OutboundQATest" name="shouldDisplayEditableFieldsForTrackingUpdatedRequest" time="27.323"/>
  <testcase classname="com.uiFramework.Genesis.regression.web.OutboundQATest" name="shouldCheckMandateMsgIfOrderNotSelected" time="40.83">
    <failure type="java.lang.AssertionError" message="The following asserts failed:
	Not Found! expected [Please select at least one record.] but found [Toast message Failed]">
      <![CDATA[java.lang.AssertionError: The following asserts failed:
Not Found! expected [Please select at least one record.] but found [Toast message Failed]
at com.uiFramework.Genesis.regression.web.OutboundQATest.shouldCheckMandateMsgIfOrderNotSelected(OutboundQATest.java:88)
at java.base/java.util.ArrayList.forEach(ArrayList.java:1511)
... Removed 29 stack frames]]>
    </failure>
  </testcase> <!-- shouldCheckMandateMsgIfOrderNotSelected -->
  <testcase classname="com.uiFramework.Genesis.regression.web.OutboundQATest" name="shouldNotAllowEnteringExtraReceivedOrderPieces" time="0.0">
    <skipped/>
  </testcase> <!-- shouldNotAllowEnteringExtraReceivedOrderPieces -->
  <testcase classname="com.uiFramework.Genesis.regression.web.OutboundQATest" name="shouldPopulateDefaultValueAsZero" time="0.0">
    <skipped/>
  </testcase> <!-- shouldPopulateDefaultValueAsZero -->
  <testcase classname="com.uiFramework.Genesis.regression.web.OutboundQATest" name="shouldNotAllowEnteringExtraLiteratureOrderPieces" time="0.0">
    <skipped/>
  </testcase> <!-- shouldNotAllowEnteringExtraLiteratureOrderPieces -->
  <testcase classname="com.uiFramework.Genesis.regression.web.OutboundQATest" name="shouldValidateReceivedOrderPiecesWhenMarkSameQtyButtonClicked" time="0.442"/>
  <testcase classname="com.uiFramework.Genesis.regression.web.OutboundQATest" name="shouldValidateLitOrderPiecesWhenMarkSameQtyButtonClicked" time="0.105"/>
  <testcase classname="com.uiFramework.Genesis.regression.web.OutboundQATest" name="shouldDisplaySelectedLDAInGrid" time="0.063"/>
  <testcase classname="com.uiFramework.Genesis.regression.web.OutboundQATest" name="shouldDisplaySelectedManifestInGrid" time="0.093"/>
  <testcase classname="com.uiFramework.Genesis.regression.web.OutboundQATest" name="shouldDisplayCorrectTotalPiecesCount" time="0.419"/>
  <testcase classname="com.uiFramework.Genesis.regression.web.OutboundQATest" name="shouldMakeReceivedDateMandatory" time="8.97"/>
  <testcase classname="com.uiFramework.Genesis.regression.web.OutboundQATest" name="shouldMakeVoiceMailDateMandatory" time="9.172"/>
  <testcase classname="com.uiFramework.Genesis.regression.web.OutboundQATest" name="shouldVerifyReceivedAndVoicemailDatesAreCurrentDate" time="1.205"/>
  <testcase classname="com.uiFramework.Genesis.regression.web.OutboundQATest" name="shouldAllowUserToPartialOutboundQA" time="12.031"/>
  <testcase classname="com.uiFramework.Genesis.regression.web.OutboundQATest" name="shouldUpdateOrderStatusAfterPartialOutboundQADone" time="8.091"/>
  <testcase classname="com.uiFramework.Genesis.regression.web.OutboundQATest" name="shouldCheckFisrtOrderShouldBeDisable" time="4.979">
    <skipped/>
  </testcase> <!-- shouldCheckFisrtOrderShouldBeDisable -->
  <testcase classname="com.uiFramework.Genesis.regression.web.OutboundQATest" name="shouldAllowUserToOpenCompletedQA" time="18.686"/>
  <testcase classname="com.uiFramework.Genesis.regression.web.OutboundQATest" name="shouldUpdateOrderStatusAfterOutboundQADone" time="8.093">
    <failure type="java.lang.AssertionError" message="The following asserts failed:
	Not match! expected [Consignee Delivery Schedule Pending] but found [Outbound QA Pending]">
      <![CDATA[java.lang.AssertionError: The following asserts failed:
Not match! expected [Consignee Delivery Schedule Pending] but found [Outbound QA Pending]
at com.uiFramework.Genesis.regression.web.OutboundQATest.shouldUpdateOrderStatusAfterOutboundQADone(OutboundQATest.java:260)
at java.base/java.util.ArrayList.forEach(ArrayList.java:1511)
... Removed 29 stack frames]]>
    </failure>
  </testcase> <!-- shouldUpdateOrderStatusAfterOutboundQADone -->
  <testcase classname="com.uiFramework.Genesis.regression.web.OutboundQATest" name="shouldUpdateOrderStatusAfterSchedDellivery" time="0.0">
    <skipped/>
  </testcase> <!-- shouldUpdateOrderStatusAfterSchedDellivery -->
  <testcase classname="com.uiFramework.Genesis.regression.web.ConsigneeQATest" name="shouldDisplayEditableFieldsForTrackingUpdatedRequest" time="76.808"/>
  <testcase classname="com.uiFramework.Genesis.regression.web.ConsigneeQATest" name="shouldNotAllowEnteringExtraReceivedOrderPieces" time="0.814"/>
  <testcase classname="com.uiFramework.Genesis.regression.web.ConsigneeQATest" name="shouldNotAllowEnteringExtraLiteratureOrderPieces" time="10.157"/>
  <testcase classname="com.uiFramework.Genesis.regression.web.ConsigneeQATest" name="shouldValidateReceivedOrderPiecesWhenMarkSameQtyBtnClicked" time="0.813"/>
  <testcase classname="com.uiFramework.Genesis.regression.web.ConsigneeQATest" name="shouldValidateLiteratureOrderPiecesWhenMarkSameQtyBtnClicked" time="0.083"/>
  <testcase classname="com.uiFramework.Genesis.regression.web.ConsigneeQATest" name="shouldAllowUserToSaveDetailsInDraft" time="5.586"/>
  <testcase classname="com.uiFramework.Genesis.regression.web.ConsigneeQATest" name="shouldAllowUserToOpenDraftRequest" time="18.196"/>
  <testcase classname="com.uiFramework.Genesis.regression.web.ConsigneeQATest" name="shouldAllowUserToUploadExcelFile" time="0.843"/>
  <testcase classname="com.uiFramework.Genesis.regression.web.ConsigneeQATest" name="shouldNotAllowSavingFileWithoutTime" time="20.976">
    <failure type="java.lang.AssertionError" message="The following asserts failed:
	expected [Delivery Date &amp;amp; Time is required.] but found [],
	expected [Delivery Signed By is required] but found []">
      <![CDATA[java.lang.AssertionError: The following asserts failed:
expected [Delivery Date & Time is required.] but found [],
expected [Delivery Signed By is required] but found []
at com.uiFramework.Genesis.regression.web.ConsigneeQATest.shouldNotAllowSavingFileWithoutTime(ConsigneeQATest.java:124)
at java.base/java.util.ArrayList.forEach(ArrayList.java:1511)
... Removed 29 stack frames]]>
    </failure>
  </testcase> <!-- shouldNotAllowSavingFileWithoutTime -->
  <testcase classname="com.uiFramework.Genesis.regression.web.ConsigneeQATest" name="shouldAllowUserToCompleteRequest" time="15.492">
    <failure type="org.openqa.selenium.TimeoutException" message="Expected condition failed: waiting for element to be clickable: By.xpath: //*[@id=&amp;apos;consigneeQadeliveryDateTime&amp;apos;]/button (tried for 10 second(s) with 250 milliseconds interval)
Build info: version: &amp;apos;4.12.0&amp;apos;, revision: &amp;apos;249f2a7d1b*&amp;apos;
System info: os.name: &amp;apos;Windows 10&amp;apos;, os.arch: &amp;apos;amd64&amp;apos;, os.version: &amp;apos;10.0&amp;apos;, java.version: &amp;apos;17.0.10&amp;apos;
Driver info: org.openqa.selenium.chrome.ChromeDriver
Capabilities {acceptInsecureCerts: false, browserName: chrome, browserVersion: 144.0.7559.133, chrome: {chromedriverVersion: 144.0.7559.133 (7da823b1d59..., userDataDir: C:\Users\EMP256\AppData\Loc...}, fedcm:accounts: true, goog:chromeOptions: {debuggerAddress: localhost:53398}, goog:processID: 47784, networkConnectionEnabled: false, pageLoadStrategy: normal, platformName: windows, proxy: Proxy(), se:cdp: ws://localhost:53398/devtoo..., se:cdpVersion: 144.0.7559.133, setWindowRect: true, strictFileInteractability: false, timeouts: {implicit: 0, pageLoad: 300000, script: 30000}, unhandledPromptBehavior: dismiss and notify, webauthn:extension:credBlob: true, webauthn:extension:largeBlob: true, webauthn:extension:minPinLength: true, webauthn:extension:prf: true, webauthn:virtualAuthenticators: true}
Session ID: c5b64bc47e4643c0bc3cbe155144455f">
      <![CDATA[org.openqa.selenium.TimeoutException: Expected condition failed: waiting for element to be clickable: By.xpath: //*[@id='consigneeQadeliveryDateTime']/button (tried for 10 second(s) with 250 milliseconds interval)
Build info: version: '4.12.0', revision: '249f2a7d1b*'
System info: os.name: 'Windows 10', os.arch: 'amd64', os.version: '10.0', java.version: '17.0.10'
Driver info: org.openqa.selenium.chrome.ChromeDriver
Capabilities {acceptInsecureCerts: false, browserName: chrome, browserVersion: 144.0.7559.133, chrome: {chromedriverVersion: 144.0.7559.133 (7da823b1d59..., userDataDir: C:\Users\EMP256\AppData\Loc...}, fedcm:accounts: true, goog:chromeOptions: {debuggerAddress: localhost:53398}, goog:processID: 47784, networkConnectionEnabled: false, pageLoadStrategy: normal, platformName: windows, proxy: Proxy(), se:cdp: ws://localhost:53398/devtoo..., se:cdpVersion: 144.0.7559.133, setWindowRect: true, strictFileInteractability: false, timeouts: {implicit: 0, pageLoad: 300000, script: 30000}, unhandledPromptBehavior: dismiss and notify, webauthn:extension:credBlob: true, webauthn:extension:largeBlob: true, webauthn:extension:minPinLength: true, webauthn:extension:prf: true, webauthn:virtualAuthenticators: true}
Session ID: c5b64bc47e4643c0bc3cbe155144455f
at org.openqa.selenium.support.ui.WebDriverWait.timeoutException(WebDriverWait.java:84)
at org.openqa.selenium.support.ui.FluentWait.until(FluentWait.java:230)
at com.uiFramework.Genesis.helper.WaitHelper.waitForElementClickable(WaitHelper.java:127)
at com.uiFramework.Genesis.helper.WaitHelper.waitToClick(WaitHelper.java:171)
at com.uiFramework.Genesis.web.pages.ConsigneeQA.scheduleDelieverySelection(ConsigneeQA.java:325)
at com.uiFramework.Genesis.regression.web.ConsigneeQATest.shouldAllowUserToCompleteRequest(ConsigneeQATest.java:131)
at java.base/java.util.ArrayList.forEach(ArrayList.java:1511)
... Removed 27 stack frames]]>
    </failure>
  </testcase> <!-- shouldAllowUserToCompleteRequest -->
  <testcase classname="com.uiFramework.Genesis.regression.web.ConsigneeQATest" name="shouldAllowUserToOpenCompletedRequest" time="20.906">
    <failure type="java.lang.AssertionError" message="The following asserts failed:
	MarkAsRec btn &amp;amp; received Pieces field should be open expected [true] but found [false]">
      <![CDATA[java.lang.AssertionError: The following asserts failed:
MarkAsRec btn & received Pieces field should be open expected [true] but found [false]
at com.uiFramework.Genesis.regression.web.ConsigneeQATest.shouldAllowUserToOpenCompletedRequest(ConsigneeQATest.java:150)
at java.base/java.util.ArrayList.forEach(ArrayList.java:1511)
... Removed 29 stack frames]]>
    </failure>
  </testcase> <!-- shouldAllowUserToOpenCompletedRequest -->
  <testcase classname="com.uiFramework.Genesis.regression.web.ConsigneeQATest" name="shouldAllowUserToUpdatePiecesAfterConsingeeQADone" time="0.0">
    <skipped/>
  </testcase> <!-- shouldAllowUserToUpdatePiecesAfterConsingeeQADone -->
  <testcase classname="com.uiFramework.Genesis.base.TestBase" name="@BeforeSuite beforeSuite" time="0.0">
    <ignored/>
  </testcase> <!-- @BeforeSuite beforeSuite -->
  <testcase classname="com.uiFramework.Genesis.base.UniversalBase" name="@BeforeTest setupSuite" time="0.0">
    <ignored/>
  </testcase> <!-- @BeforeTest setupSuite -->
  <testcase classname="com.uiFramework.Genesis.base.TestBase" name="@AfterSuite tearDown" time="0.0">
    <ignored/>
  </testcase> <!-- @AfterSuite tearDown -->
  <testcase classname="com.uiFramework.Genesis.base.UniversalBase" name="@AfterSuite flushReport" time="0.0">
    <ignored/>
  </testcase> <!-- @AfterSuite flushReport -->
  <testcase classname="com.uiFramework.Genesis.base.TestBase" name="@AfterSuite tearDown" time="0.0">
    <ignored/>
  </testcase> <!-- @AfterSuite tearDown -->
  <testcase classname="com.uiFramework.Genesis.base.UniversalBase" name="@AfterSuite flushReport" time="0.0">
    <ignored/>
  </testcase> <!-- @AfterSuite flushReport -->
  <testcase classname="com.uiFramework.Genesis.base.TestBase" name="@BeforeSuite beforeSuite" time="0.0">
    <ignored/>
  </testcase> <!-- @BeforeSuite beforeSuite -->
  <testcase classname="com.uiFramework.Genesis.base.UniversalBase" name="@BeforeTest setupSuite" time="0.0">
    <ignored/>
  </testcase> <!-- @BeforeTest setupSuite -->
  <testcase classname="com.uiFramework.Genesis.base.UniversalBase" name="@AfterSuite flushReport" time="0.0">
    <ignored/>
  </testcase> <!-- @AfterSuite flushReport -->
  <testcase classname="com.uiFramework.Genesis.base.TestBase" name="@AfterSuite tearDown" time="0.0">
    <ignored/>
  </testcase> <!-- @AfterSuite tearDown -->
  <testcase classname="com.uiFramework.Genesis.base.TestBase" name="@AfterSuite tearDown" time="0.0">
    <ignored/>
  </testcase> <!-- @AfterSuite tearDown -->
  <testcase classname="com.uiFramework.Genesis.base.UniversalBase" name="@BeforeTest setupSuite" time="0.0">
    <ignored/>
  </testcase> <!-- @BeforeTest setupSuite -->
  <testcase classname="com.uiFramework.Genesis.base.TestBase" name="@BeforeSuite beforeSuite" time="0.0">
    <ignored/>
  </testcase> <!-- @BeforeSuite beforeSuite -->
  <testcase classname="com.uiFramework.Genesis.base.UniversalBase" name="@BeforeTest setupSuite" time="0.0">
    <ignored/>
  </testcase> <!-- @BeforeTest setupSuite -->
  <testcase classname="com.uiFramework.Genesis.base.TestBase" name="@AfterSuite tearDown" time="0.0">
    <ignored/>
  </testcase> <!-- @AfterSuite tearDown -->
  <testcase classname="com.uiFramework.Genesis.base.TestBase" name="@AfterSuite tearDown" time="0.0">
    <ignored/>
  </testcase> <!-- @AfterSuite tearDown -->
  <testcase classname="com.uiFramework.Genesis.base.UniversalBase" name="@AfterSuite flushReport" time="0.0">
    <ignored/>
  </testcase> <!-- @AfterSuite flushReport -->
  <testcase classname="com.uiFramework.Genesis.base.TestBase" name="@BeforeSuite beforeSuite" time="0.0">
    <ignored/>
  </testcase> <!-- @BeforeSuite beforeSuite -->
  <testcase classname="com.uiFramework.Genesis.base.UniversalBase" name="@AfterSuite flushReport" time="0.0">
    <ignored/>
  </testcase> <!-- @AfterSuite flushReport -->
  <testcase classname="com.uiFramework.Genesis.regression.web.OutboundPalletTest" name="shouldApplyColumnFilterOnCreateOutboundPallet" time="0.0">
    <ignored/>
  </testcase> <!-- shouldApplyColumnFilterOnCreateOutboundPallet -->
  <testcase classname="com.uiFramework.Genesis.regression.web.OutboundPalletTest" name="shouldApplyFiltersOnCreateOutboundPalletScreen" time="0.0">
    <ignored/>
  </testcase> <!-- shouldApplyFiltersOnCreateOutboundPalletScreen -->
  <testcase classname="com.uiFramework.Genesis.regression.web.OutboundPalletTest" name="shouldApplyFiltersCorrectlyForOutboundPallet" time="0.0">
    <ignored/>
  </testcase> <!-- shouldApplyFiltersCorrectlyForOutboundPallet -->
  <testcase classname="com.uiFramework.Genesis.base.UniversalBase" name="@BeforeTest setupSuite" time="0.0">
    <ignored/>
  </testcase> <!-- @BeforeTest setupSuite -->
  <testcase classname="com.uiFramework.Genesis.base.UniversalBase" name="@BeforeTest setupSuite" time="0.0">
    <ignored/>
  </testcase> <!-- @BeforeTest setupSuite -->
  <testcase classname="com.uiFramework.Genesis.base.TestBase" name="@BeforeSuite beforeSuite" time="0.0">
    <ignored/>
  </testcase> <!-- @BeforeSuite beforeSuite -->
  <testcase classname="com.uiFramework.Genesis.base.TestBase" name="@AfterSuite tearDown" time="0.0">
    <ignored/>
  </testcase> <!-- @AfterSuite tearDown -->
  <testcase classname="com.uiFramework.Genesis.base.TestBase" name="@BeforeSuite beforeSuite" time="0.0">
    <ignored/>
  </testcase> <!-- @BeforeSuite beforeSuite -->
  <testcase classname="com.uiFramework.Genesis.base.UniversalBase" name="@AfterSuite flushReport" time="0.0">
    <ignored/>
  </testcase> <!-- @AfterSuite flushReport -->
  <testcase classname="com.uiFramework.Genesis.base.UniversalBase" name="@BeforeTest setupSuite" time="0.0">
    <ignored/>
  </testcase> <!-- @BeforeTest setupSuite -->
  <testcase classname="com.uiFramework.Genesis.base.UniversalBase" name="@BeforeTest setupSuite" time="0.0">
    <ignored/>
  </testcase> <!-- @BeforeTest setupSuite -->
  <testcase classname="com.uiFramework.Genesis.base.UniversalBase" name="@AfterSuite flushReport" time="0.0">
    <ignored/>
  </testcase> <!-- @AfterSuite flushReport -->
  <testcase classname="com.uiFramework.Genesis.regression.web.OutboundPalletTest" name="checkColoumfilterOnOutboundListingPage" time="0.0">
    <ignored/>
  </testcase> <!-- checkColoumfilterOnOutboundListingPage -->
  <testcase classname="com.uiFramework.Genesis.base.TestBase" name="@AfterSuite tearDown" time="0.0">
    <ignored/>
  </testcase> <!-- @AfterSuite tearDown -->
  <testcase classname="com.uiFramework.Genesis.base.UniversalBase" name="@AfterSuite flushReport" time="0.0">
    <ignored/>
  </testcase> <!-- @AfterSuite flushReport -->
  <testcase classname="com.uiFramework.Genesis.base.TestBase" name="@BeforeSuite beforeSuite" time="0.0">
    <ignored/>
  </testcase> <!-- @BeforeSuite beforeSuite -->
  <testcase classname="com.uiFramework.Genesis.base.TestBase" name="@BeforeSuite beforeSuite" time="0.0">
    <ignored/>
  </testcase> <!-- @BeforeSuite beforeSuite -->
  <testcase classname="com.uiFramework.Genesis.base.TestBase" name="@BeforeSuite beforeSuite" time="0.0">
    <ignored/>
  </testcase> <!-- @BeforeSuite beforeSuite -->
  <testcase classname="com.uiFramework.Genesis.base.UniversalBase" name="@BeforeTest setupSuite" time="0.0">
    <ignored/>
  </testcase> <!-- @BeforeTest setupSuite -->
  <testcase classname="com.uiFramework.Genesis.base.UniversalBase" name="@AfterSuite flushReport" time="0.0">
    <ignored/>
  </testcase> <!-- @AfterSuite flushReport -->
  <testcase classname="com.uiFramework.Genesis.base.TestBase" name="@AfterSuite tearDown" time="0.0">
    <ignored/>
  </testcase> <!-- @AfterSuite tearDown -->
</testsuite> <!-- regression -->
