<html>
<head>
<title>TestNG:  regression</title>
<link href="../testng.css" rel="stylesheet" type="text/css" />
<link href="../my-testng.css" rel="stylesheet" type="text/css" />

<style type="text/css">
.log { display: none;} 
.stack-trace { display: none;} 
</style>
<script type="text/javascript">
<!--
function flip(e) {
  current = e.style.display;
  if (current == 'block') {
    e.style.display = 'none';
    return 0;
  }
  else {
    e.style.display = 'block';
    return 1;
  }
}

function toggleBox(szDivId, elem, msg1, msg2)
{
  var res = -1;  if (document.getElementById) {
    res = flip(document.getElementById(szDivId));
  }
  else if (document.all) {
    // this is the way old msie versions work
    res = flip(document.all[szDivId]);
  }
  if(elem) {
    if(res == 0) elem.innerHTML = msg1; else elem.innerHTML = msg2;
  }

}

function toggleAllBoxes() {
  if (document.getElementsByTagName) {
    d = document.getElementsByTagName('div');
    for (i = 0; i < d.length; i++) {
      if (d[i].className == 'log') {
        flip(d[i]);
      }
    }
  }
}

// -->
</script>

</head>
<body>
<h2 align='center'>regression</h2><table border='1' align="center">
<tr>
<td>Tests passed/Failed/Skipped:</td><td>160/29/9</td>
</tr><tr>
<td>Started on:</td><td>Fri Jan 23 16:15:36 IST 2026</td>
</tr>
<tr><td>Total time:</td><td>3471 seconds (3471378 ms)</td>
</tr><tr>
<td>Included groups:</td><td></td>
</tr><tr>
<td>Excluded groups:</td><td></td>
</tr>
</table><p/>
<small><i>(Hover the method name to see the test class name)</i></small><p/>
<table width='100%' border='1' class='invocation-failed'>
<tr><td colspan='4' align='center'><b>FAILED TESTS</b></td></tr>
<tr><td><b>Test method</b></td>
<td><b>Attribute(s)</b></td>
<td width="30%"><b>Exception</b></td>
<td width="10%"><b>Time (seconds)</b></td>
<td><b>Instance</b></td>
</tr>
<tr>
<td title='com.uiFramework.Genesis.regression.web.OrderTest.shouldDeleteCustomerAccessorialSuccessfully()'><b>shouldDeleteCustomerAccessorialSuccessfully</b><br>Test class: com.uiFramework.Genesis.regression.web.OrderTest</td>
<td><div><pre>java.lang.AssertionError: The following asserts failed:
	Not Matched expected [Customer accessorial deleted successfully] but found [Toast message Failed]
	at com.uiFramework.Genesis.regression.web.OrderTest.shouldDeleteCustomerAccessorialSuccessfully(OrderTest.java:159)
	at java.base/java.util.ArrayList.forEach(ArrayList.java:1511)
... Removed 29 stack frames</pre></div><a href='#' onClick='toggleBox("stack-trace337875491", this, "Click to show all stack frames", "Click to hide stack frames")'>Click to show all stack frames</a>
<div class='stack-trace' id='stack-trace337875491'><pre>java.lang.AssertionError: The following asserts failed:
	Not Matched expected [Customer accessorial deleted successfully] but found [Toast message Failed]
	at org.testng.asserts.SoftAssert.assertAll(SoftAssert.java:46)
	at org.testng.asserts.SoftAssert.assertAll(SoftAssert.java:30)
	at com.uiFramework.Genesis.regression.web.OrderTest.shouldDeleteCustomerAccessorialSuccessfully(OrderTest.java:159)
	at java.base/jdk.internal.reflect.NativeMethodAccessorImpl.invoke0(Native Method)
	at java.base/jdk.internal.reflect.NativeMethodAccessorImpl.invoke(NativeMethodAccessorImpl.java:77)
	at java.base/jdk.internal.reflect.DelegatingMethodAccessorImpl.invoke(DelegatingMethodAccessorImpl.java:43)
	at java.base/java.lang.reflect.Method.invoke(Method.java:568)
	at org.testng.internal.invokers.MethodInvocationHelper.invokeMethod(MethodInvocationHelper.java:141)
	at org.testng.internal.invokers.TestInvoker.invokeMethod(TestInvoker.java:686)
	at org.testng.internal.invokers.TestInvoker.invokeTestMethod(TestInvoker.java:230)
	at org.testng.internal.invokers.MethodRunner.runInSequence(MethodRunner.java:63)
	at org.testng.internal.invokers.TestInvoker$MethodInvocationAgent.invoke(TestInvoker.java:992)
	at org.testng.internal.invokers.TestInvoker.invokeTestMethods(TestInvoker.java:203)
	at org.testng.internal.invokers.TestMethodWorker.invokeTestMethods(TestMethodWorker.java:154)
	at org.testng.internal.invokers.TestMethodWorker.run(TestMethodWorker.java:134)
	at java.base/java.util.ArrayList.forEach(ArrayList.java:1511)
	at org.testng.TestRunner.privateRun(TestRunner.java:739)
	at org.testng.TestRunner.run(TestRunner.java:614)
	at org.testng.SuiteRunner.runTest(SuiteRunner.java:421)
	at org.testng.SuiteRunner.runSequentially(SuiteRunner.java:413)
	at org.testng.SuiteRunner.privateRun(SuiteRunner.java:373)
	at org.testng.SuiteRunner.run(SuiteRunner.java:312)
	at org.testng.SuiteRunnerWorker.runSuite(SuiteRunnerWorker.java:52)
	at org.testng.SuiteRunnerWorker.run(SuiteRunnerWorker.java:95)
	at org.testng.TestNG.runSuitesSequentially(TestNG.java:1274)
	at org.testng.TestNG.runSuitesLocally(TestNG.java:1208)
	at org.testng.TestNG.runSuites(TestNG.java:1112)
	at org.testng.TestNG.run(TestNG.java:1079)
	at org.testng.remote.AbstractRemoteTestNG.run(AbstractRemoteTestNG.java:115)
	at org.testng.remote.RemoteTestNG.initAndRun(RemoteTestNG.java:293)
	at org.testng.remote.RemoteTestNG.main(RemoteTestNG.java:91)
</pre></div></td>
<td>37</td>
<td>com.uiFramework.Genesis.regression.web.OrderTest@2c78324b</td></tr>
<tr>
<td title='com.uiFramework.Genesis.regression.web.InboundQATest.checkValidationOnScanningPieces()'><b>checkValidationOnScanningPieces</b><br>Test class: com.uiFramework.Genesis.regression.web.InboundQATest</td>
<td><div><pre>org.openqa.selenium.ElementNotInteractableException: element not interactable
  (Session info: chrome=144.0.7559.59)
Build info: version: &apos;4.12.0&apos;, revision: &apos;249f2a7d1b*&apos;
System info: os.name: &apos;Windows 10&apos;, os.arch: &apos;amd64&apos;, os.version: &apos;10.0&apos;, java.version: &apos;17.0.10&apos;
Driver info: org.openqa.selenium.chrome.ChromeDriver
Command: [a7342d11877bd349109176d7eb767e88, sendKeysToElement {id=f.CD13DB6DD71A780921A15D551BD338B8.d.EDFAB4EDF359047AED7836967DB8CB1E.e.20210, value=[Ljava.lang.CharSequence;@5a7e41d8}]
Capabilities {acceptInsecureCerts: false, browserName: chrome, browserVersion: 144.0.7559.59, chrome: {chromedriverVersion: 144.0.7559.96 (d7b80622cfab..., userDataDir: C:\Users\EMP256\AppData\Loc...}, fedcm:accounts: true, goog:chromeOptions: {debuggerAddress: localhost:58092}, goog:processID: 159932, networkConnectionEnabled: false, pageLoadStrategy: normal, platformName: windows, proxy: Proxy(), se:cdp: ws://localhost:58092/devtoo..., se:cdpVersion: 144.0.7559.59, setWindowRect: true, strictFileInteractability: false, timeouts: {implicit: 0, pageLoad: 300000, script: 30000}, unhandledPromptBehavior: dismiss and notify, webauthn:extension:credBlob: true, webauthn:extension:largeBlob: true, webauthn:extension:minPinLength: true, webauthn:extension:prf: true, webauthn:virtualAuthenticators: true}
Element: [[ChromeDriver: chrome on windows (a7342d11877bd349109176d7eb767e88)] -&gt; xpath: //input[@id=&apos;txtBarcodeScan&apos;]]
Session ID: a7342d11877bd349109176d7eb767e88
	at org.openqa.selenium.remote.codec.w3c.W3CHttpResponseCodec.createException(W3CHttpResponseCodec.java:200)
	at org.openqa.selenium.remote.codec.w3c.W3CHttpResponseCodec.decode(W3CHttpResponseCodec.java:133)
	at org.openqa.selenium.remote.codec.w3c.W3CHttpResponseCodec.decode(W3CHttpResponseCodec.java:52)
	at org.openqa.selenium.remote.HttpCommandExecutor.execute(HttpCommandExecutor.java:191)
	at org.openqa.selenium.remote.service.DriverCommandExecutor.invokeExecute(DriverCommandExecutor.java:196)
	at org.openqa.selenium.remote.service.DriverCommandExecutor.execute(DriverCommandExecutor.java:171)
	at org.openqa.selenium.remote.RemoteWebDriver.execute(RemoteWebDriver.java:602)
	at org.openqa.selenium.remote.RemoteWebElement.execute(RemoteWebElement.java:224)
	at org.openqa.selenium.remote.RemoteWebElement.sendKeys(RemoteWebElement.java:111)
	at com.uiFramework.Genesis.web.pages.InboundQAPage.checkValidationQAScanning(InboundQAPage.java:422)
	at com.uiFramework.Genesis.regression.web.InboundQATest.checkValidationOnScanningPieces(InboundQATest.java:131)
	at java.base/java.util.ArrayList.forEach(ArrayList.java:1511)
... Removed 32 stack frames</pre></div><a href='#' onClick='toggleBox("stack-trace325325541", this, "Click to show all stack frames", "Click to hide stack frames")'>Click to show all stack frames</a>
<div class='stack-trace' id='stack-trace325325541'><pre>org.openqa.selenium.ElementNotInteractableException: element not interactable
  (Session info: chrome=144.0.7559.59)
Build info: version: &apos;4.12.0&apos;, revision: &apos;249f2a7d1b*&apos;
System info: os.name: &apos;Windows 10&apos;, os.arch: &apos;amd64&apos;, os.version: &apos;10.0&apos;, java.version: &apos;17.0.10&apos;
Driver info: org.openqa.selenium.chrome.ChromeDriver
Command: [a7342d11877bd349109176d7eb767e88, sendKeysToElement {id=f.CD13DB6DD71A780921A15D551BD338B8.d.EDFAB4EDF359047AED7836967DB8CB1E.e.20210, value=[Ljava.lang.CharSequence;@5a7e41d8}]
Capabilities {acceptInsecureCerts: false, browserName: chrome, browserVersion: 144.0.7559.59, chrome: {chromedriverVersion: 144.0.7559.96 (d7b80622cfab..., userDataDir: C:\Users\EMP256\AppData\Loc...}, fedcm:accounts: true, goog:chromeOptions: {debuggerAddress: localhost:58092}, goog:processID: 159932, networkConnectionEnabled: false, pageLoadStrategy: normal, platformName: windows, proxy: Proxy(), se:cdp: ws://localhost:58092/devtoo..., se:cdpVersion: 144.0.7559.59, setWindowRect: true, strictFileInteractability: false, timeouts: {implicit: 0, pageLoad: 300000, script: 30000}, unhandledPromptBehavior: dismiss and notify, webauthn:extension:credBlob: true, webauthn:extension:largeBlob: true, webauthn:extension:minPinLength: true, webauthn:extension:prf: true, webauthn:virtualAuthenticators: true}
Element: [[ChromeDriver: chrome on windows (a7342d11877bd349109176d7eb767e88)] -&gt; xpath: //input[@id=&apos;txtBarcodeScan&apos;]]
Session ID: a7342d11877bd349109176d7eb767e88
	at java.base/jdk.internal.reflect.NativeConstructorAccessorImpl.newInstance0(Native Method)
	at java.base/jdk.internal.reflect.NativeConstructorAccessorImpl.newInstance(NativeConstructorAccessorImpl.java:77)
	at java.base/jdk.internal.reflect.DelegatingConstructorAccessorImpl.newInstance(DelegatingConstructorAccessorImpl.java:45)
	at java.base/java.lang.reflect.Constructor.newInstanceWithCaller(Constructor.java:499)
	at java.base/java.lang.reflect.Constructor.newInstance(Constructor.java:480)
	at org.openqa.selenium.remote.codec.w3c.W3CHttpResponseCodec.createException(W3CHttpResponseCodec.java:200)
	at org.openqa.selenium.remote.codec.w3c.W3CHttpResponseCodec.decode(W3CHttpResponseCodec.java:133)
	at org.openqa.selenium.remote.codec.w3c.W3CHttpResponseCodec.decode(W3CHttpResponseCodec.java:52)
	at org.openqa.selenium.remote.HttpCommandExecutor.execute(HttpCommandExecutor.java:191)
	at org.openqa.selenium.remote.service.DriverCommandExecutor.invokeExecute(DriverCommandExecutor.java:196)
	at org.openqa.selenium.remote.service.DriverCommandExecutor.execute(DriverCommandExecutor.java:171)
	at org.openqa.selenium.remote.RemoteWebDriver.execute(RemoteWebDriver.java:602)
	at org.openqa.selenium.remote.RemoteWebElement.execute(RemoteWebElement.java:224)
	at org.openqa.selenium.remote.RemoteWebElement.sendKeys(RemoteWebElement.java:111)
	at com.uiFramework.Genesis.web.pages.InboundQAPage.checkValidationQAScanning(InboundQAPage.java:422)
	at com.uiFramework.Genesis.regression.web.InboundQATest.checkValidationOnScanningPieces(InboundQATest.java:131)
	at java.base/jdk.internal.reflect.NativeMethodAccessorImpl.invoke0(Native Method)
	at java.base/jdk.internal.reflect.NativeMethodAccessorImpl.invoke(NativeMethodAccessorImpl.java:77)
	at java.base/jdk.internal.reflect.DelegatingMethodAccessorImpl.invoke(DelegatingMethodAccessorImpl.java:43)
	at java.base/java.lang.reflect.Method.invoke(Method.java:568)
	at org.testng.internal.invokers.MethodInvocationHelper.invokeMethod(MethodInvocationHelper.java:141)
	at org.testng.internal.invokers.TestInvoker.invokeMethod(TestInvoker.java:686)
	at org.testng.internal.invokers.TestInvoker.invokeTestMethod(TestInvoker.java:230)
	at org.testng.internal.invokers.MethodRunner.runInSequence(MethodRunner.java:63)
	at org.testng.internal.invokers.TestInvoker$MethodInvocationAgent.invoke(TestInvoker.java:992)
	at org.testng.internal.invokers.TestInvoker.invokeTestMethods(TestInvoker.java:203)
	at org.testng.internal.invokers.TestMethodWorker.invokeTestMethods(TestMethodWorker.java:154)
	at org.testng.internal.invokers.TestMethodWorker.run(TestMethodWorker.java:134)
	at java.base/java.util.ArrayList.forEach(ArrayList.java:1511)
	at org.testng.TestRunner.privateRun(TestRunner.java:739)
	at org.testng.TestRunner.run(TestRunner.java:614)
	at org.testng.SuiteRunner.runTest(SuiteRunner.java:421)
	at org.testng.SuiteRunner.runSequentially(SuiteRunner.java:413)
	at org.testng.SuiteRunner.privateRun(SuiteRunner.java:373)
	at org.testng.SuiteRunner.run(SuiteRunner.java:312)
	at org.testng.SuiteRunnerWorker.runSuite(SuiteRunnerWorker.java:52)
	at org.testng.SuiteRunnerWorker.run(SuiteRunnerWorker.java:95)
	at org.testng.TestNG.runSuitesSequentially(TestNG.java:1274)
	at org.testng.TestNG.runSuitesLocally(TestNG.java:1208)
	at org.testng.TestNG.runSuites(TestNG.java:1112)
	at org.testng.TestNG.run(TestNG.java:1079)
	at org.testng.remote.AbstractRemoteTestNG.run(AbstractRemoteTestNG.java:115)
	at org.testng.remote.RemoteTestNG.initAndRun(RemoteTestNG.java:293)
	at org.testng.remote.RemoteTestNG.main(RemoteTestNG.java:91)
</pre></div></td>
<td>9</td>
<td>com.uiFramework.Genesis.regression.web.InboundQATest@dc9876b</td></tr>
<tr>
<td title='com.uiFramework.Genesis.regression.web.OrderTest.shouldFilterOrdersByVariousFieldsSuccessfully()'><b>shouldFilterOrdersByVariousFieldsSuccessfully</b><br>Test class: com.uiFramework.Genesis.regression.web.OrderTest</td>
<td><div><pre>org.openqa.selenium.TimeoutException: Expected condition failed: waiting for visibility of element located by By.xpath: //*[@id=&apos;panel1bh-content&apos;]//table/tbody/tr[1]/td[17] (tried for 10 second(s) with 500 milliseconds interval)
Build info: version: &apos;4.12.0&apos;, revision: &apos;249f2a7d1b*&apos;
System info: os.name: &apos;Windows 10&apos;, os.arch: &apos;amd64&apos;, os.version: &apos;10.0&apos;, java.version: &apos;17.0.10&apos;
Driver info: org.openqa.selenium.chrome.ChromeDriver
Capabilities {acceptInsecureCerts: false, browserName: chrome, browserVersion: 144.0.7559.59, chrome: {chromedriverVersion: 144.0.7559.96 (d7b80622cfab..., userDataDir: C:\Users\EMP256\AppData\Loc...}, fedcm:accounts: true, goog:chromeOptions: {debuggerAddress: localhost:58092}, goog:processID: 159932, networkConnectionEnabled: false, pageLoadStrategy: normal, platformName: windows, proxy: Proxy(), se:cdp: ws://localhost:58092/devtoo..., se:cdpVersion: 144.0.7559.59, setWindowRect: true, strictFileInteractability: false, timeouts: {implicit: 0, pageLoad: 300000, script: 30000}, unhandledPromptBehavior: dismiss and notify, webauthn:extension:credBlob: true, webauthn:extension:largeBlob: true, webauthn:extension:minPinLength: true, webauthn:extension:prf: true, webauthn:virtualAuthenticators: true}
Session ID: a7342d11877bd349109176d7eb767e88
	at org.openqa.selenium.support.ui.WebDriverWait.timeoutException(WebDriverWait.java:84)
	at org.openqa.selenium.support.ui.FluentWait.until(FluentWait.java:230)
	at com.uiFramework.Genesis.web.pages.CommonPage.searchAndValidate(CommonPage.java:1084)
	at com.uiFramework.Genesis.web.pages.CommonPage.searchAndValidateDateByColumn(CommonPage.java:1108)
	at com.uiFramework.Genesis.regression.web.OrderTest.shouldFilterOrdersByVariousFieldsSuccessfully(OrderTest.java:442)
	at java.base/java.util.ArrayList.forEach(ArrayList.java:1511)
... Removed 27 stack frames</pre></div><a href='#' onClick='toggleBox("stack-trace1955427023", this, "Click to show all stack frames", "Click to hide stack frames")'>Click to show all stack frames</a>
<div class='stack-trace' id='stack-trace1955427023'><pre>org.openqa.selenium.TimeoutException: Expected condition failed: waiting for visibility of element located by By.xpath: //*[@id=&apos;panel1bh-content&apos;]//table/tbody/tr[1]/td[17] (tried for 10 second(s) with 500 milliseconds interval)
Build info: version: &apos;4.12.0&apos;, revision: &apos;249f2a7d1b*&apos;
System info: os.name: &apos;Windows 10&apos;, os.arch: &apos;amd64&apos;, os.version: &apos;10.0&apos;, java.version: &apos;17.0.10&apos;
Driver info: org.openqa.selenium.chrome.ChromeDriver
Capabilities {acceptInsecureCerts: false, browserName: chrome, browserVersion: 144.0.7559.59, chrome: {chromedriverVersion: 144.0.7559.96 (d7b80622cfab..., userDataDir: C:\Users\EMP256\AppData\Loc...}, fedcm:accounts: true, goog:chromeOptions: {debuggerAddress: localhost:58092}, goog:processID: 159932, networkConnectionEnabled: false, pageLoadStrategy: normal, platformName: windows, proxy: Proxy(), se:cdp: ws://localhost:58092/devtoo..., se:cdpVersion: 144.0.7559.59, setWindowRect: true, strictFileInteractability: false, timeouts: {implicit: 0, pageLoad: 300000, script: 30000}, unhandledPromptBehavior: dismiss and notify, webauthn:extension:credBlob: true, webauthn:extension:largeBlob: true, webauthn:extension:minPinLength: true, webauthn:extension:prf: true, webauthn:virtualAuthenticators: true}
Session ID: a7342d11877bd349109176d7eb767e88
	at org.openqa.selenium.support.ui.WebDriverWait.timeoutException(WebDriverWait.java:84)
	at org.openqa.selenium.support.ui.FluentWait.until(FluentWait.java:230)
	at com.uiFramework.Genesis.web.pages.CommonPage.searchAndValidate(CommonPage.java:1084)
	at com.uiFramework.Genesis.web.pages.CommonPage.searchAndValidateDateByColumn(CommonPage.java:1108)
	at com.uiFramework.Genesis.regression.web.OrderTest.shouldFilterOrdersByVariousFieldsSuccessfully(OrderTest.java:442)
	at java.base/jdk.internal.reflect.NativeMethodAccessorImpl.invoke0(Native Method)
	at java.base/jdk.internal.reflect.NativeMethodAccessorImpl.invoke(NativeMethodAccessorImpl.java:77)
	at java.base/jdk.internal.reflect.DelegatingMethodAccessorImpl.invoke(DelegatingMethodAccessorImpl.java:43)
	at java.base/java.lang.reflect.Method.invoke(Method.java:568)
	at org.testng.internal.invokers.MethodInvocationHelper.invokeMethod(MethodInvocationHelper.java:141)
	at org.testng.internal.invokers.TestInvoker.invokeMethod(TestInvoker.java:686)
	at org.testng.internal.invokers.TestInvoker.invokeTestMethod(TestInvoker.java:230)
	at org.testng.internal.invokers.MethodRunner.runInSequence(MethodRunner.java:63)
	at org.testng.internal.invokers.TestInvoker$MethodInvocationAgent.invoke(TestInvoker.java:992)
	at org.testng.internal.invokers.TestInvoker.invokeTestMethods(TestInvoker.java:203)
	at org.testng.internal.invokers.TestMethodWorker.invokeTestMethods(TestMethodWorker.java:154)
	at org.testng.internal.invokers.TestMethodWorker.run(TestMethodWorker.java:134)
	at java.base/java.util.ArrayList.forEach(ArrayList.java:1511)
	at org.testng.TestRunner.privateRun(TestRunner.java:739)
	at org.testng.TestRunner.run(TestRunner.java:614)
	at org.testng.SuiteRunner.runTest(SuiteRunner.java:421)
	at org.testng.SuiteRunner.runSequentially(SuiteRunner.java:413)
	at org.testng.SuiteRunner.privateRun(SuiteRunner.java:373)
	at org.testng.SuiteRunner.run(SuiteRunner.java:312)
	at org.testng.SuiteRunnerWorker.runSuite(SuiteRunnerWorker.java:52)
	at org.testng.SuiteRunnerWorker.run(SuiteRunnerWorker.java:95)
	at org.testng.TestNG.runSuitesSequentially(TestNG.java:1274)
	at org.testng.TestNG.runSuitesLocally(TestNG.java:1208)
	at org.testng.TestNG.runSuites(TestNG.java:1112)
	at org.testng.TestNG.run(TestNG.java:1079)
	at org.testng.remote.AbstractRemoteTestNG.run(AbstractRemoteTestNG.java:115)
	at org.testng.remote.RemoteTestNG.initAndRun(RemoteTestNG.java:293)
	at org.testng.remote.RemoteTestNG.main(RemoteTestNG.java:91)
</pre></div></td>
<td>126</td>
<td>com.uiFramework.Genesis.regression.web.OrderTest@2c78324b</td></tr>
<tr>
<td title='com.uiFramework.Genesis.regression.web.OutboundTruckTest.shouldUpdateRoutesInEditOutboundTruck()'><b>shouldUpdateRoutesInEditOutboundTruck</b><br>Test class: com.uiFramework.Genesis.regression.web.OutboundTruckTest</td>
<td><div><pre>org.openqa.selenium.TimeoutException: Expected condition failed: waiting for element to be clickable: By.xpath: //button[@title=&apos;Click to update route order&apos;] (tried for 3 second(s) with 250 milliseconds interval)
Build info: version: &apos;4.12.0&apos;, revision: &apos;249f2a7d1b*&apos;
System info: os.name: &apos;Windows 10&apos;, os.arch: &apos;amd64&apos;, os.version: &apos;10.0&apos;, java.version: &apos;17.0.10&apos;
Driver info: org.openqa.selenium.chrome.ChromeDriver
Capabilities {acceptInsecureCerts: false, browserName: chrome, browserVersion: 144.0.7559.59, chrome: {chromedriverVersion: 144.0.7559.96 (d7b80622cfab..., userDataDir: C:\Users\EMP256\AppData\Loc...}, fedcm:accounts: true, goog:chromeOptions: {debuggerAddress: localhost:58092}, goog:processID: 159932, networkConnectionEnabled: false, pageLoadStrategy: normal, platformName: windows, proxy: Proxy(), se:cdp: ws://localhost:58092/devtoo..., se:cdpVersion: 144.0.7559.59, setWindowRect: true, strictFileInteractability: false, timeouts: {implicit: 0, pageLoad: 300000, script: 30000}, unhandledPromptBehavior: dismiss and notify, webauthn:extension:credBlob: true, webauthn:extension:largeBlob: true, webauthn:extension:minPinLength: true, webauthn:extension:prf: true, webauthn:virtualAuthenticators: true}
Session ID: a7342d11877bd349109176d7eb767e88
	at org.openqa.selenium.support.ui.WebDriverWait.timeoutException(WebDriverWait.java:84)
	at org.openqa.selenium.support.ui.FluentWait.until(FluentWait.java:230)
	at com.uiFramework.Genesis.helper.WaitHelper.waitForElementClickable(WaitHelper.java:127)
	at com.uiFramework.Genesis.helper.WaitHelper.waitToClick(WaitHelper.java:171)
	at com.uiFramework.Genesis.web.pages.OutboundTruckPage.clickonUpdateBtn(OutboundTruckPage.java:885)
	at com.uiFramework.Genesis.regression.web.OutboundTruckTest.shouldUpdateRoutesInEditOutboundTruck(OutboundTruckTest.java:267)
	at java.base/java.util.ArrayList.forEach(ArrayList.java:1511)
... Removed 27 stack frames</pre></div><a href='#' onClick='toggleBox("stack-trace1875310724", this, "Click to show all stack frames", "Click to hide stack frames")'>Click to show all stack frames</a>
<div class='stack-trace' id='stack-trace1875310724'><pre>org.openqa.selenium.TimeoutException: Expected condition failed: waiting for element to be clickable: By.xpath: //button[@title=&apos;Click to update route order&apos;] (tried for 3 second(s) with 250 milliseconds interval)
Build info: version: &apos;4.12.0&apos;, revision: &apos;249f2a7d1b*&apos;
System info: os.name: &apos;Windows 10&apos;, os.arch: &apos;amd64&apos;, os.version: &apos;10.0&apos;, java.version: &apos;17.0.10&apos;
Driver info: org.openqa.selenium.chrome.ChromeDriver
Capabilities {acceptInsecureCerts: false, browserName: chrome, browserVersion: 144.0.7559.59, chrome: {chromedriverVersion: 144.0.7559.96 (d7b80622cfab..., userDataDir: C:\Users\EMP256\AppData\Loc...}, fedcm:accounts: true, goog:chromeOptions: {debuggerAddress: localhost:58092}, goog:processID: 159932, networkConnectionEnabled: false, pageLoadStrategy: normal, platformName: windows, proxy: Proxy(), se:cdp: ws://localhost:58092/devtoo..., se:cdpVersion: 144.0.7559.59, setWindowRect: true, strictFileInteractability: false, timeouts: {implicit: 0, pageLoad: 300000, script: 30000}, unhandledPromptBehavior: dismiss and notify, webauthn:extension:credBlob: true, webauthn:extension:largeBlob: true, webauthn:extension:minPinLength: true, webauthn:extension:prf: true, webauthn:virtualAuthenticators: true}
Session ID: a7342d11877bd349109176d7eb767e88
	at org.openqa.selenium.support.ui.WebDriverWait.timeoutException(WebDriverWait.java:84)
	at org.openqa.selenium.support.ui.FluentWait.until(FluentWait.java:230)
	at com.uiFramework.Genesis.helper.WaitHelper.waitForElementClickable(WaitHelper.java:127)
	at com.uiFramework.Genesis.helper.WaitHelper.waitToClick(WaitHelper.java:171)
	at com.uiFramework.Genesis.web.pages.OutboundTruckPage.clickonUpdateBtn(OutboundTruckPage.java:885)
	at com.uiFramework.Genesis.regression.web.OutboundTruckTest.shouldUpdateRoutesInEditOutboundTruck(OutboundTruckTest.java:267)
	at java.base/jdk.internal.reflect.NativeMethodAccessorImpl.invoke0(Native Method)
	at java.base/jdk.internal.reflect.NativeMethodAccessorImpl.invoke(NativeMethodAccessorImpl.java:77)
	at java.base/jdk.internal.reflect.DelegatingMethodAccessorImpl.invoke(DelegatingMethodAccessorImpl.java:43)
	at java.base/java.lang.reflect.Method.invoke(Method.java:568)
	at org.testng.internal.invokers.MethodInvocationHelper.invokeMethod(MethodInvocationHelper.java:141)
	at org.testng.internal.invokers.TestInvoker.invokeMethod(TestInvoker.java:686)
	at org.testng.internal.invokers.TestInvoker.invokeTestMethod(TestInvoker.java:230)
	at org.testng.internal.invokers.MethodRunner.runInSequence(MethodRunner.java:63)
	at org.testng.internal.invokers.TestInvoker$MethodInvocationAgent.invoke(TestInvoker.java:992)
	at org.testng.internal.invokers.TestInvoker.invokeTestMethods(TestInvoker.java:203)
	at org.testng.internal.invokers.TestMethodWorker.invokeTestMethods(TestMethodWorker.java:154)
	at org.testng.internal.invokers.TestMethodWorker.run(TestMethodWorker.java:134)
	at java.base/java.util.ArrayList.forEach(ArrayList.java:1511)
	at org.testng.TestRunner.privateRun(TestRunner.java:739)
	at org.testng.TestRunner.run(TestRunner.java:614)
	at org.testng.SuiteRunner.runTest(SuiteRunner.java:421)
	at org.testng.SuiteRunner.runSequentially(SuiteRunner.java:413)
	at org.testng.SuiteRunner.privateRun(SuiteRunner.java:373)
	at org.testng.SuiteRunner.run(SuiteRunner.java:312)
	at org.testng.SuiteRunnerWorker.runSuite(SuiteRunnerWorker.java:52)
	at org.testng.SuiteRunnerWorker.run(SuiteRunnerWorker.java:95)
	at org.testng.TestNG.runSuitesSequentially(TestNG.java:1274)
	at org.testng.TestNG.runSuitesLocally(TestNG.java:1208)
	at org.testng.TestNG.runSuites(TestNG.java:1112)
	at org.testng.TestNG.run(TestNG.java:1079)
	at org.testng.remote.AbstractRemoteTestNG.run(AbstractRemoteTestNG.java:115)
	at org.testng.remote.RemoteTestNG.initAndRun(RemoteTestNG.java:293)
	at org.testng.remote.RemoteTestNG.main(RemoteTestNG.java:91)
</pre></div></td>
<td>8</td>
<td>com.uiFramework.Genesis.regression.web.OutboundTruckTest@19976a65</td></tr>
<tr>
<td title='com.uiFramework.Genesis.regression.web.ConsigneeQATest.shouldAllowUserToOpenCompletedRequest()'><b>shouldAllowUserToOpenCompletedRequest</b><br>Test class: com.uiFramework.Genesis.regression.web.ConsigneeQATest</td>
<td><div><pre>org.openqa.selenium.TimeoutException: Expected condition failed: waiting for element to be clickable: By.xpath: //*[@id=&apos;genesis&apos;]/div[4]/div[1]/button (tried for 10 second(s) with 250 milliseconds interval)
Build info: version: &apos;4.12.0&apos;, revision: &apos;249f2a7d1b*&apos;
System info: os.name: &apos;Windows 10&apos;, os.arch: &apos;amd64&apos;, os.version: &apos;10.0&apos;, java.version: &apos;17.0.10&apos;
Driver info: org.openqa.selenium.chrome.ChromeDriver
Capabilities {acceptInsecureCerts: false, browserName: chrome, browserVersion: 144.0.7559.59, chrome: {chromedriverVersion: 144.0.7559.96 (d7b80622cfab..., userDataDir: C:\Users\EMP256\AppData\Loc...}, fedcm:accounts: true, goog:chromeOptions: {debuggerAddress: localhost:58092}, goog:processID: 159932, networkConnectionEnabled: false, pageLoadStrategy: normal, platformName: windows, proxy: Proxy(), se:cdp: ws://localhost:58092/devtoo..., se:cdpVersion: 144.0.7559.59, setWindowRect: true, strictFileInteractability: false, timeouts: {implicit: 0, pageLoad: 300000, script: 30000}, unhandledPromptBehavior: dismiss and notify, webauthn:extension:credBlob: true, webauthn:extension:largeBlob: true, webauthn:extension:minPinLength: true, webauthn:extension:prf: true, webauthn:virtualAuthenticators: true}
Session ID: a7342d11877bd349109176d7eb767e88
	at org.openqa.selenium.support.ui.WebDriverWait.timeoutException(WebDriverWait.java:84)
	at org.openqa.selenium.support.ui.FluentWait.until(FluentWait.java:230)
	at com.uiFramework.Genesis.helper.WaitHelper.waitForElementClickable(WaitHelper.java:127)
	at com.uiFramework.Genesis.helper.WaitHelper.waitToClick(WaitHelper.java:171)
	at com.uiFramework.Genesis.web.pages.ConsigneeQA.selStatus(ConsigneeQA.java:375)
	at com.uiFramework.Genesis.regression.web.ConsigneeQATest.shouldAllowUserToOpenCompletedRequest(ConsigneeQATest.java:148)
	at java.base/java.util.ArrayList.forEach(ArrayList.java:1511)
... Removed 27 stack frames</pre></div><a href='#' onClick='toggleBox("stack-trace1698638652", this, "Click to show all stack frames", "Click to hide stack frames")'>Click to show all stack frames</a>
<div class='stack-trace' id='stack-trace1698638652'><pre>org.openqa.selenium.TimeoutException: Expected condition failed: waiting for element to be clickable: By.xpath: //*[@id=&apos;genesis&apos;]/div[4]/div[1]/button (tried for 10 second(s) with 250 milliseconds interval)
Build info: version: &apos;4.12.0&apos;, revision: &apos;249f2a7d1b*&apos;
System info: os.name: &apos;Windows 10&apos;, os.arch: &apos;amd64&apos;, os.version: &apos;10.0&apos;, java.version: &apos;17.0.10&apos;
Driver info: org.openqa.selenium.chrome.ChromeDriver
Capabilities {acceptInsecureCerts: false, browserName: chrome, browserVersion: 144.0.7559.59, chrome: {chromedriverVersion: 144.0.7559.96 (d7b80622cfab..., userDataDir: C:\Users\EMP256\AppData\Loc...}, fedcm:accounts: true, goog:chromeOptions: {debuggerAddress: localhost:58092}, goog:processID: 159932, networkConnectionEnabled: false, pageLoadStrategy: normal, platformName: windows, proxy: Proxy(), se:cdp: ws://localhost:58092/devtoo..., se:cdpVersion: 144.0.7559.59, setWindowRect: true, strictFileInteractability: false, timeouts: {implicit: 0, pageLoad: 300000, script: 30000}, unhandledPromptBehavior: dismiss and notify, webauthn:extension:credBlob: true, webauthn:extension:largeBlob: true, webauthn:extension:minPinLength: true, webauthn:extension:prf: true, webauthn:virtualAuthenticators: true}
Session ID: a7342d11877bd349109176d7eb767e88
	at org.openqa.selenium.support.ui.WebDriverWait.timeoutException(WebDriverWait.java:84)
	at org.openqa.selenium.support.ui.FluentWait.until(FluentWait.java:230)
	at com.uiFramework.Genesis.helper.WaitHelper.waitForElementClickable(WaitHelper.java:127)
	at com.uiFramework.Genesis.helper.WaitHelper.waitToClick(WaitHelper.java:171)
	at com.uiFramework.Genesis.web.pages.ConsigneeQA.selStatus(ConsigneeQA.java:375)
	at com.uiFramework.Genesis.regression.web.ConsigneeQATest.shouldAllowUserToOpenCompletedRequest(ConsigneeQATest.java:148)
	at java.base/jdk.internal.reflect.NativeMethodAccessorImpl.invoke0(Native Method)
	at java.base/jdk.internal.reflect.NativeMethodAccessorImpl.invoke(NativeMethodAccessorImpl.java:77)
	at java.base/jdk.internal.reflect.DelegatingMethodAccessorImpl.invoke(DelegatingMethodAccessorImpl.java:43)
	at java.base/java.lang.reflect.Method.invoke(Method.java:568)
	at org.testng.internal.invokers.MethodInvocationHelper.invokeMethod(MethodInvocationHelper.java:141)
	at org.testng.internal.invokers.TestInvoker.invokeMethod(TestInvoker.java:686)
	at org.testng.internal.invokers.TestInvoker.invokeTestMethod(TestInvoker.java:230)
	at org.testng.internal.invokers.MethodRunner.runInSequence(MethodRunner.java:63)
	at org.testng.internal.invokers.TestInvoker$MethodInvocationAgent.invoke(TestInvoker.java:992)
	at org.testng.internal.invokers.TestInvoker.invokeTestMethods(TestInvoker.java:203)
	at org.testng.internal.invokers.TestMethodWorker.invokeTestMethods(TestMethodWorker.java:154)
	at org.testng.internal.invokers.TestMethodWorker.run(TestMethodWorker.java:134)
	at java.base/java.util.ArrayList.forEach(ArrayList.java:1511)
	at org.testng.TestRunner.privateRun(TestRunner.java:739)
	at org.testng.TestRunner.run(TestRunner.java:614)
	at org.testng.SuiteRunner.runTest(SuiteRunner.java:421)
	at org.testng.SuiteRunner.runSequentially(SuiteRunner.java:413)
	at org.testng.SuiteRunner.privateRun(SuiteRunner.java:373)
	at org.testng.SuiteRunner.run(SuiteRunner.java:312)
	at org.testng.SuiteRunnerWorker.runSuite(SuiteRunnerWorker.java:52)
	at org.testng.SuiteRunnerWorker.run(SuiteRunnerWorker.java:95)
	at org.testng.TestNG.runSuitesSequentially(TestNG.java:1274)
	at org.testng.TestNG.runSuitesLocally(TestNG.java:1208)
	at org.testng.TestNG.runSuites(TestNG.java:1112)
	at org.testng.TestNG.run(TestNG.java:1079)
	at org.testng.remote.AbstractRemoteTestNG.run(AbstractRemoteTestNG.java:115)
	at org.testng.remote.RemoteTestNG.initAndRun(RemoteTestNG.java:293)
	at org.testng.remote.RemoteTestNG.main(RemoteTestNG.java:91)
</pre></div></td>
<td>13</td>
<td>com.uiFramework.Genesis.regression.web.ConsigneeQATest@75c56eb9</td></tr>
<tr>
<td title='com.uiFramework.Genesis.regression.web.OrderTest.shouldNotAllowDeletionWhenOrderInPalletStage()'><b>shouldNotAllowDeletionWhenOrderInPalletStage</b><br>Test class: com.uiFramework.Genesis.regression.web.OrderTest</td>
<td><div><pre>java.lang.AssertionError: The following asserts failed:
	Not match expected [Order not in draft or inbound pallet pending stage] but found [Toast message Failed]
	at com.uiFramework.Genesis.regression.web.OrderTest.shouldNotAllowDeletionWhenOrderInPalletStage(OrderTest.java:405)
	at java.base/java.util.ArrayList.forEach(ArrayList.java:1511)
... Removed 29 stack frames</pre></div><a href='#' onClick='toggleBox("stack-trace2046223985", this, "Click to show all stack frames", "Click to hide stack frames")'>Click to show all stack frames</a>
<div class='stack-trace' id='stack-trace2046223985'><pre>java.lang.AssertionError: The following asserts failed:
	Not match expected [Order not in draft or inbound pallet pending stage] but found [Toast message Failed]
	at org.testng.asserts.SoftAssert.assertAll(SoftAssert.java:46)
	at org.testng.asserts.SoftAssert.assertAll(SoftAssert.java:30)
	at com.uiFramework.Genesis.regression.web.OrderTest.shouldNotAllowDeletionWhenOrderInPalletStage(OrderTest.java:405)
	at java.base/jdk.internal.reflect.NativeMethodAccessorImpl.invoke0(Native Method)
	at java.base/jdk.internal.reflect.NativeMethodAccessorImpl.invoke(NativeMethodAccessorImpl.java:77)
	at java.base/jdk.internal.reflect.DelegatingMethodAccessorImpl.invoke(DelegatingMethodAccessorImpl.java:43)
	at java.base/java.lang.reflect.Method.invoke(Method.java:568)
	at org.testng.internal.invokers.MethodInvocationHelper.invokeMethod(MethodInvocationHelper.java:141)
	at org.testng.internal.invokers.TestInvoker.invokeMethod(TestInvoker.java:686)
	at org.testng.internal.invokers.TestInvoker.invokeTestMethod(TestInvoker.java:230)
	at org.testng.internal.invokers.MethodRunner.runInSequence(MethodRunner.java:63)
	at org.testng.internal.invokers.TestInvoker$MethodInvocationAgent.invoke(TestInvoker.java:992)
	at org.testng.internal.invokers.TestInvoker.invokeTestMethods(TestInvoker.java:203)
	at org.testng.internal.invokers.TestMethodWorker.invokeTestMethods(TestMethodWorker.java:154)
	at org.testng.internal.invokers.TestMethodWorker.run(TestMethodWorker.java:134)
	at java.base/java.util.ArrayList.forEach(ArrayList.java:1511)
	at org.testng.TestRunner.privateRun(TestRunner.java:739)
	at org.testng.TestRunner.run(TestRunner.java:614)
	at org.testng.SuiteRunner.runTest(SuiteRunner.java:421)
	at org.testng.SuiteRunner.runSequentially(SuiteRunner.java:413)
	at org.testng.SuiteRunner.privateRun(SuiteRunner.java:373)
	at org.testng.SuiteRunner.run(SuiteRunner.java:312)
	at org.testng.SuiteRunnerWorker.runSuite(SuiteRunnerWorker.java:52)
	at org.testng.SuiteRunnerWorker.run(SuiteRunnerWorker.java:95)
	at org.testng.TestNG.runSuitesSequentially(TestNG.java:1274)
	at org.testng.TestNG.runSuitesLocally(TestNG.java:1208)
	at org.testng.TestNG.runSuites(TestNG.java:1112)
	at org.testng.TestNG.run(TestNG.java:1079)
	at org.testng.remote.AbstractRemoteTestNG.run(AbstractRemoteTestNG.java:115)
	at org.testng.remote.RemoteTestNG.initAndRun(RemoteTestNG.java:293)
	at org.testng.remote.RemoteTestNG.main(RemoteTestNG.java:91)
</pre></div></td>
<td>47</td>
<td>com.uiFramework.Genesis.regression.web.OrderTest@2c78324b</td></tr>
<tr>
<td title='com.uiFramework.Genesis.regression.web.OrderTest.shouldCheckPDFDownloadedOnOrderPage()'><b>shouldCheckPDFDownloadedOnOrderPage</b><br>Test class: com.uiFramework.Genesis.regression.web.OrderTest</td>
<td><div><pre>java.lang.AssertionError: The following asserts failed:
	FAIL: File Extension not match With Downloaded file. expected [true] but found [false]
	at com.uiFramework.Genesis.regression.web.OrderTest.shouldCheckPDFDownloadedOnOrderPage(OrderTest.java:477)
	at java.base/java.util.ArrayList.forEach(ArrayList.java:1511)
... Removed 29 stack frames</pre></div><a href='#' onClick='toggleBox("stack-trace1824184243", this, "Click to show all stack frames", "Click to hide stack frames")'>Click to show all stack frames</a>
<div class='stack-trace' id='stack-trace1824184243'><pre>java.lang.AssertionError: The following asserts failed:
	FAIL: File Extension not match With Downloaded file. expected [true] but found [false]
	at org.testng.asserts.SoftAssert.assertAll(SoftAssert.java:46)
	at org.testng.asserts.SoftAssert.assertAll(SoftAssert.java:30)
	at com.uiFramework.Genesis.regression.web.OrderTest.shouldCheckPDFDownloadedOnOrderPage(OrderTest.java:477)
	at java.base/jdk.internal.reflect.NativeMethodAccessorImpl.invoke0(Native Method)
	at java.base/jdk.internal.reflect.NativeMethodAccessorImpl.invoke(NativeMethodAccessorImpl.java:77)
	at java.base/jdk.internal.reflect.DelegatingMethodAccessorImpl.invoke(DelegatingMethodAccessorImpl.java:43)
	at java.base/java.lang.reflect.Method.invoke(Method.java:568)
	at org.testng.internal.invokers.MethodInvocationHelper.invokeMethod(MethodInvocationHelper.java:141)
	at org.testng.internal.invokers.TestInvoker.invokeMethod(TestInvoker.java:686)
	at org.testng.internal.invokers.TestInvoker.invokeTestMethod(TestInvoker.java:230)
	at org.testng.internal.invokers.MethodRunner.runInSequence(MethodRunner.java:63)
	at org.testng.internal.invokers.TestInvoker$MethodInvocationAgent.invoke(TestInvoker.java:992)
	at org.testng.internal.invokers.TestInvoker.invokeTestMethods(TestInvoker.java:203)
	at org.testng.internal.invokers.TestMethodWorker.invokeTestMethods(TestMethodWorker.java:154)
	at org.testng.internal.invokers.TestMethodWorker.run(TestMethodWorker.java:134)
	at java.base/java.util.ArrayList.forEach(ArrayList.java:1511)
	at org.testng.TestRunner.privateRun(TestRunner.java:739)
	at org.testng.TestRunner.run(TestRunner.java:614)
	at org.testng.SuiteRunner.runTest(SuiteRunner.java:421)
	at org.testng.SuiteRunner.runSequentially(SuiteRunner.java:413)
	at org.testng.SuiteRunner.privateRun(SuiteRunner.java:373)
	at org.testng.SuiteRunner.run(SuiteRunner.java:312)
	at org.testng.SuiteRunnerWorker.runSuite(SuiteRunnerWorker.java:52)
	at org.testng.SuiteRunnerWorker.run(SuiteRunnerWorker.java:95)
	at org.testng.TestNG.runSuitesSequentially(TestNG.java:1274)
	at org.testng.TestNG.runSuitesLocally(TestNG.java:1208)
	at org.testng.TestNG.runSuites(TestNG.java:1112)
	at org.testng.TestNG.run(TestNG.java:1079)
	at org.testng.remote.AbstractRemoteTestNG.run(AbstractRemoteTestNG.java:115)
	at org.testng.remote.RemoteTestNG.initAndRun(RemoteTestNG.java:293)
	at org.testng.remote.RemoteTestNG.main(RemoteTestNG.java:91)
</pre></div></td>
<td>10</td>
<td>com.uiFramework.Genesis.regression.web.OrderTest@2c78324b</td></tr>
<tr>
<td title='com.uiFramework.Genesis.regression.web.UpdateTrackingTest.shouldAllowUserToUpdateMultipleRequestsAtOnce()'><b>shouldAllowUserToUpdateMultipleRequestsAtOnce</b><br>Test class: com.uiFramework.Genesis.regression.web.UpdateTrackingTest</td>
<td><div><pre>org.openqa.selenium.NoSuchElementException: no such element: Unable to locate element: {&quot;method&quot;:&quot;xpath&quot;,&quot;selector&quot;:&quot;//table/tbody/tr[1]/td[5]/div/div/div/input&quot;}
  (Session info: chrome=144.0.7559.59)
For documentation on this error, please visit: https://www.selenium.dev/documentation/webdriver/troubleshooting/errors#no-such-element-exception
Build info: version: &apos;4.12.0&apos;, revision: &apos;249f2a7d1b*&apos;
System info: os.name: &apos;Windows 10&apos;, os.arch: &apos;amd64&apos;, os.version: &apos;10.0&apos;, java.version: &apos;17.0.10&apos;
Driver info: org.openqa.selenium.chrome.ChromeDriver
Command: [a7342d11877bd349109176d7eb767e88, findElement {using=xpath, value=//table/tbody/tr[1]/td[5]/div/div/div/input}]
Capabilities {acceptInsecureCerts: false, browserName: chrome, browserVersion: 144.0.7559.59, chrome: {chromedriverVersion: 144.0.7559.96 (d7b80622cfab..., userDataDir: C:\Users\EMP256\AppData\Loc...}, fedcm:accounts: true, goog:chromeOptions: {debuggerAddress: localhost:58092}, goog:processID: 159932, networkConnectionEnabled: false, pageLoadStrategy: normal, platformName: windows, proxy: Proxy(), se:cdp: ws://localhost:58092/devtoo..., se:cdpVersion: 144.0.7559.59, setWindowRect: true, strictFileInteractability: false, timeouts: {implicit: 0, pageLoad: 300000, script: 30000}, unhandledPromptBehavior: dismiss and notify, webauthn:extension:credBlob: true, webauthn:extension:largeBlob: true, webauthn:extension:minPinLength: true, webauthn:extension:prf: true, webauthn:virtualAuthenticators: true}
Session ID: a7342d11877bd349109176d7eb767e88
	at org.openqa.selenium.remote.codec.w3c.W3CHttpResponseCodec.createException(W3CHttpResponseCodec.java:200)
	at org.openqa.selenium.remote.codec.w3c.W3CHttpResponseCodec.decode(W3CHttpResponseCodec.java:133)
	at org.openqa.selenium.remote.codec.w3c.W3CHttpResponseCodec.decode(W3CHttpResponseCodec.java:52)
	at org.openqa.selenium.remote.HttpCommandExecutor.execute(HttpCommandExecutor.java:191)
	at org.openqa.selenium.remote.service.DriverCommandExecutor.invokeExecute(DriverCommandExecutor.java:196)
	at org.openqa.selenium.remote.service.DriverCommandExecutor.execute(DriverCommandExecutor.java:171)
	at org.openqa.selenium.remote.RemoteWebDriver.execute(RemoteWebDriver.java:602)
	at org.openqa.selenium.remote.ElementLocation$ElementFinder$2.findElement(ElementLocation.java:165)
	at org.openqa.selenium.remote.ElementLocation.findElement(ElementLocation.java:59)
	at org.openqa.selenium.remote.RemoteWebDriver.findElement(RemoteWebDriver.java:359)
	at org.openqa.selenium.remote.RemoteWebDriver.findElement(RemoteWebDriver.java:353)
	at com.uiFramework.Genesis.web.pages.UpdateTracking.fillInputAndDate(UpdateTracking.java:306)
	at com.uiFramework.Genesis.web.pages.UpdateTracking.enterTrackingDetailsInLoop(UpdateTracking.java:285)
	at com.uiFramework.Genesis.regression.web.UpdateTrackingTest.shouldAllowUserToUpdateMultipleRequestsAtOnce(UpdateTrackingTest.java:84)
	at java.base/java.util.ArrayList.forEach(ArrayList.java:1511)
... Removed 31 stack frames</pre></div><a href='#' onClick='toggleBox("stack-trace953547290", this, "Click to show all stack frames", "Click to hide stack frames")'>Click to show all stack frames</a>
<div class='stack-trace' id='stack-trace953547290'><pre>org.openqa.selenium.NoSuchElementException: no such element: Unable to locate element: {&quot;method&quot;:&quot;xpath&quot;,&quot;selector&quot;:&quot;//table/tbody/tr[1]/td[5]/div/div/div/input&quot;}
  (Session info: chrome=144.0.7559.59)
For documentation on this error, please visit: https://www.selenium.dev/documentation/webdriver/troubleshooting/errors#no-such-element-exception
Build info: version: &apos;4.12.0&apos;, revision: &apos;249f2a7d1b*&apos;
System info: os.name: &apos;Windows 10&apos;, os.arch: &apos;amd64&apos;, os.version: &apos;10.0&apos;, java.version: &apos;17.0.10&apos;
Driver info: org.openqa.selenium.chrome.ChromeDriver
Command: [a7342d11877bd349109176d7eb767e88, findElement {using=xpath, value=//table/tbody/tr[1]/td[5]/div/div/div/input}]
Capabilities {acceptInsecureCerts: false, browserName: chrome, browserVersion: 144.0.7559.59, chrome: {chromedriverVersion: 144.0.7559.96 (d7b80622cfab..., userDataDir: C:\Users\EMP256\AppData\Loc...}, fedcm:accounts: true, goog:chromeOptions: {debuggerAddress: localhost:58092}, goog:processID: 159932, networkConnectionEnabled: false, pageLoadStrategy: normal, platformName: windows, proxy: Proxy(), se:cdp: ws://localhost:58092/devtoo..., se:cdpVersion: 144.0.7559.59, setWindowRect: true, strictFileInteractability: false, timeouts: {implicit: 0, pageLoad: 300000, script: 30000}, unhandledPromptBehavior: dismiss and notify, webauthn:extension:credBlob: true, webauthn:extension:largeBlob: true, webauthn:extension:minPinLength: true, webauthn:extension:prf: true, webauthn:virtualAuthenticators: true}
Session ID: a7342d11877bd349109176d7eb767e88
	at jdk.internal.reflect.GeneratedConstructorAccessor15.newInstance(Unknown Source)
	at java.base/jdk.internal.reflect.DelegatingConstructorAccessorImpl.newInstance(DelegatingConstructorAccessorImpl.java:45)
	at java.base/java.lang.reflect.Constructor.newInstanceWithCaller(Constructor.java:499)
	at java.base/java.lang.reflect.Constructor.newInstance(Constructor.java:480)
	at org.openqa.selenium.remote.codec.w3c.W3CHttpResponseCodec.createException(W3CHttpResponseCodec.java:200)
	at org.openqa.selenium.remote.codec.w3c.W3CHttpResponseCodec.decode(W3CHttpResponseCodec.java:133)
	at org.openqa.selenium.remote.codec.w3c.W3CHttpResponseCodec.decode(W3CHttpResponseCodec.java:52)
	at org.openqa.selenium.remote.HttpCommandExecutor.execute(HttpCommandExecutor.java:191)
	at org.openqa.selenium.remote.service.DriverCommandExecutor.invokeExecute(DriverCommandExecutor.java:196)
	at org.openqa.selenium.remote.service.DriverCommandExecutor.execute(DriverCommandExecutor.java:171)
	at org.openqa.selenium.remote.RemoteWebDriver.execute(RemoteWebDriver.java:602)
	at org.openqa.selenium.remote.ElementLocation$ElementFinder$2.findElement(ElementLocation.java:165)
	at org.openqa.selenium.remote.ElementLocation.findElement(ElementLocation.java:59)
	at org.openqa.selenium.remote.RemoteWebDriver.findElement(RemoteWebDriver.java:359)
	at org.openqa.selenium.remote.RemoteWebDriver.findElement(RemoteWebDriver.java:353)
	at com.uiFramework.Genesis.web.pages.UpdateTracking.fillInputAndDate(UpdateTracking.java:306)
	at com.uiFramework.Genesis.web.pages.UpdateTracking.enterTrackingDetailsInLoop(UpdateTracking.java:285)
	at com.uiFramework.Genesis.regression.web.UpdateTrackingTest.shouldAllowUserToUpdateMultipleRequestsAtOnce(UpdateTrackingTest.java:84)
	at java.base/jdk.internal.reflect.NativeMethodAccessorImpl.invoke0(Native Method)
	at java.base/jdk.internal.reflect.NativeMethodAccessorImpl.invoke(NativeMethodAccessorImpl.java:77)
	at java.base/jdk.internal.reflect.DelegatingMethodAccessorImpl.invoke(DelegatingMethodAccessorImpl.java:43)
	at java.base/java.lang.reflect.Method.invoke(Method.java:568)
	at org.testng.internal.invokers.MethodInvocationHelper.invokeMethod(MethodInvocationHelper.java:141)
	at org.testng.internal.invokers.TestInvoker.invokeMethod(TestInvoker.java:686)
	at org.testng.internal.invokers.TestInvoker.invokeTestMethod(TestInvoker.java:230)
	at org.testng.internal.invokers.MethodRunner.runInSequence(MethodRunner.java:63)
	at org.testng.internal.invokers.TestInvoker$MethodInvocationAgent.invoke(TestInvoker.java:992)
	at org.testng.internal.invokers.TestInvoker.invokeTestMethods(TestInvoker.java:203)
	at org.testng.internal.invokers.TestMethodWorker.invokeTestMethods(TestMethodWorker.java:154)
	at org.testng.internal.invokers.TestMethodWorker.run(TestMethodWorker.java:134)
	at java.base/java.util.ArrayList.forEach(ArrayList.java:1511)
	at org.testng.TestRunner.privateRun(TestRunner.java:739)
	at org.testng.TestRunner.run(TestRunner.java:614)
	at org.testng.SuiteRunner.runTest(SuiteRunner.java:421)
	at org.testng.SuiteRunner.runSequentially(SuiteRunner.java:413)
	at org.testng.SuiteRunner.privateRun(SuiteRunner.java:373)
	at org.testng.SuiteRunner.run(SuiteRunner.java:312)
	at org.testng.SuiteRunnerWorker.runSuite(SuiteRunnerWorker.java:52)
	at org.testng.SuiteRunnerWorker.run(SuiteRunnerWorker.java:95)
	at org.testng.TestNG.runSuitesSequentially(TestNG.java:1274)
	at org.testng.TestNG.runSuitesLocally(TestNG.java:1208)
	at org.testng.TestNG.runSuites(TestNG.java:1112)
	at org.testng.TestNG.run(TestNG.java:1079)
	at org.testng.remote.AbstractRemoteTestNG.run(AbstractRemoteTestNG.java:115)
	at org.testng.remote.RemoteTestNG.initAndRun(RemoteTestNG.java:293)
	at org.testng.remote.RemoteTestNG.main(RemoteTestNG.java:91)
</pre></div></td>
<td>7</td>
<td>com.uiFramework.Genesis.regression.web.UpdateTrackingTest@a1f72f5</td></tr>
<tr>
<td title='com.uiFramework.Genesis.regression.web.InboundQATest.checkQAStatusforInbound()'><b>checkQAStatusforInbound</b><br>Test class: com.uiFramework.Genesis.regression.web.InboundQATest</td>
<td><div><pre>java.lang.AssertionError: The following asserts failed:
	QA Pass status not with order. expected [QA Passed] but found [QA Pending]
	at com.uiFramework.Genesis.regression.web.InboundQATest.checkQAStatusforInbound(InboundQATest.java:208)
	at java.base/java.util.ArrayList.forEach(ArrayList.java:1511)
... Removed 29 stack frames</pre></div><a href='#' onClick='toggleBox("stack-trace711823676", this, "Click to show all stack frames", "Click to hide stack frames")'>Click to show all stack frames</a>
<div class='stack-trace' id='stack-trace711823676'><pre>java.lang.AssertionError: The following asserts failed:
	QA Pass status not with order. expected [QA Passed] but found [QA Pending]
	at org.testng.asserts.SoftAssert.assertAll(SoftAssert.java:46)
	at org.testng.asserts.SoftAssert.assertAll(SoftAssert.java:30)
	at com.uiFramework.Genesis.regression.web.InboundQATest.checkQAStatusforInbound(InboundQATest.java:208)
	at java.base/jdk.internal.reflect.NativeMethodAccessorImpl.invoke0(Native Method)
	at java.base/jdk.internal.reflect.NativeMethodAccessorImpl.invoke(NativeMethodAccessorImpl.java:77)
	at java.base/jdk.internal.reflect.DelegatingMethodAccessorImpl.invoke(DelegatingMethodAccessorImpl.java:43)
	at java.base/java.lang.reflect.Method.invoke(Method.java:568)
	at org.testng.internal.invokers.MethodInvocationHelper.invokeMethod(MethodInvocationHelper.java:141)
	at org.testng.internal.invokers.TestInvoker.invokeMethod(TestInvoker.java:686)
	at org.testng.internal.invokers.TestInvoker.invokeTestMethod(TestInvoker.java:230)
	at org.testng.internal.invokers.MethodRunner.runInSequence(MethodRunner.java:63)
	at org.testng.internal.invokers.TestInvoker$MethodInvocationAgent.invoke(TestInvoker.java:992)
	at org.testng.internal.invokers.TestInvoker.invokeTestMethods(TestInvoker.java:203)
	at org.testng.internal.invokers.TestMethodWorker.invokeTestMethods(TestMethodWorker.java:154)
	at org.testng.internal.invokers.TestMethodWorker.run(TestMethodWorker.java:134)
	at java.base/java.util.ArrayList.forEach(ArrayList.java:1511)
	at org.testng.TestRunner.privateRun(TestRunner.java:739)
	at org.testng.TestRunner.run(TestRunner.java:614)
	at org.testng.SuiteRunner.runTest(SuiteRunner.java:421)
	at org.testng.SuiteRunner.runSequentially(SuiteRunner.java:413)
	at org.testng.SuiteRunner.privateRun(SuiteRunner.java:373)
	at org.testng.SuiteRunner.run(SuiteRunner.java:312)
	at org.testng.SuiteRunnerWorker.runSuite(SuiteRunnerWorker.java:52)
	at org.testng.SuiteRunnerWorker.run(SuiteRunnerWorker.java:95)
	at org.testng.TestNG.runSuitesSequentially(TestNG.java:1274)
	at org.testng.TestNG.runSuitesLocally(TestNG.java:1208)
	at org.testng.TestNG.runSuites(TestNG.java:1112)
	at org.testng.TestNG.run(TestNG.java:1079)
	at org.testng.remote.AbstractRemoteTestNG.run(AbstractRemoteTestNG.java:115)
	at org.testng.remote.RemoteTestNG.initAndRun(RemoteTestNG.java:293)
	at org.testng.remote.RemoteTestNG.main(RemoteTestNG.java:91)
</pre></div></td>
<td>11</td>
<td>com.uiFramework.Genesis.regression.web.InboundQATest@dc9876b</td></tr>
<tr>
<td title='com.uiFramework.Genesis.regression.web.InboundTruckTest.shouldUpdateOrderStatusWhenTruckLoaded()'><b>shouldUpdateOrderStatusWhenTruckLoaded</b><br>Test class: com.uiFramework.Genesis.regression.web.InboundTruckTest</td>
<td><div><pre>org.openqa.selenium.TimeoutException: Expected condition failed: waiting for element to be clickable: By.xpath: (//*[@data-testid=&apos;CloseIcon&apos;])[2] (tried for 30 second(s) with 250 milliseconds interval)
Build info: version: &apos;4.12.0&apos;, revision: &apos;249f2a7d1b*&apos;
System info: os.name: &apos;Windows 10&apos;, os.arch: &apos;amd64&apos;, os.version: &apos;10.0&apos;, java.version: &apos;17.0.10&apos;
Driver info: org.openqa.selenium.chrome.ChromeDriver
Capabilities {acceptInsecureCerts: false, browserName: chrome, browserVersion: 144.0.7559.59, chrome: {chromedriverVersion: 144.0.7559.96 (d7b80622cfab..., userDataDir: C:\Users\EMP256\AppData\Loc...}, fedcm:accounts: true, goog:chromeOptions: {debuggerAddress: localhost:58092}, goog:processID: 159932, networkConnectionEnabled: false, pageLoadStrategy: normal, platformName: windows, proxy: Proxy(), se:cdp: ws://localhost:58092/devtoo..., se:cdpVersion: 144.0.7559.59, setWindowRect: true, strictFileInteractability: false, timeouts: {implicit: 0, pageLoad: 300000, script: 30000}, unhandledPromptBehavior: dismiss and notify, webauthn:extension:credBlob: true, webauthn:extension:largeBlob: true, webauthn:extension:minPinLength: true, webauthn:extension:prf: true, webauthn:virtualAuthenticators: true}
Session ID: a7342d11877bd349109176d7eb767e88
	at org.openqa.selenium.support.ui.WebDriverWait.timeoutException(WebDriverWait.java:84)
	at org.openqa.selenium.support.ui.FluentWait.until(FluentWait.java:230)
	at com.uiFramework.Genesis.helper.WaitHelper.waitForElementClickable(WaitHelper.java:127)
	at com.uiFramework.Genesis.helper.WaitHelper.waitToClick(WaitHelper.java:171)
	at com.uiFramework.Genesis.web.pages.InbTruckPage.getOrderno(InbTruckPage.java:1051)
	at com.uiFramework.Genesis.regression.web.InboundTruckTest.shouldUpdateOrderStatusWhenTruckLoaded(InboundTruckTest.java:233)
	at java.base/java.util.ArrayList.forEach(ArrayList.java:1511)
... Removed 27 stack frames</pre></div><a href='#' onClick='toggleBox("stack-trace813953940", this, "Click to show all stack frames", "Click to hide stack frames")'>Click to show all stack frames</a>
<div class='stack-trace' id='stack-trace813953940'><pre>org.openqa.selenium.TimeoutException: Expected condition failed: waiting for element to be clickable: By.xpath: (//*[@data-testid=&apos;CloseIcon&apos;])[2] (tried for 30 second(s) with 250 milliseconds interval)
Build info: version: &apos;4.12.0&apos;, revision: &apos;249f2a7d1b*&apos;
System info: os.name: &apos;Windows 10&apos;, os.arch: &apos;amd64&apos;, os.version: &apos;10.0&apos;, java.version: &apos;17.0.10&apos;
Driver info: org.openqa.selenium.chrome.ChromeDriver
Capabilities {acceptInsecureCerts: false, browserName: chrome, browserVersion: 144.0.7559.59, chrome: {chromedriverVersion: 144.0.7559.96 (d7b80622cfab..., userDataDir: C:\Users\EMP256\AppData\Loc...}, fedcm:accounts: true, goog:chromeOptions: {debuggerAddress: localhost:58092}, goog:processID: 159932, networkConnectionEnabled: false, pageLoadStrategy: normal, platformName: windows, proxy: Proxy(), se:cdp: ws://localhost:58092/devtoo..., se:cdpVersion: 144.0.7559.59, setWindowRect: true, strictFileInteractability: false, timeouts: {implicit: 0, pageLoad: 300000, script: 30000}, unhandledPromptBehavior: dismiss and notify, webauthn:extension:credBlob: true, webauthn:extension:largeBlob: true, webauthn:extension:minPinLength: true, webauthn:extension:prf: true, webauthn:virtualAuthenticators: true}
Session ID: a7342d11877bd349109176d7eb767e88
	at org.openqa.selenium.support.ui.WebDriverWait.timeoutException(WebDriverWait.java:84)
	at org.openqa.selenium.support.ui.FluentWait.until(FluentWait.java:230)
	at com.uiFramework.Genesis.helper.WaitHelper.waitForElementClickable(WaitHelper.java:127)
	at com.uiFramework.Genesis.helper.WaitHelper.waitToClick(WaitHelper.java:171)
	at com.uiFramework.Genesis.web.pages.InbTruckPage.getOrderno(InbTruckPage.java:1051)
	at com.uiFramework.Genesis.regression.web.InboundTruckTest.shouldUpdateOrderStatusWhenTruckLoaded(InboundTruckTest.java:233)
	at java.base/jdk.internal.reflect.NativeMethodAccessorImpl.invoke0(Native Method)
	at java.base/jdk.internal.reflect.NativeMethodAccessorImpl.invoke(NativeMethodAccessorImpl.java:77)
	at java.base/jdk.internal.reflect.DelegatingMethodAccessorImpl.invoke(DelegatingMethodAccessorImpl.java:43)
	at java.base/java.lang.reflect.Method.invoke(Method.java:568)
	at org.testng.internal.invokers.MethodInvocationHelper.invokeMethod(MethodInvocationHelper.java:141)
	at org.testng.internal.invokers.TestInvoker.invokeMethod(TestInvoker.java:686)
	at org.testng.internal.invokers.TestInvoker.invokeTestMethod(TestInvoker.java:230)
	at org.testng.internal.invokers.MethodRunner.runInSequence(MethodRunner.java:63)
	at org.testng.internal.invokers.TestInvoker$MethodInvocationAgent.invoke(TestInvoker.java:992)
	at org.testng.internal.invokers.TestInvoker.invokeTestMethods(TestInvoker.java:203)
	at org.testng.internal.invokers.TestMethodWorker.invokeTestMethods(TestMethodWorker.java:154)
	at org.testng.internal.invokers.TestMethodWorker.run(TestMethodWorker.java:134)
	at java.base/java.util.ArrayList.forEach(ArrayList.java:1511)
	at org.testng.TestRunner.privateRun(TestRunner.java:739)
	at org.testng.TestRunner.run(TestRunner.java:614)
	at org.testng.SuiteRunner.runTest(SuiteRunner.java:421)
	at org.testng.SuiteRunner.runSequentially(SuiteRunner.java:413)
	at org.testng.SuiteRunner.privateRun(SuiteRunner.java:373)
	at org.testng.SuiteRunner.run(SuiteRunner.java:312)
	at org.testng.SuiteRunnerWorker.runSuite(SuiteRunnerWorker.java:52)
	at org.testng.SuiteRunnerWorker.run(SuiteRunnerWorker.java:95)
	at org.testng.TestNG.runSuitesSequentially(TestNG.java:1274)
	at org.testng.TestNG.runSuitesLocally(TestNG.java:1208)
	at org.testng.TestNG.runSuites(TestNG.java:1112)
	at org.testng.TestNG.run(TestNG.java:1079)
	at org.testng.remote.AbstractRemoteTestNG.run(AbstractRemoteTestNG.java:115)
	at org.testng.remote.RemoteTestNG.initAndRun(RemoteTestNG.java:293)
	at org.testng.remote.RemoteTestNG.main(RemoteTestNG.java:91)
</pre></div></td>
<td>45</td>
<td>com.uiFramework.Genesis.regression.web.InboundTruckTest@471a9022</td></tr>
<tr>
<td title='com.uiFramework.Genesis.regression.web.OutboundTruckTest.shouldApplyFiltersCorrectlyOnOutboundTruck()'><b>shouldApplyFiltersCorrectlyOnOutboundTruck</b><br>Test class: com.uiFramework.Genesis.regression.web.OutboundTruckTest<br>Parameters: {orderType=order1-50, palletQty=9, consigneename=Ashley Nguyen - 833, WaveNumber=WAVE-7890, data=Resopnse number-102912 and Instructions, litDimWeight=30, subject=data, three=3, zero=0, litDimWeightBlankError=Lit. Dim. Weight should not be blank., dimWeightError=Dim. Weight XYZ should have only numeric value., price=56, Importexceltwoorder=Importexceltwoorder.xlsx, customerpurdue=Purdue, text=New price added, dimWeightNegativeError=Dim. Weight -9 should be greater than 0., state=CA, price2=66, alphanumeric=AB-12test, zip=110021, actWeight=10, Importexcelreconsignment=Importexcelreconsignment.xlsx, EmptyTruck=waiting for load, dimWeightBlankError=Dim. Weight should not be blank., distvalue=Global Supplies Inc., decanconsignee=Andrew mark, Daytonwarehouse=Dayton Distribution Hub, Filename=Dimensional Weight Format Data, ordertypedecan=Delivery Base, litWeight=25, thirdparty=Blue Dart, litDimWeightError=Lit. Dim. Weight XYZ should have only numeric value., filename=update price, custaccess=2-Day Move (48hrs), litPieces=5, Warehouse=Bensenville Facility, defaultCost=0.00, litDimWeightNegativeError=Lit. Dim. Weight -9 should be greater than 0., ArrivedStatus=Arrived, LTL=13234 - Schneider National, city=Phoenix, Importexceloneorder=Importexceloneorder.xlsx, description=Default, carraccess=170 - 24 HOUR EXPRESS, greenconsignee=Green Valley Imports, pickupaddress=Pfizer: 410 East Grant Line Road,AMT Newyork,9537, Palletstatus=Waiting for Load, pieces=10, palletQtyzero=0, qapending=QA Pending, pickuplocation=Pfizer: 410 East Grant Line Road,AMT Newyork,9537, Numbers=19627224408691320110341568514152487869715549168578683247586979136874137817675654734697895683666244041, OrderNote=Special instructions for delivery, value=10, distaddress=Global Supplies Inc.: 1200 Supply Chain Rd., Roanoke Roslyn Heights, 2139, newcomment=Test, purdueadd=Purdue: 500 Distribution Blvd, cost=2, address=1020 street rd, duplicateordnum=Duplicate customer order number, one=1, commenttype=Complaints, QAdone=QA Done, purdueconsignee=Benjamin Garcia, emergencynum=7867897678, ordersource=Distributor, Loadstatus=truck loaded, purdueordertype=Order1-100, truckLoadstatus=Truck Loaded, ParentOrderNumber=PARENT-54321, dimWeight=20, SapOrderNumber=SAP-12345, instruction=Data should be proper, duedate=12-27-2025, Notdeleted=Inbound Truck Load Pending, comment=qwerty, custname=Deccan, customer=Pfizer}</td>
<td><div><pre>java.lang.AssertionError: Row 3 mismatch. Actual: &apos;567&apos; | Expected partial match from: [170 - 24 HOUR EXPRESS, 6233 - 24/7 EXPRESS LOGISTICS- KC, 282 - CALIFORNIA SIERRA] expected [true] but found [false]
	at com.uiFramework.Genesis.web.pages.CommonPage.validateDataInGrid(CommonPage.java:845)
	at com.uiFramework.Genesis.regression.web.OutboundTruckTest.shouldApplyFiltersCorrectlyOnOutboundTruck(OutboundTruckTest.java:354)
	at java.base/java.util.ArrayList.forEach(ArrayList.java:1511)
... Removed 30 stack frames</pre></div><a href='#' onClick='toggleBox("stack-trace621159646", this, "Click to show all stack frames", "Click to hide stack frames")'>Click to show all stack frames</a>
<div class='stack-trace' id='stack-trace621159646'><pre>java.lang.AssertionError: Row 3 mismatch. Actual: &apos;567&apos; | Expected partial match from: [170 - 24 HOUR EXPRESS, 6233 - 24/7 EXPRESS LOGISTICS- KC, 282 - CALIFORNIA SIERRA] expected [true] but found [false]
	at org.testng.Assert.fail(Assert.java:111)
	at org.testng.Assert.failNotEquals(Assert.java:1578)
	at org.testng.Assert.assertTrue(Assert.java:57)
	at com.uiFramework.Genesis.web.pages.CommonPage.validateDataInGrid(CommonPage.java:845)
	at com.uiFramework.Genesis.regression.web.OutboundTruckTest.shouldApplyFiltersCorrectlyOnOutboundTruck(OutboundTruckTest.java:354)
	at java.base/jdk.internal.reflect.NativeMethodAccessorImpl.invoke0(Native Method)
	at java.base/jdk.internal.reflect.NativeMethodAccessorImpl.invoke(NativeMethodAccessorImpl.java:77)
	at java.base/jdk.internal.reflect.DelegatingMethodAccessorImpl.invoke(DelegatingMethodAccessorImpl.java:43)
	at java.base/java.lang.reflect.Method.invoke(Method.java:568)
	at org.testng.internal.invokers.MethodInvocationHelper.invokeMethod(MethodInvocationHelper.java:141)
	at org.testng.internal.invokers.TestInvoker.invokeMethod(TestInvoker.java:686)
	at org.testng.internal.invokers.TestInvoker.invokeTestMethod(TestInvoker.java:230)
	at org.testng.internal.invokers.MethodRunner.runInSequence(MethodRunner.java:63)
	at org.testng.internal.invokers.TestInvoker$MethodInvocationAgent.invoke(TestInvoker.java:992)
	at org.testng.internal.invokers.TestInvoker.invokeTestMethods(TestInvoker.java:203)
	at org.testng.internal.invokers.TestMethodWorker.invokeTestMethods(TestMethodWorker.java:154)
	at org.testng.internal.invokers.TestMethodWorker.run(TestMethodWorker.java:134)
	at java.base/java.util.ArrayList.forEach(ArrayList.java:1511)
	at org.testng.TestRunner.privateRun(TestRunner.java:739)
	at org.testng.TestRunner.run(TestRunner.java:614)
	at org.testng.SuiteRunner.runTest(SuiteRunner.java:421)
	at org.testng.SuiteRunner.runSequentially(SuiteRunner.java:413)
	at org.testng.SuiteRunner.privateRun(SuiteRunner.java:373)
	at org.testng.SuiteRunner.run(SuiteRunner.java:312)
	at org.testng.SuiteRunnerWorker.runSuite(SuiteRunnerWorker.java:52)
	at org.testng.SuiteRunnerWorker.run(SuiteRunnerWorker.java:95)
	at org.testng.TestNG.runSuitesSequentially(TestNG.java:1274)
	at org.testng.TestNG.runSuitesLocally(TestNG.java:1208)
	at org.testng.TestNG.runSuites(TestNG.java:1112)
	at org.testng.TestNG.run(TestNG.java:1079)
	at org.testng.remote.AbstractRemoteTestNG.run(AbstractRemoteTestNG.java:115)
	at org.testng.remote.RemoteTestNG.initAndRun(RemoteTestNG.java:293)
	at org.testng.remote.RemoteTestNG.main(RemoteTestNG.java:91)
</pre></div></td>
<td>17</td>
<td>com.uiFramework.Genesis.regression.web.OutboundTruckTest@19976a65</td></tr>
<tr>
<td title='com.uiFramework.Genesis.regression.web.DocQueueTest.shouldCreateDifferentManifestsForDifferentLDAs()'><b>shouldCreateDifferentManifestsForDifferentLDAs</b><br>Test class: com.uiFramework.Genesis.regression.web.DocQueueTest</td>
<td><div><pre>org.openqa.selenium.NoSuchElementException: no such element: Unable to locate element: {&quot;method&quot;:&quot;xpath&quot;,&quot;selector&quot;:&quot;//table/tbody/tr[30]//td[8]&quot;}
  (Session info: chrome=144.0.7559.59)
For documentation on this error, please visit: https://www.selenium.dev/documentation/webdriver/troubleshooting/errors#no-such-element-exception
Build info: version: &apos;4.12.0&apos;, revision: &apos;249f2a7d1b*&apos;
System info: os.name: &apos;Windows 10&apos;, os.arch: &apos;amd64&apos;, os.version: &apos;10.0&apos;, java.version: &apos;17.0.10&apos;
Driver info: org.openqa.selenium.chrome.ChromeDriver
Command: [a7342d11877bd349109176d7eb767e88, findElement {using=xpath, value=//table/tbody/tr[30]//td[8]}]
Capabilities {acceptInsecureCerts: false, browserName: chrome, browserVersion: 144.0.7559.59, chrome: {chromedriverVersion: 144.0.7559.96 (d7b80622cfab..., userDataDir: C:\Users\EMP256\AppData\Loc...}, fedcm:accounts: true, goog:chromeOptions: {debuggerAddress: localhost:58092}, goog:processID: 159932, networkConnectionEnabled: false, pageLoadStrategy: normal, platformName: windows, proxy: Proxy(), se:cdp: ws://localhost:58092/devtoo..., se:cdpVersion: 144.0.7559.59, setWindowRect: true, strictFileInteractability: false, timeouts: {implicit: 0, pageLoad: 300000, script: 30000}, unhandledPromptBehavior: dismiss and notify, webauthn:extension:credBlob: true, webauthn:extension:largeBlob: true, webauthn:extension:minPinLength: true, webauthn:extension:prf: true, webauthn:virtualAuthenticators: true}
Session ID: a7342d11877bd349109176d7eb767e88
	at org.openqa.selenium.remote.codec.w3c.W3CHttpResponseCodec.createException(W3CHttpResponseCodec.java:200)
	at org.openqa.selenium.remote.codec.w3c.W3CHttpResponseCodec.decode(W3CHttpResponseCodec.java:133)
	at org.openqa.selenium.remote.codec.w3c.W3CHttpResponseCodec.decode(W3CHttpResponseCodec.java:52)
	at org.openqa.selenium.remote.HttpCommandExecutor.execute(HttpCommandExecutor.java:191)
	at org.openqa.selenium.remote.service.DriverCommandExecutor.invokeExecute(DriverCommandExecutor.java:196)
	at org.openqa.selenium.remote.service.DriverCommandExecutor.execute(DriverCommandExecutor.java:171)
	at org.openqa.selenium.remote.RemoteWebDriver.execute(RemoteWebDriver.java:602)
	at org.openqa.selenium.remote.ElementLocation$ElementFinder$2.findElement(ElementLocation.java:165)
	at org.openqa.selenium.remote.ElementLocation.findElement(ElementLocation.java:59)
	at org.openqa.selenium.remote.RemoteWebDriver.findElement(RemoteWebDriver.java:359)
	at org.openqa.selenium.remote.RemoteWebDriver.findElement(RemoteWebDriver.java:353)
	at com.uiFramework.Genesis.web.pages.DocQueue.createLDAForDiffConsignees(DocQueue.java:306)
	at com.uiFramework.Genesis.web.pages.DocQueue.createManifestForDiffLDA(DocQueue.java:351)
	at com.uiFramework.Genesis.regression.web.DocQueueTest.shouldCreateDifferentManifestsForDifferentLDAs(DocQueueTest.java:93)
	at java.base/java.util.ArrayList.forEach(ArrayList.java:1511)
... Removed 31 stack frames</pre></div><a href='#' onClick='toggleBox("stack-trace1762724232", this, "Click to show all stack frames", "Click to hide stack frames")'>Click to show all stack frames</a>
<div class='stack-trace' id='stack-trace1762724232'><pre>org.openqa.selenium.NoSuchElementException: no such element: Unable to locate element: {&quot;method&quot;:&quot;xpath&quot;,&quot;selector&quot;:&quot;//table/tbody/tr[30]//td[8]&quot;}
  (Session info: chrome=144.0.7559.59)
For documentation on this error, please visit: https://www.selenium.dev/documentation/webdriver/troubleshooting/errors#no-such-element-exception
Build info: version: &apos;4.12.0&apos;, revision: &apos;249f2a7d1b*&apos;
System info: os.name: &apos;Windows 10&apos;, os.arch: &apos;amd64&apos;, os.version: &apos;10.0&apos;, java.version: &apos;17.0.10&apos;
Driver info: org.openqa.selenium.chrome.ChromeDriver
Command: [a7342d11877bd349109176d7eb767e88, findElement {using=xpath, value=//table/tbody/tr[30]//td[8]}]
Capabilities {acceptInsecureCerts: false, browserName: chrome, browserVersion: 144.0.7559.59, chrome: {chromedriverVersion: 144.0.7559.96 (d7b80622cfab..., userDataDir: C:\Users\EMP256\AppData\Loc...}, fedcm:accounts: true, goog:chromeOptions: {debuggerAddress: localhost:58092}, goog:processID: 159932, networkConnectionEnabled: false, pageLoadStrategy: normal, platformName: windows, proxy: Proxy(), se:cdp: ws://localhost:58092/devtoo..., se:cdpVersion: 144.0.7559.59, setWindowRect: true, strictFileInteractability: false, timeouts: {implicit: 0, pageLoad: 300000, script: 30000}, unhandledPromptBehavior: dismiss and notify, webauthn:extension:credBlob: true, webauthn:extension:largeBlob: true, webauthn:extension:minPinLength: true, webauthn:extension:prf: true, webauthn:virtualAuthenticators: true}
Session ID: a7342d11877bd349109176d7eb767e88
	at jdk.internal.reflect.GeneratedConstructorAccessor15.newInstance(Unknown Source)
	at java.base/jdk.internal.reflect.DelegatingConstructorAccessorImpl.newInstance(DelegatingConstructorAccessorImpl.java:45)
	at java.base/java.lang.reflect.Constructor.newInstanceWithCaller(Constructor.java:499)
	at java.base/java.lang.reflect.Constructor.newInstance(Constructor.java:480)
	at org.openqa.selenium.remote.codec.w3c.W3CHttpResponseCodec.createException(W3CHttpResponseCodec.java:200)
	at org.openqa.selenium.remote.codec.w3c.W3CHttpResponseCodec.decode(W3CHttpResponseCodec.java:133)
	at org.openqa.selenium.remote.codec.w3c.W3CHttpResponseCodec.decode(W3CHttpResponseCodec.java:52)
	at org.openqa.selenium.remote.HttpCommandExecutor.execute(HttpCommandExecutor.java:191)
	at org.openqa.selenium.remote.service.DriverCommandExecutor.invokeExecute(DriverCommandExecutor.java:196)
	at org.openqa.selenium.remote.service.DriverCommandExecutor.execute(DriverCommandExecutor.java:171)
	at org.openqa.selenium.remote.RemoteWebDriver.execute(RemoteWebDriver.java:602)
	at org.openqa.selenium.remote.ElementLocation$ElementFinder$2.findElement(ElementLocation.java:165)
	at org.openqa.selenium.remote.ElementLocation.findElement(ElementLocation.java:59)
	at org.openqa.selenium.remote.RemoteWebDriver.findElement(RemoteWebDriver.java:359)
	at org.openqa.selenium.remote.RemoteWebDriver.findElement(RemoteWebDriver.java:353)
	at com.uiFramework.Genesis.web.pages.DocQueue.createLDAForDiffConsignees(DocQueue.java:306)
	at com.uiFramework.Genesis.web.pages.DocQueue.createManifestForDiffLDA(DocQueue.java:351)
	at com.uiFramework.Genesis.regression.web.DocQueueTest.shouldCreateDifferentManifestsForDifferentLDAs(DocQueueTest.java:93)
	at java.base/jdk.internal.reflect.NativeMethodAccessorImpl.invoke0(Native Method)
	at java.base/jdk.internal.reflect.NativeMethodAccessorImpl.invoke(NativeMethodAccessorImpl.java:77)
	at java.base/jdk.internal.reflect.DelegatingMethodAccessorImpl.invoke(DelegatingMethodAccessorImpl.java:43)
	at java.base/java.lang.reflect.Method.invoke(Method.java:568)
	at org.testng.internal.invokers.MethodInvocationHelper.invokeMethod(MethodInvocationHelper.java:141)
	at org.testng.internal.invokers.TestInvoker.invokeMethod(TestInvoker.java:686)
	at org.testng.internal.invokers.TestInvoker.invokeTestMethod(TestInvoker.java:230)
	at org.testng.internal.invokers.MethodRunner.runInSequence(MethodRunner.java:63)
	at org.testng.internal.invokers.TestInvoker$MethodInvocationAgent.invoke(TestInvoker.java:992)
	at org.testng.internal.invokers.TestInvoker.invokeTestMethods(TestInvoker.java:203)
	at org.testng.internal.invokers.TestMethodWorker.invokeTestMethods(TestMethodWorker.java:154)
	at org.testng.internal.invokers.TestMethodWorker.run(TestMethodWorker.java:134)
	at java.base/java.util.ArrayList.forEach(ArrayList.java:1511)
	at org.testng.TestRunner.privateRun(TestRunner.java:739)
	at org.testng.TestRunner.run(TestRunner.java:614)
	at org.testng.SuiteRunner.runTest(SuiteRunner.java:421)
	at org.testng.SuiteRunner.runSequentially(SuiteRunner.java:413)
	at org.testng.SuiteRunner.privateRun(SuiteRunner.java:373)
	at org.testng.SuiteRunner.run(SuiteRunner.java:312)
	at org.testng.SuiteRunnerWorker.runSuite(SuiteRunnerWorker.java:52)
	at org.testng.SuiteRunnerWorker.run(SuiteRunnerWorker.java:95)
	at org.testng.TestNG.runSuitesSequentially(TestNG.java:1274)
	at org.testng.TestNG.runSuitesLocally(TestNG.java:1208)
	at org.testng.TestNG.runSuites(TestNG.java:1112)
	at org.testng.TestNG.run(TestNG.java:1079)
	at org.testng.remote.AbstractRemoteTestNG.run(AbstractRemoteTestNG.java:115)
	at org.testng.remote.RemoteTestNG.initAndRun(RemoteTestNG.java:293)
	at org.testng.remote.RemoteTestNG.main(RemoteTestNG.java:91)
</pre></div></td>
<td>26</td>
<td>com.uiFramework.Genesis.regression.web.DocQueueTest@4b2c5e02</td></tr>
<tr>
<td title='com.uiFramework.Genesis.regression.web.OrderTest.shouldConfirmMultipleOrdersAndDisplaySuccessToast()'><b>shouldConfirmMultipleOrdersAndDisplaySuccessToast</b><br>Test class: com.uiFramework.Genesis.regression.web.OrderTest</td>
<td><div><pre>org.openqa.selenium.TimeoutException: Expected condition failed: waiting for com.uiFramework.Genesis.web.pages.OrderPage$$Lambda$659/0x000000080044bfa0@91339ed (tried for 40 second(s) with 500 milliseconds interval)
Build info: version: &apos;4.12.0&apos;, revision: &apos;249f2a7d1b*&apos;
System info: os.name: &apos;Windows 10&apos;, os.arch: &apos;amd64&apos;, os.version: &apos;10.0&apos;, java.version: &apos;17.0.10&apos;
Driver info: org.openqa.selenium.chrome.ChromeDriver
Capabilities {acceptInsecureCerts: false, browserName: chrome, browserVersion: 144.0.7559.59, chrome: {chromedriverVersion: 144.0.7559.96 (d7b80622cfab..., userDataDir: C:\Users\EMP256\AppData\Loc...}, fedcm:accounts: true, goog:chromeOptions: {debuggerAddress: localhost:58092}, goog:processID: 159932, networkConnectionEnabled: false, pageLoadStrategy: normal, platformName: windows, proxy: Proxy(), se:cdp: ws://localhost:58092/devtoo..., se:cdpVersion: 144.0.7559.59, setWindowRect: true, strictFileInteractability: false, timeouts: {implicit: 0, pageLoad: 300000, script: 30000}, unhandledPromptBehavior: dismiss and notify, webauthn:extension:credBlob: true, webauthn:extension:largeBlob: true, webauthn:extension:minPinLength: true, webauthn:extension:prf: true, webauthn:virtualAuthenticators: true}
Session ID: a7342d11877bd349109176d7eb767e88
	at org.openqa.selenium.support.ui.WebDriverWait.timeoutException(WebDriverWait.java:84)
	at org.openqa.selenium.support.ui.FluentWait.until(FluentWait.java:230)
	at com.uiFramework.Genesis.web.pages.OrderPage.selectAnyConsigneeOrSkip(OrderPage.java:1119)
	at com.uiFramework.Genesis.web.pages.OrderPage.orderCreationforDuplicateCustomer(OrderPage.java:1155)
	at com.uiFramework.Genesis.regression.web.OrderTest.shouldConfirmMultipleOrdersAndDisplaySuccessToast(OrderTest.java:380)
	at java.base/java.util.ArrayList.forEach(ArrayList.java:1511)
... Removed 27 stack frames</pre></div><a href='#' onClick='toggleBox("stack-trace1035849634", this, "Click to show all stack frames", "Click to hide stack frames")'>Click to show all stack frames</a>
<div class='stack-trace' id='stack-trace1035849634'><pre>org.openqa.selenium.TimeoutException: Expected condition failed: waiting for com.uiFramework.Genesis.web.pages.OrderPage$$Lambda$659/0x000000080044bfa0@91339ed (tried for 40 second(s) with 500 milliseconds interval)
Build info: version: &apos;4.12.0&apos;, revision: &apos;249f2a7d1b*&apos;
System info: os.name: &apos;Windows 10&apos;, os.arch: &apos;amd64&apos;, os.version: &apos;10.0&apos;, java.version: &apos;17.0.10&apos;
Driver info: org.openqa.selenium.chrome.ChromeDriver
Capabilities {acceptInsecureCerts: false, browserName: chrome, browserVersion: 144.0.7559.59, chrome: {chromedriverVersion: 144.0.7559.96 (d7b80622cfab..., userDataDir: C:\Users\EMP256\AppData\Loc...}, fedcm:accounts: true, goog:chromeOptions: {debuggerAddress: localhost:58092}, goog:processID: 159932, networkConnectionEnabled: false, pageLoadStrategy: normal, platformName: windows, proxy: Proxy(), se:cdp: ws://localhost:58092/devtoo..., se:cdpVersion: 144.0.7559.59, setWindowRect: true, strictFileInteractability: false, timeouts: {implicit: 0, pageLoad: 300000, script: 30000}, unhandledPromptBehavior: dismiss and notify, webauthn:extension:credBlob: true, webauthn:extension:largeBlob: true, webauthn:extension:minPinLength: true, webauthn:extension:prf: true, webauthn:virtualAuthenticators: true}
Session ID: a7342d11877bd349109176d7eb767e88
	at org.openqa.selenium.support.ui.WebDriverWait.timeoutException(WebDriverWait.java:84)
	at org.openqa.selenium.support.ui.FluentWait.until(FluentWait.java:230)
	at com.uiFramework.Genesis.web.pages.OrderPage.selectAnyConsigneeOrSkip(OrderPage.java:1119)
	at com.uiFramework.Genesis.web.pages.OrderPage.orderCreationforDuplicateCustomer(OrderPage.java:1155)
	at com.uiFramework.Genesis.regression.web.OrderTest.shouldConfirmMultipleOrdersAndDisplaySuccessToast(OrderTest.java:380)
	at java.base/jdk.internal.reflect.NativeMethodAccessorImpl.invoke0(Native Method)
	at java.base/jdk.internal.reflect.NativeMethodAccessorImpl.invoke(NativeMethodAccessorImpl.java:77)
	at java.base/jdk.internal.reflect.DelegatingMethodAccessorImpl.invoke(DelegatingMethodAccessorImpl.java:43)
	at java.base/java.lang.reflect.Method.invoke(Method.java:568)
	at org.testng.internal.invokers.MethodInvocationHelper.invokeMethod(MethodInvocationHelper.java:141)
	at org.testng.internal.invokers.TestInvoker.invokeMethod(TestInvoker.java:686)
	at org.testng.internal.invokers.TestInvoker.invokeTestMethod(TestInvoker.java:230)
	at org.testng.internal.invokers.MethodRunner.runInSequence(MethodRunner.java:63)
	at org.testng.internal.invokers.TestInvoker$MethodInvocationAgent.invoke(TestInvoker.java:992)
	at org.testng.internal.invokers.TestInvoker.invokeTestMethods(TestInvoker.java:203)
	at org.testng.internal.invokers.TestMethodWorker.invokeTestMethods(TestMethodWorker.java:154)
	at org.testng.internal.invokers.TestMethodWorker.run(TestMethodWorker.java:134)
	at java.base/java.util.ArrayList.forEach(ArrayList.java:1511)
	at org.testng.TestRunner.privateRun(TestRunner.java:739)
	at org.testng.TestRunner.run(TestRunner.java:614)
	at org.testng.SuiteRunner.runTest(SuiteRunner.java:421)
	at org.testng.SuiteRunner.runSequentially(SuiteRunner.java:413)
	at org.testng.SuiteRunner.privateRun(SuiteRunner.java:373)
	at org.testng.SuiteRunner.run(SuiteRunner.java:312)
	at org.testng.SuiteRunnerWorker.runSuite(SuiteRunnerWorker.java:52)
	at org.testng.SuiteRunnerWorker.run(SuiteRunnerWorker.java:95)
	at org.testng.TestNG.runSuitesSequentially(TestNG.java:1274)
	at org.testng.TestNG.runSuitesLocally(TestNG.java:1208)
	at org.testng.TestNG.runSuites(TestNG.java:1112)
	at org.testng.TestNG.run(TestNG.java:1079)
	at org.testng.remote.AbstractRemoteTestNG.run(AbstractRemoteTestNG.java:115)
	at org.testng.remote.RemoteTestNG.initAndRun(RemoteTestNG.java:293)
	at org.testng.remote.RemoteTestNG.main(RemoteTestNG.java:91)
</pre></div></td>
<td>99</td>
<td>com.uiFramework.Genesis.regression.web.OrderTest@2c78324b</td></tr>
<tr>
<td title='com.uiFramework.Genesis.regression.web.OutboundTruckTest.shouldAddPalletInEditModeWithCalculationsAndShouldUpdateStatus()'><b>shouldAddPalletInEditModeWithCalculationsAndShouldUpdateStatus</b><br>Test class: com.uiFramework.Genesis.regression.web.OutboundTruckTest</td>
<td><div><pre>java.lang.NumberFormatException: For input string: &quot;&quot;
	at java.base/java.lang.NumberFormatException.forInputString(NumberFormatException.java:67)
	at java.base/java.lang.Integer.parseInt(Integer.java:678)
	at java.base/java.lang.Integer.parseInt(Integer.java:786)
	at com.uiFramework.Genesis.web.pages.OutboundTruckPage.AddedPalletCalculationforPiecesWeightQTY(OutboundTruckPage.java:839)
	at com.uiFramework.Genesis.web.pages.OutboundTruckPage.checkAddpalletFunctioninObtTruck(OutboundTruckPage.java:787)
	at com.uiFramework.Genesis.regression.web.OutboundTruckTest.shouldAddPalletInEditModeWithCalculationsAndShouldUpdateStatus(OutboundTruckTest.java:236)
	at java.base/java.util.ArrayList.forEach(ArrayList.java:1511)
... Removed 27 stack frames</pre></div><a href='#' onClick='toggleBox("stack-trace322634532", this, "Click to show all stack frames", "Click to hide stack frames")'>Click to show all stack frames</a>
<div class='stack-trace' id='stack-trace322634532'><pre>java.lang.NumberFormatException: For input string: &quot;&quot;
	at java.base/java.lang.NumberFormatException.forInputString(NumberFormatException.java:67)
	at java.base/java.lang.Integer.parseInt(Integer.java:678)
	at java.base/java.lang.Integer.parseInt(Integer.java:786)
	at com.uiFramework.Genesis.web.pages.OutboundTruckPage.AddedPalletCalculationforPiecesWeightQTY(OutboundTruckPage.java:839)
	at com.uiFramework.Genesis.web.pages.OutboundTruckPage.checkAddpalletFunctioninObtTruck(OutboundTruckPage.java:787)
	at com.uiFramework.Genesis.regression.web.OutboundTruckTest.shouldAddPalletInEditModeWithCalculationsAndShouldUpdateStatus(OutboundTruckTest.java:236)
	at java.base/jdk.internal.reflect.NativeMethodAccessorImpl.invoke0(Native Method)
	at java.base/jdk.internal.reflect.NativeMethodAccessorImpl.invoke(NativeMethodAccessorImpl.java:77)
	at java.base/jdk.internal.reflect.DelegatingMethodAccessorImpl.invoke(DelegatingMethodAccessorImpl.java:43)
	at java.base/java.lang.reflect.Method.invoke(Method.java:568)
	at org.testng.internal.invokers.MethodInvocationHelper.invokeMethod(MethodInvocationHelper.java:141)
	at org.testng.internal.invokers.TestInvoker.invokeMethod(TestInvoker.java:686)
	at org.testng.internal.invokers.TestInvoker.invokeTestMethod(TestInvoker.java:230)
	at org.testng.internal.invokers.MethodRunner.runInSequence(MethodRunner.java:63)
	at org.testng.internal.invokers.TestInvoker$MethodInvocationAgent.invoke(TestInvoker.java:992)
	at org.testng.internal.invokers.TestInvoker.invokeTestMethods(TestInvoker.java:203)
	at org.testng.internal.invokers.TestMethodWorker.invokeTestMethods(TestMethodWorker.java:154)
	at org.testng.internal.invokers.TestMethodWorker.run(TestMethodWorker.java:134)
	at java.base/java.util.ArrayList.forEach(ArrayList.java:1511)
	at org.testng.TestRunner.privateRun(TestRunner.java:739)
	at org.testng.TestRunner.run(TestRunner.java:614)
	at org.testng.SuiteRunner.runTest(SuiteRunner.java:421)
	at org.testng.SuiteRunner.runSequentially(SuiteRunner.java:413)
	at org.testng.SuiteRunner.privateRun(SuiteRunner.java:373)
	at org.testng.SuiteRunner.run(SuiteRunner.java:312)
	at org.testng.SuiteRunnerWorker.runSuite(SuiteRunnerWorker.java:52)
	at org.testng.SuiteRunnerWorker.run(SuiteRunnerWorker.java:95)
	at org.testng.TestNG.runSuitesSequentially(TestNG.java:1274)
	at org.testng.TestNG.runSuitesLocally(TestNG.java:1208)
	at org.testng.TestNG.runSuites(TestNG.java:1112)
	at org.testng.TestNG.run(TestNG.java:1079)
	at org.testng.remote.AbstractRemoteTestNG.run(AbstractRemoteTestNG.java:115)
	at org.testng.remote.RemoteTestNG.initAndRun(RemoteTestNG.java:293)
	at org.testng.remote.RemoteTestNG.main(RemoteTestNG.java:91)
</pre></div></td>
<td>6</td>
<td>com.uiFramework.Genesis.regression.web.OutboundTruckTest@19976a65</td></tr>
<tr>
<td title='com.uiFramework.Genesis.regression.web.OutboundTruckTest.shouldDeleteTruckAndMakeOrdersAvailableToAdd()'><b>shouldDeleteTruckAndMakeOrdersAvailableToAdd</b><br>Test class: com.uiFramework.Genesis.regression.web.OutboundTruckTest</td>
<td><div><pre>java.lang.AssertionError: The following asserts failed:
	&apos;No record found&apos; is displayed on create truck. Test Failed expected [false] but found [true]
	at com.uiFramework.Genesis.regression.web.OutboundTruckTest.shouldDeleteTruckAndMakeOrdersAvailableToAdd(OutboundTruckTest.java:288)
	at java.base/java.util.ArrayList.forEach(ArrayList.java:1511)
... Removed 29 stack frames</pre></div><a href='#' onClick='toggleBox("stack-trace1659403895", this, "Click to show all stack frames", "Click to hide stack frames")'>Click to show all stack frames</a>
<div class='stack-trace' id='stack-trace1659403895'><pre>java.lang.AssertionError: The following asserts failed:
	&apos;No record found&apos; is displayed on create truck. Test Failed expected [false] but found [true]
	at org.testng.asserts.SoftAssert.assertAll(SoftAssert.java:46)
	at org.testng.asserts.SoftAssert.assertAll(SoftAssert.java:30)
	at com.uiFramework.Genesis.regression.web.OutboundTruckTest.shouldDeleteTruckAndMakeOrdersAvailableToAdd(OutboundTruckTest.java:288)
	at java.base/jdk.internal.reflect.NativeMethodAccessorImpl.invoke0(Native Method)
	at java.base/jdk.internal.reflect.NativeMethodAccessorImpl.invoke(NativeMethodAccessorImpl.java:77)
	at java.base/jdk.internal.reflect.DelegatingMethodAccessorImpl.invoke(DelegatingMethodAccessorImpl.java:43)
	at java.base/java.lang.reflect.Method.invoke(Method.java:568)
	at org.testng.internal.invokers.MethodInvocationHelper.invokeMethod(MethodInvocationHelper.java:141)
	at org.testng.internal.invokers.TestInvoker.invokeMethod(TestInvoker.java:686)
	at org.testng.internal.invokers.TestInvoker.invokeTestMethod(TestInvoker.java:230)
	at org.testng.internal.invokers.MethodRunner.runInSequence(MethodRunner.java:63)
	at org.testng.internal.invokers.TestInvoker$MethodInvocationAgent.invoke(TestInvoker.java:992)
	at org.testng.internal.invokers.TestInvoker.invokeTestMethods(TestInvoker.java:203)
	at org.testng.internal.invokers.TestMethodWorker.invokeTestMethods(TestMethodWorker.java:154)
	at org.testng.internal.invokers.TestMethodWorker.run(TestMethodWorker.java:134)
	at java.base/java.util.ArrayList.forEach(ArrayList.java:1511)
	at org.testng.TestRunner.privateRun(TestRunner.java:739)
	at org.testng.TestRunner.run(TestRunner.java:614)
	at org.testng.SuiteRunner.runTest(SuiteRunner.java:421)
	at org.testng.SuiteRunner.runSequentially(SuiteRunner.java:413)
	at org.testng.SuiteRunner.privateRun(SuiteRunner.java:373)
	at org.testng.SuiteRunner.run(SuiteRunner.java:312)
	at org.testng.SuiteRunnerWorker.runSuite(SuiteRunnerWorker.java:52)
	at org.testng.SuiteRunnerWorker.run(SuiteRunnerWorker.java:95)
	at org.testng.TestNG.runSuitesSequentially(TestNG.java:1274)
	at org.testng.TestNG.runSuitesLocally(TestNG.java:1208)
	at org.testng.TestNG.runSuites(TestNG.java:1112)
	at org.testng.TestNG.run(TestNG.java:1079)
	at org.testng.remote.AbstractRemoteTestNG.run(AbstractRemoteTestNG.java:115)
	at org.testng.remote.RemoteTestNG.initAndRun(RemoteTestNG.java:293)
	at org.testng.remote.RemoteTestNG.main(RemoteTestNG.java:91)
</pre></div></td>
<td>25</td>
<td>com.uiFramework.Genesis.regression.web.OutboundTruckTest@19976a65</td></tr>
<tr>
<td title='com.uiFramework.Genesis.regression.web.OrderTest.shouldAddEditAndDeleteCarrierAccessorialSuccessfully()'><b>shouldAddEditAndDeleteCarrierAccessorialSuccessfully</b><br>Test class: com.uiFramework.Genesis.regression.web.OrderTest</td>
<td><div><pre>org.openqa.selenium.JavascriptException: javascript error: arguments[0].click is not a function
  (Session info: chrome=144.0.7559.59)
Build info: version: &apos;4.12.0&apos;, revision: &apos;249f2a7d1b*&apos;
System info: os.name: &apos;Windows 10&apos;, os.arch: &apos;amd64&apos;, os.version: &apos;10.0&apos;, java.version: &apos;17.0.10&apos;
Driver info: org.openqa.selenium.chrome.ChromeDriver
Command: [a7342d11877bd349109176d7eb767e88, executeScript {script=arguments[0].click();, args=[{element-6066-11e4-a52e-4f735466cecf=f.CD13DB6DD71A780921A15D551BD338B8.d.EDFAB4EDF359047AED7836967DB8CB1E.e.900}]}]
Capabilities {acceptInsecureCerts: false, browserName: chrome, browserVersion: 144.0.7559.59, chrome: {chromedriverVersion: 144.0.7559.96 (d7b80622cfab..., userDataDir: C:\Users\EMP256\AppData\Loc...}, fedcm:accounts: true, goog:chromeOptions: {debuggerAddress: localhost:58092}, goog:processID: 159932, networkConnectionEnabled: false, pageLoadStrategy: normal, platformName: windows, proxy: Proxy(), se:cdp: ws://localhost:58092/devtoo..., se:cdpVersion: 144.0.7559.59, setWindowRect: true, strictFileInteractability: false, timeouts: {implicit: 0, pageLoad: 300000, script: 30000}, unhandledPromptBehavior: dismiss and notify, webauthn:extension:credBlob: true, webauthn:extension:largeBlob: true, webauthn:extension:minPinLength: true, webauthn:extension:prf: true, webauthn:virtualAuthenticators: true}
Session ID: a7342d11877bd349109176d7eb767e88
	at org.openqa.selenium.remote.codec.w3c.W3CHttpResponseCodec.createException(W3CHttpResponseCodec.java:200)
	at org.openqa.selenium.remote.codec.w3c.W3CHttpResponseCodec.decode(W3CHttpResponseCodec.java:133)
	at org.openqa.selenium.remote.codec.w3c.W3CHttpResponseCodec.decode(W3CHttpResponseCodec.java:52)
	at org.openqa.selenium.remote.HttpCommandExecutor.execute(HttpCommandExecutor.java:191)
	at org.openqa.selenium.remote.service.DriverCommandExecutor.invokeExecute(DriverCommandExecutor.java:196)
	at org.openqa.selenium.remote.service.DriverCommandExecutor.execute(DriverCommandExecutor.java:171)
	at org.openqa.selenium.remote.RemoteWebDriver.execute(RemoteWebDriver.java:602)
	at org.openqa.selenium.remote.RemoteWebDriver.executeScript(RemoteWebDriver.java:467)
	at com.uiFramework.Genesis.web.pages.OrderPage.jsClick(OrderPage.java:84)
	at com.uiFramework.Genesis.web.pages.OrderPage.safeClick(OrderPage.java:103)
	at com.uiFramework.Genesis.web.pages.OrderPage.deleteCarrAccess(OrderPage.java:575)
	at com.uiFramework.Genesis.regression.web.OrderTest.shouldAddEditAndDeleteCarrierAccessorialSuccessfully(OrderTest.java:179)
	at java.base/java.util.ArrayList.forEach(ArrayList.java:1511)
... Removed 32 stack frames</pre></div><a href='#' onClick='toggleBox("stack-trace820729289", this, "Click to show all stack frames", "Click to hide stack frames")'>Click to show all stack frames</a>
<div class='stack-trace' id='stack-trace820729289'><pre>org.openqa.selenium.JavascriptException: javascript error: arguments[0].click is not a function
  (Session info: chrome=144.0.7559.59)
Build info: version: &apos;4.12.0&apos;, revision: &apos;249f2a7d1b*&apos;
System info: os.name: &apos;Windows 10&apos;, os.arch: &apos;amd64&apos;, os.version: &apos;10.0&apos;, java.version: &apos;17.0.10&apos;
Driver info: org.openqa.selenium.chrome.ChromeDriver
Command: [a7342d11877bd349109176d7eb767e88, executeScript {script=arguments[0].click();, args=[{element-6066-11e4-a52e-4f735466cecf=f.CD13DB6DD71A780921A15D551BD338B8.d.EDFAB4EDF359047AED7836967DB8CB1E.e.900}]}]
Capabilities {acceptInsecureCerts: false, browserName: chrome, browserVersion: 144.0.7559.59, chrome: {chromedriverVersion: 144.0.7559.96 (d7b80622cfab..., userDataDir: C:\Users\EMP256\AppData\Loc...}, fedcm:accounts: true, goog:chromeOptions: {debuggerAddress: localhost:58092}, goog:processID: 159932, networkConnectionEnabled: false, pageLoadStrategy: normal, platformName: windows, proxy: Proxy(), se:cdp: ws://localhost:58092/devtoo..., se:cdpVersion: 144.0.7559.59, setWindowRect: true, strictFileInteractability: false, timeouts: {implicit: 0, pageLoad: 300000, script: 30000}, unhandledPromptBehavior: dismiss and notify, webauthn:extension:credBlob: true, webauthn:extension:largeBlob: true, webauthn:extension:minPinLength: true, webauthn:extension:prf: true, webauthn:virtualAuthenticators: true}
Session ID: a7342d11877bd349109176d7eb767e88
	at java.base/jdk.internal.reflect.NativeConstructorAccessorImpl.newInstance0(Native Method)
	at java.base/jdk.internal.reflect.NativeConstructorAccessorImpl.newInstance(NativeConstructorAccessorImpl.java:77)
	at java.base/jdk.internal.reflect.DelegatingConstructorAccessorImpl.newInstance(DelegatingConstructorAccessorImpl.java:45)
	at java.base/java.lang.reflect.Constructor.newInstanceWithCaller(Constructor.java:499)
	at java.base/java.lang.reflect.Constructor.newInstance(Constructor.java:480)
	at org.openqa.selenium.remote.codec.w3c.W3CHttpResponseCodec.createException(W3CHttpResponseCodec.java:200)
	at org.openqa.selenium.remote.codec.w3c.W3CHttpResponseCodec.decode(W3CHttpResponseCodec.java:133)
	at org.openqa.selenium.remote.codec.w3c.W3CHttpResponseCodec.decode(W3CHttpResponseCodec.java:52)
	at org.openqa.selenium.remote.HttpCommandExecutor.execute(HttpCommandExecutor.java:191)
	at org.openqa.selenium.remote.service.DriverCommandExecutor.invokeExecute(DriverCommandExecutor.java:196)
	at org.openqa.selenium.remote.service.DriverCommandExecutor.execute(DriverCommandExecutor.java:171)
	at org.openqa.selenium.remote.RemoteWebDriver.execute(RemoteWebDriver.java:602)
	at org.openqa.selenium.remote.RemoteWebDriver.executeScript(RemoteWebDriver.java:467)
	at com.uiFramework.Genesis.web.pages.OrderPage.jsClick(OrderPage.java:84)
	at com.uiFramework.Genesis.web.pages.OrderPage.safeClick(OrderPage.java:103)
	at com.uiFramework.Genesis.web.pages.OrderPage.deleteCarrAccess(OrderPage.java:575)
	at com.uiFramework.Genesis.regression.web.OrderTest.shouldAddEditAndDeleteCarrierAccessorialSuccessfully(OrderTest.java:179)
	at java.base/jdk.internal.reflect.NativeMethodAccessorImpl.invoke0(Native Method)
	at java.base/jdk.internal.reflect.NativeMethodAccessorImpl.invoke(NativeMethodAccessorImpl.java:77)
	at java.base/jdk.internal.reflect.DelegatingMethodAccessorImpl.invoke(DelegatingMethodAccessorImpl.java:43)
	at java.base/java.lang.reflect.Method.invoke(Method.java:568)
	at org.testng.internal.invokers.MethodInvocationHelper.invokeMethod(MethodInvocationHelper.java:141)
	at org.testng.internal.invokers.TestInvoker.invokeMethod(TestInvoker.java:686)
	at org.testng.internal.invokers.TestInvoker.invokeTestMethod(TestInvoker.java:230)
	at org.testng.internal.invokers.MethodRunner.runInSequence(MethodRunner.java:63)
	at org.testng.internal.invokers.TestInvoker$MethodInvocationAgent.invoke(TestInvoker.java:992)
	at org.testng.internal.invokers.TestInvoker.invokeTestMethods(TestInvoker.java:203)
	at org.testng.internal.invokers.TestMethodWorker.invokeTestMethods(TestMethodWorker.java:154)
	at org.testng.internal.invokers.TestMethodWorker.run(TestMethodWorker.java:134)
	at java.base/java.util.ArrayList.forEach(ArrayList.java:1511)
	at org.testng.TestRunner.privateRun(TestRunner.java:739)
	at org.testng.TestRunner.run(TestRunner.java:614)
	at org.testng.SuiteRunner.runTest(SuiteRunner.java:421)
	at org.testng.SuiteRunner.runSequentially(SuiteRunner.java:413)
	at org.testng.SuiteRunner.privateRun(SuiteRunner.java:373)
	at org.testng.SuiteRunner.run(SuiteRunner.java:312)
	at org.testng.SuiteRunnerWorker.runSuite(SuiteRunnerWorker.java:52)
	at org.testng.SuiteRunnerWorker.run(SuiteRunnerWorker.java:95)
	at org.testng.TestNG.runSuitesSequentially(TestNG.java:1274)
	at org.testng.TestNG.runSuitesLocally(TestNG.java:1208)
	at org.testng.TestNG.runSuites(TestNG.java:1112)
	at org.testng.TestNG.run(TestNG.java:1079)
	at org.testng.remote.AbstractRemoteTestNG.run(AbstractRemoteTestNG.java:115)
	at org.testng.remote.RemoteTestNG.initAndRun(RemoteTestNG.java:293)
	at org.testng.remote.RemoteTestNG.main(RemoteTestNG.java:91)
</pre></div></td>
<td>18</td>
<td>com.uiFramework.Genesis.regression.web.OrderTest@2c78324b</td></tr>
<tr>
<td title='com.uiFramework.Genesis.regression.web.InboundTruckTest.shouldApplyFiltersCorrectlyOnInboundTruck()'><b>shouldApplyFiltersCorrectlyOnInboundTruck</b><br>Test class: com.uiFramework.Genesis.regression.web.InboundTruckTest<br>Parameters: {orderType=order1-50, palletQty=9, consigneename=Ashley Nguyen - 833, WaveNumber=WAVE-7890, data=Resopnse number-102912 and Instructions, litDimWeight=30, subject=data, three=3, zero=0, litDimWeightBlankError=Lit. Dim. Weight should not be blank., dimWeightError=Dim. Weight XYZ should have only numeric value., price=56, Importexceltwoorder=Importexceltwoorder.xlsx, customerpurdue=Purdue, text=New price added, dimWeightNegativeError=Dim. Weight -9 should be greater than 0., state=CA, price2=66, alphanumeric=AB-12test, zip=110021, actWeight=10, Importexcelreconsignment=Importexcelreconsignment.xlsx, EmptyTruck=waiting for load, dimWeightBlankError=Dim. Weight should not be blank., distvalue=Global Supplies Inc., decanconsignee=Andrew mark, Daytonwarehouse=Dayton Distribution Hub, Filename=Dimensional Weight Format Data, ordertypedecan=Delivery Base, litWeight=25, thirdparty=Blue Dart, litDimWeightError=Lit. Dim. Weight XYZ should have only numeric value., filename=update price, custaccess=2-Day Move (48hrs), litPieces=5, Warehouse=Bensenville Facility, defaultCost=0.00, litDimWeightNegativeError=Lit. Dim. Weight -9 should be greater than 0., ArrivedStatus=Arrived, LTL=13234 - Schneider National, city=Phoenix, Importexceloneorder=Importexceloneorder.xlsx, description=Default, carraccess=170 - 24 HOUR EXPRESS, greenconsignee=Green Valley Imports, pickupaddress=Pfizer: 410 East Grant Line Road,AMT Newyork,9537, Palletstatus=Waiting for Load, pieces=10, palletQtyzero=0, qapending=QA Pending, pickuplocation=Pfizer: 410 East Grant Line Road,AMT Newyork,9537, Numbers=19627224408691320110341568514152487869715549168578683247586979136874137817675654734697895683666244041, OrderNote=Special instructions for delivery, value=10, distaddress=Global Supplies Inc.: 1200 Supply Chain Rd., Roanoke Roslyn Heights, 2139, newcomment=Test, purdueadd=Purdue: 500 Distribution Blvd, cost=2, address=1020 street rd, duplicateordnum=Duplicate customer order number, one=1, commenttype=Complaints, QAdone=QA Done, purdueconsignee=Benjamin Garcia, emergencynum=7867897678, ordersource=Distributor, Loadstatus=truck loaded, purdueordertype=Order1-100, truckLoadstatus=Truck Loaded, ParentOrderNumber=PARENT-54321, dimWeight=20, SapOrderNumber=SAP-12345, instruction=Data should be proper, duedate=12-27-2025, Notdeleted=Inbound Truck Load Pending, comment=qwerty, custname=Deccan, customer=Pfizer}</td>
<td><div><pre>org.openqa.selenium.NoSuchElementException: no such element: Unable to locate element: {&quot;method&quot;:&quot;xpath&quot;,&quot;selector&quot;:&quot;//*[@id=&apos;panel1bh-content&apos;]//thead//tr[1]//th[10]//*[@class=&apos;p-column-title&apos;]&quot;}
  (Session info: chrome=144.0.7559.59)
For documentation on this error, please visit: https://www.selenium.dev/documentation/webdriver/troubleshooting/errors#no-such-element-exception
Build info: version: &apos;4.12.0&apos;, revision: &apos;249f2a7d1b*&apos;
System info: os.name: &apos;Windows 10&apos;, os.arch: &apos;amd64&apos;, os.version: &apos;10.0&apos;, java.version: &apos;17.0.10&apos;
Driver info: org.openqa.selenium.chrome.ChromeDriver
Command: [a7342d11877bd349109176d7eb767e88, findElement {using=xpath, value=//*[@id=&apos;panel1bh-content&apos;]//thead//tr[1]//th[10]//*[@class=&apos;p-column-title&apos;]}]
Capabilities {acceptInsecureCerts: false, browserName: chrome, browserVersion: 144.0.7559.59, chrome: {chromedriverVersion: 144.0.7559.96 (d7b80622cfab..., userDataDir: C:\Users\EMP256\AppData\Loc...}, fedcm:accounts: true, goog:chromeOptions: {debuggerAddress: localhost:58092}, goog:processID: 159932, networkConnectionEnabled: false, pageLoadStrategy: normal, platformName: windows, proxy: Proxy(), se:cdp: ws://localhost:58092/devtoo..., se:cdpVersion: 144.0.7559.59, setWindowRect: true, strictFileInteractability: false, timeouts: {implicit: 0, pageLoad: 300000, script: 30000}, unhandledPromptBehavior: dismiss and notify, webauthn:extension:credBlob: true, webauthn:extension:largeBlob: true, webauthn:extension:minPinLength: true, webauthn:extension:prf: true, webauthn:virtualAuthenticators: true}
Session ID: a7342d11877bd349109176d7eb767e88
	at org.openqa.selenium.remote.codec.w3c.W3CHttpResponseCodec.createException(W3CHttpResponseCodec.java:200)
	at org.openqa.selenium.remote.codec.w3c.W3CHttpResponseCodec.decode(W3CHttpResponseCodec.java:133)
	at org.openqa.selenium.remote.codec.w3c.W3CHttpResponseCodec.decode(W3CHttpResponseCodec.java:52)
	at org.openqa.selenium.remote.HttpCommandExecutor.execute(HttpCommandExecutor.java:191)
	at org.openqa.selenium.remote.service.DriverCommandExecutor.invokeExecute(DriverCommandExecutor.java:196)
	at org.openqa.selenium.remote.service.DriverCommandExecutor.execute(DriverCommandExecutor.java:171)
	at org.openqa.selenium.remote.RemoteWebDriver.execute(RemoteWebDriver.java:602)
	at org.openqa.selenium.remote.ElementLocation$ElementFinder$2.findElement(ElementLocation.java:165)
	at org.openqa.selenium.remote.ElementLocation.findElement(ElementLocation.java:59)
	at org.openqa.selenium.remote.RemoteWebDriver.findElement(RemoteWebDriver.java:359)
	at org.openqa.selenium.remote.RemoteWebDriver.findElement(RemoteWebDriver.java:353)
	at com.uiFramework.Genesis.web.pages.CommonPage.validateDataInGrid(CommonPage.java:822)
	at com.uiFramework.Genesis.regression.web.InboundTruckTest.shouldApplyFiltersCorrectlyOnInboundTruck(InboundTruckTest.java:274)
	at java.base/java.util.ArrayList.forEach(ArrayList.java:1511)
... Removed 31 stack frames</pre></div><a href='#' onClick='toggleBox("stack-trace409154944", this, "Click to show all stack frames", "Click to hide stack frames")'>Click to show all stack frames</a>
<div class='stack-trace' id='stack-trace409154944'><pre>org.openqa.selenium.NoSuchElementException: no such element: Unable to locate element: {&quot;method&quot;:&quot;xpath&quot;,&quot;selector&quot;:&quot;//*[@id=&apos;panel1bh-content&apos;]//thead//tr[1]//th[10]//*[@class=&apos;p-column-title&apos;]&quot;}
  (Session info: chrome=144.0.7559.59)
For documentation on this error, please visit: https://www.selenium.dev/documentation/webdriver/troubleshooting/errors#no-such-element-exception
Build info: version: &apos;4.12.0&apos;, revision: &apos;249f2a7d1b*&apos;
System info: os.name: &apos;Windows 10&apos;, os.arch: &apos;amd64&apos;, os.version: &apos;10.0&apos;, java.version: &apos;17.0.10&apos;
Driver info: org.openqa.selenium.chrome.ChromeDriver
Command: [a7342d11877bd349109176d7eb767e88, findElement {using=xpath, value=//*[@id=&apos;panel1bh-content&apos;]//thead//tr[1]//th[10]//*[@class=&apos;p-column-title&apos;]}]
Capabilities {acceptInsecureCerts: false, browserName: chrome, browserVersion: 144.0.7559.59, chrome: {chromedriverVersion: 144.0.7559.96 (d7b80622cfab..., userDataDir: C:\Users\EMP256\AppData\Loc...}, fedcm:accounts: true, goog:chromeOptions: {debuggerAddress: localhost:58092}, goog:processID: 159932, networkConnectionEnabled: false, pageLoadStrategy: normal, platformName: windows, proxy: Proxy(), se:cdp: ws://localhost:58092/devtoo..., se:cdpVersion: 144.0.7559.59, setWindowRect: true, strictFileInteractability: false, timeouts: {implicit: 0, pageLoad: 300000, script: 30000}, unhandledPromptBehavior: dismiss and notify, webauthn:extension:credBlob: true, webauthn:extension:largeBlob: true, webauthn:extension:minPinLength: true, webauthn:extension:prf: true, webauthn:virtualAuthenticators: true}
Session ID: a7342d11877bd349109176d7eb767e88
	at jdk.internal.reflect.GeneratedConstructorAccessor15.newInstance(Unknown Source)
	at java.base/jdk.internal.reflect.DelegatingConstructorAccessorImpl.newInstance(DelegatingConstructorAccessorImpl.java:45)
	at java.base/java.lang.reflect.Constructor.newInstanceWithCaller(Constructor.java:499)
	at java.base/java.lang.reflect.Constructor.newInstance(Constructor.java:480)
	at org.openqa.selenium.remote.codec.w3c.W3CHttpResponseCodec.createException(W3CHttpResponseCodec.java:200)
	at org.openqa.selenium.remote.codec.w3c.W3CHttpResponseCodec.decode(W3CHttpResponseCodec.java:133)
	at org.openqa.selenium.remote.codec.w3c.W3CHttpResponseCodec.decode(W3CHttpResponseCodec.java:52)
	at org.openqa.selenium.remote.HttpCommandExecutor.execute(HttpCommandExecutor.java:191)
	at org.openqa.selenium.remote.service.DriverCommandExecutor.invokeExecute(DriverCommandExecutor.java:196)
	at org.openqa.selenium.remote.service.DriverCommandExecutor.execute(DriverCommandExecutor.java:171)
	at org.openqa.selenium.remote.RemoteWebDriver.execute(RemoteWebDriver.java:602)
	at org.openqa.selenium.remote.ElementLocation$ElementFinder$2.findElement(ElementLocation.java:165)
	at org.openqa.selenium.remote.ElementLocation.findElement(ElementLocation.java:59)
	at org.openqa.selenium.remote.RemoteWebDriver.findElement(RemoteWebDriver.java:359)
	at org.openqa.selenium.remote.RemoteWebDriver.findElement(RemoteWebDriver.java:353)
	at com.uiFramework.Genesis.web.pages.CommonPage.validateDataInGrid(CommonPage.java:822)
	at com.uiFramework.Genesis.regression.web.InboundTruckTest.shouldApplyFiltersCorrectlyOnInboundTruck(InboundTruckTest.java:274)
	at java.base/jdk.internal.reflect.NativeMethodAccessorImpl.invoke0(Native Method)
	at java.base/jdk.internal.reflect.NativeMethodAccessorImpl.invoke(NativeMethodAccessorImpl.java:77)
	at java.base/jdk.internal.reflect.DelegatingMethodAccessorImpl.invoke(DelegatingMethodAccessorImpl.java:43)
	at java.base/java.lang.reflect.Method.invoke(Method.java:568)
	at org.testng.internal.invokers.MethodInvocationHelper.invokeMethod(MethodInvocationHelper.java:141)
	at org.testng.internal.invokers.TestInvoker.invokeMethod(TestInvoker.java:686)
	at org.testng.internal.invokers.TestInvoker.invokeTestMethod(TestInvoker.java:230)
	at org.testng.internal.invokers.MethodRunner.runInSequence(MethodRunner.java:63)
	at org.testng.internal.invokers.TestInvoker$MethodInvocationAgent.invoke(TestInvoker.java:992)
	at org.testng.internal.invokers.TestInvoker.invokeTestMethods(TestInvoker.java:203)
	at org.testng.internal.invokers.TestMethodWorker.invokeTestMethods(TestMethodWorker.java:154)
	at org.testng.internal.invokers.TestMethodWorker.run(TestMethodWorker.java:134)
	at java.base/java.util.ArrayList.forEach(ArrayList.java:1511)
	at org.testng.TestRunner.privateRun(TestRunner.java:739)
	at org.testng.TestRunner.run(TestRunner.java:614)
	at org.testng.SuiteRunner.runTest(SuiteRunner.java:421)
	at org.testng.SuiteRunner.runSequentially(SuiteRunner.java:413)
	at org.testng.SuiteRunner.privateRun(SuiteRunner.java:373)
	at org.testng.SuiteRunner.run(SuiteRunner.java:312)
	at org.testng.SuiteRunnerWorker.runSuite(SuiteRunnerWorker.java:52)
	at org.testng.SuiteRunnerWorker.run(SuiteRunnerWorker.java:95)
	at org.testng.TestNG.runSuitesSequentially(TestNG.java:1274)
	at org.testng.TestNG.runSuitesLocally(TestNG.java:1208)
	at org.testng.TestNG.runSuites(TestNG.java:1112)
	at org.testng.TestNG.run(TestNG.java:1079)
	at org.testng.remote.AbstractRemoteTestNG.run(AbstractRemoteTestNG.java:115)
	at org.testng.remote.RemoteTestNG.initAndRun(RemoteTestNG.java:293)
	at org.testng.remote.RemoteTestNG.main(RemoteTestNG.java:91)
</pre></div></td>
<td>16</td>
<td>com.uiFramework.Genesis.regression.web.InboundTruckTest@471a9022</td></tr>
<tr>
<td title='com.uiFramework.Genesis.regression.web.OutboundTruckTest.shouldVerifyAddedPalletWTandPiecesLoadedIntoTruck()'><b>shouldVerifyAddedPalletWTandPiecesLoadedIntoTruck</b><br>Test class: com.uiFramework.Genesis.regression.web.OutboundTruckTest</td>
<td><div><pre>java.lang.AssertionError: Mismatch in Total pieces and final pieces! expected [7] but found [8]
	at com.uiFramework.Genesis.web.pages.OutboundTruckPage.palletAddCalculation(OutboundTruckPage.java:453)
	at com.uiFramework.Genesis.web.pages.OutboundTruckPage.creatTruckwithCheckTotalPiecesandpallet(OutboundTruckPage.java:302)
	at com.uiFramework.Genesis.regression.web.OutboundTruckTest.shouldVerifyAddedPalletWTandPiecesLoadedIntoTruck(OutboundTruckTest.java:128)
	at java.base/java.util.ArrayList.forEach(ArrayList.java:1511)
... Removed 33 stack frames</pre></div><a href='#' onClick='toggleBox("stack-trace1250856618", this, "Click to show all stack frames", "Click to hide stack frames")'>Click to show all stack frames</a>
<div class='stack-trace' id='stack-trace1250856618'><pre>java.lang.AssertionError: Mismatch in Total pieces and final pieces! expected [7] but found [8]
	at org.testng.Assert.fail(Assert.java:111)
	at org.testng.Assert.failNotEquals(Assert.java:1578)
	at org.testng.Assert.assertEqualsImpl(Assert.java:150)
	at org.testng.Assert.assertEquals(Assert.java:132)
	at org.testng.Assert.assertEquals(Assert.java:1419)
	at org.testng.Assert.assertEquals(Assert.java:1383)
	at com.uiFramework.Genesis.web.pages.OutboundTruckPage.palletAddCalculation(OutboundTruckPage.java:453)
	at com.uiFramework.Genesis.web.pages.OutboundTruckPage.creatTruckwithCheckTotalPiecesandpallet(OutboundTruckPage.java:302)
	at com.uiFramework.Genesis.regression.web.OutboundTruckTest.shouldVerifyAddedPalletWTandPiecesLoadedIntoTruck(OutboundTruckTest.java:128)
	at java.base/jdk.internal.reflect.NativeMethodAccessorImpl.invoke0(Native Method)
	at java.base/jdk.internal.reflect.NativeMethodAccessorImpl.invoke(NativeMethodAccessorImpl.java:77)
	at java.base/jdk.internal.reflect.DelegatingMethodAccessorImpl.invoke(DelegatingMethodAccessorImpl.java:43)
	at java.base/java.lang.reflect.Method.invoke(Method.java:568)
	at org.testng.internal.invokers.MethodInvocationHelper.invokeMethod(MethodInvocationHelper.java:141)
	at org.testng.internal.invokers.TestInvoker.invokeMethod(TestInvoker.java:686)
	at org.testng.internal.invokers.TestInvoker.invokeTestMethod(TestInvoker.java:230)
	at org.testng.internal.invokers.MethodRunner.runInSequence(MethodRunner.java:63)
	at org.testng.internal.invokers.TestInvoker$MethodInvocationAgent.invoke(TestInvoker.java:992)
	at org.testng.internal.invokers.TestInvoker.invokeTestMethods(TestInvoker.java:203)
	at org.testng.internal.invokers.TestMethodWorker.invokeTestMethods(TestMethodWorker.java:154)
	at org.testng.internal.invokers.TestMethodWorker.run(TestMethodWorker.java:134)
	at java.base/java.util.ArrayList.forEach(ArrayList.java:1511)
	at org.testng.TestRunner.privateRun(TestRunner.java:739)
	at org.testng.TestRunner.run(TestRunner.java:614)
	at org.testng.SuiteRunner.runTest(SuiteRunner.java:421)
	at org.testng.SuiteRunner.runSequentially(SuiteRunner.java:413)
	at org.testng.SuiteRunner.privateRun(SuiteRunner.java:373)
	at org.testng.SuiteRunner.run(SuiteRunner.java:312)
	at org.testng.SuiteRunnerWorker.runSuite(SuiteRunnerWorker.java:52)
	at org.testng.SuiteRunnerWorker.run(SuiteRunnerWorker.java:95)
	at org.testng.TestNG.runSuitesSequentially(TestNG.java:1274)
	at org.testng.TestNG.runSuitesLocally(TestNG.java:1208)
	at org.testng.TestNG.runSuites(TestNG.java:1112)
	at org.testng.TestNG.run(TestNG.java:1079)
	at org.testng.remote.AbstractRemoteTestNG.run(AbstractRemoteTestNG.java:115)
	at org.testng.remote.RemoteTestNG.initAndRun(RemoteTestNG.java:293)
	at org.testng.remote.RemoteTestNG.main(RemoteTestNG.java:91)
</pre></div></td>
<td>30</td>
<td>com.uiFramework.Genesis.regression.web.OutboundTruckTest@19976a65</td></tr>
<tr>
<td title='com.uiFramework.Genesis.regression.web.InboundQATest.shouldCheckColumnFilter()'><b>shouldCheckColumnFilter</b><br>Test class: com.uiFramework.Genesis.regression.web.InboundQATest</td>
<td><div><pre>org.openqa.selenium.ElementNotInteractableException: element not interactable
  (Session info: chrome=144.0.7559.59)
Build info: version: &apos;4.12.0&apos;, revision: &apos;249f2a7d1b*&apos;
System info: os.name: &apos;Windows 10&apos;, os.arch: &apos;amd64&apos;, os.version: &apos;10.0&apos;, java.version: &apos;17.0.10&apos;
Driver info: org.openqa.selenium.chrome.ChromeDriver
Command: [a7342d11877bd349109176d7eb767e88, sendKeysToElement {id=f.CD13DB6DD71A780921A15D551BD338B8.d.EDFAB4EDF359047AED7836967DB8CB1E.e.20353, value=[Ljava.lang.CharSequence;@69acbb06}]
Capabilities {acceptInsecureCerts: false, browserName: chrome, browserVersion: 144.0.7559.59, chrome: {chromedriverVersion: 144.0.7559.96 (d7b80622cfab..., userDataDir: C:\Users\EMP256\AppData\Loc...}, fedcm:accounts: true, goog:chromeOptions: {debuggerAddress: localhost:58092}, goog:processID: 159932, networkConnectionEnabled: false, pageLoadStrategy: normal, platformName: windows, proxy: Proxy(), se:cdp: ws://localhost:58092/devtoo..., se:cdpVersion: 144.0.7559.59, setWindowRect: true, strictFileInteractability: false, timeouts: {implicit: 0, pageLoad: 300000, script: 30000}, unhandledPromptBehavior: dismiss and notify, webauthn:extension:credBlob: true, webauthn:extension:largeBlob: true, webauthn:extension:minPinLength: true, webauthn:extension:prf: true, webauthn:virtualAuthenticators: true}
Element: [[ChromeDriver: chrome on windows (a7342d11877bd349109176d7eb767e88)] -&gt; xpath: //*[@id=&apos;panel1bh-content&apos;]//thead//tr[2]//th[2]//input]
Session ID: a7342d11877bd349109176d7eb767e88
	at org.openqa.selenium.remote.codec.w3c.W3CHttpResponseCodec.createException(W3CHttpResponseCodec.java:200)
	at org.openqa.selenium.remote.codec.w3c.W3CHttpResponseCodec.decode(W3CHttpResponseCodec.java:133)
	at org.openqa.selenium.remote.codec.w3c.W3CHttpResponseCodec.decode(W3CHttpResponseCodec.java:52)
	at org.openqa.selenium.remote.HttpCommandExecutor.execute(HttpCommandExecutor.java:191)
	at org.openqa.selenium.remote.service.DriverCommandExecutor.invokeExecute(DriverCommandExecutor.java:196)
	at org.openqa.selenium.remote.service.DriverCommandExecutor.execute(DriverCommandExecutor.java:171)
	at org.openqa.selenium.remote.RemoteWebDriver.execute(RemoteWebDriver.java:602)
	at org.openqa.selenium.remote.RemoteWebElement.execute(RemoteWebElement.java:224)
	at org.openqa.selenium.remote.RemoteWebElement.sendKeys(RemoteWebElement.java:111)
	at com.uiFramework.Genesis.web.pages.CommonPage.verifyColumnFilterForFixGrid(CommonPage.java:2637)
	at com.uiFramework.Genesis.regression.web.InboundQATest.shouldCheckColumnFilter(InboundQATest.java:176)
	at java.base/java.util.ArrayList.forEach(ArrayList.java:1511)
... Removed 32 stack frames</pre></div><a href='#' onClick='toggleBox("stack-trace1537356301", this, "Click to show all stack frames", "Click to hide stack frames")'>Click to show all stack frames</a>
<div class='stack-trace' id='stack-trace1537356301'><pre>org.openqa.selenium.ElementNotInteractableException: element not interactable
  (Session info: chrome=144.0.7559.59)
Build info: version: &apos;4.12.0&apos;, revision: &apos;249f2a7d1b*&apos;
System info: os.name: &apos;Windows 10&apos;, os.arch: &apos;amd64&apos;, os.version: &apos;10.0&apos;, java.version: &apos;17.0.10&apos;
Driver info: org.openqa.selenium.chrome.ChromeDriver
Command: [a7342d11877bd349109176d7eb767e88, sendKeysToElement {id=f.CD13DB6DD71A780921A15D551BD338B8.d.EDFAB4EDF359047AED7836967DB8CB1E.e.20353, value=[Ljava.lang.CharSequence;@69acbb06}]
Capabilities {acceptInsecureCerts: false, browserName: chrome, browserVersion: 144.0.7559.59, chrome: {chromedriverVersion: 144.0.7559.96 (d7b80622cfab..., userDataDir: C:\Users\EMP256\AppData\Loc...}, fedcm:accounts: true, goog:chromeOptions: {debuggerAddress: localhost:58092}, goog:processID: 159932, networkConnectionEnabled: false, pageLoadStrategy: normal, platformName: windows, proxy: Proxy(), se:cdp: ws://localhost:58092/devtoo..., se:cdpVersion: 144.0.7559.59, setWindowRect: true, strictFileInteractability: false, timeouts: {implicit: 0, pageLoad: 300000, script: 30000}, unhandledPromptBehavior: dismiss and notify, webauthn:extension:credBlob: true, webauthn:extension:largeBlob: true, webauthn:extension:minPinLength: true, webauthn:extension:prf: true, webauthn:virtualAuthenticators: true}
Element: [[ChromeDriver: chrome on windows (a7342d11877bd349109176d7eb767e88)] -&gt; xpath: //*[@id=&apos;panel1bh-content&apos;]//thead//tr[2]//th[2]//input]
Session ID: a7342d11877bd349109176d7eb767e88
	at java.base/jdk.internal.reflect.NativeConstructorAccessorImpl.newInstance0(Native Method)
	at java.base/jdk.internal.reflect.NativeConstructorAccessorImpl.newInstance(NativeConstructorAccessorImpl.java:77)
	at java.base/jdk.internal.reflect.DelegatingConstructorAccessorImpl.newInstance(DelegatingConstructorAccessorImpl.java:45)
	at java.base/java.lang.reflect.Constructor.newInstanceWithCaller(Constructor.java:499)
	at java.base/java.lang.reflect.Constructor.newInstance(Constructor.java:480)
	at org.openqa.selenium.remote.codec.w3c.W3CHttpResponseCodec.createException(W3CHttpResponseCodec.java:200)
	at org.openqa.selenium.remote.codec.w3c.W3CHttpResponseCodec.decode(W3CHttpResponseCodec.java:133)
	at org.openqa.selenium.remote.codec.w3c.W3CHttpResponseCodec.decode(W3CHttpResponseCodec.java:52)
	at org.openqa.selenium.remote.HttpCommandExecutor.execute(HttpCommandExecutor.java:191)
	at org.openqa.selenium.remote.service.DriverCommandExecutor.invokeExecute(DriverCommandExecutor.java:196)
	at org.openqa.selenium.remote.service.DriverCommandExecutor.execute(DriverCommandExecutor.java:171)
	at org.openqa.selenium.remote.RemoteWebDriver.execute(RemoteWebDriver.java:602)
	at org.openqa.selenium.remote.RemoteWebElement.execute(RemoteWebElement.java:224)
	at org.openqa.selenium.remote.RemoteWebElement.sendKeys(RemoteWebElement.java:111)
	at com.uiFramework.Genesis.web.pages.CommonPage.verifyColumnFilterForFixGrid(CommonPage.java:2637)
	at com.uiFramework.Genesis.regression.web.InboundQATest.shouldCheckColumnFilter(InboundQATest.java:176)
	at java.base/jdk.internal.reflect.NativeMethodAccessorImpl.invoke0(Native Method)
	at java.base/jdk.internal.reflect.NativeMethodAccessorImpl.invoke(NativeMethodAccessorImpl.java:77)
	at java.base/jdk.internal.reflect.DelegatingMethodAccessorImpl.invoke(DelegatingMethodAccessorImpl.java:43)
	at java.base/java.lang.reflect.Method.invoke(Method.java:568)
	at org.testng.internal.invokers.MethodInvocationHelper.invokeMethod(MethodInvocationHelper.java:141)
	at org.testng.internal.invokers.TestInvoker.invokeMethod(TestInvoker.java:686)
	at org.testng.internal.invokers.TestInvoker.invokeTestMethod(TestInvoker.java:230)
	at org.testng.internal.invokers.MethodRunner.runInSequence(MethodRunner.java:63)
	at org.testng.internal.invokers.TestInvoker$MethodInvocationAgent.invoke(TestInvoker.java:992)
	at org.testng.internal.invokers.TestInvoker.invokeTestMethods(TestInvoker.java:203)
	at org.testng.internal.invokers.TestMethodWorker.invokeTestMethods(TestMethodWorker.java:154)
	at org.testng.internal.invokers.TestMethodWorker.run(TestMethodWorker.java:134)
	at java.base/java.util.ArrayList.forEach(ArrayList.java:1511)
	at org.testng.TestRunner.privateRun(TestRunner.java:739)
	at org.testng.TestRunner.run(TestRunner.java:614)
	at org.testng.SuiteRunner.runTest(SuiteRunner.java:421)
	at org.testng.SuiteRunner.runSequentially(SuiteRunner.java:413)
	at org.testng.SuiteRunner.privateRun(SuiteRunner.java:373)
	at org.testng.SuiteRunner.run(SuiteRunner.java:312)
	at org.testng.SuiteRunnerWorker.runSuite(SuiteRunnerWorker.java:52)
	at org.testng.SuiteRunnerWorker.run(SuiteRunnerWorker.java:95)
	at org.testng.TestNG.runSuitesSequentially(TestNG.java:1274)
	at org.testng.TestNG.runSuitesLocally(TestNG.java:1208)
	at org.testng.TestNG.runSuites(TestNG.java:1112)
	at org.testng.TestNG.run(TestNG.java:1079)
	at org.testng.remote.AbstractRemoteTestNG.run(AbstractRemoteTestNG.java:115)
	at org.testng.remote.RemoteTestNG.initAndRun(RemoteTestNG.java:293)
	at org.testng.remote.RemoteTestNG.main(RemoteTestNG.java:91)
</pre></div></td>
<td>5</td>
<td>com.uiFramework.Genesis.regression.web.InboundQATest@dc9876b</td></tr>
<tr>
<td title='com.uiFramework.Genesis.regression.web.InboundPalletTest.shouldApplyFiltersCorrectlyOnInboundPallet()'><b>shouldApplyFiltersCorrectlyOnInboundPallet</b><br>Test class: com.uiFramework.Genesis.regression.web.InboundPalletTest<br>Parameters: {orderType=order1-50, palletQty=9, consigneename=Ashley Nguyen - 833, WaveNumber=WAVE-7890, data=Resopnse number-102912 and Instructions, litDimWeight=30, subject=data, three=3, zero=0, litDimWeightBlankError=Lit. Dim. Weight should not be blank., dimWeightError=Dim. Weight XYZ should have only numeric value., price=56, Importexceltwoorder=Importexceltwoorder.xlsx, customerpurdue=Purdue, text=New price added, dimWeightNegativeError=Dim. Weight -9 should be greater than 0., state=CA, price2=66, alphanumeric=AB-12test, zip=110021, actWeight=10, Importexcelreconsignment=Importexcelreconsignment.xlsx, EmptyTruck=waiting for load, dimWeightBlankError=Dim. Weight should not be blank., distvalue=Global Supplies Inc., decanconsignee=Andrew mark, Daytonwarehouse=Dayton Distribution Hub, Filename=Dimensional Weight Format Data, ordertypedecan=Delivery Base, litWeight=25, thirdparty=Blue Dart, litDimWeightError=Lit. Dim. Weight XYZ should have only numeric value., filename=update price, custaccess=2-Day Move (48hrs), litPieces=5, Warehouse=Bensenville Facility, defaultCost=0.00, litDimWeightNegativeError=Lit. Dim. Weight -9 should be greater than 0., ArrivedStatus=Arrived, LTL=13234 - Schneider National, city=Phoenix, Importexceloneorder=Importexceloneorder.xlsx, description=Default, carraccess=170 - 24 HOUR EXPRESS, greenconsignee=Green Valley Imports, pickupaddress=Pfizer: 410 East Grant Line Road,AMT Newyork,9537, Palletstatus=Waiting for Load, pieces=10, palletQtyzero=0, qapending=QA Pending, pickuplocation=Pfizer: 410 East Grant Line Road,AMT Newyork,9537, Numbers=19627224408691320110341568514152487869715549168578683247586979136874137817675654734697895683666244041, OrderNote=Special instructions for delivery, value=10, distaddress=Global Supplies Inc.: 1200 Supply Chain Rd., Roanoke Roslyn Heights, 2139, newcomment=Test, purdueadd=Purdue: 500 Distribution Blvd, cost=2, address=1020 street rd, duplicateordnum=Duplicate customer order number, one=1, commenttype=Complaints, QAdone=QA Done, purdueconsignee=Benjamin Garcia, emergencynum=7867897678, ordersource=Distributor, Loadstatus=truck loaded, purdueordertype=Order1-100, truckLoadstatus=Truck Loaded, ParentOrderNumber=PARENT-54321, dimWeight=20, SapOrderNumber=SAP-12345, instruction=Data should be proper, duedate=12-27-2025, Notdeleted=Inbound Truck Load Pending, comment=qwerty, custname=Deccan, customer=Pfizer}</td>
<td><div><pre>org.openqa.selenium.NoSuchElementException: no such element: Unable to locate element: {&quot;method&quot;:&quot;xpath&quot;,&quot;selector&quot;:&quot;//*[@id=&apos;panel1bh-content&apos;]//thead//tr[1]//th[17]//*[@class=&apos;p-column-title&apos;]&quot;}
  (Session info: chrome=144.0.7559.59)
For documentation on this error, please visit: https://www.selenium.dev/documentation/webdriver/troubleshooting/errors#no-such-element-exception
Build info: version: &apos;4.12.0&apos;, revision: &apos;249f2a7d1b*&apos;
System info: os.name: &apos;Windows 10&apos;, os.arch: &apos;amd64&apos;, os.version: &apos;10.0&apos;, java.version: &apos;17.0.10&apos;
Driver info: org.openqa.selenium.chrome.ChromeDriver
Command: [a7342d11877bd349109176d7eb767e88, findElement {using=xpath, value=//*[@id=&apos;panel1bh-content&apos;]//thead//tr[1]//th[17]//*[@class=&apos;p-column-title&apos;]}]
Capabilities {acceptInsecureCerts: false, browserName: chrome, browserVersion: 144.0.7559.59, chrome: {chromedriverVersion: 144.0.7559.96 (d7b80622cfab..., userDataDir: C:\Users\EMP256\AppData\Loc...}, fedcm:accounts: true, goog:chromeOptions: {debuggerAddress: localhost:58092}, goog:processID: 159932, networkConnectionEnabled: false, pageLoadStrategy: normal, platformName: windows, proxy: Proxy(), se:cdp: ws://localhost:58092/devtoo..., se:cdpVersion: 144.0.7559.59, setWindowRect: true, strictFileInteractability: false, timeouts: {implicit: 0, pageLoad: 300000, script: 30000}, unhandledPromptBehavior: dismiss and notify, webauthn:extension:credBlob: true, webauthn:extension:largeBlob: true, webauthn:extension:minPinLength: true, webauthn:extension:prf: true, webauthn:virtualAuthenticators: true}
Session ID: a7342d11877bd349109176d7eb767e88
	at org.openqa.selenium.remote.codec.w3c.W3CHttpResponseCodec.createException(W3CHttpResponseCodec.java:200)
	at org.openqa.selenium.remote.codec.w3c.W3CHttpResponseCodec.decode(W3CHttpResponseCodec.java:133)
	at org.openqa.selenium.remote.codec.w3c.W3CHttpResponseCodec.decode(W3CHttpResponseCodec.java:52)
	at org.openqa.selenium.remote.HttpCommandExecutor.execute(HttpCommandExecutor.java:191)
	at org.openqa.selenium.remote.service.DriverCommandExecutor.invokeExecute(DriverCommandExecutor.java:196)
	at org.openqa.selenium.remote.service.DriverCommandExecutor.execute(DriverCommandExecutor.java:171)
	at org.openqa.selenium.remote.RemoteWebDriver.execute(RemoteWebDriver.java:602)
	at org.openqa.selenium.remote.ElementLocation$ElementFinder$2.findElement(ElementLocation.java:165)
	at org.openqa.selenium.remote.ElementLocation.findElement(ElementLocation.java:59)
	at org.openqa.selenium.remote.RemoteWebDriver.findElement(RemoteWebDriver.java:359)
	at org.openqa.selenium.remote.RemoteWebDriver.findElement(RemoteWebDriver.java:353)
	at com.uiFramework.Genesis.web.pages.CommonPage.validateDataInGrid(CommonPage.java:822)
	at com.uiFramework.Genesis.regression.web.InboundPalletTest.shouldApplyFiltersCorrectlyOnInboundPallet(InboundPalletTest.java:239)
	at java.base/java.util.ArrayList.forEach(ArrayList.java:1511)
... Removed 31 stack frames</pre></div><a href='#' onClick='toggleBox("stack-trace1205393448", this, "Click to show all stack frames", "Click to hide stack frames")'>Click to show all stack frames</a>
<div class='stack-trace' id='stack-trace1205393448'><pre>org.openqa.selenium.NoSuchElementException: no such element: Unable to locate element: {&quot;method&quot;:&quot;xpath&quot;,&quot;selector&quot;:&quot;//*[@id=&apos;panel1bh-content&apos;]//thead//tr[1]//th[17]//*[@class=&apos;p-column-title&apos;]&quot;}
  (Session info: chrome=144.0.7559.59)
For documentation on this error, please visit: https://www.selenium.dev/documentation/webdriver/troubleshooting/errors#no-such-element-exception
Build info: version: &apos;4.12.0&apos;, revision: &apos;249f2a7d1b*&apos;
System info: os.name: &apos;Windows 10&apos;, os.arch: &apos;amd64&apos;, os.version: &apos;10.0&apos;, java.version: &apos;17.0.10&apos;
Driver info: org.openqa.selenium.chrome.ChromeDriver
Command: [a7342d11877bd349109176d7eb767e88, findElement {using=xpath, value=//*[@id=&apos;panel1bh-content&apos;]//thead//tr[1]//th[17]//*[@class=&apos;p-column-title&apos;]}]
Capabilities {acceptInsecureCerts: false, browserName: chrome, browserVersion: 144.0.7559.59, chrome: {chromedriverVersion: 144.0.7559.96 (d7b80622cfab..., userDataDir: C:\Users\EMP256\AppData\Loc...}, fedcm:accounts: true, goog:chromeOptions: {debuggerAddress: localhost:58092}, goog:processID: 159932, networkConnectionEnabled: false, pageLoadStrategy: normal, platformName: windows, proxy: Proxy(), se:cdp: ws://localhost:58092/devtoo..., se:cdpVersion: 144.0.7559.59, setWindowRect: true, strictFileInteractability: false, timeouts: {implicit: 0, pageLoad: 300000, script: 30000}, unhandledPromptBehavior: dismiss and notify, webauthn:extension:credBlob: true, webauthn:extension:largeBlob: true, webauthn:extension:minPinLength: true, webauthn:extension:prf: true, webauthn:virtualAuthenticators: true}
Session ID: a7342d11877bd349109176d7eb767e88
	at jdk.internal.reflect.GeneratedConstructorAccessor15.newInstance(Unknown Source)
	at java.base/jdk.internal.reflect.DelegatingConstructorAccessorImpl.newInstance(DelegatingConstructorAccessorImpl.java:45)
	at java.base/java.lang.reflect.Constructor.newInstanceWithCaller(Constructor.java:499)
	at java.base/java.lang.reflect.Constructor.newInstance(Constructor.java:480)
	at org.openqa.selenium.remote.codec.w3c.W3CHttpResponseCodec.createException(W3CHttpResponseCodec.java:200)
	at org.openqa.selenium.remote.codec.w3c.W3CHttpResponseCodec.decode(W3CHttpResponseCodec.java:133)
	at org.openqa.selenium.remote.codec.w3c.W3CHttpResponseCodec.decode(W3CHttpResponseCodec.java:52)
	at org.openqa.selenium.remote.HttpCommandExecutor.execute(HttpCommandExecutor.java:191)
	at org.openqa.selenium.remote.service.DriverCommandExecutor.invokeExecute(DriverCommandExecutor.java:196)
	at org.openqa.selenium.remote.service.DriverCommandExecutor.execute(DriverCommandExecutor.java:171)
	at org.openqa.selenium.remote.RemoteWebDriver.execute(RemoteWebDriver.java:602)
	at org.openqa.selenium.remote.ElementLocation$ElementFinder$2.findElement(ElementLocation.java:165)
	at org.openqa.selenium.remote.ElementLocation.findElement(ElementLocation.java:59)
	at org.openqa.selenium.remote.RemoteWebDriver.findElement(RemoteWebDriver.java:359)
	at org.openqa.selenium.remote.RemoteWebDriver.findElement(RemoteWebDriver.java:353)
	at com.uiFramework.Genesis.web.pages.CommonPage.validateDataInGrid(CommonPage.java:822)
	at com.uiFramework.Genesis.regression.web.InboundPalletTest.shouldApplyFiltersCorrectlyOnInboundPallet(InboundPalletTest.java:239)
	at java.base/jdk.internal.reflect.NativeMethodAccessorImpl.invoke0(Native Method)
	at java.base/jdk.internal.reflect.NativeMethodAccessorImpl.invoke(NativeMethodAccessorImpl.java:77)
	at java.base/jdk.internal.reflect.DelegatingMethodAccessorImpl.invoke(DelegatingMethodAccessorImpl.java:43)
	at java.base/java.lang.reflect.Method.invoke(Method.java:568)
	at org.testng.internal.invokers.MethodInvocationHelper.invokeMethod(MethodInvocationHelper.java:141)
	at org.testng.internal.invokers.TestInvoker.invokeMethod(TestInvoker.java:686)
	at org.testng.internal.invokers.TestInvoker.invokeTestMethod(TestInvoker.java:230)
	at org.testng.internal.invokers.MethodRunner.runInSequence(MethodRunner.java:63)
	at org.testng.internal.invokers.TestInvoker$MethodInvocationAgent.invoke(TestInvoker.java:992)
	at org.testng.internal.invokers.TestInvoker.invokeTestMethods(TestInvoker.java:203)
	at org.testng.internal.invokers.TestMethodWorker.invokeTestMethods(TestMethodWorker.java:154)
	at org.testng.internal.invokers.TestMethodWorker.run(TestMethodWorker.java:134)
	at java.base/java.util.ArrayList.forEach(ArrayList.java:1511)
	at org.testng.TestRunner.privateRun(TestRunner.java:739)
	at org.testng.TestRunner.run(TestRunner.java:614)
	at org.testng.SuiteRunner.runTest(SuiteRunner.java:421)
	at org.testng.SuiteRunner.runSequentially(SuiteRunner.java:413)
	at org.testng.SuiteRunner.privateRun(SuiteRunner.java:373)
	at org.testng.SuiteRunner.run(SuiteRunner.java:312)
	at org.testng.SuiteRunnerWorker.runSuite(SuiteRunnerWorker.java:52)
	at org.testng.SuiteRunnerWorker.run(SuiteRunnerWorker.java:95)
	at org.testng.TestNG.runSuitesSequentially(TestNG.java:1274)
	at org.testng.TestNG.runSuitesLocally(TestNG.java:1208)
	at org.testng.TestNG.runSuites(TestNG.java:1112)
	at org.testng.TestNG.run(TestNG.java:1079)
	at org.testng.remote.AbstractRemoteTestNG.run(AbstractRemoteTestNG.java:115)
	at org.testng.remote.RemoteTestNG.initAndRun(RemoteTestNG.java:293)
	at org.testng.remote.RemoteTestNG.main(RemoteTestNG.java:91)
</pre></div></td>
<td>15</td>
<td>com.uiFramework.Genesis.regression.web.InboundPalletTest@456d6c1e</td></tr>
<tr>
<td title='com.uiFramework.Genesis.regression.web.InboundTruckTest.shouldMakeRemovedPalletAvailableToAddInInboundCreateTruck()'><b>shouldMakeRemovedPalletAvailableToAddInInboundCreateTruck</b><br>Test class: com.uiFramework.Genesis.regression.web.InboundTruckTest</td>
<td><div><pre>org.openqa.selenium.TimeoutException: Expected condition failed: waiting for element to be clickable: By.id: inboundTruckCreateNewTruckBtn (tried for 10 second(s) with 250 milliseconds interval)
Build info: version: &apos;4.12.0&apos;, revision: &apos;249f2a7d1b*&apos;
System info: os.name: &apos;Windows 10&apos;, os.arch: &apos;amd64&apos;, os.version: &apos;10.0&apos;, java.version: &apos;17.0.10&apos;
Driver info: org.openqa.selenium.chrome.ChromeDriver
Capabilities {acceptInsecureCerts: false, browserName: chrome, browserVersion: 144.0.7559.59, chrome: {chromedriverVersion: 144.0.7559.96 (d7b80622cfab..., userDataDir: C:\Users\EMP256\AppData\Loc...}, fedcm:accounts: true, goog:chromeOptions: {debuggerAddress: localhost:58092}, goog:processID: 159932, networkConnectionEnabled: false, pageLoadStrategy: normal, platformName: windows, proxy: Proxy(), se:cdp: ws://localhost:58092/devtoo..., se:cdpVersion: 144.0.7559.59, setWindowRect: true, strictFileInteractability: false, timeouts: {implicit: 0, pageLoad: 300000, script: 30000}, unhandledPromptBehavior: dismiss and notify, webauthn:extension:credBlob: true, webauthn:extension:largeBlob: true, webauthn:extension:minPinLength: true, webauthn:extension:prf: true, webauthn:virtualAuthenticators: true}
Session ID: a7342d11877bd349109176d7eb767e88
	at org.openqa.selenium.support.ui.WebDriverWait.timeoutException(WebDriverWait.java:84)
	at org.openqa.selenium.support.ui.FluentWait.until(FluentWait.java:230)
	at com.uiFramework.Genesis.helper.WaitHelper.waitForElementClickable(WaitHelper.java:127)
	at com.uiFramework.Genesis.helper.WaitHelper.waitToClick(WaitHelper.java:171)
	at com.uiFramework.Genesis.web.pages.InbTruckPage.createTruck(InbTruckPage.java:251)
	at com.uiFramework.Genesis.regression.web.InboundTruckTest.shouldMakeRemovedPalletAvailableToAddInInboundCreateTruck(InboundTruckTest.java:161)
	at java.base/java.util.ArrayList.forEach(ArrayList.java:1511)
... Removed 27 stack frames</pre></div><a href='#' onClick='toggleBox("stack-trace578743758", this, "Click to show all stack frames", "Click to hide stack frames")'>Click to show all stack frames</a>
<div class='stack-trace' id='stack-trace578743758'><pre>org.openqa.selenium.TimeoutException: Expected condition failed: waiting for element to be clickable: By.id: inboundTruckCreateNewTruckBtn (tried for 10 second(s) with 250 milliseconds interval)
Build info: version: &apos;4.12.0&apos;, revision: &apos;249f2a7d1b*&apos;
System info: os.name: &apos;Windows 10&apos;, os.arch: &apos;amd64&apos;, os.version: &apos;10.0&apos;, java.version: &apos;17.0.10&apos;
Driver info: org.openqa.selenium.chrome.ChromeDriver
Capabilities {acceptInsecureCerts: false, browserName: chrome, browserVersion: 144.0.7559.59, chrome: {chromedriverVersion: 144.0.7559.96 (d7b80622cfab..., userDataDir: C:\Users\EMP256\AppData\Loc...}, fedcm:accounts: true, goog:chromeOptions: {debuggerAddress: localhost:58092}, goog:processID: 159932, networkConnectionEnabled: false, pageLoadStrategy: normal, platformName: windows, proxy: Proxy(), se:cdp: ws://localhost:58092/devtoo..., se:cdpVersion: 144.0.7559.59, setWindowRect: true, strictFileInteractability: false, timeouts: {implicit: 0, pageLoad: 300000, script: 30000}, unhandledPromptBehavior: dismiss and notify, webauthn:extension:credBlob: true, webauthn:extension:largeBlob: true, webauthn:extension:minPinLength: true, webauthn:extension:prf: true, webauthn:virtualAuthenticators: true}
Session ID: a7342d11877bd349109176d7eb767e88
	at org.openqa.selenium.support.ui.WebDriverWait.timeoutException(WebDriverWait.java:84)
	at org.openqa.selenium.support.ui.FluentWait.until(FluentWait.java:230)
	at com.uiFramework.Genesis.helper.WaitHelper.waitForElementClickable(WaitHelper.java:127)
	at com.uiFramework.Genesis.helper.WaitHelper.waitToClick(WaitHelper.java:171)
	at com.uiFramework.Genesis.web.pages.InbTruckPage.createTruck(InbTruckPage.java:251)
	at com.uiFramework.Genesis.regression.web.InboundTruckTest.shouldMakeRemovedPalletAvailableToAddInInboundCreateTruck(InboundTruckTest.java:161)
	at java.base/jdk.internal.reflect.NativeMethodAccessorImpl.invoke0(Native Method)
	at java.base/jdk.internal.reflect.NativeMethodAccessorImpl.invoke(NativeMethodAccessorImpl.java:77)
	at java.base/jdk.internal.reflect.DelegatingMethodAccessorImpl.invoke(DelegatingMethodAccessorImpl.java:43)
	at java.base/java.lang.reflect.Method.invoke(Method.java:568)
	at org.testng.internal.invokers.MethodInvocationHelper.invokeMethod(MethodInvocationHelper.java:141)
	at org.testng.internal.invokers.TestInvoker.invokeMethod(TestInvoker.java:686)
	at org.testng.internal.invokers.TestInvoker.invokeTestMethod(TestInvoker.java:230)
	at org.testng.internal.invokers.MethodRunner.runInSequence(MethodRunner.java:63)
	at org.testng.internal.invokers.TestInvoker$MethodInvocationAgent.invoke(TestInvoker.java:992)
	at org.testng.internal.invokers.TestInvoker.invokeTestMethods(TestInvoker.java:203)
	at org.testng.internal.invokers.TestMethodWorker.invokeTestMethods(TestMethodWorker.java:154)
	at org.testng.internal.invokers.TestMethodWorker.run(TestMethodWorker.java:134)
	at java.base/java.util.ArrayList.forEach(ArrayList.java:1511)
	at org.testng.TestRunner.privateRun(TestRunner.java:739)
	at org.testng.TestRunner.run(TestRunner.java:614)
	at org.testng.SuiteRunner.runTest(SuiteRunner.java:421)
	at org.testng.SuiteRunner.runSequentially(SuiteRunner.java:413)
	at org.testng.SuiteRunner.privateRun(SuiteRunner.java:373)
	at org.testng.SuiteRunner.run(SuiteRunner.java:312)
	at org.testng.SuiteRunnerWorker.runSuite(SuiteRunnerWorker.java:52)
	at org.testng.SuiteRunnerWorker.run(SuiteRunnerWorker.java:95)
	at org.testng.TestNG.runSuitesSequentially(TestNG.java:1274)
	at org.testng.TestNG.runSuitesLocally(TestNG.java:1208)
	at org.testng.TestNG.runSuites(TestNG.java:1112)
	at org.testng.TestNG.run(TestNG.java:1079)
	at org.testng.remote.AbstractRemoteTestNG.run(AbstractRemoteTestNG.java:115)
	at org.testng.remote.RemoteTestNG.initAndRun(RemoteTestNG.java:293)
	at org.testng.remote.RemoteTestNG.main(RemoteTestNG.java:91)
</pre></div></td>
<td>17</td>
<td>com.uiFramework.Genesis.regression.web.InboundTruckTest@471a9022</td></tr>
<tr>
<td title='com.uiFramework.Genesis.regression.web.OutboundPalletTest.shouldVerifyPalletQuantityOnOutboundPallet()'><b>shouldVerifyPalletQuantityOnOutboundPallet</b><br>Test class: com.uiFramework.Genesis.regression.web.OutboundPalletTest</td>
<td><div><pre>java.lang.AssertionError: The following asserts failed:
	Pallet quantity not same on create and listing page expected [9] but found []
	at com.uiFramework.Genesis.regression.web.OutboundPalletTest.shouldVerifyPalletQuantityOnOutboundPallet(OutboundPalletTest.java:220)
	at java.base/java.util.ArrayList.forEach(ArrayList.java:1511)
... Removed 29 stack frames</pre></div><a href='#' onClick='toggleBox("stack-trace1860678359", this, "Click to show all stack frames", "Click to hide stack frames")'>Click to show all stack frames</a>
<div class='stack-trace' id='stack-trace1860678359'><pre>java.lang.AssertionError: The following asserts failed:
	Pallet quantity not same on create and listing page expected [9] but found []
	at org.testng.asserts.SoftAssert.assertAll(SoftAssert.java:46)
	at org.testng.asserts.SoftAssert.assertAll(SoftAssert.java:30)
	at com.uiFramework.Genesis.regression.web.OutboundPalletTest.shouldVerifyPalletQuantityOnOutboundPallet(OutboundPalletTest.java:220)
	at java.base/jdk.internal.reflect.NativeMethodAccessorImpl.invoke0(Native Method)
	at java.base/jdk.internal.reflect.NativeMethodAccessorImpl.invoke(NativeMethodAccessorImpl.java:77)
	at java.base/jdk.internal.reflect.DelegatingMethodAccessorImpl.invoke(DelegatingMethodAccessorImpl.java:43)
	at java.base/java.lang.reflect.Method.invoke(Method.java:568)
	at org.testng.internal.invokers.MethodInvocationHelper.invokeMethod(MethodInvocationHelper.java:141)
	at org.testng.internal.invokers.TestInvoker.invokeMethod(TestInvoker.java:686)
	at org.testng.internal.invokers.TestInvoker.invokeTestMethod(TestInvoker.java:230)
	at org.testng.internal.invokers.MethodRunner.runInSequence(MethodRunner.java:63)
	at org.testng.internal.invokers.TestInvoker$MethodInvocationAgent.invoke(TestInvoker.java:992)
	at org.testng.internal.invokers.TestInvoker.invokeTestMethods(TestInvoker.java:203)
	at org.testng.internal.invokers.TestMethodWorker.invokeTestMethods(TestMethodWorker.java:154)
	at org.testng.internal.invokers.TestMethodWorker.run(TestMethodWorker.java:134)
	at java.base/java.util.ArrayList.forEach(ArrayList.java:1511)
	at org.testng.TestRunner.privateRun(TestRunner.java:739)
	at org.testng.TestRunner.run(TestRunner.java:614)
	at org.testng.SuiteRunner.runTest(SuiteRunner.java:421)
	at org.testng.SuiteRunner.runSequentially(SuiteRunner.java:413)
	at org.testng.SuiteRunner.privateRun(SuiteRunner.java:373)
	at org.testng.SuiteRunner.run(SuiteRunner.java:312)
	at org.testng.SuiteRunnerWorker.runSuite(SuiteRunnerWorker.java:52)
	at org.testng.SuiteRunnerWorker.run(SuiteRunnerWorker.java:95)
	at org.testng.TestNG.runSuitesSequentially(TestNG.java:1274)
	at org.testng.TestNG.runSuitesLocally(TestNG.java:1208)
	at org.testng.TestNG.runSuites(TestNG.java:1112)
	at org.testng.TestNG.run(TestNG.java:1079)
	at org.testng.remote.AbstractRemoteTestNG.run(AbstractRemoteTestNG.java:115)
	at org.testng.remote.RemoteTestNG.initAndRun(RemoteTestNG.java:293)
	at org.testng.remote.RemoteTestNG.main(RemoteTestNG.java:91)
</pre></div></td>
<td>18</td>
<td>com.uiFramework.Genesis.regression.web.OutboundPalletTest@2f666ebb</td></tr>
<tr>
<td title='com.uiFramework.Genesis.regression.web.UpdateTrackingTest.shouldAllowUpdateWithValidData()'><b>shouldAllowUpdateWithValidData</b><br>Test class: com.uiFramework.Genesis.regression.web.UpdateTrackingTest</td>
<td><div><pre>java.lang.AssertionError: The following asserts failed:
	did not expect [0] but found [0]
	at com.uiFramework.Genesis.regression.web.UpdateTrackingTest.shouldAllowUpdateWithValidData(UpdateTrackingTest.java:143)
	at java.base/java.util.ArrayList.forEach(ArrayList.java:1511)
... Removed 29 stack frames</pre></div><a href='#' onClick='toggleBox("stack-trace1662772526", this, "Click to show all stack frames", "Click to hide stack frames")'>Click to show all stack frames</a>
<div class='stack-trace' id='stack-trace1662772526'><pre>java.lang.AssertionError: The following asserts failed:
	did not expect [0] but found [0]
	at org.testng.asserts.SoftAssert.assertAll(SoftAssert.java:46)
	at org.testng.asserts.SoftAssert.assertAll(SoftAssert.java:30)
	at com.uiFramework.Genesis.regression.web.UpdateTrackingTest.shouldAllowUpdateWithValidData(UpdateTrackingTest.java:143)
	at java.base/jdk.internal.reflect.NativeMethodAccessorImpl.invoke0(Native Method)
	at java.base/jdk.internal.reflect.NativeMethodAccessorImpl.invoke(NativeMethodAccessorImpl.java:77)
	at java.base/jdk.internal.reflect.DelegatingMethodAccessorImpl.invoke(DelegatingMethodAccessorImpl.java:43)
	at java.base/java.lang.reflect.Method.invoke(Method.java:568)
	at org.testng.internal.invokers.MethodInvocationHelper.invokeMethod(MethodInvocationHelper.java:141)
	at org.testng.internal.invokers.TestInvoker.invokeMethod(TestInvoker.java:686)
	at org.testng.internal.invokers.TestInvoker.invokeTestMethod(TestInvoker.java:230)
	at org.testng.internal.invokers.MethodRunner.runInSequence(MethodRunner.java:63)
	at org.testng.internal.invokers.TestInvoker$MethodInvocationAgent.invoke(TestInvoker.java:992)
	at org.testng.internal.invokers.TestInvoker.invokeTestMethods(TestInvoker.java:203)
	at org.testng.internal.invokers.TestMethodWorker.invokeTestMethods(TestMethodWorker.java:154)
	at org.testng.internal.invokers.TestMethodWorker.run(TestMethodWorker.java:134)
	at java.base/java.util.ArrayList.forEach(ArrayList.java:1511)
	at org.testng.TestRunner.privateRun(TestRunner.java:739)
	at org.testng.TestRunner.run(TestRunner.java:614)
	at org.testng.SuiteRunner.runTest(SuiteRunner.java:421)
	at org.testng.SuiteRunner.runSequentially(SuiteRunner.java:413)
	at org.testng.SuiteRunner.privateRun(SuiteRunner.java:373)
	at org.testng.SuiteRunner.run(SuiteRunner.java:312)
	at org.testng.SuiteRunnerWorker.runSuite(SuiteRunnerWorker.java:52)
	at org.testng.SuiteRunnerWorker.run(SuiteRunnerWorker.java:95)
	at org.testng.TestNG.runSuitesSequentially(TestNG.java:1274)
	at org.testng.TestNG.runSuitesLocally(TestNG.java:1208)
	at org.testng.TestNG.runSuites(TestNG.java:1112)
	at org.testng.TestNG.run(TestNG.java:1079)
	at org.testng.remote.AbstractRemoteTestNG.run(AbstractRemoteTestNG.java:115)
	at org.testng.remote.RemoteTestNG.initAndRun(RemoteTestNG.java:293)
	at org.testng.remote.RemoteTestNG.main(RemoteTestNG.java:91)
</pre></div></td>
<td>11</td>
<td>com.uiFramework.Genesis.regression.web.UpdateTrackingTest@a1f72f5</td></tr>
<tr>
<td title='com.uiFramework.Genesis.regression.web.DocQueueTest.shouldConfirmDiffRequestsCreatedForDifferentLDAs()'><b>shouldConfirmDiffRequestsCreatedForDifferentLDAs</b><br>Test class: com.uiFramework.Genesis.regression.web.DocQueueTest</td>
<td><div><pre>java.lang.AssertionError: The following asserts failed:
	 expected [8661] but found [786]
	at com.uiFramework.Genesis.regression.web.DocQueueTest.shouldConfirmDiffRequestsCreatedForDifferentLDAs(DocQueueTest.java:153)
	at java.base/java.util.ArrayList.forEach(ArrayList.java:1511)
... Removed 29 stack frames</pre></div><a href='#' onClick='toggleBox("stack-trace1464182576", this, "Click to show all stack frames", "Click to hide stack frames")'>Click to show all stack frames</a>
<div class='stack-trace' id='stack-trace1464182576'><pre>java.lang.AssertionError: The following asserts failed:
	 expected [8661] but found [786]
	at org.testng.asserts.SoftAssert.assertAll(SoftAssert.java:46)
	at org.testng.asserts.SoftAssert.assertAll(SoftAssert.java:30)
	at com.uiFramework.Genesis.regression.web.DocQueueTest.shouldConfirmDiffRequestsCreatedForDifferentLDAs(DocQueueTest.java:153)
	at java.base/jdk.internal.reflect.NativeMethodAccessorImpl.invoke0(Native Method)
	at java.base/jdk.internal.reflect.NativeMethodAccessorImpl.invoke(NativeMethodAccessorImpl.java:77)
	at java.base/jdk.internal.reflect.DelegatingMethodAccessorImpl.invoke(DelegatingMethodAccessorImpl.java:43)
	at java.base/java.lang.reflect.Method.invoke(Method.java:568)
	at org.testng.internal.invokers.MethodInvocationHelper.invokeMethod(MethodInvocationHelper.java:141)
	at org.testng.internal.invokers.TestInvoker.invokeMethod(TestInvoker.java:686)
	at org.testng.internal.invokers.TestInvoker.invokeTestMethod(TestInvoker.java:230)
	at org.testng.internal.invokers.MethodRunner.runInSequence(MethodRunner.java:63)
	at org.testng.internal.invokers.TestInvoker$MethodInvocationAgent.invoke(TestInvoker.java:992)
	at org.testng.internal.invokers.TestInvoker.invokeTestMethods(TestInvoker.java:203)
	at org.testng.internal.invokers.TestMethodWorker.invokeTestMethods(TestMethodWorker.java:154)
	at org.testng.internal.invokers.TestMethodWorker.run(TestMethodWorker.java:134)
	at java.base/java.util.ArrayList.forEach(ArrayList.java:1511)
	at org.testng.TestRunner.privateRun(TestRunner.java:739)
	at org.testng.TestRunner.run(TestRunner.java:614)
	at org.testng.SuiteRunner.runTest(SuiteRunner.java:421)
	at org.testng.SuiteRunner.runSequentially(SuiteRunner.java:413)
	at org.testng.SuiteRunner.privateRun(SuiteRunner.java:373)
	at org.testng.SuiteRunner.run(SuiteRunner.java:312)
	at org.testng.SuiteRunnerWorker.runSuite(SuiteRunnerWorker.java:52)
	at org.testng.SuiteRunnerWorker.run(SuiteRunnerWorker.java:95)
	at org.testng.TestNG.runSuitesSequentially(TestNG.java:1274)
	at org.testng.TestNG.runSuitesLocally(TestNG.java:1208)
	at org.testng.TestNG.runSuites(TestNG.java:1112)
	at org.testng.TestNG.run(TestNG.java:1079)
	at org.testng.remote.AbstractRemoteTestNG.run(AbstractRemoteTestNG.java:115)
	at org.testng.remote.RemoteTestNG.initAndRun(RemoteTestNG.java:293)
	at org.testng.remote.RemoteTestNG.main(RemoteTestNG.java:91)
</pre></div></td>
<td>5</td>
<td>com.uiFramework.Genesis.regression.web.DocQueueTest@4b2c5e02</td></tr>
<tr>
<td title='com.uiFramework.Genesis.regression.web.OrderTest.shouldCheckExcelDownloadedOnOrderPage()'><b>shouldCheckExcelDownloadedOnOrderPage</b><br>Test class: com.uiFramework.Genesis.regression.web.OrderTest</td>
<td><div><pre>java.lang.AssertionError: The following asserts failed:
	FAIL: File Extension not match With Downloaded file. expected [true] but found [false]
	at com.uiFramework.Genesis.regression.web.OrderTest.shouldCheckExcelDownloadedOnOrderPage(OrderTest.java:486)
	at java.base/java.util.ArrayList.forEach(ArrayList.java:1511)
... Removed 29 stack frames</pre></div><a href='#' onClick='toggleBox("stack-trace1846591654", this, "Click to show all stack frames", "Click to hide stack frames")'>Click to show all stack frames</a>
<div class='stack-trace' id='stack-trace1846591654'><pre>java.lang.AssertionError: The following asserts failed:
	FAIL: File Extension not match With Downloaded file. expected [true] but found [false]
	at org.testng.asserts.SoftAssert.assertAll(SoftAssert.java:46)
	at org.testng.asserts.SoftAssert.assertAll(SoftAssert.java:30)
	at com.uiFramework.Genesis.regression.web.OrderTest.shouldCheckExcelDownloadedOnOrderPage(OrderTest.java:486)
	at java.base/jdk.internal.reflect.NativeMethodAccessorImpl.invoke0(Native Method)
	at java.base/jdk.internal.reflect.NativeMethodAccessorImpl.invoke(NativeMethodAccessorImpl.java:77)
	at java.base/jdk.internal.reflect.DelegatingMethodAccessorImpl.invoke(DelegatingMethodAccessorImpl.java:43)
	at java.base/java.lang.reflect.Method.invoke(Method.java:568)
	at org.testng.internal.invokers.MethodInvocationHelper.invokeMethod(MethodInvocationHelper.java:141)
	at org.testng.internal.invokers.TestInvoker.invokeMethod(TestInvoker.java:686)
	at org.testng.internal.invokers.TestInvoker.invokeTestMethod(TestInvoker.java:230)
	at org.testng.internal.invokers.MethodRunner.runInSequence(MethodRunner.java:63)
	at org.testng.internal.invokers.TestInvoker$MethodInvocationAgent.invoke(TestInvoker.java:992)
	at org.testng.internal.invokers.TestInvoker.invokeTestMethods(TestInvoker.java:203)
	at org.testng.internal.invokers.TestMethodWorker.invokeTestMethods(TestMethodWorker.java:154)
	at org.testng.internal.invokers.TestMethodWorker.run(TestMethodWorker.java:134)
	at java.base/java.util.ArrayList.forEach(ArrayList.java:1511)
	at org.testng.TestRunner.privateRun(TestRunner.java:739)
	at org.testng.TestRunner.run(TestRunner.java:614)
	at org.testng.SuiteRunner.runTest(SuiteRunner.java:421)
	at org.testng.SuiteRunner.runSequentially(SuiteRunner.java:413)
	at org.testng.SuiteRunner.privateRun(SuiteRunner.java:373)
	at org.testng.SuiteRunner.run(SuiteRunner.java:312)
	at org.testng.SuiteRunnerWorker.runSuite(SuiteRunnerWorker.java:52)
	at org.testng.SuiteRunnerWorker.run(SuiteRunnerWorker.java:95)
	at org.testng.TestNG.runSuitesSequentially(TestNG.java:1274)
	at org.testng.TestNG.runSuitesLocally(TestNG.java:1208)
	at org.testng.TestNG.runSuites(TestNG.java:1112)
	at org.testng.TestNG.run(TestNG.java:1079)
	at org.testng.remote.AbstractRemoteTestNG.run(AbstractRemoteTestNG.java:115)
	at org.testng.remote.RemoteTestNG.initAndRun(RemoteTestNG.java:293)
	at org.testng.remote.RemoteTestNG.main(RemoteTestNG.java:91)
</pre></div></td>
<td>6</td>
<td>com.uiFramework.Genesis.regression.web.OrderTest@2c78324b</td></tr>
<tr>
<td title='com.uiFramework.Genesis.regression.web.ConsigneeQATest.shouldNotAllowEnteringExtraLiteratureOrderPieces()'><b>shouldNotAllowEnteringExtraLiteratureOrderPieces</b><br>Test class: com.uiFramework.Genesis.regression.web.ConsigneeQATest</td>
<td><div><pre>java.lang.AssertionError: The following asserts failed:
	Received Literature quantity can not be greater than actual order quantity. expected [true] but found [false]
	at com.uiFramework.Genesis.regression.web.ConsigneeQATest.shouldNotAllowEnteringExtraLiteratureOrderPieces(ConsigneeQATest.java:72)
	at java.base/java.util.ArrayList.forEach(ArrayList.java:1511)
... Removed 29 stack frames</pre></div><a href='#' onClick='toggleBox("stack-trace605210858", this, "Click to show all stack frames", "Click to hide stack frames")'>Click to show all stack frames</a>
<div class='stack-trace' id='stack-trace605210858'><pre>java.lang.AssertionError: The following asserts failed:
	Received Literature quantity can not be greater than actual order quantity. expected [true] but found [false]
	at org.testng.asserts.SoftAssert.assertAll(SoftAssert.java:46)
	at org.testng.asserts.SoftAssert.assertAll(SoftAssert.java:30)
	at com.uiFramework.Genesis.regression.web.ConsigneeQATest.shouldNotAllowEnteringExtraLiteratureOrderPieces(ConsigneeQATest.java:72)
	at java.base/jdk.internal.reflect.NativeMethodAccessorImpl.invoke0(Native Method)
	at java.base/jdk.internal.reflect.NativeMethodAccessorImpl.invoke(NativeMethodAccessorImpl.java:77)
	at java.base/jdk.internal.reflect.DelegatingMethodAccessorImpl.invoke(DelegatingMethodAccessorImpl.java:43)
	at java.base/java.lang.reflect.Method.invoke(Method.java:568)
	at org.testng.internal.invokers.MethodInvocationHelper.invokeMethod(MethodInvocationHelper.java:141)
	at org.testng.internal.invokers.TestInvoker.invokeMethod(TestInvoker.java:686)
	at org.testng.internal.invokers.TestInvoker.invokeTestMethod(TestInvoker.java:230)
	at org.testng.internal.invokers.MethodRunner.runInSequence(MethodRunner.java:63)
	at org.testng.internal.invokers.TestInvoker$MethodInvocationAgent.invoke(TestInvoker.java:992)
	at org.testng.internal.invokers.TestInvoker.invokeTestMethods(TestInvoker.java:203)
	at org.testng.internal.invokers.TestMethodWorker.invokeTestMethods(TestMethodWorker.java:154)
	at org.testng.internal.invokers.TestMethodWorker.run(TestMethodWorker.java:134)
	at java.base/java.util.ArrayList.forEach(ArrayList.java:1511)
	at org.testng.TestRunner.privateRun(TestRunner.java:739)
	at org.testng.TestRunner.run(TestRunner.java:614)
	at org.testng.SuiteRunner.runTest(SuiteRunner.java:421)
	at org.testng.SuiteRunner.runSequentially(SuiteRunner.java:413)
	at org.testng.SuiteRunner.privateRun(SuiteRunner.java:373)
	at org.testng.SuiteRunner.run(SuiteRunner.java:312)
	at org.testng.SuiteRunnerWorker.runSuite(SuiteRunnerWorker.java:52)
	at org.testng.SuiteRunnerWorker.run(SuiteRunnerWorker.java:95)
	at org.testng.TestNG.runSuitesSequentially(TestNG.java:1274)
	at org.testng.TestNG.runSuitesLocally(TestNG.java:1208)
	at org.testng.TestNG.runSuites(TestNG.java:1112)
	at org.testng.TestNG.run(TestNG.java:1079)
	at org.testng.remote.AbstractRemoteTestNG.run(AbstractRemoteTestNG.java:115)
	at org.testng.remote.RemoteTestNG.initAndRun(RemoteTestNG.java:293)
	at org.testng.remote.RemoteTestNG.main(RemoteTestNG.java:91)
</pre></div></td>
<td>34</td>
<td>com.uiFramework.Genesis.regression.web.ConsigneeQATest@75c56eb9</td></tr>
<tr>
<td title='com.uiFramework.Genesis.regression.web.OutboundTruckTest.shouldVerifyCreatedTruckDetailsAndPalletQtyMatch()'><b>shouldVerifyCreatedTruckDetailsAndPalletQtyMatch</b><br>Test class: com.uiFramework.Genesis.regression.web.OutboundTruckTest</td>
<td><div><pre>java.lang.AssertionError: FAIL: Truck data mismatch with Listing page. Missing: Rocky expected [true] but found [false]
	at com.uiFramework.Genesis.web.pages.OutboundTruckPage.verifyTruckDetailsandPalletOrder(OutboundTruckPage.java:510)
	at com.uiFramework.Genesis.regression.web.OutboundTruckTest.shouldVerifyCreatedTruckDetailsAndPalletQtyMatch(OutboundTruckTest.java:161)
	at java.base/java.util.ArrayList.forEach(ArrayList.java:1511)
... Removed 30 stack frames</pre></div><a href='#' onClick='toggleBox("stack-trace873223413", this, "Click to show all stack frames", "Click to hide stack frames")'>Click to show all stack frames</a>
<div class='stack-trace' id='stack-trace873223413'><pre>java.lang.AssertionError: FAIL: Truck data mismatch with Listing page. Missing: Rocky expected [true] but found [false]
	at org.testng.Assert.fail(Assert.java:111)
	at org.testng.Assert.failNotEquals(Assert.java:1578)
	at org.testng.Assert.assertTrue(Assert.java:57)
	at com.uiFramework.Genesis.web.pages.OutboundTruckPage.verifyTruckDetailsandPalletOrder(OutboundTruckPage.java:510)
	at com.uiFramework.Genesis.regression.web.OutboundTruckTest.shouldVerifyCreatedTruckDetailsAndPalletQtyMatch(OutboundTruckTest.java:161)
	at java.base/jdk.internal.reflect.NativeMethodAccessorImpl.invoke0(Native Method)
	at java.base/jdk.internal.reflect.NativeMethodAccessorImpl.invoke(NativeMethodAccessorImpl.java:77)
	at java.base/jdk.internal.reflect.DelegatingMethodAccessorImpl.invoke(DelegatingMethodAccessorImpl.java:43)
	at java.base/java.lang.reflect.Method.invoke(Method.java:568)
	at org.testng.internal.invokers.MethodInvocationHelper.invokeMethod(MethodInvocationHelper.java:141)
	at org.testng.internal.invokers.TestInvoker.invokeMethod(TestInvoker.java:686)
	at org.testng.internal.invokers.TestInvoker.invokeTestMethod(TestInvoker.java:230)
	at org.testng.internal.invokers.MethodRunner.runInSequence(MethodRunner.java:63)
	at org.testng.internal.invokers.TestInvoker$MethodInvocationAgent.invoke(TestInvoker.java:992)
	at org.testng.internal.invokers.TestInvoker.invokeTestMethods(TestInvoker.java:203)
	at org.testng.internal.invokers.TestMethodWorker.invokeTestMethods(TestMethodWorker.java:154)
	at org.testng.internal.invokers.TestMethodWorker.run(TestMethodWorker.java:134)
	at java.base/java.util.ArrayList.forEach(ArrayList.java:1511)
	at org.testng.TestRunner.privateRun(TestRunner.java:739)
	at org.testng.TestRunner.run(TestRunner.java:614)
	at org.testng.SuiteRunner.runTest(SuiteRunner.java:421)
	at org.testng.SuiteRunner.runSequentially(SuiteRunner.java:413)
	at org.testng.SuiteRunner.privateRun(SuiteRunner.java:373)
	at org.testng.SuiteRunner.run(SuiteRunner.java:312)
	at org.testng.SuiteRunnerWorker.runSuite(SuiteRunnerWorker.java:52)
	at org.testng.SuiteRunnerWorker.run(SuiteRunnerWorker.java:95)
	at org.testng.TestNG.runSuitesSequentially(TestNG.java:1274)
	at org.testng.TestNG.runSuitesLocally(TestNG.java:1208)
	at org.testng.TestNG.runSuites(TestNG.java:1112)
	at org.testng.TestNG.run(TestNG.java:1079)
	at org.testng.remote.AbstractRemoteTestNG.run(AbstractRemoteTestNG.java:115)
	at org.testng.remote.RemoteTestNG.initAndRun(RemoteTestNG.java:293)
	at org.testng.remote.RemoteTestNG.main(RemoteTestNG.java:91)
</pre></div></td>
<td>22</td>
<td>com.uiFramework.Genesis.regression.web.OutboundTruckTest@19976a65</td></tr>
<tr>
<td title='com.uiFramework.Genesis.regression.web.OrderTest.shouldDeleteFileSuccessfully()'><b>shouldDeleteFileSuccessfully</b><br>Test class: com.uiFramework.Genesis.regression.web.OrderTest</td>
<td><div><pre>java.lang.AssertionError: The following asserts failed:
	Not match! expected [File deleted successfully] but found [Toast message Failed]
	at com.uiFramework.Genesis.regression.web.OrderTest.shouldDeleteFileSuccessfully(OrderTest.java:241)
	at java.base/java.util.ArrayList.forEach(ArrayList.java:1511)
... Removed 29 stack frames</pre></div><a href='#' onClick='toggleBox("stack-trace2103491930", this, "Click to show all stack frames", "Click to hide stack frames")'>Click to show all stack frames</a>
<div class='stack-trace' id='stack-trace2103491930'><pre>java.lang.AssertionError: The following asserts failed:
	Not match! expected [File deleted successfully] but found [Toast message Failed]
	at org.testng.asserts.SoftAssert.assertAll(SoftAssert.java:46)
	at org.testng.asserts.SoftAssert.assertAll(SoftAssert.java:30)
	at com.uiFramework.Genesis.regression.web.OrderTest.shouldDeleteFileSuccessfully(OrderTest.java:241)
	at java.base/jdk.internal.reflect.NativeMethodAccessorImpl.invoke0(Native Method)
	at java.base/jdk.internal.reflect.NativeMethodAccessorImpl.invoke(NativeMethodAccessorImpl.java:77)
	at java.base/jdk.internal.reflect.DelegatingMethodAccessorImpl.invoke(DelegatingMethodAccessorImpl.java:43)
	at java.base/java.lang.reflect.Method.invoke(Method.java:568)
	at org.testng.internal.invokers.MethodInvocationHelper.invokeMethod(MethodInvocationHelper.java:141)
	at org.testng.internal.invokers.TestInvoker.invokeMethod(TestInvoker.java:686)
	at org.testng.internal.invokers.TestInvoker.invokeTestMethod(TestInvoker.java:230)
	at org.testng.internal.invokers.MethodRunner.runInSequence(MethodRunner.java:63)
	at org.testng.internal.invokers.TestInvoker$MethodInvocationAgent.invoke(TestInvoker.java:992)
	at org.testng.internal.invokers.TestInvoker.invokeTestMethods(TestInvoker.java:203)
	at org.testng.internal.invokers.TestMethodWorker.invokeTestMethods(TestMethodWorker.java:154)
	at org.testng.internal.invokers.TestMethodWorker.run(TestMethodWorker.java:134)
	at java.base/java.util.ArrayList.forEach(ArrayList.java:1511)
	at org.testng.TestRunner.privateRun(TestRunner.java:739)
	at org.testng.TestRunner.run(TestRunner.java:614)
	at org.testng.SuiteRunner.runTest(SuiteRunner.java:421)
	at org.testng.SuiteRunner.runSequentially(SuiteRunner.java:413)
	at org.testng.SuiteRunner.privateRun(SuiteRunner.java:373)
	at org.testng.SuiteRunner.run(SuiteRunner.java:312)
	at org.testng.SuiteRunnerWorker.runSuite(SuiteRunnerWorker.java:52)
	at org.testng.SuiteRunnerWorker.run(SuiteRunnerWorker.java:95)
	at org.testng.TestNG.runSuitesSequentially(TestNG.java:1274)
	at org.testng.TestNG.runSuitesLocally(TestNG.java:1208)
	at org.testng.TestNG.runSuites(TestNG.java:1112)
	at org.testng.TestNG.run(TestNG.java:1079)
	at org.testng.remote.AbstractRemoteTestNG.run(AbstractRemoteTestNG.java:115)
	at org.testng.remote.RemoteTestNG.initAndRun(RemoteTestNG.java:293)
	at org.testng.remote.RemoteTestNG.main(RemoteTestNG.java:91)
</pre></div></td>
<td>23</td>
<td>com.uiFramework.Genesis.regression.web.OrderTest@2c78324b</td></tr>
<tr>
<td title='com.uiFramework.Genesis.regression.web.DocQueueTest.shouldCreateDifferentOrderProcessesForSameLDA()'><b>shouldCreateDifferentOrderProcessesForSameLDA</b><br>Test class: com.uiFramework.Genesis.regression.web.DocQueueTest</td>
<td><div><pre>java.lang.AssertionError: not find two rows with different text 
	at com.uiFramework.Genesis.web.pages.DocQueue.checkDiffTypeOrderMerge(DocQueue.java:394)
	at com.uiFramework.Genesis.regression.web.DocQueueTest.shouldCreateDifferentOrderProcessesForSameLDA(DocQueueTest.java:116)
	at java.base/java.util.ArrayList.forEach(ArrayList.java:1511)
... Removed 28 stack frames</pre></div><a href='#' onClick='toggleBox("stack-trace1346750138", this, "Click to show all stack frames", "Click to hide stack frames")'>Click to show all stack frames</a>
<div class='stack-trace' id='stack-trace1346750138'><pre>java.lang.AssertionError: not find two rows with different text 
	at org.testng.Assert.fail(Assert.java:111)
	at com.uiFramework.Genesis.web.pages.DocQueue.checkDiffTypeOrderMerge(DocQueue.java:394)
	at com.uiFramework.Genesis.regression.web.DocQueueTest.shouldCreateDifferentOrderProcessesForSameLDA(DocQueueTest.java:116)
	at java.base/jdk.internal.reflect.NativeMethodAccessorImpl.invoke0(Native Method)
	at java.base/jdk.internal.reflect.NativeMethodAccessorImpl.invoke(NativeMethodAccessorImpl.java:77)
	at java.base/jdk.internal.reflect.DelegatingMethodAccessorImpl.invoke(DelegatingMethodAccessorImpl.java:43)
	at java.base/java.lang.reflect.Method.invoke(Method.java:568)
	at org.testng.internal.invokers.MethodInvocationHelper.invokeMethod(MethodInvocationHelper.java:141)
	at org.testng.internal.invokers.TestInvoker.invokeMethod(TestInvoker.java:686)
	at org.testng.internal.invokers.TestInvoker.invokeTestMethod(TestInvoker.java:230)
	at org.testng.internal.invokers.MethodRunner.runInSequence(MethodRunner.java:63)
	at org.testng.internal.invokers.TestInvoker$MethodInvocationAgent.invoke(TestInvoker.java:992)
	at org.testng.internal.invokers.TestInvoker.invokeTestMethods(TestInvoker.java:203)
	at org.testng.internal.invokers.TestMethodWorker.invokeTestMethods(TestMethodWorker.java:154)
	at org.testng.internal.invokers.TestMethodWorker.run(TestMethodWorker.java:134)
	at java.base/java.util.ArrayList.forEach(ArrayList.java:1511)
	at org.testng.TestRunner.privateRun(TestRunner.java:739)
	at org.testng.TestRunner.run(TestRunner.java:614)
	at org.testng.SuiteRunner.runTest(SuiteRunner.java:421)
	at org.testng.SuiteRunner.runSequentially(SuiteRunner.java:413)
	at org.testng.SuiteRunner.privateRun(SuiteRunner.java:373)
	at org.testng.SuiteRunner.run(SuiteRunner.java:312)
	at org.testng.SuiteRunnerWorker.runSuite(SuiteRunnerWorker.java:52)
	at org.testng.SuiteRunnerWorker.run(SuiteRunnerWorker.java:95)
	at org.testng.TestNG.runSuitesSequentially(TestNG.java:1274)
	at org.testng.TestNG.runSuitesLocally(TestNG.java:1208)
	at org.testng.TestNG.runSuites(TestNG.java:1112)
	at org.testng.TestNG.run(TestNG.java:1079)
	at org.testng.remote.AbstractRemoteTestNG.run(AbstractRemoteTestNG.java:115)
	at org.testng.remote.RemoteTestNG.initAndRun(RemoteTestNG.java:293)
	at org.testng.remote.RemoteTestNG.main(RemoteTestNG.java:91)
</pre></div></td>
<td>156</td>
<td>com.uiFramework.Genesis.regression.web.DocQueueTest@4b2c5e02</td></tr>
</table><p>
<table width='100%' border='1' class='invocation-passed'>
<tr><td colspan='4' align='center'><b>PASSED TESTS</b></td></tr>
<tr><td><b>Test method</b></td>
<td><b>Attribute(s)</b></td>
<td width="30%"><b>Exception</b></td>
<td width="10%"><b>Time (seconds)</b></td>
<td><b>Instance</b></td>
</tr>
<tr>
<td title='com.uiFramework.Genesis.regression.web.OrderTest.shouldSaveCustomerAccessorialAfterDeleteAndValidateCarrierValidation()'><b>shouldSaveCustomerAccessorialAfterDeleteAndValidateCarrierValidation</b><br>Test class: com.uiFramework.Genesis.regression.web.OrderTest</td>
<td></td>
<td>12</td>
<td>com.uiFramework.Genesis.regression.web.OrderTest@2c78324b</td></tr>
<tr>
<td title='com.uiFramework.Genesis.regression.web.OrderTest.shouldMatchOrderDetailsOnListingPage()'><b>shouldMatchOrderDetailsOnListingPage</b><br>Test class: com.uiFramework.Genesis.regression.web.OrderTest</td>
<td></td>
<td>16</td>
<td>com.uiFramework.Genesis.regression.web.OrderTest@2c78324b</td></tr>
<tr>
<td title='com.uiFramework.Genesis.regression.web.InboundTruckTest.shouldCheckDefaultCostEstimate()'><b>shouldCheckDefaultCostEstimate</b><br>Test class: com.uiFramework.Genesis.regression.web.InboundTruckTest</td>
<td></td>
<td>7</td>
<td>com.uiFramework.Genesis.regression.web.InboundTruckTest@471a9022</td></tr>
<tr>
<td title='com.uiFramework.Genesis.regression.web.DocQueueTest.shouldRetrieveDocumentsForMainOrder()'><b>shouldRetrieveDocumentsForMainOrder</b><br>Test class: com.uiFramework.Genesis.regression.web.DocQueueTest</td>
<td></td>
<td>14</td>
<td>com.uiFramework.Genesis.regression.web.DocQueueTest@4b2c5e02</td></tr>
<tr>
<td title='com.uiFramework.Genesis.regression.web.InboundPalletTest.shouldPerformMergeWhenButtonClicked()'><b>shouldPerformMergeWhenButtonClicked</b><br>Test class: com.uiFramework.Genesis.regression.web.InboundPalletTest</td>
<td></td>
<td>17</td>
<td>com.uiFramework.Genesis.regression.web.InboundPalletTest@456d6c1e</td></tr>
<tr>
<td title='com.uiFramework.Genesis.regression.web.OutboundPalletTest.shouldNotAllowAddedOrdersForPalletCreation()'><b>shouldNotAllowAddedOrdersForPalletCreation</b><br>Test class: com.uiFramework.Genesis.regression.web.OutboundPalletTest</td>
<td></td>
<td>15</td>
<td>com.uiFramework.Genesis.regression.web.OutboundPalletTest@2f666ebb</td></tr>
<tr>
<td title='com.uiFramework.Genesis.regression.web.OrderTest.shouldNotGenerateBarcodeWhenCheckboxIsUnchecked()'><b>shouldNotGenerateBarcodeWhenCheckboxIsUnchecked</b><br>Test class: com.uiFramework.Genesis.regression.web.OrderTest</td>
<td></td>
<td>108</td>
<td>com.uiFramework.Genesis.regression.web.OrderTest@2c78324b</td></tr>
<tr>
<td title='com.uiFramework.Genesis.regression.web.OutboundTruckTest.shouldCreateSuccessfullyAndIncreseCountByOne()'><b>shouldCreateSuccessfullyAndIncreseCountByOne</b><br>Test class: com.uiFramework.Genesis.regression.web.OutboundTruckTest</td>
<td></td>
<td>6</td>
<td>com.uiFramework.Genesis.regression.web.OutboundTruckTest@19976a65</td></tr>
<tr>
<td title='com.uiFramework.Genesis.regression.web.OutboundQATest.shouldDisplayCorrectTotalPiecesCount()'><b>shouldDisplayCorrectTotalPiecesCount</b><br>Test class: com.uiFramework.Genesis.regression.web.OutboundQATest</td>
<td></td>
<td>0</td>
<td>com.uiFramework.Genesis.regression.web.OutboundQATest@57a3e26a</td></tr>
<tr>
<td title='com.uiFramework.Genesis.regression.web.InboundTruckTest.shouldCreateTruckSuccessfullyAndVerifyTotalPiecesAndPalletQty()'><b>shouldCreateTruckSuccessfullyAndVerifyTotalPiecesAndPalletQty</b><br>Test class: com.uiFramework.Genesis.regression.web.InboundTruckTest</td>
<td></td>
<td>24</td>
<td>com.uiFramework.Genesis.regression.web.InboundTruckTest@471a9022</td></tr>
<tr>
<td title='com.uiFramework.Genesis.regression.web.OutboundPalletTest.shouldCheckPaginationOnCreateOutboundPalletScreen()'><b>shouldCheckPaginationOnCreateOutboundPalletScreen</b><br>Test class: com.uiFramework.Genesis.regression.web.OutboundPalletTest</td>
<td></td>
<td>40</td>
<td>com.uiFramework.Genesis.regression.web.OutboundPalletTest@2f666ebb</td></tr>
<tr>
<td title='com.uiFramework.Genesis.regression.web.OrderTest.shouldShowErrorOnConfirmFromListingWithMissingFields()'><b>shouldShowErrorOnConfirmFromListingWithMissingFields</b><br>Test class: com.uiFramework.Genesis.regression.web.OrderTest</td>
<td></td>
<td>76</td>
<td>com.uiFramework.Genesis.regression.web.OrderTest@2c78324b</td></tr>
<tr>
<td title='com.uiFramework.Genesis.regression.web.ConsigneeQATest.shouldAllowUserToUploadExcelFile()'><b>shouldAllowUserToUploadExcelFile</b><br>Test class: com.uiFramework.Genesis.regression.web.ConsigneeQATest</td>
<td></td>
<td>0</td>
<td>com.uiFramework.Genesis.regression.web.ConsigneeQATest@75c56eb9</td></tr>
<tr>
<td title='com.uiFramework.Genesis.regression.web.DocQueueTest.shouldShowErrorMessageIfRequiredFieldNotSelected()'><b>shouldShowErrorMessageIfRequiredFieldNotSelected</b><br>Test class: com.uiFramework.Genesis.regression.web.DocQueueTest</td>
<td></td>
<td>3</td>
<td>com.uiFramework.Genesis.regression.web.DocQueueTest@4b2c5e02</td></tr>
<tr>
<td title='com.uiFramework.Genesis.regression.web.OutboundPalletTest.shouldCreateOutboundPalletForMainOrder()'><b>shouldCreateOutboundPalletForMainOrder</b><br>Test class: com.uiFramework.Genesis.regression.web.OutboundPalletTest</td>
<td></td>
<td>13</td>
<td>com.uiFramework.Genesis.regression.web.OutboundPalletTest@2f666ebb</td></tr>
<tr>
<td title='com.uiFramework.Genesis.regression.web.UpdateTrackingTest.shouldShowErrorMessageIfReqFieldNotSelected()'><b>shouldShowErrorMessageIfReqFieldNotSelected</b><br>Test class: com.uiFramework.Genesis.regression.web.UpdateTrackingTest</td>
<td></td>
<td>14</td>
<td>com.uiFramework.Genesis.regression.web.UpdateTrackingTest@a1f72f5</td></tr>
<tr>
<td title='com.uiFramework.Genesis.regression.web.OutboundTruckTest.shouldClearFieldsWhenClearButtonClickedOnObtCreateTruck()'><b>shouldClearFieldsWhenClearButtonClickedOnObtCreateTruck</b><br>Test class: com.uiFramework.Genesis.regression.web.OutboundTruckTest</td>
<td></td>
<td>3</td>
<td>com.uiFramework.Genesis.regression.web.OutboundTruckTest@19976a65</td></tr>
<tr>
<td title='com.uiFramework.Genesis.regression.web.OrderTest.shouldShowErrorForDuplicateCustomerOrderNumber()'><b>shouldShowErrorForDuplicateCustomerOrderNumber</b><br>Test class: com.uiFramework.Genesis.regression.web.OrderTest</td>
<td></td>
<td>58</td>
<td>com.uiFramework.Genesis.regression.web.OrderTest@2c78324b</td></tr>
<tr>
<td title='com.uiFramework.Genesis.regression.web.OutboundQATest.shouldDisplaySelectedLDAInGrid()'><b>shouldDisplaySelectedLDAInGrid</b><br>Test class: com.uiFramework.Genesis.regression.web.OutboundQATest</td>
<td></td>
<td>0</td>
<td>com.uiFramework.Genesis.regression.web.OutboundQATest@57a3e26a</td></tr>
<tr>
<td title='com.uiFramework.Genesis.regression.web.InboundPalletTest.shouldAllowDeletedPalletToBeAvailableAfterPalletDeletion()'><b>shouldAllowDeletedPalletToBeAvailableAfterPalletDeletion</b><br>Test class: com.uiFramework.Genesis.regression.web.InboundPalletTest</td>
<td></td>
<td>11</td>
<td>com.uiFramework.Genesis.regression.web.InboundPalletTest@456d6c1e</td></tr>
<tr>
<td title='com.uiFramework.Genesis.regression.web.InboundTruckTest.shouldCheckMandateFiledForImportTruck()'><b>shouldCheckMandateFiledForImportTruck</b><br>Test class: com.uiFramework.Genesis.regression.web.InboundTruckTest</td>
<td></td>
<td>4</td>
<td>com.uiFramework.Genesis.regression.web.InboundTruckTest@471a9022</td></tr>
<tr>
<td title='com.uiFramework.Genesis.regression.web.OutboundQATest.shouldUpdateOrderStatusAfterOutboundQADone()'><b>shouldUpdateOrderStatusAfterOutboundQADone</b><br>Test class: com.uiFramework.Genesis.regression.web.OutboundQATest</td>
<td></td>
<td>7</td>
<td>com.uiFramework.Genesis.regression.web.OutboundQATest@57a3e26a</td></tr>
<tr>
<td title='com.uiFramework.Genesis.regression.web.OrderTest.shouldFetchConsigneeAddressDetails()'><b>shouldFetchConsigneeAddressDetails</b><br>Test class: com.uiFramework.Genesis.regression.web.OrderTest</td>
<td></td>
<td>0</td>
<td>com.uiFramework.Genesis.regression.web.OrderTest@2c78324b</td></tr>
<tr>
<td title='com.uiFramework.Genesis.regression.web.OrderTest.shouldCreateDistributorOrderWithRequiredDetails()'><b>shouldCreateDistributorOrderWithRequiredDetails</b><br>Test class: com.uiFramework.Genesis.regression.web.OrderTest</td>
<td></td>
<td>97</td>
<td>com.uiFramework.Genesis.regression.web.OrderTest@2c78324b</td></tr>
<tr>
<td title='com.uiFramework.Genesis.regression.web.InboundTruckTest.shouldDeleteTruckAndMakePalletAvailableToAddInInboundTruck()'><b>shouldDeleteTruckAndMakePalletAvailableToAddInInboundTruck</b><br>Test class: com.uiFramework.Genesis.regression.web.InboundTruckTest</td>
<td></td>
<td>22</td>
<td>com.uiFramework.Genesis.regression.web.InboundTruckTest@471a9022</td></tr>
<tr>
<td title='com.uiFramework.Genesis.regression.web.InboundQATest.verifyToasmsgOnQAPass()'><b>verifyToasmsgOnQAPass</b><br>Test class: com.uiFramework.Genesis.regression.web.InboundQATest</td>
<td></td>
<td>5</td>
<td>com.uiFramework.Genesis.regression.web.InboundQATest@dc9876b</td></tr>
<tr>
<td title='com.uiFramework.Genesis.regression.web.ConsigneeQATest.shouldAllowUserToSaveDetailsInDraft()'><b>shouldAllowUserToSaveDetailsInDraft</b><br>Test class: com.uiFramework.Genesis.regression.web.ConsigneeQATest</td>
<td></td>
<td>4</td>
<td>com.uiFramework.Genesis.regression.web.ConsigneeQATest@75c56eb9</td></tr>
<tr>
<td title='com.uiFramework.Genesis.regression.web.InboundTruckTest.shouldVerifyPalletAvailableToAddInTruck()'><b>shouldVerifyPalletAvailableToAddInTruck</b><br>Test class: com.uiFramework.Genesis.regression.web.InboundTruckTest</td>
<td></td>
<td>11</td>
<td>com.uiFramework.Genesis.regression.web.InboundTruckTest@471a9022</td></tr>
<tr>
<td title='com.uiFramework.Genesis.regression.web.InboundTruckTest.shouldDisplayToastMessageOnCreateTruck()'><b>shouldDisplayToastMessageOnCreateTruck</b><br>Test class: com.uiFramework.Genesis.regression.web.InboundTruckTest</td>
<td></td>
<td>25</td>
<td>com.uiFramework.Genesis.regression.web.InboundTruckTest@471a9022</td></tr>
<tr>
<td title='com.uiFramework.Genesis.regression.web.UpdateTrackingTest.shouldAbleToUpdateTrackinIdOfReq()'><b>shouldAbleToUpdateTrackinIdOfReq</b><br>Test class: com.uiFramework.Genesis.regression.web.UpdateTrackingTest</td>
<td></td>
<td>4</td>
<td>com.uiFramework.Genesis.regression.web.UpdateTrackingTest@a1f72f5</td></tr>
<tr>
<td title='com.uiFramework.Genesis.regression.web.OrderTest.shouldDisplayOrderFormOnCreateButtonClick()'><b>shouldDisplayOrderFormOnCreateButtonClick</b><br>Test class: com.uiFramework.Genesis.regression.web.OrderTest</td>
<td></td>
<td>7</td>
<td>com.uiFramework.Genesis.regression.web.OrderTest@2c78324b</td></tr>
<tr>
<td title='com.uiFramework.Genesis.regression.web.DocQueueTest.shouldDisplayRegularRequestsOnRegularCheckbox()'><b>shouldDisplayRegularRequestsOnRegularCheckbox</b><br>Test class: com.uiFramework.Genesis.regression.web.DocQueueTest</td>
<td></td>
<td>14</td>
<td>com.uiFramework.Genesis.regression.web.DocQueueTest@4b2c5e02</td></tr>
<tr>
<td title='com.uiFramework.Genesis.regression.web.OutboundPalletTest.shouldIncludeMultipleLDAsInSinglePallet()'><b>shouldIncludeMultipleLDAsInSinglePallet</b><br>Test class: com.uiFramework.Genesis.regression.web.OutboundPalletTest</td>
<td></td>
<td>0</td>
<td>com.uiFramework.Genesis.regression.web.OutboundPalletTest@2f666ebb</td></tr>
<tr>
<td title='com.uiFramework.Genesis.regression.web.OutboundTruckTest.shouldValidateMultiDropForNonUPSCase()'><b>shouldValidateMultiDropForNonUPSCase</b><br>Test class: com.uiFramework.Genesis.regression.web.OutboundTruckTest</td>
<td></td>
<td>24</td>
<td>com.uiFramework.Genesis.regression.web.OutboundTruckTest@19976a65</td></tr>
<tr>
<td title='com.uiFramework.Genesis.regression.web.ConsigneeQATest.shouldValidateReceivedOrderPiecesWhenMarkSameQtyBtnClicked()'><b>shouldValidateReceivedOrderPiecesWhenMarkSameQtyBtnClicked</b><br>Test class: com.uiFramework.Genesis.regression.web.ConsigneeQATest</td>
<td></td>
<td>0</td>
<td>com.uiFramework.Genesis.regression.web.ConsigneeQATest@75c56eb9</td></tr>
<tr>
<td title='com.uiFramework.Genesis.regression.web.OrderTest.shouldShowErrorWhenSavingEmptyCustomerAccessorial()'><b>shouldShowErrorWhenSavingEmptyCustomerAccessorial</b><br>Test class: com.uiFramework.Genesis.regression.web.OrderTest</td>
<td></td>
<td>10</td>
<td>com.uiFramework.Genesis.regression.web.OrderTest@2c78324b</td></tr>
<tr>
<td title='com.uiFramework.Genesis.regression.web.OutboundPalletTest.shouldCreateSinglePalletOnMergeClick()'><b>shouldCreateSinglePalletOnMergeClick</b><br>Test class: com.uiFramework.Genesis.regression.web.OutboundPalletTest</td>
<td></td>
<td>1</td>
<td>com.uiFramework.Genesis.regression.web.OutboundPalletTest@2f666ebb</td></tr>
<tr>
<td title='com.uiFramework.Genesis.regression.web.DocQueueTest.shouldConfirmDifferentRequestsCreatedForDifferentConsignees()'><b>shouldConfirmDifferentRequestsCreatedForDifferentConsignees</b><br>Test class: com.uiFramework.Genesis.regression.web.DocQueueTest</td>
<td></td>
<td>5</td>
<td>com.uiFramework.Genesis.regression.web.DocQueueTest@4b2c5e02</td></tr>
<tr>
<td title='com.uiFramework.Genesis.regression.web.OutboundQATest.shouldDisplaySelectedManifestInGrid()'><b>shouldDisplaySelectedManifestInGrid</b><br>Test class: com.uiFramework.Genesis.regression.web.OutboundQATest</td>
<td></td>
<td>0</td>
<td>com.uiFramework.Genesis.regression.web.OutboundQATest@57a3e26a</td></tr>
<tr>
<td title='com.uiFramework.Genesis.regression.web.InboundPalletTest.shouldNotDeletePalletIfQADone()'><b>shouldNotDeletePalletIfQADone</b><br>Test class: com.uiFramework.Genesis.regression.web.InboundPalletTest</td>
<td></td>
<td>9</td>
<td>com.uiFramework.Genesis.regression.web.InboundPalletTest@456d6c1e</td></tr>
<tr>
<td title='com.uiFramework.Genesis.regression.web.OutboundQATest.shouldVerifyReceivedAndVoicemailDatesAreCurrentDate()'><b>shouldVerifyReceivedAndVoicemailDatesAreCurrentDate</b><br>Test class: com.uiFramework.Genesis.regression.web.OutboundQATest</td>
<td></td>
<td>1</td>
<td>com.uiFramework.Genesis.regression.web.OutboundQATest@57a3e26a</td></tr>
<tr>
<td title='com.uiFramework.Genesis.regression.web.OutboundTruckTest.shouldRouteOrderEditable()'><b>shouldRouteOrderEditable</b><br>Test class: com.uiFramework.Genesis.regression.web.OutboundTruckTest</td>
<td></td>
<td>16</td>
<td>com.uiFramework.Genesis.regression.web.OutboundTruckTest@19976a65</td></tr>
<tr>
<td title='com.uiFramework.Genesis.regression.web.OutboundPalletTest.shouldDeletePalletAndMakeOrdersAvailableAfterDeletion()'><b>shouldDeletePalletAndMakeOrdersAvailableAfterDeletion</b><br>Test class: com.uiFramework.Genesis.regression.web.OutboundPalletTest</td>
<td></td>
<td>13</td>
<td>com.uiFramework.Genesis.regression.web.OutboundPalletTest@2f666ebb</td></tr>
<tr>
<td title='com.uiFramework.Genesis.regression.web.OrderTest.shouldAddEditAndDeleteCommentSuccessfully()'><b>shouldAddEditAndDeleteCommentSuccessfully</b><br>Test class: com.uiFramework.Genesis.regression.web.OrderTest</td>
<td></td>
<td>7</td>
<td>com.uiFramework.Genesis.regression.web.OrderTest@2c78324b</td></tr>
<tr>
<td title='com.uiFramework.Genesis.regression.web.OutboundTruckTest.shouldVerifyTruckQuantityAndStatusForEmptyTruck()'><b>shouldVerifyTruckQuantityAndStatusForEmptyTruck</b><br>Test class: com.uiFramework.Genesis.regression.web.OutboundTruckTest</td>
<td></td>
<td>1</td>
<td>com.uiFramework.Genesis.regression.web.OutboundTruckTest@19976a65</td></tr>
<tr>
<td title='com.uiFramework.Genesis.regression.web.InboundPalletTest.shouldNotAllowAddingSameOrderToAnotherPallet()'><b>shouldNotAllowAddingSameOrderToAnotherPallet</b><br>Test class: com.uiFramework.Genesis.regression.web.InboundPalletTest</td>
<td></td>
<td>30</td>
<td>com.uiFramework.Genesis.regression.web.InboundPalletTest@456d6c1e</td></tr>
<tr>
<td title='com.uiFramework.Genesis.regression.web.OutboundTruckTest.shouldDisplayTruckDetailsInEditOutboundTruckMode()'><b>shouldDisplayTruckDetailsInEditOutboundTruckMode</b><br>Test class: com.uiFramework.Genesis.regression.web.OutboundTruckTest</td>
<td></td>
<td>4</td>
<td>com.uiFramework.Genesis.regression.web.OutboundTruckTest@19976a65</td></tr>
<tr>
<td title='com.uiFramework.Genesis.regression.web.OrderTest.shouldShowMandatoryFieldOnSaveFiles()'><b>shouldShowMandatoryFieldOnSaveFiles</b><br>Test class: com.uiFramework.Genesis.regression.web.OrderTest</td>
<td></td>
<td>5</td>
<td>com.uiFramework.Genesis.regression.web.OrderTest@2c78324b</td></tr>
<tr>
<td title='com.uiFramework.Genesis.regression.web.OutboundTruckTest.shouldDisplayToastMessageOnCreateObtTruck()'><b>shouldDisplayToastMessageOnCreateObtTruck</b><br>Test class: com.uiFramework.Genesis.regression.web.OutboundTruckTest</td>
<td></td>
<td>18</td>
<td>com.uiFramework.Genesis.regression.web.OutboundTruckTest@19976a65</td></tr>
<tr>
<td title='com.uiFramework.Genesis.regression.web.InboundPalletTest.shouldCheckColumnFilter()'><b>shouldCheckColumnFilter</b><br>Test class: com.uiFramework.Genesis.regression.web.InboundPalletTest</td>
<td></td>
<td>53</td>
<td>com.uiFramework.Genesis.regression.web.InboundPalletTest@456d6c1e</td></tr>
<tr>
<td title='com.uiFramework.Genesis.regression.web.InboundPalletTest.shouldAddPalletInEditModeWithPiecesAndWeightWithNoPopup()'><b>shouldAddPalletInEditModeWithPiecesAndWeightWithNoPopup</b><br>Test class: com.uiFramework.Genesis.regression.web.InboundPalletTest</td>
<td></td>
<td>18</td>
<td>com.uiFramework.Genesis.regression.web.InboundPalletTest@456d6c1e</td></tr>
<tr>
<td title='com.uiFramework.Genesis.regression.web.ConsigneeQATest.shouldValidateLiteratureOrderPiecesWhenMarkSameQtyBtnClicked()'><b>shouldValidateLiteratureOrderPiecesWhenMarkSameQtyBtnClicked</b><br>Test class: com.uiFramework.Genesis.regression.web.ConsigneeQATest</td>
<td></td>
<td>0</td>
<td>com.uiFramework.Genesis.regression.web.ConsigneeQATest@75c56eb9</td></tr>
<tr>
<td title='com.uiFramework.Genesis.regression.web.InboundPalletTest.shouldShowCreatedOrderInPalletListingPage()'><b>shouldShowCreatedOrderInPalletListingPage</b><br>Test class: com.uiFramework.Genesis.regression.web.InboundPalletTest</td>
<td></td>
<td>2</td>
<td>com.uiFramework.Genesis.regression.web.InboundPalletTest@456d6c1e</td></tr>
<tr>
<td title='com.uiFramework.Genesis.regression.web.OrderTest.shouldKeepConsigneeDropdownEmptyUntilCustomerSelected()'><b>shouldKeepConsigneeDropdownEmptyUntilCustomerSelected</b><br>Test class: com.uiFramework.Genesis.regression.web.OrderTest</td>
<td></td>
<td>74</td>
<td>com.uiFramework.Genesis.regression.web.OrderTest@2c78324b</td></tr>
<tr>
<td title='com.uiFramework.Genesis.regression.web.InboundQATest.verifyTruckDataDisplayedCorrectlyOnView()'><b>verifyTruckDataDisplayedCorrectlyOnView</b><br>Test class: com.uiFramework.Genesis.regression.web.InboundQATest</td>
<td></td>
<td>10</td>
<td>com.uiFramework.Genesis.regression.web.InboundQATest@dc9876b</td></tr>
<tr>
<td title='com.uiFramework.Genesis.regression.web.OutboundTruckTest.shouldPalletAvailableToCreateOutboundTruck()'><b>shouldPalletAvailableToCreateOutboundTruck</b><br>Test class: com.uiFramework.Genesis.regression.web.OutboundTruckTest</td>
<td></td>
<td>15</td>
<td>com.uiFramework.Genesis.regression.web.OutboundTruckTest@19976a65</td></tr>
<tr>
<td title='com.uiFramework.Genesis.regression.web.UpdateTrackingTest.shouldNotAllowFileUpdateWithoutETADetails()'><b>shouldNotAllowFileUpdateWithoutETADetails</b><br>Test class: com.uiFramework.Genesis.regression.web.UpdateTrackingTest</td>
<td></td>
<td>7</td>
<td>com.uiFramework.Genesis.regression.web.UpdateTrackingTest@a1f72f5</td></tr>
<tr>
<td title='com.uiFramework.Genesis.regression.web.OutboundTruckTest.shouldNotAllowTruckDeletionIfTruckHasArrived()'><b>shouldNotAllowTruckDeletionIfTruckHasArrived</b><br>Test class: com.uiFramework.Genesis.regression.web.OutboundTruckTest</td>
<td></td>
<td>6</td>
<td>com.uiFramework.Genesis.regression.web.OutboundTruckTest@19976a65</td></tr>
<tr>
<td title='com.uiFramework.Genesis.regression.web.ConsigneeQATest.shouldAllowUserToCompleteRequest()'><b>shouldAllowUserToCompleteRequest</b><br>Test class: com.uiFramework.Genesis.regression.web.ConsigneeQATest</td>
<td></td>
<td>11</td>
<td>com.uiFramework.Genesis.regression.web.ConsigneeQATest@75c56eb9</td></tr>
<tr>
<td title='com.uiFramework.Genesis.regression.web.OutboundQATest.shouldMakeVoiceMailDateMandatory()'><b>shouldMakeVoiceMailDateMandatory</b><br>Test class: com.uiFramework.Genesis.regression.web.OutboundQATest</td>
<td></td>
<td>8</td>
<td>com.uiFramework.Genesis.regression.web.OutboundQATest@57a3e26a</td></tr>
<tr>
<td title='com.uiFramework.Genesis.regression.web.OutboundPalletTest.shouldNotAllowPalletDeletionAfterArrival()'><b>shouldNotAllowPalletDeletionAfterArrival</b><br>Test class: com.uiFramework.Genesis.regression.web.OutboundPalletTest</td>
<td></td>
<td>9</td>
<td>com.uiFramework.Genesis.regression.web.OutboundPalletTest@2f666ebb</td></tr>
<tr>
<td title='com.uiFramework.Genesis.regression.web.OrderTest.shouldNotGenerateBarcodeAndShowCorrectOrderStatusOnConfirm()'><b>shouldNotGenerateBarcodeAndShowCorrectOrderStatusOnConfirm</b><br>Test class: com.uiFramework.Genesis.regression.web.OrderTest</td>
<td></td>
<td>16</td>
<td>com.uiFramework.Genesis.regression.web.OrderTest@2c78324b</td></tr>
<tr>
<td title='com.uiFramework.Genesis.regression.web.OutboundQATest.shouldMakeReceivedDateMandatory()'><b>shouldMakeReceivedDateMandatory</b><br>Test class: com.uiFramework.Genesis.regression.web.OutboundQATest</td>
<td></td>
<td>8</td>
<td>com.uiFramework.Genesis.regression.web.OutboundQATest@57a3e26a</td></tr>
<tr>
<td title='com.uiFramework.Genesis.regression.web.InboundTruckTest.shouldDisplayTruckDetailsInEditMode()'><b>shouldDisplayTruckDetailsInEditMode</b><br>Test class: com.uiFramework.Genesis.regression.web.InboundTruckTest</td>
<td></td>
<td>3</td>
<td>com.uiFramework.Genesis.regression.web.InboundTruckTest@471a9022</td></tr>
<tr>
<td title='com.uiFramework.Genesis.regression.web.InboundPalletTest.CreateInboundPalletforMainOrder()'><b>CreateInboundPalletforMainOrder</b><br>Test class: com.uiFramework.Genesis.regression.web.InboundPalletTest</td>
<td></td>
<td>12</td>
<td>com.uiFramework.Genesis.regression.web.InboundPalletTest@456d6c1e</td></tr>
<tr>
<td title='com.uiFramework.Genesis.regression.web.OutboundTruckTest.shouldApplyColumnFilterOnOutboundTruckCreatePage()'><b>shouldApplyColumnFilterOnOutboundTruckCreatePage</b><br>Test class: com.uiFramework.Genesis.regression.web.OutboundTruckTest</td>
<td></td>
<td>35</td>
<td>com.uiFramework.Genesis.regression.web.OutboundTruckTest@19976a65</td></tr>
<tr>
<td title='com.uiFramework.Genesis.regression.web.UpdateTrackingTest.shouldShowErrorMessageIfReqSelectedButTrackingNoNotEntered()'><b>shouldShowErrorMessageIfReqSelectedButTrackingNoNotEntered</b><br>Test class: com.uiFramework.Genesis.regression.web.UpdateTrackingTest</td>
<td></td>
<td>3</td>
<td>com.uiFramework.Genesis.regression.web.UpdateTrackingTest@a1f72f5</td></tr>
<tr>
<td title='com.uiFramework.Genesis.regression.web.UpdateTrackingTest.shouldAllowUserToDownloadExcelOfGridData()'><b>shouldAllowUserToDownloadExcelOfGridData</b><br>Test class: com.uiFramework.Genesis.regression.web.UpdateTrackingTest</td>
<td></td>
<td>5</td>
<td>com.uiFramework.Genesis.regression.web.UpdateTrackingTest@a1f72f5</td></tr>
<tr>
<td title='com.uiFramework.Genesis.regression.web.InboundQATest.validateTotalPiecesinTruck()'><b>validateTotalPiecesinTruck</b><br>Test class: com.uiFramework.Genesis.regression.web.InboundQATest</td>
<td></td>
<td>2</td>
<td>com.uiFramework.Genesis.regression.web.InboundQATest@dc9876b</td></tr>
<tr>
<td title='com.uiFramework.Genesis.regression.web.OutboundPalletTest.shouldPerformMergeFunctionOnOutboundPallet()'><b>shouldPerformMergeFunctionOnOutboundPallet</b><br>Test class: com.uiFramework.Genesis.regression.web.OutboundPalletTest</td>
<td></td>
<td>12</td>
<td>com.uiFramework.Genesis.regression.web.OutboundPalletTest@2f666ebb</td></tr>
<tr>
<td title='com.uiFramework.Genesis.regression.web.ConsigneeQATest.shouldNotAllowSavingFileWithoutTime()'><b>shouldNotAllowSavingFileWithoutTime</b><br>Test class: com.uiFramework.Genesis.regression.web.ConsigneeQATest</td>
<td></td>
<td>0</td>
<td>com.uiFramework.Genesis.regression.web.ConsigneeQATest@75c56eb9</td></tr>
<tr>
<td title='com.uiFramework.Genesis.regression.web.InboundPalletTest.shouldRemoveOrdersInEditPalletAndPalletAutoDelete()'><b>shouldRemoveOrdersInEditPalletAndPalletAutoDelete</b><br>Test class: com.uiFramework.Genesis.regression.web.InboundPalletTest</td>
<td></td>
<td>21</td>
<td>com.uiFramework.Genesis.regression.web.InboundPalletTest@456d6c1e</td></tr>
<tr>
<td title='com.uiFramework.Genesis.regression.web.InboundPalletTest.verifyInboundpalletCreateSuccefully()'><b>verifyInboundpalletCreateSuccefully</b><br>Test class: com.uiFramework.Genesis.regression.web.InboundPalletTest</td>
<td></td>
<td>7</td>
<td>com.uiFramework.Genesis.regression.web.InboundPalletTest@456d6c1e</td></tr>
<tr>
<td title='com.uiFramework.Genesis.regression.web.OutboundPalletTest.shouldAddPalletInEditModeWithPiecesAndWeightWithNoPopup()'><b>shouldAddPalletInEditModeWithPiecesAndWeightWithNoPopup</b><br>Test class: com.uiFramework.Genesis.regression.web.OutboundPalletTest</td>
<td></td>
<td>15</td>
<td>com.uiFramework.Genesis.regression.web.OutboundPalletTest@2f666ebb</td></tr>
<tr>
<td title='com.uiFramework.Genesis.regression.web.OutboundTruckTest.shouldRemovePalletFromTruckAndUpdateWeightAndEmptyTruckStatus()'><b>shouldRemovePalletFromTruckAndUpdateWeightAndEmptyTruckStatus</b><br>Test class: com.uiFramework.Genesis.regression.web.OutboundTruckTest</td>
<td></td>
<td>23</td>
<td>com.uiFramework.Genesis.regression.web.OutboundTruckTest@19976a65</td></tr>
<tr>
<td title='com.uiFramework.Genesis.regression.web.OrderTest.shouldDisplayBarcodeAfterDistributorOrderConfirmation()'><b>shouldDisplayBarcodeAfterDistributorOrderConfirmation</b><br>Test class: com.uiFramework.Genesis.regression.web.OrderTest</td>
<td></td>
<td>29</td>
<td>com.uiFramework.Genesis.regression.web.OrderTest@2c78324b</td></tr>
<tr>
<td title='com.uiFramework.Genesis.regression.web.UpdateTrackingTest.shouldNotAllowFileUpdateWithoutTrackingNumberDetails()'><b>shouldNotAllowFileUpdateWithoutTrackingNumberDetails</b><br>Test class: com.uiFramework.Genesis.regression.web.UpdateTrackingTest</td>
<td></td>
<td>9</td>
<td>com.uiFramework.Genesis.regression.web.UpdateTrackingTest@a1f72f5</td></tr>
<tr>
<td title='com.uiFramework.Genesis.regression.web.UpdateTrackingTest.shouldValidateMultipleRequestData()'><b>shouldValidateMultipleRequestData</b><br>Test class: com.uiFramework.Genesis.regression.web.UpdateTrackingTest</td>
<td></td>
<td>2</td>
<td>com.uiFramework.Genesis.regression.web.UpdateTrackingTest@a1f72f5</td></tr>
<tr>
<td title='com.uiFramework.Genesis.regression.web.OutboundTruckTest.shouldAllowEditingLTL3rdPartyAndCostEstimate()'><b>shouldAllowEditingLTL3rdPartyAndCostEstimate</b><br>Test class: com.uiFramework.Genesis.regression.web.OutboundTruckTest</td>
<td></td>
<td>0</td>
<td>com.uiFramework.Genesis.regression.web.OutboundTruckTest@19976a65</td></tr>
<tr>
<td title='com.uiFramework.Genesis.regression.web.OutboundPalletTest.shouldDisplayPalletStatusInListingAfterObtPalletCreation()'><b>shouldDisplayPalletStatusInListingAfterObtPalletCreation</b><br>Test class: com.uiFramework.Genesis.regression.web.OutboundPalletTest</td>
<td></td>
<td>0</td>
<td>com.uiFramework.Genesis.regression.web.OutboundPalletTest@2f666ebb</td></tr>
<tr>
<td title='com.uiFramework.Genesis.regression.web.OrderTest.shouldValidateTotalPiecesAndWeightOnListingPage()'><b>shouldValidateTotalPiecesAndWeightOnListingPage</b><br>Test class: com.uiFramework.Genesis.regression.web.OrderTest</td>
<td></td>
<td>0</td>
<td>com.uiFramework.Genesis.regression.web.OrderTest@2c78324b</td></tr>
<tr>
<td title='com.uiFramework.Genesis.regression.web.InboundTruckTest.shouldVerifyTruckStatusAfterTruckCreation()'><b>shouldVerifyTruckStatusAfterTruckCreation</b><br>Test class: com.uiFramework.Genesis.regression.web.InboundTruckTest</td>
<td></td>
<td>0</td>
<td>com.uiFramework.Genesis.regression.web.InboundTruckTest@471a9022</td></tr>
<tr>
<td title='com.uiFramework.Genesis.regression.web.OrderTest.shouldValidateFullAddressDetails()'><b>shouldValidateFullAddressDetails</b><br>Test class: com.uiFramework.Genesis.regression.web.OrderTest</td>
<td></td>
<td>0</td>
<td>com.uiFramework.Genesis.regression.web.OrderTest@2c78324b</td></tr>
<tr>
<td title='com.uiFramework.Genesis.regression.web.InboundQATest.ValidateFilterOnQAListing()'><b>ValidateFilterOnQAListing</b><br>Test class: com.uiFramework.Genesis.regression.web.InboundQATest</td>
<td></td>
<td>57</td>
<td>com.uiFramework.Genesis.regression.web.InboundQATest@dc9876b</td></tr>
<tr>
<td title='com.uiFramework.Genesis.regression.web.InboundPalletTest.shouldCreateMultiplePallet()'><b>shouldCreateMultiplePallet</b><br>Test class: com.uiFramework.Genesis.regression.web.InboundPalletTest</td>
<td></td>
<td>18</td>
<td>com.uiFramework.Genesis.regression.web.InboundPalletTest@456d6c1e</td></tr>
<tr>
<td title='com.uiFramework.Genesis.regression.web.DocQueueTest.shouldDisplayReconsignmentRequestsOnReconsignmentCheckbox()'><b>shouldDisplayReconsignmentRequestsOnReconsignmentCheckbox</b><br>Test class: com.uiFramework.Genesis.regression.web.DocQueueTest</td>
<td></td>
<td>13</td>
<td>com.uiFramework.Genesis.regression.web.DocQueueTest@4b2c5e02</td></tr>
<tr>
<td title='com.uiFramework.Genesis.regression.web.InboundTruckTest.shouldMatchCreatedTruckDetails()'><b>shouldMatchCreatedTruckDetails</b><br>Test class: com.uiFramework.Genesis.regression.web.InboundTruckTest</td>
<td></td>
<td>23</td>
<td>com.uiFramework.Genesis.regression.web.InboundTruckTest@471a9022</td></tr>
<tr>
<td title='com.uiFramework.Genesis.regression.web.OutboundPalletTest.shouldDisplaySelectedWarehouseOrderInGrid()'><b>shouldDisplaySelectedWarehouseOrderInGrid</b><br>Test class: com.uiFramework.Genesis.regression.web.OutboundPalletTest</td>
<td></td>
<td>9</td>
<td>com.uiFramework.Genesis.regression.web.OutboundPalletTest@2f666ebb</td></tr>
<tr>
<td title='com.uiFramework.Genesis.regression.web.InboundTruckTest.shouldCreateEmptyInboundTruck()'><b>shouldCreateEmptyInboundTruck</b><br>Test class: com.uiFramework.Genesis.regression.web.InboundTruckTest</td>
<td></td>
<td>24</td>
<td>com.uiFramework.Genesis.regression.web.InboundTruckTest@471a9022</td></tr>
<tr>
<td title='com.uiFramework.Genesis.regression.web.OutboundQATest.shouldValidateLitOrderPiecesWhenMarkSameQtyButtonClicked()'><b>shouldValidateLitOrderPiecesWhenMarkSameQtyButtonClicked</b><br>Test class: com.uiFramework.Genesis.regression.web.OutboundQATest</td>
<td></td>
<td>0</td>
<td>com.uiFramework.Genesis.regression.web.OutboundQATest@57a3e26a</td></tr>
<tr>
<td title='com.uiFramework.Genesis.regression.web.OrderTest.shouldCalculateRatedWeightAndLitWeightCorrectly()'><b>shouldCalculateRatedWeightAndLitWeightCorrectly</b><br>Test class: com.uiFramework.Genesis.regression.web.OrderTest</td>
<td></td>
<td>3</td>
<td>com.uiFramework.Genesis.regression.web.OrderTest@2c78324b</td></tr>
<tr>
<td title='com.uiFramework.Genesis.regression.web.InboundQATest.verifyMandatoryPiecesOnSaveBtn()'><b>verifyMandatoryPiecesOnSaveBtn</b><br>Test class: com.uiFramework.Genesis.regression.web.InboundQATest</td>
<td></td>
<td>3</td>
<td>com.uiFramework.Genesis.regression.web.InboundQATest@dc9876b</td></tr>
<tr>
<td title='com.uiFramework.Genesis.regression.web.DocQueueTest.shouldDisplayCloseoutRequestsOnCloseoutCheckbox()'><b>shouldDisplayCloseoutRequestsOnCloseoutCheckbox</b><br>Test class: com.uiFramework.Genesis.regression.web.DocQueueTest</td>
<td></td>
<td>13</td>
<td>com.uiFramework.Genesis.regression.web.DocQueueTest@4b2c5e02</td></tr>
<tr>
<td title='com.uiFramework.Genesis.regression.web.OutboundTruckTest.shouldApplyColumnFilterForOutboundTruck()'><b>shouldApplyColumnFilterForOutboundTruck</b><br>Test class: com.uiFramework.Genesis.regression.web.OutboundTruckTest</td>
<td></td>
<td>29</td>
<td>com.uiFramework.Genesis.regression.web.OutboundTruckTest@19976a65</td></tr>
<tr>
<td title='com.uiFramework.Genesis.regression.web.OutboundQATest.shouldAllowUserToOpenCompletedQA()'><b>shouldAllowUserToOpenCompletedQA</b><br>Test class: com.uiFramework.Genesis.regression.web.OutboundQATest</td>
<td></td>
<td>17</td>
<td>com.uiFramework.Genesis.regression.web.OutboundQATest@57a3e26a</td></tr>
<tr>
<td title='com.uiFramework.Genesis.regression.web.UpdateTrackingTest.shouldRecErrMsgIfReqTrkNoSelButETAIsNotEnter()'><b>shouldRecErrMsgIfReqTrkNoSelButETAIsNotEnter</b><br>Test class: com.uiFramework.Genesis.regression.web.UpdateTrackingTest</td>
<td></td>
<td>5</td>
<td>com.uiFramework.Genesis.regression.web.UpdateTrackingTest@a1f72f5</td></tr>
<tr>
<td title='com.uiFramework.Genesis.regression.web.OutboundPalletTest.shouldAllowEditPalletWithAutoDeletedPallet()'><b>shouldAllowEditPalletWithAutoDeletedPallet</b><br>Test class: com.uiFramework.Genesis.regression.web.OutboundPalletTest</td>
<td></td>
<td>19</td>
<td>com.uiFramework.Genesis.regression.web.OutboundPalletTest@2f666ebb</td></tr>
<tr>
<td title='com.uiFramework.Genesis.regression.web.OutboundTruckTest.shouldRemovedPalletAvailableToAddInOuboundCreateTruck()'><b>shouldRemovedPalletAvailableToAddInOuboundCreateTruck</b><br>Test class: com.uiFramework.Genesis.regression.web.OutboundTruckTest</td>
<td></td>
<td>27</td>
<td>com.uiFramework.Genesis.regression.web.OutboundTruckTest@19976a65</td></tr>
<tr>
<td title='com.uiFramework.Genesis.regression.web.OrderTest.shouldSaveCarrierAccessorialAfterDeleteAndValidateCommentValidation()'><b>shouldSaveCarrierAccessorialAfterDeleteAndValidateCommentValidation</b><br>Test class: com.uiFramework.Genesis.regression.web.OrderTest</td>
<td></td>
<td>6</td>
<td>com.uiFramework.Genesis.regression.web.OrderTest@2c78324b</td></tr>
<tr>
<td title='com.uiFramework.Genesis.regression.web.OutboundTruckTest.shouldNotAllowMultiDropLocationForNonUPS()'><b>shouldNotAllowMultiDropLocationForNonUPS</b><br>Test class: com.uiFramework.Genesis.regression.web.OutboundTruckTest</td>
<td></td>
<td>2</td>
<td>com.uiFramework.Genesis.regression.web.OutboundTruckTest@19976a65</td></tr>
<tr>
<td title='com.uiFramework.Genesis.regression.web.InboundTruckTest.shouldVerifyEmptyTruckQtyAndStatus()'><b>shouldVerifyEmptyTruckQtyAndStatus</b><br>Test class: com.uiFramework.Genesis.regression.web.InboundTruckTest</td>
<td></td>
<td>0</td>
<td>com.uiFramework.Genesis.regression.web.InboundTruckTest@471a9022</td></tr>
<tr>
<td title='com.uiFramework.Genesis.regression.web.OutboundQATest.shouldAcceptManifestForMainOrder()'><b>shouldAcceptManifestForMainOrder</b><br>Test class: com.uiFramework.Genesis.regression.web.OutboundQATest</td>
<td></td>
<td>26</td>
<td>com.uiFramework.Genesis.regression.web.OutboundQATest@57a3e26a</td></tr>
<tr>
<td title='com.uiFramework.Genesis.regression.web.OutboundPalletTest.shouldCreateOutboundPalletSuccessfully()'><b>shouldCreateOutboundPalletSuccessfully</b><br>Test class: com.uiFramework.Genesis.regression.web.OutboundPalletTest</td>
<td></td>
<td>9</td>
<td>com.uiFramework.Genesis.regression.web.OutboundPalletTest@2f666ebb</td></tr>
<tr>
<td title='com.uiFramework.Genesis.regression.web.ConsigneeQATest.shouldNotAllowEnteringExtraReceivedOrderPieces()'><b>shouldNotAllowEnteringExtraReceivedOrderPieces</b><br>Test class: com.uiFramework.Genesis.regression.web.ConsigneeQATest</td>
<td></td>
<td>0</td>
<td>com.uiFramework.Genesis.regression.web.ConsigneeQATest@75c56eb9</td></tr>
<tr>
<td title='com.uiFramework.Genesis.regression.web.OrderTest.shouldValidateLocalCarrierTextAndQAStatusAndPODUnset()'><b>shouldValidateLocalCarrierTextAndQAStatusAndPODUnset</b><br>Test class: com.uiFramework.Genesis.regression.web.OrderTest</td>
<td></td>
<td>0</td>
<td>com.uiFramework.Genesis.regression.web.OrderTest@2c78324b</td></tr>
<tr>
<td title='com.uiFramework.Genesis.regression.web.UpdateTrackingTest.shouldNotAllowUpdateWithoutRequiredDetails()'><b>shouldNotAllowUpdateWithoutRequiredDetails</b><br>Test class: com.uiFramework.Genesis.regression.web.UpdateTrackingTest</td>
<td></td>
<td>6</td>
<td>com.uiFramework.Genesis.regression.web.UpdateTrackingTest@a1f72f5</td></tr>
<tr>
<td title='com.uiFramework.Genesis.regression.web.OutboundQATest.shouldUpdateOrderStatusAfterPartialOutboundQADone()'><b>shouldUpdateOrderStatusAfterPartialOutboundQADone</b><br>Test class: com.uiFramework.Genesis.regression.web.OutboundQATest</td>
<td></td>
<td>7</td>
<td>com.uiFramework.Genesis.regression.web.OutboundQATest@57a3e26a</td></tr>
<tr>
<td title='com.uiFramework.Genesis.regression.web.OutboundPalletTest.verifyCreatedOrderIsAvailableInPallet()'><b>verifyCreatedOrderIsAvailableInPallet</b><br>Test class: com.uiFramework.Genesis.regression.web.OutboundPalletTest</td>
<td></td>
<td>7</td>
<td>com.uiFramework.Genesis.regression.web.OutboundPalletTest@2f666ebb</td></tr>
<tr>
<td title='com.uiFramework.Genesis.regression.web.OutboundQATest.shouldNotAllowEnteringExtraReceivedOrderPieces()'><b>shouldNotAllowEnteringExtraReceivedOrderPieces</b><br>Test class: com.uiFramework.Genesis.regression.web.OutboundQATest</td>
<td></td>
<td>30</td>
<td>com.uiFramework.Genesis.regression.web.OutboundQATest@57a3e26a</td></tr>
<tr>
<td title='com.uiFramework.Genesis.regression.web.InboundQATest.validateInboundQAscreen()'><b>validateInboundQAscreen</b><br>Test class: com.uiFramework.Genesis.regression.web.InboundQATest</td>
<td></td>
<td>62</td>
<td>com.uiFramework.Genesis.regression.web.InboundQATest@dc9876b</td></tr>
<tr>
<td title='com.uiFramework.Genesis.regression.web.OutboundTruckTest.shouldVerifyOrderProcessDuringOutboundTruckEdit()'><b>shouldVerifyOrderProcessDuringOutboundTruckEdit</b><br>Test class: com.uiFramework.Genesis.regression.web.OutboundTruckTest</td>
<td></td>
<td>23</td>
<td>com.uiFramework.Genesis.regression.web.OutboundTruckTest@19976a65</td></tr>
<tr>
<td title='com.uiFramework.Genesis.regression.web.OrderTest.shouldCheckColumnFilter()'><b>shouldCheckColumnFilter</b><br>Test class: com.uiFramework.Genesis.regression.web.OrderTest</td>
<td></td>
<td>89</td>
<td>com.uiFramework.Genesis.regression.web.OrderTest@2c78324b</td></tr>
<tr>
<td title='com.uiFramework.Genesis.regression.web.InboundTruckTest.shouldCreateBulkInboundTruck()'><b>shouldCreateBulkInboundTruck</b><br>Test class: com.uiFramework.Genesis.regression.web.InboundTruckTest</td>
<td></td>
<td>5</td>
<td>com.uiFramework.Genesis.regression.web.InboundTruckTest@471a9022</td></tr>
<tr>
<td title='com.uiFramework.Genesis.regression.web.DocQueueTest.shouldCreateDocumentsForMainOrder()'><b>shouldCreateDocumentsForMainOrder</b><br>Test class: com.uiFramework.Genesis.regression.web.DocQueueTest</td>
<td></td>
<td>13</td>
<td>com.uiFramework.Genesis.regression.web.DocQueueTest@4b2c5e02</td></tr>
<tr>
<td title='com.uiFramework.Genesis.regression.web.OutboundQATest.shouldNotAllowEnteringExtraLiteratureOrderPieces()'><b>shouldNotAllowEnteringExtraLiteratureOrderPieces</b><br>Test class: com.uiFramework.Genesis.regression.web.OutboundQATest</td>
<td></td>
<td>5</td>
<td>com.uiFramework.Genesis.regression.web.OutboundQATest@57a3e26a</td></tr>
<tr>
<td title='com.uiFramework.Genesis.regression.web.InboundQATest.verifyPalletAvailable()'><b>verifyPalletAvailable</b><br>Test class: com.uiFramework.Genesis.regression.web.InboundQATest</td>
<td></td>
<td>5</td>
<td>com.uiFramework.Genesis.regression.web.InboundQATest@dc9876b</td></tr>
<tr>
<td title='com.uiFramework.Genesis.regression.web.InboundTruckTest.shouldAddPalletInEditModeWithCalculations()'><b>shouldAddPalletInEditModeWithCalculations</b><br>Test class: com.uiFramework.Genesis.regression.web.InboundTruckTest</td>
<td></td>
<td>13</td>
<td>com.uiFramework.Genesis.regression.web.InboundTruckTest@471a9022</td></tr>
<tr>
<td title='com.uiFramework.Genesis.regression.web.InboundPalletTest.shouldNotMergeInboundPalletWithDifferentPickup()'><b>shouldNotMergeInboundPalletWithDifferentPickup</b><br>Test class: com.uiFramework.Genesis.regression.web.InboundPalletTest</td>
<td></td>
<td>21</td>
<td>com.uiFramework.Genesis.regression.web.InboundPalletTest@456d6c1e</td></tr>
<tr>
<td title='com.uiFramework.Genesis.regression.web.InboundPalletTest.shouldAutoDeletePalletAndAllowOrderToBeAdded()'><b>shouldAutoDeletePalletAndAllowOrderToBeAdded</b><br>Test class: com.uiFramework.Genesis.regression.web.InboundPalletTest</td>
<td></td>
<td>17</td>
<td>com.uiFramework.Genesis.regression.web.InboundPalletTest@456d6c1e</td></tr>
<tr>
<td title='com.uiFramework.Genesis.regression.web.OrderTest.shouldSaveCommentAfterDelete()'><b>shouldSaveCommentAfterDelete</b><br>Test class: com.uiFramework.Genesis.regression.web.OrderTest</td>
<td></td>
<td>12</td>
<td>com.uiFramework.Genesis.regression.web.OrderTest@2c78324b</td></tr>
<tr>
<td title='com.uiFramework.Genesis.regression.web.InboundTruckTest.shouldApplyColumnFilterCorrectlyOnInboundTruckCreate()'><b>shouldApplyColumnFilterCorrectlyOnInboundTruckCreate</b><br>Test class: com.uiFramework.Genesis.regression.web.InboundTruckTest</td>
<td></td>
<td>39</td>
<td>com.uiFramework.Genesis.regression.web.InboundTruckTest@471a9022</td></tr>
<tr>
<td title='com.uiFramework.Genesis.regression.web.DocQueueTest.shouldCreateDifferentLBOLsForDifferentConsignees()'><b>shouldCreateDifferentLBOLsForDifferentConsignees</b><br>Test class: com.uiFramework.Genesis.regression.web.DocQueueTest</td>
<td></td>
<td>17</td>
<td>com.uiFramework.Genesis.regression.web.DocQueueTest@4b2c5e02</td></tr>
<tr>
<td title='com.uiFramework.Genesis.regression.web.InboundQATest.checkQAStatusFailedforInbound()'><b>checkQAStatusFailedforInbound</b><br>Test class: com.uiFramework.Genesis.regression.web.InboundQATest</td>
<td></td>
<td>0</td>
<td>com.uiFramework.Genesis.regression.web.InboundQATest@dc9876b</td></tr>
<tr>
<td title='com.uiFramework.Genesis.regression.web.OutboundTruckTest.shouldDisplayDefaultCostEstimateAndOrderProcess()'><b>shouldDisplayDefaultCostEstimateAndOrderProcess</b><br>Test class: com.uiFramework.Genesis.regression.web.OutboundTruckTest</td>
<td></td>
<td>34</td>
<td>com.uiFramework.Genesis.regression.web.OutboundTruckTest@19976a65</td></tr>
<tr>
<td title='com.uiFramework.Genesis.regression.web.OutboundTruckTest.shouldCreateEmptyOutboundTruck()'><b>shouldCreateEmptyOutboundTruck</b><br>Test class: com.uiFramework.Genesis.regression.web.OutboundTruckTest</td>
<td></td>
<td>24</td>
<td>com.uiFramework.Genesis.regression.web.OutboundTruckTest@19976a65</td></tr>
<tr>
<td title='com.uiFramework.Genesis.regression.web.OrderTest.shouldShowToastWhenConfirmingWithoutWeightOrPieces()'><b>shouldShowToastWhenConfirmingWithoutWeightOrPieces</b><br>Test class: com.uiFramework.Genesis.regression.web.OrderTest</td>
<td></td>
<td>6</td>
<td>com.uiFramework.Genesis.regression.web.OrderTest@2c78324b</td></tr>
<tr>
<td title='com.uiFramework.Genesis.regression.web.InboundTruckTest.shouldNotAllowEditPalletIfQADone()'><b>shouldNotAllowEditPalletIfQADone</b><br>Test class: com.uiFramework.Genesis.regression.web.InboundTruckTest</td>
<td></td>
<td>7</td>
<td>com.uiFramework.Genesis.regression.web.InboundTruckTest@471a9022</td></tr>
<tr>
<td title='com.uiFramework.Genesis.regression.web.OutboundTruckTest.shouldUpdateTruckStatusAfterTruckCreation()'><b>shouldUpdateTruckStatusAfterTruckCreation</b><br>Test class: com.uiFramework.Genesis.regression.web.OutboundTruckTest</td>
<td></td>
<td>0</td>
<td>com.uiFramework.Genesis.regression.web.OutboundTruckTest@19976a65</td></tr>
<tr>
<td title='com.uiFramework.Genesis.regression.web.DocQueueTest.shouldPersistColumnFilterOnSplitPOD()'><b>shouldPersistColumnFilterOnSplitPOD</b><br>Test class: com.uiFramework.Genesis.regression.web.DocQueueTest</td>
<td></td>
<td>8</td>
<td>com.uiFramework.Genesis.regression.web.DocQueueTest@4b2c5e02</td></tr>
<tr>
<td title='com.uiFramework.Genesis.regression.web.OutboundPalletTest.shouldCreatePalletAndMaintainCheckboxSelectionAcrossPagination()'><b>shouldCreatePalletAndMaintainCheckboxSelectionAcrossPagination</b><br>Test class: com.uiFramework.Genesis.regression.web.OutboundPalletTest</td>
<td></td>
<td>25</td>
<td>com.uiFramework.Genesis.regression.web.OutboundPalletTest@2f666ebb</td></tr>
<tr>
<td title='com.uiFramework.Genesis.regression.web.OrderTest.shouldVerifyDraftOrderStatusAfterSave()'><b>shouldVerifyDraftOrderStatusAfterSave</b><br>Test class: com.uiFramework.Genesis.regression.web.OrderTest</td>
<td></td>
<td>5</td>
<td>com.uiFramework.Genesis.regression.web.OrderTest@2c78324b</td></tr>
<tr>
<td title='com.uiFramework.Genesis.regression.web.InboundPalletTest.shouldApplyColumnFiltersOnCreateInboundPallet()'><b>shouldApplyColumnFiltersOnCreateInboundPallet</b><br>Test class: com.uiFramework.Genesis.regression.web.InboundPalletTest</td>
<td></td>
<td>51</td>
<td>com.uiFramework.Genesis.regression.web.InboundPalletTest@456d6c1e</td></tr>
<tr>
<td title='com.uiFramework.Genesis.regression.web.InboundTruckTest.shouldApplyColumnFilterCorrectlyOnInboundTruck()'><b>shouldApplyColumnFilterCorrectlyOnInboundTruck</b><br>Test class: com.uiFramework.Genesis.regression.web.InboundTruckTest</td>
<td></td>
<td>33</td>
<td>com.uiFramework.Genesis.regression.web.InboundTruckTest@471a9022</td></tr>
<tr>
<td title='com.uiFramework.Genesis.regression.web.InboundTruckTest.shouldUpdateTruckStatusOnMarkAsArrived()'><b>shouldUpdateTruckStatusOnMarkAsArrived</b><br>Test class: com.uiFramework.Genesis.regression.web.InboundTruckTest</td>
<td></td>
<td>11</td>
<td>com.uiFramework.Genesis.regression.web.InboundTruckTest@471a9022</td></tr>
<tr>
<td title='com.uiFramework.Genesis.regression.web.OutboundTruckTest.shouldVerifyCostEstimateOnEditingOutboundTruck()'><b>shouldVerifyCostEstimateOnEditingOutboundTruck</b><br>Test class: com.uiFramework.Genesis.regression.web.OutboundTruckTest</td>
<td></td>
<td>18</td>
<td>com.uiFramework.Genesis.regression.web.OutboundTruckTest@19976a65</td></tr>
<tr>
<td title='com.uiFramework.Genesis.regression.web.OrderTest.shouldValidateOrderStatusCountOnLabelBadges()'><b>shouldValidateOrderStatusCountOnLabelBadges</b><br>Test class: com.uiFramework.Genesis.regression.web.OrderTest</td>
<td></td>
<td>74</td>
<td>com.uiFramework.Genesis.regression.web.OrderTest@2c78324b</td></tr>
<tr>
<td title='com.uiFramework.Genesis.regression.web.OutboundQATest.shouldDisplayEditableFieldsForTrackingUpdatedRequest()'><b>shouldDisplayEditableFieldsForTrackingUpdatedRequest</b><br>Test class: com.uiFramework.Genesis.regression.web.OutboundQATest</td>
<td></td>
<td>53</td>
<td>com.uiFramework.Genesis.regression.web.OutboundQATest@57a3e26a</td></tr>
<tr>
<td title='com.uiFramework.Genesis.regression.web.OrderTest.shouldDeleteOrderSuccessfullyWhenInDraftStatusInDraft()'><b>shouldDeleteOrderSuccessfullyWhenInDraftStatusInDraft</b><br>Test class: com.uiFramework.Genesis.regression.web.OrderTest</td>
<td></td>
<td>18</td>
<td>com.uiFramework.Genesis.regression.web.OrderTest@2c78324b</td></tr>
<tr>
<td title='com.uiFramework.Genesis.regression.web.ConsigneeQATest.shouldAllowUserToOpenDraftRequest()'><b>shouldAllowUserToOpenDraftRequest</b><br>Test class: com.uiFramework.Genesis.regression.web.ConsigneeQATest</td>
<td></td>
<td>16</td>
<td>com.uiFramework.Genesis.regression.web.ConsigneeQATest@75c56eb9</td></tr>
<tr>
<td title='com.uiFramework.Genesis.regression.web.OutboundTruckTest.shouldNotAllowPalletEditingOnceArrived()'><b>shouldNotAllowPalletEditingOnceArrived</b><br>Test class: com.uiFramework.Genesis.regression.web.OutboundTruckTest</td>
<td></td>
<td>7</td>
<td>com.uiFramework.Genesis.regression.web.OutboundTruckTest@19976a65</td></tr>
<tr>
<td title='com.uiFramework.Genesis.regression.web.InboundTruckTest.shouldNotDeleteTruckIfQADone()'><b>shouldNotDeleteTruckIfQADone</b><br>Test class: com.uiFramework.Genesis.regression.web.InboundTruckTest</td>
<td></td>
<td>7</td>
<td>com.uiFramework.Genesis.regression.web.InboundTruckTest@471a9022</td></tr>
<tr>
<td title='com.uiFramework.Genesis.regression.web.OutboundQATest.shouldUpdateOrderStatusAfterSchedDellivery()'><b>shouldUpdateOrderStatusAfterSchedDellivery</b><br>Test class: com.uiFramework.Genesis.regression.web.OutboundQATest</td>
<td></td>
<td>14</td>
<td>com.uiFramework.Genesis.regression.web.OutboundQATest@57a3e26a</td></tr>
<tr>
<td title='com.uiFramework.Genesis.regression.web.InboundPalletTest.shouldNotAllowPalletEditingIfQADone()'><b>shouldNotAllowPalletEditingIfQADone</b><br>Test class: com.uiFramework.Genesis.regression.web.InboundPalletTest</td>
<td></td>
<td>5</td>
<td>com.uiFramework.Genesis.regression.web.InboundPalletTest@456d6c1e</td></tr>
<tr>
<td title='com.uiFramework.Genesis.regression.web.OutboundQATest.shouldCheckMandateMsgIfOrderNotSelected()'><b>shouldCheckMandateMsgIfOrderNotSelected</b><br>Test class: com.uiFramework.Genesis.regression.web.OutboundQATest</td>
<td></td>
<td>7</td>
<td>com.uiFramework.Genesis.regression.web.OutboundQATest@57a3e26a</td></tr>
<tr>
<td title='com.uiFramework.Genesis.regression.web.ConsigneeQATest.shouldDisplayEditableFieldsForTrackingUpdatedRequest()'><b>shouldDisplayEditableFieldsForTrackingUpdatedRequest</b><br>Test class: com.uiFramework.Genesis.regression.web.ConsigneeQATest</td>
<td></td>
<td>5</td>
<td>com.uiFramework.Genesis.regression.web.ConsigneeQATest@75c56eb9</td></tr>
<tr>
<td title='com.uiFramework.Genesis.regression.web.OrderTest.shouldGenerateBarcodeAfterOrderConfirmation()'><b>shouldGenerateBarcodeAfterOrderConfirmation</b><br>Test class: com.uiFramework.Genesis.regression.web.OrderTest</td>
<td></td>
<td>17</td>
<td>com.uiFramework.Genesis.regression.web.OrderTest@2c78324b</td></tr>
<tr>
<td title='com.uiFramework.Genesis.regression.web.OrderTest.shouldUploadFileAndShowSuccessToast()'><b>shouldUploadFileAndShowSuccessToast</b><br>Test class: com.uiFramework.Genesis.regression.web.OrderTest</td>
<td></td>
<td>2</td>
<td>com.uiFramework.Genesis.regression.web.OrderTest@2c78324b</td></tr>
<tr>
<td title='com.uiFramework.Genesis.regression.web.InboundTruckTest.shouldCheckOrderProcessShowcorrect()'><b>shouldCheckOrderProcessShowcorrect</b><br>Test class: com.uiFramework.Genesis.regression.web.InboundTruckTest</td>
<td></td>
<td>3</td>
<td>com.uiFramework.Genesis.regression.web.InboundTruckTest@471a9022</td></tr>
<tr>
<td title='com.uiFramework.Genesis.regression.web.InboundTruckTest.shouldNotAllowAddingPalletToCreateTruck()'><b>shouldNotAllowAddingPalletToCreateTruck</b><br>Test class: com.uiFramework.Genesis.regression.web.InboundTruckTest</td>
<td></td>
<td>17</td>
<td>com.uiFramework.Genesis.regression.web.InboundTruckTest@471a9022</td></tr>
<tr>
<td title='com.uiFramework.Genesis.regression.web.DocQueueTest.shouldCreateDifferentOrderProcessesForDifferentLDAs()'><b>shouldCreateDifferentOrderProcessesForDifferentLDAs</b><br>Test class: com.uiFramework.Genesis.regression.web.DocQueueTest</td>
<td></td>
<td>10</td>
<td>com.uiFramework.Genesis.regression.web.DocQueueTest@4b2c5e02</td></tr>
<tr>
<td title='com.uiFramework.Genesis.regression.web.OrderTest.shouldShowErrorMessagesForMandatoryFields()'><b>shouldShowErrorMessagesForMandatoryFields</b><br>Test class: com.uiFramework.Genesis.regression.web.OrderTest</td>
<td></td>
<td>1</td>
<td>com.uiFramework.Genesis.regression.web.OrderTest@2c78324b</td></tr>
<tr>
<td title='com.uiFramework.Genesis.regression.web.OutboundTruckTest.shouldAllowEditingDropLocationDetailsInNonUPSCase()'><b>shouldAllowEditingDropLocationDetailsInNonUPSCase</b><br>Test class: com.uiFramework.Genesis.regression.web.OutboundTruckTest</td>
<td></td>
<td>12</td>
<td>com.uiFramework.Genesis.regression.web.OutboundTruckTest@19976a65</td></tr>
<tr>
<td title='com.uiFramework.Genesis.regression.web.DocQueueTest.shouldCheckColumnFilterOnSplitPOD()'><b>shouldCheckColumnFilterOnSplitPOD</b><br>Test class: com.uiFramework.Genesis.regression.web.DocQueueTest</td>
<td></td>
<td>26</td>
<td>com.uiFramework.Genesis.regression.web.DocQueueTest@4b2c5e02</td></tr>
<tr>
<td title='com.uiFramework.Genesis.regression.web.InboundTruckTest.shouldRemovePalletFromTruckAndUpdateWeightAndEmptyStatus()'><b>shouldRemovePalletFromTruckAndUpdateWeightAndEmptyStatus</b><br>Test class: com.uiFramework.Genesis.regression.web.InboundTruckTest</td>
<td></td>
<td>13</td>
<td>com.uiFramework.Genesis.regression.web.InboundTruckTest@471a9022</td></tr>
<tr>
<td title='com.uiFramework.Genesis.regression.web.OutboundQATest.shouldAllowUserToPartialOutboundQA()'><b>shouldAllowUserToPartialOutboundQA</b><br>Test class: com.uiFramework.Genesis.regression.web.OutboundQATest</td>
<td></td>
<td>11</td>
<td>com.uiFramework.Genesis.regression.web.OutboundQATest@57a3e26a</td></tr>
<tr>
<td title='com.uiFramework.Genesis.regression.web.OutboundQATest.shouldValidateReceivedOrderPiecesWhenMarkSameQtyButtonClicked()'><b>shouldValidateReceivedOrderPiecesWhenMarkSameQtyButtonClicked</b><br>Test class: com.uiFramework.Genesis.regression.web.OutboundQATest</td>
<td></td>
<td>1</td>
<td>com.uiFramework.Genesis.regression.web.OutboundQATest@57a3e26a</td></tr>
<tr>
<td title='com.uiFramework.Genesis.regression.web.OutboundPalletTest.verifyAutoDeletedPalletNotVisibleAndOrderIsAvailableToAdd()'><b>verifyAutoDeletedPalletNotVisibleAndOrderIsAvailableToAdd</b><br>Test class: com.uiFramework.Genesis.regression.web.OutboundPalletTest</td>
<td></td>
<td>18</td>
<td>com.uiFramework.Genesis.regression.web.OutboundPalletTest@2f666ebb</td></tr>
<tr>
<td title='com.uiFramework.Genesis.regression.web.OrderTest.shouldSaveTypeAndsubjectReqOnComment()'><b>shouldSaveTypeAndsubjectReqOnComment</b><br>Test class: com.uiFramework.Genesis.regression.web.OrderTest</td>
<td></td>
<td>2</td>
<td>com.uiFramework.Genesis.regression.web.OrderTest@2c78324b</td></tr>
<tr>
<td title='com.uiFramework.Genesis.regression.web.InboundPalletTest.shouldVerifyPalletQuantityAndStatusForInboundPallet()'><b>shouldVerifyPalletQuantityAndStatusForInboundPallet</b><br>Test class: com.uiFramework.Genesis.regression.web.InboundPalletTest</td>
<td></td>
<td>10</td>
<td>com.uiFramework.Genesis.regression.web.InboundPalletTest@456d6c1e</td></tr>
<tr>
<td title='com.uiFramework.Genesis.regression.web.OutboundPalletTest.shouldUpdatePalletStatusAfterPalletCreation()'><b>shouldUpdatePalletStatusAfterPalletCreation</b><br>Test class: com.uiFramework.Genesis.regression.web.OutboundPalletTest</td>
<td></td>
<td>3</td>
<td>com.uiFramework.Genesis.regression.web.OutboundPalletTest@2f666ebb</td></tr>
</table><p>
<table width='100%' border='1' class='invocation-skipped'>
<tr><td colspan='4' align='center'><b>SKIPPED TESTS</b></td></tr>
<tr><td><b>Test method</b></td>
<td><b>Attribute(s)</b></td>
<td width="30%"><b>Exception</b></td>
<td width="10%"><b>Time (seconds)</b></td>
<td><b>Instance</b></td>
</tr>
<tr>
<td title='com.uiFramework.Genesis.regression.web.OutboundTruckTest.shouldNotAllowAddedPalletToCreateOutboundTruck()'><b>shouldNotAllowAddedPalletToCreateOutboundTruck</b><br>Test class: com.uiFramework.Genesis.regression.web.OutboundTruckTest</td>
<td><div><pre>java.lang.Throwable: Method com.uiFramework.Genesis.regression.web.OutboundTruckTest.shouldNotAllowAddedPalletToCreateOutboundTruck() on instance com.uiFramework.Genesis.regression.web.OutboundTruckTest@19976a65 depends on not successfully finished methods 
[com.uiFramework.Genesis.regression.web.OutboundTruckTest.shouldAddPalletInEditModeWithCalculationsAndShouldUpdateStatus() on instance com.uiFramework.Genesis.regression.web.OutboundTruckTest@19976a65]
	at java.base/java.util.ArrayList.forEach(ArrayList.java:1511)
... Removed 18 stack frames</pre></div><a href='#' onClick='toggleBox("stack-trace1903089838", this, "Click to show all stack frames", "Click to hide stack frames")'>Click to show all stack frames</a>
<div class='stack-trace' id='stack-trace1903089838'><pre>java.lang.Throwable: Method com.uiFramework.Genesis.regression.web.OutboundTruckTest.shouldNotAllowAddedPalletToCreateOutboundTruck() on instance com.uiFramework.Genesis.regression.web.OutboundTruckTest@19976a65 depends on not successfully finished methods 
[com.uiFramework.Genesis.regression.web.OutboundTruckTest.shouldAddPalletInEditModeWithCalculationsAndShouldUpdateStatus() on instance com.uiFramework.Genesis.regression.web.OutboundTruckTest@19976a65]
	at org.testng.internal.invokers.TestInvoker.invokeTestMethods(TestInvoker.java:159)
	at org.testng.internal.invokers.TestMethodWorker.invokeTestMethods(TestMethodWorker.java:154)
	at org.testng.internal.invokers.TestMethodWorker.run(TestMethodWorker.java:134)
	at java.base/java.util.ArrayList.forEach(ArrayList.java:1511)
	at org.testng.TestRunner.privateRun(TestRunner.java:739)
	at org.testng.TestRunner.run(TestRunner.java:614)
	at org.testng.SuiteRunner.runTest(SuiteRunner.java:421)
	at org.testng.SuiteRunner.runSequentially(SuiteRunner.java:413)
	at org.testng.SuiteRunner.privateRun(SuiteRunner.java:373)
	at org.testng.SuiteRunner.run(SuiteRunner.java:312)
	at org.testng.SuiteRunnerWorker.runSuite(SuiteRunnerWorker.java:52)
	at org.testng.SuiteRunnerWorker.run(SuiteRunnerWorker.java:95)
	at org.testng.TestNG.runSuitesSequentially(TestNG.java:1274)
	at org.testng.TestNG.runSuitesLocally(TestNG.java:1208)
	at org.testng.TestNG.runSuites(TestNG.java:1112)
	at org.testng.TestNG.run(TestNG.java:1079)
	at org.testng.remote.AbstractRemoteTestNG.run(AbstractRemoteTestNG.java:115)
	at org.testng.remote.RemoteTestNG.initAndRun(RemoteTestNG.java:293)
	at org.testng.remote.RemoteTestNG.main(RemoteTestNG.java:91)
</pre></div></td>
<td>0</td>
<td>com.uiFramework.Genesis.regression.web.OutboundTruckTest@19976a65</td></tr>
<tr>
<td title='com.uiFramework.Genesis.regression.web.DocQueueTest.shouldConfirmDifferentRequestsCreatedForDifferentLDAs()'><b>shouldConfirmDifferentRequestsCreatedForDifferentLDAs</b><br>Test class: com.uiFramework.Genesis.regression.web.DocQueueTest</td>
<td><div><pre>java.lang.Throwable: Method com.uiFramework.Genesis.regression.web.DocQueueTest.shouldConfirmDifferentRequestsCreatedForDifferentLDAs() on instance com.uiFramework.Genesis.regression.web.DocQueueTest@4b2c5e02 depends on not successfully finished methods 
[com.uiFramework.Genesis.regression.web.DocQueueTest.shouldCreateDifferentManifestsForDifferentLDAs() on instance com.uiFramework.Genesis.regression.web.DocQueueTest@4b2c5e02]
	at java.base/java.util.ArrayList.forEach(ArrayList.java:1511)
... Removed 18 stack frames</pre></div><a href='#' onClick='toggleBox("stack-trace1993586675", this, "Click to show all stack frames", "Click to hide stack frames")'>Click to show all stack frames</a>
<div class='stack-trace' id='stack-trace1993586675'><pre>java.lang.Throwable: Method com.uiFramework.Genesis.regression.web.DocQueueTest.shouldConfirmDifferentRequestsCreatedForDifferentLDAs() on instance com.uiFramework.Genesis.regression.web.DocQueueTest@4b2c5e02 depends on not successfully finished methods 
[com.uiFramework.Genesis.regression.web.DocQueueTest.shouldCreateDifferentManifestsForDifferentLDAs() on instance com.uiFramework.Genesis.regression.web.DocQueueTest@4b2c5e02]
	at org.testng.internal.invokers.TestInvoker.invokeTestMethods(TestInvoker.java:159)
	at org.testng.internal.invokers.TestMethodWorker.invokeTestMethods(TestMethodWorker.java:154)
	at org.testng.internal.invokers.TestMethodWorker.run(TestMethodWorker.java:134)
	at java.base/java.util.ArrayList.forEach(ArrayList.java:1511)
	at org.testng.TestRunner.privateRun(TestRunner.java:739)
	at org.testng.TestRunner.run(TestRunner.java:614)
	at org.testng.SuiteRunner.runTest(SuiteRunner.java:421)
	at org.testng.SuiteRunner.runSequentially(SuiteRunner.java:413)
	at org.testng.SuiteRunner.privateRun(SuiteRunner.java:373)
	at org.testng.SuiteRunner.run(SuiteRunner.java:312)
	at org.testng.SuiteRunnerWorker.runSuite(SuiteRunnerWorker.java:52)
	at org.testng.SuiteRunnerWorker.run(SuiteRunnerWorker.java:95)
	at org.testng.TestNG.runSuitesSequentially(TestNG.java:1274)
	at org.testng.TestNG.runSuitesLocally(TestNG.java:1208)
	at org.testng.TestNG.runSuites(TestNG.java:1112)
	at org.testng.TestNG.run(TestNG.java:1079)
	at org.testng.remote.AbstractRemoteTestNG.run(AbstractRemoteTestNG.java:115)
	at org.testng.remote.RemoteTestNG.initAndRun(RemoteTestNG.java:293)
	at org.testng.remote.RemoteTestNG.main(RemoteTestNG.java:91)
</pre></div></td>
<td>0</td>
<td>com.uiFramework.Genesis.regression.web.DocQueueTest@4b2c5e02</td></tr>
<tr>
<td title='com.uiFramework.Genesis.regression.web.DocQueueTest.shouldConfirmSameRequestCreatedForDifferentLDAs()'><b>shouldConfirmSameRequestCreatedForDifferentLDAs</b><br>Test class: com.uiFramework.Genesis.regression.web.DocQueueTest</td>
<td><div><pre>java.lang.Throwable: Method com.uiFramework.Genesis.regression.web.DocQueueTest.shouldConfirmSameRequestCreatedForDifferentLDAs() on instance com.uiFramework.Genesis.regression.web.DocQueueTest@4b2c5e02 depends on not successfully finished methods 
[com.uiFramework.Genesis.regression.web.DocQueueTest.shouldCreateDifferentOrderProcessesForSameLDA() on instance com.uiFramework.Genesis.regression.web.DocQueueTest@4b2c5e02]
	at java.base/java.util.ArrayList.forEach(ArrayList.java:1511)
... Removed 18 stack frames</pre></div><a href='#' onClick='toggleBox("stack-trace188695327", this, "Click to show all stack frames", "Click to hide stack frames")'>Click to show all stack frames</a>
<div class='stack-trace' id='stack-trace188695327'><pre>java.lang.Throwable: Method com.uiFramework.Genesis.regression.web.DocQueueTest.shouldConfirmSameRequestCreatedForDifferentLDAs() on instance com.uiFramework.Genesis.regression.web.DocQueueTest@4b2c5e02 depends on not successfully finished methods 
[com.uiFramework.Genesis.regression.web.DocQueueTest.shouldCreateDifferentOrderProcessesForSameLDA() on instance com.uiFramework.Genesis.regression.web.DocQueueTest@4b2c5e02]
	at org.testng.internal.invokers.TestInvoker.invokeTestMethods(TestInvoker.java:159)
	at org.testng.internal.invokers.TestMethodWorker.invokeTestMethods(TestMethodWorker.java:154)
	at org.testng.internal.invokers.TestMethodWorker.run(TestMethodWorker.java:134)
	at java.base/java.util.ArrayList.forEach(ArrayList.java:1511)
	at org.testng.TestRunner.privateRun(TestRunner.java:739)
	at org.testng.TestRunner.run(TestRunner.java:614)
	at org.testng.SuiteRunner.runTest(SuiteRunner.java:421)
	at org.testng.SuiteRunner.runSequentially(SuiteRunner.java:413)
	at org.testng.SuiteRunner.privateRun(SuiteRunner.java:373)
	at org.testng.SuiteRunner.run(SuiteRunner.java:312)
	at org.testng.SuiteRunnerWorker.runSuite(SuiteRunnerWorker.java:52)
	at org.testng.SuiteRunnerWorker.run(SuiteRunnerWorker.java:95)
	at org.testng.TestNG.runSuitesSequentially(TestNG.java:1274)
	at org.testng.TestNG.runSuitesLocally(TestNG.java:1208)
	at org.testng.TestNG.runSuites(TestNG.java:1112)
	at org.testng.TestNG.run(TestNG.java:1079)
	at org.testng.remote.AbstractRemoteTestNG.run(AbstractRemoteTestNG.java:115)
	at org.testng.remote.RemoteTestNG.initAndRun(RemoteTestNG.java:293)
	at org.testng.remote.RemoteTestNG.main(RemoteTestNG.java:91)
</pre></div></td>
<td>0</td>
<td>com.uiFramework.Genesis.regression.web.DocQueueTest@4b2c5e02</td></tr>
<tr>
<td title='com.uiFramework.Genesis.regression.web.InboundQATest.checkDefaultZeroPopulate()'><b>checkDefaultZeroPopulate</b><br>Test class: com.uiFramework.Genesis.regression.web.InboundQATest</td>
<td><div><pre>org.testng.SkipException: SKIPPED: Literature pieces not zero for index 2
	at com.uiFramework.Genesis.web.pages.InboundQAPage.checkThatlitQtyDefaultZero(InboundQAPage.java:385)
	at com.uiFramework.Genesis.regression.web.InboundQATest.checkDefaultZeroPopulate(InboundQATest.java:101)
	at java.base/java.util.ArrayList.forEach(ArrayList.java:1511)
... Removed 27 stack frames</pre></div><a href='#' onClick='toggleBox("stack-trace24994172", this, "Click to show all stack frames", "Click to hide stack frames")'>Click to show all stack frames</a>
<div class='stack-trace' id='stack-trace24994172'><pre>org.testng.SkipException: SKIPPED: Literature pieces not zero for index 2
	at com.uiFramework.Genesis.web.pages.InboundQAPage.checkThatlitQtyDefaultZero(InboundQAPage.java:385)
	at com.uiFramework.Genesis.regression.web.InboundQATest.checkDefaultZeroPopulate(InboundQATest.java:101)
	at java.base/jdk.internal.reflect.NativeMethodAccessorImpl.invoke0(Native Method)
	at java.base/jdk.internal.reflect.NativeMethodAccessorImpl.invoke(NativeMethodAccessorImpl.java:77)
	at java.base/jdk.internal.reflect.DelegatingMethodAccessorImpl.invoke(DelegatingMethodAccessorImpl.java:43)
	at java.base/java.lang.reflect.Method.invoke(Method.java:568)
	at org.testng.internal.invokers.MethodInvocationHelper.invokeMethod(MethodInvocationHelper.java:141)
	at org.testng.internal.invokers.TestInvoker.invokeMethod(TestInvoker.java:686)
	at org.testng.internal.invokers.TestInvoker.invokeTestMethod(TestInvoker.java:230)
	at org.testng.internal.invokers.MethodRunner.runInSequence(MethodRunner.java:63)
	at org.testng.internal.invokers.TestInvoker$MethodInvocationAgent.invoke(TestInvoker.java:992)
	at org.testng.internal.invokers.TestInvoker.invokeTestMethods(TestInvoker.java:203)
	at org.testng.internal.invokers.TestMethodWorker.invokeTestMethods(TestMethodWorker.java:154)
	at org.testng.internal.invokers.TestMethodWorker.run(TestMethodWorker.java:134)
	at java.base/java.util.ArrayList.forEach(ArrayList.java:1511)
	at org.testng.TestRunner.privateRun(TestRunner.java:739)
	at org.testng.TestRunner.run(TestRunner.java:614)
	at org.testng.SuiteRunner.runTest(SuiteRunner.java:421)
	at org.testng.SuiteRunner.runSequentially(SuiteRunner.java:413)
	at org.testng.SuiteRunner.privateRun(SuiteRunner.java:373)
	at org.testng.SuiteRunner.run(SuiteRunner.java:312)
	at org.testng.SuiteRunnerWorker.runSuite(SuiteRunnerWorker.java:52)
	at org.testng.SuiteRunnerWorker.run(SuiteRunnerWorker.java:95)
	at org.testng.TestNG.runSuitesSequentially(TestNG.java:1274)
	at org.testng.TestNG.runSuitesLocally(TestNG.java:1208)
	at org.testng.TestNG.runSuites(TestNG.java:1112)
	at org.testng.TestNG.run(TestNG.java:1079)
	at org.testng.remote.AbstractRemoteTestNG.run(AbstractRemoteTestNG.java:115)
	at org.testng.remote.RemoteTestNG.initAndRun(RemoteTestNG.java:293)
	at org.testng.remote.RemoteTestNG.main(RemoteTestNG.java:91)
</pre></div></td>
<td>0</td>
<td>com.uiFramework.Genesis.regression.web.InboundQATest@dc9876b</td></tr>
<tr>
<td title='com.uiFramework.Genesis.regression.web.OutboundQATest.shouldPopulateDefaultValueAsZero()'><b>shouldPopulateDefaultValueAsZero</b><br>Test class: com.uiFramework.Genesis.regression.web.OutboundQATest</td>
<td><div><pre>org.testng.SkipException: SKIPPED: Literature pieces not zero for index
	at com.uiFramework.Genesis.web.pages.OutboundQApage.checkThatLitQtyDefaultZero(OutboundQApage.java:287)
	at com.uiFramework.Genesis.regression.web.OutboundQATest.shouldPopulateDefaultValueAsZero(OutboundQATest.java:106)
	at java.base/java.util.ArrayList.forEach(ArrayList.java:1511)
... Removed 27 stack frames</pre></div><a href='#' onClick='toggleBox("stack-trace962717394", this, "Click to show all stack frames", "Click to hide stack frames")'>Click to show all stack frames</a>
<div class='stack-trace' id='stack-trace962717394'><pre>org.testng.SkipException: SKIPPED: Literature pieces not zero for index
	at com.uiFramework.Genesis.web.pages.OutboundQApage.checkThatLitQtyDefaultZero(OutboundQApage.java:287)
	at com.uiFramework.Genesis.regression.web.OutboundQATest.shouldPopulateDefaultValueAsZero(OutboundQATest.java:106)
	at java.base/jdk.internal.reflect.NativeMethodAccessorImpl.invoke0(Native Method)
	at java.base/jdk.internal.reflect.NativeMethodAccessorImpl.invoke(NativeMethodAccessorImpl.java:77)
	at java.base/jdk.internal.reflect.DelegatingMethodAccessorImpl.invoke(DelegatingMethodAccessorImpl.java:43)
	at java.base/java.lang.reflect.Method.invoke(Method.java:568)
	at org.testng.internal.invokers.MethodInvocationHelper.invokeMethod(MethodInvocationHelper.java:141)
	at org.testng.internal.invokers.TestInvoker.invokeMethod(TestInvoker.java:686)
	at org.testng.internal.invokers.TestInvoker.invokeTestMethod(TestInvoker.java:230)
	at org.testng.internal.invokers.MethodRunner.runInSequence(MethodRunner.java:63)
	at org.testng.internal.invokers.TestInvoker$MethodInvocationAgent.invoke(TestInvoker.java:992)
	at org.testng.internal.invokers.TestInvoker.invokeTestMethods(TestInvoker.java:203)
	at org.testng.internal.invokers.TestMethodWorker.invokeTestMethods(TestMethodWorker.java:154)
	at org.testng.internal.invokers.TestMethodWorker.run(TestMethodWorker.java:134)
	at java.base/java.util.ArrayList.forEach(ArrayList.java:1511)
	at org.testng.TestRunner.privateRun(TestRunner.java:739)
	at org.testng.TestRunner.run(TestRunner.java:614)
	at org.testng.SuiteRunner.runTest(SuiteRunner.java:421)
	at org.testng.SuiteRunner.runSequentially(SuiteRunner.java:413)
	at org.testng.SuiteRunner.privateRun(SuiteRunner.java:373)
	at org.testng.SuiteRunner.run(SuiteRunner.java:312)
	at org.testng.SuiteRunnerWorker.runSuite(SuiteRunnerWorker.java:52)
	at org.testng.SuiteRunnerWorker.run(SuiteRunnerWorker.java:95)
	at org.testng.TestNG.runSuitesSequentially(TestNG.java:1274)
	at org.testng.TestNG.runSuitesLocally(TestNG.java:1208)
	at org.testng.TestNG.runSuites(TestNG.java:1112)
	at org.testng.TestNG.run(TestNG.java:1079)
	at org.testng.remote.AbstractRemoteTestNG.run(AbstractRemoteTestNG.java:115)
	at org.testng.remote.RemoteTestNG.initAndRun(RemoteTestNG.java:293)
	at org.testng.remote.RemoteTestNG.main(RemoteTestNG.java:91)
</pre></div></td>
<td>1</td>
<td>com.uiFramework.Genesis.regression.web.OutboundQATest@57a3e26a</td></tr>
<tr>
<td title='com.uiFramework.Genesis.regression.web.OutboundQATest.shouldCheckFisrtOrderShouldBeDisable()'><b>shouldCheckFisrtOrderShouldBeDisable</b><br>Test class: com.uiFramework.Genesis.regression.web.OutboundQATest</td>
<td><div><pre>org.testng.SkipException: Skipping test because multiple order not in Manifest
	at com.uiFramework.Genesis.web.pages.OutboundQApage.checkMulOrderInManifest(OutboundQApage.java:578)
	at com.uiFramework.Genesis.regression.web.OutboundQATest.shouldCheckFisrtOrderShouldBeDisable(OutboundQATest.java:220)
	at java.base/java.util.ArrayList.forEach(ArrayList.java:1511)
... Removed 27 stack frames</pre></div><a href='#' onClick='toggleBox("stack-trace1376718108", this, "Click to show all stack frames", "Click to hide stack frames")'>Click to show all stack frames</a>
<div class='stack-trace' id='stack-trace1376718108'><pre>org.testng.SkipException: Skipping test because multiple order not in Manifest
	at com.uiFramework.Genesis.web.pages.OutboundQApage.checkMulOrderInManifest(OutboundQApage.java:578)
	at com.uiFramework.Genesis.regression.web.OutboundQATest.shouldCheckFisrtOrderShouldBeDisable(OutboundQATest.java:220)
	at java.base/jdk.internal.reflect.NativeMethodAccessorImpl.invoke0(Native Method)
	at java.base/jdk.internal.reflect.NativeMethodAccessorImpl.invoke(NativeMethodAccessorImpl.java:77)
	at java.base/jdk.internal.reflect.DelegatingMethodAccessorImpl.invoke(DelegatingMethodAccessorImpl.java:43)
	at java.base/java.lang.reflect.Method.invoke(Method.java:568)
	at org.testng.internal.invokers.MethodInvocationHelper.invokeMethod(MethodInvocationHelper.java:141)
	at org.testng.internal.invokers.TestInvoker.invokeMethod(TestInvoker.java:686)
	at org.testng.internal.invokers.TestInvoker.invokeTestMethod(TestInvoker.java:230)
	at org.testng.internal.invokers.MethodRunner.runInSequence(MethodRunner.java:63)
	at org.testng.internal.invokers.TestInvoker$MethodInvocationAgent.invoke(TestInvoker.java:992)
	at org.testng.internal.invokers.TestInvoker.invokeTestMethods(TestInvoker.java:203)
	at org.testng.internal.invokers.TestMethodWorker.invokeTestMethods(TestMethodWorker.java:154)
	at org.testng.internal.invokers.TestMethodWorker.run(TestMethodWorker.java:134)
	at java.base/java.util.ArrayList.forEach(ArrayList.java:1511)
	at org.testng.TestRunner.privateRun(TestRunner.java:739)
	at org.testng.TestRunner.run(TestRunner.java:614)
	at org.testng.SuiteRunner.runTest(SuiteRunner.java:421)
	at org.testng.SuiteRunner.runSequentially(SuiteRunner.java:413)
	at org.testng.SuiteRunner.privateRun(SuiteRunner.java:373)
	at org.testng.SuiteRunner.run(SuiteRunner.java:312)
	at org.testng.SuiteRunnerWorker.runSuite(SuiteRunnerWorker.java:52)
	at org.testng.SuiteRunnerWorker.run(SuiteRunnerWorker.java:95)
	at org.testng.TestNG.runSuitesSequentially(TestNG.java:1274)
	at org.testng.TestNG.runSuitesLocally(TestNG.java:1208)
	at org.testng.TestNG.runSuites(TestNG.java:1112)
	at org.testng.TestNG.run(TestNG.java:1079)
	at org.testng.remote.AbstractRemoteTestNG.run(AbstractRemoteTestNG.java:115)
	at org.testng.remote.RemoteTestNG.initAndRun(RemoteTestNG.java:293)
	at org.testng.remote.RemoteTestNG.main(RemoteTestNG.java:91)
</pre></div></td>
<td>4</td>
<td>com.uiFramework.Genesis.regression.web.OutboundQATest@57a3e26a</td></tr>
<tr>
<td title='com.uiFramework.Genesis.regression.web.ConsigneeQATest.shouldAllowUserToUpdatePiecesAfterConsingeeQADone()'><b>shouldAllowUserToUpdatePiecesAfterConsingeeQADone</b><br>Test class: com.uiFramework.Genesis.regression.web.ConsigneeQATest</td>
<td><div><pre>java.lang.Throwable: Method com.uiFramework.Genesis.regression.web.ConsigneeQATest.shouldAllowUserToUpdatePiecesAfterConsingeeQADone() on instance com.uiFramework.Genesis.regression.web.ConsigneeQATest@75c56eb9 depends on not successfully finished methods 
[com.uiFramework.Genesis.regression.web.ConsigneeQATest.shouldAllowUserToOpenCompletedRequest() on instance com.uiFramework.Genesis.regression.web.ConsigneeQATest@75c56eb9]
	at java.base/java.util.ArrayList.forEach(ArrayList.java:1511)
... Removed 18 stack frames</pre></div><a href='#' onClick='toggleBox("stack-trace647833143", this, "Click to show all stack frames", "Click to hide stack frames")'>Click to show all stack frames</a>
<div class='stack-trace' id='stack-trace647833143'><pre>java.lang.Throwable: Method com.uiFramework.Genesis.regression.web.ConsigneeQATest.shouldAllowUserToUpdatePiecesAfterConsingeeQADone() on instance com.uiFramework.Genesis.regression.web.ConsigneeQATest@75c56eb9 depends on not successfully finished methods 
[com.uiFramework.Genesis.regression.web.ConsigneeQATest.shouldAllowUserToOpenCompletedRequest() on instance com.uiFramework.Genesis.regression.web.ConsigneeQATest@75c56eb9]
	at org.testng.internal.invokers.TestInvoker.invokeTestMethods(TestInvoker.java:159)
	at org.testng.internal.invokers.TestMethodWorker.invokeTestMethods(TestMethodWorker.java:154)
	at org.testng.internal.invokers.TestMethodWorker.run(TestMethodWorker.java:134)
	at java.base/java.util.ArrayList.forEach(ArrayList.java:1511)
	at org.testng.TestRunner.privateRun(TestRunner.java:739)
	at org.testng.TestRunner.run(TestRunner.java:614)
	at org.testng.SuiteRunner.runTest(SuiteRunner.java:421)
	at org.testng.SuiteRunner.runSequentially(SuiteRunner.java:413)
	at org.testng.SuiteRunner.privateRun(SuiteRunner.java:373)
	at org.testng.SuiteRunner.run(SuiteRunner.java:312)
	at org.testng.SuiteRunnerWorker.runSuite(SuiteRunnerWorker.java:52)
	at org.testng.SuiteRunnerWorker.run(SuiteRunnerWorker.java:95)
	at org.testng.TestNG.runSuitesSequentially(TestNG.java:1274)
	at org.testng.TestNG.runSuitesLocally(TestNG.java:1208)
	at org.testng.TestNG.runSuites(TestNG.java:1112)
	at org.testng.TestNG.run(TestNG.java:1079)
	at org.testng.remote.AbstractRemoteTestNG.run(AbstractRemoteTestNG.java:115)
	at org.testng.remote.RemoteTestNG.initAndRun(RemoteTestNG.java:293)
	at org.testng.remote.RemoteTestNG.main(RemoteTestNG.java:91)
</pre></div></td>
<td>0</td>
<td>com.uiFramework.Genesis.regression.web.ConsigneeQATest@75c56eb9</td></tr>
<tr>
<td title='com.uiFramework.Genesis.regression.web.OrderTest.shouldAllowOrderDeletionAfterConfirmation()'><b>shouldAllowOrderDeletionAfterConfirmation</b><br>Test class: com.uiFramework.Genesis.regression.web.OrderTest</td>
<td><div><pre>java.lang.Throwable: Method com.uiFramework.Genesis.regression.web.OrderTest.shouldAllowOrderDeletionAfterConfirmation() on instance com.uiFramework.Genesis.regression.web.OrderTest@2c78324b depends on not successfully finished methods 
[com.uiFramework.Genesis.regression.web.OrderTest.shouldConfirmMultipleOrdersAndDisplaySuccessToast() on instance com.uiFramework.Genesis.regression.web.OrderTest@2c78324b]
	at java.base/java.util.ArrayList.forEach(ArrayList.java:1511)
... Removed 18 stack frames</pre></div><a href='#' onClick='toggleBox("stack-trace1759805433", this, "Click to show all stack frames", "Click to hide stack frames")'>Click to show all stack frames</a>
<div class='stack-trace' id='stack-trace1759805433'><pre>java.lang.Throwable: Method com.uiFramework.Genesis.regression.web.OrderTest.shouldAllowOrderDeletionAfterConfirmation() on instance com.uiFramework.Genesis.regression.web.OrderTest@2c78324b depends on not successfully finished methods 
[com.uiFramework.Genesis.regression.web.OrderTest.shouldConfirmMultipleOrdersAndDisplaySuccessToast() on instance com.uiFramework.Genesis.regression.web.OrderTest@2c78324b]
	at org.testng.internal.invokers.TestInvoker.invokeTestMethods(TestInvoker.java:159)
	at org.testng.internal.invokers.TestMethodWorker.invokeTestMethods(TestMethodWorker.java:154)
	at org.testng.internal.invokers.TestMethodWorker.run(TestMethodWorker.java:134)
	at java.base/java.util.ArrayList.forEach(ArrayList.java:1511)
	at org.testng.TestRunner.privateRun(TestRunner.java:739)
	at org.testng.TestRunner.run(TestRunner.java:614)
	at org.testng.SuiteRunner.runTest(SuiteRunner.java:421)
	at org.testng.SuiteRunner.runSequentially(SuiteRunner.java:413)
	at org.testng.SuiteRunner.privateRun(SuiteRunner.java:373)
	at org.testng.SuiteRunner.run(SuiteRunner.java:312)
	at org.testng.SuiteRunnerWorker.runSuite(SuiteRunnerWorker.java:52)
	at org.testng.SuiteRunnerWorker.run(SuiteRunnerWorker.java:95)
	at org.testng.TestNG.runSuitesSequentially(TestNG.java:1274)
	at org.testng.TestNG.runSuitesLocally(TestNG.java:1208)
	at org.testng.TestNG.runSuites(TestNG.java:1112)
	at org.testng.TestNG.run(TestNG.java:1079)
	at org.testng.remote.AbstractRemoteTestNG.run(AbstractRemoteTestNG.java:115)
	at org.testng.remote.RemoteTestNG.initAndRun(RemoteTestNG.java:293)
	at org.testng.remote.RemoteTestNG.main(RemoteTestNG.java:91)
</pre></div></td>
<td>0</td>
<td>com.uiFramework.Genesis.regression.web.OrderTest@2c78324b</td></tr>
<tr>
<td title='com.uiFramework.Genesis.regression.web.OutboundTruckTest.shouldDisplayLDACodesCorrectlyOnListing()'><b>shouldDisplayLDACodesCorrectlyOnListing</b><br>Test class: com.uiFramework.Genesis.regression.web.OutboundTruckTest</td>
<td><div><pre>java.lang.Throwable: Method com.uiFramework.Genesis.regression.web.OutboundTruckTest.shouldDisplayLDACodesCorrectlyOnListing() on instance com.uiFramework.Genesis.regression.web.OutboundTruckTest@19976a65 depends on not successfully finished methods 
[com.uiFramework.Genesis.regression.web.OutboundTruckTest.shouldVerifyCreatedTruckDetailsAndPalletQtyMatch() on instance com.uiFramework.Genesis.regression.web.OutboundTruckTest@19976a65]
	at java.base/java.util.ArrayList.forEach(ArrayList.java:1511)
... Removed 18 stack frames</pre></div><a href='#' onClick='toggleBox("stack-trace1548402917", this, "Click to show all stack frames", "Click to hide stack frames")'>Click to show all stack frames</a>
<div class='stack-trace' id='stack-trace1548402917'><pre>java.lang.Throwable: Method com.uiFramework.Genesis.regression.web.OutboundTruckTest.shouldDisplayLDACodesCorrectlyOnListing() on instance com.uiFramework.Genesis.regression.web.OutboundTruckTest@19976a65 depends on not successfully finished methods 
[com.uiFramework.Genesis.regression.web.OutboundTruckTest.shouldVerifyCreatedTruckDetailsAndPalletQtyMatch() on instance com.uiFramework.Genesis.regression.web.OutboundTruckTest@19976a65]
	at org.testng.internal.invokers.TestInvoker.invokeTestMethods(TestInvoker.java:159)
	at org.testng.internal.invokers.TestMethodWorker.invokeTestMethods(TestMethodWorker.java:154)
	at org.testng.internal.invokers.TestMethodWorker.run(TestMethodWorker.java:134)
	at java.base/java.util.ArrayList.forEach(ArrayList.java:1511)
	at org.testng.TestRunner.privateRun(TestRunner.java:739)
	at org.testng.TestRunner.run(TestRunner.java:614)
	at org.testng.SuiteRunner.runTest(SuiteRunner.java:421)
	at org.testng.SuiteRunner.runSequentially(SuiteRunner.java:413)
	at org.testng.SuiteRunner.privateRun(SuiteRunner.java:373)
	at org.testng.SuiteRunner.run(SuiteRunner.java:312)
	at org.testng.SuiteRunnerWorker.runSuite(SuiteRunnerWorker.java:52)
	at org.testng.SuiteRunnerWorker.run(SuiteRunnerWorker.java:95)
	at org.testng.TestNG.runSuitesSequentially(TestNG.java:1274)
	at org.testng.TestNG.runSuitesLocally(TestNG.java:1208)
	at org.testng.TestNG.runSuites(TestNG.java:1112)
	at org.testng.TestNG.run(TestNG.java:1079)
	at org.testng.remote.AbstractRemoteTestNG.run(AbstractRemoteTestNG.java:115)
	at org.testng.remote.RemoteTestNG.initAndRun(RemoteTestNG.java:293)
	at org.testng.remote.RemoteTestNG.main(RemoteTestNG.java:91)
</pre></div></td>
<td>0</td>
<td>com.uiFramework.Genesis.regression.web.OutboundTruckTest@19976a65</td></tr>
</table><p>
</body>
</html>