<?xml version="1.0" encoding="UTF-8"?>
<!-- Generated by org.testng.reporters.JUnitXMLReporter -->
<testsuite ignored="4" hostname="DESKTOP-UQFI3OJ" failures="0" tests="2" name="regression1" time="22.498" errors="0" timestamp="2026-01-28T18:23:52 IST">
  <testcase classname="com.uiFramework.Genesis.regression.web.PRTest" name="shouldNotDisplayedToastOnInboundPalletPage" time="11.515"/>
  <testcase classname="com.uiFramework.Genesis.regression.web.PRTest" name="shouldNotDisplayedToastOnInboundPalletCreatePage" time="10.519"/>
  <testcase classname="com.uiFramework.Genesis.regression.web.PRTest" name="shouldNotDisplayedToastOnCreateOrderBtn" time="0.0">
    <ignored/>
  </testcase> <!-- shouldNotDisplayedToastOnCreateOrderBtn -->
  <testcase classname="com.uiFramework.Genesis.regression.web.PRTest" name="shouldDisplayErrorForMandatoryFields" time="0.0">
    <ignored/>
  </testcase> <!-- shouldDisplayErrorForMandatoryFields -->
  <testcase classname="com.uiFramework.Genesis.regression.web.PRTest" name="shouldCheckPickFromAndStatusFromInboundPallet" time="0.0">
    <ignored/>
  </testcase> <!-- shouldCheckPickFromAndStatusFromInboundPallet -->
  <testcase classname="com.uiFramework.Genesis.regression.web.PRTest" name="shouldNotDisplayedToastafterLogIn" time="0.0">
    <ignored/>
  </testcase> <!-- shouldNotDisplayedToastafterLogIn -->
</testsuite> <!-- regression1 -->
