<?xml version="1.0" encoding="UTF-8"?>
<!-- Generated by org.testng.reporters.JUnitXMLReporter -->
<testsuite ignored="158" hostname="DESKTOP-UQFI3OJ" failures="12" tests="80" name="smoke" time="1702.894" errors="0" timestamp="2026-02-03T11:50:10 IST">
  <testcase classname="com.uiFramework.Genesis.regression.web.OrderTest" name="shouldDisplayOrderFormOnCreateButtonClick" time="5.757"/>
  <testcase classname="com.uiFramework.Genesis.regression.web.OrderTest" name="shouldKeepConsigneeDropdownEmptyUntilCustomerSelected" time="74.943"/>
  <testcase classname="com.uiFramework.Genesis.regression.web.OrderTest" name="shouldValidateFullAddressDetails" time="0.389"/>
  <testcase classname="com.uiFramework.Genesis.regression.web.OrderTest" name="shouldShowToastWhenConfirmingWithoutWeightOrPieces" time="7.356"/>
  <testcase classname="com.uiFramework.Genesis.regression.web.OrderTest" name="shouldCalculateRatedWeightAndLitWeightCorrectly" time="4.608"/>
  <testcase classname="com.uiFramework.Genesis.regression.web.OrderTest" name="shouldVerifyDraftOrderStatusAfterSave" time="10.879"/>
  <testcase classname="com.uiFramework.Genesis.regression.web.OrderTest" name="shouldGenerateBarcodeAfterOrderConfirmation" time="17.354"/>
  <testcase classname="com.uiFramework.Genesis.regression.web.OrderTest" name="shouldShowErrorWhenSavingEmptyCustomerAccessorial" time="10.595"/>
  <testcase classname="com.uiFramework.Genesis.regression.web.OrderTest" name="shouldDeleteCustomerAccessorialSuccessfully" time="36.401">
    <failure type="java.lang.AssertionError" message="The following asserts failed:
	Not Matched expected [Customer accessorial deleted successfully] but found [Toast message Failed]">
      <![CDATA[java.lang.AssertionError: The following asserts failed:
Not Matched expected [Customer accessorial deleted successfully] but found [Toast message Failed]
at com.uiFramework.Genesis.regression.web.OrderTest.shouldDeleteCustomerAccessorialSuccessfully(OrderTest.java:159)
at java.base/java.util.ArrayList.forEach(ArrayList.java:1511)
... Removed 29 stack frames]]>
    </failure>
  </testcase> <!-- shouldDeleteCustomerAccessorialSuccessfully -->
  <testcase classname="com.uiFramework.Genesis.regression.web.OrderTest" name="shouldSaveCustomerAccessorialAfterDeleteAndValidateCarrierValidation" time="12.302"/>
  <testcase classname="com.uiFramework.Genesis.regression.web.OrderTest" name="shouldAddEditAndDeleteCarrierAccessorialSuccessfully" time="69.119">
    <failure type="java.lang.AssertionError" message="The following asserts failed:
	Not matched. expected [Carrier accessorial deleted successfully] but found [Carrier accessorial save successfully]">
      <![CDATA[java.lang.AssertionError: The following asserts failed:
Not matched. expected [Carrier accessorial deleted successfully] but found [Carrier accessorial save successfully]
at com.uiFramework.Genesis.regression.web.OrderTest.shouldAddEditAndDeleteCarrierAccessorialSuccessfully(OrderTest.java:180)
at java.base/java.util.ArrayList.forEach(ArrayList.java:1511)
... Removed 29 stack frames]]>
    </failure>
  </testcase> <!-- shouldAddEditAndDeleteCarrierAccessorialSuccessfully -->
  <testcase classname="com.uiFramework.Genesis.regression.web.OrderTest" name="shouldSaveCarrierAccessorialAfterDeleteAndValidateCommentValidation" time="7.94"/>
  <testcase classname="com.uiFramework.Genesis.regression.web.OrderTest" name="shouldSaveTypeAndsubjectReqOnComment" time="2.843"/>
  <testcase classname="com.uiFramework.Genesis.regression.web.OrderTest" name="shouldSaveCommentAfterDelete" time="16.224"/>
  <testcase classname="com.uiFramework.Genesis.regression.web.OrderTest" name="shouldShowMandatoryFieldOnSaveFiles" time="5.566"/>
  <testcase classname="com.uiFramework.Genesis.regression.web.OrderTest" name="shouldUploadFileAndShowSuccessToast" time="3.782"/>
  <testcase classname="com.uiFramework.Genesis.regression.web.OrderTest" name="shouldMatchOrderDetailsOnListingPage" time="12.512"/>
  <testcase classname="com.uiFramework.Genesis.regression.web.OrderTest" name="shouldValidateTotalPiecesAndWeightOnListingPage" time="0.055"/>
  <testcase classname="com.uiFramework.Genesis.regression.web.OrderTest" name="shouldFilterOrdersByVariousFieldsSuccessfully" time="186.467"/>
  <testcase classname="com.uiFramework.Genesis.regression.web.OrderTest" name="shouldCheckColumnFilter" time="94.074"/>
  <testcase classname="com.uiFramework.Genesis.regression.web.OrderTest" name="shouldCheckPDFDownloadedOnOrderPage" time="7.379"/>
  <testcase classname="com.uiFramework.Genesis.regression.web.OrderTest" name="shouldCheckExcelDownloadedOnOrderPage" time="6.199"/>
  <testcase classname="com.uiFramework.Genesis.regression.web.InboundPalletTest" name="CreateInboundPalletforMainOrder" time="11.968"/>
  <testcase classname="com.uiFramework.Genesis.regression.web.InboundPalletTest" name="verifyInboundpalletCreateSuccefully" time="11.437"/>
  <testcase classname="com.uiFramework.Genesis.regression.web.InboundPalletTest" name="shouldCreateMultiplePallet" time="28.12"/>
  <testcase classname="com.uiFramework.Genesis.regression.web.InboundPalletTest" name="shouldAddPalletInEditModeWithPiecesAndWeightWithNoPopup" time="19.167"/>
  <testcase classname="com.uiFramework.Genesis.regression.web.InboundPalletTest" name="shouldCheckColumnFilter" time="31.847">
    <failure type="org.openqa.selenium.TimeoutException" message="Expected condition failed: waiting for visibility of element located by By.xpath: //*[@class=&amp;apos;scrollable-pane&amp;apos;]//tbody//tr[2]//td[6] (tried for 10 second(s) with 500 milliseconds interval)
Build info: version: &amp;apos;4.12.0&amp;apos;, revision: &amp;apos;249f2a7d1b*&amp;apos;
System info: os.name: &amp;apos;Windows 10&amp;apos;, os.arch: &amp;apos;amd64&amp;apos;, os.version: &amp;apos;10.0&amp;apos;, java.version: &amp;apos;17.0.10&amp;apos;
Driver info: org.openqa.selenium.chrome.ChromeDriver
Capabilities {acceptInsecureCerts: false, browserName: chrome, browserVersion: 144.0.7559.110, chrome: {chromedriverVersion: 144.0.7559.109 (6a8d5e49388..., userDataDir: C:\Users\EMP256\AppData\Loc...}, fedcm:accounts: true, goog:chromeOptions: {debuggerAddress: localhost:52657}, goog:processID: 13300, networkConnectionEnabled: false, pageLoadStrategy: normal, platformName: windows, proxy: Proxy(), se:cdp: ws://localhost:52657/devtoo..., se:cdpVersion: 144.0.7559.110, setWindowRect: true, strictFileInteractability: false, timeouts: {implicit: 0, pageLoad: 300000, script: 30000}, unhandledPromptBehavior: dismiss and notify, webauthn:extension:credBlob: true, webauthn:extension:largeBlob: true, webauthn:extension:minPinLength: true, webauthn:extension:prf: true, webauthn:virtualAuthenticators: true}
Session ID: 60de00873b3b871b9a810ed6471cb5e7">
      <![CDATA[org.openqa.selenium.TimeoutException: Expected condition failed: waiting for visibility of element located by By.xpath: //*[@class='scrollable-pane']//tbody//tr[2]//td[6] (tried for 10 second(s) with 500 milliseconds interval)
Build info: version: '4.12.0', revision: '249f2a7d1b*'
System info: os.name: 'Windows 10', os.arch: 'amd64', os.version: '10.0', java.version: '17.0.10'
Driver info: org.openqa.selenium.chrome.ChromeDriver
Capabilities {acceptInsecureCerts: false, browserName: chrome, browserVersion: 144.0.7559.110, chrome: {chromedriverVersion: 144.0.7559.109 (6a8d5e49388..., userDataDir: C:\Users\EMP256\AppData\Loc...}, fedcm:accounts: true, goog:chromeOptions: {debuggerAddress: localhost:52657}, goog:processID: 13300, networkConnectionEnabled: false, pageLoadStrategy: normal, platformName: windows, proxy: Proxy(), se:cdp: ws://localhost:52657/devtoo..., se:cdpVersion: 144.0.7559.110, setWindowRect: true, strictFileInteractability: false, timeouts: {implicit: 0, pageLoad: 300000, script: 30000}, unhandledPromptBehavior: dismiss and notify, webauthn:extension:credBlob: true, webauthn:extension:largeBlob: true, webauthn:extension:minPinLength: true, webauthn:extension:prf: true, webauthn:virtualAuthenticators: true}
Session ID: 60de00873b3b871b9a810ed6471cb5e7
at org.openqa.selenium.support.ui.WebDriverWait.timeoutException(WebDriverWait.java:84)
at org.openqa.selenium.support.ui.FluentWait.until(FluentWait.java:230)
at com.uiFramework.Genesis.web.pages.CommonPage.verifyColumnFilter(CommonPage.java:2689)
at com.uiFramework.Genesis.regression.web.InboundPalletTest.shouldCheckColumnFilter(InboundPalletTest.java:264)
at java.base/java.util.ArrayList.forEach(ArrayList.java:1511)
... Removed 27 stack frames]]>
    </failure>
  </testcase> <!-- shouldCheckColumnFilter -->
  <testcase classname="com.uiFramework.Genesis.regression.web.InboundPalletTest" name="shouldApplyFiltersCorrectlyOnInboundPallet" time="43.947"/>
  <testcase classname="com.uiFramework.Genesis.regression.web.InboundPalletTest" name="shouldApplyColumnFiltersOnCreateInboundPallet" time="48.289"/>
  <testcase classname="com.uiFramework.Genesis.regression.web.InboundTruckTest" name="shouldVerifyPalletAvailableToAddInTruck" time="12.368"/>
  <testcase classname="com.uiFramework.Genesis.regression.web.InboundTruckTest" name="shouldDisplayToastMessageOnCreateTruck" time="23.389"/>
  <testcase classname="com.uiFramework.Genesis.regression.web.InboundTruckTest" name="shouldCheckDefaultCostEstimate" time="12.943"/>
  <testcase classname="com.uiFramework.Genesis.regression.web.InboundTruckTest" name="shouldCreateTruckSuccessfullyAndVerifyTotalPiecesAndPalletQty" time="24.375"/>
  <testcase classname="com.uiFramework.Genesis.regression.web.InboundTruckTest" name="shouldVerifyTruckStatusAfterTruckCreation" time="0.059"/>
  <testcase classname="com.uiFramework.Genesis.regression.web.InboundTruckTest" name="shouldUpdateTruckStatusOnMarkAsArrived" time="12.438"/>
  <testcase classname="com.uiFramework.Genesis.regression.web.InboundTruckTest" name="shouldDisplayTruckDetailsInEditMode" time="3.556"/>
  <testcase classname="com.uiFramework.Genesis.regression.web.InboundTruckTest" name="shouldRemovePalletFromTruckAndUpdateWeightAndEmptyStatus" time="12.034"/>
  <testcase classname="com.uiFramework.Genesis.regression.web.InboundTruckTest" name="shouldAddPalletInEditModeWithCalculations" time="29.351"/>
  <testcase classname="com.uiFramework.Genesis.regression.web.InboundTruckTest" name="shouldApplyFiltersCorrectlyOnInboundTruck" time="56.782"/>
  <testcase classname="com.uiFramework.Genesis.regression.web.InboundTruckTest" name="shouldApplyColumnFilterCorrectlyOnInboundTruck" time="32.051"/>
  <testcase classname="com.uiFramework.Genesis.regression.web.InboundTruckTest" name="shouldApplyColumnFilterCorrectlyOnInboundTruckCreate" time="40.343"/>
  <testcase classname="com.uiFramework.Genesis.regression.web.InboundTruckTest" name="shouldCheckMandateFiledForImportTruck" time="8.928"/>
  <testcase classname="com.uiFramework.Genesis.regression.web.InboundTruckTest" name="shouldCreateBulkInboundTruck" time="6.83"/>
  <testcase classname="com.uiFramework.Genesis.regression.web.InboundQATest" name="verifyPalletAvailable" time="5.351"/>
  <testcase classname="com.uiFramework.Genesis.regression.web.InboundQATest" name="verifyToasmsgOnQAPass" time="5.108"/>
  <testcase classname="com.uiFramework.Genesis.regression.web.InboundQATest" name="shouldCheckColumnFilterOnInboundQA" time="25.406"/>
  <testcase classname="com.uiFramework.Genesis.regression.web.InboundQATest" name="ValidateFilterOnQAListing" time="15.214">
    <failure type="org.openqa.selenium.NoSuchElementException" message="no such element: Unable to locate element: {&amp;quot;method&amp;quot;:&amp;quot;xpath&amp;quot;,&amp;quot;selector&amp;quot;:&amp;quot;//*[@id=&amp;apos;panel1bh-content&amp;apos;]//thead//tr[1]//th[7]//*[@class=&amp;apos;p-column-title&amp;apos;]&amp;quot;}
  (Session info: chrome=144.0.7559.110)
For documentation on this error, please visit: https://www.selenium.dev/documentation/webdriver/troubleshooting/errors#no-such-element-exception
Build info: version: &amp;apos;4.12.0&amp;apos;, revision: &amp;apos;249f2a7d1b*&amp;apos;
System info: os.name: &amp;apos;Windows 10&amp;apos;, os.arch: &amp;apos;amd64&amp;apos;, os.version: &amp;apos;10.0&amp;apos;, java.version: &amp;apos;17.0.10&amp;apos;
Driver info: org.openqa.selenium.chrome.ChromeDriver
Command: [60de00873b3b871b9a810ed6471cb5e7, findElement {using=xpath, value=//*[@id=&amp;apos;panel1bh-content&amp;apos;]//thead//tr[1]//th[7]//*[@class=&amp;apos;p-column-title&amp;apos;]}]
Capabilities {acceptInsecureCerts: false, browserName: chrome, browserVersion: 144.0.7559.110, chrome: {chromedriverVersion: 144.0.7559.109 (6a8d5e49388..., userDataDir: C:\Users\EMP256\AppData\Loc...}, fedcm:accounts: true, goog:chromeOptions: {debuggerAddress: localhost:52657}, goog:processID: 13300, networkConnectionEnabled: false, pageLoadStrategy: normal, platformName: windows, proxy: Proxy(), se:cdp: ws://localhost:52657/devtoo..., se:cdpVersion: 144.0.7559.110, setWindowRect: true, strictFileInteractability: false, timeouts: {implicit: 0, pageLoad: 300000, script: 30000}, unhandledPromptBehavior: dismiss and notify, webauthn:extension:credBlob: true, webauthn:extension:largeBlob: true, webauthn:extension:minPinLength: true, webauthn:extension:prf: true, webauthn:virtualAuthenticators: true}
Session ID: 60de00873b3b871b9a810ed6471cb5e7">
      <![CDATA[org.openqa.selenium.NoSuchElementException: no such element: Unable to locate element: {"method":"xpath","selector":"//*[@id='panel1bh-content']//thead//tr[1]//th[7]//*[@class='p-column-title']"}
  (Session info: chrome=144.0.7559.110)
For documentation on this error, please visit: https://www.selenium.dev/documentation/webdriver/troubleshooting/errors#no-such-element-exception
Build info: version: '4.12.0', revision: '249f2a7d1b*'
System info: os.name: 'Windows 10', os.arch: 'amd64', os.version: '10.0', java.version: '17.0.10'
Driver info: org.openqa.selenium.chrome.ChromeDriver
Command: [60de00873b3b871b9a810ed6471cb5e7, findElement {using=xpath, value=//*[@id='panel1bh-content']//thead//tr[1]//th[7]//*[@class='p-column-title']}]
Capabilities {acceptInsecureCerts: false, browserName: chrome, browserVersion: 144.0.7559.110, chrome: {chromedriverVersion: 144.0.7559.109 (6a8d5e49388..., userDataDir: C:\Users\EMP256\AppData\Loc...}, fedcm:accounts: true, goog:chromeOptions: {debuggerAddress: localhost:52657}, goog:processID: 13300, networkConnectionEnabled: false, pageLoadStrategy: normal, platformName: windows, proxy: Proxy(), se:cdp: ws://localhost:52657/devtoo..., se:cdpVersion: 144.0.7559.110, setWindowRect: true, strictFileInteractability: false, timeouts: {implicit: 0, pageLoad: 300000, script: 30000}, unhandledPromptBehavior: dismiss and notify, webauthn:extension:credBlob: true, webauthn:extension:largeBlob: true, webauthn:extension:minPinLength: true, webauthn:extension:prf: true, webauthn:virtualAuthenticators: true}
Session ID: 60de00873b3b871b9a810ed6471cb5e7
at org.openqa.selenium.remote.codec.w3c.W3CHttpResponseCodec.createException(W3CHttpResponseCodec.java:200)
at org.openqa.selenium.remote.codec.w3c.W3CHttpResponseCodec.decode(W3CHttpResponseCodec.java:133)
at org.openqa.selenium.remote.codec.w3c.W3CHttpResponseCodec.decode(W3CHttpResponseCodec.java:52)
at org.openqa.selenium.remote.HttpCommandExecutor.execute(HttpCommandExecutor.java:191)
at org.openqa.selenium.remote.service.DriverCommandExecutor.invokeExecute(DriverCommandExecutor.java:196)
at org.openqa.selenium.remote.service.DriverCommandExecutor.execute(DriverCommandExecutor.java:171)
at org.openqa.selenium.remote.RemoteWebDriver.execute(RemoteWebDriver.java:602)
at org.openqa.selenium.remote.ElementLocation$ElementFinder$2.findElement(ElementLocation.java:165)
at org.openqa.selenium.remote.ElementLocation.findElement(ElementLocation.java:59)
at org.openqa.selenium.remote.RemoteWebDriver.findElement(RemoteWebDriver.java:359)
at org.openqa.selenium.remote.RemoteWebDriver.findElement(RemoteWebDriver.java:353)
at com.uiFramework.Genesis.web.pages.CommonPage.validateDataInGrid(CommonPage.java:855)
at com.uiFramework.Genesis.regression.web.InboundQATest.ValidateFilterOnQAListing(InboundQATest.java:153)
at java.base/java.util.ArrayList.forEach(ArrayList.java:1511)
... Removed 31 stack frames]]>
    </failure>
  </testcase> <!-- ValidateFilterOnQAListing -->
  <testcase classname="com.uiFramework.Genesis.regression.web.InboundQATest" name="checkQAStatusforInbound" time="5.762"/>
  <testcase classname="com.uiFramework.Genesis.regression.web.OutboundPalletTest" name="shouldCreateOutboundPalletForMainOrder" time="13.16"/>
  <testcase classname="com.uiFramework.Genesis.regression.web.OutboundPalletTest" name="shouldCreateOutboundPalletSuccessfully" time="9.281"/>
  <testcase classname="com.uiFramework.Genesis.regression.web.OutboundPalletTest" name="shouldDisplaySelectedWarehouseOrderInGrid" time="10.812"/>
  <testcase classname="com.uiFramework.Genesis.regression.web.OutboundPalletTest" name="shouldPerformMergeFunctionOnOutboundPallet" time="9.486"/>
  <testcase classname="com.uiFramework.Genesis.regression.web.OutboundPalletTest" name="shouldCreateSinglePalletOnMergeClick" time="1.149"/>
  <testcase classname="com.uiFramework.Genesis.regression.web.OutboundPalletTest" name="shouldUpdatePalletStatusAfterPalletCreation" time="3.606"/>
  <testcase classname="com.uiFramework.Genesis.regression.web.OutboundPalletTest" name="shouldAllowEditPalletWithAutoDeletedPallet" time="6.152">
    <failure type="java.lang.AssertionError" message="Mismatch in Total and final Pieces! expected [17] but found [10]">
      <![CDATA[java.lang.AssertionError: Mismatch in Total and final Pieces! expected [17] but found [10]
at com.uiFramework.Genesis.web.pages.OutboundPalletPage.checkRemovedOrders(OutboundPalletPage.java:361)
at com.uiFramework.Genesis.regression.web.OutboundPalletTest.shouldAllowEditPalletWithAutoDeletedPallet(OutboundPalletTest.java:144)
at java.base/java.util.ArrayList.forEach(ArrayList.java:1511)
... Removed 33 stack frames]]>
    </failure>
  </testcase> <!-- shouldAllowEditPalletWithAutoDeletedPallet -->
  <testcase classname="com.uiFramework.Genesis.regression.web.OutboundPalletTest" name="shouldCreatePalletAndMaintainCheckboxSelectionAcrossPagination" time="20.059"/>
  <testcase classname="com.uiFramework.Genesis.regression.web.OutboundPalletTest" name="shouldDisplayPalletStatusInListingAfterObtPalletCreation" time="0.031"/>
  <testcase classname="com.uiFramework.Genesis.regression.web.OutboundPalletTest" name="shouldAddPalletInEditModeWithPiecesAndWeightWithNoPopup" time="13.633"/>
  <testcase classname="com.uiFramework.Genesis.regression.web.OutboundTruckTest" name="shouldPalletAvailableToCreateOutboundTruck" time="15.775"/>
  <testcase classname="com.uiFramework.Genesis.regression.web.OutboundTruckTest" name="shouldDisplayToastMessageOnCreateObtTruck" time="18.667"/>
  <testcase classname="com.uiFramework.Genesis.regression.web.OutboundTruckTest" name="shouldVerifyAddedPalletWTandPiecesLoadedIntoTruck" time="28.194">
    <failure type="java.lang.AssertionError" message="Mismatch in Total and final pieces when pallet removed expected [3] but found [10]">
      <![CDATA[java.lang.AssertionError: Mismatch in Total and final pieces when pallet removed expected [3] but found [10]
at com.uiFramework.Genesis.web.pages.OutboundTruckPage.checkRemovePalletTotalPiecesndpalletQtyforFirstOrder(OutboundTruckPage.java:409)
at com.uiFramework.Genesis.web.pages.OutboundTruckPage.creatTruckwithCheckTotalPiecesandpallet(OutboundTruckPage.java:283)
at com.uiFramework.Genesis.regression.web.OutboundTruckTest.shouldVerifyAddedPalletWTandPiecesLoadedIntoTruck(OutboundTruckTest.java:128)
at java.base/java.util.ArrayList.forEach(ArrayList.java:1511)
... Removed 33 stack frames]]>
    </failure>
  </testcase> <!-- shouldVerifyAddedPalletWTandPiecesLoadedIntoTruck -->
  <testcase classname="com.uiFramework.Genesis.regression.web.OutboundTruckTest" name="shouldRouteOrderEditable" time="9.678">
    <failure type="org.openqa.selenium.NoSuchElementException" message="no such element: Unable to locate element: {&amp;quot;method&amp;quot;:&amp;quot;xpath&amp;quot;,&amp;quot;selector&amp;quot;:&amp;quot;//*[@placeholder=&amp;apos;Route Order&amp;apos;]&amp;quot;}
  (Session info: chrome=144.0.7559.110)
For documentation on this error, please visit: https://www.selenium.dev/documentation/webdriver/troubleshooting/errors#no-such-element-exception
Build info: version: &amp;apos;4.12.0&amp;apos;, revision: &amp;apos;249f2a7d1b*&amp;apos;
System info: os.name: &amp;apos;Windows 10&amp;apos;, os.arch: &amp;apos;amd64&amp;apos;, os.version: &amp;apos;10.0&amp;apos;, java.version: &amp;apos;17.0.10&amp;apos;
Driver info: org.openqa.selenium.chrome.ChromeDriver
Command: [60de00873b3b871b9a810ed6471cb5e7, findElement {using=xpath, value=//*[@placeholder=&amp;apos;Route Order&amp;apos;]}]
Capabilities {acceptInsecureCerts: false, browserName: chrome, browserVersion: 144.0.7559.110, chrome: {chromedriverVersion: 144.0.7559.109 (6a8d5e49388..., userDataDir: C:\Users\EMP256\AppData\Loc...}, fedcm:accounts: true, goog:chromeOptions: {debuggerAddress: localhost:52657}, goog:processID: 13300, networkConnectionEnabled: false, pageLoadStrategy: normal, platformName: windows, proxy: Proxy(), se:cdp: ws://localhost:52657/devtoo..., se:cdpVersion: 144.0.7559.110, setWindowRect: true, strictFileInteractability: false, timeouts: {implicit: 0, pageLoad: 300000, script: 30000}, unhandledPromptBehavior: dismiss and notify, webauthn:extension:credBlob: true, webauthn:extension:largeBlob: true, webauthn:extension:minPinLength: true, webauthn:extension:prf: true, webauthn:virtualAuthenticators: true}
Session ID: 60de00873b3b871b9a810ed6471cb5e7">
      <![CDATA[org.openqa.selenium.NoSuchElementException: no such element: Unable to locate element: {"method":"xpath","selector":"//*[@placeholder='Route Order']"}
  (Session info: chrome=144.0.7559.110)
For documentation on this error, please visit: https://www.selenium.dev/documentation/webdriver/troubleshooting/errors#no-such-element-exception
Build info: version: '4.12.0', revision: '249f2a7d1b*'
System info: os.name: 'Windows 10', os.arch: 'amd64', os.version: '10.0', java.version: '17.0.10'
Driver info: org.openqa.selenium.chrome.ChromeDriver
Command: [60de00873b3b871b9a810ed6471cb5e7, findElement {using=xpath, value=//*[@placeholder='Route Order']}]
Capabilities {acceptInsecureCerts: false, browserName: chrome, browserVersion: 144.0.7559.110, chrome: {chromedriverVersion: 144.0.7559.109 (6a8d5e49388..., userDataDir: C:\Users\EMP256\AppData\Loc...}, fedcm:accounts: true, goog:chromeOptions: {debuggerAddress: localhost:52657}, goog:processID: 13300, networkConnectionEnabled: false, pageLoadStrategy: normal, platformName: windows, proxy: Proxy(), se:cdp: ws://localhost:52657/devtoo..., se:cdpVersion: 144.0.7559.110, setWindowRect: true, strictFileInteractability: false, timeouts: {implicit: 0, pageLoad: 300000, script: 30000}, unhandledPromptBehavior: dismiss and notify, webauthn:extension:credBlob: true, webauthn:extension:largeBlob: true, webauthn:extension:minPinLength: true, webauthn:extension:prf: true, webauthn:virtualAuthenticators: true}
Session ID: 60de00873b3b871b9a810ed6471cb5e7
at org.openqa.selenium.remote.codec.w3c.W3CHttpResponseCodec.createException(W3CHttpResponseCodec.java:200)
at org.openqa.selenium.remote.codec.w3c.W3CHttpResponseCodec.decode(W3CHttpResponseCodec.java:133)
at org.openqa.selenium.remote.codec.w3c.W3CHttpResponseCodec.decode(W3CHttpResponseCodec.java:52)
at org.openqa.selenium.remote.HttpCommandExecutor.execute(HttpCommandExecutor.java:191)
at org.openqa.selenium.remote.service.DriverCommandExecutor.invokeExecute(DriverCommandExecutor.java:196)
at org.openqa.selenium.remote.service.DriverCommandExecutor.execute(DriverCommandExecutor.java:171)
at org.openqa.selenium.remote.RemoteWebDriver.execute(RemoteWebDriver.java:602)
at org.openqa.selenium.remote.ElementLocation$ElementFinder$2.findElement(ElementLocation.java:165)
at org.openqa.selenium.remote.ElementLocation.findElement(ElementLocation.java:59)
at org.openqa.selenium.remote.RemoteWebDriver.findElement(RemoteWebDriver.java:359)
at org.openqa.selenium.remote.RemoteWebDriver.findElement(RemoteWebDriver.java:353)
at com.uiFramework.Genesis.web.pages.OutboundTruckPage.isRouteOrderEditable(OutboundTruckPage.java:894)
at com.uiFramework.Genesis.regression.web.OutboundTruckTest.shouldRouteOrderEditable(OutboundTruckTest.java:135)
at java.base/java.util.ArrayList.forEach(ArrayList.java:1511)
... Removed 31 stack frames]]>
    </failure>
  </testcase> <!-- shouldRouteOrderEditable -->
  <testcase classname="com.uiFramework.Genesis.regression.web.OutboundTruckTest" name="shouldCreateSuccessfullyAndIncreseCountByOne" time="10.576">
    <failure type="org.openqa.selenium.TimeoutException" message="Expected condition failed: waiting for element to be clickable: By.xpath: //tbody[@class=&amp;apos;p-datatable-tbody&amp;apos;]//*[@class=&amp;apos;p-checkbox-box&amp;apos;] (tried for 10 second(s) with 500 milliseconds interval)
Build info: version: &amp;apos;4.12.0&amp;apos;, revision: &amp;apos;249f2a7d1b*&amp;apos;
System info: os.name: &amp;apos;Windows 10&amp;apos;, os.arch: &amp;apos;amd64&amp;apos;, os.version: &amp;apos;10.0&amp;apos;, java.version: &amp;apos;17.0.10&amp;apos;
Driver info: org.openqa.selenium.chrome.ChromeDriver
Capabilities {acceptInsecureCerts: false, browserName: chrome, browserVersion: 144.0.7559.110, chrome: {chromedriverVersion: 144.0.7559.109 (6a8d5e49388..., userDataDir: C:\Users\EMP256\AppData\Loc...}, fedcm:accounts: true, goog:chromeOptions: {debuggerAddress: localhost:52657}, goog:processID: 13300, networkConnectionEnabled: false, pageLoadStrategy: normal, platformName: windows, proxy: Proxy(), se:cdp: ws://localhost:52657/devtoo..., se:cdpVersion: 144.0.7559.110, setWindowRect: true, strictFileInteractability: false, timeouts: {implicit: 0, pageLoad: 300000, script: 30000}, unhandledPromptBehavior: dismiss and notify, webauthn:extension:credBlob: true, webauthn:extension:largeBlob: true, webauthn:extension:minPinLength: true, webauthn:extension:prf: true, webauthn:virtualAuthenticators: true}
Session ID: 60de00873b3b871b9a810ed6471cb5e7">
      <![CDATA[org.openqa.selenium.TimeoutException: Expected condition failed: waiting for element to be clickable: By.xpath: //tbody[@class='p-datatable-tbody']//*[@class='p-checkbox-box'] (tried for 10 second(s) with 500 milliseconds interval)
Build info: version: '4.12.0', revision: '249f2a7d1b*'
System info: os.name: 'Windows 10', os.arch: 'amd64', os.version: '10.0', java.version: '17.0.10'
Driver info: org.openqa.selenium.chrome.ChromeDriver
Capabilities {acceptInsecureCerts: false, browserName: chrome, browserVersion: 144.0.7559.110, chrome: {chromedriverVersion: 144.0.7559.109 (6a8d5e49388..., userDataDir: C:\Users\EMP256\AppData\Loc...}, fedcm:accounts: true, goog:chromeOptions: {debuggerAddress: localhost:52657}, goog:processID: 13300, networkConnectionEnabled: false, pageLoadStrategy: normal, platformName: windows, proxy: Proxy(), se:cdp: ws://localhost:52657/devtoo..., se:cdpVersion: 144.0.7559.110, setWindowRect: true, strictFileInteractability: false, timeouts: {implicit: 0, pageLoad: 300000, script: 30000}, unhandledPromptBehavior: dismiss and notify, webauthn:extension:credBlob: true, webauthn:extension:largeBlob: true, webauthn:extension:minPinLength: true, webauthn:extension:prf: true, webauthn:virtualAuthenticators: true}
Session ID: 60de00873b3b871b9a810ed6471cb5e7
at org.openqa.selenium.support.ui.WebDriverWait.timeoutException(WebDriverWait.java:84)
at org.openqa.selenium.support.ui.FluentWait.until(FluentWait.java:230)
at com.uiFramework.Genesis.helper.WaitHelper.waitToClickWithAction(WaitHelper.java:256)
at com.uiFramework.Genesis.web.pages.OutboundTruckPage.routeSaveBtn(OutboundTruckPage.java:347)
at com.uiFramework.Genesis.regression.web.OutboundTruckTest.shouldCreateSuccessfullyAndIncreseCountByOne(OutboundTruckTest.java:142)
at java.base/java.util.ArrayList.forEach(ArrayList.java:1511)
... Removed 27 stack frames]]>
    </failure>
  </testcase> <!-- shouldCreateSuccessfullyAndIncreseCountByOne -->
  <testcase classname="com.uiFramework.Genesis.regression.web.OutboundTruckTest" name="shouldUpdateTruckStatusAfterTruckCreation" time="0.0">
    <skipped/>
  </testcase> <!-- shouldUpdateTruckStatusAfterTruckCreation -->
  <testcase classname="com.uiFramework.Genesis.regression.web.OutboundTruckTest" name="shouldRemovePalletFromTruckAndUpdateWeightAndEmptyTruckStatus" time="20.502">
    <failure type="java.lang.AssertionError" message="Mismatch in Total and final pieces! expected [0] but found [3]">
      <![CDATA[java.lang.AssertionError: Mismatch in Total and final pieces! expected [0] but found [3]
at com.uiFramework.Genesis.web.pages.OutboundTruckPage.RemovelastPalletFromTruck(OutboundTruckPage.java:716)
at com.uiFramework.Genesis.web.pages.OutboundTruckPage.checkPiecesanWeightWhenPalletRemoved(OutboundTruckPage.java:688)
at com.uiFramework.Genesis.regression.web.OutboundTruckTest.shouldRemovePalletFromTruckAndUpdateWeightAndEmptyTruckStatus(OutboundTruckTest.java:205)
at java.base/java.util.ArrayList.forEach(ArrayList.java:1511)
... Removed 33 stack frames]]>
    </failure>
  </testcase> <!-- shouldRemovePalletFromTruckAndUpdateWeightAndEmptyTruckStatus -->
  <testcase classname="com.uiFramework.Genesis.regression.web.OutboundTruckTest" name="shouldAddPalletInEditModeWithCalculationsAndShouldUpdateStatus" time="66.029"/>
  <testcase classname="com.uiFramework.Genesis.regression.web.OutboundTruckTest" name="shouldApplyFiltersCorrectlyOnOutboundTruck" time="52.659"/>
  <testcase classname="com.uiFramework.Genesis.regression.web.OutboundTruckTest" name="shouldApplyColumnFilterForOutboundTruck" time="33.635"/>
  <testcase classname="com.uiFramework.Genesis.regression.web.OutboundTruckTest" name="shouldApplyColumnFilterOnOutboundTruckCreatePage" time="35.992"/>
  <testcase classname="com.uiFramework.Genesis.regression.web.UpdateTrackingTest" name="shouldShowErrorMessageIfReqFieldNotSelected" time="17.59">
    <failure type="org.openqa.selenium.NoSuchElementException" message="no such element: Unable to locate element: {&amp;quot;method&amp;quot;:&amp;quot;xpath&amp;quot;,&amp;quot;selector&amp;quot;:&amp;quot;//table/tbody/tr[1]/td[5]/div/div/div/input&amp;quot;}
  (Session info: chrome=144.0.7559.110)
For documentation on this error, please visit: https://www.selenium.dev/documentation/webdriver/troubleshooting/errors#no-such-element-exception
Build info: version: &amp;apos;4.12.0&amp;apos;, revision: &amp;apos;249f2a7d1b*&amp;apos;
System info: os.name: &amp;apos;Windows 10&amp;apos;, os.arch: &amp;apos;amd64&amp;apos;, os.version: &amp;apos;10.0&amp;apos;, java.version: &amp;apos;17.0.10&amp;apos;
Driver info: org.openqa.selenium.chrome.ChromeDriver
Command: [60de00873b3b871b9a810ed6471cb5e7, findElement {using=xpath, value=//table/tbody/tr[1]/td[5]/div/div/div/input}]
Capabilities {acceptInsecureCerts: false, browserName: chrome, browserVersion: 144.0.7559.110, chrome: {chromedriverVersion: 144.0.7559.109 (6a8d5e49388..., userDataDir: C:\Users\EMP256\AppData\Loc...}, fedcm:accounts: true, goog:chromeOptions: {debuggerAddress: localhost:52657}, goog:processID: 13300, networkConnectionEnabled: false, pageLoadStrategy: normal, platformName: windows, proxy: Proxy(), se:cdp: ws://localhost:52657/devtoo..., se:cdpVersion: 144.0.7559.110, setWindowRect: true, strictFileInteractability: false, timeouts: {implicit: 0, pageLoad: 300000, script: 30000}, unhandledPromptBehavior: dismiss and notify, webauthn:extension:credBlob: true, webauthn:extension:largeBlob: true, webauthn:extension:minPinLength: true, webauthn:extension:prf: true, webauthn:virtualAuthenticators: true}
Session ID: 60de00873b3b871b9a810ed6471cb5e7">
      <![CDATA[org.openqa.selenium.NoSuchElementException: no such element: Unable to locate element: {"method":"xpath","selector":"//table/tbody/tr[1]/td[5]/div/div/div/input"}
  (Session info: chrome=144.0.7559.110)
For documentation on this error, please visit: https://www.selenium.dev/documentation/webdriver/troubleshooting/errors#no-such-element-exception
Build info: version: '4.12.0', revision: '249f2a7d1b*'
System info: os.name: 'Windows 10', os.arch: 'amd64', os.version: '10.0', java.version: '17.0.10'
Driver info: org.openqa.selenium.chrome.ChromeDriver
Command: [60de00873b3b871b9a810ed6471cb5e7, findElement {using=xpath, value=//table/tbody/tr[1]/td[5]/div/div/div/input}]
Capabilities {acceptInsecureCerts: false, browserName: chrome, browserVersion: 144.0.7559.110, chrome: {chromedriverVersion: 144.0.7559.109 (6a8d5e49388..., userDataDir: C:\Users\EMP256\AppData\Loc...}, fedcm:accounts: true, goog:chromeOptions: {debuggerAddress: localhost:52657}, goog:processID: 13300, networkConnectionEnabled: false, pageLoadStrategy: normal, platformName: windows, proxy: Proxy(), se:cdp: ws://localhost:52657/devtoo..., se:cdpVersion: 144.0.7559.110, setWindowRect: true, strictFileInteractability: false, timeouts: {implicit: 0, pageLoad: 300000, script: 30000}, unhandledPromptBehavior: dismiss and notify, webauthn:extension:credBlob: true, webauthn:extension:largeBlob: true, webauthn:extension:minPinLength: true, webauthn:extension:prf: true, webauthn:virtualAuthenticators: true}
Session ID: 60de00873b3b871b9a810ed6471cb5e7
at org.openqa.selenium.remote.codec.w3c.W3CHttpResponseCodec.createException(W3CHttpResponseCodec.java:200)
at org.openqa.selenium.remote.codec.w3c.W3CHttpResponseCodec.decode(W3CHttpResponseCodec.java:133)
at org.openqa.selenium.remote.codec.w3c.W3CHttpResponseCodec.decode(W3CHttpResponseCodec.java:52)
at org.openqa.selenium.remote.HttpCommandExecutor.execute(HttpCommandExecutor.java:191)
at org.openqa.selenium.remote.service.DriverCommandExecutor.invokeExecute(DriverCommandExecutor.java:196)
at org.openqa.selenium.remote.service.DriverCommandExecutor.execute(DriverCommandExecutor.java:171)
at org.openqa.selenium.remote.RemoteWebDriver.execute(RemoteWebDriver.java:602)
at org.openqa.selenium.remote.ElementLocation$ElementFinder$2.findElement(ElementLocation.java:165)
at org.openqa.selenium.remote.ElementLocation.findElement(ElementLocation.java:59)
at org.openqa.selenium.remote.RemoteWebDriver.findElement(RemoteWebDriver.java:359)
at org.openqa.selenium.remote.RemoteWebDriver.findElement(RemoteWebDriver.java:353)
at com.uiFramework.Genesis.web.pages.CommonPage.clickAndSendKeys(CommonPage.java:390)
at com.uiFramework.Genesis.web.pages.UpdateTracking.EnterTrkNo(UpdateTracking.java:116)
at com.uiFramework.Genesis.regression.web.UpdateTrackingTest.shouldShowErrorMessageIfReqFieldNotSelected(UpdateTrackingTest.java:41)
at java.base/java.util.ArrayList.forEach(ArrayList.java:1511)
... Removed 31 stack frames]]>
    </failure>
  </testcase> <!-- shouldShowErrorMessageIfReqFieldNotSelected -->
  <testcase classname="com.uiFramework.Genesis.regression.web.UpdateTrackingTest" name="shouldAllowUserToUpdateMultipleRequestsAtOnce" time="5.232">
    <failure type="org.openqa.selenium.NoSuchElementException" message="no such element: Unable to locate element: {&amp;quot;method&amp;quot;:&amp;quot;xpath&amp;quot;,&amp;quot;selector&amp;quot;:&amp;quot;//table/tbody/tr[1]/td[5]/div/div/div/input&amp;quot;}
  (Session info: chrome=144.0.7559.110)
For documentation on this error, please visit: https://www.selenium.dev/documentation/webdriver/troubleshooting/errors#no-such-element-exception
Build info: version: &amp;apos;4.12.0&amp;apos;, revision: &amp;apos;249f2a7d1b*&amp;apos;
System info: os.name: &amp;apos;Windows 10&amp;apos;, os.arch: &amp;apos;amd64&amp;apos;, os.version: &amp;apos;10.0&amp;apos;, java.version: &amp;apos;17.0.10&amp;apos;
Driver info: org.openqa.selenium.chrome.ChromeDriver
Command: [60de00873b3b871b9a810ed6471cb5e7, findElement {using=xpath, value=//table/tbody/tr[1]/td[5]/div/div/div/input}]
Capabilities {acceptInsecureCerts: false, browserName: chrome, browserVersion: 144.0.7559.110, chrome: {chromedriverVersion: 144.0.7559.109 (6a8d5e49388..., userDataDir: C:\Users\EMP256\AppData\Loc...}, fedcm:accounts: true, goog:chromeOptions: {debuggerAddress: localhost:52657}, goog:processID: 13300, networkConnectionEnabled: false, pageLoadStrategy: normal, platformName: windows, proxy: Proxy(), se:cdp: ws://localhost:52657/devtoo..., se:cdpVersion: 144.0.7559.110, setWindowRect: true, strictFileInteractability: false, timeouts: {implicit: 0, pageLoad: 300000, script: 30000}, unhandledPromptBehavior: dismiss and notify, webauthn:extension:credBlob: true, webauthn:extension:largeBlob: true, webauthn:extension:minPinLength: true, webauthn:extension:prf: true, webauthn:virtualAuthenticators: true}
Session ID: 60de00873b3b871b9a810ed6471cb5e7">
      <![CDATA[org.openqa.selenium.NoSuchElementException: no such element: Unable to locate element: {"method":"xpath","selector":"//table/tbody/tr[1]/td[5]/div/div/div/input"}
  (Session info: chrome=144.0.7559.110)
For documentation on this error, please visit: https://www.selenium.dev/documentation/webdriver/troubleshooting/errors#no-such-element-exception
Build info: version: '4.12.0', revision: '249f2a7d1b*'
System info: os.name: 'Windows 10', os.arch: 'amd64', os.version: '10.0', java.version: '17.0.10'
Driver info: org.openqa.selenium.chrome.ChromeDriver
Command: [60de00873b3b871b9a810ed6471cb5e7, findElement {using=xpath, value=//table/tbody/tr[1]/td[5]/div/div/div/input}]
Capabilities {acceptInsecureCerts: false, browserName: chrome, browserVersion: 144.0.7559.110, chrome: {chromedriverVersion: 144.0.7559.109 (6a8d5e49388..., userDataDir: C:\Users\EMP256\AppData\Loc...}, fedcm:accounts: true, goog:chromeOptions: {debuggerAddress: localhost:52657}, goog:processID: 13300, networkConnectionEnabled: false, pageLoadStrategy: normal, platformName: windows, proxy: Proxy(), se:cdp: ws://localhost:52657/devtoo..., se:cdpVersion: 144.0.7559.110, setWindowRect: true, strictFileInteractability: false, timeouts: {implicit: 0, pageLoad: 300000, script: 30000}, unhandledPromptBehavior: dismiss and notify, webauthn:extension:credBlob: true, webauthn:extension:largeBlob: true, webauthn:extension:minPinLength: true, webauthn:extension:prf: true, webauthn:virtualAuthenticators: true}
Session ID: 60de00873b3b871b9a810ed6471cb5e7
at org.openqa.selenium.remote.codec.w3c.W3CHttpResponseCodec.createException(W3CHttpResponseCodec.java:200)
at org.openqa.selenium.remote.codec.w3c.W3CHttpResponseCodec.decode(W3CHttpResponseCodec.java:133)
at org.openqa.selenium.remote.codec.w3c.W3CHttpResponseCodec.decode(W3CHttpResponseCodec.java:52)
at org.openqa.selenium.remote.HttpCommandExecutor.execute(HttpCommandExecutor.java:191)
at org.openqa.selenium.remote.service.DriverCommandExecutor.invokeExecute(DriverCommandExecutor.java:196)
at org.openqa.selenium.remote.service.DriverCommandExecutor.execute(DriverCommandExecutor.java:171)
at org.openqa.selenium.remote.RemoteWebDriver.execute(RemoteWebDriver.java:602)
at org.openqa.selenium.remote.ElementLocation$ElementFinder$2.findElement(ElementLocation.java:165)
at org.openqa.selenium.remote.ElementLocation.findElement(ElementLocation.java:59)
at org.openqa.selenium.remote.RemoteWebDriver.findElement(RemoteWebDriver.java:359)
at org.openqa.selenium.remote.RemoteWebDriver.findElement(RemoteWebDriver.java:353)
at com.uiFramework.Genesis.web.pages.UpdateTracking.fillInputAndDate(UpdateTracking.java:312)
at com.uiFramework.Genesis.web.pages.UpdateTracking.enterTrackingDetailsInLoop(UpdateTracking.java:291)
at com.uiFramework.Genesis.regression.web.UpdateTrackingTest.shouldAllowUserToUpdateMultipleRequestsAtOnce(UpdateTrackingTest.java:84)
at java.base/java.util.ArrayList.forEach(ArrayList.java:1511)
... Removed 31 stack frames]]>
    </failure>
  </testcase> <!-- shouldAllowUserToUpdateMultipleRequestsAtOnce -->
  <testcase classname="com.uiFramework.Genesis.regression.web.UpdateTrackingTest" name="shouldAllowUserToDownloadExcelOfGridData" time="5.513"/>
  <testcase classname="com.uiFramework.Genesis.regression.web.DocQueueTest" name="shouldShowErrorMessageIfRequiredFieldNotSelected" time="3.184"/>
  <testcase classname="com.uiFramework.Genesis.regression.web.DocQueueTest" name="shouldCreateDocumentsForMainOrder" time="11.269"/>
  <testcase classname="com.uiFramework.Genesis.regression.web.DocQueueTest" name="shouldRetrieveDocumentsForMainOrder" time="13.02"/>
  <testcase classname="com.uiFramework.Genesis.regression.web.DocQueueTest" name="shouldCheckColumnFilterOnSplitPOD" time="24.261"/>
  <testcase classname="com.uiFramework.Genesis.regression.web.OutboundQATest" name="shouldAcceptManifestForMainOrder" time="77.865">
    <failure type="java.lang.AssertionError" message="The following asserts failed:
	Toast not Displayed For outbound QA done. expected [QA details update successfully] but found [Toast message Failed]">
      <![CDATA[java.lang.AssertionError: The following asserts failed:
Toast not Displayed For outbound QA done. expected [QA details update successfully] but found [Toast message Failed]
at com.uiFramework.Genesis.regression.web.OutboundQATest.shouldAcceptManifestForMainOrder(OutboundQATest.java:59)
at java.base/java.util.ArrayList.forEach(ArrayList.java:1511)
... Removed 29 stack frames]]>
    </failure>
  </testcase> <!-- shouldAcceptManifestForMainOrder -->
  <testcase classname="com.uiFramework.Genesis.regression.web.ConsigneeQATest" name="shouldDisplayEditableFieldsForTrackingUpdatedRequest" time="28.407"/>
  <testcase classname="com.uiFramework.Genesis.regression.web.ConsigneeQATest" name="shouldValidateReceivedOrderPiecesWhenMarkSameQtyBtnClicked" time="0.364"/>
  <testcase classname="com.uiFramework.Genesis.regression.web.ConsigneeQATest" name="shouldAllowUserToCompleteRequest" time="14.275"/>
  <testcase classname="com.uiFramework.Genesis.base.TestBase" name="@BeforeSuite beforeSuite" time="0.0">
    <ignored/>
  </testcase> <!-- @BeforeSuite beforeSuite -->
  <testcase classname="com.uiFramework.Genesis.regression.web.OutboundQATest" name="shouldUpdateOrderStatusAfterPartialOutboundQADone" time="0.0">
    <ignored/>
  </testcase> <!-- shouldUpdateOrderStatusAfterPartialOutboundQADone -->
  <testcase classname="com.uiFramework.Genesis.regression.web.InboundTruckTest" name="shouldUpdateOrderStatusWhenTruckLoaded" time="0.0">
    <ignored/>
  </testcase> <!-- shouldUpdateOrderStatusWhenTruckLoaded -->
  <testcase classname="com.uiFramework.Genesis.regression.web.OutboundQATest" name="shouldCheckMandateMsgIfOrderNotSelected" time="0.0">
    <ignored/>
  </testcase> <!-- shouldCheckMandateMsgIfOrderNotSelected -->
  <testcase classname="com.uiFramework.Genesis.regression.web.OutboundPalletTest" name="shouldNotAllowPalletDeletionAfterArrival" time="0.0">
    <ignored/>
  </testcase> <!-- shouldNotAllowPalletDeletionAfterArrival -->
  <testcase classname="com.uiFramework.Genesis.regression.web.OutboundTruckTest" name="shouldUpdateRoutesInEditOutboundTruck" time="0.0">
    <ignored/>
  </testcase> <!-- shouldUpdateRoutesInEditOutboundTruck -->
  <testcase classname="com.uiFramework.Genesis.regression.web.DocQueueTest" name="shouldConfirmDifferentRequestsCreatedForDifferentLDAs" time="0.0">
    <ignored/>
  </testcase> <!-- shouldConfirmDifferentRequestsCreatedForDifferentLDAs -->
  <testcase classname="com.uiFramework.Genesis.regression.web.OutboundQATest" name="shouldNotAllowEnteringExtraReceivedOrderPieces" time="0.0">
    <ignored/>
  </testcase> <!-- shouldNotAllowEnteringExtraReceivedOrderPieces -->
  <testcase classname="com.uiFramework.Genesis.regression.web.OutboundTruckTest" name="shouldDisplayLDACodesCorrectlyOnListing" time="0.0">
    <ignored/>
  </testcase> <!-- shouldDisplayLDACodesCorrectlyOnListing -->
  <testcase classname="com.uiFramework.Genesis.regression.web.OutboundTruckTest" name="shouldNotAllowAddedPalletToCreateOutboundTruck" time="0.0">
    <ignored/>
  </testcase> <!-- shouldNotAllowAddedPalletToCreateOutboundTruck -->
  <testcase classname="com.uiFramework.Genesis.regression.web.InboundTruckTest" name="shouldDeleteTruckAndMakePalletAvailableToAddInInboundTruck" time="0.0">
    <ignored/>
  </testcase> <!-- shouldDeleteTruckAndMakePalletAvailableToAddInInboundTruck -->
  <testcase classname="com.uiFramework.Genesis.regression.web.OutboundQATest" name="shouldValidateLitOrderPiecesWhenMarkSameQtyButtonClicked" time="0.0">
    <ignored/>
  </testcase> <!-- shouldValidateLitOrderPiecesWhenMarkSameQtyButtonClicked -->
  <testcase classname="com.uiFramework.Genesis.base.UniversalBase" name="@AfterSuite flushReport" time="0.0">
    <ignored/>
  </testcase> <!-- @AfterSuite flushReport -->
  <testcase classname="com.uiFramework.Genesis.regression.web.ConsigneeQATest" name="shouldAllowUserToOpenCompletedRequest" time="0.0">
    <ignored/>
  </testcase> <!-- shouldAllowUserToOpenCompletedRequest -->
  <testcase classname="com.uiFramework.Genesis.regression.web.OutboundQATest" name="shouldDisplaySelectedManifestInGrid" time="0.0">
    <ignored/>
  </testcase> <!-- shouldDisplaySelectedManifestInGrid -->
  <testcase classname="com.uiFramework.Genesis.regression.web.ConsigneeQATest" name="shouldValidateLiteratureOrderPiecesWhenMarkSameQtyBtnClicked" time="0.0">
    <ignored/>
  </testcase> <!-- shouldValidateLiteratureOrderPiecesWhenMarkSameQtyBtnClicked -->
  <testcase classname="com.uiFramework.Genesis.regression.web.UpdateTrackingTest" name="shouldNotAllowFileUpdateWithoutETADetails" time="0.0">
    <ignored/>
  </testcase> <!-- shouldNotAllowFileUpdateWithoutETADetails -->
  <testcase classname="com.uiFramework.Genesis.regression.web.UpdateTrackingTest" name="shouldShowErrorMessageIfReqSelectedButTrackingNoNotEntered" time="0.0">
    <ignored/>
  </testcase> <!-- shouldShowErrorMessageIfReqSelectedButTrackingNoNotEntered -->
  <testcase classname="com.uiFramework.Genesis.regression.web.OutboundQATest" name="shouldCheckFisrtOrderShouldBeDisable" time="0.0">
    <ignored/>
  </testcase> <!-- shouldCheckFisrtOrderShouldBeDisable -->
  <testcase classname="com.uiFramework.Genesis.regression.web.OrderTest" name="shouldAllowOrderDeletionAfterConfirmation" time="0.0">
    <ignored/>
  </testcase> <!-- shouldAllowOrderDeletionAfterConfirmation -->
  <testcase classname="com.uiFramework.Genesis.regression.web.OrderTest" name="shouldDisplayBarcodeAfterDistributorOrderConfirmation" time="0.0">
    <ignored/>
  </testcase> <!-- shouldDisplayBarcodeAfterDistributorOrderConfirmation -->
  <testcase classname="com.uiFramework.Genesis.base.UniversalBase" name="@BeforeTest setupSuite" time="0.0">
    <ignored/>
  </testcase> <!-- @BeforeTest setupSuite -->
  <testcase classname="com.uiFramework.Genesis.base.TestBase" name="@BeforeSuite beforeSuite" time="0.0">
    <ignored/>
  </testcase> <!-- @BeforeSuite beforeSuite -->
  <testcase classname="com.uiFramework.Genesis.regression.web.OrderTest" name="shouldShowErrorForDuplicateCustomerOrderNumber" time="0.0">
    <ignored/>
  </testcase> <!-- shouldShowErrorForDuplicateCustomerOrderNumber -->
  <testcase classname="com.uiFramework.Genesis.regression.web.OutboundQATest" name="shouldMakeReceivedDateMandatory" time="0.0">
    <ignored/>
  </testcase> <!-- shouldMakeReceivedDateMandatory -->
  <testcase classname="com.uiFramework.Genesis.regression.web.DocQueueTest" name="shouldCreateDifferentOrderProcessesForDifferentLDAs" time="0.0">
    <ignored/>
  </testcase> <!-- shouldCreateDifferentOrderProcessesForDifferentLDAs -->
  <testcase classname="com.uiFramework.Genesis.regression.web.InboundTruckTest" name="shouldCheckOrderProcessShowcorrect" time="0.0">
    <ignored/>
  </testcase> <!-- shouldCheckOrderProcessShowcorrect -->
  <testcase classname="com.uiFramework.Genesis.regression.web.OutboundPalletTest" name="verifyCreatedOrderIsAvailableInPallet" time="0.0">
    <ignored/>
  </testcase> <!-- verifyCreatedOrderIsAvailableInPallet -->
  <testcase classname="com.uiFramework.Genesis.regression.web.DocQueueTest" name="shouldCreateDifferentManifestsForDifferentLDAs" time="0.0">
    <ignored/>
  </testcase> <!-- shouldCreateDifferentManifestsForDifferentLDAs -->
  <testcase classname="com.uiFramework.Genesis.regression.web.OrderTest" name="shouldShowErrorMessagesForMandatoryFields" time="0.0">
    <ignored/>
  </testcase> <!-- shouldShowErrorMessagesForMandatoryFields -->
  <testcase classname="com.uiFramework.Genesis.regression.web.DocQueueTest" name="shouldConfirmDifferentRequestsCreatedForDifferentConsignees" time="0.0">
    <ignored/>
  </testcase> <!-- shouldConfirmDifferentRequestsCreatedForDifferentConsignees -->
  <testcase classname="com.uiFramework.Genesis.regression.web.OrderTest" name="shouldValidateOrderStatusCountOnLabelBadges" time="0.0">
    <ignored/>
  </testcase> <!-- shouldValidateOrderStatusCountOnLabelBadges -->
  <testcase classname="com.uiFramework.Genesis.regression.web.UpdateTrackingTest" name="shouldNotAllowUpdateWithoutRequiredDetails" time="0.0">
    <ignored/>
  </testcase> <!-- shouldNotAllowUpdateWithoutRequiredDetails -->
  <testcase classname="com.uiFramework.Genesis.regression.web.InboundPalletTest" name="shouldNotDeletePalletIfQADone" time="0.0">
    <ignored/>
  </testcase> <!-- shouldNotDeletePalletIfQADone -->
  <testcase classname="com.uiFramework.Genesis.regression.web.DocQueueTest" name="shouldCreateDifferentLBOLsForDifferentConsignees" time="0.0">
    <ignored/>
  </testcase> <!-- shouldCreateDifferentLBOLsForDifferentConsignees -->
  <testcase classname="com.uiFramework.Genesis.regression.web.OrderTest" name="shouldValidateLocalCarrierTextAndQAStatusAndPODUnset" time="0.0">
    <ignored/>
  </testcase> <!-- shouldValidateLocalCarrierTextAndQAStatusAndPODUnset -->
  <testcase classname="com.uiFramework.Genesis.regression.web.InboundPalletTest" name="shouldNotMergeInboundPalletWithDifferentPickup" time="0.0">
    <ignored/>
  </testcase> <!-- shouldNotMergeInboundPalletWithDifferentPickup -->
  <testcase classname="com.uiFramework.Genesis.regression.web.InboundPalletTest" name="shouldAllowDeletedPalletToBeAvailableAfterPalletDeletion" time="0.0">
    <ignored/>
  </testcase> <!-- shouldAllowDeletedPalletToBeAvailableAfterPalletDeletion -->
  <testcase classname="com.uiFramework.Genesis.regression.web.OutboundQATest" name="shouldDisplayCorrectTotalPiecesCount" time="0.0">
    <ignored/>
  </testcase> <!-- shouldDisplayCorrectTotalPiecesCount -->
  <testcase classname="com.uiFramework.Genesis.regression.web.OutboundQATest" name="shouldNotAllowEnteringExtraLiteratureOrderPieces" time="0.0">
    <ignored/>
  </testcase> <!-- shouldNotAllowEnteringExtraLiteratureOrderPieces -->
  <testcase classname="com.uiFramework.Genesis.regression.web.InboundPalletTest" name="shouldRemoveOrdersInEditPalletAndPalletAutoDelete" time="0.0">
    <ignored/>
  </testcase> <!-- shouldRemoveOrdersInEditPalletAndPalletAutoDelete -->
  <testcase classname="com.uiFramework.Genesis.regression.web.InboundTruckTest" name="shouldNotDeleteTruckIfQADone" time="0.0">
    <ignored/>
  </testcase> <!-- shouldNotDeleteTruckIfQADone -->
  <testcase classname="com.uiFramework.Genesis.regression.web.OutboundQATest" name="shouldAllowUserToOpenCompletedQA" time="0.0">
    <ignored/>
  </testcase> <!-- shouldAllowUserToOpenCompletedQA -->
  <testcase classname="com.uiFramework.Genesis.regression.web.OutboundTruckTest" name="shouldDisplayTruckDetailsInEditOutboundTruckMode" time="0.0">
    <ignored/>
  </testcase> <!-- shouldDisplayTruckDetailsInEditOutboundTruckMode -->
  <testcase classname="com.uiFramework.Genesis.regression.web.InboundQATest" name="checkQAStatusFailedforInbound" time="0.0">
    <ignored/>
  </testcase> <!-- checkQAStatusFailedforInbound -->
  <testcase classname="com.uiFramework.Genesis.base.TestBase" name="@AfterSuite tearDown" time="0.0">
    <ignored/>
  </testcase> <!-- @AfterSuite tearDown -->
  <testcase classname="com.uiFramework.Genesis.base.UniversalBase" name="@BeforeTest setupSuite" time="0.0">
    <ignored/>
  </testcase> <!-- @BeforeTest setupSuite -->
  <testcase classname="com.uiFramework.Genesis.regression.web.OutboundTruckTest" name="shouldNotAllowMultiDropLocationForNonUPS" time="0.0">
    <ignored/>
  </testcase> <!-- shouldNotAllowMultiDropLocationForNonUPS -->
  <testcase classname="com.uiFramework.Genesis.regression.web.UpdateTrackingTest" name="shouldValidateMultipleRequestData" time="0.0">
    <ignored/>
  </testcase> <!-- shouldValidateMultipleRequestData -->
  <testcase classname="com.uiFramework.Genesis.regression.web.OutboundPalletTest" name="shouldApplyColumnFilterOnCreateOutboundPallet" time="0.0">
    <ignored/>
  </testcase> <!-- shouldApplyColumnFilterOnCreateOutboundPallet -->
  <testcase classname="com.uiFramework.Genesis.regression.web.InboundPalletTest" name="shouldNotAllowAddingSameOrderToAnotherPallet" time="0.0">
    <ignored/>
  </testcase> <!-- shouldNotAllowAddingSameOrderToAnotherPallet -->
  <testcase classname="com.uiFramework.Genesis.base.UniversalBase" name="@AfterSuite flushReport" time="0.0">
    <ignored/>
  </testcase> <!-- @AfterSuite flushReport -->
  <testcase classname="com.uiFramework.Genesis.regression.web.DocQueueTest" name="shouldDisplayRegularRequestsOnRegularCheckbox" time="0.0">
    <ignored/>
  </testcase> <!-- shouldDisplayRegularRequestsOnRegularCheckbox -->
  <testcase classname="com.uiFramework.Genesis.regression.web.OutboundTruckTest" name="shouldVerifyCostEstimateOnEditingOutboundTruck" time="0.0">
    <ignored/>
  </testcase> <!-- shouldVerifyCostEstimateOnEditingOutboundTruck -->
  <testcase classname="com.uiFramework.Genesis.regression.web.OutboundTruckTest" name="shouldDisplayDefaultCostEstimateAndOrderProcess" time="0.0">
    <ignored/>
  </testcase> <!-- shouldDisplayDefaultCostEstimateAndOrderProcess -->
  <testcase classname="com.uiFramework.Genesis.regression.web.UpdateTrackingTest" name="shouldRecErrMsgIfReqTrkNoSelButETAIsNotEnter" time="0.0">
    <ignored/>
  </testcase> <!-- shouldRecErrMsgIfReqTrkNoSelButETAIsNotEnter -->
  <testcase classname="com.uiFramework.Genesis.regression.web.OutboundQATest" name="shouldDisplaySelectedLDAInGrid" time="0.0">
    <ignored/>
  </testcase> <!-- shouldDisplaySelectedLDAInGrid -->
  <testcase classname="com.uiFramework.Genesis.base.UniversalBase" name="@BeforeTest setupSuite" time="0.0">
    <ignored/>
  </testcase> <!-- @BeforeTest setupSuite -->
  <testcase classname="com.uiFramework.Genesis.regression.web.OutboundPalletTest" name="verifyAutoDeletedPalletNotVisibleAndOrderIsAvailableToAdd" time="0.0">
    <ignored/>
  </testcase> <!-- verifyAutoDeletedPalletNotVisibleAndOrderIsAvailableToAdd -->
  <testcase classname="com.uiFramework.Genesis.base.UniversalBase" name="@AfterSuite flushReport" time="0.0">
    <ignored/>
  </testcase> <!-- @AfterSuite flushReport -->
  <testcase classname="com.uiFramework.Genesis.regression.web.OutboundTruckTest" name="shouldVerifyOrderProcessDuringOutboundTruckEdit" time="0.0">
    <ignored/>
  </testcase> <!-- shouldVerifyOrderProcessDuringOutboundTruckEdit -->
  <testcase classname="com.uiFramework.Genesis.base.TestBase" name="@AfterSuite tearDown" time="0.0">
    <ignored/>
  </testcase> <!-- @AfterSuite tearDown -->
  <testcase classname="com.uiFramework.Genesis.regression.web.OrderTest" name="shouldDeleteFileSuccessfully" time="0.0">
    <ignored/>
  </testcase> <!-- shouldDeleteFileSuccessfully -->
  <testcase classname="com.uiFramework.Genesis.base.UniversalBase" name="@AfterSuite flushReport" time="0.0">
    <ignored/>
  </testcase> <!-- @AfterSuite flushReport -->
  <testcase classname="com.uiFramework.Genesis.base.UniversalBase" name="@BeforeTest setupSuite" time="0.0">
    <ignored/>
  </testcase> <!-- @BeforeTest setupSuite -->
  <testcase classname="com.uiFramework.Genesis.base.UniversalBase" name="@AfterSuite flushReport" time="0.0">
    <ignored/>
  </testcase> <!-- @AfterSuite flushReport -->
  <testcase classname="com.uiFramework.Genesis.regression.web.OrderTest" name="shouldAddEditAndDeleteCommentSuccessfully" time="0.0">
    <ignored/>
  </testcase> <!-- shouldAddEditAndDeleteCommentSuccessfully -->
  <testcase classname="com.uiFramework.Genesis.regression.web.DocQueueTest" name="shouldDisplayCloseoutRequestsOnCloseoutCheckbox" time="0.0">
    <ignored/>
  </testcase> <!-- shouldDisplayCloseoutRequestsOnCloseoutCheckbox -->
  <testcase classname="com.uiFramework.Genesis.regression.web.OutboundQATest" name="shouldUpdateOrderStatusAfterOutboundQADone" time="0.0">
    <ignored/>
  </testcase> <!-- shouldUpdateOrderStatusAfterOutboundQADone -->
  <testcase classname="com.uiFramework.Genesis.regression.web.OrderTest" name="shouldCreateDistributorOrderWithRequiredDetails" time="0.0">
    <ignored/>
  </testcase> <!-- shouldCreateDistributorOrderWithRequiredDetails -->
  <testcase classname="com.uiFramework.Genesis.regression.web.OutboundTruckTest" name="shouldNotAllowPalletEditingOnceArrived" time="0.0">
    <ignored/>
  </testcase> <!-- shouldNotAllowPalletEditingOnceArrived -->
  <testcase classname="com.uiFramework.Genesis.regression.web.ConsigneeQATest" name="shouldAllowUserToUploadExcelFile" time="0.0">
    <ignored/>
  </testcase> <!-- shouldAllowUserToUploadExcelFile -->
  <testcase classname="com.uiFramework.Genesis.regression.web.OrderTest" name="shouldNotAllowDeletionWhenOrderInPalletStage" time="0.0">
    <ignored/>
  </testcase> <!-- shouldNotAllowDeletionWhenOrderInPalletStage -->
  <testcase classname="com.uiFramework.Genesis.regression.web.InboundPalletTest" name="shouldVerifyPalletQuantityAndStatusForInboundPallet" time="0.0">
    <ignored/>
  </testcase> <!-- shouldVerifyPalletQuantityAndStatusForInboundPallet -->
  <testcase classname="com.uiFramework.Genesis.regression.web.OutboundQATest" name="shouldUpdateOrderStatusAfterSchedDellivery" time="0.0">
    <ignored/>
  </testcase> <!-- shouldUpdateOrderStatusAfterSchedDellivery -->
  <testcase classname="com.uiFramework.Genesis.base.TestBase" name="@BeforeSuite beforeSuite" time="0.0">
    <ignored/>
  </testcase> <!-- @BeforeSuite beforeSuite -->
  <testcase classname="com.uiFramework.Genesis.regression.web.ConsigneeQATest" name="shouldNotAllowSavingFileWithoutTime" time="0.0">
    <ignored/>
  </testcase> <!-- shouldNotAllowSavingFileWithoutTime -->
  <testcase classname="com.uiFramework.Genesis.regression.web.InboundTruckTest" name="shouldMakeRemovedPalletAvailableToAddInInboundCreateTruck" time="0.0">
    <ignored/>
  </testcase> <!-- shouldMakeRemovedPalletAvailableToAddInInboundCreateTruck -->
  <testcase classname="com.uiFramework.Genesis.regression.web.OutboundTruckTest" name="shouldClearFieldsWhenClearButtonClickedOnObtCreateTruck" time="0.0">
    <ignored/>
  </testcase> <!-- shouldClearFieldsWhenClearButtonClickedOnObtCreateTruck -->
  <testcase classname="com.uiFramework.Genesis.regression.web.InboundQATest" name="validateInboundQAscreen" time="0.0">
    <ignored/>
  </testcase> <!-- validateInboundQAscreen -->
  <testcase classname="com.uiFramework.Genesis.regression.web.ConsigneeQATest" name="shouldAllowUserToSaveDetailsInDraft" time="0.0">
    <ignored/>
  </testcase> <!-- shouldAllowUserToSaveDetailsInDraft -->
  <testcase classname="com.uiFramework.Genesis.base.TestBase" name="@AfterSuite tearDown" time="0.0">
    <ignored/>
  </testcase> <!-- @AfterSuite tearDown -->
  <testcase classname="com.uiFramework.Genesis.base.TestBase" name="@AfterSuite tearDown" time="0.0">
    <ignored/>
  </testcase> <!-- @AfterSuite tearDown -->
  <testcase classname="com.uiFramework.Genesis.regression.web.InboundTruckTest" name="shouldCreateEmptyInboundTruck" time="0.0">
    <ignored/>
  </testcase> <!-- shouldCreateEmptyInboundTruck -->
  <testcase classname="com.uiFramework.Genesis.regression.web.OutboundPalletTest" name="shouldNotAllowAddedOrdersForPalletCreation" time="0.0">
    <ignored/>
  </testcase> <!-- shouldNotAllowAddedOrdersForPalletCreation -->
  <testcase classname="com.uiFramework.Genesis.regression.web.InboundPalletTest" name="shouldPerformMergeWhenButtonClicked" time="0.0">
    <ignored/>
  </testcase> <!-- shouldPerformMergeWhenButtonClicked -->
  <testcase classname="com.uiFramework.Genesis.regression.web.OutboundQATest" name="shouldMakeVoiceMailDateMandatory" time="0.0">
    <ignored/>
  </testcase> <!-- shouldMakeVoiceMailDateMandatory -->
  <testcase classname="com.uiFramework.Genesis.base.TestBase" name="@AfterSuite tearDown" time="0.0">
    <ignored/>
  </testcase> <!-- @AfterSuite tearDown -->
  <testcase classname="com.uiFramework.Genesis.regression.web.InboundTruckTest" name="shouldNotAllowEditPalletIfQADone" time="0.0">
    <ignored/>
  </testcase> <!-- shouldNotAllowEditPalletIfQADone -->
  <testcase classname="com.uiFramework.Genesis.regression.web.InboundQATest" name="validateTotalPiecesinTruck" time="0.0">
    <ignored/>
  </testcase> <!-- validateTotalPiecesinTruck -->
  <testcase classname="com.uiFramework.Genesis.regression.web.OutboundQATest" name="shouldPopulateDefaultValueAsZero" time="0.0">
    <ignored/>
  </testcase> <!-- shouldPopulateDefaultValueAsZero -->
  <testcase classname="com.uiFramework.Genesis.regression.web.OutboundPalletTest" name="shouldVerifyPalletQuantityOnOutboundPallet" time="0.0">
    <ignored/>
  </testcase> <!-- shouldVerifyPalletQuantityOnOutboundPallet -->
  <testcase classname="com.uiFramework.Genesis.regression.web.OutboundPalletTest" name="shouldIncludeMultipleLDAsInSinglePallet" time="0.0">
    <ignored/>
  </testcase> <!-- shouldIncludeMultipleLDAsInSinglePallet -->
  <testcase classname="com.uiFramework.Genesis.regression.web.OutboundQATest" name="shouldDisplayEditableFieldsForTrackingUpdatedRequest" time="0.0">
    <ignored/>
  </testcase> <!-- shouldDisplayEditableFieldsForTrackingUpdatedRequest -->
  <testcase classname="com.uiFramework.Genesis.base.TestBase" name="@BeforeSuite beforeSuite" time="0.0">
    <ignored/>
  </testcase> <!-- @BeforeSuite beforeSuite -->
  <testcase classname="com.uiFramework.Genesis.regression.web.InboundQATest" name="verifyTruckDataDisplayedCorrectlyOnView" time="0.0">
    <ignored/>
  </testcase> <!-- verifyTruckDataDisplayedCorrectlyOnView -->
  <testcase classname="com.uiFramework.Genesis.regression.web.DocQueueTest" name="shouldConfirmSameRequestCreatedForDifferentLDAs" time="0.0">
    <ignored/>
  </testcase> <!-- shouldConfirmSameRequestCreatedForDifferentLDAs -->
  <testcase classname="com.uiFramework.Genesis.base.UniversalBase" name="@AfterSuite flushReport" time="0.0">
    <ignored/>
  </testcase> <!-- @AfterSuite flushReport -->
  <testcase classname="com.uiFramework.Genesis.base.UniversalBase" name="@AfterSuite flushReport" time="0.0">
    <ignored/>
  </testcase> <!-- @AfterSuite flushReport -->
  <testcase classname="com.uiFramework.Genesis.regression.web.DocQueueTest" name="shouldConfirmDiffRequestsCreatedForDifferentLDAs" time="0.0">
    <ignored/>
  </testcase> <!-- shouldConfirmDiffRequestsCreatedForDifferentLDAs -->
  <testcase classname="com.uiFramework.Genesis.regression.web.ConsigneeQATest" name="shouldNotAllowEnteringExtraLiteratureOrderPieces" time="0.0">
    <ignored/>
  </testcase> <!-- shouldNotAllowEnteringExtraLiteratureOrderPieces -->
  <testcase classname="com.uiFramework.Genesis.base.UniversalBase" name="@BeforeTest setupSuite" time="0.0">
    <ignored/>
  </testcase> <!-- @BeforeTest setupSuite -->
  <testcase classname="com.uiFramework.Genesis.regression.web.UpdateTrackingTest" name="shouldAllowUpdateWithValidData" time="0.0">
    <ignored/>
  </testcase> <!-- shouldAllowUpdateWithValidData -->
  <testcase classname="com.uiFramework.Genesis.regression.web.InboundPalletTest" name="shouldShowCreatedOrderInPalletListingPage" time="0.0">
    <ignored/>
  </testcase> <!-- shouldShowCreatedOrderInPalletListingPage -->
  <testcase classname="com.uiFramework.Genesis.regression.web.InboundQATest" name="checkValidationOnScanningPieces" time="0.0">
    <ignored/>
  </testcase> <!-- checkValidationOnScanningPieces -->
  <testcase classname="com.uiFramework.Genesis.regression.web.OrderTest" name="shouldConfirmMultipleOrdersAndDisplaySuccessToast" time="0.0">
    <ignored/>
  </testcase> <!-- shouldConfirmMultipleOrdersAndDisplaySuccessToast -->
  <testcase classname="com.uiFramework.Genesis.regression.web.ConsigneeQATest" name="shouldNotAllowEnteringExtraReceivedOrderPieces" time="0.0">
    <ignored/>
  </testcase> <!-- shouldNotAllowEnteringExtraReceivedOrderPieces -->
  <testcase classname="com.uiFramework.Genesis.regression.web.InboundQATest" name="verifyMandatoryPiecesOnSaveBtn" time="0.0">
    <ignored/>
  </testcase> <!-- verifyMandatoryPiecesOnSaveBtn -->
  <testcase classname="com.uiFramework.Genesis.base.TestBase" name="@BeforeSuite beforeSuite" time="0.0">
    <ignored/>
  </testcase> <!-- @BeforeSuite beforeSuite -->
  <testcase classname="com.uiFramework.Genesis.base.TestBase" name="@AfterSuite tearDown" time="0.0">
    <ignored/>
  </testcase> <!-- @AfterSuite tearDown -->
  <testcase classname="com.uiFramework.Genesis.base.UniversalBase" name="@AfterSuite flushReport" time="0.0">
    <ignored/>
  </testcase> <!-- @AfterSuite flushReport -->
  <testcase classname="com.uiFramework.Genesis.base.UniversalBase" name="@BeforeTest setupSuite" time="0.0">
    <ignored/>
  </testcase> <!-- @BeforeTest setupSuite -->
  <testcase classname="com.uiFramework.Genesis.regression.web.OutboundTruckTest" name="shouldDeleteTruckAndMakeOrdersAvailableToAdd" time="0.0">
    <ignored/>
  </testcase> <!-- shouldDeleteTruckAndMakeOrdersAvailableToAdd -->
  <testcase classname="com.uiFramework.Genesis.base.UniversalBase" name="@BeforeTest setupSuite" time="0.0">
    <ignored/>
  </testcase> <!-- @BeforeTest setupSuite -->
  <testcase classname="com.uiFramework.Genesis.regression.web.OutboundQATest" name="shouldValidateReceivedOrderPiecesWhenMarkSameQtyButtonClicked" time="0.0">
    <ignored/>
  </testcase> <!-- shouldValidateReceivedOrderPiecesWhenMarkSameQtyButtonClicked -->
  <testcase classname="com.uiFramework.Genesis.base.TestBase" name="@BeforeSuite beforeSuite" time="0.0">
    <ignored/>
  </testcase> <!-- @BeforeSuite beforeSuite -->
  <testcase classname="com.uiFramework.Genesis.regression.web.OutboundTruckTest" name="shouldAllowEditingLTL3rdPartyAndCostEstimate" time="0.0">
    <ignored/>
  </testcase> <!-- shouldAllowEditingLTL3rdPartyAndCostEstimate -->
  <testcase classname="com.uiFramework.Genesis.regression.web.OutboundTruckTest" name="shouldNotAllowTruckDeletionIfTruckHasArrived" time="0.0">
    <ignored/>
  </testcase> <!-- shouldNotAllowTruckDeletionIfTruckHasArrived -->
  <testcase classname="com.uiFramework.Genesis.regression.web.OutboundTruckTest" name="shouldVerifyTruckQuantityAndStatusForEmptyTruck" time="0.0">
    <ignored/>
  </testcase> <!-- shouldVerifyTruckQuantityAndStatusForEmptyTruck -->
  <testcase classname="com.uiFramework.Genesis.regression.web.OutboundPalletTest" name="checkColoumfilterOnOutboundListingPage" time="0.0">
    <ignored/>
  </testcase> <!-- checkColoumfilterOnOutboundListingPage -->
  <testcase classname="com.uiFramework.Genesis.regression.web.OrderTest" name="shouldFetchConsigneeAddressDetails" time="0.0">
    <ignored/>
  </testcase> <!-- shouldFetchConsigneeAddressDetails -->
  <testcase classname="com.uiFramework.Genesis.regression.web.OutboundPalletTest" name="shouldApplyFiltersOnCreateOutboundPalletScreen" time="0.0">
    <ignored/>
  </testcase> <!-- shouldApplyFiltersOnCreateOutboundPalletScreen -->
  <testcase classname="com.uiFramework.Genesis.regression.web.InboundQATest" name="checkDefaultZeroPopulate" time="0.0">
    <ignored/>
  </testcase> <!-- checkDefaultZeroPopulate -->
  <testcase classname="com.uiFramework.Genesis.regression.web.InboundPalletTest" name="shouldNotAllowPalletEditingIfQADone" time="0.0">
    <ignored/>
  </testcase> <!-- shouldNotAllowPalletEditingIfQADone -->
  <testcase classname="com.uiFramework.Genesis.regression.web.OutboundTruckTest" name="shouldRemovedPalletAvailableToAddInOuboundCreateTruck" time="0.0">
    <ignored/>
  </testcase> <!-- shouldRemovedPalletAvailableToAddInOuboundCreateTruck -->
  <testcase classname="com.uiFramework.Genesis.base.UniversalBase" name="@AfterSuite flushReport" time="0.0">
    <ignored/>
  </testcase> <!-- @AfterSuite flushReport -->
  <testcase classname="com.uiFramework.Genesis.regression.web.UpdateTrackingTest" name="shouldAbleToUpdateTrackinIdOfReq" time="0.0">
    <ignored/>
  </testcase> <!-- shouldAbleToUpdateTrackinIdOfReq -->
  <testcase classname="com.uiFramework.Genesis.regression.web.OutboundPalletTest" name="shouldApplyFiltersCorrectlyForOutboundPallet" time="0.0">
    <ignored/>
  </testcase> <!-- shouldApplyFiltersCorrectlyForOutboundPallet -->
  <testcase classname="com.uiFramework.Genesis.regression.web.OutboundTruckTest" name="shouldVerifyCreatedTruckDetailsAndPalletQtyMatch" time="0.0">
    <ignored/>
  </testcase> <!-- shouldVerifyCreatedTruckDetailsAndPalletQtyMatch -->
  <testcase classname="com.uiFramework.Genesis.regression.web.OutboundTruckTest" name="shouldAllowEditingDropLocationDetailsInNonUPSCase" time="0.0">
    <ignored/>
  </testcase> <!-- shouldAllowEditingDropLocationDetailsInNonUPSCase -->
  <testcase classname="com.uiFramework.Genesis.regression.web.DocQueueTest" name="shouldDisplayReconsignmentRequestsOnReconsignmentCheckbox" time="0.0">
    <ignored/>
  </testcase> <!-- shouldDisplayReconsignmentRequestsOnReconsignmentCheckbox -->
  <testcase classname="com.uiFramework.Genesis.regression.web.InboundTruckTest" name="shouldMatchCreatedTruckDetails" time="0.0">
    <ignored/>
  </testcase> <!-- shouldMatchCreatedTruckDetails -->
  <testcase classname="com.uiFramework.Genesis.regression.web.OutboundPalletTest" name="shouldDeletePalletAndMakeOrdersAvailableAfterDeletion" time="0.0">
    <ignored/>
  </testcase> <!-- shouldDeletePalletAndMakeOrdersAvailableAfterDeletion -->
  <testcase classname="com.uiFramework.Genesis.regression.web.DocQueueTest" name="shouldCreateDifferentOrderProcessesForSameLDA" time="0.0">
    <ignored/>
  </testcase> <!-- shouldCreateDifferentOrderProcessesForSameLDA -->
  <testcase classname="com.uiFramework.Genesis.base.TestBase" name="@AfterSuite tearDown" time="0.0">
    <ignored/>
  </testcase> <!-- @AfterSuite tearDown -->
  <testcase classname="com.uiFramework.Genesis.regression.web.ConsigneeQATest" name="shouldAllowUserToUpdatePiecesAfterConsingeeQADone" time="0.0">
    <ignored/>
  </testcase> <!-- shouldAllowUserToUpdatePiecesAfterConsingeeQADone -->
  <testcase classname="com.uiFramework.Genesis.regression.web.InboundTruckTest" name="shouldVerifyEmptyTruckQtyAndStatus" time="0.0">
    <ignored/>
  </testcase> <!-- shouldVerifyEmptyTruckQtyAndStatus -->
  <testcase classname="com.uiFramework.Genesis.regression.web.OutboundTruckTest" name="shouldCreateEmptyOutboundTruck" time="0.0">
    <ignored/>
  </testcase> <!-- shouldCreateEmptyOutboundTruck -->
  <testcase classname="com.uiFramework.Genesis.base.UniversalBase" name="@BeforeTest setupSuite" time="0.0">
    <ignored/>
  </testcase> <!-- @BeforeTest setupSuite -->
  <testcase classname="com.uiFramework.Genesis.regression.web.InboundPalletTest" name="shouldAutoDeletePalletAndAllowOrderToBeAdded" time="0.0">
    <ignored/>
  </testcase> <!-- shouldAutoDeletePalletAndAllowOrderToBeAdded -->
  <testcase classname="com.uiFramework.Genesis.regression.web.InboundTruckTest" name="shouldNotAllowAddingPalletToCreateTruck" time="0.0">
    <ignored/>
  </testcase> <!-- shouldNotAllowAddingPalletToCreateTruck -->
  <testcase classname="com.uiFramework.Genesis.base.TestBase" name="@AfterSuite tearDown" time="0.0">
    <ignored/>
  </testcase> <!-- @AfterSuite tearDown -->
  <testcase classname="com.uiFramework.Genesis.regression.web.OrderTest" name="shouldNotGenerateBarcodeAndShowCorrectOrderStatusOnConfirm" time="0.0">
    <ignored/>
  </testcase> <!-- shouldNotGenerateBarcodeAndShowCorrectOrderStatusOnConfirm -->
  <testcase classname="com.uiFramework.Genesis.regression.web.OrderTest" name="shouldShowErrorOnConfirmFromListingWithMissingFields" time="0.0">
    <ignored/>
  </testcase> <!-- shouldShowErrorOnConfirmFromListingWithMissingFields -->
  <testcase classname="com.uiFramework.Genesis.regression.web.DocQueueTest" name="shouldPersistColumnFilterOnSplitPOD" time="0.0">
    <ignored/>
  </testcase> <!-- shouldPersistColumnFilterOnSplitPOD -->
  <testcase classname="com.uiFramework.Genesis.regression.web.UpdateTrackingTest" name="shouldNotAllowFileUpdateWithoutTrackingNumberDetails" time="0.0">
    <ignored/>
  </testcase> <!-- shouldNotAllowFileUpdateWithoutTrackingNumberDetails -->
  <testcase classname="com.uiFramework.Genesis.base.TestBase" name="@AfterSuite tearDown" time="0.0">
    <ignored/>
  </testcase> <!-- @AfterSuite tearDown -->
  <testcase classname="com.uiFramework.Genesis.regression.web.OutboundTruckTest" name="shouldValidateMultiDropForNonUPSCase" time="0.0">
    <ignored/>
  </testcase> <!-- shouldValidateMultiDropForNonUPSCase -->
  <testcase classname="com.uiFramework.Genesis.base.TestBase" name="@BeforeSuite beforeSuite" time="0.0">
    <ignored/>
  </testcase> <!-- @BeforeSuite beforeSuite -->
  <testcase classname="com.uiFramework.Genesis.regression.web.OutboundQATest" name="shouldAllowUserToPartialOutboundQA" time="0.0">
    <ignored/>
  </testcase> <!-- shouldAllowUserToPartialOutboundQA -->
  <testcase classname="com.uiFramework.Genesis.base.TestBase" name="@BeforeSuite beforeSuite" time="0.0">
    <ignored/>
  </testcase> <!-- @BeforeSuite beforeSuite -->
  <testcase classname="com.uiFramework.Genesis.base.TestBase" name="@BeforeSuite beforeSuite" time="0.0">
    <ignored/>
  </testcase> <!-- @BeforeSuite beforeSuite -->
  <testcase classname="com.uiFramework.Genesis.regression.web.OutboundPalletTest" name="shouldCheckPaginationOnCreateOutboundPalletScreen" time="0.0">
    <ignored/>
  </testcase> <!-- shouldCheckPaginationOnCreateOutboundPalletScreen -->
  <testcase classname="com.uiFramework.Genesis.base.UniversalBase" name="@BeforeTest setupSuite" time="0.0">
    <ignored/>
  </testcase> <!-- @BeforeTest setupSuite -->
  <testcase classname="com.uiFramework.Genesis.regression.web.OutboundQATest" name="shouldVerifyReceivedAndVoicemailDatesAreCurrentDate" time="0.0">
    <ignored/>
  </testcase> <!-- shouldVerifyReceivedAndVoicemailDatesAreCurrentDate -->
  <testcase classname="com.uiFramework.Genesis.regression.web.OrderTest" name="shouldDeleteOrderSuccessfullyWhenInDraftStatusInDraft" time="0.0">
    <ignored/>
  </testcase> <!-- shouldDeleteOrderSuccessfullyWhenInDraftStatusInDraft -->
  <testcase classname="com.uiFramework.Genesis.regression.web.OrderTest" name="shouldNotGenerateBarcodeWhenCheckboxIsUnchecked" time="0.0">
    <ignored/>
  </testcase> <!-- shouldNotGenerateBarcodeWhenCheckboxIsUnchecked -->
  <testcase classname="com.uiFramework.Genesis.regression.web.ConsigneeQATest" name="shouldAllowUserToOpenDraftRequest" time="0.0">
    <ignored/>
  </testcase> <!-- shouldAllowUserToOpenDraftRequest -->
</testsuite> <!-- smoke -->
