<?xml version="1.0" encoding="UTF-8"?>
<!-- Generated by org.testng.reporters.JUnitXMLReporter -->
<testsuite ignored="0" hostname="DESKTOP-CR309KG" failures="0" tests="3" name="Test" time="52.563" errors="0" timestamp="2025-11-25T14:58:36 IST">
  <testcase classname="com.uiFramework.Genesis.regression.web.OrderTest" name="shouldDisplayOrderFormOnCreateButtonClick" time="10.401"/>
  <testcase classname="com.uiFramework.Genesis.regression.web.OrderTest" name="shouldShowErrorMessagesForMandatoryFields" time="1.597"/>
  <testcase classname="com.uiFramework.Genesis.regression.web.OrderTest" name="shouldKeepConsigneeDropdownEmptyUntilCustomerSelected" time="40.466"/>
</testsuite> <!-- Test -->
