<?xml version="1.0" encoding="UTF-8"?>
<!-- Generated by org.testng.reporters.JUnitXMLReporter -->
<testsuite ignored="21" hostname="DESKTOP-UQFI3OJ" failures="25" tests="72" name="Test" time="910.928" errors="0" timestamp="2026-01-20T18:27:25 IST">
  <testcase classname="com.uiFramework.Genesis.regression.lda.LDAQATest" name="createorderForLDA" time="248.261">
    <failure type="org.openqa.selenium.TimeoutException" message="Expected condition failed: waiting for element to be clickable: By.xpath: //a[@href=&amp;apos;/documents/document-queue&amp;apos;] (tried for 10 second(s) with 250 milliseconds interval)
Build info: version: &amp;apos;4.12.0&amp;apos;, revision: &amp;apos;249f2a7d1b*&amp;apos;
System info: os.name: &amp;apos;Windows 10&amp;apos;, os.arch: &amp;apos;amd64&amp;apos;, os.version: &amp;apos;10.0&amp;apos;, java.version: &amp;apos;17.0.10&amp;apos;
Driver info: org.openqa.selenium.chrome.ChromeDriver
Capabilities {acceptInsecureCerts: false, browserName: chrome, browserVersion: 144.0.7559.59, chrome: {chromedriverVersion: 144.0.7559.31 (18537d992890..., userDataDir: C:\Users\EMP256\AppData\Loc...}, fedcm:accounts: true, goog:chromeOptions: {debuggerAddress: localhost:55286}, goog:processID: 144008, networkConnectionEnabled: false, pageLoadStrategy: normal, platformName: windows, proxy: Proxy(), se:cdp: ws://localhost:55286/devtoo..., se:cdpVersion: 144.0.7559.59, setWindowRect: true, strictFileInteractability: false, timeouts: {implicit: 0, pageLoad: 300000, script: 30000}, unhandledPromptBehavior: dismiss and notify, webauthn:extension:credBlob: true, webauthn:extension:largeBlob: true, webauthn:extension:minPinLength: true, webauthn:extension:prf: true, webauthn:virtualAuthenticators: true}
Session ID: ab22f7dc1fb9e63f42c209b8e42761f6">
      <![CDATA[org.openqa.selenium.TimeoutException: Expected condition failed: waiting for element to be clickable: By.xpath: //a[@href='/documents/document-queue'] (tried for 10 second(s) with 250 milliseconds interval)
Build info: version: '4.12.0', revision: '249f2a7d1b*'
System info: os.name: 'Windows 10', os.arch: 'amd64', os.version: '10.0', java.version: '17.0.10'
Driver info: org.openqa.selenium.chrome.ChromeDriver
Capabilities {acceptInsecureCerts: false, browserName: chrome, browserVersion: 144.0.7559.59, chrome: {chromedriverVersion: 144.0.7559.31 (18537d992890..., userDataDir: C:\Users\EMP256\AppData\Loc...}, fedcm:accounts: true, goog:chromeOptions: {debuggerAddress: localhost:55286}, goog:processID: 144008, networkConnectionEnabled: false, pageLoadStrategy: normal, platformName: windows, proxy: Proxy(), se:cdp: ws://localhost:55286/devtoo..., se:cdpVersion: 144.0.7559.59, setWindowRect: true, strictFileInteractability: false, timeouts: {implicit: 0, pageLoad: 300000, script: 30000}, unhandledPromptBehavior: dismiss and notify, webauthn:extension:credBlob: true, webauthn:extension:largeBlob: true, webauthn:extension:minPinLength: true, webauthn:extension:prf: true, webauthn:virtualAuthenticators: true}
Session ID: ab22f7dc1fb9e63f42c209b8e42761f6
at org.openqa.selenium.support.ui.WebDriverWait.timeoutException(WebDriverWait.java:84)
at org.openqa.selenium.support.ui.FluentWait.until(FluentWait.java:230)
at com.uiFramework.Genesis.helper.WaitHelper.waitForElementClickable(WaitHelper.java:127)
at com.uiFramework.Genesis.helper.WaitHelper.waitToClick(WaitHelper.java:171)
at com.uiFramework.Genesis.web.pages.DocQueue.docQueueMenu(DocQueue.java:73)
at com.uiFramework.Genesis.web.pages.NavigationPages.docGenerationProcess(NavigationPages.java:464)
at com.uiFramework.Genesis.web.pages.NavigationPages.endToEndOrder(NavigationPages.java:647)
at com.uiFramework.Genesis.regression.lda.LDAQATest.createorderForLDA(LDAQATest.java:42)
at java.base/java.util.ArrayList.forEach(ArrayList.java:1511)
... Removed 27 stack frames]]>
    </failure>
  </testcase> <!-- createorderForLDA -->
  <testcase classname="com.uiFramework.Genesis.regression.lda.LDAQATest" name="shouldNotDisplayedManifestBeforeTrackingUpdate" time="11.983"/>
  <testcase classname="com.uiFramework.Genesis.regression.lda.LDAQATest" name="shouldManifestAvailableOnLDAPortal" time="30.762"/>
  <testcase classname="com.uiFramework.Genesis.regression.lda.LDAQATest" name="shouldDisplayedTrackingNoAndETA" time="0.037"/>
  <testcase classname="com.uiFramework.Genesis.regression.lda.LDAQATest" name="shouldDisplayedToastForSelectOrders" time="2.4"/>
  <testcase classname="com.uiFramework.Genesis.regression.lda.LDAQATest" name="shouldDisplayedTotalPiecesSumCorretly" time="10.371">
    <failure type="org.openqa.selenium.TimeoutException" message="Expected condition failed: waiting for element to be clickable: By.xpath: (//button[@title=&amp;apos;Click to edit&amp;apos;])[1] (tried for 10 second(s) with 250 milliseconds interval)
Build info: version: &amp;apos;4.12.0&amp;apos;, revision: &amp;apos;249f2a7d1b*&amp;apos;
System info: os.name: &amp;apos;Windows 10&amp;apos;, os.arch: &amp;apos;amd64&amp;apos;, os.version: &amp;apos;10.0&amp;apos;, java.version: &amp;apos;17.0.10&amp;apos;
Driver info: org.openqa.selenium.chrome.ChromeDriver
Capabilities {acceptInsecureCerts: false, browserName: chrome, browserVersion: 144.0.7559.59, chrome: {chromedriverVersion: 144.0.7559.31 (18537d992890..., userDataDir: C:\Users\EMP256\AppData\Loc...}, fedcm:accounts: true, goog:chromeOptions: {debuggerAddress: localhost:55286}, goog:processID: 144008, networkConnectionEnabled: false, pageLoadStrategy: normal, platformName: windows, proxy: Proxy(), se:cdp: ws://localhost:55286/devtoo..., se:cdpVersion: 144.0.7559.59, setWindowRect: true, strictFileInteractability: false, timeouts: {implicit: 0, pageLoad: 300000, script: 30000}, unhandledPromptBehavior: dismiss and notify, webauthn:extension:credBlob: true, webauthn:extension:largeBlob: true, webauthn:extension:minPinLength: true, webauthn:extension:prf: true, webauthn:virtualAuthenticators: true}
Session ID: ab22f7dc1fb9e63f42c209b8e42761f6">
      <![CDATA[org.openqa.selenium.TimeoutException: Expected condition failed: waiting for element to be clickable: By.xpath: (//button[@title='Click to edit'])[1] (tried for 10 second(s) with 250 milliseconds interval)
Build info: version: '4.12.0', revision: '249f2a7d1b*'
System info: os.name: 'Windows 10', os.arch: 'amd64', os.version: '10.0', java.version: '17.0.10'
Driver info: org.openqa.selenium.chrome.ChromeDriver
Capabilities {acceptInsecureCerts: false, browserName: chrome, browserVersion: 144.0.7559.59, chrome: {chromedriverVersion: 144.0.7559.31 (18537d992890..., userDataDir: C:\Users\EMP256\AppData\Loc...}, fedcm:accounts: true, goog:chromeOptions: {debuggerAddress: localhost:55286}, goog:processID: 144008, networkConnectionEnabled: false, pageLoadStrategy: normal, platformName: windows, proxy: Proxy(), se:cdp: ws://localhost:55286/devtoo..., se:cdpVersion: 144.0.7559.59, setWindowRect: true, strictFileInteractability: false, timeouts: {implicit: 0, pageLoad: 300000, script: 30000}, unhandledPromptBehavior: dismiss and notify, webauthn:extension:credBlob: true, webauthn:extension:largeBlob: true, webauthn:extension:minPinLength: true, webauthn:extension:prf: true, webauthn:virtualAuthenticators: true}
Session ID: ab22f7dc1fb9e63f42c209b8e42761f6
at org.openqa.selenium.support.ui.WebDriverWait.timeoutException(WebDriverWait.java:84)
at org.openqa.selenium.support.ui.FluentWait.until(FluentWait.java:230)
at com.uiFramework.Genesis.helper.WaitHelper.waitForElementClickable(WaitHelper.java:127)
at com.uiFramework.Genesis.helper.WaitHelper.waitToClick(WaitHelper.java:171)
at com.uiFramework.Genesis.LDAPages.LdaQAPage.editManifest(LdaQAPage.java:104)
at com.uiFramework.Genesis.regression.lda.LDAQATest.shouldDisplayedTotalPiecesSumCorretly(LDAQATest.java:102)
at java.base/java.util.ArrayList.forEach(ArrayList.java:1511)
... Removed 27 stack frames]]>
    </failure>
  </testcase> <!-- shouldDisplayedTotalPiecesSumCorretly -->
  <testcase classname="com.uiFramework.Genesis.regression.lda.LDAQATest" name="shouldDisplayedErrorIfNotEnterPieces" time="5.931"/>
  <testcase classname="com.uiFramework.Genesis.regression.lda.LDAQATest" name="shouldAcceptManifestFrmLDA" time="0.666">
    <failure type="java.lang.AssertionError" message="The following asserts failed:
	Not match! expected [QA details update successfully] but found [Please enter received pieces &amp;amp; received literature pieces.]">
      <![CDATA[java.lang.AssertionError: The following asserts failed:
Not match! expected [QA details update successfully] but found [Please enter received pieces & received literature pieces.]
at com.uiFramework.Genesis.regression.lda.LDAQATest.shouldAcceptManifestFrmLDA(LDAQATest.java:134)
at java.base/java.util.ArrayList.forEach(ArrayList.java:1511)
... Removed 29 stack frames]]>
    </failure>
  </testcase> <!-- shouldAcceptManifestFrmLDA -->
  <testcase classname="com.uiFramework.Genesis.regression.lda.LDAQATest" name="shouldCheckManifestStatusShouldQAPassed" time="6.052"/>
  <testcase classname="com.uiFramework.Genesis.regression.lda.LDAQATest" name="shouldCheckOrderStatusAfterAcceptedManifest" time="14.206">
    <failure type="org.openqa.selenium.NoSuchElementException" message="no such element: Unable to locate element: {&amp;quot;method&amp;quot;:&amp;quot;xpath&amp;quot;,&amp;quot;selector&amp;quot;:&amp;quot;//table/tbody/tr[1]/td[19]&amp;quot;}
  (Session info: chrome=144.0.7559.59)
For documentation on this error, please visit: https://www.selenium.dev/documentation/webdriver/troubleshooting/errors#no-such-element-exception
Build info: version: &amp;apos;4.12.0&amp;apos;, revision: &amp;apos;249f2a7d1b*&amp;apos;
System info: os.name: &amp;apos;Windows 10&amp;apos;, os.arch: &amp;apos;amd64&amp;apos;, os.version: &amp;apos;10.0&amp;apos;, java.version: &amp;apos;17.0.10&amp;apos;
Driver info: org.openqa.selenium.chrome.ChromeDriver
Command: [ab22f7dc1fb9e63f42c209b8e42761f6, findElement {using=xpath, value=//table/tbody/tr[1]/td[19]}]
Capabilities {acceptInsecureCerts: false, browserName: chrome, browserVersion: 144.0.7559.59, chrome: {chromedriverVersion: 144.0.7559.31 (18537d992890..., userDataDir: C:\Users\EMP256\AppData\Loc...}, fedcm:accounts: true, goog:chromeOptions: {debuggerAddress: localhost:55286}, goog:processID: 144008, networkConnectionEnabled: false, pageLoadStrategy: normal, platformName: windows, proxy: Proxy(), se:cdp: ws://localhost:55286/devtoo..., se:cdpVersion: 144.0.7559.59, setWindowRect: true, strictFileInteractability: false, timeouts: {implicit: 0, pageLoad: 300000, script: 30000}, unhandledPromptBehavior: dismiss and notify, webauthn:extension:credBlob: true, webauthn:extension:largeBlob: true, webauthn:extension:minPinLength: true, webauthn:extension:prf: true, webauthn:virtualAuthenticators: true}
Session ID: ab22f7dc1fb9e63f42c209b8e42761f6">
      <![CDATA[org.openqa.selenium.NoSuchElementException: no such element: Unable to locate element: {"method":"xpath","selector":"//table/tbody/tr[1]/td[19]"}
  (Session info: chrome=144.0.7559.59)
For documentation on this error, please visit: https://www.selenium.dev/documentation/webdriver/troubleshooting/errors#no-such-element-exception
Build info: version: '4.12.0', revision: '249f2a7d1b*'
System info: os.name: 'Windows 10', os.arch: 'amd64', os.version: '10.0', java.version: '17.0.10'
Driver info: org.openqa.selenium.chrome.ChromeDriver
Command: [ab22f7dc1fb9e63f42c209b8e42761f6, findElement {using=xpath, value=//table/tbody/tr[1]/td[19]}]
Capabilities {acceptInsecureCerts: false, browserName: chrome, browserVersion: 144.0.7559.59, chrome: {chromedriverVersion: 144.0.7559.31 (18537d992890..., userDataDir: C:\Users\EMP256\AppData\Loc...}, fedcm:accounts: true, goog:chromeOptions: {debuggerAddress: localhost:55286}, goog:processID: 144008, networkConnectionEnabled: false, pageLoadStrategy: normal, platformName: windows, proxy: Proxy(), se:cdp: ws://localhost:55286/devtoo..., se:cdpVersion: 144.0.7559.59, setWindowRect: true, strictFileInteractability: false, timeouts: {implicit: 0, pageLoad: 300000, script: 30000}, unhandledPromptBehavior: dismiss and notify, webauthn:extension:credBlob: true, webauthn:extension:largeBlob: true, webauthn:extension:minPinLength: true, webauthn:extension:prf: true, webauthn:virtualAuthenticators: true}
Session ID: ab22f7dc1fb9e63f42c209b8e42761f6
at org.openqa.selenium.remote.codec.w3c.W3CHttpResponseCodec.createException(W3CHttpResponseCodec.java:200)
at org.openqa.selenium.remote.codec.w3c.W3CHttpResponseCodec.decode(W3CHttpResponseCodec.java:133)
at org.openqa.selenium.remote.codec.w3c.W3CHttpResponseCodec.decode(W3CHttpResponseCodec.java:52)
at org.openqa.selenium.remote.HttpCommandExecutor.execute(HttpCommandExecutor.java:191)
at org.openqa.selenium.remote.service.DriverCommandExecutor.invokeExecute(DriverCommandExecutor.java:196)
at org.openqa.selenium.remote.service.DriverCommandExecutor.execute(DriverCommandExecutor.java:171)
at org.openqa.selenium.remote.RemoteWebDriver.execute(RemoteWebDriver.java:602)
at org.openqa.selenium.remote.ElementLocation$ElementFinder$2.findElement(ElementLocation.java:165)
at org.openqa.selenium.remote.ElementLocation.findElement(ElementLocation.java:59)
at org.openqa.selenium.remote.RemoteWebDriver.findElement(RemoteWebDriver.java:359)
at org.openqa.selenium.remote.RemoteWebDriver.findElement(RemoteWebDriver.java:353)
at com.uiFramework.Genesis.web.pages.CommonPage.getMandatoryText(CommonPage.java:296)
at com.uiFramework.Genesis.web.pages.OutboundPalletPage.getOrderStatus(OutboundPalletPage.java:803)
at com.uiFramework.Genesis.regression.lda.LDAQATest.shouldCheckOrderStatusAfterAcceptedManifest(LDAQATest.java:151)
at java.base/java.util.ArrayList.forEach(ArrayList.java:1511)
... Removed 32 stack frames]]>
    </failure>
  </testcase> <!-- shouldCheckOrderStatusAfterAcceptedManifest -->
  <testcase classname="com.uiFramework.Genesis.regression.lda.LDAQATest" name="shouldEnterMorePiecesThanAvailable" time="15.692"/>
  <testcase classname="com.uiFramework.Genesis.regression.lda.LDAQATest" name="shouldCheckReceivedDateMandatory" time="1.075"/>
  <testcase classname="com.uiFramework.Genesis.regression.lda.LDAQATest" name="shouldCheckVoiceMailDateMandatory" time="4.337"/>
  <testcase classname="com.uiFramework.Genesis.regression.lda.LDAQATest" name="shouldEnterLessPiecesThanAvailable" time="8.479"/>
  <testcase classname="com.uiFramework.Genesis.regression.lda.LDAQATest" name="shouldCheckManifestAvailableInGrid" time="13.952"/>
  <testcase classname="com.uiFramework.Genesis.regression.lda.LDAQATest" name="shouldNotManifestStatusQAPending" time="0.076">
    <failure type="java.lang.AssertionError" message="The following asserts failed:
	Not Match status expected [QA Inprocess] but found [QA In process]">
      <![CDATA[java.lang.AssertionError: The following asserts failed:
Not Match status expected [QA Inprocess] but found [QA In process]
at com.uiFramework.Genesis.regression.lda.LDAQATest.shouldNotManifestStatusQAPending(LDAQATest.java:220)
at java.base/java.util.ArrayList.forEach(ArrayList.java:1511)
... Removed 29 stack frames]]>
    </failure>
  </testcase> <!-- shouldNotManifestStatusQAPending -->
  <testcase classname="com.uiFramework.Genesis.regression.lda.LDAQATest" name="shouldCheckOrderisNotEditableInQAprocced" time="1.303"/>
  <testcase classname="com.uiFramework.Genesis.regression.lda.LDAQATest" name="shouldCheckRecDateAndVoiceMailShowForOrder" time="0.025"/>
  <testcase classname="com.uiFramework.Genesis.regression.lda.LDAQATest" name="shouldAcceptPartialManifest" time="0.022">
    <skipped/>
  </testcase> <!-- shouldAcceptPartialManifest -->
  <testcase classname="com.uiFramework.Genesis.regression.lda.LDAQATest" name="shouldExportPdfOnLDAQA" time="38.908">
    <failure type="java.lang.AssertionError" message="The following asserts failed:
	PDF not download on LDA QA page. expected [true] but found [false]">
      <![CDATA[java.lang.AssertionError: The following asserts failed:
PDF not download on LDA QA page. expected [true] but found [false]
at com.uiFramework.Genesis.regression.lda.LDAQATest.shouldExportPdfOnLDAQA(LDAQATest.java:259)
at java.base/java.util.ArrayList.forEach(ArrayList.java:1511)
... Removed 29 stack frames]]>
    </failure>
  </testcase> <!-- shouldExportPdfOnLDAQA -->
  <testcase classname="com.uiFramework.Genesis.regression.lda.LDAQATest" name="shouldExportExcelOnLDAQA" time="35.514">
    <failure type="java.lang.AssertionError" message="The following asserts failed:
	Excel not download on LDA QA page. expected [true] but found [false]">
      <![CDATA[java.lang.AssertionError: The following asserts failed:
Excel not download on LDA QA page. expected [true] but found [false]
at com.uiFramework.Genesis.regression.lda.LDAQATest.shouldExportExcelOnLDAQA(LDAQATest.java:268)
at java.base/java.util.ArrayList.forEach(ArrayList.java:1511)
... Removed 29 stack frames]]>
    </failure>
  </testcase> <!-- shouldExportExcelOnLDAQA -->
  <testcase classname="com.uiFramework.Genesis.regression.lda.ScheduleDeliveryTest" name="shouldManifestAvailableOnLDAPortal" time="6.14">
    <failure type="org.openqa.selenium.NoSuchElementException" message="no such element: Unable to locate element: {&amp;quot;method&amp;quot;:&amp;quot;css selector&amp;quot;,&amp;quot;selector&amp;quot;:&amp;quot;*[name=&amp;apos;userName&amp;apos;]&amp;quot;}
  (Session info: chrome=144.0.7559.59)
For documentation on this error, please visit: https://www.selenium.dev/documentation/webdriver/troubleshooting/errors#no-such-element-exception
Build info: version: &amp;apos;4.12.0&amp;apos;, revision: &amp;apos;249f2a7d1b*&amp;apos;
System info: os.name: &amp;apos;Windows 10&amp;apos;, os.arch: &amp;apos;amd64&amp;apos;, os.version: &amp;apos;10.0&amp;apos;, java.version: &amp;apos;17.0.10&amp;apos;
Driver info: org.openqa.selenium.chrome.ChromeDriver
Command: [ab22f7dc1fb9e63f42c209b8e42761f6, findElement {using=name, value=userName}]
Capabilities {acceptInsecureCerts: false, browserName: chrome, browserVersion: 144.0.7559.59, chrome: {chromedriverVersion: 144.0.7559.31 (18537d992890..., userDataDir: C:\Users\EMP256\AppData\Loc...}, fedcm:accounts: true, goog:chromeOptions: {debuggerAddress: localhost:55286}, goog:processID: 144008, networkConnectionEnabled: false, pageLoadStrategy: normal, platformName: windows, proxy: Proxy(), se:cdp: ws://localhost:55286/devtoo..., se:cdpVersion: 144.0.7559.59, setWindowRect: true, strictFileInteractability: false, timeouts: {implicit: 0, pageLoad: 300000, script: 30000}, unhandledPromptBehavior: dismiss and notify, webauthn:extension:credBlob: true, webauthn:extension:largeBlob: true, webauthn:extension:minPinLength: true, webauthn:extension:prf: true, webauthn:virtualAuthenticators: true}
Session ID: ab22f7dc1fb9e63f42c209b8e42761f6">
      <![CDATA[org.openqa.selenium.NoSuchElementException: no such element: Unable to locate element: {"method":"css selector","selector":"*[name='userName']"}
  (Session info: chrome=144.0.7559.59)
For documentation on this error, please visit: https://www.selenium.dev/documentation/webdriver/troubleshooting/errors#no-such-element-exception
Build info: version: '4.12.0', revision: '249f2a7d1b*'
System info: os.name: 'Windows 10', os.arch: 'amd64', os.version: '10.0', java.version: '17.0.10'
Driver info: org.openqa.selenium.chrome.ChromeDriver
Command: [ab22f7dc1fb9e63f42c209b8e42761f6, findElement {using=name, value=userName}]
Capabilities {acceptInsecureCerts: false, browserName: chrome, browserVersion: 144.0.7559.59, chrome: {chromedriverVersion: 144.0.7559.31 (18537d992890..., userDataDir: C:\Users\EMP256\AppData\Loc...}, fedcm:accounts: true, goog:chromeOptions: {debuggerAddress: localhost:55286}, goog:processID: 144008, networkConnectionEnabled: false, pageLoadStrategy: normal, platformName: windows, proxy: Proxy(), se:cdp: ws://localhost:55286/devtoo..., se:cdpVersion: 144.0.7559.59, setWindowRect: true, strictFileInteractability: false, timeouts: {implicit: 0, pageLoad: 300000, script: 30000}, unhandledPromptBehavior: dismiss and notify, webauthn:extension:credBlob: true, webauthn:extension:largeBlob: true, webauthn:extension:minPinLength: true, webauthn:extension:prf: true, webauthn:virtualAuthenticators: true}
Session ID: ab22f7dc1fb9e63f42c209b8e42761f6
at org.openqa.selenium.remote.codec.w3c.W3CHttpResponseCodec.createException(W3CHttpResponseCodec.java:200)
at org.openqa.selenium.remote.codec.w3c.W3CHttpResponseCodec.decode(W3CHttpResponseCodec.java:133)
at org.openqa.selenium.remote.codec.w3c.W3CHttpResponseCodec.decode(W3CHttpResponseCodec.java:52)
at org.openqa.selenium.remote.HttpCommandExecutor.execute(HttpCommandExecutor.java:191)
at org.openqa.selenium.remote.service.DriverCommandExecutor.invokeExecute(DriverCommandExecutor.java:196)
at org.openqa.selenium.remote.service.DriverCommandExecutor.execute(DriverCommandExecutor.java:171)
at org.openqa.selenium.remote.RemoteWebDriver.execute(RemoteWebDriver.java:602)
at org.openqa.selenium.remote.ElementLocation$ElementFinder$2.findElement(ElementLocation.java:165)
at org.openqa.selenium.remote.ElementLocation.findElement(ElementLocation.java:59)
at org.openqa.selenium.remote.RemoteWebDriver.findElement(RemoteWebDriver.java:359)
at org.openqa.selenium.remote.RemoteWebDriver.findElement(RemoteWebDriver.java:353)
at com.uiFramework.Genesis.common.CommonMethods.loginToApplication(CommonMethods.java:37)
at com.uiFramework.Genesis.regression.lda.ScheduleDeliveryTest.shouldManifestAvailableOnLDAPortal(ScheduleDeliveryTest.java:65)
at java.base/java.util.ArrayList.forEach(ArrayList.java:1511)
... Removed 32 stack frames]]>
    </failure>
  </testcase> <!-- shouldManifestAvailableOnLDAPortal -->
  <testcase classname="com.uiFramework.Genesis.regression.lda.ScheduleDeliveryTest" name="shouldCheckMandatoryMessageOnManualSchedDate" time="7.965"/>
  <testcase classname="com.uiFramework.Genesis.regression.lda.ScheduleDeliveryTest" name="shouldCheckLBOLAvailableToShceduleDelivery" time="0.475">
    <failure type="java.lang.IllegalArgumentException" message="Keys to send should be a not null CharSequence">
      <![CDATA[java.lang.IllegalArgumentException: Keys to send should be a not null CharSequence
at org.openqa.selenium.remote.RemoteWebElement.sendKeys(RemoteWebElement.java:97)
at com.uiFramework.Genesis.web.pages.CommonPage.clickAndSendKeys(CommonPage.java:382)
at com.uiFramework.Genesis.LDAPages.ScheduleDeliveryPage.enterLbolNo(ScheduleDeliveryPage.java:86)
at com.uiFramework.Genesis.regression.lda.ScheduleDeliveryTest.shouldCheckLBOLAvailableToShceduleDelivery(ScheduleDeliveryTest.java:90)
at java.base/java.util.ArrayList.forEach(ArrayList.java:1511)
... Removed 27 stack frames]]>
    </failure>
  </testcase> <!-- shouldCheckLBOLAvailableToShceduleDelivery -->
  <testcase classname="com.uiFramework.Genesis.regression.lda.ScheduleDeliveryTest" name="shouldScheduleManualDateForLBOL" time="0.0">
    <skipped/>
  </testcase> <!-- shouldScheduleManualDateForLBOL -->
  <testcase classname="com.uiFramework.Genesis.regression.lda.ScheduleDeliveryTest" name="shouldNotDisplayedLBOlAfterDeliverySchedule" time="0.0">
    <skipped/>
  </testcase> <!-- shouldNotDisplayedLBOlAfterDeliverySchedule -->
  <testcase classname="com.uiFramework.Genesis.regression.lda.ScheduleDeliveryTest" name="shouldCheckUpdateDataOnAdminScreen" time="0.0">
    <skipped/>
  </testcase> <!-- shouldCheckUpdateDataOnAdminScreen -->
  <testcase classname="com.uiFramework.Genesis.regression.lda.ScheduleDeliveryTest" name="shouldScheduleDeliveryForMultiLBOL" time="30.685"/>
  <testcase classname="com.uiFramework.Genesis.regression.lda.ScheduleDeliveryTest" name="shouldExportPdfOnLDAQA" time="32.79">
    <failure type="java.lang.AssertionError" message="The following asserts failed:
	PDF not download on manual sched. page. expected [true] but found [false]">
      <![CDATA[java.lang.AssertionError: The following asserts failed:
PDF not download on manual sched. page. expected [true] but found [false]
at com.uiFramework.Genesis.regression.lda.ScheduleDeliveryTest.shouldExportPdfOnLDAQA(ScheduleDeliveryTest.java:148)
at java.base/java.util.ArrayList.forEach(ArrayList.java:1511)
... Removed 29 stack frames]]>
    </failure>
  </testcase> <!-- shouldExportPdfOnLDAQA -->
  <testcase classname="com.uiFramework.Genesis.regression.lda.ScheduleDeliveryTest" name="shouldExportExcelOnLDAQA" time="35.507">
    <failure type="java.lang.AssertionError" message="The following asserts failed:
	Excel not download on manual sched. page. expected [true] but found [false]">
      <![CDATA[java.lang.AssertionError: The following asserts failed:
Excel not download on manual sched. page. expected [true] but found [false]
at com.uiFramework.Genesis.regression.lda.ScheduleDeliveryTest.shouldExportExcelOnLDAQA(ScheduleDeliveryTest.java:157)
at java.base/java.util.ArrayList.forEach(ArrayList.java:1511)
... Removed 29 stack frames]]>
    </failure>
  </testcase> <!-- shouldExportExcelOnLDAQA -->
  <testcase classname="com.uiFramework.Genesis.regression.lda.ScheduleDeliveryTest" name="shouldCheckOrderStatusAfterAcceptedManifest" time="11.362">
    <failure type="org.openqa.selenium.NoSuchElementException" message="no such element: Unable to locate element: {&amp;quot;method&amp;quot;:&amp;quot;xpath&amp;quot;,&amp;quot;selector&amp;quot;:&amp;quot;//table/tbody/tr[1]/td[19]&amp;quot;}
  (Session info: chrome=144.0.7559.59)
For documentation on this error, please visit: https://www.selenium.dev/documentation/webdriver/troubleshooting/errors#no-such-element-exception
Build info: version: &amp;apos;4.12.0&amp;apos;, revision: &amp;apos;249f2a7d1b*&amp;apos;
System info: os.name: &amp;apos;Windows 10&amp;apos;, os.arch: &amp;apos;amd64&amp;apos;, os.version: &amp;apos;10.0&amp;apos;, java.version: &amp;apos;17.0.10&amp;apos;
Driver info: org.openqa.selenium.chrome.ChromeDriver
Command: [ab22f7dc1fb9e63f42c209b8e42761f6, findElement {using=xpath, value=//table/tbody/tr[1]/td[19]}]
Capabilities {acceptInsecureCerts: false, browserName: chrome, browserVersion: 144.0.7559.59, chrome: {chromedriverVersion: 144.0.7559.31 (18537d992890..., userDataDir: C:\Users\EMP256\AppData\Loc...}, fedcm:accounts: true, goog:chromeOptions: {debuggerAddress: localhost:55286}, goog:processID: 144008, networkConnectionEnabled: false, pageLoadStrategy: normal, platformName: windows, proxy: Proxy(), se:cdp: ws://localhost:55286/devtoo..., se:cdpVersion: 144.0.7559.59, setWindowRect: true, strictFileInteractability: false, timeouts: {implicit: 0, pageLoad: 300000, script: 30000}, unhandledPromptBehavior: dismiss and notify, webauthn:extension:credBlob: true, webauthn:extension:largeBlob: true, webauthn:extension:minPinLength: true, webauthn:extension:prf: true, webauthn:virtualAuthenticators: true}
Session ID: ab22f7dc1fb9e63f42c209b8e42761f6">
      <![CDATA[org.openqa.selenium.NoSuchElementException: no such element: Unable to locate element: {"method":"xpath","selector":"//table/tbody/tr[1]/td[19]"}
  (Session info: chrome=144.0.7559.59)
For documentation on this error, please visit: https://www.selenium.dev/documentation/webdriver/troubleshooting/errors#no-such-element-exception
Build info: version: '4.12.0', revision: '249f2a7d1b*'
System info: os.name: 'Windows 10', os.arch: 'amd64', os.version: '10.0', java.version: '17.0.10'
Driver info: org.openqa.selenium.chrome.ChromeDriver
Command: [ab22f7dc1fb9e63f42c209b8e42761f6, findElement {using=xpath, value=//table/tbody/tr[1]/td[19]}]
Capabilities {acceptInsecureCerts: false, browserName: chrome, browserVersion: 144.0.7559.59, chrome: {chromedriverVersion: 144.0.7559.31 (18537d992890..., userDataDir: C:\Users\EMP256\AppData\Loc...}, fedcm:accounts: true, goog:chromeOptions: {debuggerAddress: localhost:55286}, goog:processID: 144008, networkConnectionEnabled: false, pageLoadStrategy: normal, platformName: windows, proxy: Proxy(), se:cdp: ws://localhost:55286/devtoo..., se:cdpVersion: 144.0.7559.59, setWindowRect: true, strictFileInteractability: false, timeouts: {implicit: 0, pageLoad: 300000, script: 30000}, unhandledPromptBehavior: dismiss and notify, webauthn:extension:credBlob: true, webauthn:extension:largeBlob: true, webauthn:extension:minPinLength: true, webauthn:extension:prf: true, webauthn:virtualAuthenticators: true}
Session ID: ab22f7dc1fb9e63f42c209b8e42761f6
at org.openqa.selenium.remote.codec.w3c.W3CHttpResponseCodec.createException(W3CHttpResponseCodec.java:200)
at org.openqa.selenium.remote.codec.w3c.W3CHttpResponseCodec.decode(W3CHttpResponseCodec.java:133)
at org.openqa.selenium.remote.codec.w3c.W3CHttpResponseCodec.decode(W3CHttpResponseCodec.java:52)
at org.openqa.selenium.remote.HttpCommandExecutor.execute(HttpCommandExecutor.java:191)
at org.openqa.selenium.remote.service.DriverCommandExecutor.invokeExecute(DriverCommandExecutor.java:196)
at org.openqa.selenium.remote.service.DriverCommandExecutor.execute(DriverCommandExecutor.java:171)
at org.openqa.selenium.remote.RemoteWebDriver.execute(RemoteWebDriver.java:602)
at org.openqa.selenium.remote.ElementLocation$ElementFinder$2.findElement(ElementLocation.java:165)
at org.openqa.selenium.remote.ElementLocation.findElement(ElementLocation.java:59)
at org.openqa.selenium.remote.RemoteWebDriver.findElement(RemoteWebDriver.java:359)
at org.openqa.selenium.remote.RemoteWebDriver.findElement(RemoteWebDriver.java:353)
at com.uiFramework.Genesis.web.pages.CommonPage.getMandatoryText(CommonPage.java:296)
at com.uiFramework.Genesis.web.pages.OutboundPalletPage.getOrderStatus(OutboundPalletPage.java:803)
at com.uiFramework.Genesis.regression.lda.ScheduleDeliveryTest.shouldCheckOrderStatusAfterAcceptedManifest(ScheduleDeliveryTest.java:165)
at java.base/java.util.ArrayList.forEach(ArrayList.java:1511)
... Removed 32 stack frames]]>
    </failure>
  </testcase> <!-- shouldCheckOrderStatusAfterAcceptedManifest -->
  <testcase classname="com.uiFramework.Genesis.regression.lda.ScheduleDeliveryTest" name="shouldCheckMandatoryMessageOnSchedDelDate" time="9.35"/>
  <testcase classname="com.uiFramework.Genesis.regression.lda.ScheduleDeliveryTest" name="shouldAcceptScheduleDeliveryByConsignee" time="4.69"/>
  <testcase classname="com.uiFramework.Genesis.regression.lda.ScheduleDeliveryTest" name="shouldCheckMandatoryMsgForSchedDate" time="11.839"/>
  <testcase classname="com.uiFramework.Genesis.regression.lda.ScheduleDeliveryTest" name="shouldLBOLAvailableOnScheduleStatus" time="2.877">
    <failure type="java.lang.IllegalArgumentException" message="Keys to send should be a not null CharSequence">
      <![CDATA[java.lang.IllegalArgumentException: Keys to send should be a not null CharSequence
at org.openqa.selenium.remote.RemoteWebElement.sendKeys(RemoteWebElement.java:97)
at com.uiFramework.Genesis.web.pages.CommonPage.clickAndSendKeys(CommonPage.java:382)
at com.uiFramework.Genesis.LDAPages.ScheduleDeliveryPage.searchlbol(ScheduleDeliveryPage.java:163)
at com.uiFramework.Genesis.regression.lda.ScheduleDeliveryTest.shouldLBOLAvailableOnScheduleStatus(ScheduleDeliveryTest.java:206)
at java.base/java.util.ArrayList.forEach(ArrayList.java:1511)
... Removed 27 stack frames]]>
    </failure>
  </testcase> <!-- shouldLBOLAvailableOnScheduleStatus -->
  <testcase classname="com.uiFramework.Genesis.regression.lda.ScheduleDeliveryTest" name="shouldScheduleDeliveryDateByLDA" time="0.0">
    <skipped/>
  </testcase> <!-- shouldScheduleDeliveryDateByLDA -->
  <testcase classname="com.uiFramework.Genesis.regression.lda.ScheduleDeliveryTest" name="shouldDisplayedSchedDatebyLDA" time="0.0">
    <skipped/>
  </testcase> <!-- shouldDisplayedSchedDatebyLDA -->
  <testcase classname="com.uiFramework.Genesis.regression.lda.ScheduleDeliveryTest" name="shouldShowErrorInSchedDateDuplicate" time="18.101"/>
  <testcase classname="com.uiFramework.Genesis.regression.lda.ScheduleDeliveryTest" name="shouldAddNoteForLBOL" time="7.546"/>
  <testcase classname="com.uiFramework.Genesis.regression.lda.ScheduleDeliveryTest" name="shouldDisplyedNoteOnGrid" time="1.42"/>
  <testcase classname="com.uiFramework.Genesis.regression.lda.ScheduleDeliveryTest" name="shouldOpenViewBtnForScheduleHistory" time="0.897"/>
  <testcase classname="com.uiFramework.Genesis.regression.lda.DriverTest" name="shouldCheckMandatoryFieldForCreateDriver" time="5.599"/>
  <testcase classname="com.uiFramework.Genesis.regression.lda.DriverTest" name="shouldCheckClearBtnWork" time="7.336"/>
  <testcase classname="com.uiFramework.Genesis.regression.lda.DriverTest" name="shouldCheckUsernameNotDuplicate" time="8.026"/>
  <testcase classname="com.uiFramework.Genesis.regression.lda.DriverTest" name="shouldUploadDriverPhoto" time="0.053">
    <failure type="org.openqa.selenium.InvalidArgumentException" message="invalid argument: File not found : C:\automation\GenesisNew\Genesis\src\main\resources\attachments\DriverAuto.jpg
  (Session info: chrome=144.0.7559.59)
Build info: version: &amp;apos;4.12.0&amp;apos;, revision: &amp;apos;249f2a7d1b*&amp;apos;
System info: os.name: &amp;apos;Windows 10&amp;apos;, os.arch: &amp;apos;amd64&amp;apos;, os.version: &amp;apos;10.0&amp;apos;, java.version: &amp;apos;17.0.10&amp;apos;
Driver info: org.openqa.selenium.chrome.ChromeDriver
Command: [ab22f7dc1fb9e63f42c209b8e42761f6, sendKeysToElement {id=f.1E7DAA2F04020DF0A6CBEFBC0423B5D7.d.29728EE88EBC7E7CE5947A4DDD35406C.e.1435, value=[Ljava.lang.CharSequence;@fca54c5}]
Capabilities {acceptInsecureCerts: false, browserName: chrome, browserVersion: 144.0.7559.59, chrome: {chromedriverVersion: 144.0.7559.31 (18537d992890..., userDataDir: C:\Users\EMP256\AppData\Loc...}, fedcm:accounts: true, goog:chromeOptions: {debuggerAddress: localhost:55286}, goog:processID: 144008, networkConnectionEnabled: false, pageLoadStrategy: normal, platformName: windows, proxy: Proxy(), se:cdp: ws://localhost:55286/devtoo..., se:cdpVersion: 144.0.7559.59, setWindowRect: true, strictFileInteractability: false, timeouts: {implicit: 0, pageLoad: 300000, script: 30000}, unhandledPromptBehavior: dismiss and notify, webauthn:extension:credBlob: true, webauthn:extension:largeBlob: true, webauthn:extension:minPinLength: true, webauthn:extension:prf: true, webauthn:virtualAuthenticators: true}
Element: [[ChromeDriver: chrome on windows (ab22f7dc1fb9e63f42c209b8e42761f6)] -&amp;gt; xpath: //input[@type=&amp;apos;file&amp;apos;]]
Session ID: ab22f7dc1fb9e63f42c209b8e42761f6">
      <![CDATA[org.openqa.selenium.InvalidArgumentException: invalid argument: File not found : C:\automation\GenesisNew\Genesis\src\main\resources\attachments\DriverAuto.jpg
  (Session info: chrome=144.0.7559.59)
Build info: version: '4.12.0', revision: '249f2a7d1b*'
System info: os.name: 'Windows 10', os.arch: 'amd64', os.version: '10.0', java.version: '17.0.10'
Driver info: org.openqa.selenium.chrome.ChromeDriver
Command: [ab22f7dc1fb9e63f42c209b8e42761f6, sendKeysToElement {id=f.1E7DAA2F04020DF0A6CBEFBC0423B5D7.d.29728EE88EBC7E7CE5947A4DDD35406C.e.1435, value=[Ljava.lang.CharSequence;@fca54c5}]
Capabilities {acceptInsecureCerts: false, browserName: chrome, browserVersion: 144.0.7559.59, chrome: {chromedriverVersion: 144.0.7559.31 (18537d992890..., userDataDir: C:\Users\EMP256\AppData\Loc...}, fedcm:accounts: true, goog:chromeOptions: {debuggerAddress: localhost:55286}, goog:processID: 144008, networkConnectionEnabled: false, pageLoadStrategy: normal, platformName: windows, proxy: Proxy(), se:cdp: ws://localhost:55286/devtoo..., se:cdpVersion: 144.0.7559.59, setWindowRect: true, strictFileInteractability: false, timeouts: {implicit: 0, pageLoad: 300000, script: 30000}, unhandledPromptBehavior: dismiss and notify, webauthn:extension:credBlob: true, webauthn:extension:largeBlob: true, webauthn:extension:minPinLength: true, webauthn:extension:prf: true, webauthn:virtualAuthenticators: true}
Element: [[ChromeDriver: chrome on windows (ab22f7dc1fb9e63f42c209b8e42761f6)] -> xpath: //input[@type='file']]
Session ID: ab22f7dc1fb9e63f42c209b8e42761f6
at org.openqa.selenium.remote.codec.w3c.W3CHttpResponseCodec.createException(W3CHttpResponseCodec.java:200)
at org.openqa.selenium.remote.codec.w3c.W3CHttpResponseCodec.decode(W3CHttpResponseCodec.java:133)
at org.openqa.selenium.remote.codec.w3c.W3CHttpResponseCodec.decode(W3CHttpResponseCodec.java:52)
at org.openqa.selenium.remote.HttpCommandExecutor.execute(HttpCommandExecutor.java:191)
at org.openqa.selenium.remote.service.DriverCommandExecutor.invokeExecute(DriverCommandExecutor.java:196)
at org.openqa.selenium.remote.service.DriverCommandExecutor.execute(DriverCommandExecutor.java:171)
at org.openqa.selenium.remote.RemoteWebDriver.execute(RemoteWebDriver.java:602)
at org.openqa.selenium.remote.RemoteWebElement.execute(RemoteWebElement.java:224)
at org.openqa.selenium.remote.RemoteWebElement.sendKeys(RemoteWebElement.java:111)
at com.uiFramework.Genesis.LDAPages.DriverPage.uploadDriverPhoto(DriverPage.java:205)
at com.uiFramework.Genesis.regression.lda.DriverTest.shouldUploadDriverPhoto(DriverTest.java:104)
at java.base/java.util.ArrayList.forEach(ArrayList.java:1511)
... Removed 32 stack frames]]>
    </failure>
  </testcase> <!-- shouldUploadDriverPhoto -->
  <testcase classname="com.uiFramework.Genesis.regression.lda.DriverTest" name="shouldCreateDiverSuccessfully" time="12.058"/>
  <testcase classname="com.uiFramework.Genesis.regression.lda.DriverTest" name="shouldResetPassowordSuccessfully" time="16.851"/>
  <testcase classname="com.uiFramework.Genesis.regression.lda.DriverTest" name="shouldPassowordChangedSuccessfully" time="2.23"/>
  <testcase classname="com.uiFramework.Genesis.regression.lda.DriverTest" name="shouldRemovedDiverPhoto" time="10.38">
    <failure type="org.openqa.selenium.TimeoutException" message="Expected condition failed: waiting for element to be clickable: By.xpath: //*[@title=&amp;apos;Click to remove&amp;apos;] (tried for 10 second(s) with 250 milliseconds interval)
Build info: version: &amp;apos;4.12.0&amp;apos;, revision: &amp;apos;249f2a7d1b*&amp;apos;
System info: os.name: &amp;apos;Windows 10&amp;apos;, os.arch: &amp;apos;amd64&amp;apos;, os.version: &amp;apos;10.0&amp;apos;, java.version: &amp;apos;17.0.10&amp;apos;
Driver info: org.openqa.selenium.chrome.ChromeDriver
Capabilities {acceptInsecureCerts: false, browserName: chrome, browserVersion: 144.0.7559.59, chrome: {chromedriverVersion: 144.0.7559.31 (18537d992890..., userDataDir: C:\Users\EMP256\AppData\Loc...}, fedcm:accounts: true, goog:chromeOptions: {debuggerAddress: localhost:55286}, goog:processID: 144008, networkConnectionEnabled: false, pageLoadStrategy: normal, platformName: windows, proxy: Proxy(), se:cdp: ws://localhost:55286/devtoo..., se:cdpVersion: 144.0.7559.59, setWindowRect: true, strictFileInteractability: false, timeouts: {implicit: 0, pageLoad: 300000, script: 30000}, unhandledPromptBehavior: dismiss and notify, webauthn:extension:credBlob: true, webauthn:extension:largeBlob: true, webauthn:extension:minPinLength: true, webauthn:extension:prf: true, webauthn:virtualAuthenticators: true}
Session ID: ab22f7dc1fb9e63f42c209b8e42761f6">
      <![CDATA[org.openqa.selenium.TimeoutException: Expected condition failed: waiting for element to be clickable: By.xpath: //*[@title='Click to remove'] (tried for 10 second(s) with 250 milliseconds interval)
Build info: version: '4.12.0', revision: '249f2a7d1b*'
System info: os.name: 'Windows 10', os.arch: 'amd64', os.version: '10.0', java.version: '17.0.10'
Driver info: org.openqa.selenium.chrome.ChromeDriver
Capabilities {acceptInsecureCerts: false, browserName: chrome, browserVersion: 144.0.7559.59, chrome: {chromedriverVersion: 144.0.7559.31 (18537d992890..., userDataDir: C:\Users\EMP256\AppData\Loc...}, fedcm:accounts: true, goog:chromeOptions: {debuggerAddress: localhost:55286}, goog:processID: 144008, networkConnectionEnabled: false, pageLoadStrategy: normal, platformName: windows, proxy: Proxy(), se:cdp: ws://localhost:55286/devtoo..., se:cdpVersion: 144.0.7559.59, setWindowRect: true, strictFileInteractability: false, timeouts: {implicit: 0, pageLoad: 300000, script: 30000}, unhandledPromptBehavior: dismiss and notify, webauthn:extension:credBlob: true, webauthn:extension:largeBlob: true, webauthn:extension:minPinLength: true, webauthn:extension:prf: true, webauthn:virtualAuthenticators: true}
Session ID: ab22f7dc1fb9e63f42c209b8e42761f6
at org.openqa.selenium.support.ui.WebDriverWait.timeoutException(WebDriverWait.java:84)
at org.openqa.selenium.support.ui.FluentWait.until(FluentWait.java:230)
at com.uiFramework.Genesis.helper.WaitHelper.waitForElementClickable(WaitHelper.java:127)
at com.uiFramework.Genesis.helper.WaitHelper.waitToClick(WaitHelper.java:171)
at com.uiFramework.Genesis.LDAPages.DriverPage.clickOnRemovedBtn(DriverPage.java:250)
at com.uiFramework.Genesis.regression.lda.DriverTest.shouldRemovedDiverPhoto(DriverTest.java:139)
at java.base/java.util.ArrayList.forEach(ArrayList.java:1511)
... Removed 27 stack frames]]>
    </failure>
  </testcase> <!-- shouldRemovedDiverPhoto -->
  <testcase classname="com.uiFramework.Genesis.regression.lda.DriverTest" name="shouldResetPasswordOnListing" time="16.1"/>
  <testcase classname="com.uiFramework.Genesis.regression.lda.DriverTest" name="shouldAvailabletoAssigneDriverForLBOL" time="14.157">
    <failure type="org.openqa.selenium.TimeoutException" message="Expected condition failed: waiting for condition (visibility of element located by By.xpath: (//*[@class=&amp;apos;v-sected spanTag&amp;apos;])[1]) to be refreshed (tried for 10 second(s) with 500 milliseconds interval)
Build info: version: &amp;apos;4.12.0&amp;apos;, revision: &amp;apos;249f2a7d1b*&amp;apos;
System info: os.name: &amp;apos;Windows 10&amp;apos;, os.arch: &amp;apos;amd64&amp;apos;, os.version: &amp;apos;10.0&amp;apos;, java.version: &amp;apos;17.0.10&amp;apos;
Driver info: org.openqa.selenium.chrome.ChromeDriver
Capabilities {acceptInsecureCerts: false, browserName: chrome, browserVersion: 144.0.7559.59, chrome: {chromedriverVersion: 144.0.7559.31 (18537d992890..., userDataDir: C:\Users\EMP256\AppData\Loc...}, fedcm:accounts: true, goog:chromeOptions: {debuggerAddress: localhost:55286}, goog:processID: 144008, networkConnectionEnabled: false, pageLoadStrategy: normal, platformName: windows, proxy: Proxy(), se:cdp: ws://localhost:55286/devtoo..., se:cdpVersion: 144.0.7559.59, setWindowRect: true, strictFileInteractability: false, timeouts: {implicit: 0, pageLoad: 300000, script: 30000}, unhandledPromptBehavior: dismiss and notify, webauthn:extension:credBlob: true, webauthn:extension:largeBlob: true, webauthn:extension:minPinLength: true, webauthn:extension:prf: true, webauthn:virtualAuthenticators: true}
Session ID: ab22f7dc1fb9e63f42c209b8e42761f6">
      <![CDATA[org.openqa.selenium.TimeoutException: Expected condition failed: waiting for condition (visibility of element located by By.xpath: (//*[@class='v-sected spanTag'])[1]) to be refreshed (tried for 10 second(s) with 500 milliseconds interval)
Build info: version: '4.12.0', revision: '249f2a7d1b*'
System info: os.name: 'Windows 10', os.arch: 'amd64', os.version: '10.0', java.version: '17.0.10'
Driver info: org.openqa.selenium.chrome.ChromeDriver
Capabilities {acceptInsecureCerts: false, browserName: chrome, browserVersion: 144.0.7559.59, chrome: {chromedriverVersion: 144.0.7559.31 (18537d992890..., userDataDir: C:\Users\EMP256\AppData\Loc...}, fedcm:accounts: true, goog:chromeOptions: {debuggerAddress: localhost:55286}, goog:processID: 144008, networkConnectionEnabled: false, pageLoadStrategy: normal, platformName: windows, proxy: Proxy(), se:cdp: ws://localhost:55286/devtoo..., se:cdpVersion: 144.0.7559.59, setWindowRect: true, strictFileInteractability: false, timeouts: {implicit: 0, pageLoad: 300000, script: 30000}, unhandledPromptBehavior: dismiss and notify, webauthn:extension:credBlob: true, webauthn:extension:largeBlob: true, webauthn:extension:minPinLength: true, webauthn:extension:prf: true, webauthn:virtualAuthenticators: true}
Session ID: ab22f7dc1fb9e63f42c209b8e42761f6
at org.openqa.selenium.support.ui.WebDriverWait.timeoutException(WebDriverWait.java:84)
at org.openqa.selenium.support.ui.FluentWait.until(FluentWait.java:230)
at com.uiFramework.Genesis.web.pages.OutboundPalletPage.getTotalEntriesCount(OutboundPalletPage.java:181)
at com.uiFramework.Genesis.regression.lda.DriverTest.shouldAvailabletoAssigneDriverForLBOL(DriverTest.java:163)
at java.base/java.util.ArrayList.forEach(ArrayList.java:1511)
... Removed 27 stack frames]]>
    </failure>
  </testcase> <!-- shouldAvailabletoAssigneDriverForLBOL -->
  <testcase classname="com.uiFramework.Genesis.regression.lda.DriverTest" name="shouldAssignedDriverToLBOL" time="0.0">
    <skipped/>
  </testcase> <!-- shouldAssignedDriverToLBOL -->
  <testcase classname="com.uiFramework.Genesis.regression.lda.DriverTest" name="shouldUpdateLBOLStatusAsAssigned" time="0.0">
    <skipped/>
  </testcase> <!-- shouldUpdateLBOLStatusAsAssigned -->
  <testcase classname="com.uiFramework.Genesis.regression.lda.DriverTest" name="shouldAssigneDriverForMultipleLBOL" time="0.0">
    <skipped/>
  </testcase> <!-- shouldAssigneDriverForMultipleLBOL -->
  <testcase classname="com.uiFramework.Genesis.regression.lda.DriverTest" name="shouldExportPdfOnDriverAssignPage" time="35.488">
    <failure type="java.lang.AssertionError" message="The following asserts failed:
	PDF not download on driver assign page. expected [true] but found [false]">
      <![CDATA[java.lang.AssertionError: The following asserts failed:
PDF not download on driver assign page. expected [true] but found [false]
at com.uiFramework.Genesis.regression.lda.DriverTest.shouldExportPdfOnDriverAssignPage(DriverTest.java:209)
at java.base/java.util.ArrayList.forEach(ArrayList.java:1511)
... Removed 29 stack frames]]>
    </failure>
  </testcase> <!-- shouldExportPdfOnDriverAssignPage -->
  <testcase classname="com.uiFramework.Genesis.regression.lda.DriverTest" name="shouldExportExcelOnDriverAssignPage" time="35.492">
    <failure type="java.lang.AssertionError" message="The following asserts failed:
	Excel not download on driver assign page. expected [true] but found [false]">
      <![CDATA[java.lang.AssertionError: The following asserts failed:
Excel not download on driver assign page. expected [true] but found [false]
at com.uiFramework.Genesis.regression.lda.DriverTest.shouldExportExcelOnDriverAssignPage(DriverTest.java:218)
at java.base/java.util.ArrayList.forEach(ArrayList.java:1511)
... Removed 29 stack frames]]>
    </failure>
  </testcase> <!-- shouldExportExcelOnDriverAssignPage -->
  <testcase classname="com.uiFramework.Genesis.regression.lda.DriverTest" name="shouldChekCloumnFilterOnDriverAssignePage" time="1.481"/>
  <testcase classname="com.uiFramework.Genesis.regression.lda.DriverTest" name="shouldUserInactiveDriver" time="11.145">
    <failure type="org.openqa.selenium.TimeoutException" message="Expected condition failed: waiting for condition (visibility of element located by By.xpath: (//*[@class=&amp;apos;v-sected spanTag&amp;apos;])[1]) to be refreshed (tried for 10 second(s) with 500 milliseconds interval)
Build info: version: &amp;apos;4.12.0&amp;apos;, revision: &amp;apos;249f2a7d1b*&amp;apos;
System info: os.name: &amp;apos;Windows 10&amp;apos;, os.arch: &amp;apos;amd64&amp;apos;, os.version: &amp;apos;10.0&amp;apos;, java.version: &amp;apos;17.0.10&amp;apos;
Driver info: org.openqa.selenium.chrome.ChromeDriver
Capabilities {acceptInsecureCerts: false, browserName: chrome, browserVersion: 144.0.7559.59, chrome: {chromedriverVersion: 144.0.7559.31 (18537d992890..., userDataDir: C:\Users\EMP256\AppData\Loc...}, fedcm:accounts: true, goog:chromeOptions: {debuggerAddress: localhost:55286}, goog:processID: 144008, networkConnectionEnabled: false, pageLoadStrategy: normal, platformName: windows, proxy: Proxy(), se:cdp: ws://localhost:55286/devtoo..., se:cdpVersion: 144.0.7559.59, setWindowRect: true, strictFileInteractability: false, timeouts: {implicit: 0, pageLoad: 300000, script: 30000}, unhandledPromptBehavior: dismiss and notify, webauthn:extension:credBlob: true, webauthn:extension:largeBlob: true, webauthn:extension:minPinLength: true, webauthn:extension:prf: true, webauthn:virtualAuthenticators: true}
Session ID: ab22f7dc1fb9e63f42c209b8e42761f6">
      <![CDATA[org.openqa.selenium.TimeoutException: Expected condition failed: waiting for condition (visibility of element located by By.xpath: (//*[@class='v-sected spanTag'])[1]) to be refreshed (tried for 10 second(s) with 500 milliseconds interval)
Build info: version: '4.12.0', revision: '249f2a7d1b*'
System info: os.name: 'Windows 10', os.arch: 'amd64', os.version: '10.0', java.version: '17.0.10'
Driver info: org.openqa.selenium.chrome.ChromeDriver
Capabilities {acceptInsecureCerts: false, browserName: chrome, browserVersion: 144.0.7559.59, chrome: {chromedriverVersion: 144.0.7559.31 (18537d992890..., userDataDir: C:\Users\EMP256\AppData\Loc...}, fedcm:accounts: true, goog:chromeOptions: {debuggerAddress: localhost:55286}, goog:processID: 144008, networkConnectionEnabled: false, pageLoadStrategy: normal, platformName: windows, proxy: Proxy(), se:cdp: ws://localhost:55286/devtoo..., se:cdpVersion: 144.0.7559.59, setWindowRect: true, strictFileInteractability: false, timeouts: {implicit: 0, pageLoad: 300000, script: 30000}, unhandledPromptBehavior: dismiss and notify, webauthn:extension:credBlob: true, webauthn:extension:largeBlob: true, webauthn:extension:minPinLength: true, webauthn:extension:prf: true, webauthn:virtualAuthenticators: true}
Session ID: ab22f7dc1fb9e63f42c209b8e42761f6
at org.openqa.selenium.support.ui.WebDriverWait.timeoutException(WebDriverWait.java:84)
at org.openqa.selenium.support.ui.FluentWait.until(FluentWait.java:230)
at com.uiFramework.Genesis.web.pages.OutboundPalletPage.getTotalEntriesCount(OutboundPalletPage.java:181)
at com.uiFramework.Genesis.regression.lda.DriverTest.shouldUserInactiveDriver(DriverTest.java:232)
at java.base/java.util.ArrayList.forEach(ArrayList.java:1511)
... Removed 27 stack frames]]>
    </failure>
  </testcase> <!-- shouldUserInactiveDriver -->
  <testcase classname="com.uiFramework.Genesis.regression.lda.DriverTest" name="shouldNotMatchDriverCountAfterDriverInactive" time="10.673">
    <failure type="org.openqa.selenium.TimeoutException" message="Expected condition failed: waiting for condition (visibility of element located by By.xpath: (//*[@class=&amp;apos;v-sected spanTag&amp;apos;])[1]) to be refreshed (tried for 10 second(s) with 500 milliseconds interval)
Build info: version: &amp;apos;4.12.0&amp;apos;, revision: &amp;apos;249f2a7d1b*&amp;apos;
System info: os.name: &amp;apos;Windows 10&amp;apos;, os.arch: &amp;apos;amd64&amp;apos;, os.version: &amp;apos;10.0&amp;apos;, java.version: &amp;apos;17.0.10&amp;apos;
Driver info: org.openqa.selenium.chrome.ChromeDriver
Capabilities {acceptInsecureCerts: false, browserName: chrome, browserVersion: 144.0.7559.59, chrome: {chromedriverVersion: 144.0.7559.31 (18537d992890..., userDataDir: C:\Users\EMP256\AppData\Loc...}, fedcm:accounts: true, goog:chromeOptions: {debuggerAddress: localhost:55286}, goog:processID: 144008, networkConnectionEnabled: false, pageLoadStrategy: normal, platformName: windows, proxy: Proxy(), se:cdp: ws://localhost:55286/devtoo..., se:cdpVersion: 144.0.7559.59, setWindowRect: true, strictFileInteractability: false, timeouts: {implicit: 0, pageLoad: 300000, script: 30000}, unhandledPromptBehavior: dismiss and notify, webauthn:extension:credBlob: true, webauthn:extension:largeBlob: true, webauthn:extension:minPinLength: true, webauthn:extension:prf: true, webauthn:virtualAuthenticators: true}
Session ID: ab22f7dc1fb9e63f42c209b8e42761f6">
      <![CDATA[org.openqa.selenium.TimeoutException: Expected condition failed: waiting for condition (visibility of element located by By.xpath: (//*[@class='v-sected spanTag'])[1]) to be refreshed (tried for 10 second(s) with 500 milliseconds interval)
Build info: version: '4.12.0', revision: '249f2a7d1b*'
System info: os.name: 'Windows 10', os.arch: 'amd64', os.version: '10.0', java.version: '17.0.10'
Driver info: org.openqa.selenium.chrome.ChromeDriver
Capabilities {acceptInsecureCerts: false, browserName: chrome, browserVersion: 144.0.7559.59, chrome: {chromedriverVersion: 144.0.7559.31 (18537d992890..., userDataDir: C:\Users\EMP256\AppData\Loc...}, fedcm:accounts: true, goog:chromeOptions: {debuggerAddress: localhost:55286}, goog:processID: 144008, networkConnectionEnabled: false, pageLoadStrategy: normal, platformName: windows, proxy: Proxy(), se:cdp: ws://localhost:55286/devtoo..., se:cdpVersion: 144.0.7559.59, setWindowRect: true, strictFileInteractability: false, timeouts: {implicit: 0, pageLoad: 300000, script: 30000}, unhandledPromptBehavior: dismiss and notify, webauthn:extension:credBlob: true, webauthn:extension:largeBlob: true, webauthn:extension:minPinLength: true, webauthn:extension:prf: true, webauthn:virtualAuthenticators: true}
Session ID: ab22f7dc1fb9e63f42c209b8e42761f6
at org.openqa.selenium.support.ui.WebDriverWait.timeoutException(WebDriverWait.java:84)
at org.openqa.selenium.support.ui.FluentWait.until(FluentWait.java:230)
at com.uiFramework.Genesis.web.pages.OutboundPalletPage.getTotalEntriesCount(OutboundPalletPage.java:181)
at com.uiFramework.Genesis.regression.lda.DriverTest.shouldNotMatchDriverCountAfterDriverInactive(DriverTest.java:244)
at java.base/java.util.ArrayList.forEach(ArrayList.java:1511)
... Removed 27 stack frames]]>
    </failure>
  </testcase> <!-- shouldNotMatchDriverCountAfterDriverInactive -->
  <testcase classname="com.uiFramework.Genesis.regression.lda.DocumentAndUploadPODTest" name="shouldCheckLBOLAvailableToPrintDocument" time="2.658">
    <failure type="java.lang.IllegalArgumentException" message="Keys to send should be a not null CharSequence">
      <![CDATA[java.lang.IllegalArgumentException: Keys to send should be a not null CharSequence
at org.openqa.selenium.remote.RemoteWebElement.sendKeys(RemoteWebElement.java:97)
at com.uiFramework.Genesis.web.pages.CommonPage.clickAndSendKeys(CommonPage.java:382)
at com.uiFramework.Genesis.LDAPages.DocAndUploadPODPage.enterLbolNo(DocAndUploadPODPage.java:79)
at com.uiFramework.Genesis.regression.lda.DocumentAndUploadPODTest.shouldCheckLBOLAvailableToPrintDocument(DocumentAndUploadPODTest.java:73)
at java.base/java.util.ArrayList.forEach(ArrayList.java:1511)
... Removed 27 stack frames]]>
    </failure>
  </testcase> <!-- shouldCheckLBOLAvailableToPrintDocument -->
  <testcase classname="com.uiFramework.Genesis.regression.lda.DocumentAndUploadPODTest" name="shouldShowErrorMessageIfDocumentNotselect" time="0.865"/>
  <testcase classname="com.uiFramework.Genesis.regression.lda.DocumentAndUploadPODTest" name="shouldPrintMultipleDocument" time="0.0">
    <skipped/>
  </testcase> <!-- shouldPrintMultipleDocument -->
  <testcase classname="com.uiFramework.Genesis.regression.lda.DocumentAndUploadPODTest" name="shouldPrintLBOLDocumentOnPortal" time="0.0">
    <skipped/>
  </testcase> <!-- shouldPrintLBOLDocumentOnPortal -->
  <testcase classname="com.uiFramework.Genesis.regression.lda.DocumentAndUploadPODTest" name="shouldUploadHCPODSuccessfully" time="0.0">
    <skipped/>
  </testcase> <!-- shouldUploadHCPODSuccessfully -->
  <testcase classname="com.uiFramework.Genesis.regression.lda.DocumentAndUploadPODTest" name="shouldIncreaseCountByOneAfterPODUpload" time="0.0">
    <skipped/>
  </testcase> <!-- shouldIncreaseCountByOneAfterPODUpload -->
  <testcase classname="com.uiFramework.Genesis.regression.lda.DocumentAndUploadPODTest" name="shouldShowUploadedPODForAdmin" time="0.0">
    <skipped/>
  </testcase> <!-- shouldShowUploadedPODForAdmin -->
  <testcase classname="com.uiFramework.Genesis.regression.lda.DocumentAndUploadPODTest" name="shouldViewUploadedPOD" time="0.0">
    <skipped/>
  </testcase> <!-- shouldViewUploadedPOD -->
  <testcase classname="com.uiFramework.Genesis.regression.lda.DocumentAndUploadPODTest" name="shouldUserDownloadUploadedPOD" time="10.374">
    <failure type="org.openqa.selenium.TimeoutException" message="Expected condition failed: waiting for element to be clickable: By.xpath: //*[@title=&amp;apos;Click here to download POD&amp;apos;] (tried for 10 second(s) with 250 milliseconds interval)
Build info: version: &amp;apos;4.12.0&amp;apos;, revision: &amp;apos;249f2a7d1b*&amp;apos;
System info: os.name: &amp;apos;Windows 10&amp;apos;, os.arch: &amp;apos;amd64&amp;apos;, os.version: &amp;apos;10.0&amp;apos;, java.version: &amp;apos;17.0.10&amp;apos;
Driver info: org.openqa.selenium.chrome.ChromeDriver
Capabilities {acceptInsecureCerts: false, browserName: chrome, browserVersion: 144.0.7559.59, chrome: {chromedriverVersion: 144.0.7559.31 (18537d992890..., userDataDir: C:\Users\EMP256\AppData\Loc...}, fedcm:accounts: true, goog:chromeOptions: {debuggerAddress: localhost:55286}, goog:processID: 144008, networkConnectionEnabled: false, pageLoadStrategy: normal, platformName: windows, proxy: Proxy(), se:cdp: ws://localhost:55286/devtoo..., se:cdpVersion: 144.0.7559.59, setWindowRect: true, strictFileInteractability: false, timeouts: {implicit: 0, pageLoad: 300000, script: 30000}, unhandledPromptBehavior: dismiss and notify, webauthn:extension:credBlob: true, webauthn:extension:largeBlob: true, webauthn:extension:minPinLength: true, webauthn:extension:prf: true, webauthn:virtualAuthenticators: true}
Session ID: ab22f7dc1fb9e63f42c209b8e42761f6">
      <![CDATA[org.openqa.selenium.TimeoutException: Expected condition failed: waiting for element to be clickable: By.xpath: //*[@title='Click here to download POD'] (tried for 10 second(s) with 250 milliseconds interval)
Build info: version: '4.12.0', revision: '249f2a7d1b*'
System info: os.name: 'Windows 10', os.arch: 'amd64', os.version: '10.0', java.version: '17.0.10'
Driver info: org.openqa.selenium.chrome.ChromeDriver
Capabilities {acceptInsecureCerts: false, browserName: chrome, browserVersion: 144.0.7559.59, chrome: {chromedriverVersion: 144.0.7559.31 (18537d992890..., userDataDir: C:\Users\EMP256\AppData\Loc...}, fedcm:accounts: true, goog:chromeOptions: {debuggerAddress: localhost:55286}, goog:processID: 144008, networkConnectionEnabled: false, pageLoadStrategy: normal, platformName: windows, proxy: Proxy(), se:cdp: ws://localhost:55286/devtoo..., se:cdpVersion: 144.0.7559.59, setWindowRect: true, strictFileInteractability: false, timeouts: {implicit: 0, pageLoad: 300000, script: 30000}, unhandledPromptBehavior: dismiss and notify, webauthn:extension:credBlob: true, webauthn:extension:largeBlob: true, webauthn:extension:minPinLength: true, webauthn:extension:prf: true, webauthn:virtualAuthenticators: true}
Session ID: ab22f7dc1fb9e63f42c209b8e42761f6
at org.openqa.selenium.support.ui.WebDriverWait.timeoutException(WebDriverWait.java:84)
at org.openqa.selenium.support.ui.FluentWait.until(FluentWait.java:230)
at com.uiFramework.Genesis.helper.WaitHelper.waitForElementClickable(WaitHelper.java:127)
at com.uiFramework.Genesis.helper.WaitHelper.waitToClick(WaitHelper.java:171)
at com.uiFramework.Genesis.LDAPages.DocAndUploadPODPage.downloadPOD(DocAndUploadPODPage.java:157)
at com.uiFramework.Genesis.regression.lda.DocumentAndUploadPODTest.shouldUserDownloadUploadedPOD(DocumentAndUploadPODTest.java:150)
at java.base/java.util.ArrayList.forEach(ArrayList.java:1511)
... Removed 27 stack frames]]>
    </failure>
  </testcase> <!-- shouldUserDownloadUploadedPOD -->
  <testcase classname="com.uiFramework.Genesis.regression.lda.DocumentAndUploadPODTest" name="shouldUserDeleteUploadedPOD" time="0.0">
    <skipped/>
  </testcase> <!-- shouldUserDeleteUploadedPOD -->
  <testcase classname="com.uiFramework.Genesis.regression.lda.DocumentAndUploadPODTest" name="shouldRemovedDeletedPODFormAdminPortal" time="15.576">
    <failure type="org.openqa.selenium.TimeoutException" message="Expected condition failed: waiting for element to be clickable: By.xpath: //*[@title=&amp;apos;Click to Refresh&amp;apos;] (tried for 10 second(s) with 250 milliseconds interval)
Build info: version: &amp;apos;4.12.0&amp;apos;, revision: &amp;apos;249f2a7d1b*&amp;apos;
System info: os.name: &amp;apos;Windows 10&amp;apos;, os.arch: &amp;apos;amd64&amp;apos;, os.version: &amp;apos;10.0&amp;apos;, java.version: &amp;apos;17.0.10&amp;apos;
Driver info: org.openqa.selenium.chrome.ChromeDriver
Capabilities {acceptInsecureCerts: false, browserName: chrome, browserVersion: 144.0.7559.59, chrome: {chromedriverVersion: 144.0.7559.31 (18537d992890..., userDataDir: C:\Users\EMP256\AppData\Loc...}, fedcm:accounts: true, goog:chromeOptions: {debuggerAddress: localhost:55286}, goog:processID: 144008, networkConnectionEnabled: false, pageLoadStrategy: normal, platformName: windows, proxy: Proxy(), se:cdp: ws://localhost:55286/devtoo..., se:cdpVersion: 144.0.7559.59, setWindowRect: true, strictFileInteractability: false, timeouts: {implicit: 0, pageLoad: 300000, script: 30000}, unhandledPromptBehavior: dismiss and notify, webauthn:extension:credBlob: true, webauthn:extension:largeBlob: true, webauthn:extension:minPinLength: true, webauthn:extension:prf: true, webauthn:virtualAuthenticators: true}
Session ID: ab22f7dc1fb9e63f42c209b8e42761f6">
      <![CDATA[org.openqa.selenium.TimeoutException: Expected condition failed: waiting for element to be clickable: By.xpath: //*[@title='Click to Refresh'] (tried for 10 second(s) with 250 milliseconds interval)
Build info: version: '4.12.0', revision: '249f2a7d1b*'
System info: os.name: 'Windows 10', os.arch: 'amd64', os.version: '10.0', java.version: '17.0.10'
Driver info: org.openqa.selenium.chrome.ChromeDriver
Capabilities {acceptInsecureCerts: false, browserName: chrome, browserVersion: 144.0.7559.59, chrome: {chromedriverVersion: 144.0.7559.31 (18537d992890..., userDataDir: C:\Users\EMP256\AppData\Loc...}, fedcm:accounts: true, goog:chromeOptions: {debuggerAddress: localhost:55286}, goog:processID: 144008, networkConnectionEnabled: false, pageLoadStrategy: normal, platformName: windows, proxy: Proxy(), se:cdp: ws://localhost:55286/devtoo..., se:cdpVersion: 144.0.7559.59, setWindowRect: true, strictFileInteractability: false, timeouts: {implicit: 0, pageLoad: 300000, script: 30000}, unhandledPromptBehavior: dismiss and notify, webauthn:extension:credBlob: true, webauthn:extension:largeBlob: true, webauthn:extension:minPinLength: true, webauthn:extension:prf: true, webauthn:virtualAuthenticators: true}
Session ID: ab22f7dc1fb9e63f42c209b8e42761f6
at org.openqa.selenium.support.ui.WebDriverWait.timeoutException(WebDriverWait.java:84)
at org.openqa.selenium.support.ui.FluentWait.until(FluentWait.java:230)
at com.uiFramework.Genesis.helper.WaitHelper.waitForElementClickable(WaitHelper.java:127)
at com.uiFramework.Genesis.helper.WaitHelper.waitToClick(WaitHelper.java:171)
at com.uiFramework.Genesis.LDAPages.DocAndUploadPODPage.clickToRefresh(DocAndUploadPODPage.java:171)
at com.uiFramework.Genesis.regression.lda.DocumentAndUploadPODTest.shouldRemovedDeletedPODFormAdminPortal(DocumentAndUploadPODTest.java:168)
at java.base/java.util.ArrayList.forEach(ArrayList.java:1511)
... Removed 27 stack frames]]>
    </failure>
  </testcase> <!-- shouldRemovedDeletedPODFormAdminPortal -->
  <testcase classname="com.uiFramework.Genesis.regression.lda.DocumentAndUploadPODTest" name="shouldNotAbleToDeletePODStatusisCompleted" time="22.162">
    <failure type="org.openqa.selenium.NoSuchElementException" message="no such element: Unable to locate element: {&amp;quot;method&amp;quot;:&amp;quot;xpath&amp;quot;,&amp;quot;selector&amp;quot;:&amp;quot;//*[@title=&amp;apos;Click here to delete POD&amp;apos;]&amp;quot;}
  (Session info: chrome=144.0.7559.59)
For documentation on this error, please visit: https://www.selenium.dev/documentation/webdriver/troubleshooting/errors#no-such-element-exception
Build info: version: &amp;apos;4.12.0&amp;apos;, revision: &amp;apos;249f2a7d1b*&amp;apos;
System info: os.name: &amp;apos;Windows 10&amp;apos;, os.arch: &amp;apos;amd64&amp;apos;, os.version: &amp;apos;10.0&amp;apos;, java.version: &amp;apos;17.0.10&amp;apos;
Driver info: org.openqa.selenium.chrome.ChromeDriver
Command: [ab22f7dc1fb9e63f42c209b8e42761f6, findElement {using=xpath, value=//*[@title=&amp;apos;Click here to delete POD&amp;apos;]}]
Capabilities {acceptInsecureCerts: false, browserName: chrome, browserVersion: 144.0.7559.59, chrome: {chromedriverVersion: 144.0.7559.31 (18537d992890..., userDataDir: C:\Users\EMP256\AppData\Loc...}, fedcm:accounts: true, goog:chromeOptions: {debuggerAddress: localhost:55286}, goog:processID: 144008, networkConnectionEnabled: false, pageLoadStrategy: normal, platformName: windows, proxy: Proxy(), se:cdp: ws://localhost:55286/devtoo..., se:cdpVersion: 144.0.7559.59, setWindowRect: true, strictFileInteractability: false, timeouts: {implicit: 0, pageLoad: 300000, script: 30000}, unhandledPromptBehavior: dismiss and notify, webauthn:extension:credBlob: true, webauthn:extension:largeBlob: true, webauthn:extension:minPinLength: true, webauthn:extension:prf: true, webauthn:virtualAuthenticators: true}
Session ID: ab22f7dc1fb9e63f42c209b8e42761f6">
      <![CDATA[org.openqa.selenium.NoSuchElementException: no such element: Unable to locate element: {"method":"xpath","selector":"//*[@title='Click here to delete POD']"}
  (Session info: chrome=144.0.7559.59)
For documentation on this error, please visit: https://www.selenium.dev/documentation/webdriver/troubleshooting/errors#no-such-element-exception
Build info: version: '4.12.0', revision: '249f2a7d1b*'
System info: os.name: 'Windows 10', os.arch: 'amd64', os.version: '10.0', java.version: '17.0.10'
Driver info: org.openqa.selenium.chrome.ChromeDriver
Command: [ab22f7dc1fb9e63f42c209b8e42761f6, findElement {using=xpath, value=//*[@title='Click here to delete POD']}]
Capabilities {acceptInsecureCerts: false, browserName: chrome, browserVersion: 144.0.7559.59, chrome: {chromedriverVersion: 144.0.7559.31 (18537d992890..., userDataDir: C:\Users\EMP256\AppData\Loc...}, fedcm:accounts: true, goog:chromeOptions: {debuggerAddress: localhost:55286}, goog:processID: 144008, networkConnectionEnabled: false, pageLoadStrategy: normal, platformName: windows, proxy: Proxy(), se:cdp: ws://localhost:55286/devtoo..., se:cdpVersion: 144.0.7559.59, setWindowRect: true, strictFileInteractability: false, timeouts: {implicit: 0, pageLoad: 300000, script: 30000}, unhandledPromptBehavior: dismiss and notify, webauthn:extension:credBlob: true, webauthn:extension:largeBlob: true, webauthn:extension:minPinLength: true, webauthn:extension:prf: true, webauthn:virtualAuthenticators: true}
Session ID: ab22f7dc1fb9e63f42c209b8e42761f6
at org.openqa.selenium.remote.codec.w3c.W3CHttpResponseCodec.createException(W3CHttpResponseCodec.java:200)
at org.openqa.selenium.remote.codec.w3c.W3CHttpResponseCodec.decode(W3CHttpResponseCodec.java:133)
at org.openqa.selenium.remote.codec.w3c.W3CHttpResponseCodec.decode(W3CHttpResponseCodec.java:52)
at org.openqa.selenium.remote.HttpCommandExecutor.execute(HttpCommandExecutor.java:191)
at org.openqa.selenium.remote.service.DriverCommandExecutor.invokeExecute(DriverCommandExecutor.java:196)
at org.openqa.selenium.remote.service.DriverCommandExecutor.execute(DriverCommandExecutor.java:171)
at org.openqa.selenium.remote.RemoteWebDriver.execute(RemoteWebDriver.java:602)
at org.openqa.selenium.remote.ElementLocation$ElementFinder$2.findElement(ElementLocation.java:165)
at org.openqa.selenium.remote.ElementLocation.findElement(ElementLocation.java:59)
at org.openqa.selenium.remote.RemoteWebDriver.findElement(RemoteWebDriver.java:359)
at org.openqa.selenium.remote.RemoteWebDriver.findElement(RemoteWebDriver.java:353)
at com.uiFramework.Genesis.LDAPages.DocAndUploadPODPage.isDeletePodButtonDisabled(DocAndUploadPODPage.java:232)
at com.uiFramework.Genesis.regression.lda.DocumentAndUploadPODTest.shouldNotAbleToDeletePODStatusisCompleted(DocumentAndUploadPODTest.java:181)
at java.base/java.util.ArrayList.forEach(ArrayList.java:1511)
... Removed 31 stack frames]]>
    </failure>
  </testcase> <!-- shouldNotAbleToDeletePODStatusisCompleted -->
  <testcase classname="com.uiFramework.Genesis.regression.lda.DocumentAndUploadPODTest" name="shouldCheckFilterOnDocumentScreen" time="36.127">
    <failure type="org.openqa.selenium.ElementNotInteractableException" message="element not interactable
  (Session info: chrome=144.0.7559.59)
Build info: version: &amp;apos;4.12.0&amp;apos;, revision: &amp;apos;249f2a7d1b*&amp;apos;
System info: os.name: &amp;apos;Windows 10&amp;apos;, os.arch: &amp;apos;amd64&amp;apos;, os.version: &amp;apos;10.0&amp;apos;, java.version: &amp;apos;17.0.10&amp;apos;
Driver info: org.openqa.selenium.chrome.ChromeDriver
Command: [ab22f7dc1fb9e63f42c209b8e42761f6, clickElement {id=f.1E7DAA2F04020DF0A6CBEFBC0423B5D7.d.29728EE88EBC7E7CE5947A4DDD35406C.e.1782}]
Capabilities {acceptInsecureCerts: false, browserName: chrome, browserVersion: 144.0.7559.59, chrome: {chromedriverVersion: 144.0.7559.31 (18537d992890..., userDataDir: C:\Users\EMP256\AppData\Loc...}, fedcm:accounts: true, goog:chromeOptions: {debuggerAddress: localhost:55286}, goog:processID: 144008, networkConnectionEnabled: false, pageLoadStrategy: normal, platformName: windows, proxy: Proxy(), se:cdp: ws://localhost:55286/devtoo..., se:cdpVersion: 144.0.7559.59, setWindowRect: true, strictFileInteractability: false, timeouts: {implicit: 0, pageLoad: 300000, script: 30000}, unhandledPromptBehavior: dismiss and notify, webauthn:extension:credBlob: true, webauthn:extension:largeBlob: true, webauthn:extension:minPinLength: true, webauthn:extension:prf: true, webauthn:virtualAuthenticators: true}
Element: [[ChromeDriver: chrome on windows (ab22f7dc1fb9e63f42c209b8e42761f6)] -&amp;gt; xpath: (//*[.=&amp;apos;Select Document Type&amp;apos;])[3]]
Session ID: ab22f7dc1fb9e63f42c209b8e42761f6">
      <![CDATA[org.openqa.selenium.ElementNotInteractableException: element not interactable
  (Session info: chrome=144.0.7559.59)
Build info: version: '4.12.0', revision: '249f2a7d1b*'
System info: os.name: 'Windows 10', os.arch: 'amd64', os.version: '10.0', java.version: '17.0.10'
Driver info: org.openqa.selenium.chrome.ChromeDriver
Command: [ab22f7dc1fb9e63f42c209b8e42761f6, clickElement {id=f.1E7DAA2F04020DF0A6CBEFBC0423B5D7.d.29728EE88EBC7E7CE5947A4DDD35406C.e.1782}]
Capabilities {acceptInsecureCerts: false, browserName: chrome, browserVersion: 144.0.7559.59, chrome: {chromedriverVersion: 144.0.7559.31 (18537d992890..., userDataDir: C:\Users\EMP256\AppData\Loc...}, fedcm:accounts: true, goog:chromeOptions: {debuggerAddress: localhost:55286}, goog:processID: 144008, networkConnectionEnabled: false, pageLoadStrategy: normal, platformName: windows, proxy: Proxy(), se:cdp: ws://localhost:55286/devtoo..., se:cdpVersion: 144.0.7559.59, setWindowRect: true, strictFileInteractability: false, timeouts: {implicit: 0, pageLoad: 300000, script: 30000}, unhandledPromptBehavior: dismiss and notify, webauthn:extension:credBlob: true, webauthn:extension:largeBlob: true, webauthn:extension:minPinLength: true, webauthn:extension:prf: true, webauthn:virtualAuthenticators: true}
Element: [[ChromeDriver: chrome on windows (ab22f7dc1fb9e63f42c209b8e42761f6)] -> xpath: (//*[.='Select Document Type'])[3]]
Session ID: ab22f7dc1fb9e63f42c209b8e42761f6
at org.openqa.selenium.remote.codec.w3c.W3CHttpResponseCodec.createException(W3CHttpResponseCodec.java:200)
at org.openqa.selenium.remote.codec.w3c.W3CHttpResponseCodec.decode(W3CHttpResponseCodec.java:133)
at org.openqa.selenium.remote.codec.w3c.W3CHttpResponseCodec.decode(W3CHttpResponseCodec.java:52)
at org.openqa.selenium.remote.HttpCommandExecutor.execute(HttpCommandExecutor.java:191)
at org.openqa.selenium.remote.service.DriverCommandExecutor.invokeExecute(DriverCommandExecutor.java:196)
at org.openqa.selenium.remote.service.DriverCommandExecutor.execute(DriverCommandExecutor.java:171)
at org.openqa.selenium.remote.RemoteWebDriver.execute(RemoteWebDriver.java:602)
at org.openqa.selenium.remote.RemoteWebElement.execute(RemoteWebElement.java:224)
at org.openqa.selenium.remote.RemoteWebElement.click(RemoteWebElement.java:77)
at com.uiFramework.Genesis.web.pages.CommonPage.selectMultipleByIndex(CommonPage.java:584)
at com.uiFramework.Genesis.LDAPages.DocAndUploadPODPage.selectMultipleDoctypeByIndex(DocAndUploadPODPage.java:190)
at com.uiFramework.Genesis.regression.lda.DocumentAndUploadPODTest.shouldCheckFilterOnDocumentScreen(DocumentAndUploadPODTest.java:194)
at java.base/java.util.ArrayList.forEach(ArrayList.java:1511)
... Removed 32 stack frames]]>
    </failure>
  </testcase> <!-- shouldCheckFilterOnDocumentScreen -->
  <testcase classname="com.uiFramework.Genesis.regression.lda.DocumentAndUploadPODTest" name="shouldChekCloumnFilterOnDocument" time="0.0">
    <ignored/>
  </testcase> <!-- shouldChekCloumnFilterOnDocument -->
  <testcase classname="com.uiFramework.Genesis.regression.lda.DriverTest" name="createorderForLDA" time="0.0">
    <ignored/>
  </testcase> <!-- createorderForLDA -->
  <testcase classname="com.uiFramework.Genesis.base.TestBase" name="@AfterSuite tearDown" time="0.0">
    <ignored/>
  </testcase> <!-- @AfterSuite tearDown -->
  <testcase classname="com.uiFramework.Genesis.base.TestBase" name="@BeforeSuite beforeSuite" time="0.0">
    <ignored/>
  </testcase> <!-- @BeforeSuite beforeSuite -->
  <testcase classname="com.uiFramework.Genesis.base.TestBase" name="@BeforeSuite beforeSuite" time="0.0">
    <ignored/>
  </testcase> <!-- @BeforeSuite beforeSuite -->
  <testcase classname="com.uiFramework.Genesis.regression.lda.LDAQATest" name="shouldChekCloumnFilterOnLDAQApage" time="0.0">
    <ignored/>
  </testcase> <!-- shouldChekCloumnFilterOnLDAQApage -->
  <testcase classname="com.uiFramework.Genesis.base.UniversalBase" name="@BeforeTest setupSuite" time="0.0">
    <ignored/>
  </testcase> <!-- @BeforeTest setupSuite -->
  <testcase classname="com.uiFramework.Genesis.regression.lda.ScheduleDeliveryTest" name="shouldChekCloumnFilterOnSchedDelpage" time="0.0">
    <ignored/>
  </testcase> <!-- shouldChekCloumnFilterOnSchedDelpage -->
  <testcase classname="com.uiFramework.Genesis.base.TestBase" name="@AfterSuite tearDown" time="0.0">
    <ignored/>
  </testcase> <!-- @AfterSuite tearDown -->
  <testcase classname="com.uiFramework.Genesis.base.UniversalBase" name="@AfterSuite flushReport" time="0.0">
    <ignored/>
  </testcase> <!-- @AfterSuite flushReport -->
  <testcase classname="com.uiFramework.Genesis.regression.lda.ScheduleDeliveryTest" name="createorderForLDA" time="0.0">
    <ignored/>
  </testcase> <!-- createorderForLDA -->
  <testcase classname="com.uiFramework.Genesis.regression.lda.DocumentAndUploadPODTest" name="shouldChekCloumnFilterOnHCPODUpload" time="0.0">
    <ignored/>
  </testcase> <!-- shouldChekCloumnFilterOnHCPODUpload -->
  <testcase classname="com.uiFramework.Genesis.base.TestBase" name="@BeforeSuite beforeSuite" time="0.0">
    <ignored/>
  </testcase> <!-- @BeforeSuite beforeSuite -->
  <testcase classname="com.uiFramework.Genesis.regression.lda.ScheduleDeliveryTest" name="shouldChekCloumnFilterOnManualSchedDelpage" time="0.0">
    <ignored/>
  </testcase> <!-- shouldChekCloumnFilterOnManualSchedDelpage -->
  <testcase classname="com.uiFramework.Genesis.base.UniversalBase" name="@BeforeTest setupSuite" time="0.0">
    <ignored/>
  </testcase> <!-- @BeforeTest setupSuite -->
  <testcase classname="com.uiFramework.Genesis.base.UniversalBase" name="@AfterSuite flushReport" time="0.0">
    <ignored/>
  </testcase> <!-- @AfterSuite flushReport -->
  <testcase classname="com.uiFramework.Genesis.base.TestBase" name="@AfterSuite tearDown" time="0.0">
    <ignored/>
  </testcase> <!-- @AfterSuite tearDown -->
  <testcase classname="com.uiFramework.Genesis.base.UniversalBase" name="@BeforeTest setupSuite" time="0.0">
    <ignored/>
  </testcase> <!-- @BeforeTest setupSuite -->
  <testcase classname="com.uiFramework.Genesis.base.UniversalBase" name="@AfterSuite flushReport" time="0.0">
    <ignored/>
  </testcase> <!-- @AfterSuite flushReport -->
  <testcase classname="com.uiFramework.Genesis.regression.lda.DriverTest" name="shouldChekCloumnFilterOnCreateDriver" time="0.0">
    <ignored/>
  </testcase> <!-- shouldChekCloumnFilterOnCreateDriver -->
  <testcase classname="com.uiFramework.Genesis.regression.lda.DriverTest" name="shouldManifestAvailableOnLDAPortal" time="0.0">
    <ignored/>
  </testcase> <!-- shouldManifestAvailableOnLDAPortal -->
</testsuite> <!-- Test -->
