<?xml version="1.0" encoding="UTF-8"?>
<!-- Generated by org.testng.reporters.JUnitXMLReporter -->
<testsuite ignored="2" hostname="DESKTOP-CR309KG" failures="9" tests="33" name="Test" time="1079.59" errors="0" timestamp="2025-11-24T13:15:52 IST">
  <testcase classname="com.uiFramework.Genesis.regression.web.OrderTest" name="shouldDisplayOrderFormOnCreateButtonClick" time="10.372">
    <failure type="org.openqa.selenium.StaleElementReferenceException" message="stale element reference: stale element not found in the current frame
  (Session info: chrome=142.0.7444.176)
For documentation on this error, please visit: https://www.selenium.dev/documentation/webdriver/troubleshooting/errors#stale-element-reference-exception
Build info: version: &amp;apos;4.12.0&amp;apos;, revision: &amp;apos;249f2a7d1b*&amp;apos;
System info: os.name: &amp;apos;Windows 11&amp;apos;, os.arch: &amp;apos;amd64&amp;apos;, os.version: &amp;apos;10.0&amp;apos;, java.version: &amp;apos;17.0.17&amp;apos;
Driver info: org.openqa.selenium.chrome.ChromeDriver
Command: [66601cd3379f29ab2def5a5273b4b5b8, getElementText {id=f.DE3221D5A3FC32D882766FB8EEA8B462.d.26E581F1718893E8999B5CD4E71CB218.e.224}]
Capabilities {acceptInsecureCerts: false, browserName: chrome, browserVersion: 142.0.7444.176, chrome: {chromedriverVersion: 142.0.7444.175 (302067f14a4..., userDataDir: C:\Users\Admin\AppData\Loca...}, fedcm:accounts: true, goog:chromeOptions: {debuggerAddress: localhost:62388}, goog:processID: 10256, networkConnectionEnabled: false, pageLoadStrategy: normal, platformName: windows, proxy: Proxy(), se:cdp: ws://localhost:62388/devtoo..., se:cdpVersion: 142.0.7444.176, setWindowRect: true, strictFileInteractability: false, timeouts: {implicit: 0, pageLoad: 300000, script: 30000}, unhandledPromptBehavior: dismiss and notify, webauthn:extension:credBlob: true, webauthn:extension:largeBlob: true, webauthn:extension:minPinLength: true, webauthn:extension:prf: true, webauthn:virtualAuthenticators: true}
Element: [[ChromeDriver: chrome on windows (66601cd3379f29ab2def5a5273b4b5b8)] -&amp;gt; xpath: //*[@id=&amp;apos;panel1bh-header&amp;apos;]/div[1]/div/div/div[1]/h6]
Session ID: 66601cd3379f29ab2def5a5273b4b5b8">
      <![CDATA[org.openqa.selenium.StaleElementReferenceException: stale element reference: stale element not found in the current frame
  (Session info: chrome=142.0.7444.176)
For documentation on this error, please visit: https://www.selenium.dev/documentation/webdriver/troubleshooting/errors#stale-element-reference-exception
Build info: version: '4.12.0', revision: '249f2a7d1b*'
System info: os.name: 'Windows 11', os.arch: 'amd64', os.version: '10.0', java.version: '17.0.17'
Driver info: org.openqa.selenium.chrome.ChromeDriver
Command: [66601cd3379f29ab2def5a5273b4b5b8, getElementText {id=f.DE3221D5A3FC32D882766FB8EEA8B462.d.26E581F1718893E8999B5CD4E71CB218.e.224}]
Capabilities {acceptInsecureCerts: false, browserName: chrome, browserVersion: 142.0.7444.176, chrome: {chromedriverVersion: 142.0.7444.175 (302067f14a4..., userDataDir: C:\Users\Admin\AppData\Loca...}, fedcm:accounts: true, goog:chromeOptions: {debuggerAddress: localhost:62388}, goog:processID: 10256, networkConnectionEnabled: false, pageLoadStrategy: normal, platformName: windows, proxy: Proxy(), se:cdp: ws://localhost:62388/devtoo..., se:cdpVersion: 142.0.7444.176, setWindowRect: true, strictFileInteractability: false, timeouts: {implicit: 0, pageLoad: 300000, script: 30000}, unhandledPromptBehavior: dismiss and notify, webauthn:extension:credBlob: true, webauthn:extension:largeBlob: true, webauthn:extension:minPinLength: true, webauthn:extension:prf: true, webauthn:virtualAuthenticators: true}
Element: [[ChromeDriver: chrome on windows (66601cd3379f29ab2def5a5273b4b5b8)] -> xpath: //*[@id='panel1bh-header']/div[1]/div/div/div[1]/h6]
Session ID: 66601cd3379f29ab2def5a5273b4b5b8
at org.openqa.selenium.remote.codec.w3c.W3CHttpResponseCodec.createException(W3CHttpResponseCodec.java:200)
at org.openqa.selenium.remote.codec.w3c.W3CHttpResponseCodec.decode(W3CHttpResponseCodec.java:133)
at org.openqa.selenium.remote.codec.w3c.W3CHttpResponseCodec.decode(W3CHttpResponseCodec.java:52)
at org.openqa.selenium.remote.HttpCommandExecutor.execute(HttpCommandExecutor.java:191)
at org.openqa.selenium.remote.service.DriverCommandExecutor.invokeExecute(DriverCommandExecutor.java:196)
at org.openqa.selenium.remote.service.DriverCommandExecutor.execute(DriverCommandExecutor.java:171)
at org.openqa.selenium.remote.RemoteWebDriver.execute(RemoteWebDriver.java:602)
at org.openqa.selenium.remote.RemoteWebElement.execute(RemoteWebElement.java:224)
at org.openqa.selenium.remote.RemoteWebElement.getText(RemoteWebElement.java:192)
at com.uiFramework.Genesis.web.pages.CommonPage.getMandatoryText(CommonPage.java:236)
at com.uiFramework.Genesis.web.pages.OrderPage.fetchText(OrderPage.java:267)
at com.uiFramework.Genesis.regression.web.OrderTest.shouldDisplayOrderFormOnCreateButtonClick(OrderTest.java:48)
at java.base/java.util.ArrayList.forEach(ArrayList.java:1511)
... Removed 36 stack frames]]>
    </failure>
  </testcase> <!-- shouldDisplayOrderFormOnCreateButtonClick -->
  <testcase classname="com.uiFramework.Genesis.regression.web.OrderTest" name="shouldShowErrorMessagesForMandatoryFields" time="2.449"/>
  <testcase classname="com.uiFramework.Genesis.regression.web.OrderTest" name="shouldKeepConsigneeDropdownEmptyUntilCustomerSelected" time="26.169"/>
  <testcase classname="com.uiFramework.Genesis.regression.web.OrderTest" name="shouldValidateLocalCarrierTextAndQAStatusAndPODUnset" time="0.321"/>
  <testcase classname="com.uiFramework.Genesis.regression.web.OrderTest" name="shouldValidateFullAddressDetails" time="0.411"/>
  <testcase classname="com.uiFramework.Genesis.regression.web.OrderTest" name="shouldFetchConsigneeAddressDetails" time="0.287"/>
  <testcase classname="com.uiFramework.Genesis.regression.web.OrderTest" name="shouldShowToastWhenConfirmingWithoutWeightOrPieces" time="6.212"/>
  <testcase classname="com.uiFramework.Genesis.regression.web.OrderTest" name="shouldCalculateRatedWeightAndLitWeightCorrectly" time="3.855"/>
  <testcase classname="com.uiFramework.Genesis.regression.web.OrderTest" name="shouldShowErrorWhenSavingEmptyCustomerAccessorial" time="10.202"/>
  <testcase classname="com.uiFramework.Genesis.regression.web.OrderTest" name="shouldAddCustomerAccessorialSuccessfully" time="39.881">
    <failure type="java.lang.AssertionError" message="The following asserts failed:
	Not Matched expected [Customer accessorial deleted successfully] but found [Toast message Failed]">
      <![CDATA[java.lang.AssertionError: The following asserts failed:
Not Matched expected [Customer accessorial deleted successfully] but found [Toast message Failed]
at com.uiFramework.Genesis.regression.web.OrderTest.shouldAddCustomerAccessorialSuccessfully(OrderTest.java:144)
at java.base/java.util.ArrayList.forEach(ArrayList.java:1511)
... Removed 33 stack frames]]>
    </failure>
  </testcase> <!-- shouldAddCustomerAccessorialSuccessfully -->
  <testcase classname="com.uiFramework.Genesis.regression.web.OrderTest" name="shouldSaveCustomerAccessorialAfterDeleteAndValidateCarrierValidation" time="16.713"/>
  <testcase classname="com.uiFramework.Genesis.regression.web.OrderTest" name="shouldAddEditAndDeleteCarrierAccessorialSuccessfully" time="38.112">
    <failure type="java.lang.AssertionError" message="The following asserts failed:
	Not matched. expected [Carrier accessorial deleted successfully] but found [Toast message Failed]">
      <![CDATA[java.lang.AssertionError: The following asserts failed:
Not matched. expected [Carrier accessorial deleted successfully] but found [Toast message Failed]
at com.uiFramework.Genesis.regression.web.OrderTest.shouldAddEditAndDeleteCarrierAccessorialSuccessfully(OrderTest.java:165)
at java.base/java.util.ArrayList.forEach(ArrayList.java:1511)
... Removed 33 stack frames]]>
    </failure>
  </testcase> <!-- shouldAddEditAndDeleteCarrierAccessorialSuccessfully -->
  <testcase classname="com.uiFramework.Genesis.regression.web.OrderTest" name="shouldSaveCarrierAccessorialAfterDeleteAndValidateCommentValidation" time="9.647"/>
  <testcase classname="com.uiFramework.Genesis.regression.web.OrderTest" name="shouldSaveTypeAndsubjectReqOnComment" time="7.611"/>
  <testcase classname="com.uiFramework.Genesis.regression.web.OrderTest" name="shouldAddEditAndDeleteCommentSuccessfully" time="20.697"/>
  <testcase classname="com.uiFramework.Genesis.regression.web.OrderTest" name="shouldSaveCommentAfterDeleteAndValidateFileUploadErrors" time="38.395">
    <failure type="java.lang.AssertionError" message="The following asserts failed:
	Not match! expected [Comment save successfully] but found [Toast message Failed]">
      <![CDATA[java.lang.AssertionError: The following asserts failed:
Not match! expected [Comment save successfully] but found [Toast message Failed]
at com.uiFramework.Genesis.regression.web.OrderTest.shouldSaveCommentAfterDeleteAndValidateFileUploadErrors(OrderTest.java:201)
at java.base/java.util.ArrayList.forEach(ArrayList.java:1511)
... Removed 33 stack frames]]>
    </failure>
  </testcase> <!-- shouldSaveCommentAfterDeleteAndValidateFileUploadErrors -->
  <testcase classname="com.uiFramework.Genesis.regression.web.OrderTest" name="shouldUploadFileAndShowSuccessToast" time="2.99"/>
  <testcase classname="com.uiFramework.Genesis.regression.web.OrderTest" name="shouldDeleteFileAndVerifyOrderStatusAsDraft" time="30.216">
    <failure type="java.lang.AssertionError" message="The following asserts failed:
	Not match! expected [File deleted successfully] but found [Toast message Failed]">
      <![CDATA[java.lang.AssertionError: The following asserts failed:
Not match! expected [File deleted successfully] but found [Toast message Failed]
at com.uiFramework.Genesis.regression.web.OrderTest.shouldDeleteFileAndVerifyOrderStatusAsDraft(OrderTest.java:218)
at java.base/java.util.ArrayList.forEach(ArrayList.java:1511)
... Removed 33 stack frames]]>
    </failure>
  </testcase> <!-- shouldDeleteFileAndVerifyOrderStatusAsDraft -->
  <testcase classname="com.uiFramework.Genesis.regression.web.OrderTest" name="shouldGenerateBarcodeAfterOrderConfirmation" time="12.856"/>
  <testcase classname="com.uiFramework.Genesis.regression.web.OrderTest" name="shouldMatchOrderDetailsOnListingPage" time="43.801"/>
  <testcase classname="com.uiFramework.Genesis.regression.web.OrderTest" name="shouldValidateTotalPiecesAndWeightOnListingPage" time="0.031"/>
  <testcase classname="com.uiFramework.Genesis.regression.web.OrderTest" name="shouldValidateOrderStatusCountOnLabelBadges" time="70.339"/>
  <testcase classname="com.uiFramework.Genesis.regression.web.OrderTest" name="shouldShowErrorForDuplicateCustomerOrderNumber" time="55.451"/>
  <testcase classname="com.uiFramework.Genesis.regression.web.OrderTest" name="shouldNotGenerateBarcodeAndShowCorrectOrderStatusOnConfirm" time="15.686"/>
  <testcase classname="com.uiFramework.Genesis.regression.web.OrderTest" name="shouldShowErrorOnConfirmFromListingWithMissingFields" time="108.189">
    <failure type="org.openqa.selenium.TimeoutException" message="Expected condition failed: waiting for element to be clickable: By.xpath: (//input[@aria-invalid=&amp;apos;false&amp;apos;])[2] (tried for 40 second(s) with 500 milliseconds interval)
Build info: version: &amp;apos;4.12.0&amp;apos;, revision: &amp;apos;249f2a7d1b*&amp;apos;
System info: os.name: &amp;apos;Windows 11&amp;apos;, os.arch: &amp;apos;amd64&amp;apos;, os.version: &amp;apos;10.0&amp;apos;, java.version: &amp;apos;17.0.17&amp;apos;
Driver info: org.openqa.selenium.chrome.ChromeDriver
Capabilities {acceptInsecureCerts: false, browserName: chrome, browserVersion: 142.0.7444.176, chrome: {chromedriverVersion: 142.0.7444.175 (302067f14a4..., userDataDir: C:\Users\Admin\AppData\Loca...}, fedcm:accounts: true, goog:chromeOptions: {debuggerAddress: localhost:62388}, goog:processID: 10256, networkConnectionEnabled: false, pageLoadStrategy: normal, platformName: windows, proxy: Proxy(), se:cdp: ws://localhost:62388/devtoo..., se:cdpVersion: 142.0.7444.176, setWindowRect: true, strictFileInteractability: false, timeouts: {implicit: 0, pageLoad: 300000, script: 30000}, unhandledPromptBehavior: dismiss and notify, webauthn:extension:credBlob: true, webauthn:extension:largeBlob: true, webauthn:extension:minPinLength: true, webauthn:extension:prf: true, webauthn:virtualAuthenticators: true}
Session ID: 66601cd3379f29ab2def5a5273b4b5b8">
      <![CDATA[org.openqa.selenium.TimeoutException: Expected condition failed: waiting for element to be clickable: By.xpath: (//input[@aria-invalid='false'])[2] (tried for 40 second(s) with 500 milliseconds interval)
Build info: version: '4.12.0', revision: '249f2a7d1b*'
System info: os.name: 'Windows 11', os.arch: 'amd64', os.version: '10.0', java.version: '17.0.17'
Driver info: org.openqa.selenium.chrome.ChromeDriver
Capabilities {acceptInsecureCerts: false, browserName: chrome, browserVersion: 142.0.7444.176, chrome: {chromedriverVersion: 142.0.7444.175 (302067f14a4..., userDataDir: C:\Users\Admin\AppData\Loca...}, fedcm:accounts: true, goog:chromeOptions: {debuggerAddress: localhost:62388}, goog:processID: 10256, networkConnectionEnabled: false, pageLoadStrategy: normal, platformName: windows, proxy: Proxy(), se:cdp: ws://localhost:62388/devtoo..., se:cdpVersion: 142.0.7444.176, setWindowRect: true, strictFileInteractability: false, timeouts: {implicit: 0, pageLoad: 300000, script: 30000}, unhandledPromptBehavior: dismiss and notify, webauthn:extension:credBlob: true, webauthn:extension:largeBlob: true, webauthn:extension:minPinLength: true, webauthn:extension:prf: true, webauthn:virtualAuthenticators: true}
Session ID: 66601cd3379f29ab2def5a5273b4b5b8
at org.openqa.selenium.support.ui.WebDriverWait.timeoutException(WebDriverWait.java:84)
at org.openqa.selenium.support.ui.FluentWait.until(FluentWait.java:230)
at com.uiFramework.Genesis.web.pages.OrderPage.safeClick(OrderPage.java:87)
at com.uiFramework.Genesis.web.pages.OrderPage.orderConfirmfromListing(OrderPage.java:845)
at com.uiFramework.Genesis.regression.web.OrderTest.shouldShowErrorOnConfirmFromListingWithMissingFields(OrderTest.java:283)
at java.base/java.util.ArrayList.forEach(ArrayList.java:1511)
... Removed 31 stack frames]]>
    </failure>
  </testcase> <!-- shouldShowErrorOnConfirmFromListingWithMissingFields -->
  <testcase classname="com.uiFramework.Genesis.regression.web.OrderTest" name="shouldDeleteOrderSuccessfullyWhenInDraftStatusInDraft" time="0.0">
    <skipped/>
  </testcase> <!-- shouldDeleteOrderSuccessfullyWhenInDraftStatusInDraft -->
  <testcase classname="com.uiFramework.Genesis.regression.web.OrderTest" name="shouldCreateDistributorOrderWithRequiredDetails" time="83.499"/>
  <testcase classname="com.uiFramework.Genesis.regression.web.OrderTest" name="shouldDisplayBarcodeAfterDistributorOrderConfirmation" time="54.353">
    <failure type="org.openqa.selenium.TimeoutException" message="Expected condition failed: waiting for element to be clickable: By.xpath: (//input[@aria-invalid=&amp;apos;false&amp;apos;])[2] (tried for 40 second(s) with 500 milliseconds interval)
Build info: version: &amp;apos;4.12.0&amp;apos;, revision: &amp;apos;249f2a7d1b*&amp;apos;
System info: os.name: &amp;apos;Windows 11&amp;apos;, os.arch: &amp;apos;amd64&amp;apos;, os.version: &amp;apos;10.0&amp;apos;, java.version: &amp;apos;17.0.17&amp;apos;
Driver info: org.openqa.selenium.chrome.ChromeDriver
Capabilities {acceptInsecureCerts: false, browserName: chrome, browserVersion: 142.0.7444.176, chrome: {chromedriverVersion: 142.0.7444.175 (302067f14a4..., userDataDir: C:\Users\Admin\AppData\Loca...}, fedcm:accounts: true, goog:chromeOptions: {debuggerAddress: localhost:62388}, goog:processID: 10256, networkConnectionEnabled: false, pageLoadStrategy: normal, platformName: windows, proxy: Proxy(), se:cdp: ws://localhost:62388/devtoo..., se:cdpVersion: 142.0.7444.176, setWindowRect: true, strictFileInteractability: false, timeouts: {implicit: 0, pageLoad: 300000, script: 30000}, unhandledPromptBehavior: dismiss and notify, webauthn:extension:credBlob: true, webauthn:extension:largeBlob: true, webauthn:extension:minPinLength: true, webauthn:extension:prf: true, webauthn:virtualAuthenticators: true}
Session ID: 66601cd3379f29ab2def5a5273b4b5b8">
      <![CDATA[org.openqa.selenium.TimeoutException: Expected condition failed: waiting for element to be clickable: By.xpath: (//input[@aria-invalid='false'])[2] (tried for 40 second(s) with 500 milliseconds interval)
Build info: version: '4.12.0', revision: '249f2a7d1b*'
System info: os.name: 'Windows 11', os.arch: 'amd64', os.version: '10.0', java.version: '17.0.17'
Driver info: org.openqa.selenium.chrome.ChromeDriver
Capabilities {acceptInsecureCerts: false, browserName: chrome, browserVersion: 142.0.7444.176, chrome: {chromedriverVersion: 142.0.7444.175 (302067f14a4..., userDataDir: C:\Users\Admin\AppData\Loca...}, fedcm:accounts: true, goog:chromeOptions: {debuggerAddress: localhost:62388}, goog:processID: 10256, networkConnectionEnabled: false, pageLoadStrategy: normal, platformName: windows, proxy: Proxy(), se:cdp: ws://localhost:62388/devtoo..., se:cdpVersion: 142.0.7444.176, setWindowRect: true, strictFileInteractability: false, timeouts: {implicit: 0, pageLoad: 300000, script: 30000}, unhandledPromptBehavior: dismiss and notify, webauthn:extension:credBlob: true, webauthn:extension:largeBlob: true, webauthn:extension:minPinLength: true, webauthn:extension:prf: true, webauthn:virtualAuthenticators: true}
Session ID: 66601cd3379f29ab2def5a5273b4b5b8
at org.openqa.selenium.support.ui.WebDriverWait.timeoutException(WebDriverWait.java:84)
at org.openqa.selenium.support.ui.FluentWait.until(FluentWait.java:230)
at com.uiFramework.Genesis.web.pages.OrderPage.safeClick(OrderPage.java:87)
at com.uiFramework.Genesis.web.pages.OrderPage.verifyBarcodeAfterConfirmationOnListing(OrderPage.java:931)
at com.uiFramework.Genesis.regression.web.OrderTest.shouldDisplayBarcodeAfterDistributorOrderConfirmation(OrderTest.java:327)
at java.base/java.util.ArrayList.forEach(ArrayList.java:1511)
... Removed 31 stack frames]]>
    </failure>
  </testcase> <!-- shouldDisplayBarcodeAfterDistributorOrderConfirmation -->
  <testcase classname="com.uiFramework.Genesis.regression.web.OrderTest" name="shouldNotGenerateBarcodeWhenCheckboxIsUnchecked" time="137.508">
    <failure type="org.openqa.selenium.TimeoutException" message="Expected condition failed: waiting for element to be clickable: By.xpath: (//input[@aria-invalid=&amp;apos;false&amp;apos;])[2] (tried for 40 second(s) with 500 milliseconds interval)
Build info: version: &amp;apos;4.12.0&amp;apos;, revision: &amp;apos;249f2a7d1b*&amp;apos;
System info: os.name: &amp;apos;Windows 11&amp;apos;, os.arch: &amp;apos;amd64&amp;apos;, os.version: &amp;apos;10.0&amp;apos;, java.version: &amp;apos;17.0.17&amp;apos;
Driver info: org.openqa.selenium.chrome.ChromeDriver
Capabilities {acceptInsecureCerts: false, browserName: chrome, browserVersion: 142.0.7444.176, chrome: {chromedriverVersion: 142.0.7444.175 (302067f14a4..., userDataDir: C:\Users\Admin\AppData\Loca...}, fedcm:accounts: true, goog:chromeOptions: {debuggerAddress: localhost:62388}, goog:processID: 10256, networkConnectionEnabled: false, pageLoadStrategy: normal, platformName: windows, proxy: Proxy(), se:cdp: ws://localhost:62388/devtoo..., se:cdpVersion: 142.0.7444.176, setWindowRect: true, strictFileInteractability: false, timeouts: {implicit: 0, pageLoad: 300000, script: 30000}, unhandledPromptBehavior: dismiss and notify, webauthn:extension:credBlob: true, webauthn:extension:largeBlob: true, webauthn:extension:minPinLength: true, webauthn:extension:prf: true, webauthn:virtualAuthenticators: true}
Session ID: 66601cd3379f29ab2def5a5273b4b5b8">
      <![CDATA[org.openqa.selenium.TimeoutException: Expected condition failed: waiting for element to be clickable: By.xpath: (//input[@aria-invalid='false'])[2] (tried for 40 second(s) with 500 milliseconds interval)
Build info: version: '4.12.0', revision: '249f2a7d1b*'
System info: os.name: 'Windows 11', os.arch: 'amd64', os.version: '10.0', java.version: '17.0.17'
Driver info: org.openqa.selenium.chrome.ChromeDriver
Capabilities {acceptInsecureCerts: false, browserName: chrome, browserVersion: 142.0.7444.176, chrome: {chromedriverVersion: 142.0.7444.175 (302067f14a4..., userDataDir: C:\Users\Admin\AppData\Loca...}, fedcm:accounts: true, goog:chromeOptions: {debuggerAddress: localhost:62388}, goog:processID: 10256, networkConnectionEnabled: false, pageLoadStrategy: normal, platformName: windows, proxy: Proxy(), se:cdp: ws://localhost:62388/devtoo..., se:cdpVersion: 142.0.7444.176, setWindowRect: true, strictFileInteractability: false, timeouts: {implicit: 0, pageLoad: 300000, script: 30000}, unhandledPromptBehavior: dismiss and notify, webauthn:extension:credBlob: true, webauthn:extension:largeBlob: true, webauthn:extension:minPinLength: true, webauthn:extension:prf: true, webauthn:virtualAuthenticators: true}
Session ID: 66601cd3379f29ab2def5a5273b4b5b8
at org.openqa.selenium.support.ui.WebDriverWait.timeoutException(WebDriverWait.java:84)
at org.openqa.selenium.support.ui.FluentWait.until(FluentWait.java:230)
at com.uiFramework.Genesis.web.pages.OrderPage.safeClick(OrderPage.java:87)
at com.uiFramework.Genesis.web.pages.OrderPage.verifyBarcodeAfterConfirmationOnListing(OrderPage.java:931)
at com.uiFramework.Genesis.regression.web.OrderTest.shouldNotGenerateBarcodeWhenCheckboxIsUnchecked(OrderTest.java:345)
at java.base/java.util.ArrayList.forEach(ArrayList.java:1511)
... Removed 31 stack frames]]>
    </failure>
  </testcase> <!-- shouldNotGenerateBarcodeWhenCheckboxIsUnchecked -->
  <testcase classname="com.uiFramework.Genesis.regression.web.OrderTest" name="shouldConfirmMultipleOrdersAndDisplaySuccessToast" time="161.067">
    <failure type="java.lang.AssertionError" message="The following asserts failed:
	Not matched expected [Selected order confirm successfully] but found [Toast message Failed]">
      <![CDATA[java.lang.AssertionError: The following asserts failed:
Not matched expected [Selected order confirm successfully] but found [Toast message Failed]
at com.uiFramework.Genesis.regression.web.OrderTest.shouldConfirmMultipleOrdersAndDisplaySuccessToast(OrderTest.java:363)
at java.base/java.util.ArrayList.forEach(ArrayList.java:1511)
... Removed 33 stack frames]]>
    </failure>
  </testcase> <!-- shouldConfirmMultipleOrdersAndDisplaySuccessToast -->
  <testcase classname="com.uiFramework.Genesis.regression.web.OrderTest" name="shouldAllowOrderDeletionAfterConfirmation" time="0.0">
    <skipped/>
  </testcase> <!-- shouldAllowOrderDeletionAfterConfirmation -->
  <testcase classname="com.uiFramework.Genesis.regression.web.OrderTest" name="shouldNotAllowDeletionWhenOrderInPalletStage" time="54.686"/>
  <testcase classname="com.uiFramework.Genesis.regression.web.OrderTest" name="shouldPaginateOrderListingCorrectly" time="17.316"/>
  <testcase classname="com.uiFramework.Genesis.regression.web.OrderTest" name="shouldFilterOrdersByVariousFieldsSuccessfully" time="0.0">
    <ignored/>
  </testcase> <!-- shouldFilterOrdersByVariousFieldsSuccessfully -->
  <testcase classname="com.uiFramework.Genesis.regression.web.OrderTest" name="shouldFilterOrderListingUsingColumnFilters" time="0.0">
    <ignored/>
  </testcase> <!-- shouldFilterOrderListingUsingColumnFilters -->
</testsuite> <!-- Test -->
