<?xml version="1.0" encoding="UTF-8"?>
<!-- Generated by org.testng.reporters.JUnitXMLReporter -->
<testsuite ignored="0" hostname="appadmins-Mac-mini.local" failures="0" tests="3" name="Web_Test" time="0.043" errors="0" timestamp="2025-10-15T16:08:23 IST">
  <testcase classname="org.contactManagement.base.UniversalBase" name="@BeforeSuite setupSuite" time="-1.760524662515E9">
    <failure type="org.testng.TestNGException" message="
Native Injection is NOT supported for @BeforeSuite annotated setupSuite.
For more information on native dependency injection please refer to https://testng.org/#_dependency_injection">
      <![CDATA[org.testng.TestNGException: 
Native Injection is NOT supported for @BeforeSuite annotated setupSuite.
For more information on native dependency injection please refer to https://testng.org/#_dependency_injection
... Removed 16 stack frames]]>
    </failure>
  </testcase> <!-- @BeforeSuite setupSuite -->
  <testcase classname="org.contactManagement.regression.web.OrderTest" name="shouldDisplayOrderFormOnCreateButtonClick" time="0.0">
    <skipped/>
  </testcase> <!-- shouldDisplayOrderFormOnCreateButtonClick -->
  <testcase classname="org.contactManagement.regression.web.OrderTest" name="shouldShowErrorMessagesForMandatoryFields" time="0.0">
    <skipped/>
  </testcase> <!-- shouldShowErrorMessagesForMandatoryFields -->
  <testcase classname="org.contactManagement.regression.web.OrderTest" name="shouldKeepConsigneeDropdownEmptyUntilCustomerSelected" time="0.0">
    <skipped/>
  </testcase> <!-- shouldKeepConsigneeDropdownEmptyUntilCustomerSelected -->
</testsuite> <!-- Web_Test -->
