<?xml version="1.0" encoding="UTF-8"?>
<!-- Generated by org.testng.reporters.JUnitXMLReporter -->
<testsuite ignored="0" hostname="appadmins-Mac-mini.local" failures="0" tests="3" name="WebTests" time="32.258" errors="0" timestamp="2025-10-15T16:24:06 IST">
  <testcase classname="org.contactManagement.regression.web.OrderTest" name="shouldDisplayOrderFormOnCreateButtonClick" time="4.729"/>
  <testcase classname="org.contactManagement.regression.web.OrderTest" name="shouldShowErrorMessagesForMandatoryFields" time="1.413"/>
  <testcase classname="org.contactManagement.regression.web.OrderTest" name="shouldKeepConsigneeDropdownEmptyUntilCustomerSelected" time="26.068"/>
</testsuite> <!-- WebTests -->
