<!DOCTYPE html PUBLIC "-//W3C//DTD XHTML 1.1//EN" "https://www.w3.org/TR/xhtml11/DTD/xhtml11.dtd">
<html xmlns="https://www.w3.org/1999/xhtml">
<head>
<meta http-equiv="content-type" content="text/html; charset=UTF-8"/>
<title>TestNG Report</title>
<style type="text/css">table {margin-bottom:10px;border-collapse:collapse;empty-cells:show}th,td {border:1px solid #009;padding:.25em .5em}th {vertical-align:bottom}td {vertical-align:top}table a {font-weight:bold}.stripe td {background-color: #E6EBF9}.num {text-align:right}.passedodd td {background-color: #3F3}.passedeven td {background-color: #0A0}.skippedodd td {background-color: #DDD}.skippedeven td {background-color: #CCC}.failedodd td,.attn {background-color: #F33}.failedeven td,.stripe .attn {background-color: #D00}.stacktrace {white-space:pre;font-family:monospace}.totop {font-size:85%;text-align:center;border-bottom:2px solid #000}.invisible {display:none}</style>
</head>
<body>
<table>
<tr><th>Test</th><th># Passed</th><th># Skipped</th><th># Retried</th><th># Failed</th><th>Time (ms)</th><th>Included Groups</th><th>Excluded Groups</th></tr>
<tr><th colspan="8">Suite</th></tr>
<tr><td><a href="#t0">Test</a></td><td class="num">22</td><td class="num attn">2</td><td class="num">0</td><td class="num attn">9</td><td class="num">1,079,590</td><td></td><td></td></tr>
</table>
<table id='summary'><thead><tr><th>Class</th><th>Method</th><th>Start</th><th>Time (ms)</th></tr></thead><tbody><tr><th colspan="4">Suite</th></tr></tbody><tbody id="t0"><tr><th colspan="4">Test &#8212; failed</th></tr><tr class="failedeven"><td rowspan="9">com.uiFramework.Genesis.regression.web.OrderTest</td><td><a href="#m0">shouldAddCustomerAccessorialSuccessfully</a></td><td rowspan="1">1763969332984</td><td rowspan="1">39881</td></tr><tr class="failedeven"><td><a href="#m1">shouldAddEditAndDeleteCarrierAccessorialSuccessfully</a></td><td rowspan="1">1763969389578</td><td rowspan="1">38112</td></tr><tr class="failedeven"><td><a href="#m2">shouldConfirmMultipleOrdersAndDisplaySuccessToast</a></td><td rowspan="1">1763970119000</td><td rowspan="1">161067</td></tr><tr class="failedeven"><td><a href="#m3">shouldDeleteFileAndVerifyOrderStatusAsDraft</a></td><td rowspan="1">1763969507043</td><td rowspan="1">30216</td></tr><tr class="failedeven"><td><a href="#m4">shouldDisplayBarcodeAfterDistributorOrderConfirmation</a></td><td rowspan="1">1763969927138</td><td rowspan="1">54353</td></tr><tr class="failedeven"><td><a href="#m5">shouldDisplayOrderFormOnCreateButtonClick</a></td><td rowspan="1">1763969272640</td><td rowspan="1">10372</td></tr><tr class="failedeven"><td><a href="#m6">shouldNotGenerateBarcodeWhenCheckboxIsUnchecked</a></td><td rowspan="1">1763969981492</td><td rowspan="1">137508</td></tr><tr class="failedeven"><td><a href="#m7">shouldSaveCommentAfterDeleteAndValidateFileUploadErrors</a></td><td rowspan="1">1763969465645</td><td rowspan="1">38395</td></tr><tr class="failedeven"><td><a href="#m8">shouldShowErrorOnConfirmFromListingWithMissingFields</a></td><td rowspan="1">1763969735430</td><td rowspan="1">108189</td></tr><tr><th colspan="4">Test &#8212; skipped</th></tr><tr class="skippedeven"><td rowspan="2">com.uiFramework.Genesis.regression.web.OrderTest</td><td><a href="#m9">shouldAllowOrderDeletionAfterConfirmation</a></td><td rowspan="1">1763970280067</td><td rowspan="1">0</td></tr><tr class="skippedeven"><td><a href="#m10">shouldDeleteOrderSuccessfullyWhenInDraftStatusInDraft</a></td><td rowspan="1">1763969843626</td><td rowspan="1">0</td></tr><tr><th colspan="4">Test &#8212; passed</th></tr><tr class="passedeven"><td rowspan="22">com.uiFramework.Genesis.regression.web.OrderTest</td><td><a href="#m11">shouldAddEditAndDeleteCommentSuccessfully</a></td><td rowspan="1">1763969444948</td><td rowspan="1">20697</td></tr><tr class="passedeven"><td><a href="#m12">shouldCalculateRatedWeightAndLitWeightCorrectly</a></td><td rowspan="1">1763969318927</td><td rowspan="1">3855</td></tr><tr class="passedeven"><td><a href="#m13">shouldCreateDistributorOrderWithRequiredDetails</a></td><td rowspan="1">1763969843626</td><td rowspan="1">83499</td></tr><tr class="passedeven"><td><a href="#m14">shouldFetchConsigneeAddressDetails</a></td><td rowspan="1">1763969312423</td><td rowspan="1">287</td></tr><tr class="passedeven"><td><a href="#m15">shouldGenerateBarcodeAfterOrderConfirmation</a></td><td rowspan="1">1763969537259</td><td rowspan="1">12856</td></tr><tr class="passedeven"><td><a href="#m16">shouldKeepConsigneeDropdownEmptyUntilCustomerSelected</a></td><td rowspan="1">1763969285521</td><td rowspan="1">26169</td></tr><tr class="passedeven"><td><a href="#m17">shouldMatchOrderDetailsOnListingPage</a></td><td rowspan="1">1763969550117</td><td rowspan="1">43801</td></tr><tr class="passedeven"><td><a href="#m18">shouldNotAllowDeletionWhenOrderInPalletStage</a></td><td rowspan="1">1763970280067</td><td rowspan="1">54686</td></tr><tr class="passedeven"><td><a href="#m19">shouldNotGenerateBarcodeAndShowCorrectOrderStatusOnConfirm</a></td><td rowspan="1">1763969719742</td><td rowspan="1">15686</td></tr><tr class="passedeven"><td><a href="#m20">shouldPaginateOrderListingCorrectly</a></td><td rowspan="1">1763970334753</td><td rowspan="1">17316</td></tr><tr class="passedeven"><td><a href="#m21">shouldSaveCarrierAccessorialAfterDeleteAndValidateCommentValidation</a></td><td rowspan="1">1763969427690</td><td rowspan="1">9647</td></tr><tr class="passedeven"><td><a href="#m22">shouldSaveCustomerAccessorialAfterDeleteAndValidateCarrierValidation</a></td><td rowspan="1">1763969372865</td><td rowspan="1">16713</td></tr><tr class="passedeven"><td><a href="#m23">shouldSaveTypeAndsubjectReqOnComment</a></td><td rowspan="1">1763969437337</td><td rowspan="1">7611</td></tr><tr class="passedeven"><td><a href="#m24">shouldShowErrorForDuplicateCustomerOrderNumber</a></td><td rowspan="1">1763969664291</td><td rowspan="1">55451</td></tr><tr class="passedeven"><td><a href="#m25">shouldShowErrorMessagesForMandatoryFields</a></td><td rowspan="1">1763969283071</td><td rowspan="1">2449</td></tr><tr class="passedeven"><td><a href="#m26">shouldShowErrorWhenSavingEmptyCustomerAccessorial</a></td><td rowspan="1">1763969322782</td><td rowspan="1">10202</td></tr><tr class="passedeven"><td><a href="#m27">shouldShowToastWhenConfirmingWithoutWeightOrPieces</a></td><td rowspan="1">1763969312710</td><td rowspan="1">6212</td></tr><tr class="passedeven"><td><a href="#m28">shouldUploadFileAndShowSuccessToast</a></td><td rowspan="1">1763969504040</td><td rowspan="1">2990</td></tr><tr class="passedeven"><td><a href="#m29">shouldValidateFullAddressDetails</a></td><td rowspan="1">1763969312011</td><td rowspan="1">411</td></tr><tr class="passedeven"><td><a href="#m30">shouldValidateLocalCarrierTextAndQAStatusAndPODUnset</a></td><td rowspan="1">1763969311690</td><td rowspan="1">321</td></tr><tr class="passedeven"><td><a href="#m31">shouldValidateOrderStatusCountOnLabelBadges</a></td><td rowspan="1">1763969593949</td><td rowspan="1">70339</td></tr><tr class="passedeven"><td><a href="#m32">shouldValidateTotalPiecesAndWeightOnListingPage</a></td><td rowspan="1">1763969593918</td><td rowspan="1">31</td></tr></tbody>
</table>
<h2>Test</h2><h3 id="m0">com.uiFramework.Genesis.regression.web.OrderTest#shouldAddCustomerAccessorialSuccessfully</h3><table class="result"><tr><th>Exception</th></tr><tr><td><div class="stacktrace">java.lang.AssertionError: The following asserts failed:
	Not Matched expected [Customer accessorial deleted successfully] but found [Toast message Failed]
	at com.uiFramework.Genesis.regression.web.OrderTest.shouldAddCustomerAccessorialSuccessfully(OrderTest.java:144)
	at java.base/java.util.ArrayList.forEach(ArrayList.java:1511)
... Removed 33 stack frames</div></td></tr></table><p class="totop"><a href="#summary">back to summary</a></p>
<h3 id="m1">com.uiFramework.Genesis.regression.web.OrderTest#shouldAddEditAndDeleteCarrierAccessorialSuccessfully</h3><table class="result"><tr><th>Exception</th></tr><tr><td><div class="stacktrace">java.lang.AssertionError: The following asserts failed:
	Not matched. expected [Carrier accessorial deleted successfully] but found [Toast message Failed]
	at com.uiFramework.Genesis.regression.web.OrderTest.shouldAddEditAndDeleteCarrierAccessorialSuccessfully(OrderTest.java:165)
	at java.base/java.util.ArrayList.forEach(ArrayList.java:1511)
... Removed 33 stack frames</div></td></tr></table><p class="totop"><a href="#summary">back to summary</a></p>
<h3 id="m2">com.uiFramework.Genesis.regression.web.OrderTest#shouldConfirmMultipleOrdersAndDisplaySuccessToast</h3><table class="result"><tr><th>Exception</th></tr><tr><td><div class="stacktrace">java.lang.AssertionError: The following asserts failed:
	Not matched expected [Selected order confirm successfully] but found [Toast message Failed]
	at com.uiFramework.Genesis.regression.web.OrderTest.shouldConfirmMultipleOrdersAndDisplaySuccessToast(OrderTest.java:363)
	at java.base/java.util.ArrayList.forEach(ArrayList.java:1511)
... Removed 33 stack frames</div></td></tr></table><p class="totop"><a href="#summary">back to summary</a></p>
<h3 id="m3">com.uiFramework.Genesis.regression.web.OrderTest#shouldDeleteFileAndVerifyOrderStatusAsDraft</h3><table class="result"><tr><th>Exception</th></tr><tr><td><div class="stacktrace">java.lang.AssertionError: The following asserts failed:
	Not match! expected [File deleted successfully] but found [Toast message Failed]
	at com.uiFramework.Genesis.regression.web.OrderTest.shouldDeleteFileAndVerifyOrderStatusAsDraft(OrderTest.java:218)
	at java.base/java.util.ArrayList.forEach(ArrayList.java:1511)
... Removed 33 stack frames</div></td></tr></table><p class="totop"><a href="#summary">back to summary</a></p>
<h3 id="m4">com.uiFramework.Genesis.regression.web.OrderTest#shouldDisplayBarcodeAfterDistributorOrderConfirmation</h3><table class="result"><tr><th>Exception</th></tr><tr><td><div class="stacktrace">org.openqa.selenium.TimeoutException: Expected condition failed: waiting for element to be clickable: By.xpath: (//input[@aria-invalid=&apos;false&apos;])[2] (tried for 40 second(s) with 500 milliseconds interval)
Build info: version: &apos;4.12.0&apos;, revision: &apos;249f2a7d1b*&apos;
System info: os.name: &apos;Windows 11&apos;, os.arch: &apos;amd64&apos;, os.version: &apos;10.0&apos;, java.version: &apos;17.0.17&apos;
Driver info: org.openqa.selenium.chrome.ChromeDriver
Capabilities {acceptInsecureCerts: false, browserName: chrome, browserVersion: 142.0.7444.176, chrome: {chromedriverVersion: 142.0.7444.175 (302067f14a4..., userDataDir: C:\Users\Admin\AppData\Loca...}, fedcm:accounts: true, goog:chromeOptions: {debuggerAddress: localhost:62388}, goog:processID: 10256, networkConnectionEnabled: false, pageLoadStrategy: normal, platformName: windows, proxy: Proxy(), se:cdp: ws://localhost:62388/devtoo..., se:cdpVersion: 142.0.7444.176, setWindowRect: true, strictFileInteractability: false, timeouts: {implicit: 0, pageLoad: 300000, script: 30000}, unhandledPromptBehavior: dismiss and notify, webauthn:extension:credBlob: true, webauthn:extension:largeBlob: true, webauthn:extension:minPinLength: true, webauthn:extension:prf: true, webauthn:virtualAuthenticators: true}
Session ID: 66601cd3379f29ab2def5a5273b4b5b8
	at org.openqa.selenium.support.ui.WebDriverWait.timeoutException(WebDriverWait.java:84)
	at org.openqa.selenium.support.ui.FluentWait.until(FluentWait.java:230)
	at com.uiFramework.Genesis.web.pages.OrderPage.safeClick(OrderPage.java:87)
	at com.uiFramework.Genesis.web.pages.OrderPage.verifyBarcodeAfterConfirmationOnListing(OrderPage.java:931)
	at com.uiFramework.Genesis.regression.web.OrderTest.shouldDisplayBarcodeAfterDistributorOrderConfirmation(OrderTest.java:327)
	at java.base/java.util.ArrayList.forEach(ArrayList.java:1511)
... Removed 31 stack frames</div></td></tr></table><p class="totop"><a href="#summary">back to summary</a></p>
<h3 id="m5">com.uiFramework.Genesis.regression.web.OrderTest#shouldDisplayOrderFormOnCreateButtonClick</h3><table class="result"><tr><th>Exception</th></tr><tr><td><div class="stacktrace">org.openqa.selenium.StaleElementReferenceException: stale element reference: stale element not found in the current frame
  (Session info: chrome=142.0.7444.176)
For documentation on this error, please visit: https://www.selenium.dev/documentation/webdriver/troubleshooting/errors#stale-element-reference-exception
Build info: version: &apos;4.12.0&apos;, revision: &apos;249f2a7d1b*&apos;
System info: os.name: &apos;Windows 11&apos;, os.arch: &apos;amd64&apos;, os.version: &apos;10.0&apos;, java.version: &apos;17.0.17&apos;
Driver info: org.openqa.selenium.chrome.ChromeDriver
Command: [66601cd3379f29ab2def5a5273b4b5b8, getElementText {id=f.DE3221D5A3FC32D882766FB8EEA8B462.d.26E581F1718893E8999B5CD4E71CB218.e.224}]
Capabilities {acceptInsecureCerts: false, browserName: chrome, browserVersion: 142.0.7444.176, chrome: {chromedriverVersion: 142.0.7444.175 (302067f14a4..., userDataDir: C:\Users\Admin\AppData\Loca...}, fedcm:accounts: true, goog:chromeOptions: {debuggerAddress: localhost:62388}, goog:processID: 10256, networkConnectionEnabled: false, pageLoadStrategy: normal, platformName: windows, proxy: Proxy(), se:cdp: ws://localhost:62388/devtoo..., se:cdpVersion: 142.0.7444.176, setWindowRect: true, strictFileInteractability: false, timeouts: {implicit: 0, pageLoad: 300000, script: 30000}, unhandledPromptBehavior: dismiss and notify, webauthn:extension:credBlob: true, webauthn:extension:largeBlob: true, webauthn:extension:minPinLength: true, webauthn:extension:prf: true, webauthn:virtualAuthenticators: true}
Element: [[ChromeDriver: chrome on windows (66601cd3379f29ab2def5a5273b4b5b8)] -&gt; xpath: //*[@id=&apos;panel1bh-header&apos;]/div[1]/div/div/div[1]/h6]
Session ID: 66601cd3379f29ab2def5a5273b4b5b8
	at org.openqa.selenium.remote.codec.w3c.W3CHttpResponseCodec.createException(W3CHttpResponseCodec.java:200)
	at org.openqa.selenium.remote.codec.w3c.W3CHttpResponseCodec.decode(W3CHttpResponseCodec.java:133)
	at org.openqa.selenium.remote.codec.w3c.W3CHttpResponseCodec.decode(W3CHttpResponseCodec.java:52)
	at org.openqa.selenium.remote.HttpCommandExecutor.execute(HttpCommandExecutor.java:191)
	at org.openqa.selenium.remote.service.DriverCommandExecutor.invokeExecute(DriverCommandExecutor.java:196)
	at org.openqa.selenium.remote.service.DriverCommandExecutor.execute(DriverCommandExecutor.java:171)
	at org.openqa.selenium.remote.RemoteWebDriver.execute(RemoteWebDriver.java:602)
	at org.openqa.selenium.remote.RemoteWebElement.execute(RemoteWebElement.java:224)
	at org.openqa.selenium.remote.RemoteWebElement.getText(RemoteWebElement.java:192)
	at com.uiFramework.Genesis.web.pages.CommonPage.getMandatoryText(CommonPage.java:236)
	at com.uiFramework.Genesis.web.pages.OrderPage.fetchText(OrderPage.java:267)
	at com.uiFramework.Genesis.regression.web.OrderTest.shouldDisplayOrderFormOnCreateButtonClick(OrderTest.java:48)
	at java.base/java.util.ArrayList.forEach(ArrayList.java:1511)
... Removed 36 stack frames</div></td></tr></table><p class="totop"><a href="#summary">back to summary</a></p>
<h3 id="m6">com.uiFramework.Genesis.regression.web.OrderTest#shouldNotGenerateBarcodeWhenCheckboxIsUnchecked</h3><table class="result"><tr><th>Exception</th></tr><tr><td><div class="stacktrace">org.openqa.selenium.TimeoutException: Expected condition failed: waiting for element to be clickable: By.xpath: (//input[@aria-invalid=&apos;false&apos;])[2] (tried for 40 second(s) with 500 milliseconds interval)
Build info: version: &apos;4.12.0&apos;, revision: &apos;249f2a7d1b*&apos;
System info: os.name: &apos;Windows 11&apos;, os.arch: &apos;amd64&apos;, os.version: &apos;10.0&apos;, java.version: &apos;17.0.17&apos;
Driver info: org.openqa.selenium.chrome.ChromeDriver
Capabilities {acceptInsecureCerts: false, browserName: chrome, browserVersion: 142.0.7444.176, chrome: {chromedriverVersion: 142.0.7444.175 (302067f14a4..., userDataDir: C:\Users\Admin\AppData\Loca...}, fedcm:accounts: true, goog:chromeOptions: {debuggerAddress: localhost:62388}, goog:processID: 10256, networkConnectionEnabled: false, pageLoadStrategy: normal, platformName: windows, proxy: Proxy(), se:cdp: ws://localhost:62388/devtoo..., se:cdpVersion: 142.0.7444.176, setWindowRect: true, strictFileInteractability: false, timeouts: {implicit: 0, pageLoad: 300000, script: 30000}, unhandledPromptBehavior: dismiss and notify, webauthn:extension:credBlob: true, webauthn:extension:largeBlob: true, webauthn:extension:minPinLength: true, webauthn:extension:prf: true, webauthn:virtualAuthenticators: true}
Session ID: 66601cd3379f29ab2def5a5273b4b5b8
	at org.openqa.selenium.support.ui.WebDriverWait.timeoutException(WebDriverWait.java:84)
	at org.openqa.selenium.support.ui.FluentWait.until(FluentWait.java:230)
	at com.uiFramework.Genesis.web.pages.OrderPage.safeClick(OrderPage.java:87)
	at com.uiFramework.Genesis.web.pages.OrderPage.verifyBarcodeAfterConfirmationOnListing(OrderPage.java:931)
	at com.uiFramework.Genesis.regression.web.OrderTest.shouldNotGenerateBarcodeWhenCheckboxIsUnchecked(OrderTest.java:345)
	at java.base/java.util.ArrayList.forEach(ArrayList.java:1511)
... Removed 31 stack frames</div></td></tr></table><p class="totop"><a href="#summary">back to summary</a></p>
<h3 id="m7">com.uiFramework.Genesis.regression.web.OrderTest#shouldSaveCommentAfterDeleteAndValidateFileUploadErrors</h3><table class="result"><tr><th>Exception</th></tr><tr><td><div class="stacktrace">java.lang.AssertionError: The following asserts failed:
	Not match! expected [Comment save successfully] but found [Toast message Failed]
	at com.uiFramework.Genesis.regression.web.OrderTest.shouldSaveCommentAfterDeleteAndValidateFileUploadErrors(OrderTest.java:201)
	at java.base/java.util.ArrayList.forEach(ArrayList.java:1511)
... Removed 33 stack frames</div></td></tr></table><p class="totop"><a href="#summary">back to summary</a></p>
<h3 id="m8">com.uiFramework.Genesis.regression.web.OrderTest#shouldShowErrorOnConfirmFromListingWithMissingFields</h3><table class="result"><tr><th>Exception</th></tr><tr><td><div class="stacktrace">org.openqa.selenium.TimeoutException: Expected condition failed: waiting for element to be clickable: By.xpath: (//input[@aria-invalid=&apos;false&apos;])[2] (tried for 40 second(s) with 500 milliseconds interval)
Build info: version: &apos;4.12.0&apos;, revision: &apos;249f2a7d1b*&apos;
System info: os.name: &apos;Windows 11&apos;, os.arch: &apos;amd64&apos;, os.version: &apos;10.0&apos;, java.version: &apos;17.0.17&apos;
Driver info: org.openqa.selenium.chrome.ChromeDriver
Capabilities {acceptInsecureCerts: false, browserName: chrome, browserVersion: 142.0.7444.176, chrome: {chromedriverVersion: 142.0.7444.175 (302067f14a4..., userDataDir: C:\Users\Admin\AppData\Loca...}, fedcm:accounts: true, goog:chromeOptions: {debuggerAddress: localhost:62388}, goog:processID: 10256, networkConnectionEnabled: false, pageLoadStrategy: normal, platformName: windows, proxy: Proxy(), se:cdp: ws://localhost:62388/devtoo..., se:cdpVersion: 142.0.7444.176, setWindowRect: true, strictFileInteractability: false, timeouts: {implicit: 0, pageLoad: 300000, script: 30000}, unhandledPromptBehavior: dismiss and notify, webauthn:extension:credBlob: true, webauthn:extension:largeBlob: true, webauthn:extension:minPinLength: true, webauthn:extension:prf: true, webauthn:virtualAuthenticators: true}
Session ID: 66601cd3379f29ab2def5a5273b4b5b8
	at org.openqa.selenium.support.ui.WebDriverWait.timeoutException(WebDriverWait.java:84)
	at org.openqa.selenium.support.ui.FluentWait.until(FluentWait.java:230)
	at com.uiFramework.Genesis.web.pages.OrderPage.safeClick(OrderPage.java:87)
	at com.uiFramework.Genesis.web.pages.OrderPage.orderConfirmfromListing(OrderPage.java:845)
	at com.uiFramework.Genesis.regression.web.OrderTest.shouldShowErrorOnConfirmFromListingWithMissingFields(OrderTest.java:283)
	at java.base/java.util.ArrayList.forEach(ArrayList.java:1511)
... Removed 31 stack frames</div></td></tr></table><p class="totop"><a href="#summary">back to summary</a></p>
<h3 id="m9">com.uiFramework.Genesis.regression.web.OrderTest#shouldAllowOrderDeletionAfterConfirmation</h3><table class="result"><tr><th>Exception</th></tr><tr><td><div class="stacktrace">java.lang.Throwable: Method com.uiFramework.Genesis.regression.web.OrderTest.shouldAllowOrderDeletionAfterConfirmation() on instance com.uiFramework.Genesis.regression.web.OrderTest@692f203f depends on not successfully finished methods 
[com.uiFramework.Genesis.regression.web.OrderTest.shouldConfirmMultipleOrdersAndDisplaySuccessToast() on instance com.uiFramework.Genesis.regression.web.OrderTest@692f203f]
	at java.base/java.util.ArrayList.forEach(ArrayList.java:1511)
... Removed 22 stack frames</div></td></tr></table><p class="totop"><a href="#summary">back to summary</a></p>
<h3 id="m10">com.uiFramework.Genesis.regression.web.OrderTest#shouldDeleteOrderSuccessfullyWhenInDraftStatusInDraft</h3><table class="result"><tr><th>Exception</th></tr><tr><td><div class="stacktrace">java.lang.Throwable: Method com.uiFramework.Genesis.regression.web.OrderTest.shouldDeleteOrderSuccessfullyWhenInDraftStatusInDraft() on instance com.uiFramework.Genesis.regression.web.OrderTest@692f203f depends on not successfully finished methods 
[com.uiFramework.Genesis.regression.web.OrderTest.shouldShowErrorOnConfirmFromListingWithMissingFields() on instance com.uiFramework.Genesis.regression.web.OrderTest@692f203f]
	at java.base/java.util.ArrayList.forEach(ArrayList.java:1511)
... Removed 22 stack frames</div></td></tr></table><p class="totop"><a href="#summary">back to summary</a></p>
<h3 id="m11">com.uiFramework.Genesis.regression.web.OrderTest#shouldAddEditAndDeleteCommentSuccessfully</h3><table class="result"><tr><th class="invisible"/></tr></table><p class="totop"><a href="#summary">back to summary</a></p>
<h3 id="m12">com.uiFramework.Genesis.regression.web.OrderTest#shouldCalculateRatedWeightAndLitWeightCorrectly</h3><table class="result"><tr><th class="invisible"/></tr></table><p class="totop"><a href="#summary">back to summary</a></p>
<h3 id="m13">com.uiFramework.Genesis.regression.web.OrderTest#shouldCreateDistributorOrderWithRequiredDetails</h3><table class="result"><tr><th class="invisible"/></tr></table><p class="totop"><a href="#summary">back to summary</a></p>
<h3 id="m14">com.uiFramework.Genesis.regression.web.OrderTest#shouldFetchConsigneeAddressDetails</h3><table class="result"><tr><th class="invisible"/></tr></table><p class="totop"><a href="#summary">back to summary</a></p>
<h3 id="m15">com.uiFramework.Genesis.regression.web.OrderTest#shouldGenerateBarcodeAfterOrderConfirmation</h3><table class="result"><tr><th class="invisible"/></tr></table><p class="totop"><a href="#summary">back to summary</a></p>
<h3 id="m16">com.uiFramework.Genesis.regression.web.OrderTest#shouldKeepConsigneeDropdownEmptyUntilCustomerSelected</h3><table class="result"><tr><th class="invisible"/></tr></table><p class="totop"><a href="#summary">back to summary</a></p>
<h3 id="m17">com.uiFramework.Genesis.regression.web.OrderTest#shouldMatchOrderDetailsOnListingPage</h3><table class="result"><tr><th class="invisible"/></tr></table><p class="totop"><a href="#summary">back to summary</a></p>
<h3 id="m18">com.uiFramework.Genesis.regression.web.OrderTest#shouldNotAllowDeletionWhenOrderInPalletStage</h3><table class="result"><tr><th class="invisible"/></tr></table><p class="totop"><a href="#summary">back to summary</a></p>
<h3 id="m19">com.uiFramework.Genesis.regression.web.OrderTest#shouldNotGenerateBarcodeAndShowCorrectOrderStatusOnConfirm</h3><table class="result"><tr><th class="invisible"/></tr></table><p class="totop"><a href="#summary">back to summary</a></p>
<h3 id="m20">com.uiFramework.Genesis.regression.web.OrderTest#shouldPaginateOrderListingCorrectly</h3><table class="result"><tr><th class="invisible"/></tr></table><p class="totop"><a href="#summary">back to summary</a></p>
<h3 id="m21">com.uiFramework.Genesis.regression.web.OrderTest#shouldSaveCarrierAccessorialAfterDeleteAndValidateCommentValidation</h3><table class="result"><tr><th class="invisible"/></tr></table><p class="totop"><a href="#summary">back to summary</a></p>
<h3 id="m22">com.uiFramework.Genesis.regression.web.OrderTest#shouldSaveCustomerAccessorialAfterDeleteAndValidateCarrierValidation</h3><table class="result"><tr><th class="invisible"/></tr></table><p class="totop"><a href="#summary">back to summary</a></p>
<h3 id="m23">com.uiFramework.Genesis.regression.web.OrderTest#shouldSaveTypeAndsubjectReqOnComment</h3><table class="result"><tr><th class="invisible"/></tr></table><p class="totop"><a href="#summary">back to summary</a></p>
<h3 id="m24">com.uiFramework.Genesis.regression.web.OrderTest#shouldShowErrorForDuplicateCustomerOrderNumber</h3><table class="result"><tr><th class="invisible"/></tr></table><p class="totop"><a href="#summary">back to summary</a></p>
<h3 id="m25">com.uiFramework.Genesis.regression.web.OrderTest#shouldShowErrorMessagesForMandatoryFields</h3><table class="result"><tr><th class="invisible"/></tr></table><p class="totop"><a href="#summary">back to summary</a></p>
<h3 id="m26">com.uiFramework.Genesis.regression.web.OrderTest#shouldShowErrorWhenSavingEmptyCustomerAccessorial</h3><table class="result"><tr><th class="invisible"/></tr></table><p class="totop"><a href="#summary">back to summary</a></p>
<h3 id="m27">com.uiFramework.Genesis.regression.web.OrderTest#shouldShowToastWhenConfirmingWithoutWeightOrPieces</h3><table class="result"><tr><th class="invisible"/></tr></table><p class="totop"><a href="#summary">back to summary</a></p>
<h3 id="m28">com.uiFramework.Genesis.regression.web.OrderTest#shouldUploadFileAndShowSuccessToast</h3><table class="result"><tr><th class="invisible"/></tr></table><p class="totop"><a href="#summary">back to summary</a></p>
<h3 id="m29">com.uiFramework.Genesis.regression.web.OrderTest#shouldValidateFullAddressDetails</h3><table class="result"><tr><th class="invisible"/></tr></table><p class="totop"><a href="#summary">back to summary</a></p>
<h3 id="m30">com.uiFramework.Genesis.regression.web.OrderTest#shouldValidateLocalCarrierTextAndQAStatusAndPODUnset</h3><table class="result"><tr><th class="invisible"/></tr></table><p class="totop"><a href="#summary">back to summary</a></p>
<h3 id="m31">com.uiFramework.Genesis.regression.web.OrderTest#shouldValidateOrderStatusCountOnLabelBadges</h3><table class="result"><tr><th class="invisible"/></tr></table><p class="totop"><a href="#summary">back to summary</a></p>
<h3 id="m32">com.uiFramework.Genesis.regression.web.OrderTest#shouldValidateTotalPiecesAndWeightOnListingPage</h3><table class="result"><tr><th class="invisible"/></tr></table><p class="totop"><a href="#summary">back to summary</a></p>
</body>
</html>
