<!DOCTYPE html>

<html>
  <head>
  <meta charset='utf-8'>
  <title>TestNG reports</title>

    <link type="text/css" href="testng-reports1.css" rel="stylesheet" id="ultra" />
    <link type="text/css" href="testng-reports.css" rel="stylesheet" id="retro" disabled="false"/>
    <script type="text/javascript" src="jquery-3.6.0.min.js"></script>
    <script type="text/javascript" src="testng-reports.js"></script>
    <script type="text/javascript" src="https://www.google.com/jsapi"></script>
    <script type='text/javascript'>
      google.load('visualization', '1', {packages:['table']});
      google.setOnLoadCallback(drawTable);
      var suiteTableInitFunctions = new Array();
      var suiteTableData = new Array();
    </script>
    <!--
      <script type="text/javascript" src="jquery-ui/js/jquery-ui-1.8.16.custom.min.js"></script>
     -->
  </head>

  <body>    <div class="top-banner-root">
      <span class="top-banner-title-font">Test results</span>
      <button id="button" class="button">Switch Retro Theme</button> <!-- button -->
      <br/>
      <span class="top-banner-font-1">1 suite, 9 failed tests</span>
    </div> <!-- top-banner-root -->
    <div class="navigator-root">
      <div class="navigator-suite-header">
        <span>All suites</span>
        <a href="#" title="Collapse/expand all the suites" class="collapse-all-link">
          <img src="collapseall.gif" class="collapse-all-icon">
          </img> <!-- collapse-all-icon -->
        </a> <!-- collapse-all-link -->
      </div> <!-- navigator-suite-header -->
      <div class="suite">
        <div class="rounded-window">
          <div class="suite-header light-rounded-window-top">
            <a href="#" panel-name="suite-Suite" class="navigator-link">
              <span class="suite-name border-failed">Suite</span>
            </a> <!-- navigator-link -->
          </div> <!-- suite-header light-rounded-window-top -->
          <div class="navigator-suite-content">
            <div class="suite-section-title">
              <span>Info</span>
            </div> <!-- suite-section-title -->
            <div class="suite-section-content">
              <ul>
                <li>
                  <a href="#" panel-name="test-xml-Suite" class="navigator-link ">
                    <span>C:\Users\Admin\Documents\Genesis\testng.xml</span>
                  </a> <!-- navigator-link  -->
                </li>
                <li>
                  <a href="#" panel-name="testlist-Suite" class="navigator-link ">
                    <span class="test-stats">1 test</span>
                  </a> <!-- navigator-link  -->
                </li>
                <li>
                  <a href="#" panel-name="group-Suite" class="navigator-link ">
                    <span>1 group</span>
                  </a> <!-- navigator-link  -->
                </li>
                <li>
                  <a href="#" panel-name="times-Suite" class="navigator-link ">
                    <span>Times</span>
                  </a> <!-- navigator-link  -->
                </li>
                <li>
                  <a href="#" panel-name="reporter-Suite" class="navigator-link ">
                    <span>Reporter output</span>
                  </a> <!-- navigator-link  -->
                </li>
                <li>
                  <a href="#" panel-name="ignored-methods-Suite" class="navigator-link ">
                    <span>Ignored methods</span>
                  </a> <!-- navigator-link  -->
                </li>
                <li>
                  <a href="#" panel-name="chronological-Suite" class="navigator-link ">
                    <span>Chronological view</span>
                  </a> <!-- navigator-link  -->
                </li>
              </ul>
            </div> <!-- suite-section-content -->
            <div class="result-section">
              <div class="suite-section-title">
                <span>Results</span>
              </div> <!-- suite-section-title -->
              <div class="suite-section-content">
                <ul>
                  <li>
                    <span class="method-stats">33 methods, 9 failed,  2 skipped,  22 passed</span>
                  </li>
                  <li>
                    <span class="method-list-title failed">Failed methods</span>
                    <span class="show-or-hide-methods failed">
                      <a href="#" panel-name="suite-Suite" class="hide-methods failed suite-Suite"> (hide)</a> <!-- hide-methods failed suite-Suite -->
                      <a href="#" panel-name="suite-Suite" class="show-methods failed suite-Suite"> (show)</a> <!-- show-methods failed suite-Suite -->
                    </span>
                    <div class="method-list-content failed suite-Suite">
                      <span>
                        <img src="failed.png" width="3%"/>
                        <a href="#" panel-name="suite-Suite" title="com.uiFramework.Genesis.regression.web.OrderTest" class="method navigator-link" hash-for-method="shouldAddCustomerAccessorialSuccessfully">shouldAddCustomerAccessorialSuccessfully</a> <!-- method navigator-link -->
                      </span>
                      <br/>
                      <span>
                        <img src="failed.png" width="3%"/>
                        <a href="#" panel-name="suite-Suite" title="com.uiFramework.Genesis.regression.web.OrderTest" class="method navigator-link" hash-for-method="shouldAddEditAndDeleteCarrierAccessorialSuccessfully">shouldAddEditAndDeleteCarrierAccessorialSuccessfully</a> <!-- method navigator-link -->
                      </span>
                      <br/>
                      <span>
                        <img src="failed.png" width="3%"/>
                        <a href="#" panel-name="suite-Suite" title="com.uiFramework.Genesis.regression.web.OrderTest" class="method navigator-link" hash-for-method="shouldConfirmMultipleOrdersAndDisplaySuccessToast">shouldConfirmMultipleOrdersAndDisplaySuccessToast</a> <!-- method navigator-link -->
                      </span>
                      <br/>
                      <span>
                        <img src="failed.png" width="3%"/>
                        <a href="#" panel-name="suite-Suite" title="com.uiFramework.Genesis.regression.web.OrderTest" class="method navigator-link" hash-for-method="shouldDeleteFileAndVerifyOrderStatusAsDraft">shouldDeleteFileAndVerifyOrderStatusAsDraft</a> <!-- method navigator-link -->
                      </span>
                      <br/>
                      <span>
                        <img src="failed.png" width="3%"/>
                        <a href="#" panel-name="suite-Suite" title="com.uiFramework.Genesis.regression.web.OrderTest" class="method navigator-link" hash-for-method="shouldDisplayBarcodeAfterDistributorOrderConfirmation">shouldDisplayBarcodeAfterDistributorOrderConfirmation</a> <!-- method navigator-link -->
                      </span>
                      <br/>
                      <span>
                        <img src="failed.png" width="3%"/>
                        <a href="#" panel-name="suite-Suite" title="com.uiFramework.Genesis.regression.web.OrderTest" class="method navigator-link" hash-for-method="shouldDisplayOrderFormOnCreateButtonClick">shouldDisplayOrderFormOnCreateButtonClick</a> <!-- method navigator-link -->
                      </span>
                      <br/>
                      <span>
                        <img src="failed.png" width="3%"/>
                        <a href="#" panel-name="suite-Suite" title="com.uiFramework.Genesis.regression.web.OrderTest" class="method navigator-link" hash-for-method="shouldNotGenerateBarcodeWhenCheckboxIsUnchecked">shouldNotGenerateBarcodeWhenCheckboxIsUnchecked</a> <!-- method navigator-link -->
                      </span>
                      <br/>
                      <span>
                        <img src="failed.png" width="3%"/>
                        <a href="#" panel-name="suite-Suite" title="com.uiFramework.Genesis.regression.web.OrderTest" class="method navigator-link" hash-for-method="shouldSaveCommentAfterDeleteAndValidateFileUploadErrors">shouldSaveCommentAfterDeleteAndValidateFileUploadErrors</a> <!-- method navigator-link -->
                      </span>
                      <br/>
                      <span>
                        <img src="failed.png" width="3%"/>
                        <a href="#" panel-name="suite-Suite" title="com.uiFramework.Genesis.regression.web.OrderTest" class="method navigator-link" hash-for-method="shouldShowErrorOnConfirmFromListingWithMissingFields">shouldShowErrorOnConfirmFromListingWithMissingFields</a> <!-- method navigator-link -->
                      </span>
                      <br/>
                    </div> <!-- method-list-content failed suite-Suite -->
                  </li>
                  <li>
                    <span class="method-list-title skipped">Skipped methods</span>
                    <span class="show-or-hide-methods skipped">
                      <a href="#" panel-name="suite-Suite" class="hide-methods skipped suite-Suite"> (hide)</a> <!-- hide-methods skipped suite-Suite -->
                      <a href="#" panel-name="suite-Suite" class="show-methods skipped suite-Suite"> (show)</a> <!-- show-methods skipped suite-Suite -->
                    </span>
                    <div class="method-list-content skipped suite-Suite">
                      <span>
                        <img src="skipped.png" width="3%"/>
                        <a href="#" panel-name="suite-Suite" title="com.uiFramework.Genesis.regression.web.OrderTest" class="method navigator-link" hash-for-method="shouldAllowOrderDeletionAfterConfirmation">shouldAllowOrderDeletionAfterConfirmation</a> <!-- method navigator-link -->
                      </span>
                      <br/>
                      <span>
                        <img src="skipped.png" width="3%"/>
                        <a href="#" panel-name="suite-Suite" title="com.uiFramework.Genesis.regression.web.OrderTest" class="method navigator-link" hash-for-method="shouldDeleteOrderSuccessfullyWhenInDraftStatusInDraft">shouldDeleteOrderSuccessfullyWhenInDraftStatusInDraft</a> <!-- method navigator-link -->
                      </span>
                      <br/>
                    </div> <!-- method-list-content skipped suite-Suite -->
                  </li>
                  <li>
                    <span class="method-list-title passed">Passed methods</span>
                    <span class="show-or-hide-methods passed">
                      <a href="#" panel-name="suite-Suite" class="hide-methods passed suite-Suite"> (hide)</a> <!-- hide-methods passed suite-Suite -->
                      <a href="#" panel-name="suite-Suite" class="show-methods passed suite-Suite"> (show)</a> <!-- show-methods passed suite-Suite -->
                    </span>
                    <div class="method-list-content passed suite-Suite">
                      <span>
                        <img src="passed.png" width="3%"/>
                        <a href="#" panel-name="suite-Suite" title="com.uiFramework.Genesis.regression.web.OrderTest" class="method navigator-link" hash-for-method="shouldAddEditAndDeleteCommentSuccessfully">shouldAddEditAndDeleteCommentSuccessfully</a> <!-- method navigator-link -->
                      </span>
                      <br/>
                      <span>
                        <img src="passed.png" width="3%"/>
                        <a href="#" panel-name="suite-Suite" title="com.uiFramework.Genesis.regression.web.OrderTest" class="method navigator-link" hash-for-method="shouldCalculateRatedWeightAndLitWeightCorrectly">shouldCalculateRatedWeightAndLitWeightCorrectly</a> <!-- method navigator-link -->
                      </span>
                      <br/>
                      <span>
                        <img src="passed.png" width="3%"/>
                        <a href="#" panel-name="suite-Suite" title="com.uiFramework.Genesis.regression.web.OrderTest" class="method navigator-link" hash-for-method="shouldCreateDistributorOrderWithRequiredDetails">shouldCreateDistributorOrderWithRequiredDetails</a> <!-- method navigator-link -->
                      </span>
                      <br/>
                      <span>
                        <img src="passed.png" width="3%"/>
                        <a href="#" panel-name="suite-Suite" title="com.uiFramework.Genesis.regression.web.OrderTest" class="method navigator-link" hash-for-method="shouldFetchConsigneeAddressDetails">shouldFetchConsigneeAddressDetails</a> <!-- method navigator-link -->
                      </span>
                      <br/>
                      <span>
                        <img src="passed.png" width="3%"/>
                        <a href="#" panel-name="suite-Suite" title="com.uiFramework.Genesis.regression.web.OrderTest" class="method navigator-link" hash-for-method="shouldGenerateBarcodeAfterOrderConfirmation">shouldGenerateBarcodeAfterOrderConfirmation</a> <!-- method navigator-link -->
                      </span>
                      <br/>
                      <span>
                        <img src="passed.png" width="3%"/>
                        <a href="#" panel-name="suite-Suite" title="com.uiFramework.Genesis.regression.web.OrderTest" class="method navigator-link" hash-for-method="shouldKeepConsigneeDropdownEmptyUntilCustomerSelected">shouldKeepConsigneeDropdownEmptyUntilCustomerSelected</a> <!-- method navigator-link -->
                      </span>
                      <br/>
                      <span>
                        <img src="passed.png" width="3%"/>
                        <a href="#" panel-name="suite-Suite" title="com.uiFramework.Genesis.regression.web.OrderTest" class="method navigator-link" hash-for-method="shouldMatchOrderDetailsOnListingPage">shouldMatchOrderDetailsOnListingPage</a> <!-- method navigator-link -->
                      </span>
                      <br/>
                      <span>
                        <img src="passed.png" width="3%"/>
                        <a href="#" panel-name="suite-Suite" title="com.uiFramework.Genesis.regression.web.OrderTest" class="method navigator-link" hash-for-method="shouldNotAllowDeletionWhenOrderInPalletStage">shouldNotAllowDeletionWhenOrderInPalletStage</a> <!-- method navigator-link -->
                      </span>
                      <br/>
                      <span>
                        <img src="passed.png" width="3%"/>
                        <a href="#" panel-name="suite-Suite" title="com.uiFramework.Genesis.regression.web.OrderTest" class="method navigator-link" hash-for-method="shouldNotGenerateBarcodeAndShowCorrectOrderStatusOnConfirm">shouldNotGenerateBarcodeAndShowCorrectOrderStatusOnConfirm</a> <!-- method navigator-link -->
                      </span>
                      <br/>
                      <span>
                        <img src="passed.png" width="3%"/>
                        <a href="#" panel-name="suite-Suite" title="com.uiFramework.Genesis.regression.web.OrderTest" class="method navigator-link" hash-for-method="shouldPaginateOrderListingCorrectly">shouldPaginateOrderListingCorrectly</a> <!-- method navigator-link -->
                      </span>
                      <br/>
                      <span>
                        <img src="passed.png" width="3%"/>
                        <a href="#" panel-name="suite-Suite" title="com.uiFramework.Genesis.regression.web.OrderTest" class="method navigator-link" hash-for-method="shouldSaveCarrierAccessorialAfterDeleteAndValidateCommentValidation">shouldSaveCarrierAccessorialAfterDeleteAndValidateCommentValidation</a> <!-- method navigator-link -->
                      </span>
                      <br/>
                      <span>
                        <img src="passed.png" width="3%"/>
                        <a href="#" panel-name="suite-Suite" title="com.uiFramework.Genesis.regression.web.OrderTest" class="method navigator-link" hash-for-method="shouldSaveCustomerAccessorialAfterDeleteAndValidateCarrierValidation">shouldSaveCustomerAccessorialAfterDeleteAndValidateCarrierValidation</a> <!-- method navigator-link -->
                      </span>
                      <br/>
                      <span>
                        <img src="passed.png" width="3%"/>
                        <a href="#" panel-name="suite-Suite" title="com.uiFramework.Genesis.regression.web.OrderTest" class="method navigator-link" hash-for-method="shouldSaveTypeAndsubjectReqOnComment">shouldSaveTypeAndsubjectReqOnComment</a> <!-- method navigator-link -->
                      </span>
                      <br/>
                      <span>
                        <img src="passed.png" width="3%"/>
                        <a href="#" panel-name="suite-Suite" title="com.uiFramework.Genesis.regression.web.OrderTest" class="method navigator-link" hash-for-method="shouldShowErrorForDuplicateCustomerOrderNumber">shouldShowErrorForDuplicateCustomerOrderNumber</a> <!-- method navigator-link -->
                      </span>
                      <br/>
                      <span>
                        <img src="passed.png" width="3%"/>
                        <a href="#" panel-name="suite-Suite" title="com.uiFramework.Genesis.regression.web.OrderTest" class="method navigator-link" hash-for-method="shouldShowErrorMessagesForMandatoryFields">shouldShowErrorMessagesForMandatoryFields</a> <!-- method navigator-link -->
                      </span>
                      <br/>
                      <span>
                        <img src="passed.png" width="3%"/>
                        <a href="#" panel-name="suite-Suite" title="com.uiFramework.Genesis.regression.web.OrderTest" class="method navigator-link" hash-for-method="shouldShowErrorWhenSavingEmptyCustomerAccessorial">shouldShowErrorWhenSavingEmptyCustomerAccessorial</a> <!-- method navigator-link -->
                      </span>
                      <br/>
                      <span>
                        <img src="passed.png" width="3%"/>
                        <a href="#" panel-name="suite-Suite" title="com.uiFramework.Genesis.regression.web.OrderTest" class="method navigator-link" hash-for-method="shouldShowToastWhenConfirmingWithoutWeightOrPieces">shouldShowToastWhenConfirmingWithoutWeightOrPieces</a> <!-- method navigator-link -->
                      </span>
                      <br/>
                      <span>
                        <img src="passed.png" width="3%"/>
                        <a href="#" panel-name="suite-Suite" title="com.uiFramework.Genesis.regression.web.OrderTest" class="method navigator-link" hash-for-method="shouldUploadFileAndShowSuccessToast">shouldUploadFileAndShowSuccessToast</a> <!-- method navigator-link -->
                      </span>
                      <br/>
                      <span>
                        <img src="passed.png" width="3%"/>
                        <a href="#" panel-name="suite-Suite" title="com.uiFramework.Genesis.regression.web.OrderTest" class="method navigator-link" hash-for-method="shouldValidateFullAddressDetails">shouldValidateFullAddressDetails</a> <!-- method navigator-link -->
                      </span>
                      <br/>
                      <span>
                        <img src="passed.png" width="3%"/>
                        <a href="#" panel-name="suite-Suite" title="com.uiFramework.Genesis.regression.web.OrderTest" class="method navigator-link" hash-for-method="shouldValidateLocalCarrierTextAndQAStatusAndPODUnset">shouldValidateLocalCarrierTextAndQAStatusAndPODUnset</a> <!-- method navigator-link -->
                      </span>
                      <br/>
                      <span>
                        <img src="passed.png" width="3%"/>
                        <a href="#" panel-name="suite-Suite" title="com.uiFramework.Genesis.regression.web.OrderTest" class="method navigator-link" hash-for-method="shouldValidateOrderStatusCountOnLabelBadges">shouldValidateOrderStatusCountOnLabelBadges</a> <!-- method navigator-link -->
                      </span>
                      <br/>
                      <span>
                        <img src="passed.png" width="3%"/>
                        <a href="#" panel-name="suite-Suite" title="com.uiFramework.Genesis.regression.web.OrderTest" class="method navigator-link" hash-for-method="shouldValidateTotalPiecesAndWeightOnListingPage">shouldValidateTotalPiecesAndWeightOnListingPage</a> <!-- method navigator-link -->
                      </span>
                      <br/>
                    </div> <!-- method-list-content passed suite-Suite -->
                  </li>
                </ul>
              </div> <!-- suite-section-content -->
            </div> <!-- result-section -->
          </div> <!-- navigator-suite-content -->
        </div> <!-- rounded-window -->
      </div> <!-- suite -->
    </div> <!-- navigator-root -->
    <div class="wrapper">
      <div class="main-panel-root">
        <div panel-name="suite-Suite" class="panel Suite">
          <div class="suite-Suite-class-failed">
            <div class="main-panel-header rounded-window-top">
              <img src="failed.png"/>
              <span class="class-name">com.uiFramework.Genesis.regression.web.OrderTest</span>
            </div> <!-- main-panel-header rounded-window-top -->
            <div class="main-panel-content rounded-window-bottom">
              <div class="method">
                <div class="method-content">
                  <a name="shouldAddCustomerAccessorialSuccessfully">
                  </a> <!-- shouldAddCustomerAccessorialSuccessfully -->
                  <span class="method-name">shouldAddCustomerAccessorialSuccessfully</span>
                  <div class="stack-trace">java.lang.AssertionError: The following asserts failed:
	Not Matched expected [Customer accessorial deleted successfully] but found [Toast message Failed]
	at com.uiFramework.Genesis.regression.web.OrderTest.shouldAddCustomerAccessorialSuccessfully(OrderTest.java:144)
	at java.base/java.util.ArrayList.forEach(ArrayList.java:1511)
... Removed 33 stack frames
</div> <!-- stack-trace -->
                </div> <!-- method-content -->
              </div> <!-- method -->
              <div class="method">
                <div class="method-content">
                  <a name="shouldAddEditAndDeleteCarrierAccessorialSuccessfully">
                  </a> <!-- shouldAddEditAndDeleteCarrierAccessorialSuccessfully -->
                  <span class="method-name">shouldAddEditAndDeleteCarrierAccessorialSuccessfully</span>
                  <div class="stack-trace">java.lang.AssertionError: The following asserts failed:
	Not matched. expected [Carrier accessorial deleted successfully] but found [Toast message Failed]
	at com.uiFramework.Genesis.regression.web.OrderTest.shouldAddEditAndDeleteCarrierAccessorialSuccessfully(OrderTest.java:165)
	at java.base/java.util.ArrayList.forEach(ArrayList.java:1511)
... Removed 33 stack frames
</div> <!-- stack-trace -->
                </div> <!-- method-content -->
              </div> <!-- method -->
              <div class="method">
                <div class="method-content">
                  <a name="shouldConfirmMultipleOrdersAndDisplaySuccessToast">
                  </a> <!-- shouldConfirmMultipleOrdersAndDisplaySuccessToast -->
                  <span class="method-name">shouldConfirmMultipleOrdersAndDisplaySuccessToast</span>
                  <div class="stack-trace">java.lang.AssertionError: The following asserts failed:
	Not matched expected [Selected order confirm successfully] but found [Toast message Failed]
	at com.uiFramework.Genesis.regression.web.OrderTest.shouldConfirmMultipleOrdersAndDisplaySuccessToast(OrderTest.java:363)
	at java.base/java.util.ArrayList.forEach(ArrayList.java:1511)
... Removed 33 stack frames
</div> <!-- stack-trace -->
                </div> <!-- method-content -->
              </div> <!-- method -->
              <div class="method">
                <div class="method-content">
                  <a name="shouldDeleteFileAndVerifyOrderStatusAsDraft">
                  </a> <!-- shouldDeleteFileAndVerifyOrderStatusAsDraft -->
                  <span class="method-name">shouldDeleteFileAndVerifyOrderStatusAsDraft</span>
                  <div class="stack-trace">java.lang.AssertionError: The following asserts failed:
	Not match! expected [File deleted successfully] but found [Toast message Failed]
	at com.uiFramework.Genesis.regression.web.OrderTest.shouldDeleteFileAndVerifyOrderStatusAsDraft(OrderTest.java:218)
	at java.base/java.util.ArrayList.forEach(ArrayList.java:1511)
... Removed 33 stack frames
</div> <!-- stack-trace -->
                </div> <!-- method-content -->
              </div> <!-- method -->
              <div class="method">
                <div class="method-content">
                  <a name="shouldDisplayBarcodeAfterDistributorOrderConfirmation">
                  </a> <!-- shouldDisplayBarcodeAfterDistributorOrderConfirmation -->
                  <span class="method-name">shouldDisplayBarcodeAfterDistributorOrderConfirmation</span>
                  <div class="stack-trace">org.openqa.selenium.TimeoutException: Expected condition failed: waiting for element to be clickable: By.xpath: (//input[@aria-invalid=&apos;false&apos;])[2] (tried for 40 second(s) with 500 milliseconds interval)
Build info: version: &apos;4.12.0&apos;, revision: &apos;249f2a7d1b*&apos;
System info: os.name: &apos;Windows 11&apos;, os.arch: &apos;amd64&apos;, os.version: &apos;10.0&apos;, java.version: &apos;17.0.17&apos;
Driver info: org.openqa.selenium.chrome.ChromeDriver
Capabilities {acceptInsecureCerts: false, browserName: chrome, browserVersion: 142.0.7444.176, chrome: {chromedriverVersion: 142.0.7444.175 (302067f14a4..., userDataDir: C:\Users\Admin\AppData\Loca...}, fedcm:accounts: true, goog:chromeOptions: {debuggerAddress: localhost:62388}, goog:processID: 10256, networkConnectionEnabled: false, pageLoadStrategy: normal, platformName: windows, proxy: Proxy(), se:cdp: ws://localhost:62388/devtoo..., se:cdpVersion: 142.0.7444.176, setWindowRect: true, strictFileInteractability: false, timeouts: {implicit: 0, pageLoad: 300000, script: 30000}, unhandledPromptBehavior: dismiss and notify, webauthn:extension:credBlob: true, webauthn:extension:largeBlob: true, webauthn:extension:minPinLength: true, webauthn:extension:prf: true, webauthn:virtualAuthenticators: true}
Session ID: 66601cd3379f29ab2def5a5273b4b5b8
	at org.openqa.selenium.support.ui.WebDriverWait.timeoutException(WebDriverWait.java:84)
	at org.openqa.selenium.support.ui.FluentWait.until(FluentWait.java:230)
	at com.uiFramework.Genesis.web.pages.OrderPage.safeClick(OrderPage.java:87)
	at com.uiFramework.Genesis.web.pages.OrderPage.verifyBarcodeAfterConfirmationOnListing(OrderPage.java:931)
	at com.uiFramework.Genesis.regression.web.OrderTest.shouldDisplayBarcodeAfterDistributorOrderConfirmation(OrderTest.java:327)
	at java.base/java.util.ArrayList.forEach(ArrayList.java:1511)
... Removed 31 stack frames
</div> <!-- stack-trace -->
                </div> <!-- method-content -->
              </div> <!-- method -->
              <div class="method">
                <div class="method-content">
                  <a name="shouldDisplayOrderFormOnCreateButtonClick">
                  </a> <!-- shouldDisplayOrderFormOnCreateButtonClick -->
                  <span class="method-name">shouldDisplayOrderFormOnCreateButtonClick</span>
                  <div class="stack-trace">org.openqa.selenium.StaleElementReferenceException: stale element reference: stale element not found in the current frame
  (Session info: chrome=142.0.7444.176)
For documentation on this error, please visit: https://www.selenium.dev/documentation/webdriver/troubleshooting/errors#stale-element-reference-exception
Build info: version: &apos;4.12.0&apos;, revision: &apos;249f2a7d1b*&apos;
System info: os.name: &apos;Windows 11&apos;, os.arch: &apos;amd64&apos;, os.version: &apos;10.0&apos;, java.version: &apos;17.0.17&apos;
Driver info: org.openqa.selenium.chrome.ChromeDriver
Command: [66601cd3379f29ab2def5a5273b4b5b8, getElementText {id=f.DE3221D5A3FC32D882766FB8EEA8B462.d.26E581F1718893E8999B5CD4E71CB218.e.224}]
Capabilities {acceptInsecureCerts: false, browserName: chrome, browserVersion: 142.0.7444.176, chrome: {chromedriverVersion: 142.0.7444.175 (302067f14a4..., userDataDir: C:\Users\Admin\AppData\Loca...}, fedcm:accounts: true, goog:chromeOptions: {debuggerAddress: localhost:62388}, goog:processID: 10256, networkConnectionEnabled: false, pageLoadStrategy: normal, platformName: windows, proxy: Proxy(), se:cdp: ws://localhost:62388/devtoo..., se:cdpVersion: 142.0.7444.176, setWindowRect: true, strictFileInteractability: false, timeouts: {implicit: 0, pageLoad: 300000, script: 30000}, unhandledPromptBehavior: dismiss and notify, webauthn:extension:credBlob: true, webauthn:extension:largeBlob: true, webauthn:extension:minPinLength: true, webauthn:extension:prf: true, webauthn:virtualAuthenticators: true}
Element: [[ChromeDriver: chrome on windows (66601cd3379f29ab2def5a5273b4b5b8)] -&gt; xpath: //*[@id=&apos;panel1bh-header&apos;]/div[1]/div/div/div[1]/h6]
Session ID: 66601cd3379f29ab2def5a5273b4b5b8
	at org.openqa.selenium.remote.codec.w3c.W3CHttpResponseCodec.createException(W3CHttpResponseCodec.java:200)
	at org.openqa.selenium.remote.codec.w3c.W3CHttpResponseCodec.decode(W3CHttpResponseCodec.java:133)
	at org.openqa.selenium.remote.codec.w3c.W3CHttpResponseCodec.decode(W3CHttpResponseCodec.java:52)
	at org.openqa.selenium.remote.HttpCommandExecutor.execute(HttpCommandExecutor.java:191)
	at org.openqa.selenium.remote.service.DriverCommandExecutor.invokeExecute(DriverCommandExecutor.java:196)
	at org.openqa.selenium.remote.service.DriverCommandExecutor.execute(DriverCommandExecutor.java:171)
	at org.openqa.selenium.remote.RemoteWebDriver.execute(RemoteWebDriver.java:602)
	at org.openqa.selenium.remote.RemoteWebElement.execute(RemoteWebElement.java:224)
	at org.openqa.selenium.remote.RemoteWebElement.getText(RemoteWebElement.java:192)
	at com.uiFramework.Genesis.web.pages.CommonPage.getMandatoryText(CommonPage.java:236)
	at com.uiFramework.Genesis.web.pages.OrderPage.fetchText(OrderPage.java:267)
	at com.uiFramework.Genesis.regression.web.OrderTest.shouldDisplayOrderFormOnCreateButtonClick(OrderTest.java:48)
	at java.base/java.util.ArrayList.forEach(ArrayList.java:1511)
... Removed 36 stack frames
</div> <!-- stack-trace -->
                </div> <!-- method-content -->
              </div> <!-- method -->
              <div class="method">
                <div class="method-content">
                  <a name="shouldNotGenerateBarcodeWhenCheckboxIsUnchecked">
                  </a> <!-- shouldNotGenerateBarcodeWhenCheckboxIsUnchecked -->
                  <span class="method-name">shouldNotGenerateBarcodeWhenCheckboxIsUnchecked</span>
                  <div class="stack-trace">org.openqa.selenium.TimeoutException: Expected condition failed: waiting for element to be clickable: By.xpath: (//input[@aria-invalid=&apos;false&apos;])[2] (tried for 40 second(s) with 500 milliseconds interval)
Build info: version: &apos;4.12.0&apos;, revision: &apos;249f2a7d1b*&apos;
System info: os.name: &apos;Windows 11&apos;, os.arch: &apos;amd64&apos;, os.version: &apos;10.0&apos;, java.version: &apos;17.0.17&apos;
Driver info: org.openqa.selenium.chrome.ChromeDriver
Capabilities {acceptInsecureCerts: false, browserName: chrome, browserVersion: 142.0.7444.176, chrome: {chromedriverVersion: 142.0.7444.175 (302067f14a4..., userDataDir: C:\Users\Admin\AppData\Loca...}, fedcm:accounts: true, goog:chromeOptions: {debuggerAddress: localhost:62388}, goog:processID: 10256, networkConnectionEnabled: false, pageLoadStrategy: normal, platformName: windows, proxy: Proxy(), se:cdp: ws://localhost:62388/devtoo..., se:cdpVersion: 142.0.7444.176, setWindowRect: true, strictFileInteractability: false, timeouts: {implicit: 0, pageLoad: 300000, script: 30000}, unhandledPromptBehavior: dismiss and notify, webauthn:extension:credBlob: true, webauthn:extension:largeBlob: true, webauthn:extension:minPinLength: true, webauthn:extension:prf: true, webauthn:virtualAuthenticators: true}
Session ID: 66601cd3379f29ab2def5a5273b4b5b8
	at org.openqa.selenium.support.ui.WebDriverWait.timeoutException(WebDriverWait.java:84)
	at org.openqa.selenium.support.ui.FluentWait.until(FluentWait.java:230)
	at com.uiFramework.Genesis.web.pages.OrderPage.safeClick(OrderPage.java:87)
	at com.uiFramework.Genesis.web.pages.OrderPage.verifyBarcodeAfterConfirmationOnListing(OrderPage.java:931)
	at com.uiFramework.Genesis.regression.web.OrderTest.shouldNotGenerateBarcodeWhenCheckboxIsUnchecked(OrderTest.java:345)
	at java.base/java.util.ArrayList.forEach(ArrayList.java:1511)
... Removed 31 stack frames
</div> <!-- stack-trace -->
                </div> <!-- method-content -->
              </div> <!-- method -->
              <div class="method">
                <div class="method-content">
                  <a name="shouldSaveCommentAfterDeleteAndValidateFileUploadErrors">
                  </a> <!-- shouldSaveCommentAfterDeleteAndValidateFileUploadErrors -->
                  <span class="method-name">shouldSaveCommentAfterDeleteAndValidateFileUploadErrors</span>
                  <div class="stack-trace">java.lang.AssertionError: The following asserts failed:
	Not match! expected [Comment save successfully] but found [Toast message Failed]
	at com.uiFramework.Genesis.regression.web.OrderTest.shouldSaveCommentAfterDeleteAndValidateFileUploadErrors(OrderTest.java:201)
	at java.base/java.util.ArrayList.forEach(ArrayList.java:1511)
... Removed 33 stack frames
</div> <!-- stack-trace -->
                </div> <!-- method-content -->
              </div> <!-- method -->
              <div class="method">
                <div class="method-content">
                  <a name="shouldShowErrorOnConfirmFromListingWithMissingFields">
                  </a> <!-- shouldShowErrorOnConfirmFromListingWithMissingFields -->
                  <span class="method-name">shouldShowErrorOnConfirmFromListingWithMissingFields</span>
                  <div class="stack-trace">org.openqa.selenium.TimeoutException: Expected condition failed: waiting for element to be clickable: By.xpath: (//input[@aria-invalid=&apos;false&apos;])[2] (tried for 40 second(s) with 500 milliseconds interval)
Build info: version: &apos;4.12.0&apos;, revision: &apos;249f2a7d1b*&apos;
System info: os.name: &apos;Windows 11&apos;, os.arch: &apos;amd64&apos;, os.version: &apos;10.0&apos;, java.version: &apos;17.0.17&apos;
Driver info: org.openqa.selenium.chrome.ChromeDriver
Capabilities {acceptInsecureCerts: false, browserName: chrome, browserVersion: 142.0.7444.176, chrome: {chromedriverVersion: 142.0.7444.175 (302067f14a4..., userDataDir: C:\Users\Admin\AppData\Loca...}, fedcm:accounts: true, goog:chromeOptions: {debuggerAddress: localhost:62388}, goog:processID: 10256, networkConnectionEnabled: false, pageLoadStrategy: normal, platformName: windows, proxy: Proxy(), se:cdp: ws://localhost:62388/devtoo..., se:cdpVersion: 142.0.7444.176, setWindowRect: true, strictFileInteractability: false, timeouts: {implicit: 0, pageLoad: 300000, script: 30000}, unhandledPromptBehavior: dismiss and notify, webauthn:extension:credBlob: true, webauthn:extension:largeBlob: true, webauthn:extension:minPinLength: true, webauthn:extension:prf: true, webauthn:virtualAuthenticators: true}
Session ID: 66601cd3379f29ab2def5a5273b4b5b8
	at org.openqa.selenium.support.ui.WebDriverWait.timeoutException(WebDriverWait.java:84)
	at org.openqa.selenium.support.ui.FluentWait.until(FluentWait.java:230)
	at com.uiFramework.Genesis.web.pages.OrderPage.safeClick(OrderPage.java:87)
	at com.uiFramework.Genesis.web.pages.OrderPage.orderConfirmfromListing(OrderPage.java:845)
	at com.uiFramework.Genesis.regression.web.OrderTest.shouldShowErrorOnConfirmFromListingWithMissingFields(OrderTest.java:283)
	at java.base/java.util.ArrayList.forEach(ArrayList.java:1511)
... Removed 31 stack frames
</div> <!-- stack-trace -->
                </div> <!-- method-content -->
              </div> <!-- method -->
            </div> <!-- main-panel-content rounded-window-bottom -->
          </div> <!-- suite-Suite-class-failed -->
          <div class="suite-Suite-class-skipped">
            <div class="main-panel-header rounded-window-top">
              <img src="skipped.png"/>
              <span class="class-name">com.uiFramework.Genesis.regression.web.OrderTest</span>
            </div> <!-- main-panel-header rounded-window-top -->
            <div class="main-panel-content rounded-window-bottom">
              <div class="method">
                <div class="method-content">
                  <a name="shouldAllowOrderDeletionAfterConfirmation">
                  </a> <!-- shouldAllowOrderDeletionAfterConfirmation -->
                  <span class="method-name">shouldAllowOrderDeletionAfterConfirmation</span>
                  <div class="stack-trace">java.lang.Throwable: Method com.uiFramework.Genesis.regression.web.OrderTest.shouldAllowOrderDeletionAfterConfirmation() on instance com.uiFramework.Genesis.regression.web.OrderTest@692f203f depends on not successfully finished methods 
[com.uiFramework.Genesis.regression.web.OrderTest.shouldConfirmMultipleOrdersAndDisplaySuccessToast() on instance com.uiFramework.Genesis.regression.web.OrderTest@692f203f]
	at java.base/java.util.ArrayList.forEach(ArrayList.java:1511)
... Removed 22 stack frames
</div> <!-- stack-trace -->
                </div> <!-- method-content -->
              </div> <!-- method -->
              <div class="method">
                <div class="method-content">
                  <a name="shouldDeleteOrderSuccessfullyWhenInDraftStatusInDraft">
                  </a> <!-- shouldDeleteOrderSuccessfullyWhenInDraftStatusInDraft -->
                  <span class="method-name">shouldDeleteOrderSuccessfullyWhenInDraftStatusInDraft</span>
                  <div class="stack-trace">java.lang.Throwable: Method com.uiFramework.Genesis.regression.web.OrderTest.shouldDeleteOrderSuccessfullyWhenInDraftStatusInDraft() on instance com.uiFramework.Genesis.regression.web.OrderTest@692f203f depends on not successfully finished methods 
[com.uiFramework.Genesis.regression.web.OrderTest.shouldShowErrorOnConfirmFromListingWithMissingFields() on instance com.uiFramework.Genesis.regression.web.OrderTest@692f203f]
	at java.base/java.util.ArrayList.forEach(ArrayList.java:1511)
... Removed 22 stack frames
</div> <!-- stack-trace -->
                </div> <!-- method-content -->
              </div> <!-- method -->
            </div> <!-- main-panel-content rounded-window-bottom -->
          </div> <!-- suite-Suite-class-skipped -->
          <div class="suite-Suite-class-passed">
            <div class="main-panel-header rounded-window-top">
              <img src="passed.png"/>
              <span class="class-name">com.uiFramework.Genesis.regression.web.OrderTest</span>
            </div> <!-- main-panel-header rounded-window-top -->
            <div class="main-panel-content rounded-window-bottom">
              <div class="method">
                <div class="method-content">
                  <a name="shouldAddEditAndDeleteCommentSuccessfully">
                  </a> <!-- shouldAddEditAndDeleteCommentSuccessfully -->
                  <span class="method-name">shouldAddEditAndDeleteCommentSuccessfully</span>
                </div> <!-- method-content -->
              </div> <!-- method -->
              <div class="method">
                <div class="method-content">
                  <a name="shouldCalculateRatedWeightAndLitWeightCorrectly">
                  </a> <!-- shouldCalculateRatedWeightAndLitWeightCorrectly -->
                  <span class="method-name">shouldCalculateRatedWeightAndLitWeightCorrectly</span>
                </div> <!-- method-content -->
              </div> <!-- method -->
              <div class="method">
                <div class="method-content">
                  <a name="shouldCreateDistributorOrderWithRequiredDetails">
                  </a> <!-- shouldCreateDistributorOrderWithRequiredDetails -->
                  <span class="method-name">shouldCreateDistributorOrderWithRequiredDetails</span>
                </div> <!-- method-content -->
              </div> <!-- method -->
              <div class="method">
                <div class="method-content">
                  <a name="shouldFetchConsigneeAddressDetails">
                  </a> <!-- shouldFetchConsigneeAddressDetails -->
                  <span class="method-name">shouldFetchConsigneeAddressDetails</span>
                </div> <!-- method-content -->
              </div> <!-- method -->
              <div class="method">
                <div class="method-content">
                  <a name="shouldGenerateBarcodeAfterOrderConfirmation">
                  </a> <!-- shouldGenerateBarcodeAfterOrderConfirmation -->
                  <span class="method-name">shouldGenerateBarcodeAfterOrderConfirmation</span>
                </div> <!-- method-content -->
              </div> <!-- method -->
              <div class="method">
                <div class="method-content">
                  <a name="shouldKeepConsigneeDropdownEmptyUntilCustomerSelected">
                  </a> <!-- shouldKeepConsigneeDropdownEmptyUntilCustomerSelected -->
                  <span class="method-name">shouldKeepConsigneeDropdownEmptyUntilCustomerSelected</span>
                </div> <!-- method-content -->
              </div> <!-- method -->
              <div class="method">
                <div class="method-content">
                  <a name="shouldMatchOrderDetailsOnListingPage">
                  </a> <!-- shouldMatchOrderDetailsOnListingPage -->
                  <span class="method-name">shouldMatchOrderDetailsOnListingPage</span>
                </div> <!-- method-content -->
              </div> <!-- method -->
              <div class="method">
                <div class="method-content">
                  <a name="shouldNotAllowDeletionWhenOrderInPalletStage">
                  </a> <!-- shouldNotAllowDeletionWhenOrderInPalletStage -->
                  <span class="method-name">shouldNotAllowDeletionWhenOrderInPalletStage</span>
                </div> <!-- method-content -->
              </div> <!-- method -->
              <div class="method">
                <div class="method-content">
                  <a name="shouldNotGenerateBarcodeAndShowCorrectOrderStatusOnConfirm">
                  </a> <!-- shouldNotGenerateBarcodeAndShowCorrectOrderStatusOnConfirm -->
                  <span class="method-name">shouldNotGenerateBarcodeAndShowCorrectOrderStatusOnConfirm</span>
                </div> <!-- method-content -->
              </div> <!-- method -->
              <div class="method">
                <div class="method-content">
                  <a name="shouldPaginateOrderListingCorrectly">
                  </a> <!-- shouldPaginateOrderListingCorrectly -->
                  <span class="method-name">shouldPaginateOrderListingCorrectly</span>
                </div> <!-- method-content -->
              </div> <!-- method -->
              <div class="method">
                <div class="method-content">
                  <a name="shouldSaveCarrierAccessorialAfterDeleteAndValidateCommentValidation">
                  </a> <!-- shouldSaveCarrierAccessorialAfterDeleteAndValidateCommentValidation -->
                  <span class="method-name">shouldSaveCarrierAccessorialAfterDeleteAndValidateCommentValidation</span>
                </div> <!-- method-content -->
              </div> <!-- method -->
              <div class="method">
                <div class="method-content">
                  <a name="shouldSaveCustomerAccessorialAfterDeleteAndValidateCarrierValidation">
                  </a> <!-- shouldSaveCustomerAccessorialAfterDeleteAndValidateCarrierValidation -->
                  <span class="method-name">shouldSaveCustomerAccessorialAfterDeleteAndValidateCarrierValidation</span>
                </div> <!-- method-content -->
              </div> <!-- method -->
              <div class="method">
                <div class="method-content">
                  <a name="shouldSaveTypeAndsubjectReqOnComment">
                  </a> <!-- shouldSaveTypeAndsubjectReqOnComment -->
                  <span class="method-name">shouldSaveTypeAndsubjectReqOnComment</span>
                </div> <!-- method-content -->
              </div> <!-- method -->
              <div class="method">
                <div class="method-content">
                  <a name="shouldShowErrorForDuplicateCustomerOrderNumber">
                  </a> <!-- shouldShowErrorForDuplicateCustomerOrderNumber -->
                  <span class="method-name">shouldShowErrorForDuplicateCustomerOrderNumber</span>
                </div> <!-- method-content -->
              </div> <!-- method -->
              <div class="method">
                <div class="method-content">
                  <a name="shouldShowErrorMessagesForMandatoryFields">
                  </a> <!-- shouldShowErrorMessagesForMandatoryFields -->
                  <span class="method-name">shouldShowErrorMessagesForMandatoryFields</span>
                </div> <!-- method-content -->
              </div> <!-- method -->
              <div class="method">
                <div class="method-content">
                  <a name="shouldShowErrorWhenSavingEmptyCustomerAccessorial">
                  </a> <!-- shouldShowErrorWhenSavingEmptyCustomerAccessorial -->
                  <span class="method-name">shouldShowErrorWhenSavingEmptyCustomerAccessorial</span>
                </div> <!-- method-content -->
              </div> <!-- method -->
              <div class="method">
                <div class="method-content">
                  <a name="shouldShowToastWhenConfirmingWithoutWeightOrPieces">
                  </a> <!-- shouldShowToastWhenConfirmingWithoutWeightOrPieces -->
                  <span class="method-name">shouldShowToastWhenConfirmingWithoutWeightOrPieces</span>
                </div> <!-- method-content -->
              </div> <!-- method -->
              <div class="method">
                <div class="method-content">
                  <a name="shouldUploadFileAndShowSuccessToast">
                  </a> <!-- shouldUploadFileAndShowSuccessToast -->
                  <span class="method-name">shouldUploadFileAndShowSuccessToast</span>
                </div> <!-- method-content -->
              </div> <!-- method -->
              <div class="method">
                <div class="method-content">
                  <a name="shouldValidateFullAddressDetails">
                  </a> <!-- shouldValidateFullAddressDetails -->
                  <span class="method-name">shouldValidateFullAddressDetails</span>
                </div> <!-- method-content -->
              </div> <!-- method -->
              <div class="method">
                <div class="method-content">
                  <a name="shouldValidateLocalCarrierTextAndQAStatusAndPODUnset">
                  </a> <!-- shouldValidateLocalCarrierTextAndQAStatusAndPODUnset -->
                  <span class="method-name">shouldValidateLocalCarrierTextAndQAStatusAndPODUnset</span>
                </div> <!-- method-content -->
              </div> <!-- method -->
              <div class="method">
                <div class="method-content">
                  <a name="shouldValidateOrderStatusCountOnLabelBadges">
                  </a> <!-- shouldValidateOrderStatusCountOnLabelBadges -->
                  <span class="method-name">shouldValidateOrderStatusCountOnLabelBadges</span>
                </div> <!-- method-content -->
              </div> <!-- method -->
              <div class="method">
                <div class="method-content">
                  <a name="shouldValidateTotalPiecesAndWeightOnListingPage">
                  </a> <!-- shouldValidateTotalPiecesAndWeightOnListingPage -->
                  <span class="method-name">shouldValidateTotalPiecesAndWeightOnListingPage</span>
                </div> <!-- method-content -->
              </div> <!-- method -->
            </div> <!-- main-panel-content rounded-window-bottom -->
          </div> <!-- suite-Suite-class-passed -->
        </div> <!-- panel Suite -->
        <div panel-name="test-xml-Suite" class="panel">
          <div class="main-panel-header rounded-window-top">
            <span class="header-content">C:\Users\Admin\Documents\Genesis\testng.xml</span>
          </div> <!-- main-panel-header rounded-window-top -->
          <div class="main-panel-content rounded-window-bottom">
            <pre>
&lt;?xml version=&quot;1.0&quot; encoding=&quot;UTF-8&quot;?&gt;
&lt;!DOCTYPE suite SYSTEM &quot;https://testng.org/testng-1.0.dtd&quot;&gt;
&lt;suite name=&quot;Suite&quot; guice-stage=&quot;DEVELOPMENT&quot; verbose=&quot;0&quot;&gt;
  &lt;test thread-count=&quot;5&quot; name=&quot;Test&quot; verbose=&quot;0&quot;&gt;
    &lt;classes&gt;
      &lt;class name=&quot;com.uiFramework.Genesis.regression.web.OrderTest&quot;/&gt;
    &lt;/classes&gt;
  &lt;/test&gt; &lt;!-- Test --&gt;
&lt;/suite&gt; &lt;!-- Suite --&gt;
            </pre>
          </div> <!-- main-panel-content rounded-window-bottom -->
        </div> <!-- panel -->
        <div panel-name="testlist-Suite" class="panel">
          <div class="main-panel-header rounded-window-top">
            <span class="header-content">Tests for Suite</span>
          </div> <!-- main-panel-header rounded-window-top -->
          <div class="main-panel-content rounded-window-bottom">
            <ul>
              <li>
                <span class="test-name">Test (1 class)</span>
              </li>
            </ul>
          </div> <!-- main-panel-content rounded-window-bottom -->
        </div> <!-- panel -->
        <div panel-name="group-Suite" class="panel">
          <div class="main-panel-header rounded-window-top">
            <span class="header-content">Groups for Suite</span>
          </div> <!-- main-panel-header rounded-window-top -->
          <div class="main-panel-content rounded-window-bottom">
            <div class="test-group">
              <span class="test-group-name">Smoke</span>
              <br/>
              <div class="method-in-group">
                <span class="method-in-group-name">shouldAddCustomerAccessorialSuccessfully</span>
                <br/>
              </div> <!-- method-in-group -->
              <div class="method-in-group">
                <span class="method-in-group-name">shouldAddEditAndDeleteCarrierAccessorialSuccessfully</span>
                <br/>
              </div> <!-- method-in-group -->
              <div class="method-in-group">
                <span class="method-in-group-name">shouldCalculateRatedWeightAndLitWeightCorrectly</span>
                <br/>
              </div> <!-- method-in-group -->
              <div class="method-in-group">
                <span class="method-in-group-name">shouldDisplayOrderFormOnCreateButtonClick</span>
                <br/>
              </div> <!-- method-in-group -->
              <div class="method-in-group">
                <span class="method-in-group-name">shouldGenerateBarcodeAfterOrderConfirmation</span>
                <br/>
              </div> <!-- method-in-group -->
              <div class="method-in-group">
                <span class="method-in-group-name">shouldKeepConsigneeDropdownEmptyUntilCustomerSelected</span>
                <br/>
              </div> <!-- method-in-group -->
              <div class="method-in-group">
                <span class="method-in-group-name">shouldMatchOrderDetailsOnListingPage</span>
                <br/>
              </div> <!-- method-in-group -->
              <div class="method-in-group">
                <span class="method-in-group-name">shouldSaveCarrierAccessorialAfterDeleteAndValidateCommentValidation</span>
                <br/>
              </div> <!-- method-in-group -->
              <div class="method-in-group">
                <span class="method-in-group-name">shouldSaveCommentAfterDeleteAndValidateFileUploadErrors</span>
                <br/>
              </div> <!-- method-in-group -->
              <div class="method-in-group">
                <span class="method-in-group-name">shouldSaveCustomerAccessorialAfterDeleteAndValidateCarrierValidation</span>
                <br/>
              </div> <!-- method-in-group -->
              <div class="method-in-group">
                <span class="method-in-group-name">shouldSaveTypeAndsubjectReqOnComment</span>
                <br/>
              </div> <!-- method-in-group -->
              <div class="method-in-group">
                <span class="method-in-group-name">shouldShowErrorWhenSavingEmptyCustomerAccessorial</span>
                <br/>
              </div> <!-- method-in-group -->
              <div class="method-in-group">
                <span class="method-in-group-name">shouldShowToastWhenConfirmingWithoutWeightOrPieces</span>
                <br/>
              </div> <!-- method-in-group -->
              <div class="method-in-group">
                <span class="method-in-group-name">shouldValidateFullAddressDetails</span>
                <br/>
              </div> <!-- method-in-group -->
              <div class="method-in-group">
                <span class="method-in-group-name">shouldValidateTotalPiecesAndWeightOnListingPage</span>
                <br/>
              </div> <!-- method-in-group -->
            </div> <!-- test-group -->
          </div> <!-- main-panel-content rounded-window-bottom -->
        </div> <!-- panel -->
        <div panel-name="times-Suite" class="panel">
          <div class="main-panel-header rounded-window-top">
            <span class="header-content">Times for Suite</span>
          </div> <!-- main-panel-header rounded-window-top -->
          <div class="main-panel-content rounded-window-bottom">
            <div class="times-div">
              <script type="text/javascript">
suiteTableInitFunctions.push('tableData_Suite');
function tableData_Suite() {
var data = new google.visualization.DataTable();
data.addColumn('number', 'Number');
data.addColumn('string', 'Method');
data.addColumn('string', 'Class');
data.addColumn('number', 'Time (ms)');
data.addRows(33);
data.setCell(0, 0, 0)
data.setCell(0, 1, 'shouldConfirmMultipleOrdersAndDisplaySuccessToast')
data.setCell(0, 2, 'com.uiFramework.Genesis.regression.web.OrderTest')
data.setCell(0, 3, 161067);
data.setCell(1, 0, 1)
data.setCell(1, 1, 'shouldNotGenerateBarcodeWhenCheckboxIsUnchecked')
data.setCell(1, 2, 'com.uiFramework.Genesis.regression.web.OrderTest')
data.setCell(1, 3, 137508);
data.setCell(2, 0, 2)
data.setCell(2, 1, 'shouldShowErrorOnConfirmFromListingWithMissingFields')
data.setCell(2, 2, 'com.uiFramework.Genesis.regression.web.OrderTest')
data.setCell(2, 3, 108189);
data.setCell(3, 0, 3)
data.setCell(3, 1, 'shouldCreateDistributorOrderWithRequiredDetails')
data.setCell(3, 2, 'com.uiFramework.Genesis.regression.web.OrderTest')
data.setCell(3, 3, 83499);
data.setCell(4, 0, 4)
data.setCell(4, 1, 'shouldValidateOrderStatusCountOnLabelBadges')
data.setCell(4, 2, 'com.uiFramework.Genesis.regression.web.OrderTest')
data.setCell(4, 3, 70339);
data.setCell(5, 0, 5)
data.setCell(5, 1, 'shouldShowErrorForDuplicateCustomerOrderNumber')
data.setCell(5, 2, 'com.uiFramework.Genesis.regression.web.OrderTest')
data.setCell(5, 3, 55451);
data.setCell(6, 0, 6)
data.setCell(6, 1, 'shouldNotAllowDeletionWhenOrderInPalletStage')
data.setCell(6, 2, 'com.uiFramework.Genesis.regression.web.OrderTest')
data.setCell(6, 3, 54686);
data.setCell(7, 0, 7)
data.setCell(7, 1, 'shouldDisplayBarcodeAfterDistributorOrderConfirmation')
data.setCell(7, 2, 'com.uiFramework.Genesis.regression.web.OrderTest')
data.setCell(7, 3, 54353);
data.setCell(8, 0, 8)
data.setCell(8, 1, 'shouldMatchOrderDetailsOnListingPage')
data.setCell(8, 2, 'com.uiFramework.Genesis.regression.web.OrderTest')
data.setCell(8, 3, 43801);
data.setCell(9, 0, 9)
data.setCell(9, 1, 'shouldAddCustomerAccessorialSuccessfully')
data.setCell(9, 2, 'com.uiFramework.Genesis.regression.web.OrderTest')
data.setCell(9, 3, 39881);
data.setCell(10, 0, 10)
data.setCell(10, 1, 'shouldSaveCommentAfterDeleteAndValidateFileUploadErrors')
data.setCell(10, 2, 'com.uiFramework.Genesis.regression.web.OrderTest')
data.setCell(10, 3, 38395);
data.setCell(11, 0, 11)
data.setCell(11, 1, 'shouldAddEditAndDeleteCarrierAccessorialSuccessfully')
data.setCell(11, 2, 'com.uiFramework.Genesis.regression.web.OrderTest')
data.setCell(11, 3, 38112);
data.setCell(12, 0, 12)
data.setCell(12, 1, 'shouldDeleteFileAndVerifyOrderStatusAsDraft')
data.setCell(12, 2, 'com.uiFramework.Genesis.regression.web.OrderTest')
data.setCell(12, 3, 30216);
data.setCell(13, 0, 13)
data.setCell(13, 1, 'shouldKeepConsigneeDropdownEmptyUntilCustomerSelected')
data.setCell(13, 2, 'com.uiFramework.Genesis.regression.web.OrderTest')
data.setCell(13, 3, 26169);
data.setCell(14, 0, 14)
data.setCell(14, 1, 'shouldAddEditAndDeleteCommentSuccessfully')
data.setCell(14, 2, 'com.uiFramework.Genesis.regression.web.OrderTest')
data.setCell(14, 3, 20697);
data.setCell(15, 0, 15)
data.setCell(15, 1, 'shouldPaginateOrderListingCorrectly')
data.setCell(15, 2, 'com.uiFramework.Genesis.regression.web.OrderTest')
data.setCell(15, 3, 17316);
data.setCell(16, 0, 16)
data.setCell(16, 1, 'shouldSaveCustomerAccessorialAfterDeleteAndValidateCarrierValidation')
data.setCell(16, 2, 'com.uiFramework.Genesis.regression.web.OrderTest')
data.setCell(16, 3, 16713);
data.setCell(17, 0, 17)
data.setCell(17, 1, 'shouldNotGenerateBarcodeAndShowCorrectOrderStatusOnConfirm')
data.setCell(17, 2, 'com.uiFramework.Genesis.regression.web.OrderTest')
data.setCell(17, 3, 15686);
data.setCell(18, 0, 18)
data.setCell(18, 1, 'shouldGenerateBarcodeAfterOrderConfirmation')
data.setCell(18, 2, 'com.uiFramework.Genesis.regression.web.OrderTest')
data.setCell(18, 3, 12856);
data.setCell(19, 0, 19)
data.setCell(19, 1, 'shouldDisplayOrderFormOnCreateButtonClick')
data.setCell(19, 2, 'com.uiFramework.Genesis.regression.web.OrderTest')
data.setCell(19, 3, 10372);
data.setCell(20, 0, 20)
data.setCell(20, 1, 'shouldShowErrorWhenSavingEmptyCustomerAccessorial')
data.setCell(20, 2, 'com.uiFramework.Genesis.regression.web.OrderTest')
data.setCell(20, 3, 10202);
data.setCell(21, 0, 21)
data.setCell(21, 1, 'shouldSaveCarrierAccessorialAfterDeleteAndValidateCommentValidation')
data.setCell(21, 2, 'com.uiFramework.Genesis.regression.web.OrderTest')
data.setCell(21, 3, 9647);
data.setCell(22, 0, 22)
data.setCell(22, 1, 'shouldSaveTypeAndsubjectReqOnComment')
data.setCell(22, 2, 'com.uiFramework.Genesis.regression.web.OrderTest')
data.setCell(22, 3, 7611);
data.setCell(23, 0, 23)
data.setCell(23, 1, 'shouldShowToastWhenConfirmingWithoutWeightOrPieces')
data.setCell(23, 2, 'com.uiFramework.Genesis.regression.web.OrderTest')
data.setCell(23, 3, 6212);
data.setCell(24, 0, 24)
data.setCell(24, 1, 'shouldCalculateRatedWeightAndLitWeightCorrectly')
data.setCell(24, 2, 'com.uiFramework.Genesis.regression.web.OrderTest')
data.setCell(24, 3, 3855);
data.setCell(25, 0, 25)
data.setCell(25, 1, 'shouldUploadFileAndShowSuccessToast')
data.setCell(25, 2, 'com.uiFramework.Genesis.regression.web.OrderTest')
data.setCell(25, 3, 2990);
data.setCell(26, 0, 26)
data.setCell(26, 1, 'shouldShowErrorMessagesForMandatoryFields')
data.setCell(26, 2, 'com.uiFramework.Genesis.regression.web.OrderTest')
data.setCell(26, 3, 2449);
data.setCell(27, 0, 27)
data.setCell(27, 1, 'shouldValidateFullAddressDetails')
data.setCell(27, 2, 'com.uiFramework.Genesis.regression.web.OrderTest')
data.setCell(27, 3, 411);
data.setCell(28, 0, 28)
data.setCell(28, 1, 'shouldValidateLocalCarrierTextAndQAStatusAndPODUnset')
data.setCell(28, 2, 'com.uiFramework.Genesis.regression.web.OrderTest')
data.setCell(28, 3, 321);
data.setCell(29, 0, 29)
data.setCell(29, 1, 'shouldFetchConsigneeAddressDetails')
data.setCell(29, 2, 'com.uiFramework.Genesis.regression.web.OrderTest')
data.setCell(29, 3, 287);
data.setCell(30, 0, 30)
data.setCell(30, 1, 'shouldValidateTotalPiecesAndWeightOnListingPage')
data.setCell(30, 2, 'com.uiFramework.Genesis.regression.web.OrderTest')
data.setCell(30, 3, 31);
data.setCell(31, 0, 31)
data.setCell(31, 1, 'shouldAllowOrderDeletionAfterConfirmation')
data.setCell(31, 2, 'com.uiFramework.Genesis.regression.web.OrderTest')
data.setCell(31, 3, 0);
data.setCell(32, 0, 32)
data.setCell(32, 1, 'shouldDeleteOrderSuccessfullyWhenInDraftStatusInDraft')
data.setCell(32, 2, 'com.uiFramework.Genesis.regression.web.OrderTest')
data.setCell(32, 3, 0);
window.suiteTableData['Suite']= { tableData: data, tableDiv: 'times-div-Suite'}
return data;
}
              </script>
              <span class="suite-total-time">Total running time: 17 minutes</span>
              <div id="times-div-Suite">
              </div> <!-- times-div-Suite -->
            </div> <!-- times-div -->
          </div> <!-- main-panel-content rounded-window-bottom -->
        </div> <!-- panel -->
        <div panel-name="reporter-Suite" class="panel">
          <div class="main-panel-header rounded-window-top">
            <span class="header-content">Reporter output for Suite</span>
          </div> <!-- main-panel-header rounded-window-top -->
          <div class="main-panel-content rounded-window-bottom">
          </div> <!-- main-panel-content rounded-window-bottom -->
        </div> <!-- panel -->
        <div panel-name="ignored-methods-Suite" class="panel">
          <div class="main-panel-header rounded-window-top">
            <span class="header-content">2 ignored methods</span>
          </div> <!-- main-panel-header rounded-window-top -->
          <div class="main-panel-content rounded-window-bottom">
            <div class="ignored-class-div">
              <span class="ignored-class-name">com.uiFramework.Genesis.regression.web.OrderTest</span>
              <div class="ignored-methods-div">
                <span class="ignored-method-name">shouldFilterOrdersByVariousFieldsSuccessfully</span>
                <br/>
                <span class="ignored-method-name">shouldFilterOrderListingUsingColumnFilters</span>
                <br/>
              </div> <!-- ignored-methods-div -->
            </div> <!-- ignored-class-div -->
          </div> <!-- main-panel-content rounded-window-bottom -->
        </div> <!-- panel -->
        <div panel-name="chronological-Suite" class="panel">
          <div class="main-panel-header rounded-window-top">
            <span class="header-content">Methods in chronological order</span>
          </div> <!-- main-panel-header rounded-window-top -->
          <div class="main-panel-content rounded-window-bottom">
            <div class="chronological-class">
              <div class="chronological-class-name">com.uiFramework.Genesis.regression.web.OrderTest</div> <!-- chronological-class-name -->
              <div class="configuration-suite before">
                <span class="method-name">beforeSuite</span>
                <span class="method-start">0 ms</span>
              </div> <!-- configuration-suite before -->
              <div class="configuration-test before">
                <span class="method-name">setupSuite(org.testng.TestRunner@350a15bc)</span>
                <span class="method-start">10502 ms</span>
              </div> <!-- configuration-test before -->
              <div class="configuration-class before">
                <span class="method-name">beforeclass</span>
                <span class="method-start">10560 ms</span>
              </div> <!-- configuration-class before -->
              <div class="test-method">
                <img src="failed.png">
                </img>
                <span class="method-name">shouldDisplayOrderFormOnCreateButtonClick</span>
                <span class="method-start">10644 ms</span>
              </div> <!-- test-method -->
              <div class="test-method">
                <span class="method-name">shouldShowErrorMessagesForMandatoryFields</span>
                <span class="method-start">21075 ms</span>
              </div> <!-- test-method -->
              <div class="test-method">
                <span class="method-name">shouldKeepConsigneeDropdownEmptyUntilCustomerSelected</span>
                <span class="method-start">23525 ms</span>
              </div> <!-- test-method -->
              <div class="test-method">
                <span class="method-name">shouldValidateLocalCarrierTextAndQAStatusAndPODUnset</span>
                <span class="method-start">49694 ms</span>
              </div> <!-- test-method -->
              <div class="test-method">
                <span class="method-name">shouldValidateFullAddressDetails</span>
                <span class="method-start">50015 ms</span>
              </div> <!-- test-method -->
              <div class="test-method">
                <span class="method-name">shouldFetchConsigneeAddressDetails</span>
                <span class="method-start">50427 ms</span>
              </div> <!-- test-method -->
              <div class="test-method">
                <span class="method-name">shouldShowToastWhenConfirmingWithoutWeightOrPieces</span>
                <span class="method-start">50714 ms</span>
              </div> <!-- test-method -->
              <div class="test-method">
                <span class="method-name">shouldCalculateRatedWeightAndLitWeightCorrectly</span>
                <span class="method-start">56931 ms</span>
              </div> <!-- test-method -->
              <div class="test-method">
                <span class="method-name">shouldShowErrorWhenSavingEmptyCustomerAccessorial</span>
                <span class="method-start">60786 ms</span>
              </div> <!-- test-method -->
              <div class="test-method">
                <img src="failed.png">
                </img>
                <span class="method-name">shouldAddCustomerAccessorialSuccessfully</span>
                <span class="method-start">70988 ms</span>
              </div> <!-- test-method -->
              <div class="test-method">
                <span class="method-name">shouldSaveCustomerAccessorialAfterDeleteAndValidateCarrierValidation</span>
                <span class="method-start">110869 ms</span>
              </div> <!-- test-method -->
              <div class="test-method">
                <img src="failed.png">
                </img>
                <span class="method-name">shouldAddEditAndDeleteCarrierAccessorialSuccessfully</span>
                <span class="method-start">127582 ms</span>
              </div> <!-- test-method -->
              <div class="test-method">
                <span class="method-name">shouldSaveCarrierAccessorialAfterDeleteAndValidateCommentValidation</span>
                <span class="method-start">165694 ms</span>
              </div> <!-- test-method -->
              <div class="test-method">
                <span class="method-name">shouldSaveTypeAndsubjectReqOnComment</span>
                <span class="method-start">175341 ms</span>
              </div> <!-- test-method -->
              <div class="test-method">
                <span class="method-name">shouldAddEditAndDeleteCommentSuccessfully</span>
                <span class="method-start">182952 ms</span>
              </div> <!-- test-method -->
              <div class="test-method">
                <img src="failed.png">
                </img>
                <span class="method-name">shouldSaveCommentAfterDeleteAndValidateFileUploadErrors</span>
                <span class="method-start">203649 ms</span>
              </div> <!-- test-method -->
              <div class="test-method">
                <span class="method-name">shouldUploadFileAndShowSuccessToast</span>
                <span class="method-start">242044 ms</span>
              </div> <!-- test-method -->
              <div class="test-method">
                <img src="failed.png">
                </img>
                <span class="method-name">shouldDeleteFileAndVerifyOrderStatusAsDraft</span>
                <span class="method-start">245047 ms</span>
              </div> <!-- test-method -->
              <div class="test-method">
                <span class="method-name">shouldGenerateBarcodeAfterOrderConfirmation</span>
                <span class="method-start">275263 ms</span>
              </div> <!-- test-method -->
              <div class="test-method">
                <span class="method-name">shouldMatchOrderDetailsOnListingPage</span>
                <span class="method-start">288121 ms</span>
              </div> <!-- test-method -->
              <div class="test-method">
                <span class="method-name">shouldValidateTotalPiecesAndWeightOnListingPage</span>
                <span class="method-start">331922 ms</span>
              </div> <!-- test-method -->
              <div class="test-method">
                <span class="method-name">shouldValidateOrderStatusCountOnLabelBadges</span>
                <span class="method-start">331953 ms</span>
              </div> <!-- test-method -->
              <div class="test-method">
                <span class="method-name">shouldShowErrorForDuplicateCustomerOrderNumber</span>
                <span class="method-start">402295 ms</span>
              </div> <!-- test-method -->
              <div class="test-method">
                <span class="method-name">shouldNotGenerateBarcodeAndShowCorrectOrderStatusOnConfirm</span>
                <span class="method-start">457746 ms</span>
              </div> <!-- test-method -->
              <div class="test-method">
                <img src="failed.png">
                </img>
                <span class="method-name">shouldShowErrorOnConfirmFromListingWithMissingFields</span>
                <span class="method-start">473434 ms</span>
              </div> <!-- test-method -->
              <div class="test-method">
                <span class="method-name">shouldCreateDistributorOrderWithRequiredDetails</span>
                <span class="method-start">581630 ms</span>
              </div> <!-- test-method -->
              <div class="test-method">
                <img src="failed.png">
                </img>
                <span class="method-name">shouldDisplayBarcodeAfterDistributorOrderConfirmation</span>
                <span class="method-start">665142 ms</span>
              </div> <!-- test-method -->
              <div class="test-method">
                <img src="failed.png">
                </img>
                <span class="method-name">shouldNotGenerateBarcodeWhenCheckboxIsUnchecked</span>
                <span class="method-start">719496 ms</span>
              </div> <!-- test-method -->
              <div class="test-method">
                <img src="failed.png">
                </img>
                <span class="method-name">shouldConfirmMultipleOrdersAndDisplaySuccessToast</span>
                <span class="method-start">857004 ms</span>
              </div> <!-- test-method -->
              <div class="test-method">
                <span class="method-name">shouldNotAllowDeletionWhenOrderInPalletStage</span>
                <span class="method-start">1018071 ms</span>
              </div> <!-- test-method -->
              <div class="test-method">
                <span class="method-name">shouldPaginateOrderListingCorrectly</span>
                <span class="method-start">1072757 ms</span>
              </div> <!-- test-method -->
              <div class="configuration-suite after">
                <span class="method-name">tearDown</span>
                <span class="method-start">1090159 ms</span>
              </div> <!-- configuration-suite after -->
              <div class="configuration-suite after">
                <span class="method-name">flushReport</span>
                <span class="method-start">1090645 ms</span>
              </div> <!-- configuration-suite after -->
          </div> <!-- main-panel-content rounded-window-bottom -->
        </div> <!-- panel -->
      </div> <!-- main-panel-root -->
    </div> <!-- wrapper -->
  </body>
<script type="text/javascript" src="testng-reports2.js"></script>
</html>
