<?xml version="1.0" encoding="UTF-8"?>
<testsuite xmlns:xsi="http://www.w3.org/2001/XMLSchema-instance" xsi:noNamespaceSchemaLocation="https://maven.apache.org/surefire/maven-surefire-plugin/xsd/surefire-test-report-3.0.xsd" version="3.0" name="TestSuite" time="3596.05" tests="198" errors="0" skipped="6" failures="36">
  <properties>
[...]
</properties>
  <testcase name="shouldDisplayOrderFormOnCreateButtonClick" classname="com.uiFramework.Genesis.regression.web.OrderTest" time="5.73">
    <system-out><![CDATA[Extent report initialized for platform: web
Old screenshots cleared before test execution!
]]></system-out>
    <system-err><![CDATA[SLF4J: No SLF4J providers were found.
SLF4J: Defaulting to no-operation (NOP) logger implementation
SLF4J: See https://www.slf4j.org/codes.html#noProviders for further details.
ERROR StatusLogger Log4j2 could not find a logging implementation. Please add log4j-core to the classpath. Using SimpleLogger to log to the console...
Jan 27, 2026 2:15:21 PM org.openqa.selenium.devtools.CdpVersionFinder findNearestMatch
WARNING: Unable to find CDP implementation matching 144
Jan 27, 2026 2:15:21 PM org.openqa.selenium.chromium.ChromiumDriver lambda$new$5
WARNING: Unable to find version of CDP to use for 144.0.7559.59. You may need to include a dependency on a specific version of the CDP using something similar to `org.seleniumhq.selenium:selenium-devtools-v86:4.12.0` where the version ("v86") matches the version of the chromium-based browser you're using and the version number of the artifact is the same as Selenium's.
Jan 27, 2026 2:15:32 PM com.uiFramework.Genesis.web.pages.CommonPage waitForPopupToDisappear
INFO: Popup was displayed and has disappeared.
Jan 27, 2026 2:15:32 PM com.uiFramework.Genesis.web.pages.CommonPage waitForLoaderToDisappear
INFO: Loader has disappeared..
]]></system-err>
  </testcase>
  <testcase name="shouldShowErrorMessagesForMandatoryFields" classname="com.uiFramework.Genesis.regression.web.OrderTest" time="1.874">
    <system-err><![CDATA[Jan 27, 2026 2:15:34 PM com.uiFramework.Genesis.web.pages.CommonPage waitForLoaderToDisappear
INFO: Loader has disappeared..
Jan 27, 2026 2:15:34 PM com.uiFramework.Genesis.web.pages.OrderPage testFieldErrorMessages
SEVERE: Error processing field warehousetext
java.lang.RuntimeException: Parent key not found: warehousetext
	at com.uiFramework.Genesis.helper.ReadJsonData.getNestedValue(ReadJsonData.java:35)
	at com.uiFramework.Genesis.web.pages.OrderPage.testFieldErrorMessages(OrderPage.java:295)
	at com.uiFramework.Genesis.regression.web.OrderTest.shouldShowErrorMessagesForMandatoryFields(OrderTest.java:57)
	at java.base/jdk.internal.reflect.NativeMethodAccessorImpl.invoke0(Native Method)
	at java.base/jdk.internal.reflect.NativeMethodAccessorImpl.invoke(NativeMethodAccessorImpl.java:62)
	at java.base/jdk.internal.reflect.DelegatingMethodAccessorImpl.invoke(DelegatingMethodAccessorImpl.java:43)
	at java.base/java.lang.reflect.Method.invoke(Method.java:566)
	at org.testng.internal.invokers.MethodInvocationHelper.invokeMethod(MethodInvocationHelper.java:141)
	at org.testng.internal.invokers.TestInvoker.invokeMethod(TestInvoker.java:686)
	at org.testng.internal.invokers.TestInvoker.invokeTestMethod(TestInvoker.java:230)
	at org.testng.internal.invokers.MethodRunner.runInSequence(MethodRunner.java:63)
	at org.testng.internal.invokers.TestInvoker$MethodInvocationAgent.invoke(TestInvoker.java:992)
	at org.testng.internal.invokers.TestInvoker.invokeTestMethods(TestInvoker.java:203)
	at org.testng.internal.invokers.TestMethodWorker.invokeTestMethods(TestMethodWorker.java:154)
	at org.testng.internal.invokers.TestMethodWorker.run(TestMethodWorker.java:134)
	at java.base/java.util.ArrayList.forEach(ArrayList.java:1541)
	at org.testng.TestRunner.privateRun(TestRunner.java:739)
	at org.testng.TestRunner.run(TestRunner.java:614)
	at org.testng.SuiteRunner.runTest(SuiteRunner.java:421)
	at org.testng.SuiteRunner.runSequentially(SuiteRunner.java:413)
	at org.testng.SuiteRunner.privateRun(SuiteRunner.java:373)
	at org.testng.SuiteRunner.run(SuiteRunner.java:312)
	at org.testng.SuiteRunnerWorker.runSuite(SuiteRunnerWorker.java:52)
	at org.testng.SuiteRunnerWorker.run(SuiteRunnerWorker.java:95)
	at org.testng.TestNG.runSuitesSequentially(TestNG.java:1274)
	at org.testng.TestNG.runSuitesLocally(TestNG.java:1208)
	at org.testng.TestNG.runSuites(TestNG.java:1112)
	at org.testng.TestNG.run(TestNG.java:1079)
	at org.apache.maven.surefire.testng.TestNGExecutor.run(TestNGExecutor.java:308)
	at org.apache.maven.surefire.testng.TestNGXmlTestSuite.execute(TestNGXmlTestSuite.java:71)
	at org.apache.maven.surefire.testng.TestNGProvider.invoke(TestNGProvider.java:113)
	at org.apache.maven.surefire.booter.ForkedBooter.runSuitesInProcess(ForkedBooter.java:385)
	at org.apache.maven.surefire.booter.ForkedBooter.execute(ForkedBooter.java:162)
	at org.apache.maven.surefire.booter.ForkedBooter.run(ForkedBooter.java:507)
	at org.apache.maven.surefire.booter.ForkedBooter.main(ForkedBooter.java:495)

Jan 27, 2026 2:15:34 PM com.uiFramework.Genesis.web.pages.OrderPage testFieldErrorMessages
SEVERE: Error processing field customerText
java.lang.RuntimeException: Parent key not found: customerText
	at com.uiFramework.Genesis.helper.ReadJsonData.getNestedValue(ReadJsonData.java:35)
	at com.uiFramework.Genesis.web.pages.OrderPage.testFieldErrorMessages(OrderPage.java:295)
	at com.uiFramework.Genesis.regression.web.OrderTest.shouldShowErrorMessagesForMandatoryFields(OrderTest.java:57)
	at java.base/jdk.internal.reflect.NativeMethodAccessorImpl.invoke0(Native Method)
	at java.base/jdk.internal.reflect.NativeMethodAccessorImpl.invoke(NativeMethodAccessorImpl.java:62)
	at java.base/jdk.internal.reflect.DelegatingMethodAccessorImpl.invoke(DelegatingMethodAccessorImpl.java:43)
	at java.base/java.lang.reflect.Method.invoke(Method.java:566)
	at org.testng.internal.invokers.MethodInvocationHelper.invokeMethod(MethodInvocationHelper.java:141)
	at org.testng.internal.invokers.TestInvoker.invokeMethod(TestInvoker.java:686)
	at org.testng.internal.invokers.TestInvoker.invokeTestMethod(TestInvoker.java:230)
	at org.testng.internal.invokers.MethodRunner.runInSequence(MethodRunner.java:63)
	at org.testng.internal.invokers.TestInvoker$MethodInvocationAgent.invoke(TestInvoker.java:992)
	at org.testng.internal.invokers.TestInvoker.invokeTestMethods(TestInvoker.java:203)
	at org.testng.internal.invokers.TestMethodWorker.invokeTestMethods(TestMethodWorker.java:154)
	at org.testng.internal.invokers.TestMethodWorker.run(TestMethodWorker.java:134)
	at java.base/java.util.ArrayList.forEach(ArrayList.java:1541)
	at org.testng.TestRunner.privateRun(TestRunner.java:739)
	at org.testng.TestRunner.run(TestRunner.java:614)
	at org.testng.SuiteRunner.runTest(SuiteRunner.java:421)
	at org.testng.SuiteRunner.runSequentially(SuiteRunner.java:413)
	at org.testng.SuiteRunner.privateRun(SuiteRunner.java:373)
	at org.testng.SuiteRunner.run(SuiteRunner.java:312)
	at org.testng.SuiteRunnerWorker.runSuite(SuiteRunnerWorker.java:52)
	at org.testng.SuiteRunnerWorker.run(SuiteRunnerWorker.java:95)
	at org.testng.TestNG.runSuitesSequentially(TestNG.java:1274)
	at org.testng.TestNG.runSuitesLocally(TestNG.java:1208)
	at org.testng.TestNG.runSuites(TestNG.java:1112)
	at org.testng.TestNG.run(TestNG.java:1079)
	at org.apache.maven.surefire.testng.TestNGExecutor.run(TestNGExecutor.java:308)
	at org.apache.maven.surefire.testng.TestNGXmlTestSuite.execute(TestNGXmlTestSuite.java:71)
	at org.apache.maven.surefire.testng.TestNGProvider.invoke(TestNGProvider.java:113)
	at org.apache.maven.surefire.booter.ForkedBooter.runSuitesInProcess(ForkedBooter.java:385)
	at org.apache.maven.surefire.booter.ForkedBooter.execute(ForkedBooter.java:162)
	at org.apache.maven.surefire.booter.ForkedBooter.run(ForkedBooter.java:507)
	at org.apache.maven.surefire.booter.ForkedBooter.main(ForkedBooter.java:495)

Jan 27, 2026 2:15:34 PM com.uiFramework.Genesis.web.pages.OrderPage testFieldErrorMessages
SEVERE: Error processing field consigneeText
java.lang.RuntimeException: Parent key not found: consigneeText
	at com.uiFramework.Genesis.helper.ReadJsonData.getNestedValue(ReadJsonData.java:35)
	at com.uiFramework.Genesis.web.pages.OrderPage.testFieldErrorMessages(OrderPage.java:295)
	at com.uiFramework.Genesis.regression.web.OrderTest.shouldShowErrorMessagesForMandatoryFields(OrderTest.java:57)
	at java.base/jdk.internal.reflect.NativeMethodAccessorImpl.invoke0(Native Method)
	at java.base/jdk.internal.reflect.NativeMethodAccessorImpl.invoke(NativeMethodAccessorImpl.java:62)
	at java.base/jdk.internal.reflect.DelegatingMethodAccessorImpl.invoke(DelegatingMethodAccessorImpl.java:43)
	at java.base/java.lang.reflect.Method.invoke(Method.java:566)
	at org.testng.internal.invokers.MethodInvocationHelper.invokeMethod(MethodInvocationHelper.java:141)
	at org.testng.internal.invokers.TestInvoker.invokeMethod(TestInvoker.java:686)
	at org.testng.internal.invokers.TestInvoker.invokeTestMethod(TestInvoker.java:230)
	at org.testng.internal.invokers.MethodRunner.runInSequence(MethodRunner.java:63)
	at org.testng.internal.invokers.TestInvoker$MethodInvocationAgent.invoke(TestInvoker.java:992)
	at org.testng.internal.invokers.TestInvoker.invokeTestMethods(TestInvoker.java:203)
	at org.testng.internal.invokers.TestMethodWorker.invokeTestMethods(TestMethodWorker.java:154)
	at org.testng.internal.invokers.TestMethodWorker.run(TestMethodWorker.java:134)
	at java.base/java.util.ArrayList.forEach(ArrayList.java:1541)
	at org.testng.TestRunner.privateRun(TestRunner.java:739)
	at org.testng.TestRunner.run(TestRunner.java:614)
	at org.testng.SuiteRunner.runTest(SuiteRunner.java:421)
	at org.testng.SuiteRunner.runSequentially(SuiteRunner.java:413)
	at org.testng.SuiteRunner.privateRun(SuiteRunner.java:373)
	at org.testng.SuiteRunner.run(SuiteRunner.java:312)
	at org.testng.SuiteRunnerWorker.runSuite(SuiteRunnerWorker.java:52)
	at org.testng.SuiteRunnerWorker.run(SuiteRunnerWorker.java:95)
	at org.testng.TestNG.runSuitesSequentially(TestNG.java:1274)
	at org.testng.TestNG.runSuitesLocally(TestNG.java:1208)
	at org.testng.TestNG.runSuites(TestNG.java:1112)
	at org.testng.TestNG.run(TestNG.java:1079)
	at org.apache.maven.surefire.testng.TestNGExecutor.run(TestNGExecutor.java:308)
	at org.apache.maven.surefire.testng.TestNGXmlTestSuite.execute(TestNGXmlTestSuite.java:71)
	at org.apache.maven.surefire.testng.TestNGProvider.invoke(TestNGProvider.java:113)
	at org.apache.maven.surefire.booter.ForkedBooter.runSuitesInProcess(ForkedBooter.java:385)
	at org.apache.maven.surefire.booter.ForkedBooter.execute(ForkedBooter.java:162)
	at org.apache.maven.surefire.booter.ForkedBooter.run(ForkedBooter.java:507)
	at org.apache.maven.surefire.booter.ForkedBooter.main(ForkedBooter.java:495)

Jan 27, 2026 2:15:34 PM com.uiFramework.Genesis.web.pages.OrderPage testFieldErrorMessages
SEVERE: Error processing field customerordText
java.lang.RuntimeException: Parent key not found: customerordText
	at com.uiFramework.Genesis.helper.ReadJsonData.getNestedValue(ReadJsonData.java:35)
	at com.uiFramework.Genesis.web.pages.OrderPage.testFieldErrorMessages(OrderPage.java:295)
	at com.uiFramework.Genesis.regression.web.OrderTest.shouldShowErrorMessagesForMandatoryFields(OrderTest.java:57)
	at java.base/jdk.internal.reflect.NativeMethodAccessorImpl.invoke0(Native Method)
	at java.base/jdk.internal.reflect.NativeMethodAccessorImpl.invoke(NativeMethodAccessorImpl.java:62)
	at java.base/jdk.internal.reflect.DelegatingMethodAccessorImpl.invoke(DelegatingMethodAccessorImpl.java:43)
	at java.base/java.lang.reflect.Method.invoke(Method.java:566)
	at org.testng.internal.invokers.MethodInvocationHelper.invokeMethod(MethodInvocationHelper.java:141)
	at org.testng.internal.invokers.TestInvoker.invokeMethod(TestInvoker.java:686)
	at org.testng.internal.invokers.TestInvoker.invokeTestMethod(TestInvoker.java:230)
	at org.testng.internal.invokers.MethodRunner.runInSequence(MethodRunner.java:63)
	at org.testng.internal.invokers.TestInvoker$MethodInvocationAgent.invoke(TestInvoker.java:992)
	at org.testng.internal.invokers.TestInvoker.invokeTestMethods(TestInvoker.java:203)
	at org.testng.internal.invokers.TestMethodWorker.invokeTestMethods(TestMethodWorker.java:154)
	at org.testng.internal.invokers.TestMethodWorker.run(TestMethodWorker.java:134)
	at java.base/java.util.ArrayList.forEach(ArrayList.java:1541)
	at org.testng.TestRunner.privateRun(TestRunner.java:739)
	at org.testng.TestRunner.run(TestRunner.java:614)
	at org.testng.SuiteRunner.runTest(SuiteRunner.java:421)
	at org.testng.SuiteRunner.runSequentially(SuiteRunner.java:413)
	at org.testng.SuiteRunner.privateRun(SuiteRunner.java:373)
	at org.testng.SuiteRunner.run(SuiteRunner.java:312)
	at org.testng.SuiteRunnerWorker.runSuite(SuiteRunnerWorker.java:52)
	at org.testng.SuiteRunnerWorker.run(SuiteRunnerWorker.java:95)
	at org.testng.TestNG.runSuitesSequentially(TestNG.java:1274)
	at org.testng.TestNG.runSuitesLocally(TestNG.java:1208)
	at org.testng.TestNG.runSuites(TestNG.java:1112)
	at org.testng.TestNG.run(TestNG.java:1079)
	at org.apache.maven.surefire.testng.TestNGExecutor.run(TestNGExecutor.java:308)
	at org.apache.maven.surefire.testng.TestNGXmlTestSuite.execute(TestNGXmlTestSuite.java:71)
	at org.apache.maven.surefire.testng.TestNGProvider.invoke(TestNGProvider.java:113)
	at org.apache.maven.surefire.booter.ForkedBooter.runSuitesInProcess(ForkedBooter.java:385)
	at org.apache.maven.surefire.booter.ForkedBooter.execute(ForkedBooter.java:162)
	at org.apache.maven.surefire.booter.ForkedBooter.run(ForkedBooter.java:507)
	at org.apache.maven.surefire.booter.ForkedBooter.main(ForkedBooter.java:495)

Jan 27, 2026 2:15:34 PM com.uiFramework.Genesis.web.pages.OrderPage testFieldErrorMessages
SEVERE: Error processing field localcarrText
java.lang.RuntimeException: Parent key not found: localcarrText
	at com.uiFramework.Genesis.helper.ReadJsonData.getNestedValue(ReadJsonData.java:35)
	at com.uiFramework.Genesis.web.pages.OrderPage.testFieldErrorMessages(OrderPage.java:295)
	at com.uiFramework.Genesis.regression.web.OrderTest.shouldShowErrorMessagesForMandatoryFields(OrderTest.java:57)
	at java.base/jdk.internal.reflect.NativeMethodAccessorImpl.invoke0(Native Method)
	at java.base/jdk.internal.reflect.NativeMethodAccessorImpl.invoke(NativeMethodAccessorImpl.java:62)
	at java.base/jdk.internal.reflect.DelegatingMethodAccessorImpl.invoke(DelegatingMethodAccessorImpl.java:43)
	at java.base/java.lang.reflect.Method.invoke(Method.java:566)
	at org.testng.internal.invokers.MethodInvocationHelper.invokeMethod(MethodInvocationHelper.java:141)
	at org.testng.internal.invokers.TestInvoker.invokeMethod(TestInvoker.java:686)
	at org.testng.internal.invokers.TestInvoker.invokeTestMethod(TestInvoker.java:230)
	at org.testng.internal.invokers.MethodRunner.runInSequence(MethodRunner.java:63)
	at org.testng.internal.invokers.TestInvoker$MethodInvocationAgent.invoke(TestInvoker.java:992)
	at org.testng.internal.invokers.TestInvoker.invokeTestMethods(TestInvoker.java:203)
	at org.testng.internal.invokers.TestMethodWorker.invokeTestMethods(TestMethodWorker.java:154)
	at org.testng.internal.invokers.TestMethodWorker.run(TestMethodWorker.java:134)
	at java.base/java.util.ArrayList.forEach(ArrayList.java:1541)
	at org.testng.TestRunner.privateRun(TestRunner.java:739)
	at org.testng.TestRunner.run(TestRunner.java:614)
	at org.testng.SuiteRunner.runTest(SuiteRunner.java:421)
	at org.testng.SuiteRunner.runSequentially(SuiteRunner.java:413)
	at org.testng.SuiteRunner.privateRun(SuiteRunner.java:373)
	at org.testng.SuiteRunner.run(SuiteRunner.java:312)
	at org.testng.SuiteRunnerWorker.runSuite(SuiteRunnerWorker.java:52)
	at org.testng.SuiteRunnerWorker.run(SuiteRunnerWorker.java:95)
	at org.testng.TestNG.runSuitesSequentially(TestNG.java:1274)
	at org.testng.TestNG.runSuitesLocally(TestNG.java:1208)
	at org.testng.TestNG.runSuites(TestNG.java:1112)
	at org.testng.TestNG.run(TestNG.java:1079)
	at org.apache.maven.surefire.testng.TestNGExecutor.run(TestNGExecutor.java:308)
	at org.apache.maven.surefire.testng.TestNGXmlTestSuite.execute(TestNGXmlTestSuite.java:71)
	at org.apache.maven.surefire.testng.TestNGProvider.invoke(TestNGProvider.java:113)
	at org.apache.maven.surefire.booter.ForkedBooter.runSuitesInProcess(ForkedBooter.java:385)
	at org.apache.maven.surefire.booter.ForkedBooter.execute(ForkedBooter.java:162)
	at org.apache.maven.surefire.booter.ForkedBooter.run(ForkedBooter.java:507)
	at org.apache.maven.surefire.booter.ForkedBooter.main(ForkedBooter.java:495)

Jan 27, 2026 2:15:34 PM com.uiFramework.Genesis.web.pages.OrderPage testFieldErrorMessages
SEVERE: Error processing field address1Text
java.lang.RuntimeException: Parent key not found: address1Text
	at com.uiFramework.Genesis.helper.ReadJsonData.getNestedValue(ReadJsonData.java:35)
	at com.uiFramework.Genesis.web.pages.OrderPage.testFieldErrorMessages(OrderPage.java:295)
	at com.uiFramework.Genesis.regression.web.OrderTest.shouldShowErrorMessagesForMandatoryFields(OrderTest.java:57)
	at java.base/jdk.internal.reflect.NativeMethodAccessorImpl.invoke0(Native Method)
	at java.base/jdk.internal.reflect.NativeMethodAccessorImpl.invoke(NativeMethodAccessorImpl.java:62)
	at java.base/jdk.internal.reflect.DelegatingMethodAccessorImpl.invoke(DelegatingMethodAccessorImpl.java:43)
	at java.base/java.lang.reflect.Method.invoke(Method.java:566)
	at org.testng.internal.invokers.MethodInvocationHelper.invokeMethod(MethodInvocationHelper.java:141)
	at org.testng.internal.invokers.TestInvoker.invokeMethod(TestInvoker.java:686)
	at org.testng.internal.invokers.TestInvoker.invokeTestMethod(TestInvoker.java:230)
	at org.testng.internal.invokers.MethodRunner.runInSequence(MethodRunner.java:63)
	at org.testng.internal.invokers.TestInvoker$MethodInvocationAgent.invoke(TestInvoker.java:992)
	at org.testng.internal.invokers.TestInvoker.invokeTestMethods(TestInvoker.java:203)
	at org.testng.internal.invokers.TestMethodWorker.invokeTestMethods(TestMethodWorker.java:154)
	at org.testng.internal.invokers.TestMethodWorker.run(TestMethodWorker.java:134)
	at java.base/java.util.ArrayList.forEach(ArrayList.java:1541)
	at org.testng.TestRunner.privateRun(TestRunner.java:739)
	at org.testng.TestRunner.run(TestRunner.java:614)
	at org.testng.SuiteRunner.runTest(SuiteRunner.java:421)
	at org.testng.SuiteRunner.runSequentially(SuiteRunner.java:413)
	at org.testng.SuiteRunner.privateRun(SuiteRunner.java:373)
	at org.testng.SuiteRunner.run(SuiteRunner.java:312)
	at org.testng.SuiteRunnerWorker.runSuite(SuiteRunnerWorker.java:52)
	at org.testng.SuiteRunnerWorker.run(SuiteRunnerWorker.java:95)
	at org.testng.TestNG.runSuitesSequentially(TestNG.java:1274)
	at org.testng.TestNG.runSuitesLocally(TestNG.java:1208)
	at org.testng.TestNG.runSuites(TestNG.java:1112)
	at org.testng.TestNG.run(TestNG.java:1079)
	at org.apache.maven.surefire.testng.TestNGExecutor.run(TestNGExecutor.java:308)
	at org.apache.maven.surefire.testng.TestNGXmlTestSuite.execute(TestNGXmlTestSuite.java:71)
	at org.apache.maven.surefire.testng.TestNGProvider.invoke(TestNGProvider.java:113)
	at org.apache.maven.surefire.booter.ForkedBooter.runSuitesInProcess(ForkedBooter.java:385)
	at org.apache.maven.surefire.booter.ForkedBooter.execute(ForkedBooter.java:162)
	at org.apache.maven.surefire.booter.ForkedBooter.run(ForkedBooter.java:507)
	at org.apache.maven.surefire.booter.ForkedBooter.main(ForkedBooter.java:495)

Jan 27, 2026 2:15:34 PM com.uiFramework.Genesis.web.pages.OrderPage testFieldErrorMessages
SEVERE: Error processing field stateText
java.lang.RuntimeException: Parent key not found: stateText
	at com.uiFramework.Genesis.helper.ReadJsonData.getNestedValue(ReadJsonData.java:35)
	at com.uiFramework.Genesis.web.pages.OrderPage.testFieldErrorMessages(OrderPage.java:295)
	at com.uiFramework.Genesis.regression.web.OrderTest.shouldShowErrorMessagesForMandatoryFields(OrderTest.java:57)
	at java.base/jdk.internal.reflect.NativeMethodAccessorImpl.invoke0(Native Method)
	at java.base/jdk.internal.reflect.NativeMethodAccessorImpl.invoke(NativeMethodAccessorImpl.java:62)
	at java.base/jdk.internal.reflect.DelegatingMethodAccessorImpl.invoke(DelegatingMethodAccessorImpl.java:43)
	at java.base/java.lang.reflect.Method.invoke(Method.java:566)
	at org.testng.internal.invokers.MethodInvocationHelper.invokeMethod(MethodInvocationHelper.java:141)
	at org.testng.internal.invokers.TestInvoker.invokeMethod(TestInvoker.java:686)
	at org.testng.internal.invokers.TestInvoker.invokeTestMethod(TestInvoker.java:230)
	at org.testng.internal.invokers.MethodRunner.runInSequence(MethodRunner.java:63)
	at org.testng.internal.invokers.TestInvoker$MethodInvocationAgent.invoke(TestInvoker.java:992)
	at org.testng.internal.invokers.TestInvoker.invokeTestMethods(TestInvoker.java:203)
	at org.testng.internal.invokers.TestMethodWorker.invokeTestMethods(TestMethodWorker.java:154)
	at org.testng.internal.invokers.TestMethodWorker.run(TestMethodWorker.java:134)
	at java.base/java.util.ArrayList.forEach(ArrayList.java:1541)
	at org.testng.TestRunner.privateRun(TestRunner.java:739)
	at org.testng.TestRunner.run(TestRunner.java:614)
	at org.testng.SuiteRunner.runTest(SuiteRunner.java:421)
	at org.testng.SuiteRunner.runSequentially(SuiteRunner.java:413)
	at org.testng.SuiteRunner.privateRun(SuiteRunner.java:373)
	at org.testng.SuiteRunner.run(SuiteRunner.java:312)
	at org.testng.SuiteRunnerWorker.runSuite(SuiteRunnerWorker.java:52)
	at org.testng.SuiteRunnerWorker.run(SuiteRunnerWorker.java:95)
	at org.testng.TestNG.runSuitesSequentially(TestNG.java:1274)
	at org.testng.TestNG.runSuitesLocally(TestNG.java:1208)
	at org.testng.TestNG.runSuites(TestNG.java:1112)
	at org.testng.TestNG.run(TestNG.java:1079)
	at org.apache.maven.surefire.testng.TestNGExecutor.run(TestNGExecutor.java:308)
	at org.apache.maven.surefire.testng.TestNGXmlTestSuite.execute(TestNGXmlTestSuite.java:71)
	at org.apache.maven.surefire.testng.TestNGProvider.invoke(TestNGProvider.java:113)
	at org.apache.maven.surefire.booter.ForkedBooter.runSuitesInProcess(ForkedBooter.java:385)
	at org.apache.maven.surefire.booter.ForkedBooter.execute(ForkedBooter.java:162)
	at org.apache.maven.surefire.booter.ForkedBooter.run(ForkedBooter.java:507)
	at org.apache.maven.surefire.booter.ForkedBooter.main(ForkedBooter.java:495)

Jan 27, 2026 2:15:34 PM com.uiFramework.Genesis.web.pages.OrderPage testFieldErrorMessages
SEVERE: Error processing field cityText
java.lang.RuntimeException: Parent key not found: cityText
	at com.uiFramework.Genesis.helper.ReadJsonData.getNestedValue(ReadJsonData.java:35)
	at com.uiFramework.Genesis.web.pages.OrderPage.testFieldErrorMessages(OrderPage.java:295)
	at com.uiFramework.Genesis.regression.web.OrderTest.shouldShowErrorMessagesForMandatoryFields(OrderTest.java:57)
	at java.base/jdk.internal.reflect.NativeMethodAccessorImpl.invoke0(Native Method)
	at java.base/jdk.internal.reflect.NativeMethodAccessorImpl.invoke(NativeMethodAccessorImpl.java:62)
	at java.base/jdk.internal.reflect.DelegatingMethodAccessorImpl.invoke(DelegatingMethodAccessorImpl.java:43)
	at java.base/java.lang.reflect.Method.invoke(Method.java:566)
	at org.testng.internal.invokers.MethodInvocationHelper.invokeMethod(MethodInvocationHelper.java:141)
	at org.testng.internal.invokers.TestInvoker.invokeMethod(TestInvoker.java:686)
	at org.testng.internal.invokers.TestInvoker.invokeTestMethod(TestInvoker.java:230)
	at org.testng.internal.invokers.MethodRunner.runInSequence(MethodRunner.java:63)
	at org.testng.internal.invokers.TestInvoker$MethodInvocationAgent.invoke(TestInvoker.java:992)
	at org.testng.internal.invokers.TestInvoker.invokeTestMethods(TestInvoker.java:203)
	at org.testng.internal.invokers.TestMethodWorker.invokeTestMethods(TestMethodWorker.java:154)
	at org.testng.internal.invokers.TestMethodWorker.run(TestMethodWorker.java:134)
	at java.base/java.util.ArrayList.forEach(ArrayList.java:1541)
	at org.testng.TestRunner.privateRun(TestRunner.java:739)
	at org.testng.TestRunner.run(TestRunner.java:614)
	at org.testng.SuiteRunner.runTest(SuiteRunner.java:421)
	at org.testng.SuiteRunner.runSequentially(SuiteRunner.java:413)
	at org.testng.SuiteRunner.privateRun(SuiteRunner.java:373)
	at org.testng.SuiteRunner.run(SuiteRunner.java:312)
	at org.testng.SuiteRunnerWorker.runSuite(SuiteRunnerWorker.java:52)
	at org.testng.SuiteRunnerWorker.run(SuiteRunnerWorker.java:95)
	at org.testng.TestNG.runSuitesSequentially(TestNG.java:1274)
	at org.testng.TestNG.runSuitesLocally(TestNG.java:1208)
	at org.testng.TestNG.runSuites(TestNG.java:1112)
	at org.testng.TestNG.run(TestNG.java:1079)
	at org.apache.maven.surefire.testng.TestNGExecutor.run(TestNGExecutor.java:308)
	at org.apache.maven.surefire.testng.TestNGXmlTestSuite.execute(TestNGXmlTestSuite.java:71)
	at org.apache.maven.surefire.testng.TestNGProvider.invoke(TestNGProvider.java:113)
	at org.apache.maven.surefire.booter.ForkedBooter.runSuitesInProcess(ForkedBooter.java:385)
	at org.apache.maven.surefire.booter.ForkedBooter.execute(ForkedBooter.java:162)
	at org.apache.maven.surefire.booter.ForkedBooter.run(ForkedBooter.java:507)
	at org.apache.maven.surefire.booter.ForkedBooter.main(ForkedBooter.java:495)

Jan 27, 2026 2:15:34 PM com.uiFramework.Genesis.web.pages.OrderPage testFieldErrorMessages
SEVERE: Error processing field zipText
java.lang.RuntimeException: Parent key not found: zipText
	at com.uiFramework.Genesis.helper.ReadJsonData.getNestedValue(ReadJsonData.java:35)
	at com.uiFramework.Genesis.web.pages.OrderPage.testFieldErrorMessages(OrderPage.java:295)
	at com.uiFramework.Genesis.regression.web.OrderTest.shouldShowErrorMessagesForMandatoryFields(OrderTest.java:57)
	at java.base/jdk.internal.reflect.NativeMethodAccessorImpl.invoke0(Native Method)
	at java.base/jdk.internal.reflect.NativeMethodAccessorImpl.invoke(NativeMethodAccessorImpl.java:62)
	at java.base/jdk.internal.reflect.DelegatingMethodAccessorImpl.invoke(DelegatingMethodAccessorImpl.java:43)
	at java.base/java.lang.reflect.Method.invoke(Method.java:566)
	at org.testng.internal.invokers.MethodInvocationHelper.invokeMethod(MethodInvocationHelper.java:141)
	at org.testng.internal.invokers.TestInvoker.invokeMethod(TestInvoker.java:686)
	at org.testng.internal.invokers.TestInvoker.invokeTestMethod(TestInvoker.java:230)
	at org.testng.internal.invokers.MethodRunner.runInSequence(MethodRunner.java:63)
	at org.testng.internal.invokers.TestInvoker$MethodInvocationAgent.invoke(TestInvoker.java:992)
	at org.testng.internal.invokers.TestInvoker.invokeTestMethods(TestInvoker.java:203)
	at org.testng.internal.invokers.TestMethodWorker.invokeTestMethods(TestMethodWorker.java:154)
	at org.testng.internal.invokers.TestMethodWorker.run(TestMethodWorker.java:134)
	at java.base/java.util.ArrayList.forEach(ArrayList.java:1541)
	at org.testng.TestRunner.privateRun(TestRunner.java:739)
	at org.testng.TestRunner.run(TestRunner.java:614)
	at org.testng.SuiteRunner.runTest(SuiteRunner.java:421)
	at org.testng.SuiteRunner.runSequentially(SuiteRunner.java:413)
	at org.testng.SuiteRunner.privateRun(SuiteRunner.java:373)
	at org.testng.SuiteRunner.run(SuiteRunner.java:312)
	at org.testng.SuiteRunnerWorker.runSuite(SuiteRunnerWorker.java:52)
	at org.testng.SuiteRunnerWorker.run(SuiteRunnerWorker.java:95)
	at org.testng.TestNG.runSuitesSequentially(TestNG.java:1274)
	at org.testng.TestNG.runSuitesLocally(TestNG.java:1208)
	at org.testng.TestNG.runSuites(TestNG.java:1112)
	at org.testng.TestNG.run(TestNG.java:1079)
	at org.apache.maven.surefire.testng.TestNGExecutor.run(TestNGExecutor.java:308)
	at org.apache.maven.surefire.testng.TestNGXmlTestSuite.execute(TestNGXmlTestSuite.java:71)
	at org.apache.maven.surefire.testng.TestNGProvider.invoke(TestNGProvider.java:113)
	at org.apache.maven.surefire.booter.ForkedBooter.runSuitesInProcess(ForkedBooter.java:385)
	at org.apache.maven.surefire.booter.ForkedBooter.execute(ForkedBooter.java:162)
	at org.apache.maven.surefire.booter.ForkedBooter.run(ForkedBooter.java:507)
	at org.apache.maven.surefire.booter.ForkedBooter.main(ForkedBooter.java:495)

Jan 27, 2026 2:15:35 PM com.uiFramework.Genesis.web.pages.CommonPage waitForLoaderToDisappear
INFO: Loader has disappeared..
Jan 27, 2026 2:15:35 PM com.uiFramework.Genesis.web.pages.OrderPage testFieldErrorMessages
SEVERE: Error processing field warehousetext
java.lang.RuntimeException: Parent key not found: warehousetext
	at com.uiFramework.Genesis.helper.ReadJsonData.getNestedValue(ReadJsonData.java:35)
	at com.uiFramework.Genesis.web.pages.OrderPage.testFieldErrorMessages(OrderPage.java:295)
	at com.uiFramework.Genesis.regression.web.OrderTest.shouldShowErrorMessagesForMandatoryFields(OrderTest.java:58)
	at java.base/jdk.internal.reflect.NativeMethodAccessorImpl.invoke0(Native Method)
	at java.base/jdk.internal.reflect.NativeMethodAccessorImpl.invoke(NativeMethodAccessorImpl.java:62)
	at java.base/jdk.internal.reflect.DelegatingMethodAccessorImpl.invoke(DelegatingMethodAccessorImpl.java:43)
	at java.base/java.lang.reflect.Method.invoke(Method.java:566)
	at org.testng.internal.invokers.MethodInvocationHelper.invokeMethod(MethodInvocationHelper.java:141)
	at org.testng.internal.invokers.TestInvoker.invokeMethod(TestInvoker.java:686)
	at org.testng.internal.invokers.TestInvoker.invokeTestMethod(TestInvoker.java:230)
	at org.testng.internal.invokers.MethodRunner.runInSequence(MethodRunner.java:63)
	at org.testng.internal.invokers.TestInvoker$MethodInvocationAgent.invoke(TestInvoker.java:992)
	at org.testng.internal.invokers.TestInvoker.invokeTestMethods(TestInvoker.java:203)
	at org.testng.internal.invokers.TestMethodWorker.invokeTestMethods(TestMethodWorker.java:154)
	at org.testng.internal.invokers.TestMethodWorker.run(TestMethodWorker.java:134)
	at java.base/java.util.ArrayList.forEach(ArrayList.java:1541)
	at org.testng.TestRunner.privateRun(TestRunner.java:739)
	at org.testng.TestRunner.run(TestRunner.java:614)
	at org.testng.SuiteRunner.runTest(SuiteRunner.java:421)
	at org.testng.SuiteRunner.runSequentially(SuiteRunner.java:413)
	at org.testng.SuiteRunner.privateRun(SuiteRunner.java:373)
	at org.testng.SuiteRunner.run(SuiteRunner.java:312)
	at org.testng.SuiteRunnerWorker.runSuite(SuiteRunnerWorker.java:52)
	at org.testng.SuiteRunnerWorker.run(SuiteRunnerWorker.java:95)
	at org.testng.TestNG.runSuitesSequentially(TestNG.java:1274)
	at org.testng.TestNG.runSuitesLocally(TestNG.java:1208)
	at org.testng.TestNG.runSuites(TestNG.java:1112)
	at org.testng.TestNG.run(TestNG.java:1079)
	at org.apache.maven.surefire.testng.TestNGExecutor.run(TestNGExecutor.java:308)
	at org.apache.maven.surefire.testng.TestNGXmlTestSuite.execute(TestNGXmlTestSuite.java:71)
	at org.apache.maven.surefire.testng.TestNGProvider.invoke(TestNGProvider.java:113)
	at org.apache.maven.surefire.booter.ForkedBooter.runSuitesInProcess(ForkedBooter.java:385)
	at org.apache.maven.surefire.booter.ForkedBooter.execute(ForkedBooter.java:162)
	at org.apache.maven.surefire.booter.ForkedBooter.run(ForkedBooter.java:507)
	at org.apache.maven.surefire.booter.ForkedBooter.main(ForkedBooter.java:495)

Jan 27, 2026 2:15:35 PM com.uiFramework.Genesis.web.pages.OrderPage testFieldErrorMessages
SEVERE: Error processing field customerText
java.lang.RuntimeException: Parent key not found: customerText
	at com.uiFramework.Genesis.helper.ReadJsonData.getNestedValue(ReadJsonData.java:35)
	at com.uiFramework.Genesis.web.pages.OrderPage.testFieldErrorMessages(OrderPage.java:295)
	at com.uiFramework.Genesis.regression.web.OrderTest.shouldShowErrorMessagesForMandatoryFields(OrderTest.java:58)
	at java.base/jdk.internal.reflect.NativeMethodAccessorImpl.invoke0(Native Method)
	at java.base/jdk.internal.reflect.NativeMethodAccessorImpl.invoke(NativeMethodAccessorImpl.java:62)
	at java.base/jdk.internal.reflect.DelegatingMethodAccessorImpl.invoke(DelegatingMethodAccessorImpl.java:43)
	at java.base/java.lang.reflect.Method.invoke(Method.java:566)
	at org.testng.internal.invokers.MethodInvocationHelper.invokeMethod(MethodInvocationHelper.java:141)
	at org.testng.internal.invokers.TestInvoker.invokeMethod(TestInvoker.java:686)
	at org.testng.internal.invokers.TestInvoker.invokeTestMethod(TestInvoker.java:230)
	at org.testng.internal.invokers.MethodRunner.runInSequence(MethodRunner.java:63)
	at org.testng.internal.invokers.TestInvoker$MethodInvocationAgent.invoke(TestInvoker.java:992)
	at org.testng.internal.invokers.TestInvoker.invokeTestMethods(TestInvoker.java:203)
	at org.testng.internal.invokers.TestMethodWorker.invokeTestMethods(TestMethodWorker.java:154)
	at org.testng.internal.invokers.TestMethodWorker.run(TestMethodWorker.java:134)
	at java.base/java.util.ArrayList.forEach(ArrayList.java:1541)
	at org.testng.TestRunner.privateRun(TestRunner.java:739)
	at org.testng.TestRunner.run(TestRunner.java:614)
	at org.testng.SuiteRunner.runTest(SuiteRunner.java:421)
	at org.testng.SuiteRunner.runSequentially(SuiteRunner.java:413)
	at org.testng.SuiteRunner.privateRun(SuiteRunner.java:373)
	at org.testng.SuiteRunner.run(SuiteRunner.java:312)
	at org.testng.SuiteRunnerWorker.runSuite(SuiteRunnerWorker.java:52)
	at org.testng.SuiteRunnerWorker.run(SuiteRunnerWorker.java:95)
	at org.testng.TestNG.runSuitesSequentially(TestNG.java:1274)
	at org.testng.TestNG.runSuitesLocally(TestNG.java:1208)
	at org.testng.TestNG.runSuites(TestNG.java:1112)
	at org.testng.TestNG.run(TestNG.java:1079)
	at org.apache.maven.surefire.testng.TestNGExecutor.run(TestNGExecutor.java:308)
	at org.apache.maven.surefire.testng.TestNGXmlTestSuite.execute(TestNGXmlTestSuite.java:71)
	at org.apache.maven.surefire.testng.TestNGProvider.invoke(TestNGProvider.java:113)
	at org.apache.maven.surefire.booter.ForkedBooter.runSuitesInProcess(ForkedBooter.java:385)
	at org.apache.maven.surefire.booter.ForkedBooter.execute(ForkedBooter.java:162)
	at org.apache.maven.surefire.booter.ForkedBooter.run(ForkedBooter.java:507)
	at org.apache.maven.surefire.booter.ForkedBooter.main(ForkedBooter.java:495)

Jan 27, 2026 2:15:35 PM com.uiFramework.Genesis.web.pages.OrderPage testFieldErrorMessages
SEVERE: Error processing field consigneeText
java.lang.RuntimeException: Parent key not found: consigneeText
	at com.uiFramework.Genesis.helper.ReadJsonData.getNestedValue(ReadJsonData.java:35)
	at com.uiFramework.Genesis.web.pages.OrderPage.testFieldErrorMessages(OrderPage.java:295)
	at com.uiFramework.Genesis.regression.web.OrderTest.shouldShowErrorMessagesForMandatoryFields(OrderTest.java:58)
	at java.base/jdk.internal.reflect.NativeMethodAccessorImpl.invoke0(Native Method)
	at java.base/jdk.internal.reflect.NativeMethodAccessorImpl.invoke(NativeMethodAccessorImpl.java:62)
	at java.base/jdk.internal.reflect.DelegatingMethodAccessorImpl.invoke(DelegatingMethodAccessorImpl.java:43)
	at java.base/java.lang.reflect.Method.invoke(Method.java:566)
	at org.testng.internal.invokers.MethodInvocationHelper.invokeMethod(MethodInvocationHelper.java:141)
	at org.testng.internal.invokers.TestInvoker.invokeMethod(TestInvoker.java:686)
	at org.testng.internal.invokers.TestInvoker.invokeTestMethod(TestInvoker.java:230)
	at org.testng.internal.invokers.MethodRunner.runInSequence(MethodRunner.java:63)
	at org.testng.internal.invokers.TestInvoker$MethodInvocationAgent.invoke(TestInvoker.java:992)
	at org.testng.internal.invokers.TestInvoker.invokeTestMethods(TestInvoker.java:203)
	at org.testng.internal.invokers.TestMethodWorker.invokeTestMethods(TestMethodWorker.java:154)
	at org.testng.internal.invokers.TestMethodWorker.run(TestMethodWorker.java:134)
	at java.base/java.util.ArrayList.forEach(ArrayList.java:1541)
	at org.testng.TestRunner.privateRun(TestRunner.java:739)
	at org.testng.TestRunner.run(TestRunner.java:614)
	at org.testng.SuiteRunner.runTest(SuiteRunner.java:421)
	at org.testng.SuiteRunner.runSequentially(SuiteRunner.java:413)
	at org.testng.SuiteRunner.privateRun(SuiteRunner.java:373)
	at org.testng.SuiteRunner.run(SuiteRunner.java:312)
	at org.testng.SuiteRunnerWorker.runSuite(SuiteRunnerWorker.java:52)
	at org.testng.SuiteRunnerWorker.run(SuiteRunnerWorker.java:95)
	at org.testng.TestNG.runSuitesSequentially(TestNG.java:1274)
	at org.testng.TestNG.runSuitesLocally(TestNG.java:1208)
	at org.testng.TestNG.runSuites(TestNG.java:1112)
	at org.testng.TestNG.run(TestNG.java:1079)
	at org.apache.maven.surefire.testng.TestNGExecutor.run(TestNGExecutor.java:308)
	at org.apache.maven.surefire.testng.TestNGXmlTestSuite.execute(TestNGXmlTestSuite.java:71)
	at org.apache.maven.surefire.testng.TestNGProvider.invoke(TestNGProvider.java:113)
	at org.apache.maven.surefire.booter.ForkedBooter.runSuitesInProcess(ForkedBooter.java:385)
	at org.apache.maven.surefire.booter.ForkedBooter.execute(ForkedBooter.java:162)
	at org.apache.maven.surefire.booter.ForkedBooter.run(ForkedBooter.java:507)
	at org.apache.maven.surefire.booter.ForkedBooter.main(ForkedBooter.java:495)

Jan 27, 2026 2:15:35 PM com.uiFramework.Genesis.web.pages.OrderPage testFieldErrorMessages
SEVERE: Error processing field customerordText
java.lang.RuntimeException: Parent key not found: customerordText
	at com.uiFramework.Genesis.helper.ReadJsonData.getNestedValue(ReadJsonData.java:35)
	at com.uiFramework.Genesis.web.pages.OrderPage.testFieldErrorMessages(OrderPage.java:295)
	at com.uiFramework.Genesis.regression.web.OrderTest.shouldShowErrorMessagesForMandatoryFields(OrderTest.java:58)
	at java.base/jdk.internal.reflect.NativeMethodAccessorImpl.invoke0(Native Method)
	at java.base/jdk.internal.reflect.NativeMethodAccessorImpl.invoke(NativeMethodAccessorImpl.java:62)
	at java.base/jdk.internal.reflect.DelegatingMethodAccessorImpl.invoke(DelegatingMethodAccessorImpl.java:43)
	at java.base/java.lang.reflect.Method.invoke(Method.java:566)
	at org.testng.internal.invokers.MethodInvocationHelper.invokeMethod(MethodInvocationHelper.java:141)
	at org.testng.internal.invokers.TestInvoker.invokeMethod(TestInvoker.java:686)
	at org.testng.internal.invokers.TestInvoker.invokeTestMethod(TestInvoker.java:230)
	at org.testng.internal.invokers.MethodRunner.runInSequence(MethodRunner.java:63)
	at org.testng.internal.invokers.TestInvoker$MethodInvocationAgent.invoke(TestInvoker.java:992)
	at org.testng.internal.invokers.TestInvoker.invokeTestMethods(TestInvoker.java:203)
	at org.testng.internal.invokers.TestMethodWorker.invokeTestMethods(TestMethodWorker.java:154)
	at org.testng.internal.invokers.TestMethodWorker.run(TestMethodWorker.java:134)
	at java.base/java.util.ArrayList.forEach(ArrayList.java:1541)
	at org.testng.TestRunner.privateRun(TestRunner.java:739)
	at org.testng.TestRunner.run(TestRunner.java:614)
	at org.testng.SuiteRunner.runTest(SuiteRunner.java:421)
	at org.testng.SuiteRunner.runSequentially(SuiteRunner.java:413)
	at org.testng.SuiteRunner.privateRun(SuiteRunner.java:373)
	at org.testng.SuiteRunner.run(SuiteRunner.java:312)
	at org.testng.SuiteRunnerWorker.runSuite(SuiteRunnerWorker.java:52)
	at org.testng.SuiteRunnerWorker.run(SuiteRunnerWorker.java:95)
	at org.testng.TestNG.runSuitesSequentially(TestNG.java:1274)
	at org.testng.TestNG.runSuitesLocally(TestNG.java:1208)
	at org.testng.TestNG.runSuites(TestNG.java:1112)
	at org.testng.TestNG.run(TestNG.java:1079)
	at org.apache.maven.surefire.testng.TestNGExecutor.run(TestNGExecutor.java:308)
	at org.apache.maven.surefire.testng.TestNGXmlTestSuite.execute(TestNGXmlTestSuite.java:71)
	at org.apache.maven.surefire.testng.TestNGProvider.invoke(TestNGProvider.java:113)
	at org.apache.maven.surefire.booter.ForkedBooter.runSuitesInProcess(ForkedBooter.java:385)
	at org.apache.maven.surefire.booter.ForkedBooter.execute(ForkedBooter.java:162)
	at org.apache.maven.surefire.booter.ForkedBooter.run(ForkedBooter.java:507)
	at org.apache.maven.surefire.booter.ForkedBooter.main(ForkedBooter.java:495)

Jan 27, 2026 2:15:35 PM com.uiFramework.Genesis.web.pages.OrderPage testFieldErrorMessages
SEVERE: Error processing field localcarrText
java.lang.RuntimeException: Parent key not found: localcarrText
	at com.uiFramework.Genesis.helper.ReadJsonData.getNestedValue(ReadJsonData.java:35)
	at com.uiFramework.Genesis.web.pages.OrderPage.testFieldErrorMessages(OrderPage.java:295)
	at com.uiFramework.Genesis.regression.web.OrderTest.shouldShowErrorMessagesForMandatoryFields(OrderTest.java:58)
	at java.base/jdk.internal.reflect.NativeMethodAccessorImpl.invoke0(Native Method)
	at java.base/jdk.internal.reflect.NativeMethodAccessorImpl.invoke(NativeMethodAccessorImpl.java:62)
	at java.base/jdk.internal.reflect.DelegatingMethodAccessorImpl.invoke(DelegatingMethodAccessorImpl.java:43)
	at java.base/java.lang.reflect.Method.invoke(Method.java:566)
	at org.testng.internal.invokers.MethodInvocationHelper.invokeMethod(MethodInvocationHelper.java:141)
	at org.testng.internal.invokers.TestInvoker.invokeMethod(TestInvoker.java:686)
	at org.testng.internal.invokers.TestInvoker.invokeTestMethod(TestInvoker.java:230)
	at org.testng.internal.invokers.MethodRunner.runInSequence(MethodRunner.java:63)
	at org.testng.internal.invokers.TestInvoker$MethodInvocationAgent.invoke(TestInvoker.java:992)
	at org.testng.internal.invokers.TestInvoker.invokeTestMethods(TestInvoker.java:203)
	at org.testng.internal.invokers.TestMethodWorker.invokeTestMethods(TestMethodWorker.java:154)
	at org.testng.internal.invokers.TestMethodWorker.run(TestMethodWorker.java:134)
	at java.base/java.util.ArrayList.forEach(ArrayList.java:1541)
	at org.testng.TestRunner.privateRun(TestRunner.java:739)
	at org.testng.TestRunner.run(TestRunner.java:614)
	at org.testng.SuiteRunner.runTest(SuiteRunner.java:421)
	at org.testng.SuiteRunner.runSequentially(SuiteRunner.java:413)
	at org.testng.SuiteRunner.privateRun(SuiteRunner.java:373)
	at org.testng.SuiteRunner.run(SuiteRunner.java:312)
	at org.testng.SuiteRunnerWorker.runSuite(SuiteRunnerWorker.java:52)
	at org.testng.SuiteRunnerWorker.run(SuiteRunnerWorker.java:95)
	at org.testng.TestNG.runSuitesSequentially(TestNG.java:1274)
	at org.testng.TestNG.runSuitesLocally(TestNG.java:1208)
	at org.testng.TestNG.runSuites(TestNG.java:1112)
	at org.testng.TestNG.run(TestNG.java:1079)
	at org.apache.maven.surefire.testng.TestNGExecutor.run(TestNGExecutor.java:308)
	at org.apache.maven.surefire.testng.TestNGXmlTestSuite.execute(TestNGXmlTestSuite.java:71)
	at org.apache.maven.surefire.testng.TestNGProvider.invoke(TestNGProvider.java:113)
	at org.apache.maven.surefire.booter.ForkedBooter.runSuitesInProcess(ForkedBooter.java:385)
	at org.apache.maven.surefire.booter.ForkedBooter.execute(ForkedBooter.java:162)
	at org.apache.maven.surefire.booter.ForkedBooter.run(ForkedBooter.java:507)
	at org.apache.maven.surefire.booter.ForkedBooter.main(ForkedBooter.java:495)

Jan 27, 2026 2:15:35 PM com.uiFramework.Genesis.web.pages.OrderPage testFieldErrorMessages
SEVERE: Error processing field address1Text
java.lang.RuntimeException: Parent key not found: address1Text
	at com.uiFramework.Genesis.helper.ReadJsonData.getNestedValue(ReadJsonData.java:35)
	at com.uiFramework.Genesis.web.pages.OrderPage.testFieldErrorMessages(OrderPage.java:295)
	at com.uiFramework.Genesis.regression.web.OrderTest.shouldShowErrorMessagesForMandatoryFields(OrderTest.java:58)
	at java.base/jdk.internal.reflect.NativeMethodAccessorImpl.invoke0(Native Method)
	at java.base/jdk.internal.reflect.NativeMethodAccessorImpl.invoke(NativeMethodAccessorImpl.java:62)
	at java.base/jdk.internal.reflect.DelegatingMethodAccessorImpl.invoke(DelegatingMethodAccessorImpl.java:43)
	at java.base/java.lang.reflect.Method.invoke(Method.java:566)
	at org.testng.internal.invokers.MethodInvocationHelper.invokeMethod(MethodInvocationHelper.java:141)
	at org.testng.internal.invokers.TestInvoker.invokeMethod(TestInvoker.java:686)
	at org.testng.internal.invokers.TestInvoker.invokeTestMethod(TestInvoker.java:230)
	at org.testng.internal.invokers.MethodRunner.runInSequence(MethodRunner.java:63)
	at org.testng.internal.invokers.TestInvoker$MethodInvocationAgent.invoke(TestInvoker.java:992)
	at org.testng.internal.invokers.TestInvoker.invokeTestMethods(TestInvoker.java:203)
	at org.testng.internal.invokers.TestMethodWorker.invokeTestMethods(TestMethodWorker.java:154)
	at org.testng.internal.invokers.TestMethodWorker.run(TestMethodWorker.java:134)
	at java.base/java.util.ArrayList.forEach(ArrayList.java:1541)
	at org.testng.TestRunner.privateRun(TestRunner.java:739)
	at org.testng.TestRunner.run(TestRunner.java:614)
	at org.testng.SuiteRunner.runTest(SuiteRunner.java:421)
	at org.testng.SuiteRunner.runSequentially(SuiteRunner.java:413)
	at org.testng.SuiteRunner.privateRun(SuiteRunner.java:373)
	at org.testng.SuiteRunner.run(SuiteRunner.java:312)
	at org.testng.SuiteRunnerWorker.runSuite(SuiteRunnerWorker.java:52)
	at org.testng.SuiteRunnerWorker.run(SuiteRunnerWorker.java:95)
	at org.testng.TestNG.runSuitesSequentially(TestNG.java:1274)
	at org.testng.TestNG.runSuitesLocally(TestNG.java:1208)
	at org.testng.TestNG.runSuites(TestNG.java:1112)
	at org.testng.TestNG.run(TestNG.java:1079)
	at org.apache.maven.surefire.testng.TestNGExecutor.run(TestNGExecutor.java:308)
	at org.apache.maven.surefire.testng.TestNGXmlTestSuite.execute(TestNGXmlTestSuite.java:71)
	at org.apache.maven.surefire.testng.TestNGProvider.invoke(TestNGProvider.java:113)
	at org.apache.maven.surefire.booter.ForkedBooter.runSuitesInProcess(ForkedBooter.java:385)
	at org.apache.maven.surefire.booter.ForkedBooter.execute(ForkedBooter.java:162)
	at org.apache.maven.surefire.booter.ForkedBooter.run(ForkedBooter.java:507)
	at org.apache.maven.surefire.booter.ForkedBooter.main(ForkedBooter.java:495)

Jan 27, 2026 2:15:35 PM com.uiFramework.Genesis.web.pages.OrderPage testFieldErrorMessages
SEVERE: Error processing field stateText
java.lang.RuntimeException: Parent key not found: stateText
	at com.uiFramework.Genesis.helper.ReadJsonData.getNestedValue(ReadJsonData.java:35)
	at com.uiFramework.Genesis.web.pages.OrderPage.testFieldErrorMessages(OrderPage.java:295)
	at com.uiFramework.Genesis.regression.web.OrderTest.shouldShowErrorMessagesForMandatoryFields(OrderTest.java:58)
	at java.base/jdk.internal.reflect.NativeMethodAccessorImpl.invoke0(Native Method)
	at java.base/jdk.internal.reflect.NativeMethodAccessorImpl.invoke(NativeMethodAccessorImpl.java:62)
	at java.base/jdk.internal.reflect.DelegatingMethodAccessorImpl.invoke(DelegatingMethodAccessorImpl.java:43)
	at java.base/java.lang.reflect.Method.invoke(Method.java:566)
	at org.testng.internal.invokers.MethodInvocationHelper.invokeMethod(MethodInvocationHelper.java:141)
	at org.testng.internal.invokers.TestInvoker.invokeMethod(TestInvoker.java:686)
	at org.testng.internal.invokers.TestInvoker.invokeTestMethod(TestInvoker.java:230)
	at org.testng.internal.invokers.MethodRunner.runInSequence(MethodRunner.java:63)
	at org.testng.internal.invokers.TestInvoker$MethodInvocationAgent.invoke(TestInvoker.java:992)
	at org.testng.internal.invokers.TestInvoker.invokeTestMethods(TestInvoker.java:203)
	at org.testng.internal.invokers.TestMethodWorker.invokeTestMethods(TestMethodWorker.java:154)
	at org.testng.internal.invokers.TestMethodWorker.run(TestMethodWorker.java:134)
	at java.base/java.util.ArrayList.forEach(ArrayList.java:1541)
	at org.testng.TestRunner.privateRun(TestRunner.java:739)
	at org.testng.TestRunner.run(TestRunner.java:614)
	at org.testng.SuiteRunner.runTest(SuiteRunner.java:421)
	at org.testng.SuiteRunner.runSequentially(SuiteRunner.java:413)
	at org.testng.SuiteRunner.privateRun(SuiteRunner.java:373)
	at org.testng.SuiteRunner.run(SuiteRunner.java:312)
	at org.testng.SuiteRunnerWorker.runSuite(SuiteRunnerWorker.java:52)
	at org.testng.SuiteRunnerWorker.run(SuiteRunnerWorker.java:95)
	at org.testng.TestNG.runSuitesSequentially(TestNG.java:1274)
	at org.testng.TestNG.runSuitesLocally(TestNG.java:1208)
	at org.testng.TestNG.runSuites(TestNG.java:1112)
	at org.testng.TestNG.run(TestNG.java:1079)
	at org.apache.maven.surefire.testng.TestNGExecutor.run(TestNGExecutor.java:308)
	at org.apache.maven.surefire.testng.TestNGXmlTestSuite.execute(TestNGXmlTestSuite.java:71)
	at org.apache.maven.surefire.testng.TestNGProvider.invoke(TestNGProvider.java:113)
	at org.apache.maven.surefire.booter.ForkedBooter.runSuitesInProcess(ForkedBooter.java:385)
	at org.apache.maven.surefire.booter.ForkedBooter.execute(ForkedBooter.java:162)
	at org.apache.maven.surefire.booter.ForkedBooter.run(ForkedBooter.java:507)
	at org.apache.maven.surefire.booter.ForkedBooter.main(ForkedBooter.java:495)

Jan 27, 2026 2:15:35 PM com.uiFramework.Genesis.web.pages.OrderPage testFieldErrorMessages
SEVERE: Error processing field cityText
java.lang.RuntimeException: Parent key not found: cityText
	at com.uiFramework.Genesis.helper.ReadJsonData.getNestedValue(ReadJsonData.java:35)
	at com.uiFramework.Genesis.web.pages.OrderPage.testFieldErrorMessages(OrderPage.java:295)
	at com.uiFramework.Genesis.regression.web.OrderTest.shouldShowErrorMessagesForMandatoryFields(OrderTest.java:58)
	at java.base/jdk.internal.reflect.NativeMethodAccessorImpl.invoke0(Native Method)
	at java.base/jdk.internal.reflect.NativeMethodAccessorImpl.invoke(NativeMethodAccessorImpl.java:62)
	at java.base/jdk.internal.reflect.DelegatingMethodAccessorImpl.invoke(DelegatingMethodAccessorImpl.java:43)
	at java.base/java.lang.reflect.Method.invoke(Method.java:566)
	at org.testng.internal.invokers.MethodInvocationHelper.invokeMethod(MethodInvocationHelper.java:141)
	at org.testng.internal.invokers.TestInvoker.invokeMethod(TestInvoker.java:686)
	at org.testng.internal.invokers.TestInvoker.invokeTestMethod(TestInvoker.java:230)
	at org.testng.internal.invokers.MethodRunner.runInSequence(MethodRunner.java:63)
	at org.testng.internal.invokers.TestInvoker$MethodInvocationAgent.invoke(TestInvoker.java:992)
	at org.testng.internal.invokers.TestInvoker.invokeTestMethods(TestInvoker.java:203)
	at org.testng.internal.invokers.TestMethodWorker.invokeTestMethods(TestMethodWorker.java:154)
	at org.testng.internal.invokers.TestMethodWorker.run(TestMethodWorker.java:134)
	at java.base/java.util.ArrayList.forEach(ArrayList.java:1541)
	at org.testng.TestRunner.privateRun(TestRunner.java:739)
	at org.testng.TestRunner.run(TestRunner.java:614)
	at org.testng.SuiteRunner.runTest(SuiteRunner.java:421)
	at org.testng.SuiteRunner.runSequentially(SuiteRunner.java:413)
	at org.testng.SuiteRunner.privateRun(SuiteRunner.java:373)
	at org.testng.SuiteRunner.run(SuiteRunner.java:312)
	at org.testng.SuiteRunnerWorker.runSuite(SuiteRunnerWorker.java:52)
	at org.testng.SuiteRunnerWorker.run(SuiteRunnerWorker.java:95)
	at org.testng.TestNG.runSuitesSequentially(TestNG.java:1274)
	at org.testng.TestNG.runSuitesLocally(TestNG.java:1208)
	at org.testng.TestNG.runSuites(TestNG.java:1112)
	at org.testng.TestNG.run(TestNG.java:1079)
	at org.apache.maven.surefire.testng.TestNGExecutor.run(TestNGExecutor.java:308)
	at org.apache.maven.surefire.testng.TestNGXmlTestSuite.execute(TestNGXmlTestSuite.java:71)
	at org.apache.maven.surefire.testng.TestNGProvider.invoke(TestNGProvider.java:113)
	at org.apache.maven.surefire.booter.ForkedBooter.runSuitesInProcess(ForkedBooter.java:385)
	at org.apache.maven.surefire.booter.ForkedBooter.execute(ForkedBooter.java:162)
	at org.apache.maven.surefire.booter.ForkedBooter.run(ForkedBooter.java:507)
	at org.apache.maven.surefire.booter.ForkedBooter.main(ForkedBooter.java:495)

Jan 27, 2026 2:15:35 PM com.uiFramework.Genesis.web.pages.OrderPage testFieldErrorMessages
SEVERE: Error processing field zipText
java.lang.RuntimeException: Parent key not found: zipText
	at com.uiFramework.Genesis.helper.ReadJsonData.getNestedValue(ReadJsonData.java:35)
	at com.uiFramework.Genesis.web.pages.OrderPage.testFieldErrorMessages(OrderPage.java:295)
	at com.uiFramework.Genesis.regression.web.OrderTest.shouldShowErrorMessagesForMandatoryFields(OrderTest.java:58)
	at java.base/jdk.internal.reflect.NativeMethodAccessorImpl.invoke0(Native Method)
	at java.base/jdk.internal.reflect.NativeMethodAccessorImpl.invoke(NativeMethodAccessorImpl.java:62)
	at java.base/jdk.internal.reflect.DelegatingMethodAccessorImpl.invoke(DelegatingMethodAccessorImpl.java:43)
	at java.base/java.lang.reflect.Method.invoke(Method.java:566)
	at org.testng.internal.invokers.MethodInvocationHelper.invokeMethod(MethodInvocationHelper.java:141)
	at org.testng.internal.invokers.TestInvoker.invokeMethod(TestInvoker.java:686)
	at org.testng.internal.invokers.TestInvoker.invokeTestMethod(TestInvoker.java:230)
	at org.testng.internal.invokers.MethodRunner.runInSequence(MethodRunner.java:63)
	at org.testng.internal.invokers.TestInvoker$MethodInvocationAgent.invoke(TestInvoker.java:992)
	at org.testng.internal.invokers.TestInvoker.invokeTestMethods(TestInvoker.java:203)
	at org.testng.internal.invokers.TestMethodWorker.invokeTestMethods(TestMethodWorker.java:154)
	at org.testng.internal.invokers.TestMethodWorker.run(TestMethodWorker.java:134)
	at java.base/java.util.ArrayList.forEach(ArrayList.java:1541)
	at org.testng.TestRunner.privateRun(TestRunner.java:739)
	at org.testng.TestRunner.run(TestRunner.java:614)
	at org.testng.SuiteRunner.runTest(SuiteRunner.java:421)
	at org.testng.SuiteRunner.runSequentially(SuiteRunner.java:413)
	at org.testng.SuiteRunner.privateRun(SuiteRunner.java:373)
	at org.testng.SuiteRunner.run(SuiteRunner.java:312)
	at org.testng.SuiteRunnerWorker.runSuite(SuiteRunnerWorker.java:52)
	at org.testng.SuiteRunnerWorker.run(SuiteRunnerWorker.java:95)
	at org.testng.TestNG.runSuitesSequentially(TestNG.java:1274)
	at org.testng.TestNG.runSuitesLocally(TestNG.java:1208)
	at org.testng.TestNG.runSuites(TestNG.java:1112)
	at org.testng.TestNG.run(TestNG.java:1079)
	at org.apache.maven.surefire.testng.TestNGExecutor.run(TestNGExecutor.java:308)
	at org.apache.maven.surefire.testng.TestNGXmlTestSuite.execute(TestNGXmlTestSuite.java:71)
	at org.apache.maven.surefire.testng.TestNGProvider.invoke(TestNGProvider.java:113)
	at org.apache.maven.surefire.booter.ForkedBooter.runSuitesInProcess(ForkedBooter.java:385)
	at org.apache.maven.surefire.booter.ForkedBooter.execute(ForkedBooter.java:162)
	at org.apache.maven.surefire.booter.ForkedBooter.run(ForkedBooter.java:507)
	at org.apache.maven.surefire.booter.ForkedBooter.main(ForkedBooter.java:495)

Jan 27, 2026 2:15:35 PM com.uiFramework.Genesis.web.pages.OrderPage testFieldErrorMessages
SEVERE: Error processing field orderTypeText
java.lang.RuntimeException: Parent key not found: orderTypeText
	at com.uiFramework.Genesis.helper.ReadJsonData.getNestedValue(ReadJsonData.java:35)
	at com.uiFramework.Genesis.web.pages.OrderPage.testFieldErrorMessages(OrderPage.java:295)
	at com.uiFramework.Genesis.regression.web.OrderTest.shouldShowErrorMessagesForMandatoryFields(OrderTest.java:58)
	at java.base/jdk.internal.reflect.NativeMethodAccessorImpl.invoke0(Native Method)
	at java.base/jdk.internal.reflect.NativeMethodAccessorImpl.invoke(NativeMethodAccessorImpl.java:62)
	at java.base/jdk.internal.reflect.DelegatingMethodAccessorImpl.invoke(DelegatingMethodAccessorImpl.java:43)
	at java.base/java.lang.reflect.Method.invoke(Method.java:566)
	at org.testng.internal.invokers.MethodInvocationHelper.invokeMethod(MethodInvocationHelper.java:141)
	at org.testng.internal.invokers.TestInvoker.invokeMethod(TestInvoker.java:686)
	at org.testng.internal.invokers.TestInvoker.invokeTestMethod(TestInvoker.java:230)
	at org.testng.internal.invokers.MethodRunner.runInSequence(MethodRunner.java:63)
	at org.testng.internal.invokers.TestInvoker$MethodInvocationAgent.invoke(TestInvoker.java:992)
	at org.testng.internal.invokers.TestInvoker.invokeTestMethods(TestInvoker.java:203)
	at org.testng.internal.invokers.TestMethodWorker.invokeTestMethods(TestMethodWorker.java:154)
	at org.testng.internal.invokers.TestMethodWorker.run(TestMethodWorker.java:134)
	at java.base/java.util.ArrayList.forEach(ArrayList.java:1541)
	at org.testng.TestRunner.privateRun(TestRunner.java:739)
	at org.testng.TestRunner.run(TestRunner.java:614)
	at org.testng.SuiteRunner.runTest(SuiteRunner.java:421)
	at org.testng.SuiteRunner.runSequentially(SuiteRunner.java:413)
	at org.testng.SuiteRunner.privateRun(SuiteRunner.java:373)
	at org.testng.SuiteRunner.run(SuiteRunner.java:312)
	at org.testng.SuiteRunnerWorker.runSuite(SuiteRunnerWorker.java:52)
	at org.testng.SuiteRunnerWorker.run(SuiteRunnerWorker.java:95)
	at org.testng.TestNG.runSuitesSequentially(TestNG.java:1274)
	at org.testng.TestNG.runSuitesLocally(TestNG.java:1208)
	at org.testng.TestNG.runSuites(TestNG.java:1112)
	at org.testng.TestNG.run(TestNG.java:1079)
	at org.apache.maven.surefire.testng.TestNGExecutor.run(TestNGExecutor.java:308)
	at org.apache.maven.surefire.testng.TestNGXmlTestSuite.execute(TestNGXmlTestSuite.java:71)
	at org.apache.maven.surefire.testng.TestNGProvider.invoke(TestNGProvider.java:113)
	at org.apache.maven.surefire.booter.ForkedBooter.runSuitesInProcess(ForkedBooter.java:385)
	at org.apache.maven.surefire.booter.ForkedBooter.execute(ForkedBooter.java:162)
	at org.apache.maven.surefire.booter.ForkedBooter.run(ForkedBooter.java:507)
	at org.apache.maven.surefire.booter.ForkedBooter.main(ForkedBooter.java:495)

Jan 27, 2026 2:15:35 PM com.uiFramework.Genesis.web.pages.OrderPage testFieldErrorMessages
SEVERE: Error processing field pickupText
java.lang.RuntimeException: Parent key not found: pickupText
	at com.uiFramework.Genesis.helper.ReadJsonData.getNestedValue(ReadJsonData.java:35)
	at com.uiFramework.Genesis.web.pages.OrderPage.testFieldErrorMessages(OrderPage.java:295)
	at com.uiFramework.Genesis.regression.web.OrderTest.shouldShowErrorMessagesForMandatoryFields(OrderTest.java:58)
	at java.base/jdk.internal.reflect.NativeMethodAccessorImpl.invoke0(Native Method)
	at java.base/jdk.internal.reflect.NativeMethodAccessorImpl.invoke(NativeMethodAccessorImpl.java:62)
	at java.base/jdk.internal.reflect.DelegatingMethodAccessorImpl.invoke(DelegatingMethodAccessorImpl.java:43)
	at java.base/java.lang.reflect.Method.invoke(Method.java:566)
	at org.testng.internal.invokers.MethodInvocationHelper.invokeMethod(MethodInvocationHelper.java:141)
	at org.testng.internal.invokers.TestInvoker.invokeMethod(TestInvoker.java:686)
	at org.testng.internal.invokers.TestInvoker.invokeTestMethod(TestInvoker.java:230)
	at org.testng.internal.invokers.MethodRunner.runInSequence(MethodRunner.java:63)
	at org.testng.internal.invokers.TestInvoker$MethodInvocationAgent.invoke(TestInvoker.java:992)
	at org.testng.internal.invokers.TestInvoker.invokeTestMethods(TestInvoker.java:203)
	at org.testng.internal.invokers.TestMethodWorker.invokeTestMethods(TestMethodWorker.java:154)
	at org.testng.internal.invokers.TestMethodWorker.run(TestMethodWorker.java:134)
	at java.base/java.util.ArrayList.forEach(ArrayList.java:1541)
	at org.testng.TestRunner.privateRun(TestRunner.java:739)
	at org.testng.TestRunner.run(TestRunner.java:614)
	at org.testng.SuiteRunner.runTest(SuiteRunner.java:421)
	at org.testng.SuiteRunner.runSequentially(SuiteRunner.java:413)
	at org.testng.SuiteRunner.privateRun(SuiteRunner.java:373)
	at org.testng.SuiteRunner.run(SuiteRunner.java:312)
	at org.testng.SuiteRunnerWorker.runSuite(SuiteRunnerWorker.java:52)
	at org.testng.SuiteRunnerWorker.run(SuiteRunnerWorker.java:95)
	at org.testng.TestNG.runSuitesSequentially(TestNG.java:1274)
	at org.testng.TestNG.runSuitesLocally(TestNG.java:1208)
	at org.testng.TestNG.runSuites(TestNG.java:1112)
	at org.testng.TestNG.run(TestNG.java:1079)
	at org.apache.maven.surefire.testng.TestNGExecutor.run(TestNGExecutor.java:308)
	at org.apache.maven.surefire.testng.TestNGXmlTestSuite.execute(TestNGXmlTestSuite.java:71)
	at org.apache.maven.surefire.testng.TestNGProvider.invoke(TestNGProvider.java:113)
	at org.apache.maven.surefire.booter.ForkedBooter.runSuitesInProcess(ForkedBooter.java:385)
	at org.apache.maven.surefire.booter.ForkedBooter.execute(ForkedBooter.java:162)
	at org.apache.maven.surefire.booter.ForkedBooter.run(ForkedBooter.java:507)
	at org.apache.maven.surefire.booter.ForkedBooter.main(ForkedBooter.java:495)

Jan 27, 2026 2:15:35 PM com.uiFramework.Genesis.web.pages.OrderPage distributorFiled
INFO: Customer
]]></system-err>
  </testcase>
  <testcase name="shouldKeepConsigneeDropdownEmptyUntilCustomerSelected" classname="com.uiFramework.Genesis.regression.web.OrderTest" time="73.754">
    <system-err><![CDATA[Jan 27, 2026 2:15:35 PM com.uiFramework.Genesis.web.pages.CommonPage waitForLoaderToDisappear
INFO: Loader has disappeared..
Jan 27, 2026 2:15:36 PM com.uiFramework.Genesis.web.pages.CommonPage waitForLoaderToDisappear
INFO: Loader has disappeared..
Jan 27, 2026 2:16:20 PM com.uiFramework.Genesis.web.pages.OrderPage isConsigneeDropdownEmpty
SEVERE: Error while checking if consignee dropdown is empty
org.openqa.selenium.TimeoutException: Expected condition failed: waiting for presence of any elements located by By.xpath: //ul[contains(@class,'p-dropdown-items') or contains(@id,'pr_id_739_list')]/li (tried for 40 second(s) with 500 milliseconds interval)
Build info: version: '4.12.0', revision: '249f2a7d1b*'
System info: os.name: 'Windows 10', os.arch: 'amd64', os.version: '10.0', java.version: '11.0.22'
Driver info: org.openqa.selenium.chrome.ChromeDriver
Capabilities {acceptInsecureCerts: false, browserName: chrome, browserVersion: 144.0.7559.59, chrome: {chromedriverVersion: 144.0.7559.96 (d7b80622cfab..., userDataDir: C:\Users\EMP256\AppData\Loc...}, fedcm:accounts: true, goog:chromeOptions: {debuggerAddress: localhost:64801}, goog:processID: 169220, networkConnectionEnabled: false, pageLoadStrategy: normal, platformName: windows, proxy: Proxy(), se:cdp: ws://localhost:64801/devtoo..., se:cdpVersion: 144.0.7559.59, setWindowRect: true, strictFileInteractability: false, timeouts: {implicit: 0, pageLoad: 300000, script: 30000}, unhandledPromptBehavior: dismiss and notify, webauthn:extension:credBlob: true, webauthn:extension:largeBlob: true, webauthn:extension:minPinLength: true, webauthn:extension:prf: true, webauthn:virtualAuthenticators: true}
Session ID: 0a0cb2cebfd29d660b859cc6333cdf3e
	at org.openqa.selenium.support.ui.WebDriverWait.timeoutException(WebDriverWait.java:84)
	at org.openqa.selenium.support.ui.FluentWait.until(FluentWait.java:230)
	at com.uiFramework.Genesis.web.pages.OrderPage.isConsigneeDropdownEmpty(OrderPage.java:1032)
	at com.uiFramework.Genesis.regression.web.OrderTest.shouldKeepConsigneeDropdownEmptyUntilCustomerSelected(OrderTest.java:66)
	at java.base/jdk.internal.reflect.NativeMethodAccessorImpl.invoke0(Native Method)
	at java.base/jdk.internal.reflect.NativeMethodAccessorImpl.invoke(NativeMethodAccessorImpl.java:62)
	at java.base/jdk.internal.reflect.DelegatingMethodAccessorImpl.invoke(DelegatingMethodAccessorImpl.java:43)
	at java.base/java.lang.reflect.Method.invoke(Method.java:566)
	at org.testng.internal.invokers.MethodInvocationHelper.invokeMethod(MethodInvocationHelper.java:141)
	at org.testng.internal.invokers.TestInvoker.invokeMethod(TestInvoker.java:686)
	at org.testng.internal.invokers.TestInvoker.invokeTestMethod(TestInvoker.java:230)
	at org.testng.internal.invokers.MethodRunner.runInSequence(MethodRunner.java:63)
	at org.testng.internal.invokers.TestInvoker$MethodInvocationAgent.invoke(TestInvoker.java:992)
	at org.testng.internal.invokers.TestInvoker.invokeTestMethods(TestInvoker.java:203)
	at org.testng.internal.invokers.TestMethodWorker.invokeTestMethods(TestMethodWorker.java:154)
	at org.testng.internal.invokers.TestMethodWorker.run(TestMethodWorker.java:134)
	at java.base/java.util.ArrayList.forEach(ArrayList.java:1541)
	at org.testng.TestRunner.privateRun(TestRunner.java:739)
	at org.testng.TestRunner.run(TestRunner.java:614)
	at org.testng.SuiteRunner.runTest(SuiteRunner.java:421)
	at org.testng.SuiteRunner.runSequentially(SuiteRunner.java:413)
	at org.testng.SuiteRunner.privateRun(SuiteRunner.java:373)
	at org.testng.SuiteRunner.run(SuiteRunner.java:312)
	at org.testng.SuiteRunnerWorker.runSuite(SuiteRunnerWorker.java:52)
	at org.testng.SuiteRunnerWorker.run(SuiteRunnerWorker.java:95)
	at org.testng.TestNG.runSuitesSequentially(TestNG.java:1274)
	at org.testng.TestNG.runSuitesLocally(TestNG.java:1208)
	at org.testng.TestNG.runSuites(TestNG.java:1112)
	at org.testng.TestNG.run(TestNG.java:1079)
	at org.apache.maven.surefire.testng.TestNGExecutor.run(TestNGExecutor.java:308)
	at org.apache.maven.surefire.testng.TestNGXmlTestSuite.execute(TestNGXmlTestSuite.java:71)
	at org.apache.maven.surefire.testng.TestNGProvider.invoke(TestNGProvider.java:113)
	at org.apache.maven.surefire.booter.ForkedBooter.runSuitesInProcess(ForkedBooter.java:385)
	at org.apache.maven.surefire.booter.ForkedBooter.execute(ForkedBooter.java:162)
	at org.apache.maven.surefire.booter.ForkedBooter.run(ForkedBooter.java:507)
	at org.apache.maven.surefire.booter.ForkedBooter.main(ForkedBooter.java:495)

Jan 27, 2026 2:16:21 PM com.uiFramework.Genesis.web.pages.CommonPage waitForLoaderToDisappear
INFO: Loader has disappeared..
Jan 27, 2026 2:16:23 PM com.uiFramework.Genesis.web.pages.CommonPage waitForLoaderToDisappear
INFO: Loader has disappeared..
Jan 27, 2026 2:16:30 PM com.uiFramework.Genesis.web.pages.CommonPage waitForLoaderToDisappear
INFO: Loader has disappeared..
Jan 27, 2026 2:16:41 PM com.uiFramework.Genesis.web.pages.CommonPage waitForLoaderToDisappear
INFO: Loader has disappeared..
Jan 27, 2026 2:16:49 PM com.uiFramework.Genesis.web.pages.CommonPage waitForLoaderToDisappear
INFO: Loader has disappeared..
]]></system-err>
  </testcase>
  <testcase name="shouldValidateLocalCarrierTextAndQAStatusAndPODUnset" classname="com.uiFramework.Genesis.regression.web.OrderTest" time="0.316"/>
  <testcase name="shouldValidateFullAddressDetails" classname="com.uiFramework.Genesis.regression.web.OrderTest" time="0.325"/>
  <testcase name="shouldFetchConsigneeAddressDetails" classname="com.uiFramework.Genesis.regression.web.OrderTest" time="0.245"/>
  <testcase name="shouldShowToastWhenConfirmingWithoutWeightOrPieces" classname="com.uiFramework.Genesis.regression.web.OrderTest" time="6.436">
    <system-err><![CDATA[Jan 27, 2026 2:16:50 PM com.uiFramework.Genesis.web.pages.CommonPage waitForLoaderToDisappear
INFO: Loader has disappeared..
Jan 27, 2026 2:16:51 PM com.uiFramework.Genesis.web.pages.CommonPage waitForLoaderToDisappear
INFO: Loader has disappeared..
Jan 27, 2026 2:16:51 PM com.uiFramework.Genesis.web.pages.CommonPage waitForLoaderToDisappear
INFO: Loader has disappeared..
Jan 27, 2026 2:16:56 PM com.uiFramework.Genesis.web.pages.CommonPage captureToastMessage
INFO: Captured toast message: Please ensure that either actual weight or literature weight is provided
]]></system-err>
  </testcase>
  <testcase name="shouldCalculateRatedWeightAndLitWeightCorrectly" classname="com.uiFramework.Genesis.regression.web.OrderTest" time="3.844">
    <system-err><![CDATA[Jan 27, 2026 2:16:56 PM com.uiFramework.Genesis.web.pages.OrderPage enterActWeight
INFO: Entering Actual Weight: 10
]]></system-err>
  </testcase>
  <testcase name="shouldVerifyDraftOrderStatusAfterSave" classname="com.uiFramework.Genesis.regression.web.OrderTest" time="6.002">
    <system-err><![CDATA[Jan 27, 2026 2:17:01 PM com.uiFramework.Genesis.web.pages.CommonPage waitForLoaderToDisappear
INFO: Loader has disappeared..
Jan 27, 2026 2:17:06 PM com.uiFramework.Genesis.web.pages.CommonPage waitForPopupToDisappear
INFO: Popup was displayed and has disappeared.
]]></system-err>
  </testcase>
  <testcase name="shouldGenerateBarcodeAfterOrderConfirmation" classname="com.uiFramework.Genesis.regression.web.OrderTest" time="17.73">
    <system-err><![CDATA[Jan 27, 2026 2:17:06 PM com.uiFramework.Genesis.web.pages.CommonPage waitForLoaderToDisappear
INFO: Loader has disappeared..
Jan 27, 2026 2:17:13 PM com.uiFramework.Genesis.web.pages.CommonPage clickToClosePopUp
INFO: HighlightOffIcon not found or not clickable: Expected condition failed: waiting for element to be clickable: By.xpath: (//*[@data-testid='HighlightOffIcon'])[9] (tried for 3 second(s) with 250 milliseconds interval)
Build info: version: '4.12.0', revision: '249f2a7d1b*'
System info: os.name: 'Windows 10', os.arch: 'amd64', os.version: '10.0', java.version: '11.0.22'
Driver info: org.openqa.selenium.chrome.ChromeDriver
Capabilities {acceptInsecureCerts: false, browserName: chrome, browserVersion: 144.0.7559.59, chrome: {chromedriverVersion: 144.0.7559.96 (d7b80622cfab..., userDataDir: C:\Users\EMP256\AppData\Loc...}, fedcm:accounts: true, goog:chromeOptions: {debuggerAddress: localhost:64801}, goog:processID: 169220, networkConnectionEnabled: false, pageLoadStrategy: normal, platformName: windows, proxy: Proxy(), se:cdp: ws://localhost:64801/devtoo..., se:cdpVersion: 144.0.7559.59, setWindowRect: true, strictFileInteractability: false, timeouts: {implicit: 0, pageLoad: 300000, script: 30000}, unhandledPromptBehavior: dismiss and notify, webauthn:extension:credBlob: true, webauthn:extension:largeBlob: true, webauthn:extension:minPinLength: true, webauthn:extension:prf: true, webauthn:virtualAuthenticators: true}
Session ID: 0a0cb2cebfd29d660b859cc6333cdf3e
Jan 27, 2026 2:17:22 PM com.uiFramework.Genesis.web.pages.CommonPage clickToClosePopUp
INFO: HighlightOffIcon not found or not clickable: Expected condition failed: waiting for element to be clickable: By.xpath: (//*[@data-testid='HighlightOffIcon'])[9] (tried for 3 second(s) with 250 milliseconds interval)
Build info: version: '4.12.0', revision: '249f2a7d1b*'
System info: os.name: 'Windows 10', os.arch: 'amd64', os.version: '10.0', java.version: '11.0.22'
Driver info: org.openqa.selenium.chrome.ChromeDriver
Capabilities {acceptInsecureCerts: false, browserName: chrome, browserVersion: 144.0.7559.59, chrome: {chromedriverVersion: 144.0.7559.96 (d7b80622cfab..., userDataDir: C:\Users\EMP256\AppData\Loc...}, fedcm:accounts: true, goog:chromeOptions: {debuggerAddress: localhost:64801}, goog:processID: 169220, networkConnectionEnabled: false, pageLoadStrategy: normal, platformName: windows, proxy: Proxy(), se:cdp: ws://localhost:64801/devtoo..., se:cdpVersion: 144.0.7559.59, setWindowRect: true, strictFileInteractability: false, timeouts: {implicit: 0, pageLoad: 300000, script: 30000}, unhandledPromptBehavior: dismiss and notify, webauthn:extension:credBlob: true, webauthn:extension:largeBlob: true, webauthn:extension:minPinLength: true, webauthn:extension:prf: true, webauthn:virtualAuthenticators: true}
Session ID: 0a0cb2cebfd29d660b859cc6333cdf3e
Jan 27, 2026 2:17:23 PM com.uiFramework.Genesis.web.pages.CommonPage waitForLoaderToDisappear
INFO: Loader has disappeared..
]]></system-err>
  </testcase>
  <testcase name="shouldShowErrorWhenSavingEmptyCustomerAccessorial" classname="com.uiFramework.Genesis.regression.web.OrderTest" time="10.942">
    <system-err><![CDATA[Jan 27, 2026 2:17:24 PM com.uiFramework.Genesis.web.pages.CommonPage waitForLoaderToDisappear
INFO: Loader has disappeared..
Jan 27, 2026 2:17:29 PM com.uiFramework.Genesis.web.pages.CommonPage waitForPopupToDisappear
INFO: Popup not displayed. Continuing execution.
Jan 27, 2026 2:17:29 PM com.uiFramework.Genesis.web.pages.OrderPage clickAccessorialButton
INFO: Attempting to click the accessorial button
Jan 27, 2026 2:17:34 PM com.uiFramework.Genesis.web.pages.CommonPage waitForPopupToDisappear
INFO: Popup not displayed. Continuing execution.
Jan 27, 2026 2:17:34 PM com.uiFramework.Genesis.web.pages.OrderPage clickAccessorialButton
INFO: Clicked on Accessorial button successfully.
Jan 27, 2026 2:17:34 PM com.uiFramework.Genesis.web.pages.OrderPage addAccessorial
INFO: Attempting to add accessorial with empty values to capture validation messages
]]></system-err>
  </testcase>
  <testcase name="shouldDeleteCustomerAccessorialSuccessfully" classname="com.uiFramework.Genesis.regression.web.OrderTest" time="19.156">
    <system-err><![CDATA[Jan 27, 2026 2:17:38 PM com.uiFramework.Genesis.web.pages.CommonPage waitForLoaderToDisappear
INFO: Loader has disappeared..
Jan 27, 2026 2:17:38 PM com.uiFramework.Genesis.web.pages.CommonPage waitForPopupToDisappear
INFO: Popup not displayed. Continuing execution.
Jan 27, 2026 2:17:38 PM com.uiFramework.Genesis.web.pages.CommonPage waitForLoaderToDisappear
INFO: Loader has disappeared..
Jan 27, 2026 2:17:41 PM com.uiFramework.Genesis.web.pages.CommonPage waitForPopupToDisappear
INFO: Popup was displayed and has disappeared.
Jan 27, 2026 2:17:44 PM com.uiFramework.Genesis.web.pages.CommonPage waitForLoaderToDisappear
INFO: Loader has disappeared..
Jan 27, 2026 2:17:47 PM com.uiFramework.Genesis.web.pages.CommonPage waitForPopupToDisappear
INFO: Popup was displayed and has disappeared.
Jan 27, 2026 2:17:47 PM com.uiFramework.Genesis.web.pages.CommonPage waitForLoaderToDisappear
INFO: Loader has disappeared..
Jan 27, 2026 2:17:52 PM com.uiFramework.Genesis.web.pages.CommonPage waitForPopupToDisappear
INFO: Popup not displayed. Continuing execution.
Jan 27, 2026 2:17:52 PM com.uiFramework.Genesis.web.pages.CommonPage waitForLoaderToDisappear
INFO: Loader has disappeared..
Jan 27, 2026 2:17:54 PM com.uiFramework.Genesis.web.pages.CommonPage captureToastMessage
INFO: Captured toast message: Customer accessorial deleted successfully
]]></system-err>
  </testcase>
  <testcase name="shouldSaveCustomerAccessorialAfterDeleteAndValidateCarrierValidation" classname="com.uiFramework.Genesis.regression.web.OrderTest" time="8.048">
    <system-err><![CDATA[Jan 27, 2026 2:17:54 PM com.uiFramework.Genesis.web.pages.CommonPage waitForLoaderToDisappear
INFO: Loader has disappeared..
Jan 27, 2026 2:17:56 PM com.uiFramework.Genesis.web.pages.CommonPage waitForPopupToDisappear
INFO: Popup was displayed and has disappeared.
Jan 27, 2026 2:17:59 PM com.uiFramework.Genesis.web.pages.CommonPage captureToastMessage
INFO: Captured toast message: Customer accessorial save successfully
Jan 27, 2026 2:17:59 PM com.uiFramework.Genesis.web.pages.CommonPage waitForLoaderToDisappear
INFO: Loader has disappeared..
Jan 27, 2026 2:18:01 PM com.uiFramework.Genesis.web.pages.CommonPage waitForPopupToDisappear
INFO: Popup was displayed and has disappeared.
]]></system-err>
  </testcase>
  <testcase name="shouldAddEditAndDeleteCarrierAccessorialSuccessfully" classname="com.uiFramework.Genesis.regression.web.OrderTest" time="19.241">
    <system-err><![CDATA[Jan 27, 2026 2:18:05 PM com.uiFramework.Genesis.web.pages.CommonPage waitForLoaderToDisappear
INFO: Loader has disappeared..
Jan 27, 2026 2:18:08 PM com.uiFramework.Genesis.web.pages.CommonPage waitForPopupToDisappear
INFO: Popup was displayed and has disappeared.
Jan 27, 2026 2:18:11 PM com.uiFramework.Genesis.web.pages.CommonPage waitForLoaderToDisappear
INFO: Loader has disappeared..
Jan 27, 2026 2:18:13 PM com.uiFramework.Genesis.web.pages.CommonPage waitForPopupToDisappear
INFO: Popup was displayed and has disappeared.
Jan 27, 2026 2:18:13 PM com.uiFramework.Genesis.web.pages.CommonPage waitForLoaderToDisappear
INFO: Loader has disappeared..
Jan 27, 2026 2:18:18 PM com.uiFramework.Genesis.web.pages.CommonPage waitForPopupToDisappear
INFO: Popup not displayed. Continuing execution.
Jan 27, 2026 2:18:21 PM com.uiFramework.Genesis.web.pages.CommonPage captureToastMessage
INFO: Captured toast message: Carrier accessorial deleted successfully
]]></system-err>
  </testcase>
  <testcase name="shouldSaveCarrierAccessorialAfterDeleteAndValidateCommentValidation" classname="com.uiFramework.Genesis.regression.web.OrderTest" time="6.093">
    <system-err><![CDATA[Jan 27, 2026 2:18:21 PM com.uiFramework.Genesis.web.pages.CommonPage waitForLoaderToDisappear
INFO: Loader has disappeared..
Jan 27, 2026 2:18:23 PM com.uiFramework.Genesis.web.pages.CommonPage waitForPopupToDisappear
INFO: Popup was displayed and has disappeared.
Jan 27, 2026 2:18:27 PM com.uiFramework.Genesis.web.pages.CommonPage captureToastMessage
INFO: Captured toast message: Carrier accessorial save successfully
]]></system-err>
  </testcase>
  <testcase name="shouldSaveTypeAndsubjectReqOnComment" classname="com.uiFramework.Genesis.regression.web.OrderTest" time="2.742">
    <system-err><![CDATA[Jan 27, 2026 2:18:27 PM com.uiFramework.Genesis.web.pages.CommonPage waitForLoaderToDisappear
INFO: Loader has disappeared..
Jan 27, 2026 2:18:30 PM com.uiFramework.Genesis.web.pages.CommonPage waitForPopupToDisappear
INFO: Popup was displayed and has disappeared.
]]></system-err>
  </testcase>
  <testcase name="shouldAddEditAndDeleteCommentSuccessfully" classname="com.uiFramework.Genesis.regression.web.OrderTest" time="15.14">
    <system-err><![CDATA[Jan 27, 2026 2:18:32 PM com.uiFramework.Genesis.web.pages.CommonPage waitForLoaderToDisappear
INFO: Loader has disappeared..
Jan 27, 2026 2:18:35 PM com.uiFramework.Genesis.web.pages.CommonPage waitForPopupToDisappear
INFO: Popup was displayed and has disappeared.
Jan 27, 2026 2:18:40 PM com.uiFramework.Genesis.web.pages.CommonPage waitForPopupToDisappear
INFO: Popup not displayed. Continuing execution.
Jan 27, 2026 2:18:40 PM com.uiFramework.Genesis.web.pages.CommonPage waitForLoaderToDisappear
INFO: Loader has disappeared..
Jan 27, 2026 2:18:45 PM com.uiFramework.Genesis.web.pages.CommonPage captureToastMessage
INFO: Captured toast message: Comment deleted successfully
]]></system-err>
  </testcase>
  <testcase name="shouldSaveCommentAfterDelete" classname="com.uiFramework.Genesis.regression.web.OrderTest" time="12.203">
    <system-err><![CDATA[Jan 27, 2026 2:18:45 PM com.uiFramework.Genesis.web.pages.CommonPage waitForLoaderToDisappear
INFO: Loader has disappeared..
Jan 27, 2026 2:18:47 PM com.uiFramework.Genesis.web.pages.CommonPage waitForPopupToDisappear
INFO: Popup was displayed and has disappeared.
Jan 27, 2026 2:18:50 PM com.uiFramework.Genesis.web.pages.CommonPage captureToastMessage
INFO: Captured toast message: Comment save successfully
Jan 27, 2026 2:18:50 PM com.uiFramework.Genesis.web.pages.CommonPage waitForLoaderToDisappear
INFO: Loader has disappeared..
Jan 27, 2026 2:18:52 PM com.uiFramework.Genesis.web.pages.CommonPage waitForPopupToDisappear
INFO: Popup was displayed and has disappeared.
Jan 27, 2026 2:18:52 PM com.uiFramework.Genesis.web.pages.OrderPage saveCommentAfterDelete
INFO: Comment re-saved successfully
Jan 27, 2026 2:18:57 PM com.uiFramework.Genesis.web.pages.CommonPage clickToClosePopUp
INFO: HighlightOffIcon not found or not clickable: Expected condition failed: waiting for element to be clickable: By.xpath: (//*[@data-testid='HighlightOffIcon'])[9] (tried for 3 second(s) with 250 milliseconds interval)
Build info: version: '4.12.0', revision: '249f2a7d1b*'
System info: os.name: 'Windows 10', os.arch: 'amd64', os.version: '10.0', java.version: '11.0.22'
Driver info: org.openqa.selenium.chrome.ChromeDriver
Capabilities {acceptInsecureCerts: false, browserName: chrome, browserVersion: 144.0.7559.59, chrome: {chromedriverVersion: 144.0.7559.96 (d7b80622cfab..., userDataDir: C:\Users\EMP256\AppData\Loc...}, fedcm:accounts: true, goog:chromeOptions: {debuggerAddress: localhost:64801}, goog:processID: 169220, networkConnectionEnabled: false, pageLoadStrategy: normal, platformName: windows, proxy: Proxy(), se:cdp: ws://localhost:64801/devtoo..., se:cdpVersion: 144.0.7559.59, setWindowRect: true, strictFileInteractability: false, timeouts: {implicit: 0, pageLoad: 300000, script: 30000}, unhandledPromptBehavior: dismiss and notify, webauthn:extension:credBlob: true, webauthn:extension:largeBlob: true, webauthn:extension:minPinLength: true, webauthn:extension:prf: true, webauthn:virtualAuthenticators: true}
Session ID: 0a0cb2cebfd29d660b859cc6333cdf3e
]]></system-err>
  </testcase>
  <testcase name="shouldShowMandatoryFieldOnSaveFiles" classname="com.uiFramework.Genesis.regression.web.OrderTest" time="5.572">
    <system-err><![CDATA[Jan 27, 2026 2:18:57 PM com.uiFramework.Genesis.web.pages.CommonPage waitForLoaderToDisappear
INFO: Loader has disappeared..
Jan 27, 2026 2:19:02 PM com.uiFramework.Genesis.web.pages.CommonPage waitForPopupToDisappear
[...]
	at java.base/jdk.internal.reflect.NativeConstructorAccessorImpl.newInstance0(Native Method)
	at java.base/jdk.internal.reflect.NativeConstructorAccessorImpl.newInstance(NativeConstructorAccessorImpl.java:62)
	at java.base/jdk.internal.reflect.DelegatingConstructorAccessorImpl.newInstance(DelegatingConstructorAccessorImpl.java:45)
	at java.base/java.lang.reflect.Constructor.newInstance(Constructor.java:490)
	at org.openqa.selenium.remote.codec.w3c.W3CHttpResponseCodec.createException(W3CHttpResponseCodec.java:200)
	at org.openqa.selenium.remote.codec.w3c.W3CHttpResponseCodec.decode(W3CHttpResponseCodec.java:133)
	at org.openqa.selenium.remote.codec.w3c.W3CHttpResponseCodec.decode(W3CHttpResponseCodec.java:52)
	at org.openqa.selenium.remote.HttpCommandExecutor.execute(HttpCommandExecutor.java:191)
	at org.openqa.selenium.remote.service.DriverCommandExecutor.invokeExecute(DriverCommandExecutor.java:196)
	at org.openqa.selenium.remote.service.DriverCommandExecutor.execute(DriverCommandExecutor.java:171)
	at org.openqa.selenium.remote.RemoteWebDriver.execute(RemoteWebDriver.java:602)
	at org.openqa.selenium.remote.RemoteWebElement.execute(RemoteWebElement.java:224)
	at org.openqa.selenium.remote.RemoteWebElement.sendKeys(RemoteWebElement.java:111)
	at com.uiFramework.Genesis.web.pages.CommonPage.clickAndSendKeys(CommonPage.java:384)
	at com.uiFramework.Genesis.web.pages.OutboundQApage.selectLBOL(OutboundQApage.java:485)
	at com.uiFramework.Genesis.regression.web.OutboundQATest.shouldAllowUserToOpenCompletedQA(OutboundQATest.java:248)
	at java.base/jdk.internal.reflect.NativeMethodAccessorImpl.invoke0(Native Method)
	at java.base/jdk.internal.reflect.NativeMethodAccessorImpl.invoke(NativeMethodAccessorImpl.java:62)
	at java.base/jdk.internal.reflect.DelegatingMethodAccessorImpl.invoke(DelegatingMethodAccessorImpl.java:43)
	at java.base/java.lang.reflect.Method.invoke(Method.java:566)
	at org.testng.internal.invokers.MethodInvocationHelper.invokeMethod(MethodInvocationHelper.java:141)
	at org.testng.internal.invokers.TestInvoker.invokeMethod(TestInvoker.java:686)
	at org.testng.internal.invokers.TestInvoker.invokeTestMethod(TestInvoker.java:230)
	at org.testng.internal.invokers.MethodRunner.runInSequence(MethodRunner.java:63)
	at org.testng.internal.invokers.TestInvoker$MethodInvocationAgent.invoke(TestInvoker.java:992)
	at org.testng.internal.invokers.TestInvoker.invokeTestMethods(TestInvoker.java:203)
	at org.testng.internal.invokers.TestMethodWorker.invokeTestMethods(TestMethodWorker.java:154)
	at org.testng.internal.invokers.TestMethodWorker.run(TestMethodWorker.java:134)
	at java.base/java.util.ArrayList.forEach(ArrayList.java:1541)
	at org.testng.TestRunner.privateRun(TestRunner.java:739)
	at org.testng.TestRunner.run(TestRunner.java:614)
	at org.testng.SuiteRunner.runTest(SuiteRunner.java:421)
	at org.testng.SuiteRunner.runSequentially(SuiteRunner.java:413)
	at org.testng.SuiteRunner.privateRun(SuiteRunner.java:373)
	at org.testng.SuiteRunner.run(SuiteRunner.java:312)
	at org.testng.SuiteRunnerWorker.runSuite(SuiteRunnerWorker.java:52)
	at org.testng.SuiteRunnerWorker.run(SuiteRunnerWorker.java:95)
	at org.testng.TestNG.runSuitesSequentially(TestNG.java:1274)
	at org.testng.TestNG.runSuitesLocally(TestNG.java:1208)
	at org.testng.TestNG.runSuites(TestNG.java:1112)
	at org.testng.TestNG.run(TestNG.java:1079)
	at org.apache.maven.surefire.testng.TestNGExecutor.run(TestNGExecutor.java:308)
	at org.apache.maven.surefire.testng.TestNGXmlTestSuite.execute(TestNGXmlTestSuite.java:71)
	at org.apache.maven.surefire.testng.TestNGProvider.invoke(TestNGProvider.java:113)
	at org.apache.maven.surefire.booter.ForkedBooter.runSuitesInProcess(ForkedBooter.java:385)
	at org.apache.maven.surefire.booter.ForkedBooter.execute(ForkedBooter.java:162)
	at org.apache.maven.surefire.booter.ForkedBooter.run(ForkedBooter.java:507)
	at org.apache.maven.surefire.booter.ForkedBooter.main(ForkedBooter.java:495)
]]></failure>
    <system-err><![CDATA[Jan 27, 2026 3:12:55 PM com.uiFramework.Genesis.web.pages.CommonPage waitForPopupToDisappear
INFO: Popup not displayed. Continuing execution.
Jan 27, 2026 3:12:58 PM com.uiFramework.Genesis.web.pages.CommonPage waitForLoaderToDisappear
INFO: Loader has disappeared..
Jan 27, 2026 3:13:02 PM com.uiFramework.Genesis.web.pages.CommonPage waitForLoaderToDisappear
INFO: Loader has disappeared..
Jan 27, 2026 3:13:06 PM com.uiFramework.Genesis.web.pages.CommonPage waitForLoaderToDisappear
INFO: Loader has disappeared..
]]></system-err>
  </testcase>
  <testcase name="shouldUpdateOrderStatusAfterOutboundQADone" classname="com.uiFramework.Genesis.regression.web.OutboundQATest" time="11.758">
    <failure message="Expected condition failed: waiting for element to be clickable: By.xpath: //a[@href=&apos;/order&apos;] (tried for 10 second(s) with 250 milliseconds interval)&#10;Build info: version: &apos;4.12.0&apos;, revision: &apos;249f2a7d1b*&apos;&#10;System info: os.name: &apos;Windows 10&apos;, os.arch: &apos;amd64&apos;, os.version: &apos;10.0&apos;, java.version: &apos;11.0.22&apos;&#10;Driver info: org.openqa.selenium.chrome.ChromeDriver&#10;Capabilities {acceptInsecureCerts: false, browserName: chrome, browserVersion: 144.0.7559.59, chrome: {chromedriverVersion: 144.0.7559.96 (d7b80622cfab..., userDataDir: C:\Users\EMP256\AppData\Loc...}, fedcm:accounts: true, goog:chromeOptions: {debuggerAddress: localhost:64801}, goog:processID: 169220, networkConnectionEnabled: false, pageLoadStrategy: normal, platformName: windows, proxy: Proxy(), se:cdp: ws://localhost:64801/devtoo..., se:cdpVersion: 144.0.7559.59, setWindowRect: true, strictFileInteractability: false, timeouts: {implicit: 0, pageLoad: 300000, script: 30000}, unhandledPromptBehavior: dismiss and notify, webauthn:extension:credBlob: true, webauthn:extension:largeBlob: true, webauthn:extension:minPinLength: true, webauthn:extension:prf: true, webauthn:virtualAuthenticators: true}&#10;Session ID: 0a0cb2cebfd29d660b859cc6333cdf3e" type="org.openqa.selenium.TimeoutException"><![CDATA[org.openqa.selenium.TimeoutException: 
Expected condition failed: waiting for element to be clickable: By.xpath: //a[@href='/order'] (tried for 10 second(s) with 250 milliseconds interval)
Build info: version: '4.12.0', revision: '249f2a7d1b*'
System info: os.name: 'Windows 10', os.arch: 'amd64', os.version: '10.0', java.version: '11.0.22'
Driver info: org.openqa.selenium.chrome.ChromeDriver
Capabilities {acceptInsecureCerts: false, browserName: chrome, browserVersion: 144.0.7559.59, chrome: {chromedriverVersion: 144.0.7559.96 (d7b80622cfab..., userDataDir: C:\Users\EMP256\AppData\Loc...}, fedcm:accounts: true, goog:chromeOptions: {debuggerAddress: localhost:64801}, goog:processID: 169220, networkConnectionEnabled: false, pageLoadStrategy: normal, platformName: windows, proxy: Proxy(), se:cdp: ws://localhost:64801/devtoo..., se:cdpVersion: 144.0.7559.59, setWindowRect: true, strictFileInteractability: false, timeouts: {implicit: 0, pageLoad: 300000, script: 30000}, unhandledPromptBehavior: dismiss and notify, webauthn:extension:credBlob: true, webauthn:extension:largeBlob: true, webauthn:extension:minPinLength: true, webauthn:extension:prf: true, webauthn:virtualAuthenticators: true}
Session ID: 0a0cb2cebfd29d660b859cc6333cdf3e
	at org.openqa.selenium.support.ui.WebDriverWait.timeoutException(WebDriverWait.java:84)
	at org.openqa.selenium.support.ui.FluentWait.until(FluentWait.java:230)
	at com.uiFramework.Genesis.helper.WaitHelper.waitForElementClickable(WaitHelper.java:127)
	at com.uiFramework.Genesis.helper.WaitHelper.waitToClick(WaitHelper.java:171)
	at com.uiFramework.Genesis.web.pages.OutboundQApage.orderpageMenulanding(OutboundQApage.java:527)
	at com.uiFramework.Genesis.regression.web.OutboundQATest.shouldUpdateOrderStatusAfterOutboundQADone(OutboundQATest.java:257)
	at java.base/jdk.internal.reflect.NativeMethodAccessorImpl.invoke0(Native Method)
	at java.base/jdk.internal.reflect.NativeMethodAccessorImpl.invoke(NativeMethodAccessorImpl.java:62)
	at java.base/jdk.internal.reflect.DelegatingMethodAccessorImpl.invoke(DelegatingMethodAccessorImpl.java:43)
	at java.base/java.lang.reflect.Method.invoke(Method.java:566)
	at org.testng.internal.invokers.MethodInvocationHelper.invokeMethod(MethodInvocationHelper.java:141)
	at org.testng.internal.invokers.TestInvoker.invokeMethod(TestInvoker.java:686)
	at org.testng.internal.invokers.TestInvoker.invokeTestMethod(TestInvoker.java:230)
	at org.testng.internal.invokers.MethodRunner.runInSequence(MethodRunner.java:63)
	at org.testng.internal.invokers.TestInvoker$MethodInvocationAgent.invoke(TestInvoker.java:992)
	at org.testng.internal.invokers.TestInvoker.invokeTestMethods(TestInvoker.java:203)
	at org.testng.internal.invokers.TestMethodWorker.invokeTestMethods(TestMethodWorker.java:154)
	at org.testng.internal.invokers.TestMethodWorker.run(TestMethodWorker.java:134)
	at java.base/java.util.ArrayList.forEach(ArrayList.java:1541)
	at org.testng.TestRunner.privateRun(TestRunner.java:739)
	at org.testng.TestRunner.run(TestRunner.java:614)
	at org.testng.SuiteRunner.runTest(SuiteRunner.java:421)
	at org.testng.SuiteRunner.runSequentially(SuiteRunner.java:413)
	at org.testng.SuiteRunner.privateRun(SuiteRunner.java:373)
	at org.testng.SuiteRunner.run(SuiteRunner.java:312)
	at org.testng.SuiteRunnerWorker.runSuite(SuiteRunnerWorker.java:52)
	at org.testng.SuiteRunnerWorker.run(SuiteRunnerWorker.java:95)
	at org.testng.TestNG.runSuitesSequentially(TestNG.java:1274)
	at org.testng.TestNG.runSuitesLocally(TestNG.java:1208)
	at org.testng.TestNG.runSuites(TestNG.java:1112)
	at org.testng.TestNG.run(TestNG.java:1079)
	at org.apache.maven.surefire.testng.TestNGExecutor.run(TestNGExecutor.java:308)
	at org.apache.maven.surefire.testng.TestNGXmlTestSuite.execute(TestNGXmlTestSuite.java:71)
	at org.apache.maven.surefire.testng.TestNGProvider.invoke(TestNGProvider.java:113)
	at org.apache.maven.surefire.booter.ForkedBooter.runSuitesInProcess(ForkedBooter.java:385)
	at org.apache.maven.surefire.booter.ForkedBooter.execute(ForkedBooter.java:162)
	at org.apache.maven.surefire.booter.ForkedBooter.run(ForkedBooter.java:507)
	at org.apache.maven.surefire.booter.ForkedBooter.main(ForkedBooter.java:495)
]]></failure>
    <system-err><![CDATA[Jan 27, 2026 3:13:10 PM com.uiFramework.Genesis.web.pages.CommonPage waitForLoaderToDisappear
INFO: Loader has disappeared..
]]></system-err>
  </testcase>
  <testcase name="shouldUpdateOrderStatusAfterSchedDellivery" classname="com.uiFramework.Genesis.regression.web.OutboundQATest" time="0.0">
    <skipped message="Method com.uiFramework.Genesis.regression.web.OutboundQATest.shouldUpdateOrderStatusAfterSchedDellivery() on instance com.uiFramework.Genesis.regression.web.OutboundQATest@66fdec9 depends on not successfully finished methods &#10;[com.uiFramework.Genesis.regression.web.OutboundQATest.shouldUpdateOrderStatusAfterOutboundQADone() on instance com.uiFramework.Genesis.regression.web.OutboundQATest@66fdec9]"/>
  </testcase>
  <testcase name="shouldDisplayEditableFieldsForTrackingUpdatedRequest" classname="com.uiFramework.Genesis.regression.web.ConsigneeQATest" time="12.45">
    <system-out><![CDATA[Dropdown options found: 100
]]></system-out>
    <system-err><![CDATA[Jan 27, 2026 3:13:21 PM com.uiFramework.Genesis.web.pages.CommonPage waitForLoaderToDisappear
INFO: Loader has disappeared..
Jan 27, 2026 3:13:31 PM com.uiFramework.Genesis.web.pages.CommonPage waitForLoaderToDisappear
INFO: Loader has disappeared..
]]></system-err>
  </testcase>
  <testcase name="shouldNotAllowEnteringExtraReceivedOrderPieces" classname="com.uiFramework.Genesis.regression.web.ConsigneeQATest" time="0.698"/>
  <testcase name="shouldNotAllowEnteringExtraLiteratureOrderPieces" classname="com.uiFramework.Genesis.regression.web.ConsigneeQATest" time="34.666">
    <failure message="The following asserts failed:&#10;	Received Literature quantity can not be greater than actual order quantity. expected [true] but found [false]" type="java.lang.AssertionError"><![CDATA[java.lang.AssertionError: 
The following asserts failed:
	Received Literature quantity can not be greater than actual order quantity. expected [true] but found [false]
	at org.testng.asserts.SoftAssert.assertAll(SoftAssert.java:46)
	at org.testng.asserts.SoftAssert.assertAll(SoftAssert.java:30)
	at com.uiFramework.Genesis.regression.web.ConsigneeQATest.shouldNotAllowEnteringExtraLiteratureOrderPieces(ConsigneeQATest.java:72)
	at java.base/jdk.internal.reflect.NativeMethodAccessorImpl.invoke0(Native Method)
	at java.base/jdk.internal.reflect.NativeMethodAccessorImpl.invoke(NativeMethodAccessorImpl.java:62)
	at java.base/jdk.internal.reflect.DelegatingMethodAccessorImpl.invoke(DelegatingMethodAccessorImpl.java:43)
	at java.base/java.lang.reflect.Method.invoke(Method.java:566)
	at org.testng.internal.invokers.MethodInvocationHelper.invokeMethod(MethodInvocationHelper.java:141)
	at org.testng.internal.invokers.TestInvoker.invokeMethod(TestInvoker.java:686)
	at org.testng.internal.invokers.TestInvoker.invokeTestMethod(TestInvoker.java:230)
	at org.testng.internal.invokers.MethodRunner.runInSequence(MethodRunner.java:63)
	at org.testng.internal.invokers.TestInvoker$MethodInvocationAgent.invoke(TestInvoker.java:992)
	at org.testng.internal.invokers.TestInvoker.invokeTestMethods(TestInvoker.java:203)
	at org.testng.internal.invokers.TestMethodWorker.invokeTestMethods(TestMethodWorker.java:154)
	at org.testng.internal.invokers.TestMethodWorker.run(TestMethodWorker.java:134)
	at java.base/java.util.ArrayList.forEach(ArrayList.java:1541)
	at org.testng.TestRunner.privateRun(TestRunner.java:739)
	at org.testng.TestRunner.run(TestRunner.java:614)
	at org.testng.SuiteRunner.runTest(SuiteRunner.java:421)
	at org.testng.SuiteRunner.runSequentially(SuiteRunner.java:413)
	at org.testng.SuiteRunner.privateRun(SuiteRunner.java:373)
	at org.testng.SuiteRunner.run(SuiteRunner.java:312)
	at org.testng.SuiteRunnerWorker.runSuite(SuiteRunnerWorker.java:52)
	at org.testng.SuiteRunnerWorker.run(SuiteRunnerWorker.java:95)
	at org.testng.TestNG.runSuitesSequentially(TestNG.java:1274)
	at org.testng.TestNG.runSuitesLocally(TestNG.java:1208)
	at org.testng.TestNG.runSuites(TestNG.java:1112)
	at org.testng.TestNG.run(TestNG.java:1079)
	at org.apache.maven.surefire.testng.TestNGExecutor.run(TestNGExecutor.java:308)
	at org.apache.maven.surefire.testng.TestNGXmlTestSuite.execute(TestNGXmlTestSuite.java:71)
	at org.apache.maven.surefire.testng.TestNGProvider.invoke(TestNGProvider.java:113)
	at org.apache.maven.surefire.booter.ForkedBooter.runSuitesInProcess(ForkedBooter.java:385)
	at org.apache.maven.surefire.booter.ForkedBooter.execute(ForkedBooter.java:162)
	at org.apache.maven.surefire.booter.ForkedBooter.run(ForkedBooter.java:507)
	at org.apache.maven.surefire.booter.ForkedBooter.main(ForkedBooter.java:495)
]]></failure>
    <system-err><![CDATA[Jan 27, 2026 3:13:37 PM com.uiFramework.Genesis.web.pages.CommonPage waitForPopupToDisappear
INFO: Popup was displayed and has disappeared.
]]></system-err>
  </testcase>
  <testcase name="shouldValidateReceivedOrderPiecesWhenMarkSameQtyBtnClicked" classname="com.uiFramework.Genesis.regression.web.ConsigneeQATest" time="0.308">
    <system-err><![CDATA[Jan 27, 2026 3:14:09 PM com.uiFramework.Genesis.web.pages.CommonPage waitForLoaderToDisappear
INFO: Loader has disappeared..
Jan 27, 2026 3:14:09 PM com.uiFramework.Genesis.web.pages.CommonPage waitForLoaderToDisappear
INFO: Loader has disappeared..
]]></system-err>
  </testcase>
  <testcase name="shouldValidateLiteratureOrderPiecesWhenMarkSameQtyBtnClicked" classname="com.uiFramework.Genesis.regression.web.ConsigneeQATest" time="0.045"/>
  <testcase name="shouldAllowUserToSaveDetailsInDraft" classname="com.uiFramework.Genesis.regression.web.ConsigneeQATest" time="4.594">
    <system-err><![CDATA[Jan 27, 2026 3:14:10 PM com.uiFramework.Genesis.web.pages.CommonPage waitForLoaderToDisappear
INFO: Loader has disappeared..
Jan 27, 2026 3:14:14 PM com.uiFramework.Genesis.web.pages.CommonPage waitForLoaderToDisappear
INFO: Loader has disappeared..
]]></system-err>
  </testcase>
  <testcase name="shouldAllowUserToOpenDraftRequest" classname="com.uiFramework.Genesis.regression.web.ConsigneeQATest" time="17.401">
    <system-err><![CDATA[Jan 27, 2026 3:14:14 PM com.uiFramework.Genesis.web.pages.CommonPage waitForLoaderToDisappear
INFO: Loader has disappeared..
Jan 27, 2026 3:14:15 PM com.uiFramework.Genesis.web.pages.CommonPage waitForLoaderToDisappear
INFO: Loader has disappeared..
Jan 27, 2026 3:14:25 PM com.uiFramework.Genesis.web.pages.CommonPage waitForLoaderToDisappear
INFO: Loader has disappeared..
Jan 27, 2026 3:14:25 PM com.uiFramework.Genesis.web.pages.CommonPage waitForLoaderToDisappear
INFO: Loader has disappeared..
Jan 27, 2026 3:14:31 PM com.uiFramework.Genesis.web.pages.CommonPage waitForLoaderToDisappear
INFO: Loader has disappeared..
]]></system-err>
  </testcase>
  <testcase name="shouldAllowUserToUploadExcelFile" classname="com.uiFramework.Genesis.regression.web.ConsigneeQATest" time="0.67">
    <system-err><![CDATA[Jan 27, 2026 3:14:32 PM com.uiFramework.Genesis.web.pages.CommonPage waitForLoaderToDisappear
INFO: Loader has disappeared..
]]></system-err>
  </testcase>
  <testcase name="shouldNotAllowSavingFileWithoutTime" classname="com.uiFramework.Genesis.regression.web.ConsigneeQATest" time="0.645">
    <system-err><![CDATA[Jan 27, 2026 3:14:32 PM com.uiFramework.Genesis.web.pages.CommonPage waitForLoaderToDisappear
INFO: Loader has disappeared..
Jan 27, 2026 3:14:33 PM com.uiFramework.Genesis.web.pages.CommonPage waitForLoaderToDisappear
INFO: Loader has disappeared..
]]></system-err>
  </testcase>
  <testcase name="shouldAllowUserToCompleteRequest" classname="com.uiFramework.Genesis.regression.web.ConsigneeQATest" time="12.909">
    <system-err><![CDATA[Jan 27, 2026 3:14:38 PM com.uiFramework.Genesis.web.pages.CommonPage waitForPopupToDisappear
INFO: Popup not displayed. Continuing execution.
Jan 27, 2026 3:14:41 PM com.uiFramework.Genesis.web.pages.CommonPage waitForLoaderToDisappear
INFO: Loader has disappeared..
Jan 27, 2026 3:14:41 PM com.uiFramework.Genesis.web.pages.CommonPage waitForLoaderToDisappear
INFO: Loader has disappeared..
Jan 27, 2026 3:14:46 PM com.uiFramework.Genesis.web.pages.CommonPage captureToastMessage
INFO: Captured toast message: QA details update successfully
]]></system-err>
  </testcase>
  <testcase name="shouldAllowUserToOpenCompletedRequest" classname="com.uiFramework.Genesis.regression.web.ConsigneeQATest" time="20.788">
    <system-err><![CDATA[Jan 27, 2026 3:14:47 PM com.uiFramework.Genesis.web.pages.CommonPage waitForLoaderToDisappear
INFO: Loader has disappeared..
Jan 27, 2026 3:14:47 PM com.uiFramework.Genesis.web.pages.CommonPage waitForLoaderToDisappear
INFO: Loader has disappeared..
Jan 27, 2026 3:14:49 PM com.uiFramework.Genesis.web.pages.CommonPage waitForLoaderToDisappear
INFO: Loader has disappeared..
Jan 27, 2026 3:14:49 PM com.uiFramework.Genesis.web.pages.CommonPage waitForLoaderToDisappear
INFO: Loader has disappeared..
Jan 27, 2026 3:14:49 PM com.uiFramework.Genesis.web.pages.CommonPage waitForLoaderToDisappear
INFO: Loader has disappeared..
Jan 27, 2026 3:14:49 PM com.uiFramework.Genesis.web.pages.CommonPage waitForLoaderToDisappear
INFO: Loader has disappeared..
Jan 27, 2026 3:15:00 PM com.uiFramework.Genesis.web.pages.CommonPage waitForLoaderToDisappear
INFO: Loader has disappeared..
Jan 27, 2026 3:15:00 PM com.uiFramework.Genesis.web.pages.CommonPage waitForLoaderToDisappear
INFO: Loader has disappeared..
Jan 27, 2026 3:15:06 PM com.uiFramework.Genesis.web.pages.CommonPage waitForLoaderToDisappear
INFO: Loader has disappeared..
]]></system-err>
  </testcase>
  <testcase name="shouldAllowUserToUpdatePiecesAfterConsingeeQADone" classname="com.uiFramework.Genesis.regression.web.ConsigneeQATest" time="0.033"/>
</testsuite>