-------------------------------------------------------------------------------
Test set: TestSuite
-------------------------------------------------------------------------------
Tests run: 33, Failures: 9, Errors: 0, Skipped: 2, Time elapsed: 1,091.952 s <<< FAILURE! - in TestSuite
shouldDisplayOrderFormOnCreateButtonClick(com.uiFramework.Genesis.regression.web.OrderTest)  Time elapsed: 10.411 s  <<< FAILURE!
org.openqa.selenium.StaleElementReferenceException: 
stale element reference: stale element not found in the current frame
  (Session info: chrome=142.0.7444.176)
For documentation on this error, please visit: https://www.selenium.dev/documentation/webdriver/troubleshooting/errors#stale-element-reference-exception
Build info: version: '4.12.0', revision: '249f2a7d1b*'
System info: os.name: 'Windows 11', os.arch: 'amd64', os.version: '10.0', java.version: '17.0.17'
Driver info: org.openqa.selenium.chrome.ChromeDriver
Command: [66601cd3379f29ab2def5a5273b4b5b8, getElementText {id=f.DE3221D5A3FC32D882766FB8EEA8B462.d.26E581F1718893E8999B5CD4E71CB218.e.224}]
Capabilities {acceptInsecureCerts: false, browserName: chrome, browserVersion: 142.0.7444.176, chrome: {chromedriverVersion: 142.0.7444.175 (302067f14a4..., userDataDir: C:\Users\Admin\AppData\Loca...}, fedcm:accounts: true, goog:chromeOptions: {debuggerAddress: localhost:62388}, goog:processID: 10256, networkConnectionEnabled: false, pageLoadStrategy: normal, platformName: windows, proxy: Proxy(), se:cdp: ws://localhost:62388/devtoo..., se:cdpVersion: 142.0.7444.176, setWindowRect: true, strictFileInteractability: false, timeouts: {implicit: 0, pageLoad: 300000, script: 30000}, unhandledPromptBehavior: dismiss and notify, webauthn:extension:credBlob: true, webauthn:extension:largeBlob: true, webauthn:extension:minPinLength: true, webauthn:extension:prf: true, webauthn:virtualAuthenticators: true}
Element: [[ChromeDriver: chrome on windows (66601cd3379f29ab2def5a5273b4b5b8)] -> xpath: //*[@id='panel1bh-header']/div[1]/div/div/div[1]/h6]
Session ID: 66601cd3379f29ab2def5a5273b4b5b8
	at com.uiFramework.Genesis.regression.web.OrderTest.shouldDisplayOrderFormOnCreateButtonClick(OrderTest.java:48)

shouldAddCustomerAccessorialSuccessfully(com.uiFramework.Genesis.regression.web.OrderTest)  Time elapsed: 39.881 s  <<< FAILURE!
java.lang.AssertionError: 
The following asserts failed:
	Not Matched expected [Customer accessorial deleted successfully] but found [Toast message Failed]
	at com.uiFramework.Genesis.regression.web.OrderTest.shouldAddCustomerAccessorialSuccessfully(OrderTest.java:144)

shouldAddEditAndDeleteCarrierAccessorialSuccessfully(com.uiFramework.Genesis.regression.web.OrderTest)  Time elapsed: 38.12 s  <<< FAILURE!
java.lang.AssertionError: 
The following asserts failed:
	Not matched. expected [Carrier accessorial deleted successfully] but found [Toast message Failed]
	at com.uiFramework.Genesis.regression.web.OrderTest.shouldAddEditAndDeleteCarrierAccessorialSuccessfully(OrderTest.java:165)

shouldSaveCommentAfterDeleteAndValidateFileUploadErrors(com.uiFramework.Genesis.regression.web.OrderTest)  Time elapsed: 38.383 s  <<< FAILURE!
java.lang.AssertionError: 
The following asserts failed:
	Not match! expected [Comment save successfully] but found [Toast message Failed]
	at com.uiFramework.Genesis.regression.web.OrderTest.shouldSaveCommentAfterDeleteAndValidateFileUploadErrors(OrderTest.java:201)

shouldDeleteFileAndVerifyOrderStatusAsDraft(com.uiFramework.Genesis.regression.web.OrderTest)  Time elapsed: 30.216 s  <<< FAILURE!
java.lang.AssertionError: 
The following asserts failed:
	Not match! expected [File deleted successfully] but found [Toast message Failed]
	at com.uiFramework.Genesis.regression.web.OrderTest.shouldDeleteFileAndVerifyOrderStatusAsDraft(OrderTest.java:218)

shouldShowErrorOnConfirmFromListingWithMissingFields(com.uiFramework.Genesis.regression.web.OrderTest)  Time elapsed: 108.189 s  <<< FAILURE!
org.openqa.selenium.TimeoutException: 
Expected condition failed: waiting for element to be clickable: By.xpath: (//input[@aria-invalid='false'])[2] (tried for 40 second(s) with 500 milliseconds interval)
Build info: version: '4.12.0', revision: '249f2a7d1b*'
System info: os.name: 'Windows 11', os.arch: 'amd64', os.version: '10.0', java.version: '17.0.17'
Driver info: org.openqa.selenium.chrome.ChromeDriver
Capabilities {acceptInsecureCerts: false, browserName: chrome, browserVersion: 142.0.7444.176, chrome: {chromedriverVersion: 142.0.7444.175 (302067f14a4..., userDataDir: C:\Users\Admin\AppData\Loca...}, fedcm:accounts: true, goog:chromeOptions: {debuggerAddress: localhost:62388}, goog:processID: 10256, networkConnectionEnabled: false, pageLoadStrategy: normal, platformName: windows, proxy: Proxy(), se:cdp: ws://localhost:62388/devtoo..., se:cdpVersion: 142.0.7444.176, setWindowRect: true, strictFileInteractability: false, timeouts: {implicit: 0, pageLoad: 300000, script: 30000}, unhandledPromptBehavior: dismiss and notify, webauthn:extension:credBlob: true, webauthn:extension:largeBlob: true, webauthn:extension:minPinLength: true, webauthn:extension:prf: true, webauthn:virtualAuthenticators: true}
Session ID: 66601cd3379f29ab2def5a5273b4b5b8
	at com.uiFramework.Genesis.regression.web.OrderTest.shouldShowErrorOnConfirmFromListingWithMissingFields(OrderTest.java:283)

shouldDisplayBarcodeAfterDistributorOrderConfirmation(com.uiFramework.Genesis.regression.web.OrderTest)  Time elapsed: 54.346 s  <<< FAILURE!
org.openqa.selenium.TimeoutException: 
Expected condition failed: waiting for element to be clickable: By.xpath: (//input[@aria-invalid='false'])[2] (tried for 40 second(s) with 500 milliseconds interval)
Build info: version: '4.12.0', revision: '249f2a7d1b*'
System info: os.name: 'Windows 11', os.arch: 'amd64', os.version: '10.0', java.version: '17.0.17'
Driver info: org.openqa.selenium.chrome.ChromeDriver
Capabilities {acceptInsecureCerts: false, browserName: chrome, browserVersion: 142.0.7444.176, chrome: {chromedriverVersion: 142.0.7444.175 (302067f14a4..., userDataDir: C:\Users\Admin\AppData\Loca...}, fedcm:accounts: true, goog:chromeOptions: {debuggerAddress: localhost:62388}, goog:processID: 10256, networkConnectionEnabled: false, pageLoadStrategy: normal, platformName: windows, proxy: Proxy(), se:cdp: ws://localhost:62388/devtoo..., se:cdpVersion: 142.0.7444.176, setWindowRect: true, strictFileInteractability: false, timeouts: {implicit: 0, pageLoad: 300000, script: 30000}, unhandledPromptBehavior: dismiss and notify, webauthn:extension:credBlob: true, webauthn:extension:largeBlob: true, webauthn:extension:minPinLength: true, webauthn:extension:prf: true, webauthn:virtualAuthenticators: true}
Session ID: 66601cd3379f29ab2def5a5273b4b5b8
	at com.uiFramework.Genesis.regression.web.OrderTest.shouldDisplayBarcodeAfterDistributorOrderConfirmation(OrderTest.java:327)

shouldNotGenerateBarcodeWhenCheckboxIsUnchecked(com.uiFramework.Genesis.regression.web.OrderTest)  Time elapsed: 137.508 s  <<< FAILURE!
org.openqa.selenium.TimeoutException: 
Expected condition failed: waiting for element to be clickable: By.xpath: (//input[@aria-invalid='false'])[2] (tried for 40 second(s) with 500 milliseconds interval)
Build info: version: '4.12.0', revision: '249f2a7d1b*'
System info: os.name: 'Windows 11', os.arch: 'amd64', os.version: '10.0', java.version: '17.0.17'
Driver info: org.openqa.selenium.chrome.ChromeDriver
Capabilities {acceptInsecureCerts: false, browserName: chrome, browserVersion: 142.0.7444.176, chrome: {chromedriverVersion: 142.0.7444.175 (302067f14a4..., userDataDir: C:\Users\Admin\AppData\Loca...}, fedcm:accounts: true, goog:chromeOptions: {debuggerAddress: localhost:62388}, goog:processID: 10256, networkConnectionEnabled: false, pageLoadStrategy: normal, platformName: windows, proxy: Proxy(), se:cdp: ws://localhost:62388/devtoo..., se:cdpVersion: 142.0.7444.176, setWindowRect: true, strictFileInteractability: false, timeouts: {implicit: 0, pageLoad: 300000, script: 30000}, unhandledPromptBehavior: dismiss and notify, webauthn:extension:credBlob: true, webauthn:extension:largeBlob: true, webauthn:extension:minPinLength: true, webauthn:extension:prf: true, webauthn:virtualAuthenticators: true}
Session ID: 66601cd3379f29ab2def5a5273b4b5b8
	at com.uiFramework.Genesis.regression.web.OrderTest.shouldNotGenerateBarcodeWhenCheckboxIsUnchecked(OrderTest.java:345)

shouldConfirmMultipleOrdersAndDisplaySuccessToast(com.uiFramework.Genesis.regression.web.OrderTest)  Time elapsed: 161.067 s  <<< FAILURE!
java.lang.AssertionError: 
The following asserts failed:
	Not matched expected [Selected order confirm successfully] but found [Toast message Failed]
	at com.uiFramework.Genesis.regression.web.OrderTest.shouldConfirmMultipleOrdersAndDisplaySuccessToast(OrderTest.java:363)

