<?xml version="1.0" encoding="UTF-8"?>
<testsuite xmlns:xsi="http://www.w3.org/2001/XMLSchema-instance" xsi:noNamespaceSchemaLocation="https://maven.apache.org/surefire/maven-surefire-plugin/xsd/surefire-test-report.xsd" name="TestSuite" time="1,091.952" tests="33" errors="0" skipped="2" failures="9">
  <properties>
[...]
</properties>
  <testcase name="shouldDisplayOrderFormOnCreateButtonClick" classname="com.uiFramework.Genesis.regression.web.OrderTest" time="10.411">
    <failure message="stale element reference: stale element not found in the current frame&#10;  (Session info: chrome=142.0.7444.176)&#10;For documentation on this error, please visit: https://www.selenium.dev/documentation/webdriver/troubleshooting/errors#stale-element-reference-exception&#10;Build info: version: &apos;4.12.0&apos;, revision: &apos;249f2a7d1b*&apos;&#10;System info: os.name: &apos;Windows 11&apos;, os.arch: &apos;amd64&apos;, os.version: &apos;10.0&apos;, java.version: &apos;17.0.17&apos;&#10;Driver info: org.openqa.selenium.chrome.ChromeDriver&#10;Command: [66601cd3379f29ab2def5a5273b4b5b8, getElementText {id=f.DE3221D5A3FC32D882766FB8EEA8B462.d.26E581F1718893E8999B5CD4E71CB218.e.224}]&#10;Capabilities {acceptInsecureCerts: false, browserName: chrome, browserVersion: 142.0.7444.176, chrome: {chromedriverVersion: 142.0.7444.175 (302067f14a4..., userDataDir: C:\Users\Admin\AppData\Loca...}, fedcm:accounts: true, goog:chromeOptions: {debuggerAddress: localhost:62388}, goog:processID: 10256, networkConnectionEnabled: false, pageLoadStrategy: normal, platformName: windows, proxy: Proxy(), se:cdp: ws://localhost:62388/devtoo..., se:cdpVersion: 142.0.7444.176, setWindowRect: true, strictFileInteractability: false, timeouts: {implicit: 0, pageLoad: 300000, script: 30000}, unhandledPromptBehavior: dismiss and notify, webauthn:extension:credBlob: true, webauthn:extension:largeBlob: true, webauthn:extension:minPinLength: true, webauthn:extension:prf: true, webauthn:virtualAuthenticators: true}&#10;Element: [[ChromeDriver: chrome on windows (66601cd3379f29ab2def5a5273b4b5b8)] -&gt; xpath: //*[@id=&apos;panel1bh-header&apos;]/div[1]/div/div/div[1]/h6]&#10;Session ID: 66601cd3379f29ab2def5a5273b4b5b8" type="org.openqa.selenium.StaleElementReferenceException">org.openqa.selenium.StaleElementReferenceException: 
stale element reference: stale element not found in the current frame
  (Session info: chrome=142.0.7444.176)
For documentation on this error, please visit: https://www.selenium.dev/documentation/webdriver/troubleshooting/errors#stale-element-reference-exception
Build info: version: '4.12.0', revision: '249f2a7d1b*'
System info: os.name: 'Windows 11', os.arch: 'amd64', os.version: '10.0', java.version: '17.0.17'
Driver info: org.openqa.selenium.chrome.ChromeDriver
Command: [66601cd3379f29ab2def5a5273b4b5b8, getElementText {id=f.DE3221D5A3FC32D882766FB8EEA8B462.d.26E581F1718893E8999B5CD4E71CB218.e.224}]
Capabilities {acceptInsecureCerts: false, browserName: chrome, browserVersion: 142.0.7444.176, chrome: {chromedriverVersion: 142.0.7444.175 (302067f14a4..., userDataDir: C:\Users\Admin\AppData\Loca...}, fedcm:accounts: true, goog:chromeOptions: {debuggerAddress: localhost:62388}, goog:processID: 10256, networkConnectionEnabled: false, pageLoadStrategy: normal, platformName: windows, proxy: Proxy(), se:cdp: ws://localhost:62388/devtoo..., se:cdpVersion: 142.0.7444.176, setWindowRect: true, strictFileInteractability: false, timeouts: {implicit: 0, pageLoad: 300000, script: 30000}, unhandledPromptBehavior: dismiss and notify, webauthn:extension:credBlob: true, webauthn:extension:largeBlob: true, webauthn:extension:minPinLength: true, webauthn:extension:prf: true, webauthn:virtualAuthenticators: true}
Element: [[ChromeDriver: chrome on windows (66601cd3379f29ab2def5a5273b4b5b8)] -> xpath: //*[@id='panel1bh-header']/div[1]/div/div/div[1]/h6]
Session ID: 66601cd3379f29ab2def5a5273b4b5b8
	at com.uiFramework.Genesis.regression.web.OrderTest.shouldDisplayOrderFormOnCreateButtonClick(OrderTest.java:48)
</failure>
    <system-out><![CDATA[Extent report initialized for platform: web
]]></system-out>
    <system-err><![CDATA[SLF4J: No SLF4J providers were found.
SLF4J: Defaulting to no-operation (NOP) logger implementation
SLF4J: See https://www.slf4j.org/codes.html#noProviders for further details.
ERROR StatusLogger Log4j2 could not find a logging implementation. Please add log4j-core to the classpath. Using SimpleLogger to log to the console...
Nov 24, 2025 12:57:46 PM org.openqa.selenium.devtools.CdpVersionFinder findNearestMatch
WARNING: Unable to find CDP implementation matching 142
Nov 24, 2025 12:57:46 PM org.openqa.selenium.chromium.ChromiumDriver lambda$new$5
WARNING: Unable to find version of CDP to use for 142.0.7444.176. You may need to include a dependency on a specific version of the CDP using something similar to `org.seleniumhq.selenium:selenium-devtools-v86:4.12.0` where the version ("v86") matches the version of the chromium-based browser you're using and the version number of the artifact is the same as Selenium's.
Nov 24, 2025 12:58:01 PM com.uiFramework.Genesis.web.pages.CommonPage waitForPopupToDisappear
INFO: Toast popup appeared and disappeared.
Nov 24, 2025 12:58:01 PM com.uiFramework.Genesis.web.pages.CommonPage waitForLoaderToDisappear
INFO: Loader has disappeared..
]]></system-err>
  </testcase>
  <testcase name="shouldShowErrorMessagesForMandatoryFields" classname="com.uiFramework.Genesis.regression.web.OrderTest" time="2.449"/>
  <testcase name="shouldKeepConsigneeDropdownEmptyUntilCustomerSelected" classname="com.uiFramework.Genesis.regression.web.OrderTest" time="26.167"/>
  <testcase name="shouldValidateLocalCarrierTextAndQAStatusAndPODUnset" classname="com.uiFramework.Genesis.regression.web.OrderTest" time="0.316"/>
  <testcase name="shouldValidateFullAddressDetails" classname="com.uiFramework.Genesis.regression.web.OrderTest" time="0.412"/>
  <testcase name="shouldFetchConsigneeAddressDetails" classname="com.uiFramework.Genesis.regression.web.OrderTest" time="0.286"/>
  <testcase name="shouldShowToastWhenConfirmingWithoutWeightOrPieces" classname="com.uiFramework.Genesis.regression.web.OrderTest" time="6.217"/>
  <testcase name="shouldCalculateRatedWeightAndLitWeightCorrectly" classname="com.uiFramework.Genesis.regression.web.OrderTest" time="3.853"/>
  <testcase name="shouldShowErrorWhenSavingEmptyCustomerAccessorial" classname="com.uiFramework.Genesis.regression.web.OrderTest" time="10.197"/>
  <testcase name="shouldAddCustomerAccessorialSuccessfully" classname="com.uiFramework.Genesis.regression.web.OrderTest" time="39.881">
    <failure message="The following asserts failed:&#10;	Not Matched expected [Customer accessorial deleted successfully] but found [Toast message Failed]" type="java.lang.AssertionError">java.lang.AssertionError: 
The following asserts failed:
	Not Matched expected [Customer accessorial deleted successfully] but found [Toast message Failed]
	at com.uiFramework.Genesis.regression.web.OrderTest.shouldAddCustomerAccessorialSuccessfully(OrderTest.java:144)
</failure>
    <system-err><![CDATA[Nov 24, 2025 12:58:55 PM com.uiFramework.Genesis.web.pages.CommonPage waitForLoaderToDisappear
INFO: Loader has disappeared..
Nov 24, 2025 12:59:02 PM com.uiFramework.Genesis.web.pages.CommonPage waitForPopupToDisappear
INFO: Toast popup appeared and disappeared.
Nov 24, 2025 12:59:02 PM com.uiFramework.Genesis.web.pages.CommonPage waitForLoaderToDisappear
INFO: Loader has disappeared..
Nov 24, 2025 12:59:07 PM com.uiFramework.Genesis.web.pages.CommonPage waitForPopupToDisappear
INFO: No popup appeared. Continuing...
Nov 24, 2025 12:59:09 PM com.uiFramework.Genesis.web.pages.CommonPage waitForLoaderToDisappear
INFO: Loader has disappeared..
Nov 24, 2025 12:59:16 PM com.uiFramework.Genesis.web.pages.CommonPage waitForPopupToDisappear
INFO: Toast popup appeared and disappeared.
Nov 24, 2025 12:59:16 PM com.uiFramework.Genesis.web.pages.CommonPage waitForLoaderToDisappear
INFO: Loader has disappeared..
Nov 24, 2025 12:59:21 PM com.uiFramework.Genesis.web.pages.CommonPage waitForPopupToDisappear
INFO: No popup appeared. Continuing...
Nov 24, 2025 12:59:21 PM com.uiFramework.Genesis.web.pages.CommonPage waitForLoaderToDisappear
INFO: Loader has disappeared..
Nov 24, 2025 12:59:32 PM com.uiFramework.Genesis.web.pages.CommonPage captureToastMessage
SEVERE: Error capturing toast message: Expected condition failed: waiting for visibility of element located by By.xpath: //div[@role='alert']//div[2] (tried for 10 second(s) with 500 milliseconds interval)
Build info: version: '4.12.0', revision: '249f2a7d1b*'
System info: os.name: 'Windows 11', os.arch: 'amd64', os.version: '10.0', java.version: '17.0.17'
Driver info: org.openqa.selenium.chrome.ChromeDriver
Capabilities {acceptInsecureCerts: false, browserName: chrome, browserVersion: 142.0.7444.176, chrome: {chromedriverVersion: 142.0.7444.175 (302067f14a4..., userDataDir: C:\Users\Admin\AppData\Loca...}, fedcm:accounts: true, goog:chromeOptions: {debuggerAddress: localhost:62388}, goog:processID: 10256, networkConnectionEnabled: false, pageLoadStrategy: normal, platformName: windows, proxy: Proxy(), se:cdp: ws://localhost:62388/devtoo..., se:cdpVersion: 142.0.7444.176, setWindowRect: true, strictFileInteractability: false, timeouts: {implicit: 0, pageLoad: 300000, script: 30000}, unhandledPromptBehavior: dismiss and notify, webauthn:extension:credBlob: true, webauthn:extension:largeBlob: true, webauthn:extension:minPinLength: true, webauthn:extension:prf: true, webauthn:virtualAuthenticators: true}
Session ID: 66601cd3379f29ab2def5a5273b4b5b8
]]></system-err>
  </testcase>
  <testcase name="shouldSaveCustomerAccessorialAfterDeleteAndValidateCarrierValidation" classname="com.uiFramework.Genesis.regression.web.OrderTest" time="16.713"/>
  <testcase name="shouldAddEditAndDeleteCarrierAccessorialSuccessfully" classname="com.uiFramework.Genesis.regression.web.OrderTest" time="38.12">
    <failure message="The following asserts failed:&#10;	Not matched. expected [Carrier accessorial deleted successfully] but found [Toast message Failed]" type="java.lang.AssertionError">java.lang.AssertionError: 
The following asserts failed:
	Not matched. expected [Carrier accessorial deleted successfully] but found [Toast message Failed]
	at com.uiFramework.Genesis.regression.web.OrderTest.shouldAddEditAndDeleteCarrierAccessorialSuccessfully(OrderTest.java:165)
</failure>
    <system-err><![CDATA[Nov 24, 2025 12:59:52 PM com.uiFramework.Genesis.web.pages.CommonPage waitForLoaderToDisappear
INFO: Loader has disappeared..
Nov 24, 2025 1:00:00 PM com.uiFramework.Genesis.web.pages.CommonPage waitForPopupToDisappear
INFO: Toast popup appeared and disappeared.
Nov 24, 2025 1:00:04 PM com.uiFramework.Genesis.web.pages.CommonPage waitForLoaderToDisappear
INFO: Loader has disappeared..
Nov 24, 2025 1:00:11 PM com.uiFramework.Genesis.web.pages.CommonPage waitForPopupToDisappear
INFO: Toast popup appeared and disappeared.
Nov 24, 2025 1:00:11 PM com.uiFramework.Genesis.web.pages.CommonPage waitForLoaderToDisappear
INFO: Loader has disappeared..
Nov 24, 2025 1:00:16 PM com.uiFramework.Genesis.web.pages.CommonPage waitForPopupToDisappear
INFO: No popup appeared. Continuing...
Nov 24, 2025 1:00:27 PM com.uiFramework.Genesis.web.pages.CommonPage captureToastMessage
SEVERE: Error capturing toast message: Expected condition failed: waiting for visibility of element located by By.xpath: //div[@role='alert']//div[2] (tried for 10 second(s) with 500 milliseconds interval)
Build info: version: '4.12.0', revision: '249f2a7d1b*'
System info: os.name: 'Windows 11', os.arch: 'amd64', os.version: '10.0', java.version: '17.0.17'
Driver info: org.openqa.selenium.chrome.ChromeDriver
Capabilities {acceptInsecureCerts: false, browserName: chrome, browserVersion: 142.0.7444.176, chrome: {chromedriverVersion: 142.0.7444.175 (302067f14a4..., userDataDir: C:\Users\Admin\AppData\Loca...}, fedcm:accounts: true, goog:chromeOptions: {debuggerAddress: localhost:62388}, goog:processID: 10256, networkConnectionEnabled: false, pageLoadStrategy: normal, platformName: windows, proxy: Proxy(), se:cdp: ws://localhost:62388/devtoo..., se:cdpVersion: 142.0.7444.176, setWindowRect: true, strictFileInteractability: false, timeouts: {implicit: 0, pageLoad: 300000, script: 30000}, unhandledPromptBehavior: dismiss and notify, webauthn:extension:credBlob: true, webauthn:extension:largeBlob: true, webauthn:extension:minPinLength: true, webauthn:extension:prf: true, webauthn:virtualAuthenticators: true}
Session ID: 66601cd3379f29ab2def5a5273b4b5b8
]]></system-err>
  </testcase>
  <testcase name="shouldSaveCarrierAccessorialAfterDeleteAndValidateCommentValidation" classname="com.uiFramework.Genesis.regression.web.OrderTest" time="9.639"/>
  <testcase name="shouldSaveTypeAndsubjectReqOnComment" classname="com.uiFramework.Genesis.regression.web.OrderTest" time="7.611"/>
  <testcase name="shouldAddEditAndDeleteCommentSuccessfully" classname="com.uiFramework.Genesis.regression.web.OrderTest" time="20.697"/>
  <testcase name="shouldSaveCommentAfterDeleteAndValidateFileUploadErrors" classname="com.uiFramework.Genesis.regression.web.OrderTest" time="38.383">
    <failure message="The following asserts failed:&#10;	Not match! expected [Comment save successfully] but found [Toast message Failed]" type="java.lang.AssertionError">java.lang.AssertionError: 
The following asserts failed:
	Not match! expected [Comment save successfully] but found [Toast message Failed]
	at com.uiFramework.Genesis.regression.web.OrderTest.shouldSaveCommentAfterDeleteAndValidateFileUploadErrors(OrderTest.java:201)
</failure>
    <system-err><![CDATA[Nov 24, 2025 1:01:05 PM com.uiFramework.Genesis.web.pages.CommonPage waitForLoaderToDisappear
INFO: Loader has disappeared..
Nov 24, 2025 1:01:12 PM com.uiFramework.Genesis.web.pages.CommonPage waitForPopupToDisappear
INFO: Toast popup appeared and disappeared.
Nov 24, 2025 1:01:15 PM com.uiFramework.Genesis.web.pages.CommonPage waitForLoaderToDisappear
INFO: Loader has disappeared..
Nov 24, 2025 1:01:22 PM com.uiFramework.Genesis.web.pages.CommonPage waitForPopupToDisappear
INFO: Toast popup appeared and disappeared.
Nov 24, 2025 1:01:22 PM com.uiFramework.Genesis.web.pages.OrderPage saveCommentAfterDelete
INFO: Comment re-saved successfully
Nov 24, 2025 1:01:25 PM com.uiFramework.Genesis.web.pages.CommonPage clickToClosePopUp
INFO: HighlightOffIcon not found or not clickable: Expected condition failed: waiting for element to be clickable: By.xpath: (//*[@data-testid='HighlightOffIcon'])[8] (tried for 3 second(s) with 250 milliseconds interval)
Build info: version: '4.12.0', revision: '249f2a7d1b*'
System info: os.name: 'Windows 11', os.arch: 'amd64', os.version: '10.0', java.version: '17.0.17'
Driver info: org.openqa.selenium.chrome.ChromeDriver
Capabilities {acceptInsecureCerts: false, browserName: chrome, browserVersion: 142.0.7444.176, chrome: {chromedriverVersion: 142.0.7444.175 (302067f14a4..., userDataDir: C:\Users\Admin\AppData\Loca...}, fedcm:accounts: true, goog:chromeOptions: {debuggerAddress: localhost:62388}, goog:processID: 10256, networkConnectionEnabled: false, pageLoadStrategy: normal, platformName: windows, proxy: Proxy(), se:cdp: ws://localhost:62388/devtoo..., se:cdpVersion: 142.0.7444.176, setWindowRect: true, strictFileInteractability: false, timeouts: {implicit: 0, pageLoad: 300000, script: 30000}, unhandledPromptBehavior: dismiss and notify, webauthn:extension:credBlob: true, webauthn:extension:largeBlob: true, webauthn:extension:minPinLength: true, webauthn:extension:prf: true, webauthn:virtualAuthenticators: true}
Session ID: 66601cd3379f29ab2def5a5273b4b5b8
Nov 24, 2025 1:01:35 PM com.uiFramework.Genesis.web.pages.CommonPage captureToastMessage
SEVERE: Error capturing toast message: Expected condition failed: waiting for visibility of element located by By.xpath: //div[@role='alert']//div[2] (tried for 10 second(s) with 500 milliseconds interval)
Build info: version: '4.12.0', revision: '249f2a7d1b*'
System info: os.name: 'Windows 11', os.arch: 'amd64', os.version: '10.0', java.version: '17.0.17'
Driver info: org.openqa.selenium.chrome.ChromeDriver
Capabilities {acceptInsecureCerts: false, browserName: chrome, browserVersion: 142.0.7444.176, chrome: {chromedriverVersion: 142.0.7444.175 (302067f14a4..., userDataDir: C:\Users\Admin\AppData\Loca...}, fedcm:accounts: true, goog:chromeOptions: {debuggerAddress: localhost:62388}, goog:processID: 10256, networkConnectionEnabled: false, pageLoadStrategy: normal, platformName: windows, proxy: Proxy(), se:cdp: ws://localhost:62388/devtoo..., se:cdpVersion: 142.0.7444.176, setWindowRect: true, strictFileInteractability: false, timeouts: {implicit: 0, pageLoad: 300000, script: 30000}, unhandledPromptBehavior: dismiss and notify, webauthn:extension:credBlob: true, webauthn:extension:largeBlob: true, webauthn:extension:minPinLength: true, webauthn:extension:prf: true, webauthn:virtualAuthenticators: true}
Session ID: 66601cd3379f29ab2def5a5273b4b5b8
Nov 24, 2025 1:01:35 PM com.uiFramework.Genesis.web.pages.CommonPage waitForLoaderToDisappear
INFO: Loader has disappeared..
Nov 24, 2025 1:01:41 PM com.uiFramework.Genesis.web.pages.CommonPage waitForPopupToDisappear
INFO: No popup appeared. Continuing...
]]></system-err>
  </testcase>
  <testcase name="shouldUploadFileAndShowSuccessToast" classname="com.uiFramework.Genesis.regression.web.OrderTest" time="2.988"/>
  <testcase name="shouldDeleteFileAndVerifyOrderStatusAsDraft" classname="com.uiFramework.Genesis.regression.web.OrderTest" time="30.216">
    <failure message="The following asserts failed:&#10;	Not match! expected [File deleted successfully] but found [Toast message Failed]" type="java.lang.AssertionError">java.lang.AssertionError: 
The following asserts failed:
	Not match! expected [File deleted successfully] but found [Toast message Failed]
	at com.uiFramework.Genesis.regression.web.OrderTest.shouldDeleteFileAndVerifyOrderStatusAsDraft(OrderTest.java:218)
</failure>
    <system-err><![CDATA[Nov 24, 2025 1:01:47 PM com.uiFramework.Genesis.web.pages.CommonPage waitForLoaderToDisappear
INFO: Loader has disappeared..
Nov 24, 2025 1:01:53 PM com.uiFramework.Genesis.web.pages.CommonPage waitForPopupToDisappear
INFO: Toast popup appeared and disappeared.
Nov 24, 2025 1:02:01 PM com.uiFramework.Genesis.web.pages.CommonPage clickToClosePopUp
INFO: HighlightOffIcon not found or not clickable: javascript error: arguments[0].click is not a function
  (Session info: chrome=142.0.7444.176)
Build info: version: '4.12.0', revision: '249f2a7d1b*'
System info: os.name: 'Windows 11', os.arch: 'amd64', os.version: '10.0', java.version: '17.0.17'
Driver info: org.openqa.selenium.chrome.ChromeDriver
Command: [66601cd3379f29ab2def5a5273b4b5b8, executeScript {script=arguments[0].click();, args=[{element-6066-11e4-a52e-4f735466cecf=f.DE3221D5A3FC32D882766FB8EEA8B462.d.26E581F1718893E8999B5CD4E71CB218.e.954}]}]
Capabilities {acceptInsecureCerts: false, browserName: chrome, browserVersion: 142.0.7444.176, chrome: {chromedriverVersion: 142.0.7444.175 (302067f14a4..., userDataDir: C:\Users\Admin\AppData\Loca...}, fedcm:accounts: true, goog:chromeOptions: {debuggerAddress: localhost:62388}, goog:processID: 10256, networkConnectionEnabled: false, pageLoadStrategy: normal, platformName: windows, proxy: Proxy(), se:cdp: ws://localhost:62388/devtoo..., se:cdpVersion: 142.0.7444.176, setWindowRect: true, strictFileInteractability: false, timeouts: {implicit: 0, pageLoad: 300000, script: 30000}, unhandledPromptBehavior: dismiss and notify, webauthn:extension:credBlob: true, webauthn:extension:largeBlob: true, webauthn:extension:minPinLength: true, webauthn:extension:prf: true, webauthn:virtualAuthenticators: true}
Session ID: 66601cd3379f29ab2def5a5273b4b5b8
Nov 24, 2025 1:02:12 PM com.uiFramework.Genesis.web.pages.CommonPage captureToastMessage
SEVERE: Error capturing toast message: Expected condition failed: waiting for visibility of element located by By.xpath: //div[@role='alert']//div[2] (tried for 10 second(s) with 500 milliseconds interval)
Build info: version: '4.12.0', revision: '249f2a7d1b*'
System info: os.name: 'Windows 11', os.arch: 'amd64', os.version: '10.0', java.version: '17.0.17'
Driver info: org.openqa.selenium.chrome.ChromeDriver
Capabilities {acceptInsecureCerts: false, browserName: chrome, browserVersion: 142.0.7444.176, chrome: {chromedriverVersion: 142.0.7444.175 (302067f14a4..., userDataDir: C:\Users\Admin\AppData\Loca...}, fedcm:accounts: true, goog:chromeOptions: {debuggerAddress: localhost:62388}, goog:processID: 10256, networkConnectionEnabled: false, pageLoadStrategy: normal, platformName: windows, proxy: Proxy(), se:cdp: ws://localhost:62388/devtoo..., se:cdpVersion: 142.0.7444.176, setWindowRect: true, strictFileInteractability: false, timeouts: {implicit: 0, pageLoad: 300000, script: 30000}, unhandledPromptBehavior: dismiss and notify, webauthn:extension:credBlob: true, webauthn:extension:largeBlob: true, webauthn:extension:minPinLength: true, webauthn:extension:prf: true, webauthn:virtualAuthenticators: true}
Session ID: 66601cd3379f29ab2def5a5273b4b5b8
Nov 24, 2025 1:02:12 PM com.uiFramework.Genesis.web.pages.CommonPage waitForLoaderToDisappear
INFO: Loader has disappeared..
Nov 24, 2025 1:02:17 PM com.uiFramework.Genesis.web.pages.CommonPage waitForPopupToDisappear
INFO: No popup appeared. Continuing...
]]></system-err>
  </testcase>
  <testcase name="shouldGenerateBarcodeAfterOrderConfirmation" classname="com.uiFramework.Genesis.regression.web.OrderTest" time="12.861"/>
  <testcase name="shouldMatchOrderDetailsOnListingPage" classname="com.uiFramework.Genesis.regression.web.OrderTest" time="43.786"/>
  <testcase name="shouldValidateTotalPiecesAndWeightOnListingPage" classname="com.uiFramework.Genesis.regression.web.OrderTest" time="0.031"/>
  <testcase name="shouldValidateOrderStatusCountOnLabelBadges" classname="com.uiFramework.Genesis.regression.web.OrderTest" time="70.34"/>
  <testcase name="shouldShowErrorForDuplicateCustomerOrderNumber" classname="com.uiFramework.Genesis.regression.web.OrderTest" time="55.451"/>
  <testcase name="shouldNotGenerateBarcodeAndShowCorrectOrderStatusOnConfirm" classname="com.uiFramework.Genesis.regression.web.OrderTest" time="15.683"/>
  <testcase name="shouldShowErrorOnConfirmFromListingWithMissingFields" classname="com.uiFramework.Genesis.regression.web.OrderTest" time="108.189">
    <failure message="Expected condition failed: waiting for element to be clickable: By.xpath: (//input[@aria-invalid=&apos;false&apos;])[2] (tried for 40 second(s) with 500 milliseconds interval)&#10;Build info: version: &apos;4.12.0&apos;, revision: &apos;249f2a7d1b*&apos;&#10;System info: os.name: &apos;Windows 11&apos;, os.arch: &apos;amd64&apos;, os.version: &apos;10.0&apos;, java.version: &apos;17.0.17&apos;&#10;Driver info: org.openqa.selenium.chrome.ChromeDriver&#10;Capabilities {acceptInsecureCerts: false, browserName: chrome, browserVersion: 142.0.7444.176, chrome: {chromedriverVersion: 142.0.7444.175 (302067f14a4..., userDataDir: C:\Users\Admin\AppData\Loca...}, fedcm:accounts: true, goog:chromeOptions: {debuggerAddress: localhost:62388}, goog:processID: 10256, networkConnectionEnabled: false, pageLoadStrategy: normal, platformName: windows, proxy: Proxy(), se:cdp: ws://localhost:62388/devtoo..., se:cdpVersion: 142.0.7444.176, setWindowRect: true, strictFileInteractability: false, timeouts: {implicit: 0, pageLoad: 300000, script: 30000}, unhandledPromptBehavior: dismiss and notify, webauthn:extension:credBlob: true, webauthn:extension:largeBlob: true, webauthn:extension:minPinLength: true, webauthn:extension:prf: true, webauthn:virtualAuthenticators: true}&#10;Session ID: 66601cd3379f29ab2def5a5273b4b5b8" type="org.openqa.selenium.TimeoutException">org.openqa.selenium.TimeoutException: 
Expected condition failed: waiting for element to be clickable: By.xpath: (//input[@aria-invalid='false'])[2] (tried for 40 second(s) with 500 milliseconds interval)
Build info: version: '4.12.0', revision: '249f2a7d1b*'
System info: os.name: 'Windows 11', os.arch: 'amd64', os.version: '10.0', java.version: '17.0.17'
Driver info: org.openqa.selenium.chrome.ChromeDriver
Capabilities {acceptInsecureCerts: false, browserName: chrome, browserVersion: 142.0.7444.176, chrome: {chromedriverVersion: 142.0.7444.175 (302067f14a4..., userDataDir: C:\Users\Admin\AppData\Loca...}, fedcm:accounts: true, goog:chromeOptions: {debuggerAddress: localhost:62388}, goog:processID: 10256, networkConnectionEnabled: false, pageLoadStrategy: normal, platformName: windows, proxy: Proxy(), se:cdp: ws://localhost:62388/devtoo..., se:cdpVersion: 142.0.7444.176, setWindowRect: true, strictFileInteractability: false, timeouts: {implicit: 0, pageLoad: 300000, script: 30000}, unhandledPromptBehavior: dismiss and notify, webauthn:extension:credBlob: true, webauthn:extension:largeBlob: true, webauthn:extension:minPinLength: true, webauthn:extension:prf: true, webauthn:virtualAuthenticators: true}
Session ID: 66601cd3379f29ab2def5a5273b4b5b8
	at com.uiFramework.Genesis.regression.web.OrderTest.shouldShowErrorOnConfirmFromListingWithMissingFields(OrderTest.java:283)
</failure>
    <system-err><![CDATA[Nov 24, 2025 1:05:35 PM com.uiFramework.Genesis.web.pages.CommonPage waitForLoaderToDisappear
INFO: Loader has disappeared..
Nov 24, 2025 1:05:40 PM com.uiFramework.Genesis.web.pages.CommonPage waitForPopupToDisappear
INFO: No popup appeared. Continuing...
Nov 24, 2025 1:05:40 PM com.uiFramework.Genesis.web.pages.CommonPage waitForLoaderToDisappear
INFO: Loader has disappeared..
Nov 24, 2025 1:05:45 PM com.uiFramework.Genesis.web.pages.CommonPage waitForPopupToDisappear
INFO: No popup appeared. Continuing...
Nov 24, 2025 1:05:47 PM com.uiFramework.Genesis.web.pages.CommonPage waitForLoaderToDisappear
INFO: Loader has disappeared..
Nov 24, 2025 1:05:52 PM com.uiFramework.Genesis.web.pages.CommonPage waitForPopupToDisappear
INFO: No popup appeared. Continuing...
Nov 24, 2025 1:05:52 PM com.uiFramework.Genesis.web.pages.CommonPage waitForLoaderToDisappear
INFO: Loader has disappeared..
Nov 24, 2025 1:05:53 PM com.uiFramework.Genesis.web.pages.CommonPage waitForLoaderToDisappear
INFO: Loader has disappeared..
Nov 24, 2025 1:05:53 PM com.uiFramework.Genesis.web.pages.CommonPage waitForLoaderToDisappear
INFO: Loader has disappeared..
Nov 24, 2025 1:05:54 PM com.uiFramework.Genesis.web.pages.CommonPage waitForLoaderToDisappear
INFO: Loader has disappeared..
Nov 24, 2025 1:05:54 PM com.uiFramework.Genesis.web.pages.CommonPage waitForLoaderToDisappear
INFO: Loader has disappeared..
Nov 24, 2025 1:05:55 PM com.uiFramework.Genesis.web.pages.CommonPage waitForLoaderToDisappear
INFO: Loader has disappeared..
Nov 24, 2025 1:06:01 PM com.uiFramework.Genesis.web.pages.CommonPage waitForLoaderToDisappear
INFO: Loader has disappeared..
Nov 24, 2025 1:06:08 PM com.uiFramework.Genesis.web.pages.CommonPage waitForLoaderToDisappear
INFO: Loader has disappeared..
Nov 24, 2025 1:06:19 PM com.uiFramework.Genesis.web.pages.CommonPage waitForLoaderToDisappear
INFO: Loader has disappeared..
Nov 24, 2025 1:06:22 PM com.uiFramework.Genesis.web.pages.CommonPage waitForLoaderToDisappear
INFO: Loader has disappeared..
Nov 24, 2025 1:06:22 PM com.uiFramework.Genesis.web.pages.CommonPage waitForLoaderToDisappear
INFO: Loader has disappeared..
Nov 24, 2025 1:06:25 PM com.uiFramework.Genesis.web.pages.CommonPage waitForLoaderToDisappear
INFO: Loader has disappeared..
Nov 24, 2025 1:06:25 PM com.uiFramework.Genesis.web.pages.CommonPage waitForLoaderToDisappear
INFO: Loader has disappeared..
Nov 24, 2025 1:06:26 PM com.uiFramework.Genesis.web.pages.CommonPage waitForLoaderToDisappear
INFO: Loader has disappeared..
Nov 24, 2025 1:06:36 PM com.uiFramework.Genesis.web.pages.CommonPage waitForPopupToDisappear
INFO: Toast popup appeared and disappeared.
Nov 24, 2025 1:06:36 PM com.uiFramework.Genesis.web.pages.OrderPage cityDropdown
SEVERE: Error during city dropdown interaction
org.openqa.selenium.StaleElementReferenceException: stale element reference: stale element not found in the current frame
  (Session info: chrome=142.0.7444.176)
For documentation on this error, please visit: https://www.selenium.dev/documentation/webdriver/troubleshooting/errors#stale-element-reference-exception
Build info: version: '4.12.0', revision: '249f2a7d1b*'
System info: os.name: 'Windows 11', os.arch: 'amd64', os.version: '10.0', java.version: '17.0.17'
Driver info: org.openqa.selenium.chrome.ChromeDriver
Command: [66601cd3379f29ab2def5a5273b4b5b8, executeScript {script=arguments[0].scrollIntoView(), args=[{element-6066-11e4-a52e-4f735466cecf=f.DE3221D5A3FC32D882766FB8EEA8B462.d.26E581F1718893E8999B5CD4E71CB218.e.2211}]}]
Capabilities {acceptInsecureCerts: false, browserName: chrome, browserVersion: 142.0.7444.176, chrome: {chromedriverVersion: 142.0.7444.175 (302067f14a4..., userDataDir: C:\Users\Admin\AppData\Loca...}, fedcm:accounts: true, goog:chromeOptions: {debuggerAddress: localhost:62388}, goog:processID: 10256, networkConnectionEnabled: false, pageLoadStrategy: normal, platformName: windows, proxy: Proxy(), se:cdp: ws://localhost:62388/devtoo..., se:cdpVersion: 142.0.7444.176, setWindowRect: true, strictFileInteractability: false, timeouts: {implicit: 0, pageLoad: 300000, script: 30000}, unhandledPromptBehavior: dismiss and notify, webauthn:extension:credBlob: true, webauthn:extension:largeBlob: true, webauthn:extension:minPinLength: true, webauthn:extension:prf: true, webauthn:virtualAuthenticators: true}
Session ID: 66601cd3379f29ab2def5a5273b4b5b8
	at java.base/jdk.internal.reflect.NativeConstructorAccessorImpl.newInstance0(Native Method)
	at java.base/jdk.internal.reflect.NativeConstructorAccessorImpl.newInstance(NativeConstructorAccessorImpl.java:77)
	at java.base/jdk.internal.reflect.DelegatingConstructorAccessorImpl.newInstance(DelegatingConstructorAccessorImpl.java:45)
	at java.base/java.lang.reflect.Constructor.newInstanceWithCaller(Constructor.java:499)
	at java.base/java.lang.reflect.Constructor.newInstance(Constructor.java:480)
	at org.openqa.selenium.remote.codec.w3c.W3CHttpResponseCodec.createException(W3CHttpResponseCodec.java:200)
	at org.openqa.selenium.remote.codec.w3c.W3CHttpResponseCodec.decode(W3CHttpResponseCodec.java:133)
	at org.openqa.selenium.remote.codec.w3c.W3CHttpResponseCodec.decode(W3CHttpResponseCodec.java:52)
	at org.openqa.selenium.remote.HttpCommandExecutor.execute(HttpCommandExecutor.java:191)
	at org.openqa.selenium.remote.service.DriverCommandExecutor.invokeExecute(DriverCommandExecutor.java:196)
	at org.openqa.selenium.remote.service.DriverCommandExecutor.execute(DriverCommandExecutor.java:171)
	at org.openqa.selenium.remote.RemoteWebDriver.execute(RemoteWebDriver.java:602)
	at org.openqa.selenium.remote.RemoteWebDriver.executeScript(RemoteWebDriver.java:467)
	at com.uiFramework.Genesis.helper.JavaScriptHelper.executeScript(JavaScriptHelper.java:34)
	at com.uiFramework.Genesis.helper.JavaScriptHelper.scrollIntoView(JavaScriptHelper.java:61)
	at com.uiFramework.Genesis.web.pages.OrderPage.cityDropdown(OrderPage.java:903)
	at com.uiFramework.Genesis.regression.web.OrderTest.shouldShowErrorOnConfirmFromListingWithMissingFields(OrderTest.java:281)
	at java.base/jdk.internal.reflect.NativeMethodAccessorImpl.invoke0(Native Method)
	at java.base/jdk.internal.reflect.NativeMethodAccessorImpl.invoke(NativeMethodAccessorImpl.java:77)
	at java.base/jdk.internal.reflect.DelegatingMethodAccessorImpl.invoke(DelegatingMethodAccessorImpl.java:43)
	at java.base/java.lang.reflect.Method.invoke(Method.java:568)
	at org.testng.internal.invokers.MethodInvocationHelper.invokeMethod(MethodInvocationHelper.java:141)
	at org.testng.internal.invokers.TestInvoker.invokeMethod(TestInvoker.java:686)
	at org.testng.internal.invokers.TestInvoker.invokeTestMethod(TestInvoker.java:230)
	at org.testng.internal.invokers.MethodRunner.runInSequence(MethodRunner.java:63)
	at org.testng.internal.invokers.TestInvoker$MethodInvocationAgent.invoke(TestInvoker.java:992)
	at org.testng.internal.invokers.TestInvoker.invokeTestMethods(TestInvoker.java:203)
	at org.testng.internal.invokers.TestMethodWorker.invokeTestMethods(TestMethodWorker.java:154)
	at org.testng.internal.invokers.TestMethodWorker.run(TestMethodWorker.java:134)
	at java.base/java.util.ArrayList.forEach(ArrayList.java:1511)
	at org.testng.TestRunner.privateRun(TestRunner.java:739)
	at org.testng.TestRunner.run(TestRunner.java:614)
	at org.testng.SuiteRunner.runTest(SuiteRunner.java:421)
	at org.testng.SuiteRunner.runSequentially(SuiteRunner.java:413)
	at org.testng.SuiteRunner.privateRun(SuiteRunner.java:373)
	at org.testng.SuiteRunner.run(SuiteRunner.java:312)
	at org.testng.SuiteRunnerWorker.runSuite(SuiteRunnerWorker.java:52)
	at org.testng.SuiteRunnerWorker.run(SuiteRunnerWorker.java:95)
	at org.testng.TestNG.runSuitesSequentially(TestNG.java:1274)
	at org.testng.TestNG.runSuitesLocally(TestNG.java:1208)
	at org.testng.TestNG.runSuites(TestNG.java:1112)
	at org.testng.TestNG.run(TestNG.java:1079)
	at org.apache.maven.surefire.testng.TestNGExecutor.run(TestNGExecutor.java:283)
	at org.apache.maven.surefire.testng.TestNGXmlTestSuite.execute(TestNGXmlTestSuite.java:75)
	at org.apache.maven.surefire.testng.TestNGProvider.invoke(TestNGProvider.java:120)
	at org.apache.maven.surefire.booter.ForkedBooter.invokeProviderInSameClassLoader(ForkedBooter.java:384)
	at org.apache.maven.surefire.booter.ForkedBooter.runSuitesInProcess(ForkedBooter.java:345)
	at org.apache.maven.surefire.booter.ForkedBooter.execute(ForkedBooter.java:126)
	at org.apache.maven.surefire.booter.ForkedBooter.main(ForkedBooter.java:418)

Nov 24, 2025 1:06:36 PM com.uiFramework.Genesis.web.pages.CommonPage waitForLoaderToDisappear
INFO: Loader has disappeared..
Nov 24, 2025 1:06:41 PM com.uiFramework.Genesis.web.pages.CommonPage waitForPopupToDisappear
INFO: No popup appeared. Continuing...
Nov 24, 2025 1:06:43 PM com.uiFramework.Genesis.web.pages.CommonPage waitForLoaderToDisappear
INFO: Loader has disappeared..
]]></system-err>
  </testcase>
  <testcase name="shouldDeleteOrderSuccessfullyWhenInDraftStatusInDraft" classname="com.uiFramework.Genesis.regression.web.OrderTest" time="0">
    <skipped message="Method com.uiFramework.Genesis.regression.web.OrderTest.shouldDeleteOrderSuccessfullyWhenInDraftStatusInDraft() on instance com.uiFramework.Genesis.regression.web.OrderTest@692f203f depends on not successfully finished methods &#10;[com.uiFramework.Genesis.regression.web.OrderTest.shouldShowErrorOnConfirmFromListingWithMissingFields() on instance com.uiFramework.Genesis.regression.web.OrderTest@692f203f]"/>
  </testcase>
  <testcase name="shouldCreateDistributorOrderWithRequiredDetails" classname="com.uiFramework.Genesis.regression.web.OrderTest" time="83.513"/>
  <testcase name="shouldDisplayBarcodeAfterDistributorOrderConfirmation" classname="com.uiFramework.Genesis.regression.web.OrderTest" time="54.346">
    <failure message="Expected condition failed: waiting for element to be clickable: By.xpath: (//input[@aria-invalid=&apos;false&apos;])[2] (tried for 40 second(s) with 500 milliseconds interval)&#10;Build info: version: &apos;4.12.0&apos;, revision: &apos;249f2a7d1b*&apos;&#10;System info: os.name: &apos;Windows 11&apos;, os.arch: &apos;amd64&apos;, os.version: &apos;10.0&apos;, java.version: &apos;17.0.17&apos;&#10;Driver info: org.openqa.selenium.chrome.ChromeDriver&#10;Capabilities {acceptInsecureCerts: false, browserName: chrome, browserVersion: 142.0.7444.176, chrome: {chromedriverVersion: 142.0.7444.175 (302067f14a4..., userDataDir: C:\Users\Admin\AppData\Loca...}, fedcm:accounts: true, goog:chromeOptions: {debuggerAddress: localhost:62388}, goog:processID: 10256, networkConnectionEnabled: false, pageLoadStrategy: normal, platformName: windows, proxy: Proxy(), se:cdp: ws://localhost:62388/devtoo..., se:cdpVersion: 142.0.7444.176, setWindowRect: true, strictFileInteractability: false, timeouts: {implicit: 0, pageLoad: 300000, script: 30000}, unhandledPromptBehavior: dismiss and notify, webauthn:extension:credBlob: true, webauthn:extension:largeBlob: true, webauthn:extension:minPinLength: true, webauthn:extension:prf: true, webauthn:virtualAuthenticators: true}&#10;Session ID: 66601cd3379f29ab2def5a5273b4b5b8" type="org.openqa.selenium.TimeoutException">org.openqa.selenium.TimeoutException: 
Expected condition failed: waiting for element to be clickable: By.xpath: (//input[@aria-invalid='false'])[2] (tried for 40 second(s) with 500 milliseconds interval)
Build info: version: '4.12.0', revision: '249f2a7d1b*'
System info: os.name: 'Windows 11', os.arch: 'amd64', os.version: '10.0', java.version: '17.0.17'
Driver info: org.openqa.selenium.chrome.ChromeDriver
Capabilities {acceptInsecureCerts: false, browserName: chrome, browserVersion: 142.0.7444.176, chrome: {chromedriverVersion: 142.0.7444.175 (302067f14a4..., userDataDir: C:\Users\Admin\AppData\Loca...}, fedcm:accounts: true, goog:chromeOptions: {debuggerAddress: localhost:62388}, goog:processID: 10256, networkConnectionEnabled: false, pageLoadStrategy: normal, platformName: windows, proxy: Proxy(), se:cdp: ws://localhost:62388/devtoo..., se:cdpVersion: 142.0.7444.176, setWindowRect: true, strictFileInteractability: false, timeouts: {implicit: 0, pageLoad: 300000, script: 30000}, unhandledPromptBehavior: dismiss and notify, webauthn:extension:credBlob: true, webauthn:extension:largeBlob: true, webauthn:extension:minPinLength: true, webauthn:extension:prf: true, webauthn:virtualAuthenticators: true}
Session ID: 66601cd3379f29ab2def5a5273b4b5b8
	at com.uiFramework.Genesis.regression.web.OrderTest.shouldDisplayBarcodeAfterDistributorOrderConfirmation(OrderTest.java:327)
</failure>
    <system-err><![CDATA[Nov 24, 2025 1:08:49 PM com.uiFramework.Genesis.web.pages.CommonPage waitForLoaderToDisappear
INFO: Loader has disappeared..
Nov 24, 2025 1:08:54 PM com.uiFramework.Genesis.web.pages.CommonPage waitForPopupToDisappear
INFO: Toast popup appeared and disappeared.
Nov 24, 2025 1:08:54 PM com.uiFramework.Genesis.web.pages.CommonPage waitForLoaderToDisappear
INFO: Loader has disappeared..
Nov 24, 2025 1:08:59 PM com.uiFramework.Genesis.web.pages.CommonPage waitForPopupToDisappear
INFO: No popup appeared. Continuing...
Nov 24, 2025 1:09:01 PM com.uiFramework.Genesis.web.pages.CommonPage waitForLoaderToDisappear
INFO: Loader has disappeared..
Nov 24, 2025 1:09:01 PM com.uiFramework.Genesis.web.pages.OrderPage verifyBarcodeAfterConfirmationOnListing
INFO: Verifying barcode after confirming order for order number: 
Nov 24, 2025 1:09:01 PM com.uiFramework.Genesis.web.pages.CommonPage waitForLoaderToDisappear
INFO: Loader has disappeared..
]]></system-err>
  </testcase>
  <testcase name="shouldNotGenerateBarcodeWhenCheckboxIsUnchecked" classname="com.uiFramework.Genesis.regression.web.OrderTest" time="137.508">
    <failure message="Expected condition failed: waiting for element to be clickable: By.xpath: (//input[@aria-invalid=&apos;false&apos;])[2] (tried for 40 second(s) with 500 milliseconds interval)&#10;Build info: version: &apos;4.12.0&apos;, revision: &apos;249f2a7d1b*&apos;&#10;System info: os.name: &apos;Windows 11&apos;, os.arch: &apos;amd64&apos;, os.version: &apos;10.0&apos;, java.version: &apos;17.0.17&apos;&#10;Driver info: org.openqa.selenium.chrome.ChromeDriver&#10;Capabilities {acceptInsecureCerts: false, browserName: chrome, browserVersion: 142.0.7444.176, chrome: {chromedriverVersion: 142.0.7444.175 (302067f14a4..., userDataDir: C:\Users\Admin\AppData\Loca...}, fedcm:accounts: true, goog:chromeOptions: {debuggerAddress: localhost:62388}, goog:processID: 10256, networkConnectionEnabled: false, pageLoadStrategy: normal, platformName: windows, proxy: Proxy(), se:cdp: ws://localhost:62388/devtoo..., se:cdpVersion: 142.0.7444.176, setWindowRect: true, strictFileInteractability: false, timeouts: {implicit: 0, pageLoad: 300000, script: 30000}, unhandledPromptBehavior: dismiss and notify, webauthn:extension:credBlob: true, webauthn:extension:largeBlob: true, webauthn:extension:minPinLength: true, webauthn:extension:prf: true, webauthn:virtualAuthenticators: true}&#10;Session ID: 66601cd3379f29ab2def5a5273b4b5b8" type="org.openqa.selenium.TimeoutException">org.openqa.selenium.TimeoutException: 
Expected condition failed: waiting for element to be clickable: By.xpath: (//input[@aria-invalid='false'])[2] (tried for 40 second(s) with 500 milliseconds interval)
Build info: version: '4.12.0', revision: '249f2a7d1b*'
System info: os.name: 'Windows 11', os.arch: 'amd64', os.version: '10.0', java.version: '17.0.17'
Driver info: org.openqa.selenium.chrome.ChromeDriver
Capabilities {acceptInsecureCerts: false, browserName: chrome, browserVersion: 142.0.7444.176, chrome: {chromedriverVersion: 142.0.7444.175 (302067f14a4..., userDataDir: C:\Users\Admin\AppData\Loca...}, fedcm:accounts: true, goog:chromeOptions: {debuggerAddress: localhost:62388}, goog:processID: 10256, networkConnectionEnabled: false, pageLoadStrategy: normal, platformName: windows, proxy: Proxy(), se:cdp: ws://localhost:62388/devtoo..., se:cdpVersion: 142.0.7444.176, setWindowRect: true, strictFileInteractability: false, timeouts: {implicit: 0, pageLoad: 300000, script: 30000}, unhandledPromptBehavior: dismiss and notify, webauthn:extension:credBlob: true, webauthn:extension:largeBlob: true, webauthn:extension:minPinLength: true, webauthn:extension:prf: true, webauthn:virtualAuthenticators: true}
Session ID: 66601cd3379f29ab2def5a5273b4b5b8
	at com.uiFramework.Genesis.regression.web.OrderTest.shouldNotGenerateBarcodeWhenCheckboxIsUnchecked(OrderTest.java:345)
</failure>
    <system-err><![CDATA[Nov 24, 2025 1:09:41 PM com.uiFramework.Genesis.web.pages.CommonPage waitForLoaderToDisappear
INFO: Loader has disappeared..
Nov 24, 2025 1:09:46 PM com.uiFramework.Genesis.web.pages.CommonPage waitForPopupToDisappear
INFO: No popup appeared. Continuing...
Nov 24, 2025 1:09:46 PM com.uiFramework.Genesis.web.pages.CommonPage waitForLoaderToDisappear
INFO: Loader has disappeared..
Nov 24, 2025 1:09:51 PM com.uiFramework.Genesis.web.pages.CommonPage waitForPopupToDisappear
INFO: No popup appeared. Continuing...
Nov 24, 2025 1:10:23 PM com.uiFramework.Genesis.web.pages.OrderPage landingOrderListing
INFO: Error occurred while landing: Expected condition failed: waiting for element to be clickable: By.xpath: //button[text()='back'] (tried for 30 second(s) with 250 milliseconds interval)
Build info: version: '4.12.0', revision: '249f2a7d1b*'
System info: os.name: 'Windows 11', os.arch: 'amd64', os.version: '10.0', java.version: '17.0.17'
Driver info: org.openqa.selenium.chrome.ChromeDriver
Capabilities {acceptInsecureCerts: false, browserName: chrome, browserVersion: 142.0.7444.176, chrome: {chromedriverVersion: 142.0.7444.175 (302067f14a4..., userDataDir: C:\Users\Admin\AppData\Loca...}, fedcm:accounts: true, goog:chromeOptions: {debuggerAddress: localhost:62388}, goog:processID: 10256, networkConnectionEnabled: false, pageLoadStrategy: normal, platformName: windows, proxy: Proxy(), se:cdp: ws://localhost:62388/devtoo..., se:cdpVersion: 142.0.7444.176, setWindowRect: true, strictFileInteractability: false, timeouts: {implicit: 0, pageLoad: 300000, script: 30000}, unhandledPromptBehavior: dismiss and notify, webauthn:extension:credBlob: true, webauthn:extension:largeBlob: true, webauthn:extension:minPinLength: true, webauthn:extension:prf: true, webauthn:virtualAuthenticators: true}
Session ID: 66601cd3379f29ab2def5a5273b4b5b8
Nov 24, 2025 1:10:28 PM com.uiFramework.Genesis.web.pages.CommonPage waitForPopupToDisappear
INFO: No popup appeared. Continuing...
Nov 24, 2025 1:10:28 PM com.uiFramework.Genesis.web.pages.CommonPage waitForLoaderToDisappear
INFO: Loader has disappeared..
Nov 24, 2025 1:10:29 PM com.uiFramework.Genesis.web.pages.CommonPage waitForLoaderToDisappear
INFO: Loader has disappeared..
Nov 24, 2025 1:10:29 PM com.uiFramework.Genesis.web.pages.CommonPage waitForLoaderToDisappear
INFO: Loader has disappeared..
Nov 24, 2025 1:10:29 PM com.uiFramework.Genesis.web.pages.CommonPage waitForLoaderToDisappear
INFO: Loader has disappeared..
Nov 24, 2025 1:10:29 PM com.uiFramework.Genesis.web.pages.CommonPage waitForLoaderToDisappear
INFO: Loader has disappeared..
Nov 24, 2025 1:10:31 PM com.uiFramework.Genesis.web.pages.CommonPage waitForLoaderToDisappear
INFO: Loader has disappeared..
Nov 24, 2025 1:10:37 PM com.uiFramework.Genesis.web.pages.CommonPage waitForLoaderToDisappear
INFO: Loader has disappeared..
Nov 24, 2025 1:10:44 PM com.uiFramework.Genesis.web.pages.CommonPage waitForLoaderToDisappear
INFO: Loader has disappeared..
Nov 24, 2025 1:10:54 PM com.uiFramework.Genesis.web.pages.CommonPage waitForLoaderToDisappear
INFO: Loader has disappeared..
Nov 24, 2025 1:10:57 PM com.uiFramework.Genesis.web.pages.CommonPage waitForLoaderToDisappear
INFO: Loader has disappeared..
Nov 24, 2025 1:10:57 PM com.uiFramework.Genesis.web.pages.CommonPage waitForLoaderToDisappear
INFO: Loader has disappeared..
Nov 24, 2025 1:10:59 PM com.uiFramework.Genesis.web.pages.CommonPage waitForLoaderToDisappear
INFO: Loader has disappeared..
Nov 24, 2025 1:10:59 PM com.uiFramework.Genesis.web.pages.CommonPage waitForLoaderToDisappear
INFO: Loader has disappeared..
Nov 24, 2025 1:11:01 PM com.uiFramework.Genesis.web.pages.CommonPage waitForLoaderToDisappear
INFO: Loader has disappeared..
Nov 24, 2025 1:11:11 PM com.uiFramework.Genesis.web.pages.CommonPage waitForPopupToDisappear
INFO: Toast popup appeared and disappeared.
Nov 24, 2025 1:11:11 PM com.uiFramework.Genesis.web.pages.CommonPage waitForLoaderToDisappear
INFO: Loader has disappeared..
Nov 24, 2025 1:11:16 PM com.uiFramework.Genesis.web.pages.CommonPage waitForPopupToDisappear
INFO: No popup appeared. Continuing...
Nov 24, 2025 1:11:18 PM com.uiFramework.Genesis.web.pages.OrderPage untickBarcodeGenertion
INFO: barcode untick for order no.11092
Nov 24, 2025 1:11:18 PM com.uiFramework.Genesis.web.pages.OrderPage verifyBarcodeAfterConfirmationOnListing
INFO: Verifying barcode after confirming order for order number: 
Nov 24, 2025 1:11:18 PM com.uiFramework.Genesis.web.pages.CommonPage waitForLoaderToDisappear
INFO: Loader has disappeared..
]]></system-err>
  </testcase>
  <testcase name="shouldConfirmMultipleOrdersAndDisplaySuccessToast" classname="com.uiFramework.Genesis.regression.web.OrderTest" time="161.067">
    <failure message="The following asserts failed:&#10;	Not matched expected [Selected order confirm successfully] but found [Toast message Failed]" type="java.lang.AssertionError">java.lang.AssertionError: 
The following asserts failed:
	Not matched expected [Selected order confirm successfully] but found [Toast message Failed]
	at com.uiFramework.Genesis.regression.web.OrderTest.shouldConfirmMultipleOrdersAndDisplaySuccessToast(OrderTest.java:363)
</failure>
    <system-err><![CDATA[Nov 24, 2025 1:12:04 PM com.uiFramework.Genesis.web.pages.OrderPage verifyBarcodeIfDisplayed
INFO: Print button not displayed. Skipping barcode verification.
Nov 24, 2025 1:12:04 PM com.uiFramework.Genesis.web.pages.CommonPage waitForLoaderToDisappear
INFO: Loader has disappeared..
Nov 24, 2025 1:12:09 PM com.uiFramework.Genesis.web.pages.CommonPage waitForPopupToDisappear
INFO: No popup appeared. Continuing...
Nov 24, 2025 1:12:09 PM com.uiFramework.Genesis.web.pages.CommonPage waitForLoaderToDisappear
INFO: Loader has disappeared..
Nov 24, 2025 1:12:14 PM com.uiFramework.Genesis.web.pages.CommonPage waitForPopupToDisappear
INFO: No popup appeared. Continuing...
Nov 24, 2025 1:12:45 PM com.uiFramework.Genesis.web.pages.OrderPage landingOrderListing
INFO: Error occurred while landing: Expected condition failed: waiting for element to be clickable: By.xpath: //button[text()='back'] (tried for 30 second(s) with 250 milliseconds interval)
Build info: version: '4.12.0', revision: '249f2a7d1b*'
System info: os.name: 'Windows 11', os.arch: 'amd64', os.version: '10.0', java.version: '17.0.17'
Driver info: org.openqa.selenium.chrome.ChromeDriver
Capabilities {acceptInsecureCerts: false, browserName: chrome, browserVersion: 142.0.7444.176, chrome: {chromedriverVersion: 142.0.7444.175 (302067f14a4..., userDataDir: C:\Users\Admin\AppData\Loca...}, fedcm:accounts: true, goog:chromeOptions: {debuggerAddress: localhost:62388}, goog:processID: 10256, networkConnectionEnabled: false, pageLoadStrategy: normal, platformName: windows, proxy: Proxy(), se:cdp: ws://localhost:62388/devtoo..., se:cdpVersion: 142.0.7444.176, setWindowRect: true, strictFileInteractability: false, timeouts: {implicit: 0, pageLoad: 300000, script: 30000}, unhandledPromptBehavior: dismiss and notify, webauthn:extension:credBlob: true, webauthn:extension:largeBlob: true, webauthn:extension:minPinLength: true, webauthn:extension:prf: true, webauthn:virtualAuthenticators: true}
Session ID: 66601cd3379f29ab2def5a5273b4b5b8
Nov 24, 2025 1:12:45 PM com.uiFramework.Genesis.web.pages.CommonPage waitForLoaderToDisappear
INFO: Loader has disappeared..
Nov 24, 2025 1:12:50 PM com.uiFramework.Genesis.web.pages.CommonPage waitForPopupToDisappear
INFO: No popup appeared. Continuing...
Nov 24, 2025 1:12:50 PM com.uiFramework.Genesis.web.pages.CommonPage waitForLoaderToDisappear
INFO: Loader has disappeared..
Nov 24, 2025 1:12:51 PM com.uiFramework.Genesis.web.pages.CommonPage waitForLoaderToDisappear
INFO: Loader has disappeared..
Nov 24, 2025 1:12:51 PM com.uiFramework.Genesis.web.pages.CommonPage waitForLoaderToDisappear
INFO: Loader has disappeared..
Nov 24, 2025 1:12:52 PM com.uiFramework.Genesis.web.pages.CommonPage waitForLoaderToDisappear
INFO: Loader has disappeared..
Nov 24, 2025 1:12:53 PM com.uiFramework.Genesis.web.pages.CommonPage waitForLoaderToDisappear
INFO: Loader has disappeared..
Nov 24, 2025 1:12:57 PM com.uiFramework.Genesis.web.pages.CommonPage waitForLoaderToDisappear
INFO: Loader has disappeared..
Nov 24, 2025 1:12:57 PM com.uiFramework.Genesis.web.pages.CommonPage waitForLoaderToDisappear
INFO: Loader has disappeared..
Nov 24, 2025 1:12:57 PM com.uiFramework.Genesis.web.pages.CommonPage waitForLoaderToDisappear
INFO: Loader has disappeared..
Nov 24, 2025 1:12:58 PM com.uiFramework.Genesis.web.pages.CommonPage waitForLoaderToDisappear
INFO: Loader has disappeared..
Nov 24, 2025 1:13:00 PM com.uiFramework.Genesis.web.pages.CommonPage waitForLoaderToDisappear
INFO: Loader has disappeared..
Nov 24, 2025 1:13:10 PM com.uiFramework.Genesis.web.pages.CommonPage waitForPopupToDisappear
INFO: Toast popup appeared and disappeared.
Nov 24, 2025 1:13:10 PM com.uiFramework.Genesis.web.pages.CommonPage waitForLoaderToDisappear
INFO: Loader has disappeared..
Nov 24, 2025 1:13:15 PM com.uiFramework.Genesis.web.pages.CommonPage waitForPopupToDisappear
INFO: No popup appeared. Continuing...
Nov 24, 2025 1:13:17 PM com.uiFramework.Genesis.web.pages.CommonPage waitForLoaderToDisappear
INFO: Loader has disappeared..
Nov 24, 2025 1:13:17 PM com.uiFramework.Genesis.web.pages.CommonPage waitForLoaderToDisappear
INFO: Loader has disappeared..
Nov 24, 2025 1:13:22 PM com.uiFramework.Genesis.web.pages.CommonPage waitForPopupToDisappear
INFO: No popup appeared. Continuing...
Nov 24, 2025 1:13:22 PM com.uiFramework.Genesis.web.pages.CommonPage waitForLoaderToDisappear
INFO: Loader has disappeared..
Nov 24, 2025 1:13:23 PM com.uiFramework.Genesis.web.pages.CommonPage waitForLoaderToDisappear
INFO: Loader has disappeared..
Nov 24, 2025 1:13:23 PM com.uiFramework.Genesis.web.pages.CommonPage waitForLoaderToDisappear
INFO: Loader has disappeared..
Nov 24, 2025 1:13:24 PM com.uiFramework.Genesis.web.pages.CommonPage waitForLoaderToDisappear
INFO: Loader has disappeared..
Nov 24, 2025 1:13:26 PM com.uiFramework.Genesis.web.pages.CommonPage waitForLoaderToDisappear
INFO: Loader has disappeared..
Nov 24, 2025 1:13:28 PM com.uiFramework.Genesis.web.pages.CommonPage waitForLoaderToDisappear
INFO: Loader has disappeared..
Nov 24, 2025 1:13:28 PM com.uiFramework.Genesis.web.pages.CommonPage waitForLoaderToDisappear
INFO: Loader has disappeared..
Nov 24, 2025 1:13:29 PM com.uiFramework.Genesis.web.pages.CommonPage waitForLoaderToDisappear
INFO: Loader has disappeared..
Nov 24, 2025 1:13:30 PM com.uiFramework.Genesis.web.pages.CommonPage waitForLoaderToDisappear
INFO: Loader has disappeared..
Nov 24, 2025 1:13:32 PM com.uiFramework.Genesis.web.pages.CommonPage waitForLoaderToDisappear
INFO: Loader has disappeared..
Nov 24, 2025 1:13:41 PM com.uiFramework.Genesis.web.pages.CommonPage waitForPopupToDisappear
INFO: Toast popup appeared and disappeared.
Nov 24, 2025 1:13:41 PM com.uiFramework.Genesis.web.pages.CommonPage waitForLoaderToDisappear
INFO: Loader has disappeared..
Nov 24, 2025 1:13:46 PM com.uiFramework.Genesis.web.pages.CommonPage waitForPopupToDisappear
INFO: No popup appeared. Continuing...
Nov 24, 2025 1:13:49 PM com.uiFramework.Genesis.web.pages.CommonPage waitForLoaderToDisappear
INFO: Loader has disappeared..
Nov 24, 2025 1:14:29 PM com.uiFramework.Genesis.web.pages.OrderPage confirmTwoOrders
SEVERE: Error during order confirmation
org.openqa.selenium.TimeoutException: Expected condition failed: waiting for element to be clickable: By.xpath: (//input[@aria-invalid='false'])[2] (tried for 40 second(s) with 500 milliseconds interval)
Build info: version: '4.12.0', revision: '249f2a7d1b*'
System info: os.name: 'Windows 11', os.arch: 'amd64', os.version: '10.0', java.version: '17.0.17'
Driver info: org.openqa.selenium.chrome.ChromeDriver
Capabilities {acceptInsecureCerts: false, browserName: chrome, browserVersion: 142.0.7444.176, chrome: {chromedriverVersion: 142.0.7444.175 (302067f14a4..., userDataDir: C:\Users\Admin\AppData\Loca...}, fedcm:accounts: true, goog:chromeOptions: {debuggerAddress: localhost:62388}, goog:processID: 10256, networkConnectionEnabled: false, pageLoadStrategy: normal, platformName: windows, proxy: Proxy(), se:cdp: ws://localhost:62388/devtoo..., se:cdpVersion: 142.0.7444.176, setWindowRect: true, strictFileInteractability: false, timeouts: {implicit: 0, pageLoad: 300000, script: 30000}, unhandledPromptBehavior: dismiss and notify, webauthn:extension:credBlob: true, webauthn:extension:largeBlob: true, webauthn:extension:minPinLength: true, webauthn:extension:prf: true, webauthn:virtualAuthenticators: true}
Session ID: 66601cd3379f29ab2def5a5273b4b5b8
	at org.openqa.selenium.support.ui.WebDriverWait.timeoutException(WebDriverWait.java:84)
	at org.openqa.selenium.support.ui.FluentWait.until(FluentWait.java:230)
	at com.uiFramework.Genesis.web.pages.OrderPage.safeClick(OrderPage.java:87)
	at com.uiFramework.Genesis.web.pages.OrderPage.confirmTwoOrders(OrderPage.java:965)
	at com.uiFramework.Genesis.regression.web.OrderTest.shouldConfirmMultipleOrdersAndDisplaySuccessToast(OrderTest.java:361)
	at java.base/jdk.internal.reflect.NativeMethodAccessorImpl.invoke0(Native Method)
	at java.base/jdk.internal.reflect.NativeMethodAccessorImpl.invoke(NativeMethodAccessorImpl.java:77)
	at java.base/jdk.internal.reflect.DelegatingMethodAccessorImpl.invoke(DelegatingMethodAccessorImpl.java:43)
	at java.base/java.lang.reflect.Method.invoke(Method.java:568)
	at org.testng.internal.invokers.MethodInvocationHelper.invokeMethod(MethodInvocationHelper.java:141)
	at org.testng.internal.invokers.TestInvoker.invokeMethod(TestInvoker.java:686)
	at org.testng.internal.invokers.TestInvoker.invokeTestMethod(TestInvoker.java:230)
	at org.testng.internal.invokers.MethodRunner.runInSequence(MethodRunner.java:63)
	at org.testng.internal.invokers.TestInvoker$MethodInvocationAgent.invoke(TestInvoker.java:992)
	at org.testng.internal.invokers.TestInvoker.invokeTestMethods(TestInvoker.java:203)
	at org.testng.internal.invokers.TestMethodWorker.invokeTestMethods(TestMethodWorker.java:154)
	at org.testng.internal.invokers.TestMethodWorker.run(TestMethodWorker.java:134)
	at java.base/java.util.ArrayList.forEach(ArrayList.java:1511)
	at org.testng.TestRunner.privateRun(TestRunner.java:739)
	at org.testng.TestRunner.run(TestRunner.java:614)
	at org.testng.SuiteRunner.runTest(SuiteRunner.java:421)
	at org.testng.SuiteRunner.runSequentially(SuiteRunner.java:413)
	at org.testng.SuiteRunner.privateRun(SuiteRunner.java:373)
	at org.testng.SuiteRunner.run(SuiteRunner.java:312)
	at org.testng.SuiteRunnerWorker.runSuite(SuiteRunnerWorker.java:52)
	at org.testng.SuiteRunnerWorker.run(SuiteRunnerWorker.java:95)
	at org.testng.TestNG.runSuitesSequentially(TestNG.java:1274)
	at org.testng.TestNG.runSuitesLocally(TestNG.java:1208)
	at org.testng.TestNG.runSuites(TestNG.java:1112)
	at org.testng.TestNG.run(TestNG.java:1079)
	at org.apache.maven.surefire.testng.TestNGExecutor.run(TestNGExecutor.java:283)
	at org.apache.maven.surefire.testng.TestNGXmlTestSuite.execute(TestNGXmlTestSuite.java:75)
	at org.apache.maven.surefire.testng.TestNGProvider.invoke(TestNGProvider.java:120)
	at org.apache.maven.surefire.booter.ForkedBooter.invokeProviderInSameClassLoader(ForkedBooter.java:384)
	at org.apache.maven.surefire.booter.ForkedBooter.runSuitesInProcess(ForkedBooter.java:345)
	at org.apache.maven.surefire.booter.ForkedBooter.execute(ForkedBooter.java:126)
	at org.apache.maven.surefire.booter.ForkedBooter.main(ForkedBooter.java:418)

Nov 24, 2025 1:14:40 PM com.uiFramework.Genesis.web.pages.CommonPage captureToastMessage
SEVERE: Error capturing toast message: Expected condition failed: waiting for visibility of element located by By.xpath: //div[@role='alert']//div[2] (tried for 10 second(s) with 500 milliseconds interval)
Build info: version: '4.12.0', revision: '249f2a7d1b*'
System info: os.name: 'Windows 11', os.arch: 'amd64', os.version: '10.0', java.version: '17.0.17'
Driver info: org.openqa.selenium.chrome.ChromeDriver
Capabilities {acceptInsecureCerts: false, browserName: chrome, browserVersion: 142.0.7444.176, chrome: {chromedriverVersion: 142.0.7444.175 (302067f14a4..., userDataDir: C:\Users\Admin\AppData\Loca...}, fedcm:accounts: true, goog:chromeOptions: {debuggerAddress: localhost:62388}, goog:processID: 10256, networkConnectionEnabled: false, pageLoadStrategy: normal, platformName: windows, proxy: Proxy(), se:cdp: ws://localhost:62388/devtoo..., se:cdpVersion: 142.0.7444.176, setWindowRect: true, strictFileInteractability: false, timeouts: {implicit: 0, pageLoad: 300000, script: 30000}, unhandledPromptBehavior: dismiss and notify, webauthn:extension:credBlob: true, webauthn:extension:largeBlob: true, webauthn:extension:minPinLength: true, webauthn:extension:prf: true, webauthn:virtualAuthenticators: true}
Session ID: 66601cd3379f29ab2def5a5273b4b5b8
]]></system-err>
  </testcase>
  <testcase name="shouldAllowOrderDeletionAfterConfirmation" classname="com.uiFramework.Genesis.regression.web.OrderTest" time="0">
    <skipped message="Method com.uiFramework.Genesis.regression.web.OrderTest.shouldAllowOrderDeletionAfterConfirmation() on instance com.uiFramework.Genesis.regression.web.OrderTest@692f203f depends on not successfully finished methods &#10;[com.uiFramework.Genesis.regression.web.OrderTest.shouldConfirmMultipleOrdersAndDisplaySuccessToast() on instance com.uiFramework.Genesis.regression.web.OrderTest@692f203f]"/>
  </testcase>
  <testcase name="shouldNotAllowDeletionWhenOrderInPalletStage" classname="com.uiFramework.Genesis.regression.web.OrderTest" time="54.686"/>
  <testcase name="shouldPaginateOrderListingCorrectly" classname="com.uiFramework.Genesis.regression.web.OrderTest" time="17.316"/>
</testsuite>