<?xml version="1.0" encoding="UTF-8"?>
<testng-results ignored="0" total="198" passed="156" failed="36" skipped="6">
  <reporter-output>
  </reporter-output>
  <suite started-at="2026-01-27T14:15:27 IST" name="Suite" finished-at="2026-01-27T15:15:07 IST" duration-ms="3579290">
    <groups>
      <group name="smoke">
        <method signature="ConsigneeQATest.shouldDisplayEditableFieldsForTrackingUpdatedRequest()[pri:1, instance:com.uiFramework.Genesis.regression.web.ConsigneeQATest@57abad67]" name="shouldDisplayEditableFieldsForTrackingUpdatedRequest" class="com.uiFramework.Genesis.regression.web.ConsigneeQATest"/>
        <method signature="InboundPalletTest.CreateInboundPalletforMainOrder()[pri:1, instance:com.uiFramework.Genesis.regression.web.InboundPalletTest@6399551e]" name="CreateInboundPalletforMainOrder" class="com.uiFramework.Genesis.regression.web.InboundPalletTest"/>
        <method signature="InboundQATest.verifyPalletAvailable()[pri:1, instance:com.uiFramework.Genesis.regression.web.InboundQATest@49d3c823]" name="verifyPalletAvailable" class="com.uiFramework.Genesis.regression.web.InboundQATest"/>
        <method signature="InboundTruckTest.shouldVerifyPalletAvailableToAddInTruck()[pri:1, instance:com.uiFramework.Genesis.regression.web.InboundTruckTest@906d29b]" name="shouldVerifyPalletAvailableToAddInTruck" class="com.uiFramework.Genesis.regression.web.InboundTruckTest"/>
        <method signature="OrderTest.shouldDisplayOrderFormOnCreateButtonClick()[pri:1, instance:com.uiFramework.Genesis.regression.web.OrderTest@50468873]" name="shouldDisplayOrderFormOnCreateButtonClick" class="com.uiFramework.Genesis.regression.web.OrderTest"/>
        <method signature="OutboundPalletTest.shouldCreateOutboundPalletForMainOrder()[pri:1, instance:com.uiFramework.Genesis.regression.web.OutboundPalletTest@436bc36]" name="shouldCreateOutboundPalletForMainOrder" class="com.uiFramework.Genesis.regression.web.OutboundPalletTest"/>
        <method signature="OutboundQATest.shouldAcceptManifestForMainOrder()[pri:1, instance:com.uiFramework.Genesis.regression.web.OutboundQATest@66fdec9]" name="shouldAcceptManifestForMainOrder" class="com.uiFramework.Genesis.regression.web.OutboundQATest"/>
        <method signature="OutboundTruckTest.shouldPalletAvailableToCreateOutboundTruck()[pri:1, instance:com.uiFramework.Genesis.regression.web.OutboundTruckTest@5fe1ce85]" name="shouldPalletAvailableToCreateOutboundTruck" class="com.uiFramework.Genesis.regression.web.OutboundTruckTest"/>
        <method signature="InboundPalletTest.verifyInboundpalletCreateSuccefully()[pri:2, instance:com.uiFramework.Genesis.regression.web.InboundPalletTest@6399551e]" name="verifyInboundpalletCreateSuccefully" class="com.uiFramework.Genesis.regression.web.InboundPalletTest"/>
        <method signature="InboundQATest.verifyToasmsgOnQAPass()[pri:2, instance:com.uiFramework.Genesis.regression.web.InboundQATest@49d3c823]" name="verifyToasmsgOnQAPass" class="com.uiFramework.Genesis.regression.web.InboundQATest"/>
        <method signature="InboundTruckTest.shouldDisplayToastMessageOnCreateTruck()[pri:2, instance:com.uiFramework.Genesis.regression.web.InboundTruckTest@906d29b]" name="shouldDisplayToastMessageOnCreateTruck" class="com.uiFramework.Genesis.regression.web.InboundTruckTest"/>
        <method signature="OutboundPalletTest.shouldCreateOutboundPalletSuccessfully()[pri:2, instance:com.uiFramework.Genesis.regression.web.OutboundPalletTest@436bc36]" name="shouldCreateOutboundPalletSuccessfully" class="com.uiFramework.Genesis.regression.web.OutboundPalletTest"/>
        <method signature="OutboundTruckTest.shouldDisplayToastMessageOnCreateObtTruck()[pri:2, instance:com.uiFramework.Genesis.regression.web.OutboundTruckTest@5fe1ce85]" name="shouldDisplayToastMessageOnCreateObtTruck" class="com.uiFramework.Genesis.regression.web.OutboundTruckTest"/>
        <method signature="InboundTruckTest.shouldCheckDefaultCostEstimate()[pri:3, instance:com.uiFramework.Genesis.regression.web.InboundTruckTest@906d29b]" name="shouldCheckDefaultCostEstimate" class="com.uiFramework.Genesis.regression.web.InboundTruckTest"/>
        <method signature="OrderTest.shouldKeepConsigneeDropdownEmptyUntilCustomerSelected()[pri:3, instance:com.uiFramework.Genesis.regression.web.OrderTest@50468873]" name="shouldKeepConsigneeDropdownEmptyUntilCustomerSelected" class="com.uiFramework.Genesis.regression.web.OrderTest"/>
        <method signature="OutboundPalletTest.shouldDisplaySelectedWarehouseOrderInGrid()[pri:3, instance:com.uiFramework.Genesis.regression.web.OutboundPalletTest@436bc36]" name="shouldDisplaySelectedWarehouseOrderInGrid" class="com.uiFramework.Genesis.regression.web.OutboundPalletTest"/>
        <method signature="ConsigneeQATest.shouldValidateReceivedOrderPiecesWhenMarkSameQtyBtnClicked()[pri:4, instance:com.uiFramework.Genesis.regression.web.ConsigneeQATest@57abad67]" name="shouldValidateReceivedOrderPiecesWhenMarkSameQtyBtnClicked" class="com.uiFramework.Genesis.regression.web.ConsigneeQATest"/>
        <method signature="OutboundPalletTest.shouldPerformMergeFunctionOnOutboundPallet()[pri:4, instance:com.uiFramework.Genesis.regression.web.OutboundPalletTest@436bc36]" name="shouldPerformMergeFunctionOnOutboundPallet" class="com.uiFramework.Genesis.regression.web.OutboundPalletTest"/>
        <method signature="InboundTruckTest.shouldCreateTruckSuccessfullyAndVerifyTotalPiecesAndPalletQty()[pri:5, instance:com.uiFramework.Genesis.regression.web.InboundTruckTest@906d29b]" name="shouldCreateTruckSuccessfullyAndVerifyTotalPiecesAndPalletQty" class="com.uiFramework.Genesis.regression.web.InboundTruckTest"/>
        <method signature="OrderTest.shouldValidateFullAddressDetails()[pri:5, instance:com.uiFramework.Genesis.regression.web.OrderTest@50468873]" name="shouldValidateFullAddressDetails" class="com.uiFramework.Genesis.regression.web.OrderTest"/>
        <method signature="OutboundPalletTest.shouldCreateSinglePalletOnMergeClick()[pri:5, instance:com.uiFramework.Genesis.regression.web.OutboundPalletTest@436bc36]" name="shouldCreateSinglePalletOnMergeClick" class="com.uiFramework.Genesis.regression.web.OutboundPalletTest"/>
        <method signature="InboundTruckTest.shouldVerifyTruckStatusAfterTruckCreation()[pri:6, instance:com.uiFramework.Genesis.regression.web.InboundTruckTest@906d29b]" name="shouldVerifyTruckStatusAfterTruckCreation" class="com.uiFramework.Genesis.regression.web.InboundTruckTest"/>
        <method signature="InboundPalletTest.shouldCreateMultiplePallet()[pri:7, instance:com.uiFramework.Genesis.regression.web.InboundPalletTest@6399551e]" name="shouldCreateMultiplePallet" class="com.uiFramework.Genesis.regression.web.InboundPalletTest"/>
        <method signature="OrderTest.shouldShowToastWhenConfirmingWithoutWeightOrPieces()[pri:7, instance:com.uiFramework.Genesis.regression.web.OrderTest@50468873]" name="shouldShowToastWhenConfirmingWithoutWeightOrPieces" class="com.uiFramework.Genesis.regression.web.OrderTest"/>
        <method signature="OutboundPalletTest.shouldUpdatePalletStatusAfterPalletCreation()[pri:7, instance:com.uiFramework.Genesis.regression.web.OutboundPalletTest@436bc36]" name="shouldUpdatePalletStatusAfterPalletCreation" class="com.uiFramework.Genesis.regression.web.OutboundPalletTest"/>
        <method signature="OutboundTruckTest.shouldVerifyAddedPalletWTandPiecesLoadedIntoTruck()[pri:7, instance:com.uiFramework.Genesis.regression.web.OutboundTruckTest@5fe1ce85]" name="shouldVerifyAddedPalletWTandPiecesLoadedIntoTruck" class="com.uiFramework.Genesis.regression.web.OutboundTruckTest"/>
        <method signature="ConsigneeQATest.shouldAllowUserToUploadExcelFile()[pri:8, instance:com.uiFramework.Genesis.regression.web.ConsigneeQATest@57abad67]" name="shouldAllowUserToUploadExcelFile" class="com.uiFramework.Genesis.regression.web.ConsigneeQATest"/>
        <method signature="InboundTruckTest.shouldUpdateTruckStatusOnMarkAsArrived()[pri:8, instance:com.uiFramework.Genesis.regression.web.InboundTruckTest@906d29b]" name="shouldUpdateTruckStatusOnMarkAsArrived" class="com.uiFramework.Genesis.regression.web.InboundTruckTest"/>
        <method signature="OrderTest.shouldCalculateRatedWeightAndLitWeightCorrectly()[pri:8, instance:com.uiFramework.Genesis.regression.web.OrderTest@50468873]" name="shouldCalculateRatedWeightAndLitWeightCorrectly" class="com.uiFramework.Genesis.regression.web.OrderTest"/>
        <method signature="OutboundPalletTest.shouldAllowEditPalletWithAutoDeletedPallet()[pri:8, instance:com.uiFramework.Genesis.regression.web.OutboundPalletTest@436bc36]" name="shouldAllowEditPalletWithAutoDeletedPallet" class="com.uiFramework.Genesis.regression.web.OutboundPalletTest"/>
        <method signature="OutboundTruckTest.shouldRouteOrderEditable()[pri:8, instance:com.uiFramework.Genesis.regression.web.OutboundTruckTest@5fe1ce85]" name="shouldRouteOrderEditable" class="com.uiFramework.Genesis.regression.web.OutboundTruckTest"/>
        <method signature="InboundPalletTest.shouldAddPalletInEditModeWithPiecesAndWeightWithNoPopup()[pri:9, instance:com.uiFramework.Genesis.regression.web.InboundPalletTest@6399551e]" name="shouldAddPalletInEditModeWithPiecesAndWeightWithNoPopup" class="com.uiFramework.Genesis.regression.web.InboundPalletTest"/>
        <method signature="InboundQATest.ValidateFilterOnQAListing()[pri:9, instance:com.uiFramework.Genesis.regression.web.InboundQATest@49d3c823]" name="ValidateFilterOnQAListing" class="com.uiFramework.Genesis.regression.web.InboundQATest"/>
        <method signature="InboundTruckTest.shouldDisplayTruckDetailsInEditMode()[pri:9, instance:com.uiFramework.Genesis.regression.web.InboundTruckTest@906d29b]" name="shouldDisplayTruckDetailsInEditMode" class="com.uiFramework.Genesis.regression.web.InboundTruckTest"/>
        <method signature="OrderTest.shouldVerifyDraftOrderStatusAfterSave()[pri:9, instance:com.uiFramework.Genesis.regression.web.OrderTest@50468873]" name="shouldVerifyDraftOrderStatusAfterSave" class="com.uiFramework.Genesis.regression.web.OrderTest"/>
        <method signature="OutboundTruckTest.shouldCreateSuccessfullyAndIncreseCountByOne()[pri:9, instance:com.uiFramework.Genesis.regression.web.OutboundTruckTest@5fe1ce85]" name="shouldCreateSuccessfullyAndIncreseCountByOne" class="com.uiFramework.Genesis.regression.web.OutboundTruckTest"/>
        <method signature="ConsigneeQATest.shouldAllowUserToCompleteRequest()[pri:10, instance:com.uiFramework.Genesis.regression.web.ConsigneeQATest@57abad67]" name="shouldAllowUserToCompleteRequest" class="com.uiFramework.Genesis.regression.web.ConsigneeQATest"/>
        <method signature="InboundQATest.shouldCheckColumnFilter()[pri:10, instance:com.uiFramework.Genesis.regression.web.InboundQATest@49d3c823]" name="shouldCheckColumnFilter" class="com.uiFramework.Genesis.regression.web.InboundQATest"/>
        <method signature="InboundTruckTest.shouldRemovePalletFromTruckAndUpdateWeightAndEmptyStatus()[pri:10, instance:com.uiFramework.Genesis.regression.web.InboundTruckTest@906d29b]" name="shouldRemovePalletFromTruckAndUpdateWeightAndEmptyStatus" class="com.uiFramework.Genesis.regression.web.InboundTruckTest"/>
        <method signature="OrderTest.shouldGenerateBarcodeAfterOrderConfirmation()[pri:10, instance:com.uiFramework.Genesis.regression.web.OrderTest@50468873]" name="shouldGenerateBarcodeAfterOrderConfirmation" class="com.uiFramework.Genesis.regression.web.OrderTest"/>
        <method signature="OutboundPalletTest.shouldCreatePalletAndMaintainCheckboxSelectionAcrossPagination()[pri:10, instance:com.uiFramework.Genesis.regression.web.OutboundPalletTest@436bc36]" name="shouldCreatePalletAndMaintainCheckboxSelectionAcrossPagination" class="com.uiFramework.Genesis.regression.web.OutboundPalletTest"/>
        <method signature="OutboundTruckTest.shouldUpdateTruckStatusAfterTruckCreation()[pri:10, instance:com.uiFramework.Genesis.regression.web.OutboundTruckTest@5fe1ce85]" name="shouldUpdateTruckStatusAfterTruckCreation" class="com.uiFramework.Genesis.regression.web.OutboundTruckTest"/>
        <method signature="OrderTest.shouldShowErrorWhenSavingEmptyCustomerAccessorial()[pri:11, instance:com.uiFramework.Genesis.regression.web.OrderTest@50468873]" name="shouldShowErrorWhenSavingEmptyCustomerAccessorial" class="com.uiFramework.Genesis.regression.web.OrderTest"/>
        <method signature="InboundTruckTest.shouldAddPalletInEditModeWithCalculations()[pri:12, instance:com.uiFramework.Genesis.regression.web.InboundTruckTest@906d29b]" name="shouldAddPalletInEditModeWithCalculations" class="com.uiFramework.Genesis.regression.web.InboundTruckTest"/>
        <method signature="OrderTest.shouldDeleteCustomerAccessorialSuccessfully()[pri:12, instance:com.uiFramework.Genesis.regression.web.OrderTest@50468873]" name="shouldDeleteCustomerAccessorialSuccessfully" class="com.uiFramework.Genesis.regression.web.OrderTest"/>
        <method signature="OutboundPalletTest.shouldDisplayPalletStatusInListingAfterObtPalletCreation()[pri:12, instance:com.uiFramework.Genesis.regression.web.OutboundPalletTest@436bc36]" name="shouldDisplayPalletStatusInListingAfterObtPalletCreation" class="com.uiFramework.Genesis.regression.web.OutboundPalletTest"/>
        <method signature="InboundPalletTest.shouldCheckColumnFilter()[pri:13, instance:com.uiFramework.Genesis.regression.web.InboundPalletTest@6399551e]" name="shouldCheckColumnFilter" class="com.uiFramework.Genesis.regression.web.InboundPalletTest"/>
        <method signature="InboundQATest.checkQAStatusforInbound()[pri:13, instance:com.uiFramework.Genesis.regression.web.InboundQATest@49d3c823]" name="checkQAStatusforInbound" class="com.uiFramework.Genesis.regression.web.InboundQATest"/>
        <method signature="OrderTest.shouldSaveCustomerAccessorialAfterDeleteAndValidateCarrierValidation()[pri:13, instance:com.uiFramework.Genesis.regression.web.OrderTest@50468873]" name="shouldSaveCustomerAccessorialAfterDeleteAndValidateCarrierValidation" class="com.uiFramework.Genesis.regression.web.OrderTest"/>
        <method signature="OutboundPalletTest.shouldAddPalletInEditModeWithPiecesAndWeightWithNoPopup()[pri:13, instance:com.uiFramework.Genesis.regression.web.OutboundPalletTest@436bc36]" name="shouldAddPalletInEditModeWithPiecesAndWeightWithNoPopup" class="com.uiFramework.Genesis.regression.web.OutboundPalletTest"/>
        <method signature="OrderTest.shouldAddEditAndDeleteCarrierAccessorialSuccessfully()[pri:14, instance:com.uiFramework.Genesis.regression.web.OrderTest@50468873]" name="shouldAddEditAndDeleteCarrierAccessorialSuccessfully" class="com.uiFramework.Genesis.regression.web.OrderTest"/>
        <method signature="InboundPalletTest.shouldApplyFiltersCorrectlyOnInboundPallet(java.util.HashMap)[pri:15, instance:com.uiFramework.Genesis.regression.web.InboundPalletTest@6399551e]" name="shouldApplyFiltersCorrectlyOnInboundPallet" class="com.uiFramework.Genesis.regression.web.InboundPalletTest"/>
        <method signature="OrderTest.shouldSaveCarrierAccessorialAfterDeleteAndValidateCommentValidation()[pri:15, instance:com.uiFramework.Genesis.regression.web.OrderTest@50468873]" name="shouldSaveCarrierAccessorialAfterDeleteAndValidateCommentValidation" class="com.uiFramework.Genesis.regression.web.OrderTest"/>
        <method signature="OrderTest.shouldSaveTypeAndsubjectReqOnComment()[pri:16, instance:com.uiFramework.Genesis.regression.web.OrderTest@50468873]" name="shouldSaveTypeAndsubjectReqOnComment" class="com.uiFramework.Genesis.regression.web.OrderTest"/>
        <method signature="OutboundTruckTest.shouldRemovePalletFromTruckAndUpdateWeightAndEmptyTruckStatus()[pri:16, instance:com.uiFramework.Genesis.regression.web.OutboundTruckTest@5fe1ce85]" name="shouldRemovePalletFromTruckAndUpdateWeightAndEmptyTruckStatus" class="com.uiFramework.Genesis.regression.web.OutboundTruckTest"/>
        <method signature="OrderTest.shouldSaveCommentAfterDelete()[pri:18, instance:com.uiFramework.Genesis.regression.web.OrderTest@50468873]" name="shouldSaveCommentAfterDelete" class="com.uiFramework.Genesis.regression.web.OrderTest"/>
        <method signature="InboundPalletTest.shouldApplyColumnFiltersOnCreateInboundPallet()[pri:19, instance:com.uiFramework.Genesis.regression.web.InboundPalletTest@6399551e]" name="shouldApplyColumnFiltersOnCreateInboundPallet" class="com.uiFramework.Genesis.regression.web.InboundPalletTest"/>
        <method signature="OrderTest.shouldShowMandatoryFieldOnSaveFiles()[pri:19, instance:com.uiFramework.Genesis.regression.web.OrderTest@50468873]" name="shouldShowMandatoryFieldOnSaveFiles" class="com.uiFramework.Genesis.regression.web.OrderTest"/>
        <method signature="OutboundTruckTest.shouldAddPalletInEditModeWithCalculationsAndShouldUpdateStatus()[pri:19, instance:com.uiFramework.Genesis.regression.web.OutboundTruckTest@5fe1ce85]" name="shouldAddPalletInEditModeWithCalculationsAndShouldUpdateStatus" class="com.uiFramework.Genesis.regression.web.OutboundTruckTest"/>
        <method signature="InboundTruckTest.shouldApplyFiltersCorrectlyOnInboundTruck(java.util.HashMap)[pri:20, instance:com.uiFramework.Genesis.regression.web.InboundTruckTest@906d29b]" name="shouldApplyFiltersCorrectlyOnInboundTruck" class="com.uiFramework.Genesis.regression.web.InboundTruckTest"/>
        <method signature="OrderTest.shouldUploadFileAndShowSuccessToast()[pri:20, instance:com.uiFramework.Genesis.regression.web.OrderTest@50468873]" name="shouldUploadFileAndShowSuccessToast" class="com.uiFramework.Genesis.regression.web.OrderTest"/>
        <method signature="InboundTruckTest.shouldApplyColumnFilterCorrectlyOnInboundTruck()[pri:21, instance:com.uiFramework.Genesis.regression.web.InboundTruckTest@906d29b]" name="shouldApplyColumnFilterCorrectlyOnInboundTruck" class="com.uiFramework.Genesis.regression.web.InboundTruckTest"/>
        <method signature="InboundTruckTest.shouldApplyColumnFilterCorrectlyOnInboundTruckCreate()[pri:22, instance:com.uiFramework.Genesis.regression.web.InboundTruckTest@906d29b]" name="shouldApplyColumnFilterCorrectlyOnInboundTruckCreate" class="com.uiFramework.Genesis.regression.web.InboundTruckTest"/>
        <method signature="OrderTest.shouldMatchOrderDetailsOnListingPage()[pri:22, instance:com.uiFramework.Genesis.regression.web.OrderTest@50468873]" name="shouldMatchOrderDetailsOnListingPage" class="com.uiFramework.Genesis.regression.web.OrderTest"/>
        <method signature="OrderTest.shouldValidateTotalPiecesAndWeightOnListingPage()[pri:23, instance:com.uiFramework.Genesis.regression.web.OrderTest@50468873]" name="shouldValidateTotalPiecesAndWeightOnListingPage" class="com.uiFramework.Genesis.regression.web.OrderTest"/>
        <method signature="InboundTruckTest.shouldCheckMandateFiledForImportTruck()[pri:24, instance:com.uiFramework.Genesis.regression.web.InboundTruckTest@906d29b]" name="shouldCheckMandateFiledForImportTruck" class="com.uiFramework.Genesis.regression.web.InboundTruckTest"/>
        <method signature="InboundTruckTest.shouldCreateBulkInboundTruck()[pri:25, instance:com.uiFramework.Genesis.regression.web.InboundTruckTest@906d29b]" name="shouldCreateBulkInboundTruck" class="com.uiFramework.Genesis.regression.web.InboundTruckTest"/>
        <method signature="OutboundTruckTest.shouldApplyFiltersCorrectlyOnOutboundTruck(java.util.HashMap)[pri:28, instance:com.uiFramework.Genesis.regression.web.OutboundTruckTest@5fe1ce85]" name="shouldApplyFiltersCorrectlyOnOutboundTruck" class="com.uiFramework.Genesis.regression.web.OutboundTruckTest"/>
        <method signature="OutboundTruckTest.shouldApplyColumnFilterForOutboundTruck()[pri:29, instance:com.uiFramework.Genesis.regression.web.OutboundTruckTest@5fe1ce85]" name="shouldApplyColumnFilterForOutboundTruck" class="com.uiFramework.Genesis.regression.web.OutboundTruckTest"/>
        <method signature="OutboundTruckTest.shouldApplyColumnFilterOnOutboundTruckCreatePage()[pri:30, instance:com.uiFramework.Genesis.regression.web.OutboundTruckTest@5fe1ce85]" name="shouldApplyColumnFilterOnOutboundTruckCreatePage" class="com.uiFramework.Genesis.regression.web.OutboundTruckTest"/>
        <method signature="OrderTest.shouldCheckColumnFilter()[pri:36, instance:com.uiFramework.Genesis.regression.web.OrderTest@50468873]" name="shouldCheckColumnFilter" class="com.uiFramework.Genesis.regression.web.OrderTest"/>
      </group> <!-- smoke -->
      <group name="Smoke">
        <method signature="UpdateTrackingTest.shouldShowErrorMessageIfReqFieldNotSelected()[pri:1, instance:com.uiFramework.Genesis.regression.web.UpdateTrackingTest@604c5de8]" name="shouldShowErrorMessageIfReqFieldNotSelected" class="com.uiFramework.Genesis.regression.web.UpdateTrackingTest"/>
        <method signature="UpdateTrackingTest.shouldShowErrorMessageIfReqSelectedButTrackingNoNotEntered()[pri:2, instance:com.uiFramework.Genesis.regression.web.UpdateTrackingTest@604c5de8]" name="shouldShowErrorMessageIfReqSelectedButTrackingNoNotEntered" class="com.uiFramework.Genesis.regression.web.UpdateTrackingTest"/>
        <method signature="DocQueueTest.shouldShowErrorMessageIfRequiredFieldNotSelected()[pri:3, instance:com.uiFramework.Genesis.regression.web.DocQueueTest@37091312]" name="shouldShowErrorMessageIfRequiredFieldNotSelected" class="com.uiFramework.Genesis.regression.web.DocQueueTest"/>
        <method signature="UpdateTrackingTest.shouldRecErrMsgIfReqTrkNoSelButETAIsNotEnter()[pri:3, instance:com.uiFramework.Genesis.regression.web.UpdateTrackingTest@604c5de8]" name="shouldRecErrMsgIfReqTrkNoSelButETAIsNotEnter" class="com.uiFramework.Genesis.regression.web.UpdateTrackingTest"/>
        <method signature="UpdateTrackingTest.shouldAbleToUpdateTrackinIdOfReq()[pri:4, instance:com.uiFramework.Genesis.regression.web.UpdateTrackingTest@604c5de8]" name="shouldAbleToUpdateTrackinIdOfReq" class="com.uiFramework.Genesis.regression.web.UpdateTrackingTest"/>
        <method signature="UpdateTrackingTest.shouldAllowUserToDownloadExcelOfGridData()[pri:6, instance:com.uiFramework.Genesis.regression.web.UpdateTrackingTest@604c5de8]" name="shouldAllowUserToDownloadExcelOfGridData" class="com.uiFramework.Genesis.regression.web.UpdateTrackingTest"/>
        <method signature="UpdateTrackingTest.shouldAllowUpdateWithValidData()[pri:10, instance:com.uiFramework.Genesis.regression.web.UpdateTrackingTest@604c5de8]" name="shouldAllowUpdateWithValidData" class="com.uiFramework.Genesis.regression.web.UpdateTrackingTest"/>
        <method signature="DocQueueTest.shouldRetrieveDocumentsForMainOrder()[pri:16, instance:com.uiFramework.Genesis.regression.web.DocQueueTest@37091312]" name="shouldRetrieveDocumentsForMainOrder" class="com.uiFramework.Genesis.regression.web.DocQueueTest"/>
        <method signature="DocQueueTest.shouldCheckColumnFilterOnSplitPOD()[pri:17, instance:com.uiFramework.Genesis.regression.web.DocQueueTest@37091312]" name="shouldCheckColumnFilterOnSplitPOD" class="com.uiFramework.Genesis.regression.web.DocQueueTest"/>
        <method signature="OrderTest.shouldCheckPDFDownloadedOnOrderPage()[pri:37, instance:com.uiFramework.Genesis.regression.web.OrderTest@50468873]" name="shouldCheckPDFDownloadedOnOrderPage" class="com.uiFramework.Genesis.regression.web.OrderTest"/>
        <method signature="OrderTest.shouldCheckExcelDownloadedOnOrderPage()[pri:38, instance:com.uiFramework.Genesis.regression.web.OrderTest@50468873]" name="shouldCheckExcelDownloadedOnOrderPage" class="com.uiFramework.Genesis.regression.web.OrderTest"/>
      </group> <!-- Smoke -->
    </groups>
    <test started-at="2026-01-27T14:15:27 IST" name="regression" finished-at="2026-01-27T15:15:07 IST" duration-ms="3579290">
      <class name="com.uiFramework.Genesis.regression.web.InboundTruckTest">
        <test-method is-config="true" signature="befreclass()[pri:0, instance:com.uiFramework.Genesis.regression.web.InboundTruckTest@906d29b]" started-at="2026-01-27T14:40:31 IST" name="befreclass" finished-at="2026-01-27T14:40:31 IST" duration-ms="1" status="PASS">
          <reporter-output>
          </reporter-output>
        </test-method> <!-- befreclass -->
        <test-method signature="shouldVerifyPalletAvailableToAddInTruck()[pri:1, instance:com.uiFramework.Genesis.regression.web.InboundTruckTest@906d29b]" started-at="2026-01-27T14:40:31 IST" name="shouldVerifyPalletAvailableToAddInTruck" finished-at="2026-01-27T14:40:43 IST" duration-ms="12137" status="PASS">
          <reporter-output>
          </reporter-output>
        </test-method> <!-- shouldVerifyPalletAvailableToAddInTruck -->
        <test-method signature="shouldDisplayToastMessageOnCreateTruck()[pri:2, instance:com.uiFramework.Genesis.regression.web.InboundTruckTest@906d29b]" started-at="2026-01-27T14:40:43 IST" name="shouldDisplayToastMessageOnCreateTruck" finished-at="2026-01-27T14:41:08 IST" duration-ms="25030" status="PASS">
          <reporter-output>
          </reporter-output>
        </test-method> <!-- shouldDisplayToastMessageOnCreateTruck -->
        <test-method signature="shouldCheckDefaultCostEstimate()[pri:3, instance:com.uiFramework.Genesis.regression.web.InboundTruckTest@906d29b]" started-at="2026-01-27T14:41:08 IST" name="shouldCheckDefaultCostEstimate" finished-at="2026-01-27T14:41:17 IST" duration-ms="8989" status="PASS">
          <reporter-output>
          </reporter-output>
        </test-method> <!-- shouldCheckDefaultCostEstimate -->
        <test-method signature="shouldCheckOrderProcessShowcorrect()[pri:4, instance:com.uiFramework.Genesis.regression.web.InboundTruckTest@906d29b]" started-at="2026-01-27T14:41:17 IST" name="shouldCheckOrderProcessShowcorrect" finished-at="2026-01-27T14:41:20 IST" depends-on-methods="com.uiFramework.Genesis.regression.web.InboundTruckTest.shouldCheckDefaultCostEstimate" duration-ms="2414" status="PASS">
          <reporter-output>
          </reporter-output>
        </test-method> <!-- shouldCheckOrderProcessShowcorrect -->
        <test-method signature="shouldCreateTruckSuccessfullyAndVerifyTotalPiecesAndPalletQty()[pri:5, instance:com.uiFramework.Genesis.regression.web.InboundTruckTest@906d29b]" started-at="2026-01-27T14:41:20 IST" name="shouldCreateTruckSuccessfullyAndVerifyTotalPiecesAndPalletQty" finished-at="2026-01-27T14:41:40 IST" depends-on-methods="com.uiFramework.Genesis.regression.web.InboundTruckTest.shouldCheckDefaultCostEstimate" duration-ms="20615" status="PASS">
          <reporter-output>
          </reporter-output>
        </test-method> <!-- shouldCreateTruckSuccessfullyAndVerifyTotalPiecesAndPalletQty -->
        <test-method signature="shouldVerifyTruckStatusAfterTruckCreation()[pri:6, instance:com.uiFramework.Genesis.regression.web.InboundTruckTest@906d29b]" started-at="2026-01-27T14:41:40 IST" name="shouldVerifyTruckStatusAfterTruckCreation" finished-at="2026-01-27T14:41:40 IST" depends-on-methods="com.uiFramework.Genesis.regression.web.InboundTruckTest.shouldCreateTruckSuccessfullyAndVerifyTotalPiecesAndPalletQty" duration-ms="69" status="PASS">
          <reporter-output>
          </reporter-output>
        </test-method> <!-- shouldVerifyTruckStatusAfterTruckCreation -->
        <test-method signature="shouldMatchCreatedTruckDetails()[pri:7, instance:com.uiFramework.Genesis.regression.web.InboundTruckTest@906d29b]" started-at="2026-01-27T14:41:40 IST" name="shouldMatchCreatedTruckDetails" finished-at="2026-01-27T14:41:52 IST" duration-ms="11369" status="PASS">
          <reporter-output>
          </reporter-output>
        </test-method> <!-- shouldMatchCreatedTruckDetails -->
        <test-method signature="shouldUpdateTruckStatusOnMarkAsArrived()[pri:8, instance:com.uiFramework.Genesis.regression.web.InboundTruckTest@906d29b]" started-at="2026-01-27T14:41:52 IST" name="shouldUpdateTruckStatusOnMarkAsArrived" finished-at="2026-01-27T14:42:04 IST" duration-ms="12337" status="PASS">
          <reporter-output>
          </reporter-output>
        </test-method> <!-- shouldUpdateTruckStatusOnMarkAsArrived -->
        <test-method signature="shouldDisplayTruckDetailsInEditMode()[pri:9, instance:com.uiFramework.Genesis.regression.web.InboundTruckTest@906d29b]" started-at="2026-01-27T14:42:04 IST" name="shouldDisplayTruckDetailsInEditMode" finished-at="2026-01-27T14:42:08 IST" duration-ms="3526" status="PASS">
          <reporter-output>
          </reporter-output>
        </test-method> <!-- shouldDisplayTruckDetailsInEditMode -->
        <test-method signature="shouldRemovePalletFromTruckAndUpdateWeightAndEmptyStatus()[pri:10, instance:com.uiFramework.Genesis.regression.web.InboundTruckTest@906d29b]" started-at="2026-01-27T14:42:08 IST" name="shouldRemovePalletFromTruckAndUpdateWeightAndEmptyStatus" finished-at="2026-01-27T14:42:11 IST" duration-ms="3486" status="PASS">
          <reporter-output>
          </reporter-output>
        </test-method> <!-- shouldRemovePalletFromTruckAndUpdateWeightAndEmptyStatus -->
        <test-method signature="shouldMakeRemovedPalletAvailableToAddInInboundCreateTruck()[pri:11, instance:com.uiFramework.Genesis.regression.web.InboundTruckTest@906d29b]" started-at="2026-01-27T14:42:11 IST" name="shouldMakeRemovedPalletAvailableToAddInInboundCreateTruck" finished-at="2026-01-27T14:42:30 IST" depends-on-methods="com.uiFramework.Genesis.regression.web.InboundTruckTest.shouldRemovePalletFromTruckAndUpdateWeightAndEmptyStatus" duration-ms="19007" status="PASS">
          <reporter-output>
          </reporter-output>
        </test-method> <!-- shouldMakeRemovedPalletAvailableToAddInInboundCreateTruck -->
        <test-method signature="shouldAddPalletInEditModeWithCalculations()[pri:12, instance:com.uiFramework.Genesis.regression.web.InboundTruckTest@906d29b]" started-at="2026-01-27T14:42:30 IST" name="shouldAddPalletInEditModeWithCalculations" finished-at="2026-01-27T14:43:03 IST" duration-ms="33025" status="PASS">
          <reporter-output>
          </reporter-output>
        </test-method> <!-- shouldAddPalletInEditModeWithCalculations -->
        <test-method signature="shouldNotAllowAddingPalletToCreateTruck()[pri:13, instance:com.uiFramework.Genesis.regression.web.InboundTruckTest@906d29b]" started-at="2026-01-27T14:43:03 IST" name="shouldNotAllowAddingPalletToCreateTruck" finished-at="2026-01-27T14:43:22 IST" depends-on-methods="com.uiFramework.Genesis.regression.web.InboundTruckTest.shouldAddPalletInEditModeWithCalculations" duration-ms="19151" status="PASS">
          <reporter-output>
          </reporter-output>
        </test-method> <!-- shouldNotAllowAddingPalletToCreateTruck -->
        <test-method signature="shouldDeleteTruckAndMakePalletAvailableToAddInInboundTruck()[pri:14, instance:com.uiFramework.Genesis.regression.web.InboundTruckTest@906d29b]" started-at="2026-01-27T14:43:22 IST" name="shouldDeleteTruckAndMakePalletAvailableToAddInInboundTruck" finished-at="2026-01-27T14:43:46 IST" duration-ms="23618" status="PASS">
          <reporter-output>
          </reporter-output>
        </test-method> <!-- shouldDeleteTruckAndMakePalletAvailableToAddInInboundTruck -->
        <test-method signature="shouldCreateEmptyInboundTruck()[pri:15, instance:com.uiFramework.Genesis.regression.web.InboundTruckTest@906d29b]" started-at="2026-01-27T14:43:46 IST" name="shouldCreateEmptyInboundTruck" finished-at="2026-01-27T14:44:13 IST" duration-ms="27289" status="PASS">
          <reporter-output>
          </reporter-output>
        </test-method> <!-- shouldCreateEmptyInboundTruck -->
        <test-method signature="shouldVerifyEmptyTruckQtyAndStatus()[pri:16, instance:com.uiFramework.Genesis.regression.web.InboundTruckTest@906d29b]" started-at="2026-01-27T14:44:13 IST" name="shouldVerifyEmptyTruckQtyAndStatus" finished-at="2026-01-27T14:44:13 IST" depends-on-methods="com.uiFramework.Genesis.regression.web.InboundTruckTest.shouldCreateEmptyInboundTruck" duration-ms="100" status="PASS">
          <reporter-output>
          </reporter-output>
        </test-method> <!-- shouldVerifyEmptyTruckQtyAndStatus -->
        <test-method signature="shouldUpdateOrderStatusWhenTruckLoaded()[pri:17, instance:com.uiFramework.Genesis.regression.web.InboundTruckTest@906d29b]" started-at="2026-01-27T14:44:13 IST" name="shouldUpdateOrderStatusWhenTruckLoaded" finished-at="2026-01-27T14:44:59 IST" duration-ms="45297" status="FAIL">
          <exception class="org.openqa.selenium.TimeoutException">
            <message>
              <![CDATA[Expected condition failed: waiting for element to be clickable: By.xpath: (//*[@data-testid='CloseIcon'])[2] (tried for 30 second(s) with 250 milliseconds interval)
Build info: version: '4.12.0', revision: '249f2a7d1b*'
System info: os.name: 'Windows 10', os.arch: 'amd64', os.version: '10.0', java.version: '11.0.22'
Driver info: org.openqa.selenium.chrome.ChromeDriver
Capabilities {acceptInsecureCerts: false, browserName: chrome, browserVersion: 144.0.7559.59, chrome: {chromedriverVersion: 144.0.7559.96 (d7b80622cfab..., userDataDir: C:\Users\EMP256\AppData\Loc...}, fedcm:accounts: true, goog:chromeOptions: {debuggerAddress: localhost:64801}, goog:processID: 169220, networkConnectionEnabled: false, pageLoadStrategy: normal, platformName: windows, proxy: Proxy(), se:cdp: ws://localhost:64801/devtoo..., se:cdpVersion: 144.0.7559.59, setWindowRect: true, strictFileInteractability: false, timeouts: {implicit: 0, pageLoad: 300000, script: 30000}, unhandledPromptBehavior: dismiss and notify, webauthn:extension:credBlob: true, webauthn:extension:largeBlob: true, webauthn:extension:minPinLength: true, webauthn:extension:prf: true, webauthn:virtualAuthenticators: true}
Session ID: 0a0cb2cebfd29d660b859cc6333cdf3e]]>
            </message>
            <full-stacktrace>
              <![CDATA[org.openqa.selenium.TimeoutException: Expected condition failed: waiting for element to be clickable: By.xpath: (//*[@data-testid='CloseIcon'])[2] (tried for 30 second(s) with 250 milliseconds interval)
Build info: version: '4.12.0', revision: '249f2a7d1b*'
System info: os.name: 'Windows 10', os.arch: 'amd64', os.version: '10.0', java.version: '11.0.22'
Driver info: org.openqa.selenium.chrome.ChromeDriver
Capabilities {acceptInsecureCerts: false, browserName: chrome, browserVersion: 144.0.7559.59, chrome: {chromedriverVersion: 144.0.7559.96 (d7b80622cfab..., userDataDir: C:\Users\EMP256\AppData\Loc...}, fedcm:accounts: true, goog:chromeOptions: {debuggerAddress: localhost:64801}, goog:processID: 169220, networkConnectionEnabled: false, pageLoadStrategy: normal, platformName: windows, proxy: Proxy(), se:cdp: ws://localhost:64801/devtoo..., se:cdpVersion: 144.0.7559.59, setWindowRect: true, strictFileInteractability: false, timeouts: {implicit: 0, pageLoad: 300000, script: 30000}, unhandledPromptBehavior: dismiss and notify, webauthn:extension:credBlob: true, webauthn:extension:largeBlob: true, webauthn:extension:minPinLength: true, webauthn:extension:prf: true, webauthn:virtualAuthenticators: true}
Session ID: 0a0cb2cebfd29d660b859cc6333cdf3e
at org.openqa.selenium.support.ui.WebDriverWait.timeoutException(WebDriverWait.java:84)
at org.openqa.selenium.support.ui.FluentWait.until(FluentWait.java:230)
at com.uiFramework.Genesis.helper.WaitHelper.waitForElementClickable(WaitHelper.java:127)
at com.uiFramework.Genesis.helper.WaitHelper.waitToClick(WaitHelper.java:171)
at com.uiFramework.Genesis.web.pages.InbTruckPage.getOrderno(InbTruckPage.java:1051)
at com.uiFramework.Genesis.regression.web.InboundTruckTest.shouldUpdateOrderStatusWhenTruckLoaded(InboundTruckTest.java:233)
at java.base/jdk.internal.reflect.NativeMethodAccessorImpl.invoke0(Native Method)
at java.base/jdk.internal.reflect.NativeMethodAccessorImpl.invoke(NativeMethodAccessorImpl.java:62)
at java.base/jdk.internal.reflect.DelegatingMethodAccessorImpl.invoke(DelegatingMethodAccessorImpl.java:43)
at java.base/java.lang.reflect.Method.invoke(Method.java:566)
at org.testng.internal.invokers.MethodInvocationHelper.invokeMethod(MethodInvocationHelper.java:141)
at org.testng.internal.invokers.TestInvoker.invokeMethod(TestInvoker.java:686)
at org.testng.internal.invokers.TestInvoker.invokeTestMethod(TestInvoker.java:230)
at org.testng.internal.invokers.MethodRunner.runInSequence(MethodRunner.java:63)
at org.testng.internal.invokers.TestInvoker$MethodInvocationAgent.invoke(TestInvoker.java:992)
at org.testng.internal.invokers.TestInvoker.invokeTestMethods(TestInvoker.java:203)
at org.testng.internal.invokers.TestMethodWorker.invokeTestMethods(TestMethodWorker.java:154)
at org.testng.internal.invokers.TestMethodWorker.run(TestMethodWorker.java:134)
at java.base/java.util.ArrayList.forEach(ArrayList.java:1541)
at org.testng.TestRunner.privateRun(TestRunner.java:739)
at org.testng.TestRunner.run(TestRunner.java:614)
at org.testng.SuiteRunner.runTest(SuiteRunner.java:421)
at org.testng.SuiteRunner.runSequentially(SuiteRunner.java:413)
at org.testng.SuiteRunner.privateRun(SuiteRunner.java:373)
at org.testng.SuiteRunner.run(SuiteRunner.java:312)
at org.testng.SuiteRunnerWorker.runSuite(SuiteRunnerWorker.java:52)
at org.testng.SuiteRunnerWorker.run(SuiteRunnerWorker.java:95)
at org.testng.TestNG.runSuitesSequentially(TestNG.java:1274)
at org.testng.TestNG.runSuitesLocally(TestNG.java:1208)
at org.testng.TestNG.runSuites(TestNG.java:1112)
at org.testng.TestNG.run(TestNG.java:1079)
at org.apache.maven.surefire.testng.TestNGExecutor.run(TestNGExecutor.java:308)
at org.apache.maven.surefire.testng.TestNGXmlTestSuite.execute(TestNGXmlTestSuite.java:71)
at org.apache.maven.surefire.testng.TestNGProvider.invoke(TestNGProvider.java:113)
at org.apache.maven.surefire.booter.ForkedBooter.runSuitesInProcess(ForkedBooter.java:385)
at org.apache.maven.surefire.booter.ForkedBooter.execute(ForkedBooter.java:162)
at org.apache.maven.surefire.booter.ForkedBooter.run(ForkedBooter.java:507)
at org.apache.maven.surefire.booter.ForkedBooter.main(ForkedBooter.java:495)
]]>
            </full-stacktrace>
          </exception> <!-- org.openqa.selenium.TimeoutException -->
          <reporter-output>
          </reporter-output>
        </test-method> <!-- shouldUpdateOrderStatusWhenTruckLoaded -->
        <test-method signature="shouldNotDeleteTruckIfQADone()[pri:18, instance:com.uiFramework.Genesis.regression.web.InboundTruckTest@906d29b]" started-at="2026-01-27T14:44:59 IST" name="shouldNotDeleteTruckIfQADone" finished-at="2026-01-27T14:45:06 IST" duration-ms="7529" status="PASS">
          <reporter-output>
          </reporter-output>
        </test-method> <!-- shouldNotDeleteTruckIfQADone -->
        <test-method signature="shouldNotAllowEditPalletIfQADone()[pri:19, instance:com.uiFramework.Genesis.regression.web.InboundTruckTest@906d29b]" started-at="2026-01-27T14:45:06 IST" name="shouldNotAllowEditPalletIfQADone" finished-at="2026-01-27T14:45:13 IST" duration-ms="6629" status="PASS">
          <reporter-output>
          </reporter-output>
        </test-method> <!-- shouldNotAllowEditPalletIfQADone -->
        <test-method signature="shouldApplyFiltersCorrectlyOnInboundTruck(java.util.HashMap)[pri:20, instance:com.uiFramework.Genesis.regression.web.InboundTruckTest@906d29b]" started-at="2026-01-27T14:45:13 IST" name="shouldApplyFiltersCorrectlyOnInboundTruck" data-provider="getData" finished-at="2026-01-27T14:45:29 IST" duration-ms="16364" status="FAIL">
          <params>
            <param index="0">
              <value>
                <![CDATA[{orderType=order1-50, palletQty=9, consigneename=Ashley Nguyen - 833, WaveNumber=WAVE-7890, data=Resopnse number-102912 and Instructions, litDimWeight=30, subject=data, three=3, zero=0, litDimWeightBlankError=Lit. Dim. Weight should not be blank., dimWeightError=Dim. Weight XYZ should have only numeric value., price=56, Importexceltwoorder=Importexceltwoorder.xlsx, customerpurdue=Purdue, text=New price added, dimWeightNegativeError=Dim. Weight -9 should be greater than 0., state=CA, price2=66, alphanumeric=AB-12test, zip=110021, actWeight=10, Importexcelreconsignment=Importexcelreconsignment.xlsx, EmptyTruck=waiting for load, dimWeightBlankError=Dim. Weight should not be blank., distvalue=Global Supplies Inc., decanconsignee=Andrew mark, Daytonwarehouse=Dayton Distribution Hub, Filename=Dimensional Weight Format Data, ordertypedecan=Delivery Base, litWeight=25, thirdparty=Blue Dart, litDimWeightError=Lit. Dim. Weight XYZ should have only numeric value., filename=update price, custaccess=2-Day Move (48hrs), litPieces=5, Warehouse=Bensenville Facility, defaultCost=0.00, litDimWeightNegativeError=Lit. Dim. Weight -9 should be greater than 0., ArrivedStatus=Arrived, LTL=13234 - Schneider National, city=Phoenix, Importexceloneorder=Importexceloneorder.xlsx, description=Default, carraccess=170 - 24 HOUR EXPRESS, greenconsignee=Green Valley Imports, pickupaddress=Pfizer: 410 East Grant Line Road,AMT Newyork,9537, Palletstatus=Waiting for Load, pieces=10, palletQtyzero=0, qapending=QA Pending, pickuplocation=Pfizer: 410 East Grant Line Road,AMT Newyork,9537, Numbers=19627224408691320110341568514152487869715549168578683247586979136874137817675654734697895683666244041, OrderNote=Special instructions for delivery, value=10, distaddress=Global Supplies Inc.: 1200 Supply Chain Rd., Roanoke Roslyn Heights, 2139, newcomment=Test, purdueadd=Purdue: 500 Distribution Blvd, cost=2, address=1020 street rd, duplicateordnum=Duplicate customer order number, one=1, commenttype=Complaints, QAdone=QA Done, purdueconsignee=Benjamin Garcia, emergencynum=7867897678, ordersource=Distributor, Loadstatus=truck loaded, purdueordertype=Order1-100, truckLoadstatus=Truck Loaded, ParentOrderNumber=PARENT-54321, dimWeight=20, SapOrderNumber=SAP-12345, instruction=Data should be proper, duedate=12-27-2025, Notdeleted=Inbound Truck Load Pending, comment=qwerty, custname=Deccan, customer=Pfizer}]]>
              </value>
            </param>
          </params>
          <exception class="org.openqa.selenium.NoSuchElementException">
            <message>
              <![CDATA[no such element: Unable to locate element: {"method":"xpath","selector":"//*[@id='panel1bh-content']//thead//tr[1]//th[10]//*[@class='p-column-title']"}
  (Session info: chrome=144.0.7559.59)
For documentation on this error, please visit: https://www.selenium.dev/documentation/webdriver/troubleshooting/errors#no-such-element-exception
Build info: version: '4.12.0', revision: '249f2a7d1b*'
System info: os.name: 'Windows 10', os.arch: 'amd64', os.version: '10.0', java.version: '11.0.22'
Driver info: org.openqa.selenium.chrome.ChromeDriver
Command: [0a0cb2cebfd29d660b859cc6333cdf3e, findElement {using=xpath, value=//*[@id='panel1bh-content']//thead//tr[1]//th[10]//*[@class='p-column-title']}]
Capabilities {acceptInsecureCerts: false, browserName: chrome, browserVersion: 144.0.7559.59, chrome: {chromedriverVersion: 144.0.7559.96 (d7b80622cfab..., userDataDir: C:\Users\EMP256\AppData\Loc...}, fedcm:accounts: true, goog:chromeOptions: {debuggerAddress: localhost:64801}, goog:processID: 169220, networkConnectionEnabled: false, pageLoadStrategy: normal, platformName: windows, proxy: Proxy(), se:cdp: ws://localhost:64801/devtoo..., se:cdpVersion: 144.0.7559.59, setWindowRect: true, strictFileInteractability: false, timeouts: {implicit: 0, pageLoad: 300000, script: 30000}, unhandledPromptBehavior: dismiss and notify, webauthn:extension:credBlob: true, webauthn:extension:largeBlob: true, webauthn:extension:minPinLength: true, webauthn:extension:prf: true, webauthn:virtualAuthenticators: true}
Session ID: 0a0cb2cebfd29d660b859cc6333cdf3e]]>
            </message>
            <full-stacktrace>
              <![CDATA[org.openqa.selenium.NoSuchElementException: no such element: Unable to locate element: {"method":"xpath","selector":"//*[@id='panel1bh-content']//thead//tr[1]//th[10]//*[@class='p-column-title']"}
  (Session info: chrome=144.0.7559.59)
For documentation on this error, please visit: https://www.selenium.dev/documentation/webdriver/troubleshooting/errors#no-such-element-exception
Build info: version: '4.12.0', revision: '249f2a7d1b*'
System info: os.name: 'Windows 10', os.arch: 'amd64', os.version: '10.0', java.version: '11.0.22'
Driver info: org.openqa.selenium.chrome.ChromeDriver
Command: [0a0cb2cebfd29d660b859cc6333cdf3e, findElement {using=xpath, value=//*[@id='panel1bh-content']//thead//tr[1]//th[10]//*[@class='p-column-title']}]
Capabilities {acceptInsecureCerts: false, browserName: chrome, browserVersion: 144.0.7559.59, chrome: {chromedriverVersion: 144.0.7559.96 (d7b80622cfab..., userDataDir: C:\Users\EMP256\AppData\Loc...}, fedcm:accounts: true, goog:chromeOptions: {debuggerAddress: localhost:64801}, goog:processID: 169220, networkConnectionEnabled: false, pageLoadStrategy: normal, platformName: windows, proxy: Proxy(), se:cdp: ws://localhost:64801/devtoo..., se:cdpVersion: 144.0.7559.59, setWindowRect: true, strictFileInteractability: false, timeouts: {implicit: 0, pageLoad: 300000, script: 30000}, unhandledPromptBehavior: dismiss and notify, webauthn:extension:credBlob: true, webauthn:extension:largeBlob: true, webauthn:extension:minPinLength: true, webauthn:extension:prf: true, webauthn:virtualAuthenticators: true}
Session ID: 0a0cb2cebfd29d660b859cc6333cdf3e
at jdk.internal.reflect.GeneratedConstructorAccessor13.newInstance(Unknown Source)
at java.base/jdk.internal.reflect.DelegatingConstructorAccessorImpl.newInstance(DelegatingConstructorAccessorImpl.java:45)
at java.base/java.lang.reflect.Constructor.newInstance(Constructor.java:490)
at org.openqa.selenium.remote.codec.w3c.W3CHttpResponseCodec.createException(W3CHttpResponseCodec.java:200)
at org.openqa.selenium.remote.codec.w3c.W3CHttpResponseCodec.decode(W3CHttpResponseCodec.java:133)
at org.openqa.selenium.remote.codec.w3c.W3CHttpResponseCodec.decode(W3CHttpResponseCodec.java:52)
at org.openqa.selenium.remote.HttpCommandExecutor.execute(HttpCommandExecutor.java:191)
at org.openqa.selenium.remote.service.DriverCommandExecutor.invokeExecute(DriverCommandExecutor.java:196)
at org.openqa.selenium.remote.service.DriverCommandExecutor.execute(DriverCommandExecutor.java:171)
at org.openqa.selenium.remote.RemoteWebDriver.execute(RemoteWebDriver.java:602)
at org.openqa.selenium.remote.ElementLocation$ElementFinder$2.findElement(ElementLocation.java:165)
at org.openqa.selenium.remote.ElementLocation.findElement(ElementLocation.java:59)
at org.openqa.selenium.remote.RemoteWebDriver.findElement(RemoteWebDriver.java:359)
at org.openqa.selenium.remote.RemoteWebDriver.findElement(RemoteWebDriver.java:353)
at com.uiFramework.Genesis.web.pages.CommonPage.validateDataInGrid(CommonPage.java:822)
at com.uiFramework.Genesis.regression.web.InboundTruckTest.shouldApplyFiltersCorrectlyOnInboundTruck(InboundTruckTest.java:274)
at java.base/jdk.internal.reflect.NativeMethodAccessorImpl.invoke0(Native Method)
at java.base/jdk.internal.reflect.NativeMethodAccessorImpl.invoke(NativeMethodAccessorImpl.java:62)
at java.base/jdk.internal.reflect.DelegatingMethodAccessorImpl.invoke(DelegatingMethodAccessorImpl.java:43)
at java.base/java.lang.reflect.Method.invoke(Method.java:566)
at org.testng.internal.invokers.MethodInvocationHelper.invokeMethod(MethodInvocationHelper.java:141)
at org.testng.internal.invokers.TestInvoker.invokeMethod(TestInvoker.java:686)
at org.testng.internal.invokers.TestInvoker.invokeTestMethod(TestInvoker.java:230)
at org.testng.internal.invokers.MethodRunner.runInSequence(MethodRunner.java:63)
at org.testng.internal.invokers.TestInvoker$MethodInvocationAgent.invoke(TestInvoker.java:992)
at org.testng.internal.invokers.TestInvoker.invokeTestMethods(TestInvoker.java:203)
at org.testng.internal.invokers.TestMethodWorker.invokeTestMethods(TestMethodWorker.java:154)
at org.testng.internal.invokers.TestMethodWorker.run(TestMethodWorker.java:134)
at java.base/java.util.ArrayList.forEach(ArrayList.java:1541)
at org.testng.TestRunner.privateRun(TestRunner.java:739)
at org.testng.TestRunner.run(TestRunner.java:614)
at org.testng.SuiteRunner.runTest(SuiteRunner.java:421)
at org.testng.SuiteRunner.runSequentially(SuiteRunner.java:413)
at org.testng.SuiteRunner.privateRun(SuiteRunner.java:373)
at org.testng.SuiteRunner.run(SuiteRunner.java:312)
at org.testng.SuiteRunnerWorker.runSuite(SuiteRunnerWorker.java:52)
at org.testng.SuiteRunnerWorker.run(SuiteRunnerWorker.java:95)
at org.testng.TestNG.runSuitesSequentially(TestNG.java:1274)
at org.testng.TestNG.runSuitesLocally(TestNG.java:1208)
at org.testng.TestNG.runSuites(TestNG.java:1112)
at org.testng.TestNG.run(TestNG.java:1079)
at org.apache.maven.surefire.testng.TestNGExecutor.run(TestNGExecutor.java:308)
at org.apache.maven.surefire.testng.TestNGXmlTestSuite.execute(TestNGXmlTestSuite.java:71)
at org.apache.maven.surefire.testng.TestNGProvider.invoke(TestNGProvider.java:113)
at org.apache.maven.surefire.booter.ForkedBooter.runSuitesInProcess(ForkedBooter.java:385)
at org.apache.maven.surefire.booter.ForkedBooter.execute(ForkedBooter.java:162)
at org.apache.maven.surefire.booter.ForkedBooter.run(ForkedBooter.java:507)
at org.apache.maven.surefire.booter.ForkedBooter.main(ForkedBooter.java:495)
]]>
            </full-stacktrace>
          </exception> <!-- org.openqa.selenium.NoSuchElementException -->
          <reporter-output>
          </reporter-output>
        </test-method> <!-- shouldApplyFiltersCorrectlyOnInboundTruck -->
        <test-method signature="shouldApplyColumnFilterCorrectlyOnInboundTruck()[pri:21, instance:com.uiFramework.Genesis.regression.web.InboundTruckTest@906d29b]" started-at="2026-01-27T14:45:29 IST" name="shouldApplyColumnFilterCorrectlyOnInboundTruck" finished-at="2026-01-27T14:46:02 IST" duration-ms="32853" status="PASS">
          <reporter-output>
          </reporter-output>
        </test-method> <!-- shouldApplyColumnFilterCorrectlyOnInboundTruck -->
        <test-method signature="shouldApplyColumnFilterCorrectlyOnInboundTruckCreate()[pri:22, instance:com.uiFramework.Genesis.regression.web.InboundTruckTest@906d29b]" started-at="2026-01-27T14:46:02 IST" name="shouldApplyColumnFilterCorrectlyOnInboundTruckCreate" finished-at="2026-01-27T14:46:44 IST" duration-ms="41602" status="PASS">
          <reporter-output>
          </reporter-output>
        </test-method> <!-- shouldApplyColumnFilterCorrectlyOnInboundTruckCreate -->
        <test-method signature="shouldCheckMandateFiledForImportTruck()[pri:24, instance:com.uiFramework.Genesis.regression.web.InboundTruckTest@906d29b]" started-at="2026-01-27T14:46:44 IST" name="shouldCheckMandateFiledForImportTruck" finished-at="2026-01-27T14:46:48 IST" duration-ms="4104" status="PASS">
          <reporter-output>
          </reporter-output>
        </test-method> <!-- shouldCheckMandateFiledForImportTruck -->
        <test-method signature="shouldCreateBulkInboundTruck()[pri:25, instance:com.uiFramework.Genesis.regression.web.InboundTruckTest@906d29b]" started-at="2026-01-27T14:46:48 IST" name="shouldCreateBulkInboundTruck" finished-at="2026-01-27T14:46:54 IST" depends-on-methods="com.uiFramework.Genesis.regression.web.InboundTruckTest.shouldCheckMandateFiledForImportTruck" duration-ms="6338" status="PASS">
          <reporter-output>
          </reporter-output>
        </test-method> <!-- shouldCreateBulkInboundTruck -->
        <test-method is-config="true" signature="shouldUpdateOrderStatusAfterPalletLoaded()[pri:0, instance:com.uiFramework.Genesis.regression.web.InboundTruckTest@906d29b]" started-at="2026-01-27T14:46:54 IST" name="shouldUpdateOrderStatusAfterPalletLoaded" finished-at="2026-01-27T14:47:00 IST" duration-ms="6029" status="PASS">
          <reporter-output>
          </reporter-output>
        </test-method> <!-- shouldUpdateOrderStatusAfterPalletLoaded -->
      </class> <!-- com.uiFramework.Genesis.regression.web.InboundTruckTest -->
      <class name="com.uiFramework.Genesis.regression.web.OutboundPalletTest">
        <test-method is-config="true" signature="befreclass()[pri:0, instance:com.uiFramework.Genesis.regression.web.OutboundPalletTest@436bc36]" started-at="2026-01-27T14:49:56 IST" name="befreclass" finished-at="2026-01-27T14:49:56 IST" duration-ms="2" status="PASS">
          <reporter-output>
          </reporter-output>
        </test-method> <!-- befreclass -->
        <test-method signature="shouldCreateOutboundPalletForMainOrder()[pri:1, instance:com.uiFramework.Genesis.regression.web.OutboundPalletTest@436bc36]" started-at="2026-01-27T14:49:56 IST" name="shouldCreateOutboundPalletForMainOrder" finished-at="2026-01-27T14:50:10 IST" duration-ms="14170" status="PASS">
          <reporter-output>
          </reporter-output>
        </test-method> <!-- shouldCreateOutboundPalletForMainOrder -->
        <test-method signature="shouldCreateOutboundPalletSuccessfully()[pri:2, instance:com.uiFramework.Genesis.regression.web.OutboundPalletTest@436bc36]" started-at="2026-01-27T14:50:10 IST" name="shouldCreateOutboundPalletSuccessfully" finished-at="2026-01-27T14:50:21 IST" duration-ms="10667" status="PASS">
          <reporter-output>
          </reporter-output>
        </test-method> <!-- shouldCreateOutboundPalletSuccessfully -->
        <test-method signature="shouldDisplaySelectedWarehouseOrderInGrid()[pri:3, instance:com.uiFramework.Genesis.regression.web.OutboundPalletTest@436bc36]" started-at="2026-01-27T14:50:21 IST" name="shouldDisplaySelectedWarehouseOrderInGrid" finished-at="2026-01-27T14:50:31 IST" duration-ms="10022" status="PASS">
          <reporter-output>
          </reporter-output>
        </test-method> <!-- shouldDisplaySelectedWarehouseOrderInGrid -->
        <test-method signature="shouldPerformMergeFunctionOnOutboundPallet()[pri:4, instance:com.uiFramework.Genesis.regression.web.OutboundPalletTest@436bc36]" started-at="2026-01-27T14:50:31 IST" name="shouldPerformMergeFunctionOnOutboundPallet" finished-at="2026-01-27T14:50:43 IST" duration-ms="12567" status="PASS">
          <reporter-output>
          </reporter-output>
        </test-method> <!-- shouldPerformMergeFunctionOnOutboundPallet -->
        <test-method signature="shouldCreateSinglePalletOnMergeClick()[pri:5, instance:com.uiFramework.Genesis.regression.web.OutboundPalletTest@436bc36]" started-at="2026-01-27T14:50:43 IST" name="shouldCreateSinglePalletOnMergeClick" finished-at="2026-01-27T14:50:45 IST" depends-on-methods="com.uiFramework.Genesis.regression.web.OutboundPalletTest.shouldPerformMergeFunctionOnOutboundPallet" duration-ms="1406" status="PASS">
          <reporter-output>
          </reporter-output>
        </test-method> <!-- shouldCreateSinglePalletOnMergeClick -->
        <test-method signature="shouldIncludeMultipleLDAsInSinglePallet()[pri:6, instance:com.uiFramework.Genesis.regression.web.OutboundPalletTest@436bc36]" started-at="2026-01-27T14:50:45 IST" name="shouldIncludeMultipleLDAsInSinglePallet" finished-at="2026-01-27T14:50:45 IST" depends-on-methods="com.uiFramework.Genesis.regression.web.OutboundPalletTest.shouldPerformMergeFunctionOnOutboundPallet" duration-ms="57" status="SKIP">
          <exception class="org.testng.SkipException">
            <message>
              <![CDATA[SKIPPED: LDA count is less than 2. Actual count: 1]]>
            </message>
            <full-stacktrace>
              <![CDATA[org.testng.SkipException: SKIPPED: LDA count is less than 2. Actual count: 1
at com.uiFramework.Genesis.regression.web.OutboundPalletTest.shouldIncludeMultipleLDAsInSinglePallet(OutboundPalletTest.java:121)
at java.base/jdk.internal.reflect.NativeMethodAccessorImpl.invoke0(Native Method)
at java.base/jdk.internal.reflect.NativeMethodAccessorImpl.invoke(NativeMethodAccessorImpl.java:62)
at java.base/jdk.internal.reflect.DelegatingMethodAccessorImpl.invoke(DelegatingMethodAccessorImpl.java:43)
at java.base/java.lang.reflect.Method.invoke(Method.java:566)
at org.testng.internal.invokers.MethodInvocationHelper.invokeMethod(MethodInvocationHelper.java:141)
at org.testng.internal.invokers.TestInvoker.invokeMethod(TestInvoker.java:686)
at org.testng.internal.invokers.TestInvoker.invokeTestMethod(TestInvoker.java:230)
at org.testng.internal.invokers.MethodRunner.runInSequence(MethodRunner.java:63)
at org.testng.internal.invokers.TestInvoker$MethodInvocationAgent.invoke(TestInvoker.java:992)
at org.testng.internal.invokers.TestInvoker.invokeTestMethods(TestInvoker.java:203)
at org.testng.internal.invokers.TestMethodWorker.invokeTestMethods(TestMethodWorker.java:154)
at org.testng.internal.invokers.TestMethodWorker.run(TestMethodWorker.java:134)
at java.base/java.util.ArrayList.forEach(ArrayList.java:1541)
at org.testng.TestRunner.privateRun(TestRunner.java:739)
at org.testng.TestRunner.run(TestRunner.java:614)
at org.testng.SuiteRunner.runTest(SuiteRunner.java:421)
at org.testng.SuiteRunner.runSequentially(SuiteRunner.java:413)
at org.testng.SuiteRunner.privateRun(SuiteRunner.java:373)
at org.testng.SuiteRunner.run(SuiteRunner.java:312)
at org.testng.SuiteRunnerWorker.runSuite(SuiteRunnerWorker.java:52)
at org.testng.SuiteRunnerWorker.run(SuiteRunnerWorker.java:95)
at org.testng.TestNG.runSuitesSequentially(TestNG.java:1274)
at org.testng.TestNG.runSuitesLocally(TestNG.java:1208)
at org.testng.TestNG.runSuites(TestNG.java:1112)
at org.testng.TestNG.run(TestNG.java:1079)
at org.apache.maven.surefire.testng.TestNGExecutor.run(TestNGExecutor.java:308)
at org.apache.maven.surefire.testng.TestNGXmlTestSuite.execute(TestNGXmlTestSuite.java:71)
at org.apache.maven.surefire.testng.TestNGProvider.invoke(TestNGProvider.java:113)
at org.apache.maven.surefire.booter.ForkedBooter.runSuitesInProcess(ForkedBooter.java:385)
at org.apache.maven.surefire.booter.ForkedBooter.execute(ForkedBooter.java:162)
at org.apache.maven.surefire.booter.ForkedBooter.run(ForkedBooter.java:507)
at org.apache.maven.surefire.booter.ForkedBooter.main(ForkedBooter.java:495)
]]>
            </full-stacktrace>
          </exception> <!-- org.testng.SkipException -->
          <reporter-output>
          </reporter-output>
        </test-method> <!-- shouldIncludeMultipleLDAsInSinglePallet -->
        <test-method signature="shouldUpdatePalletStatusAfterPalletCreation()[pri:7, instance:com.uiFramework.Genesis.regression.web.OutboundPalletTest@436bc36]" started-at="2026-01-27T14:50:45 IST" name="shouldUpdatePalletStatusAfterPalletCreation" finished-at="2026-01-27T14:50:48 IST" duration-ms="3104" status="PASS">
          <reporter-output>
          </reporter-output>
        </test-method> <!-- shouldUpdatePalletStatusAfterPalletCreation -->
        <test-method signature="shouldAllowEditPalletWithAutoDeletedPallet()[pri:8, instance:com.uiFramework.Genesis.regression.web.OutboundPalletTest@436bc36]" started-at="2026-01-27T14:50:48 IST" name="shouldAllowEditPalletWithAutoDeletedPallet" finished-at="2026-01-27T14:50:59 IST" duration-ms="10945" status="PASS">
          <reporter-output>
          </reporter-output>
        </test-method> <!-- shouldAllowEditPalletWithAutoDeletedPallet -->
        <test-method signature="verifyAutoDeletedPalletNotVisibleAndOrderIsAvailableToAdd()[pri:9, instance:com.uiFramework.Genesis.regression.web.OutboundPalletTest@436bc36]" started-at="2026-01-27T14:50:59 IST" name="verifyAutoDeletedPalletNotVisibleAndOrderIsAvailableToAdd" finished-at="2026-01-27T14:51:18 IST" depends-on-methods="com.uiFramework.Genesis.regression.web.OutboundPalletTest.shouldAllowEditPalletWithAutoDeletedPallet" duration-ms="18809" status="PASS">
          <reporter-output>
          </reporter-output>
        </test-method> <!-- verifyAutoDeletedPalletNotVisibleAndOrderIsAvailableToAdd -->
        <test-method signature="shouldCreatePalletAndMaintainCheckboxSelectionAcrossPagination()[pri:10, instance:com.uiFramework.Genesis.regression.web.OutboundPalletTest@436bc36]" started-at="2026-01-27T14:51:18 IST" name="shouldCreatePalletAndMaintainCheckboxSelectionAcrossPagination" finished-at="2026-01-27T14:51:37 IST" duration-ms="19609" status="PASS">
          <reporter-output>
          </reporter-output>
        </test-method> <!-- shouldCreatePalletAndMaintainCheckboxSelectionAcrossPagination -->
        <test-method signature="verifyCreatedOrderIsAvailableInPallet()[pri:11, instance:com.uiFramework.Genesis.regression.web.OutboundPalletTest@436bc36]" started-at="2026-01-27T14:51:37 IST" name="verifyCreatedOrderIsAvailableInPallet" finished-at="2026-01-27T14:51:45 IST" depends-on-methods="com.uiFramework.Genesis.regression.web.OutboundPalletTest.shouldCreatePalletAndMaintainCheckboxSelectionAcrossPagination" duration-ms="7219" status="PASS">
          <reporter-output>
          </reporter-output>
        </test-method> <!-- verifyCreatedOrderIsAvailableInPallet -->
        <test-method signature="shouldDisplayPalletStatusInListingAfterObtPalletCreation()[pri:12, instance:com.uiFramework.Genesis.regression.web.OutboundPalletTest@436bc36]" started-at="2026-01-27T14:51:45 IST" name="shouldDisplayPalletStatusInListingAfterObtPalletCreation" finished-at="2026-01-27T14:51:45 IST" depends-on-methods="com.uiFramework.Genesis.regression.web.OutboundPalletTest.shouldCreatePalletAndMaintainCheckboxSelectionAcrossPagination" duration-ms="61" status="PASS">
          <reporter-output>
          </reporter-output>
        </test-method> <!-- shouldDisplayPalletStatusInListingAfterObtPalletCreation -->
        <test-method signature="shouldAddPalletInEditModeWithPiecesAndWeightWithNoPopup()[pri:13, instance:com.uiFramework.Genesis.regression.web.OutboundPalletTest@436bc36]" started-at="2026-01-27T14:51:45 IST" name="shouldAddPalletInEditModeWithPiecesAndWeightWithNoPopup" finished-at="2026-01-27T14:51:58 IST" duration-ms="13778" status="PASS">
          <reporter-output>
          </reporter-output>
        </test-method> <!-- shouldAddPalletInEditModeWithPiecesAndWeightWithNoPopup -->
        <test-method signature="shouldNotAllowAddedOrdersForPalletCreation()[pri:14, instance:com.uiFramework.Genesis.regression.web.OutboundPalletTest@436bc36]" started-at="2026-01-27T14:51:58 IST" name="shouldNotAllowAddedOrdersForPalletCreation" finished-at="2026-01-27T14:52:17 IST" depends-on-methods="com.uiFramework.Genesis.regression.web.OutboundPalletTest.shouldAddPalletInEditModeWithPiecesAndWeightWithNoPopup" duration-ms="18383" status="PASS">
          <reporter-output>
          </reporter-output>
        </test-method> <!-- shouldNotAllowAddedOrdersForPalletCreation -->
        <test-method signature="shouldVerifyPalletQuantityOnOutboundPallet()[pri:15, instance:com.uiFramework.Genesis.regression.web.OutboundPalletTest@436bc36]" started-at="2026-01-27T14:52:17 IST" name="shouldVerifyPalletQuantityOnOutboundPallet" finished-at="2026-01-27T14:52:34 IST" duration-ms="17372" status="FAIL">
          <exception class="org.openqa.selenium.TimeoutException">
            <message>
              <![CDATA[Expected condition failed: waiting for element to be clickable: By.id: confmSubmit (tried for 4 second(s) with 500 milliseconds interval)
Build info: version: '4.12.0', revision: '249f2a7d1b*'
System info: os.name: 'Windows 10', os.arch: 'amd64', os.version: '10.0', java.version: '11.0.22'
Driver info: org.openqa.selenium.chrome.ChromeDriver
Capabilities {acceptInsecureCerts: false, browserName: chrome, browserVersion: 144.0.7559.59, chrome: {chromedriverVersion: 144.0.7559.96 (d7b80622cfab..., userDataDir: C:\Users\EMP256\AppData\Loc...}, fedcm:accounts: true, goog:chromeOptions: {debuggerAddress: localhost:64801}, goog:processID: 169220, networkConnectionEnabled: false, pageLoadStrategy: normal, platformName: windows, proxy: Proxy(), se:cdp: ws://localhost:64801/devtoo..., se:cdpVersion: 144.0.7559.59, setWindowRect: true, strictFileInteractability: false, timeouts: {implicit: 0, pageLoad: 300000, script: 30000}, unhandledPromptBehavior: dismiss and notify, webauthn:extension:credBlob: true, webauthn:extension:largeBlob: true, webauthn:extension:minPinLength: true, webauthn:extension:prf: true, webauthn:virtualAuthenticators: true}
Session ID: 0a0cb2cebfd29d660b859cc6333cdf3e]]>
            </message>
            <full-stacktrace>
              <![CDATA[org.openqa.selenium.TimeoutException: Expected condition failed: waiting for element to be clickable: By.id: confmSubmit (tried for 4 second(s) with 500 milliseconds interval)
Build info: version: '4.12.0', revision: '249f2a7d1b*'
System info: os.name: 'Windows 10', os.arch: 'amd64', os.version: '10.0', java.version: '11.0.22'
Driver info: org.openqa.selenium.chrome.ChromeDriver
Capabilities {acceptInsecureCerts: false, browserName: chrome, browserVersion: 144.0.7559.59, chrome: {chromedriverVersion: 144.0.7559.96 (d7b80622cfab..., userDataDir: C:\Users\EMP256\AppData\Loc...}, fedcm:accounts: true, goog:chromeOptions: {debuggerAddress: localhost:64801}, goog:processID: 169220, networkConnectionEnabled: false, pageLoadStrategy: normal, platformName: windows, proxy: Proxy(), se:cdp: ws://localhost:64801/devtoo..., se:cdpVersion: 144.0.7559.59, setWindowRect: true, strictFileInteractability: false, timeouts: {implicit: 0, pageLoad: 300000, script: 30000}, unhandledPromptBehavior: dismiss and notify, webauthn:extension:credBlob: true, webauthn:extension:largeBlob: true, webauthn:extension:minPinLength: true, webauthn:extension:prf: true, webauthn:virtualAuthenticators: true}
Session ID: 0a0cb2cebfd29d660b859cc6333cdf3e
at org.openqa.selenium.support.ui.WebDriverWait.timeoutException(WebDriverWait.java:84)
at org.openqa.selenium.support.ui.FluentWait.until(FluentWait.java:230)
at com.uiFramework.Genesis.web.pages.CommonPage.waitAndClickWithJS(CommonPage.java:1900)
at com.uiFramework.Genesis.web.pages.OutboundPalletPage.addPalletQty(OutboundPalletPage.java:676)
at com.uiFramework.Genesis.web.pages.OutboundPalletPage.removedPalletQty(OutboundPalletPage.java:662)
at com.uiFramework.Genesis.regression.web.OutboundPalletTest.shouldVerifyPalletQuantityOnOutboundPallet(OutboundPalletTest.java:216)
at java.base/jdk.internal.reflect.NativeMethodAccessorImpl.invoke0(Native Method)
at java.base/jdk.internal.reflect.NativeMethodAccessorImpl.invoke(NativeMethodAccessorImpl.java:62)
at java.base/jdk.internal.reflect.DelegatingMethodAccessorImpl.invoke(DelegatingMethodAccessorImpl.java:43)
at java.base/java.lang.reflect.Method.invoke(Method.java:566)
at org.testng.internal.invokers.MethodInvocationHelper.invokeMethod(MethodInvocationHelper.java:141)
at org.testng.internal.invokers.TestInvoker.invokeMethod(TestInvoker.java:686)
at org.testng.internal.invokers.TestInvoker.invokeTestMethod(TestInvoker.java:230)
at org.testng.internal.invokers.MethodRunner.runInSequence(MethodRunner.java:63)
at org.testng.internal.invokers.TestInvoker$MethodInvocationAgent.invoke(TestInvoker.java:992)
at org.testng.internal.invokers.TestInvoker.invokeTestMethods(TestInvoker.java:203)
at org.testng.internal.invokers.TestMethodWorker.invokeTestMethods(TestMethodWorker.java:154)
at org.testng.internal.invokers.TestMethodWorker.run(TestMethodWorker.java:134)
at java.base/java.util.ArrayList.forEach(ArrayList.java:1541)
at org.testng.TestRunner.privateRun(TestRunner.java:739)
at org.testng.TestRunner.run(TestRunner.java:614)
at org.testng.SuiteRunner.runTest(SuiteRunner.java:421)
at org.testng.SuiteRunner.runSequentially(SuiteRunner.java:413)
at org.testng.SuiteRunner.privateRun(SuiteRunner.java:373)
at org.testng.SuiteRunner.run(SuiteRunner.java:312)
at org.testng.SuiteRunnerWorker.runSuite(SuiteRunnerWorker.java:52)
at org.testng.SuiteRunnerWorker.run(SuiteRunnerWorker.java:95)
at org.testng.TestNG.runSuitesSequentially(TestNG.java:1274)
at org.testng.TestNG.runSuitesLocally(TestNG.java:1208)
at org.testng.TestNG.runSuites(TestNG.java:1112)
at org.testng.TestNG.run(TestNG.java:1079)
at org.apache.maven.surefire.testng.TestNGExecutor.run(TestNGExecutor.java:308)
at org.apache.maven.surefire.testng.TestNGXmlTestSuite.execute(TestNGXmlTestSuite.java:71)
at org.apache.maven.surefire.testng.TestNGProvider.invoke(TestNGProvider.java:113)
at org.apache.maven.surefire.booter.ForkedBooter.runSuitesInProcess(ForkedBooter.java:385)
at org.apache.maven.surefire.booter.ForkedBooter.execute(ForkedBooter.java:162)
at org.apache.maven.surefire.booter.ForkedBooter.run(ForkedBooter.java:507)
at org.apache.maven.surefire.booter.ForkedBooter.main(ForkedBooter.java:495)
]]>
            </full-stacktrace>
          </exception> <!-- org.openqa.selenium.TimeoutException -->
          <reporter-output>
          </reporter-output>
        </test-method> <!-- shouldVerifyPalletQuantityOnOutboundPallet -->
        <test-method signature="shouldDeletePalletAndMakeOrdersAvailableAfterDeletion()[pri:16, instance:com.uiFramework.Genesis.regression.web.OutboundPalletTest@436bc36]" started-at="2026-01-27T14:52:34 IST" name="shouldDeletePalletAndMakeOrdersAvailableAfterDeletion" finished-at="2026-01-27T14:52:49 IST" duration-ms="14374" status="PASS">
          <reporter-output>
          </reporter-output>
        </test-method> <!-- shouldDeletePalletAndMakeOrdersAvailableAfterDeletion -->
        <test-method signature="shouldNotAllowPalletDeletionAfterArrival()[pri:17, instance:com.uiFramework.Genesis.regression.web.OutboundPalletTest@436bc36]" started-at="2026-01-27T14:52:49 IST" name="shouldNotAllowPalletDeletionAfterArrival" finished-at="2026-01-27T14:52:59 IST" duration-ms="10029" status="PASS">
          <reporter-output>
          </reporter-output>
        </test-method> <!-- shouldNotAllowPalletDeletionAfterArrival -->
        <test-method signature="shouldCheckPaginationOnCreateOutboundPalletScreen()[pri:21, instance:com.uiFramework.Genesis.regression.web.OutboundPalletTest@436bc36]" started-at="2026-01-27T14:52:59 IST" name="shouldCheckPaginationOnCreateOutboundPalletScreen" finished-at="2026-01-27T14:53:38 IST" duration-ms="39759" status="PASS">
          <reporter-output>
          </reporter-output>
        </test-method> <!-- shouldCheckPaginationOnCreateOutboundPalletScreen -->
        <test-method is-config="true" signature="shouldUpdateOrderStatusAfterCreatingOutboundPallet()[pri:0, instance:com.uiFramework.Genesis.regression.web.OutboundPalletTest@436bc36]" started-at="2026-01-27T14:53:38 IST" name="shouldUpdateOrderStatusAfterCreatingOutboundPallet" finished-at="2026-01-27T14:53:45 IST" duration-ms="6642" status="PASS">
          <reporter-output>
          </reporter-output>
        </test-method> <!-- shouldUpdateOrderStatusAfterCreatingOutboundPallet -->
      </class> <!-- com.uiFramework.Genesis.regression.web.OutboundPalletTest -->
      <class name="com.uiFramework.Genesis.regression.web.OutboundTruckTest">
        <test-method is-config="true" signature="befreclass()[pri:0, instance:com.uiFramework.Genesis.regression.web.OutboundTruckTest@5fe1ce85]" started-at="2026-01-27T14:53:45 IST" name="befreclass" finished-at="2026-01-27T14:53:45 IST" duration-ms="6" status="PASS">
          <reporter-output>
          </reporter-output>
        </test-method> <!-- befreclass -->
        <test-method signature="shouldPalletAvailableToCreateOutboundTruck()[pri:1, instance:com.uiFramework.Genesis.regression.web.OutboundTruckTest@5fe1ce85]" started-at="2026-01-27T14:53:45 IST" name="shouldPalletAvailableToCreateOutboundTruck" finished-at="2026-01-27T14:54:03 IST" duration-ms="17393" status="PASS">
          <reporter-output>
          </reporter-output>
        </test-method> <!-- shouldPalletAvailableToCreateOutboundTruck -->
        <test-method signature="shouldDisplayToastMessageOnCreateObtTruck()[pri:2, instance:com.uiFramework.Genesis.regression.web.OutboundTruckTest@5fe1ce85]" started-at="2026-01-27T14:54:03 IST" name="shouldDisplayToastMessageOnCreateObtTruck" finished-at="2026-01-27T14:54:25 IST" duration-ms="22875" status="PASS">
          <reporter-output>
          </reporter-output>
        </test-method> <!-- shouldDisplayToastMessageOnCreateObtTruck -->
        <test-method signature="shouldDisplayDefaultCostEstimateAndOrderProcess()[pri:3, instance:com.uiFramework.Genesis.regression.web.OutboundTruckTest@5fe1ce85]" started-at="2026-01-27T14:54:25 IST" name="shouldDisplayDefaultCostEstimateAndOrderProcess" finished-at="2026-01-27T14:55:01 IST" duration-ms="35620" status="PASS">
          <reporter-output>
          </reporter-output>
        </test-method> <!-- shouldDisplayDefaultCostEstimateAndOrderProcess -->
        <test-method signature="shouldAllowEditingDropLocationDetailsInNonUPSCase()[pri:4, instance:com.uiFramework.Genesis.regression.web.OutboundTruckTest@5fe1ce85]" started-at="2026-01-27T14:55:01 IST" name="shouldAllowEditingDropLocationDetailsInNonUPSCase" finished-at="2026-01-27T14:55:14 IST" depends-on-methods="com.uiFramework.Genesis.regression.web.OutboundTruckTest.shouldDisplayDefaultCostEstimateAndOrderProcess" duration-ms="12933" status="PASS">
          <reporter-output>
          </reporter-output>
        </test-method> <!-- shouldAllowEditingDropLocationDetailsInNonUPSCase -->
        <test-method signature="shouldValidateMultiDropForNonUPSCase()[pri:5, instance:com.uiFramework.Genesis.regression.web.OutboundTruckTest@5fe1ce85]" started-at="2026-01-27T14:55:14 IST" name="shouldValidateMultiDropForNonUPSCase" finished-at="2026-01-27T14:55:38 IST" depends-on-methods="com.uiFramework.Genesis.regression.web.OutboundTruckTest.shouldAllowEditingDropLocationDetailsInNonUPSCase" duration-ms="23898" status="PASS">
          <reporter-output>
          </reporter-output>
        </test-method> <!-- shouldValidateMultiDropForNonUPSCase -->
        <test-method signature="shouldClearFieldsWhenClearButtonClickedOnObtCreateTruck()[pri:6, instance:com.uiFramework.Genesis.regression.web.OutboundTruckTest@5fe1ce85]" started-at="2026-01-27T14:55:38 IST" name="shouldClearFieldsWhenClearButtonClickedOnObtCreateTruck" finished-at="2026-01-27T14:55:42 IST" depends-on-methods="com.uiFramework.Genesis.regression.web.OutboundTruckTest.shouldValidateMultiDropForNonUPSCase" duration-ms="4385" status="PASS">
          <reporter-output>
          </reporter-output>
        </test-method> <!-- shouldClearFieldsWhenClearButtonClickedOnObtCreateTruck -->
        <test-method signature="shouldVerifyAddedPalletWTandPiecesLoadedIntoTruck()[pri:7, instance:com.uiFramework.Genesis.regression.web.OutboundTruckTest@5fe1ce85]" started-at="2026-01-27T14:55:42 IST" name="shouldVerifyAddedPalletWTandPiecesLoadedIntoTruck" finished-at="2026-01-27T14:56:19 IST" duration-ms="37168" status="PASS">
          <reporter-output>
          </reporter-output>
        </test-method> <!-- shouldVerifyAddedPalletWTandPiecesLoadedIntoTruck -->
        <test-method signature="shouldRouteOrderEditable()[pri:8, instance:com.uiFramework.Genesis.regression.web.OutboundTruckTest@5fe1ce85]" started-at="2026-01-27T14:56:19 IST" name="shouldRouteOrderEditable" finished-at="2026-01-27T14:56:36 IST" depends-on-methods="com.uiFramework.Genesis.regression.web.OutboundTruckTest.shouldVerifyAddedPalletWTandPiecesLoadedIntoTruck" duration-ms="17033" status="PASS">
          <reporter-output>
          </reporter-output>
        </test-method> <!-- shouldRouteOrderEditable -->
        <test-method signature="shouldCreateSuccessfullyAndIncreseCountByOne()[pri:9, instance:com.uiFramework.Genesis.regression.web.OutboundTruckTest@5fe1ce85]" started-at="2026-01-27T14:56:36 IST" name="shouldCreateSuccessfullyAndIncreseCountByOne" finished-at="2026-01-27T14:56:43 IST" depends-on-methods="com.uiFramework.Genesis.regression.web.OutboundTruckTest.shouldRouteOrderEditable" duration-ms="6968" status="PASS">
          <reporter-output>
          </reporter-output>
        </test-method> <!-- shouldCreateSuccessfullyAndIncreseCountByOne -->
        <test-method signature="shouldUpdateTruckStatusAfterTruckCreation()[pri:10, instance:com.uiFramework.Genesis.regression.web.OutboundTruckTest@5fe1ce85]" started-at="2026-01-27T14:56:43 IST" name="shouldUpdateTruckStatusAfterTruckCreation" finished-at="2026-01-27T14:56:44 IST" depends-on-methods="com.uiFramework.Genesis.regression.web.OutboundTruckTest.shouldCreateSuccessfullyAndIncreseCountByOne" duration-ms="89" status="PASS">
          <reporter-output>
          </reporter-output>
        </test-method> <!-- shouldUpdateTruckStatusAfterTruckCreation -->
        <test-method signature="shouldVerifyCreatedTruckDetailsAndPalletQtyMatch()[pri:11, instance:com.uiFramework.Genesis.regression.web.OutboundTruckTest@5fe1ce85]" started-at="2026-01-27T14:56:44 IST" name="shouldVerifyCreatedTruckDetailsAndPalletQtyMatch" finished-at="2026-01-27T14:57:08 IST" depends-on-methods="com.uiFramework.Genesis.regression.web.OutboundTruckTest.shouldCreateSuccessfullyAndIncreseCountByOne" duration-ms="24113" status="PASS">
          <reporter-output>
          </reporter-output>
        </test-method> <!-- shouldVerifyCreatedTruckDetailsAndPalletQtyMatch -->
        <test-method signature="shouldDisplayLDACodesCorrectlyOnListing()[pri:12, instance:com.uiFramework.Genesis.regression.web.OutboundTruckTest@5fe1ce85]" started-at="2026-01-27T14:57:08 IST" name="shouldDisplayLDACodesCorrectlyOnListing" finished-at="2026-01-27T14:57:08 IST" depends-on-methods="com.uiFramework.Genesis.regression.web.OutboundTruckTest.shouldVerifyCreatedTruckDetailsAndPalletQtyMatch" duration-ms="4" status="PASS">
          <reporter-output>
          </reporter-output>
        </test-method> <!-- shouldDisplayLDACodesCorrectlyOnListing -->
        <test-method signature="shouldDisplayTruckDetailsInEditOutboundTruckMode()[pri:13, instance:com.uiFramework.Genesis.regression.web.OutboundTruckTest@5fe1ce85]" started-at="2026-01-27T14:57:08 IST" name="shouldDisplayTruckDetailsInEditOutboundTruckMode" finished-at="2026-01-27T14:57:12 IST" duration-ms="3960" status="FAIL">
          <exception class="java.lang.AssertionError">
            <message>
              <![CDATA[FAIL: Truck data mismatch on Edit truck page. Missing: Envision Store expected [true] but found [false]]]>
            </message>
            <full-stacktrace>
              <![CDATA[java.lang.AssertionError: FAIL: Truck data mismatch on Edit truck page. Missing: Envision Store expected [true] but found [false]
at org.testng.Assert.fail(Assert.java:111)
at org.testng.Assert.failNotEquals(Assert.java:1578)
at org.testng.Assert.assertTrue(Assert.java:57)
at com.uiFramework.Genesis.web.pages.OutboundTruckPage.validateTruckCreatedDatainEditTruck(OutboundTruckPage.java:590)
at com.uiFramework.Genesis.regression.web.OutboundTruckTest.shouldDisplayTruckDetailsInEditOutboundTruckMode(OutboundTruckTest.java:178)
at java.base/jdk.internal.reflect.NativeMethodAccessorImpl.invoke0(Native Method)
at java.base/jdk.internal.reflect.NativeMethodAccessorImpl.invoke(NativeMethodAccessorImpl.java:62)
at java.base/jdk.internal.reflect.DelegatingMethodAccessorImpl.invoke(DelegatingMethodAccessorImpl.java:43)
at java.base/java.lang.reflect.Method.invoke(Method.java:566)
at org.testng.internal.invokers.MethodInvocationHelper.invokeMethod(MethodInvocationHelper.java:141)
at org.testng.internal.invokers.TestInvoker.invokeMethod(TestInvoker.java:686)
at org.testng.internal.invokers.TestInvoker.invokeTestMethod(TestInvoker.java:230)
at org.testng.internal.invokers.MethodRunner.runInSequence(MethodRunner.java:63)
at org.testng.internal.invokers.TestInvoker$MethodInvocationAgent.invoke(TestInvoker.java:992)
at org.testng.internal.invokers.TestInvoker.invokeTestMethods(TestInvoker.java:203)
at org.testng.internal.invokers.TestMethodWorker.invokeTestMethods(TestMethodWorker.java:154)
at org.testng.internal.invokers.TestMethodWorker.run(TestMethodWorker.java:134)
at java.base/java.util.ArrayList.forEach(ArrayList.java:1541)
at org.testng.TestRunner.privateRun(TestRunner.java:739)
at org.testng.TestRunner.run(TestRunner.java:614)
at org.testng.SuiteRunner.runTest(SuiteRunner.java:421)
at org.testng.SuiteRunner.runSequentially(SuiteRunner.java:413)
at org.testng.SuiteRunner.privateRun(SuiteRunner.java:373)
at org.testng.SuiteRunner.run(SuiteRunner.java:312)
[...]
            <message>
              <![CDATA[The following asserts failed:
Total Pieces count not match for Truck and Orders expected [23] but found [0]]]>
            </message>
            <full-stacktrace>
              <![CDATA[java.lang.AssertionError: The following asserts failed:
Total Pieces count not match for Truck and Orders expected [23] but found [0]
at org.testng.asserts.SoftAssert.assertAll(SoftAssert.java:46)
at org.testng.asserts.SoftAssert.assertAll(SoftAssert.java:30)
at com.uiFramework.Genesis.regression.web.InboundQATest.validateTotalPiecesinTruck(InboundQATest.java:122)
at java.base/jdk.internal.reflect.NativeMethodAccessorImpl.invoke0(Native Method)
at java.base/jdk.internal.reflect.NativeMethodAccessorImpl.invoke(NativeMethodAccessorImpl.java:62)
at java.base/jdk.internal.reflect.DelegatingMethodAccessorImpl.invoke(DelegatingMethodAccessorImpl.java:43)
at java.base/java.lang.reflect.Method.invoke(Method.java:566)
at org.testng.internal.invokers.MethodInvocationHelper.invokeMethod(MethodInvocationHelper.java:141)
at org.testng.internal.invokers.TestInvoker.invokeMethod(TestInvoker.java:686)
at org.testng.internal.invokers.TestInvoker.invokeTestMethod(TestInvoker.java:230)
at org.testng.internal.invokers.MethodRunner.runInSequence(MethodRunner.java:63)
at org.testng.internal.invokers.TestInvoker$MethodInvocationAgent.invoke(TestInvoker.java:992)
at org.testng.internal.invokers.TestInvoker.invokeTestMethods(TestInvoker.java:203)
at org.testng.internal.invokers.TestMethodWorker.invokeTestMethods(TestMethodWorker.java:154)
at org.testng.internal.invokers.TestMethodWorker.run(TestMethodWorker.java:134)
at java.base/java.util.ArrayList.forEach(ArrayList.java:1541)
at org.testng.TestRunner.privateRun(TestRunner.java:739)
at org.testng.TestRunner.run(TestRunner.java:614)
at org.testng.SuiteRunner.runTest(SuiteRunner.java:421)
at org.testng.SuiteRunner.runSequentially(SuiteRunner.java:413)
at org.testng.SuiteRunner.privateRun(SuiteRunner.java:373)
at org.testng.SuiteRunner.run(SuiteRunner.java:312)
at org.testng.SuiteRunnerWorker.runSuite(SuiteRunnerWorker.java:52)
at org.testng.SuiteRunnerWorker.run(SuiteRunnerWorker.java:95)
at org.testng.TestNG.runSuitesSequentially(TestNG.java:1274)
at org.testng.TestNG.runSuitesLocally(TestNG.java:1208)
at org.testng.TestNG.runSuites(TestNG.java:1112)
at org.testng.TestNG.run(TestNG.java:1079)
at org.apache.maven.surefire.testng.TestNGExecutor.run(TestNGExecutor.java:308)
at org.apache.maven.surefire.testng.TestNGXmlTestSuite.execute(TestNGXmlTestSuite.java:71)
at org.apache.maven.surefire.testng.TestNGProvider.invoke(TestNGProvider.java:113)
at org.apache.maven.surefire.booter.ForkedBooter.runSuitesInProcess(ForkedBooter.java:385)
at org.apache.maven.surefire.booter.ForkedBooter.execute(ForkedBooter.java:162)
at org.apache.maven.surefire.booter.ForkedBooter.run(ForkedBooter.java:507)
at org.apache.maven.surefire.booter.ForkedBooter.main(ForkedBooter.java:495)
]]>
            </full-stacktrace>
          </exception> <!-- java.lang.AssertionError -->
          <reporter-output>
          </reporter-output>
        </test-method> <!-- validateTotalPiecesinTruck -->
        <test-method signature="checkValidationOnScanningPieces()[pri:8, instance:com.uiFramework.Genesis.regression.web.InboundQATest@49d3c823]" started-at="2026-01-27T14:47:47 IST" name="checkValidationOnScanningPieces" finished-at="2026-01-27T14:47:56 IST" duration-ms="9319" status="FAIL">
          <exception class="org.openqa.selenium.ElementNotInteractableException">
            <message>
              <![CDATA[element not interactable
  (Session info: chrome=144.0.7559.59)
Build info: version: '4.12.0', revision: '249f2a7d1b*'
System info: os.name: 'Windows 10', os.arch: 'amd64', os.version: '10.0', java.version: '11.0.22'
Driver info: org.openqa.selenium.chrome.ChromeDriver
Command: [0a0cb2cebfd29d660b859cc6333cdf3e, sendKeysToElement {id=f.4CC7034EEA86CBA60B58F2BC26DC035D.d.A6E2378833D7D2556B31A9007192C41E.e.19950, value=[Ljava.lang.CharSequence;@69249afe}]
Capabilities {acceptInsecureCerts: false, browserName: chrome, browserVersion: 144.0.7559.59, chrome: {chromedriverVersion: 144.0.7559.96 (d7b80622cfab..., userDataDir: C:\Users\EMP256\AppData\Loc...}, fedcm:accounts: true, goog:chromeOptions: {debuggerAddress: localhost:64801}, goog:processID: 169220, networkConnectionEnabled: false, pageLoadStrategy: normal, platformName: windows, proxy: Proxy(), se:cdp: ws://localhost:64801/devtoo..., se:cdpVersion: 144.0.7559.59, setWindowRect: true, strictFileInteractability: false, timeouts: {implicit: 0, pageLoad: 300000, script: 30000}, unhandledPromptBehavior: dismiss and notify, webauthn:extension:credBlob: true, webauthn:extension:largeBlob: true, webauthn:extension:minPinLength: true, webauthn:extension:prf: true, webauthn:virtualAuthenticators: true}
Element: [[ChromeDriver: chrome on windows (0a0cb2cebfd29d660b859cc6333cdf3e)] -> xpath: //input[@id='txtBarcodeScan']]
Session ID: 0a0cb2cebfd29d660b859cc6333cdf3e]]>
            </message>
            <full-stacktrace>
              <![CDATA[org.openqa.selenium.ElementNotInteractableException: element not interactable
  (Session info: chrome=144.0.7559.59)
Build info: version: '4.12.0', revision: '249f2a7d1b*'
System info: os.name: 'Windows 10', os.arch: 'amd64', os.version: '10.0', java.version: '11.0.22'
Driver info: org.openqa.selenium.chrome.ChromeDriver
Command: [0a0cb2cebfd29d660b859cc6333cdf3e, sendKeysToElement {id=f.4CC7034EEA86CBA60B58F2BC26DC035D.d.A6E2378833D7D2556B31A9007192C41E.e.19950, value=[Ljava.lang.CharSequence;@69249afe}]
Capabilities {acceptInsecureCerts: false, browserName: chrome, browserVersion: 144.0.7559.59, chrome: {chromedriverVersion: 144.0.7559.96 (d7b80622cfab..., userDataDir: C:\Users\EMP256\AppData\Loc...}, fedcm:accounts: true, goog:chromeOptions: {debuggerAddress: localhost:64801}, goog:processID: 169220, networkConnectionEnabled: false, pageLoadStrategy: normal, platformName: windows, proxy: Proxy(), se:cdp: ws://localhost:64801/devtoo..., se:cdpVersion: 144.0.7559.59, setWindowRect: true, strictFileInteractability: false, timeouts: {implicit: 0, pageLoad: 300000, script: 30000}, unhandledPromptBehavior: dismiss and notify, webauthn:extension:credBlob: true, webauthn:extension:largeBlob: true, webauthn:extension:minPinLength: true, webauthn:extension:prf: true, webauthn:virtualAuthenticators: true}
Element: [[ChromeDriver: chrome on windows (0a0cb2cebfd29d660b859cc6333cdf3e)] -> xpath: //input[@id='txtBarcodeScan']]
Session ID: 0a0cb2cebfd29d660b859cc6333cdf3e
at java.base/jdk.internal.reflect.NativeConstructorAccessorImpl.newInstance0(Native Method)
at java.base/jdk.internal.reflect.NativeConstructorAccessorImpl.newInstance(NativeConstructorAccessorImpl.java:62)
at java.base/jdk.internal.reflect.DelegatingConstructorAccessorImpl.newInstance(DelegatingConstructorAccessorImpl.java:45)
at java.base/java.lang.reflect.Constructor.newInstance(Constructor.java:490)
at org.openqa.selenium.remote.codec.w3c.W3CHttpResponseCodec.createException(W3CHttpResponseCodec.java:200)
at org.openqa.selenium.remote.codec.w3c.W3CHttpResponseCodec.decode(W3CHttpResponseCodec.java:133)
at org.openqa.selenium.remote.codec.w3c.W3CHttpResponseCodec.decode(W3CHttpResponseCodec.java:52)
at org.openqa.selenium.remote.HttpCommandExecutor.execute(HttpCommandExecutor.java:191)
at org.openqa.selenium.remote.service.DriverCommandExecutor.invokeExecute(DriverCommandExecutor.java:196)
at org.openqa.selenium.remote.service.DriverCommandExecutor.execute(DriverCommandExecutor.java:171)
at org.openqa.selenium.remote.RemoteWebDriver.execute(RemoteWebDriver.java:602)
at org.openqa.selenium.remote.RemoteWebElement.execute(RemoteWebElement.java:224)
at org.openqa.selenium.remote.RemoteWebElement.sendKeys(RemoteWebElement.java:111)
at com.uiFramework.Genesis.web.pages.InboundQAPage.checkValidationQAScanning(InboundQAPage.java:422)
at com.uiFramework.Genesis.regression.web.InboundQATest.checkValidationOnScanningPieces(InboundQATest.java:131)
at java.base/jdk.internal.reflect.NativeMethodAccessorImpl.invoke0(Native Method)
at java.base/jdk.internal.reflect.NativeMethodAccessorImpl.invoke(NativeMethodAccessorImpl.java:62)
at java.base/jdk.internal.reflect.DelegatingMethodAccessorImpl.invoke(DelegatingMethodAccessorImpl.java:43)
at java.base/java.lang.reflect.Method.invoke(Method.java:566)
at org.testng.internal.invokers.MethodInvocationHelper.invokeMethod(MethodInvocationHelper.java:141)
at org.testng.internal.invokers.TestInvoker.invokeMethod(TestInvoker.java:686)
at org.testng.internal.invokers.TestInvoker.invokeTestMethod(TestInvoker.java:230)
at org.testng.internal.invokers.MethodRunner.runInSequence(MethodRunner.java:63)
at org.testng.internal.invokers.TestInvoker$MethodInvocationAgent.invoke(TestInvoker.java:992)
at org.testng.internal.invokers.TestInvoker.invokeTestMethods(TestInvoker.java:203)
at org.testng.internal.invokers.TestMethodWorker.invokeTestMethods(TestMethodWorker.java:154)
at org.testng.internal.invokers.TestMethodWorker.run(TestMethodWorker.java:134)
at java.base/java.util.ArrayList.forEach(ArrayList.java:1541)
at org.testng.TestRunner.privateRun(TestRunner.java:739)
at org.testng.TestRunner.run(TestRunner.java:614)
at org.testng.SuiteRunner.runTest(SuiteRunner.java:421)
at org.testng.SuiteRunner.runSequentially(SuiteRunner.java:413)
at org.testng.SuiteRunner.privateRun(SuiteRunner.java:373)
at org.testng.SuiteRunner.run(SuiteRunner.java:312)
at org.testng.SuiteRunnerWorker.runSuite(SuiteRunnerWorker.java:52)
at org.testng.SuiteRunnerWorker.run(SuiteRunnerWorker.java:95)
at org.testng.TestNG.runSuitesSequentially(TestNG.java:1274)
at org.testng.TestNG.runSuitesLocally(TestNG.java:1208)
at org.testng.TestNG.runSuites(TestNG.java:1112)
at org.testng.TestNG.run(TestNG.java:1079)
at org.apache.maven.surefire.testng.TestNGExecutor.run(TestNGExecutor.java:308)
at org.apache.maven.surefire.testng.TestNGXmlTestSuite.execute(TestNGXmlTestSuite.java:71)
at org.apache.maven.surefire.testng.TestNGProvider.invoke(TestNGProvider.java:113)
at org.apache.maven.surefire.booter.ForkedBooter.runSuitesInProcess(ForkedBooter.java:385)
at org.apache.maven.surefire.booter.ForkedBooter.execute(ForkedBooter.java:162)
at org.apache.maven.surefire.booter.ForkedBooter.run(ForkedBooter.java:507)
at org.apache.maven.surefire.booter.ForkedBooter.main(ForkedBooter.java:495)
]]>
            </full-stacktrace>
          </exception> <!-- org.openqa.selenium.ElementNotInteractableException -->
          <reporter-output>
          </reporter-output>
        </test-method> <!-- checkValidationOnScanningPieces -->
        <test-method signature="ValidateFilterOnQAListing()[pri:9, instance:com.uiFramework.Genesis.regression.web.InboundQATest@49d3c823]" started-at="2026-01-27T14:47:56 IST" name="ValidateFilterOnQAListing" finished-at="2026-01-27T14:48:54 IST" duration-ms="57672" status="PASS">
          <reporter-output>
          </reporter-output>
        </test-method> <!-- ValidateFilterOnQAListing -->
        <test-method signature="shouldCheckColumnFilter()[pri:10, instance:com.uiFramework.Genesis.regression.web.InboundQATest@49d3c823]" started-at="2026-01-27T14:48:54 IST" name="shouldCheckColumnFilter" finished-at="2026-01-27T14:48:59 IST" duration-ms="5809" status="FAIL">
          <exception class="org.openqa.selenium.ElementNotInteractableException">
            <message>
              <![CDATA[element not interactable
  (Session info: chrome=144.0.7559.59)
Build info: version: '4.12.0', revision: '249f2a7d1b*'
System info: os.name: 'Windows 10', os.arch: 'amd64', os.version: '10.0', java.version: '11.0.22'
Driver info: org.openqa.selenium.chrome.ChromeDriver
Command: [0a0cb2cebfd29d660b859cc6333cdf3e, sendKeysToElement {id=f.4CC7034EEA86CBA60B58F2BC26DC035D.d.A6E2378833D7D2556B31A9007192C41E.e.20098, value=[Ljava.lang.CharSequence;@2af824b7}]
Capabilities {acceptInsecureCerts: false, browserName: chrome, browserVersion: 144.0.7559.59, chrome: {chromedriverVersion: 144.0.7559.96 (d7b80622cfab..., userDataDir: C:\Users\EMP256\AppData\Loc...}, fedcm:accounts: true, goog:chromeOptions: {debuggerAddress: localhost:64801}, goog:processID: 169220, networkConnectionEnabled: false, pageLoadStrategy: normal, platformName: windows, proxy: Proxy(), se:cdp: ws://localhost:64801/devtoo..., se:cdpVersion: 144.0.7559.59, setWindowRect: true, strictFileInteractability: false, timeouts: {implicit: 0, pageLoad: 300000, script: 30000}, unhandledPromptBehavior: dismiss and notify, webauthn:extension:credBlob: true, webauthn:extension:largeBlob: true, webauthn:extension:minPinLength: true, webauthn:extension:prf: true, webauthn:virtualAuthenticators: true}
Element: [[ChromeDriver: chrome on windows (0a0cb2cebfd29d660b859cc6333cdf3e)] -> xpath: //*[@id='panel1bh-content']//thead//tr[2]//th[2]//input]
Session ID: 0a0cb2cebfd29d660b859cc6333cdf3e]]>
            </message>
            <full-stacktrace>
              <![CDATA[org.openqa.selenium.ElementNotInteractableException: element not interactable
  (Session info: chrome=144.0.7559.59)
Build info: version: '4.12.0', revision: '249f2a7d1b*'
System info: os.name: 'Windows 10', os.arch: 'amd64', os.version: '10.0', java.version: '11.0.22'
Driver info: org.openqa.selenium.chrome.ChromeDriver
Command: [0a0cb2cebfd29d660b859cc6333cdf3e, sendKeysToElement {id=f.4CC7034EEA86CBA60B58F2BC26DC035D.d.A6E2378833D7D2556B31A9007192C41E.e.20098, value=[Ljava.lang.CharSequence;@2af824b7}]
Capabilities {acceptInsecureCerts: false, browserName: chrome, browserVersion: 144.0.7559.59, chrome: {chromedriverVersion: 144.0.7559.96 (d7b80622cfab..., userDataDir: C:\Users\EMP256\AppData\Loc...}, fedcm:accounts: true, goog:chromeOptions: {debuggerAddress: localhost:64801}, goog:processID: 169220, networkConnectionEnabled: false, pageLoadStrategy: normal, platformName: windows, proxy: Proxy(), se:cdp: ws://localhost:64801/devtoo..., se:cdpVersion: 144.0.7559.59, setWindowRect: true, strictFileInteractability: false, timeouts: {implicit: 0, pageLoad: 300000, script: 30000}, unhandledPromptBehavior: dismiss and notify, webauthn:extension:credBlob: true, webauthn:extension:largeBlob: true, webauthn:extension:minPinLength: true, webauthn:extension:prf: true, webauthn:virtualAuthenticators: true}
Element: [[ChromeDriver: chrome on windows (0a0cb2cebfd29d660b859cc6333cdf3e)] -> xpath: //*[@id='panel1bh-content']//thead//tr[2]//th[2]//input]
Session ID: 0a0cb2cebfd29d660b859cc6333cdf3e
at java.base/jdk.internal.reflect.NativeConstructorAccessorImpl.newInstance0(Native Method)
at java.base/jdk.internal.reflect.NativeConstructorAccessorImpl.newInstance(NativeConstructorAccessorImpl.java:62)
at java.base/jdk.internal.reflect.DelegatingConstructorAccessorImpl.newInstance(DelegatingConstructorAccessorImpl.java:45)
at java.base/java.lang.reflect.Constructor.newInstance(Constructor.java:490)
at org.openqa.selenium.remote.codec.w3c.W3CHttpResponseCodec.createException(W3CHttpResponseCodec.java:200)
at org.openqa.selenium.remote.codec.w3c.W3CHttpResponseCodec.decode(W3CHttpResponseCodec.java:133)
at org.openqa.selenium.remote.codec.w3c.W3CHttpResponseCodec.decode(W3CHttpResponseCodec.java:52)
at org.openqa.selenium.remote.HttpCommandExecutor.execute(HttpCommandExecutor.java:191)
at org.openqa.selenium.remote.service.DriverCommandExecutor.invokeExecute(DriverCommandExecutor.java:196)
at org.openqa.selenium.remote.service.DriverCommandExecutor.execute(DriverCommandExecutor.java:171)
at org.openqa.selenium.remote.RemoteWebDriver.execute(RemoteWebDriver.java:602)
at org.openqa.selenium.remote.RemoteWebElement.execute(RemoteWebElement.java:224)
at org.openqa.selenium.remote.RemoteWebElement.sendKeys(RemoteWebElement.java:111)
at com.uiFramework.Genesis.web.pages.CommonPage.verifyColumnFilterForFixGrid(CommonPage.java:2637)
at com.uiFramework.Genesis.regression.web.InboundQATest.shouldCheckColumnFilter(InboundQATest.java:176)
at java.base/jdk.internal.reflect.NativeMethodAccessorImpl.invoke0(Native Method)
at java.base/jdk.internal.reflect.NativeMethodAccessorImpl.invoke(NativeMethodAccessorImpl.java:62)
at java.base/jdk.internal.reflect.DelegatingMethodAccessorImpl.invoke(DelegatingMethodAccessorImpl.java:43)
at java.base/java.lang.reflect.Method.invoke(Method.java:566)
at org.testng.internal.invokers.MethodInvocationHelper.invokeMethod(MethodInvocationHelper.java:141)
at org.testng.internal.invokers.TestInvoker.invokeMethod(TestInvoker.java:686)
at org.testng.internal.invokers.TestInvoker.invokeTestMethod(TestInvoker.java:230)
at org.testng.internal.invokers.MethodRunner.runInSequence(MethodRunner.java:63)
at org.testng.internal.invokers.TestInvoker$MethodInvocationAgent.invoke(TestInvoker.java:992)
at org.testng.internal.invokers.TestInvoker.invokeTestMethods(TestInvoker.java:203)
at org.testng.internal.invokers.TestMethodWorker.invokeTestMethods(TestMethodWorker.java:154)
at org.testng.internal.invokers.TestMethodWorker.run(TestMethodWorker.java:134)
at java.base/java.util.ArrayList.forEach(ArrayList.java:1541)
at org.testng.TestRunner.privateRun(TestRunner.java:739)
at org.testng.TestRunner.run(TestRunner.java:614)
at org.testng.SuiteRunner.runTest(SuiteRunner.java:421)
at org.testng.SuiteRunner.runSequentially(SuiteRunner.java:413)
at org.testng.SuiteRunner.privateRun(SuiteRunner.java:373)
at org.testng.SuiteRunner.run(SuiteRunner.java:312)
at org.testng.SuiteRunnerWorker.runSuite(SuiteRunnerWorker.java:52)
at org.testng.SuiteRunnerWorker.run(SuiteRunnerWorker.java:95)
at org.testng.TestNG.runSuitesSequentially(TestNG.java:1274)
at org.testng.TestNG.runSuitesLocally(TestNG.java:1208)
at org.testng.TestNG.runSuites(TestNG.java:1112)
at org.testng.TestNG.run(TestNG.java:1079)
at org.apache.maven.surefire.testng.TestNGExecutor.run(TestNGExecutor.java:308)
at org.apache.maven.surefire.testng.TestNGXmlTestSuite.execute(TestNGXmlTestSuite.java:71)
at org.apache.maven.surefire.testng.TestNGProvider.invoke(TestNGProvider.java:113)
at org.apache.maven.surefire.booter.ForkedBooter.runSuitesInProcess(ForkedBooter.java:385)
at org.apache.maven.surefire.booter.ForkedBooter.execute(ForkedBooter.java:162)
at org.apache.maven.surefire.booter.ForkedBooter.run(ForkedBooter.java:507)
at org.apache.maven.surefire.booter.ForkedBooter.main(ForkedBooter.java:495)
]]>
            </full-stacktrace>
          </exception> <!-- org.openqa.selenium.ElementNotInteractableException -->
          <reporter-output>
          </reporter-output>
        </test-method> <!-- shouldCheckColumnFilter -->
        <test-method signature="checkQAStatusFailedforInbound()[pri:12, instance:com.uiFramework.Genesis.regression.web.InboundQATest@49d3c823]" started-at="2026-01-27T14:49:00 IST" name="checkQAStatusFailedforInbound" finished-at="2026-01-27T14:49:00 IST" duration-ms="2" status="PASS">
          <reporter-output>
          </reporter-output>
        </test-method> <!-- checkQAStatusFailedforInbound -->
        <test-method signature="checkQAStatusforInbound()[pri:13, instance:com.uiFramework.Genesis.regression.web.InboundQATest@49d3c823]" started-at="2026-01-27T14:49:00 IST" name="checkQAStatusforInbound" finished-at="2026-01-27T14:49:10 IST" duration-ms="10285" status="PASS">
          <reporter-output>
          </reporter-output>
        </test-method> <!-- checkQAStatusforInbound -->
        <test-method is-config="true" signature="checkOrderStatusAfterInboundQAdone()[pri:0, instance:com.uiFramework.Genesis.regression.web.InboundQATest@49d3c823]" started-at="2026-01-27T14:49:10 IST" name="checkOrderStatusAfterInboundQAdone" finished-at="2026-01-27T14:49:56 IST" duration-ms="46048" status="PASS">
          <reporter-output>
          </reporter-output>
        </test-method> <!-- checkOrderStatusAfterInboundQAdone -->
      </class> <!-- com.uiFramework.Genesis.regression.web.InboundQATest -->
    </test> <!-- regression -->
  </suite> <!-- Suite -->
</testng-results>
