<!DOCTYPE html PUBLIC "-//W3C//DTD XHTML 1.1//EN" "https://www.w3.org/TR/xhtml11/DTD/xhtml11.dtd">
<html xmlns="https://www.w3.org/1999/xhtml">
<head>
<meta http-equiv="content-type" content="text/html; charset=UTF-8"/>
<title>TestNG Report</title>
<style type="text/css">table {margin-bottom:10px;border-collapse:collapse;empty-cells:show}th,td {border:1px solid #009;padding:.25em .5em}th {vertical-align:bottom}td {vertical-align:top}table a {font-weight:bold}.stripe td {background-color: #E6EBF9}.num {text-align:right}.passedodd td {background-color: #3F3}.passedeven td {background-color: #0A0}.skippedodd td {background-color: #DDD}.skippedeven td {background-color: #CCC}.failedodd td,.attn {background-color: #F33}.failedeven td,.stripe .attn {background-color: #D00}.stacktrace {white-space:pre;font-family:monospace}.totop {font-size:85%;text-align:center;border-bottom:2px solid #000}.invisible {display:none}</style>
</head>
<body>
<table>
<tr><th>Test</th><th># Passed</th><th># Skipped</th><th># Retried</th><th># Failed</th><th>Time (ms)</th><th>Included Groups</th><th>Excluded Groups</th></tr>
<tr><th colspan="8">Suite</th></tr>
<tr><td><a href="#t0">regression</a></td><td class="num">160</td><td class="num attn">9</td><td class="num">0</td><td class="num attn">29</td><td class="num">3,471,378</td><td></td><td></td></tr>
</table>
<table id='summary'><thead><tr><th>Class</th><th>Method</th><th>Start</th><th>Time (ms)</th></tr></thead><tbody><tr><th colspan="4">Suite</th></tr></tbody><tbody id="t0"><tr><th colspan="4">regression &#8212; failed</th></tr><tr class="failedeven"><td rowspan="2">com.uiFramework.Genesis.regression.web.ConsigneeQATest</td><td><a href="#m0">shouldAllowUserToOpenCompletedRequest</a></td><td rowspan="1">1769168594745</td><td rowspan="1">13344</td></tr><tr class="failedeven"><td><a href="#m1">shouldNotAllowEnteringExtraLiteratureOrderPieces</a></td><td rowspan="1">1769168525305</td><td rowspan="1">34500</td></tr><tr class="failedodd"><td rowspan="3">com.uiFramework.Genesis.regression.web.DocQueueTest</td><td><a href="#m2">shouldConfirmDiffRequestsCreatedForDifferentLDAs</a></td><td rowspan="1">1769168240789</td><td rowspan="1">5822</td></tr><tr class="failedodd"><td><a href="#m3">shouldCreateDifferentManifestsForDifferentLDAs</a></td><td rowspan="1">1769168047606</td><td rowspan="1">26442</td></tr><tr class="failedodd"><td><a href="#m4">shouldCreateDifferentOrderProcessesForSameLDA</a></td><td rowspan="1">1769168074207</td><td rowspan="1">156099</td></tr><tr class="failedeven"><td rowspan="1">com.uiFramework.Genesis.regression.web.InboundPalletTest</td><td><a href="#m5">shouldApplyFiltersCorrectlyOnInboundPallet</a></td><td rowspan="1">1769166527178</td><td rowspan="1">15419</td></tr><tr class="failedodd"><td rowspan="3">com.uiFramework.Genesis.regression.web.InboundQATest</td><td><a href="#m6">checkQAStatusforInbound</a></td><td rowspan="1">1769167147608</td><td rowspan="1">11361</td></tr><tr class="failedodd"><td><a href="#m7">checkValidationOnScanningPieces</a></td><td rowspan="1">1769167075512</td><td rowspan="1">9350</td></tr><tr class="failedodd"><td><a href="#m8">shouldCheckColumnFilter</a></td><td rowspan="1">1769167142048</td><td rowspan="1">5450</td></tr><tr class="failedeven"><td rowspan="3">com.uiFramework.Genesis.regression.web.InboundTruckTest</td><td><a href="#m9">shouldApplyFiltersCorrectlyOnInboundTruck</a></td><td rowspan="1">1769166878738</td><td rowspan="1">16610</td></tr><tr class="failedeven"><td><a href="#m10">shouldMakeRemovedPalletAvailableToAddInInboundCreateTruck</a></td><td rowspan="1">1769166723122</td><td rowspan="1">17289</td></tr><tr class="failedeven"><td><a href="#m11">shouldUpdateOrderStatusWhenTruckLoaded</a></td><td rowspan="1">1769166818087</td><td rowspan="1">45509</td></tr><tr class="failedodd"><td rowspan="8">com.uiFramework.Genesis.regression.web.OrderTest</td><td><a href="#m12">shouldAddEditAndDeleteCarrierAccessorialSuccessfully</a></td><td rowspan="1">1769165313832</td><td rowspan="1">18182</td></tr><tr class="failedodd"><td><a href="#m13">shouldCheckExcelDownloadedOnOrderPage</a></td><td rowspan="1">1769166262369</td><td rowspan="1">6185</td></tr><tr class="failedodd"><td><a href="#m14">shouldCheckPDFDownloadedOnOrderPage</a></td><td rowspan="1">1769166252005</td><td rowspan="1">10208</td></tr><tr class="failedodd"><td><a href="#m15">shouldConfirmMultipleOrdersAndDisplaySuccessToast</a></td><td rowspan="1">1769165889209</td><td rowspan="1">99648</td></tr><tr class="failedodd"><td><a href="#m16">shouldDeleteCustomerAccessorialSuccessfully</a></td><td rowspan="1">1769165263955</td><td rowspan="1">37460</td></tr><tr class="failedodd"><td><a href="#m17">shouldDeleteFileSuccessfully</a></td><td rowspan="1">1769165368256</td><td rowspan="1">23857</td></tr><tr class="failedodd"><td><a href="#m18">shouldFilterOrdersByVariousFieldsSuccessfully</a></td><td rowspan="1">1769166036331</td><td rowspan="1">126280</td></tr><tr class="failedodd"><td><a href="#m19">shouldNotAllowDeletionWhenOrderInPalletStage</a></td><td rowspan="1">1769165989005</td><td rowspan="1">47214</td></tr><tr class="failedeven"><td rowspan="1">com.uiFramework.Genesis.regression.web.OutboundPalletTest</td><td><a href="#m20">shouldVerifyPalletQuantityOnOutboundPallet</a></td><td rowspan="1">1769167355684</td><td rowspan="1">18029</td></tr><tr class="failedodd"><td rowspan="6">com.uiFramework.Genesis.regression.web.OutboundTruckTest</td><td><a href="#m21">shouldAddPalletInEditModeWithCalculationsAndShouldUpdateStatus</a></td><td rowspan="1">1769167713328</td><td rowspan="1">6914</td></tr><tr class="failedodd"><td><a href="#m22">shouldApplyFiltersCorrectlyOnOutboundTruck</a></td><td rowspan="1">1769167812469</td><td rowspan="1">17413</td></tr><tr class="failedodd"><td><a href="#m23">shouldDeleteTruckAndMakeOrdersAvailableToAdd</a></td><td rowspan="1">1769167747193</td><td rowspan="1">25185</td></tr><tr class="failedodd"><td><a href="#m24">shouldUpdateRoutesInEditOutboundTruck</a></td><td rowspan="1">1769167738878</td><td rowspan="1">8218</td></tr><tr class="failedodd"><td><a href="#m25">shouldVerifyAddedPalletWTandPiecesLoadedIntoTruck</a></td><td rowspan="1">1769167554010</td><td rowspan="1">30941</td></tr><tr class="failedodd"><td><a href="#m26">shouldVerifyCreatedTruckDetailsAndPalletQtyMatch</a></td><td rowspan="1">1769167608420</td><td rowspan="1">22994</td></tr><tr class="failedeven"><td rowspan="2">com.uiFramework.Genesis.regression.web.UpdateTrackingTest</td><td><a href="#m27">shouldAllowUpdateWithValidData</a></td><td rowspan="1">1769167965734</td><td rowspan="1">11546</td></tr><tr class="failedeven"><td><a href="#m28">shouldAllowUserToUpdateMultipleRequestsAtOnce</a></td><td rowspan="1">1769167929541</td><td rowspan="1">7752</td></tr><tr><th colspan="4">regression &#8212; skipped</th></tr><tr class="skippedeven"><td rowspan="1">com.uiFramework.Genesis.regression.web.ConsigneeQATest</td><td><a href="#m29">shouldAllowUserToUpdatePiecesAfterConsingeeQADone</a></td><td rowspan="1">1769168608205</td><td rowspan="1">0</td></tr><tr class="skippedodd"><td rowspan="2">com.uiFramework.Genesis.regression.web.DocQueueTest</td><td><a href="#m30">shouldConfirmDifferentRequestsCreatedForDifferentLDAs</a></td><td rowspan="1">1769168074204</td><td rowspan="1">1</td></tr><tr class="skippedodd"><td><a href="#m31">shouldConfirmSameRequestCreatedForDifferentLDAs</a></td><td rowspan="1">1769168230488</td><td rowspan="1">0</td></tr><tr class="skippedeven"><td rowspan="1">com.uiFramework.Genesis.regression.web.InboundQATest</td><td><a href="#m32">checkDefaultZeroPopulate</a></td><td rowspan="1">1769167010679</td><td rowspan="1">154</td></tr><tr class="skippedodd"><td rowspan="1">com.uiFramework.Genesis.regression.web.OrderTest</td><td><a href="#m33">shouldAllowOrderDeletionAfterConfirmation</a></td><td rowspan="1">1769165989003</td><td rowspan="1">0</td></tr><tr class="skippedeven"><td rowspan="2">com.uiFramework.Genesis.regression.web.OutboundQATest</td><td><a href="#m34">shouldCheckFisrtOrderShouldBeDisable</a></td><td rowspan="1">1769168474336</td><td rowspan="1">4990</td></tr><tr class="skippedeven"><td><a href="#m35">shouldPopulateDefaultValueAsZero</a></td><td rowspan="1">1769168428476</td><td rowspan="1">1168</td></tr><tr class="skippedodd"><td rowspan="2">com.uiFramework.Genesis.regression.web.OutboundTruckTest</td><td><a href="#m36">shouldDisplayLDACodesCorrectlyOnListing</a></td><td rowspan="1">1769167631597</td><td rowspan="1">0</td></tr><tr class="skippedodd"><td><a href="#m37">shouldNotAllowAddedPalletToCreateOutboundTruck</a></td><td rowspan="1">1769167720429</td><td rowspan="1">1</td></tr><tr><th colspan="4">regression &#8212; passed</th></tr><tr class="passedeven"><td rowspan="9">com.uiFramework.Genesis.regression.web.ConsigneeQATest</td><td><a href="#m38">shouldAllowUserToCompleteRequest</a></td><td rowspan="1">1769168583246</td><td rowspan="1">11492</td></tr><tr class="passedeven"><td><a href="#m39">shouldAllowUserToOpenDraftRequest</a></td><td rowspan="1">1769168564903</td><td rowspan="1">16990</td></tr><tr class="passedeven"><td><a href="#m40">shouldAllowUserToSaveDetailsInDraft</a></td><td rowspan="1">1769168560262</td><td rowspan="1">4640</td></tr><tr class="passedeven"><td><a href="#m41">shouldAllowUserToUploadExcelFile</a></td><td rowspan="1">1769168581908</td><td rowspan="1">703</td></tr><tr class="passedeven"><td><a href="#m42">shouldDisplayEditableFieldsForTrackingUpdatedRequest</a></td><td rowspan="1">1769168519136</td><td rowspan="1">5455</td></tr><tr class="passedeven"><td><a href="#m43">shouldNotAllowEnteringExtraReceivedOrderPieces</a></td><td rowspan="1">1769168524593</td><td rowspan="1">711</td></tr><tr class="passedeven"><td><a href="#m44">shouldNotAllowSavingFileWithoutTime</a></td><td rowspan="1">1769168582613</td><td rowspan="1">631</td></tr><tr class="passedeven"><td><a href="#m45">shouldValidateLiteratureOrderPiecesWhenMarkSameQtyBtnClicked</a></td><td rowspan="1">1769168560224</td><td rowspan="1">36</td></tr><tr class="passedeven"><td><a href="#m46">shouldValidateReceivedOrderPiecesWhenMarkSameQtyBtnClicked</a></td><td rowspan="1">1769168559921</td><td rowspan="1">302</td></tr><tr class="passedodd"><td rowspan="11">com.uiFramework.Genesis.regression.web.DocQueueTest</td><td><a href="#m47">shouldCheckColumnFilterOnSplitPOD</a></td><td rowspan="1">1769168274649</td><td rowspan="1">26642</td></tr><tr class="passedodd"><td><a href="#m48">shouldConfirmDifferentRequestsCreatedForDifferentConsignees</a></td><td rowspan="1">1769168042284</td><td rowspan="1">5318</td></tr><tr class="passedodd"><td><a href="#m49">shouldCreateDifferentLBOLsForDifferentConsignees</a></td><td rowspan="1">1769168024644</td><td rowspan="1">17633</td></tr><tr class="passedodd"><td><a href="#m50">shouldCreateDifferentOrderProcessesForDifferentLDAs</a></td><td rowspan="1">1769168230489</td><td rowspan="1">10298</td></tr><tr class="passedodd"><td><a href="#m51">shouldCreateDocumentsForMainOrder</a></td><td rowspan="1">1769168246813</td><td rowspan="1">13681</td></tr><tr class="passedodd"><td><a href="#m52">shouldDisplayCloseoutRequestsOnCloseoutCheckbox</a></td><td rowspan="1">1769168011132</td><td rowspan="1">13511</td></tr><tr class="passedodd"><td><a href="#m53">shouldDisplayReconsignmentRequestsOnReconsignmentCheckbox</a></td><td rowspan="1">1769167997803</td><td rowspan="1">13327</td></tr><tr class="passedodd"><td><a href="#m54">shouldDisplayRegularRequestsOnRegularCheckbox</a></td><td rowspan="1">1769167983408</td><td rowspan="1">14394</td></tr><tr class="passedodd"><td><a href="#m55">shouldPersistColumnFilterOnSplitPOD</a></td><td rowspan="1">1769168301292</td><td rowspan="1">8126</td></tr><tr class="passedodd"><td><a href="#m56">shouldRetrieveDocumentsForMainOrder</a></td><td rowspan="1">1769168260495</td><td rowspan="1">14153</td></tr><tr class="passedodd"><td><a href="#m57">shouldShowErrorMessageIfRequiredFieldNotSelected</a></td><td rowspan="1">1769167980312</td><td rowspan="1">3095</td></tr><tr class="passedeven"><td rowspan="16">com.uiFramework.Genesis.regression.web.InboundPalletTest</td><td><a href="#m58">CreateInboundPalletforMainOrder</a></td><td rowspan="1">1769166268998</td><td rowspan="1">12615</td></tr><tr class="passedeven"><td><a href="#m59">shouldAddPalletInEditModeWithPiecesAndWeightWithNoPopup</a></td><td rowspan="1">1769166387259</td><td rowspan="1">18944</td></tr><tr class="passedeven"><td><a href="#m60">shouldAllowDeletedPalletToBeAvailableAfterPalletDeletion</a></td><td rowspan="1">1769166447213</td><td rowspan="1">11517</td></tr><tr class="passedeven"><td><a href="#m61">shouldApplyColumnFiltersOnCreateInboundPallet</a></td><td rowspan="1">1769166542700</td><td rowspan="1">51206</td></tr><tr class="passedeven"><td><a href="#m62">shouldAutoDeletePalletAndAllowOrderToBeAdded</a></td><td rowspan="1">1769166349377</td><td rowspan="1">17634</td></tr><tr class="passedeven"><td><a href="#m63">shouldCheckColumnFilter</a></td><td rowspan="1">1769166458732</td><td rowspan="1">53163</td></tr><tr class="passedeven"><td><a href="#m64">shouldCreateMultiplePallet</a></td><td rowspan="1">1769166367013</td><td rowspan="1">18231</td></tr><tr class="passedeven"><td><a href="#m65">shouldNotAllowAddingSameOrderToAnotherPallet</a></td><td rowspan="1">1769166406205</td><td rowspan="1">30024</td></tr><tr class="passedeven"><td><a href="#m66">shouldNotAllowPalletEditingIfQADone</a></td><td rowspan="1">1769166521178</td><td rowspan="1">5603</td></tr><tr class="passedeven"><td><a href="#m67">shouldNotDeletePalletIfQADone</a></td><td rowspan="1">1769166511897</td><td rowspan="1">9279</td></tr><tr class="passedeven"><td><a href="#m68">shouldNotMergeInboundPalletWithDifferentPickup</a></td><td rowspan="1">1769166289235</td><td rowspan="1">21391</td></tr><tr class="passedeven"><td><a href="#m69">shouldPerformMergeWhenButtonClicked</a></td><td rowspan="1">1769166310634</td><td rowspan="1">17300</td></tr><tr class="passedeven"><td><a href="#m70">shouldRemoveOrdersInEditPalletAndPalletAutoDelete</a></td><td rowspan="1">1769166327937</td><td rowspan="1">21436</td></tr><tr class="passedeven"><td><a href="#m71">shouldShowCreatedOrderInPalletListingPage</a></td><td rowspan="1">1769166385246</td><td rowspan="1">2011</td></tr><tr class="passedeven"><td><a href="#m72">shouldVerifyPalletQuantityAndStatusForInboundPallet</a></td><td rowspan="1">1769166436230</td><td rowspan="1">10982</td></tr><tr class="passedeven"><td><a href="#m73">verifyInboundpalletCreateSuccefully</a></td><td rowspan="1">1769166281616</td><td rowspan="1">7617</td></tr><tr class="passedodd"><td rowspan="8">com.uiFramework.Genesis.regression.web.InboundQATest</td><td><a href="#m74">ValidateFilterOnQAListing</a></td><td rowspan="1">1769167084977</td><td rowspan="1">57069</td></tr><tr class="passedodd"><td><a href="#m75">checkQAStatusFailedforInbound</a></td><td rowspan="1">1769167147605</td><td rowspan="1">2</td></tr><tr class="passedodd"><td><a href="#m76">validateInboundQAscreen</a></td><td rowspan="1">1769167010836</td><td rowspan="1">62089</td></tr><tr class="passedodd"><td><a href="#m77">validateTotalPiecesinTruck</a></td><td rowspan="1">1769167072927</td><td rowspan="1">2582</td></tr><tr class="passedodd"><td><a href="#m78">verifyMandatoryPiecesOnSaveBtn</a></td><td rowspan="1">1769167006920</td><td rowspan="1">3757</td></tr><tr class="passedodd"><td><a href="#m79">verifyPalletAvailable</a></td><td rowspan="1">1769166984744</td><td rowspan="1">5835</td></tr><tr class="passedodd"><td><a href="#m80">verifyToasmsgOnQAPass</a></td><td rowspan="1">1769166990580</td><td rowspan="1">5931</td></tr><tr class="passedodd"><td><a href="#m81">verifyTruckDataDisplayedCorrectlyOnView</a></td><td rowspan="1">1769166996514</td><td rowspan="1">10402</td></tr><tr class="passedeven"><td rowspan="21">com.uiFramework.Genesis.regression.web.InboundTruckTest</td><td><a href="#m82">shouldAddPalletInEditModeWithCalculations</a></td><td rowspan="1">1769166740541</td><td rowspan="1">13165</td></tr><tr class="passedeven"><td><a href="#m83">shouldApplyColumnFilterCorrectlyOnInboundTruck</a></td><td rowspan="1">1769166895504</td><td rowspan="1">33604</td></tr><tr class="passedeven"><td><a href="#m84">shouldApplyColumnFilterCorrectlyOnInboundTruckCreate</a></td><td rowspan="1">1769166929110</td><td rowspan="1">39448</td></tr><tr class="passedeven"><td><a href="#m85">shouldCheckDefaultCostEstimate</a></td><td rowspan="1">1769166637751</td><td rowspan="1">7293</td></tr><tr class="passedeven"><td><a href="#m86">shouldCheckMandateFiledForImportTruck</a></td><td rowspan="1">1769166968561</td><td rowspan="1">4151</td></tr><tr class="passedeven"><td><a href="#m87">shouldCheckOrderProcessShowcorrect</a></td><td rowspan="1">1769166645050</td><td rowspan="1">3000</td></tr><tr class="passedeven"><td><a href="#m88">shouldCreateBulkInboundTruck</a></td><td rowspan="1">1769166972713</td><td rowspan="1">5819</td></tr><tr class="passedeven"><td><a href="#m89">shouldCreateEmptyInboundTruck</a></td><td rowspan="1">1769166793619</td><td rowspan="1">24349</td></tr><tr class="passedeven"><td><a href="#m90">shouldCreateTruckSuccessfullyAndVerifyTotalPiecesAndPalletQty</a></td><td rowspan="1">1769166648053</td><td rowspan="1">24157</td></tr><tr class="passedeven"><td><a href="#m91">shouldDeleteTruckAndMakePalletAvailableToAddInInboundTruck</a></td><td rowspan="1">1769166770763</td><td rowspan="1">22853</td></tr><tr class="passedeven"><td><a href="#m92">shouldDisplayToastMessageOnCreateTruck</a></td><td rowspan="1">1769166612401</td><td rowspan="1">25348</td></tr><tr class="passedeven"><td><a href="#m93">shouldDisplayTruckDetailsInEditMode</a></td><td rowspan="1">1769166706660</td><td rowspan="1">3428</td></tr><tr class="passedeven"><td><a href="#m94">shouldMatchCreatedTruckDetails</a></td><td rowspan="1">1769166672270</td><td rowspan="1">23069</td></tr><tr class="passedeven"><td><a href="#m95">shouldNotAllowAddingPalletToCreateTruck</a></td><td rowspan="1">1769166753708</td><td rowspan="1">17054</td></tr><tr class="passedeven"><td><a href="#m96">shouldNotAllowEditPalletIfQADone</a></td><td rowspan="1">1769166871443</td><td rowspan="1">7291</td></tr><tr class="passedeven"><td><a href="#m97">shouldNotDeleteTruckIfQADone</a></td><td rowspan="1">1769166863730</td><td rowspan="1">7710</td></tr><tr class="passedeven"><td><a href="#m98">shouldRemovePalletFromTruckAndUpdateWeightAndEmptyStatus</a></td><td rowspan="1">1769166710090</td><td rowspan="1">13031</td></tr><tr class="passedeven"><td><a href="#m99">shouldUpdateTruckStatusOnMarkAsArrived</a></td><td rowspan="1">1769166695341</td><td rowspan="1">11316</td></tr><tr class="passedeven"><td><a href="#m100">shouldVerifyEmptyTruckQtyAndStatus</a></td><td rowspan="1">1769166817971</td><td rowspan="1">115</td></tr><tr class="passedeven"><td><a href="#m101">shouldVerifyPalletAvailableToAddInTruck</a></td><td rowspan="1">1769166600672</td><td rowspan="1">11727</td></tr><tr class="passedeven"><td><a href="#m102">shouldVerifyTruckStatusAfterTruckCreation</a></td><td rowspan="1">1769166672214</td><td rowspan="1">54</td></tr><tr class="passedodd"><td rowspan="29">com.uiFramework.Genesis.regression.web.OrderTest</td><td><a href="#m103">shouldAddEditAndDeleteCommentSuccessfully</a></td><td rowspan="1">1769165340849</td><td rowspan="1">7148</td></tr><tr class="passedodd"><td><a href="#m104">shouldCalculateRatedWeightAndLitWeightCorrectly</a></td><td rowspan="1">1769165227245</td><td rowspan="1">3727</td></tr><tr class="passedodd"><td><a href="#m105">shouldCheckColumnFilter</a></td><td rowspan="1">1769166162727</td><td rowspan="1">89276</td></tr><tr class="passedodd"><td><a href="#m106">shouldCreateDistributorOrderWithRequiredDetails</a></td><td rowspan="1">1769165653061</td><td rowspan="1">97758</td></tr><tr class="passedodd"><td><a href="#m107">shouldDeleteOrderSuccessfullyWhenInDraftStatusInDraft</a></td><td rowspan="1">1769165634539</td><td rowspan="1">18519</td></tr><tr class="passedodd"><td><a href="#m108">shouldDisplayBarcodeAfterDistributorOrderConfirmation</a></td><td rowspan="1">1769165750827</td><td rowspan="1">29847</td></tr><tr class="passedodd"><td><a href="#m109">shouldDisplayOrderFormOnCreateButtonClick</a></td><td rowspan="1">1769165136992</td><td rowspan="1">7505</td></tr><tr class="passedodd"><td><a href="#m110">shouldFetchConsigneeAddressDetails</a></td><td rowspan="1">1769165220803</td><td rowspan="1">247</td></tr><tr class="passedodd"><td><a href="#m111">shouldGenerateBarcodeAfterOrderConfirmation</a></td><td rowspan="1">1769165236240</td><td rowspan="1">17051</td></tr><tr class="passedodd"><td><a href="#m112">shouldKeepConsigneeDropdownEmptyUntilCustomerSelected</a></td><td rowspan="1">1769165145998</td><td rowspan="1">74158</td></tr><tr class="passedodd"><td><a href="#m113">shouldMatchOrderDetailsOnListingPage</a></td><td rowspan="1">1769165392248</td><td rowspan="1">16322</td></tr><tr class="passedodd"><td><a href="#m114">shouldNotGenerateBarcodeAndShowCorrectOrderStatusOnConfirm</a></td><td rowspan="1">1769165541594</td><td rowspan="1">16193</td></tr><tr class="passedodd"><td><a href="#m115">shouldNotGenerateBarcodeWhenCheckboxIsUnchecked</a></td><td rowspan="1">1769165780677</td><td rowspan="1">108521</td></tr><tr class="passedodd"><td><a href="#m116">shouldSaveCarrierAccessorialAfterDeleteAndValidateCommentValidation</a></td><td rowspan="1">1769165332187</td><td rowspan="1">6027</td></tr><tr class="passedodd"><td><a href="#m117">shouldSaveCommentAfterDelete</a></td><td rowspan="1">1769165348000</td><td rowspan="1">12241</td></tr><tr class="passedodd"><td><a href="#m118">shouldSaveCustomerAccessorialAfterDeleteAndValidateCarrierValidation</a></td><td rowspan="1">1769165301569</td><td rowspan="1">12261</td></tr><tr class="passedodd"><td><a href="#m119">shouldSaveTypeAndsubjectReqOnComment</a></td><td rowspan="1">1769165338216</td><td rowspan="1">2631</td></tr><tr class="passedodd"><td><a href="#m120">shouldShowErrorForDuplicateCustomerOrderNumber</a></td><td rowspan="1">1769165483430</td><td rowspan="1">58158</td></tr><tr class="passedodd"><td><a href="#m121">shouldShowErrorMessagesForMandatoryFields</a></td><td rowspan="1">1769165144518</td><td rowspan="1">1476</td></tr><tr class="passedodd"><td><a href="#m122">shouldShowErrorOnConfirmFromListingWithMissingFields</a></td><td rowspan="1">1769165557789</td><td rowspan="1">76741</td></tr><tr class="passedodd"><td><a href="#m123">shouldShowErrorWhenSavingEmptyCustomerAccessorial</a></td><td rowspan="1">1769165253293</td><td rowspan="1">10660</td></tr><tr class="passedodd"><td><a href="#m124">shouldShowMandatoryFieldOnSaveFiles</a></td><td rowspan="1">1769165360269</td><td rowspan="1">5762</td></tr><tr class="passedodd"><td><a href="#m125">shouldShowToastWhenConfirmingWithoutWeightOrPieces</a></td><td rowspan="1">1769165221051</td><td rowspan="1">6184</td></tr><tr class="passedodd"><td><a href="#m126">shouldUploadFileAndShowSuccessToast</a></td><td rowspan="1">1769165366042</td><td rowspan="1">2210</td></tr><tr class="passedodd"><td><a href="#m127">shouldValidateFullAddressDetails</a></td><td rowspan="1">1769165220468</td><td rowspan="1">333</td></tr><tr class="passedodd"><td><a href="#m128">shouldValidateLocalCarrierTextAndQAStatusAndPODUnset</a></td><td rowspan="1">1769165220158</td><td rowspan="1">306</td></tr><tr class="passedodd"><td><a href="#m129">shouldValidateOrderStatusCountOnLabelBadges</a></td><td rowspan="1">1769165408624</td><td rowspan="1">74804</td></tr><tr class="passedodd"><td><a href="#m130">shouldValidateTotalPiecesAndWeightOnListingPage</a></td><td rowspan="1">1769165408572</td><td rowspan="1">50</td></tr><tr class="passedodd"><td><a href="#m131">shouldVerifyDraftOrderStatusAfterSave</a></td><td rowspan="1">1769165230974</td><td rowspan="1">5264</td></tr><tr class="passedeven"><td rowspan="17">com.uiFramework.Genesis.regression.web.OutboundPalletTest</td><td><a href="#m132">shouldAddPalletInEditModeWithPiecesAndWeightWithNoPopup</a></td><td rowspan="1">1769167324735</td><td rowspan="1">15243</td></tr><tr class="passedeven"><td><a href="#m133">shouldAllowEditPalletWithAutoDeletedPallet</a></td><td rowspan="1">1769167254792</td><td rowspan="1">19292</td></tr><tr class="passedeven"><td><a href="#m134">shouldCheckPaginationOnCreateOutboundPalletScreen</a></td><td rowspan="1">1769167397581</td><td rowspan="1">40706</td></tr><tr class="passedeven"><td><a href="#m135">shouldCreateOutboundPalletForMainOrder</a></td><td rowspan="1">1769167205179</td><td rowspan="1">13872</td></tr><tr class="passedeven"><td><a href="#m136">shouldCreateOutboundPalletSuccessfully</a></td><td rowspan="1">1769167219054</td><td rowspan="1">9458</td></tr><tr class="passedeven"><td><a href="#m137">shouldCreatePalletAndMaintainCheckboxSelectionAcrossPagination</a></td><td rowspan="1">1769167292231</td><td rowspan="1">25276</td></tr><tr class="passedeven"><td><a href="#m138">shouldCreateSinglePalletOnMergeClick</a></td><td rowspan="1">1769167250298</td><td rowspan="1">1309</td></tr><tr class="passedeven"><td><a href="#m139">shouldDeletePalletAndMakeOrdersAvailableAfterDeletion</a></td><td rowspan="1">1769167373868</td><td rowspan="1">13916</td></tr><tr class="passedeven"><td><a href="#m140">shouldDisplayPalletStatusInListingAfterObtPalletCreation</a></td><td rowspan="1">1769167324677</td><td rowspan="1">55</td></tr><tr class="passedeven"><td><a href="#m141">shouldDisplaySelectedWarehouseOrderInGrid</a></td><td rowspan="1">1769167228513</td><td rowspan="1">9483</td></tr><tr class="passedeven"><td><a href="#m142">shouldIncludeMultipleLDAsInSinglePallet</a></td><td rowspan="1">1769167251616</td><td rowspan="1">73</td></tr><tr class="passedeven"><td><a href="#m143">shouldNotAllowAddedOrdersForPalletCreation</a></td><td rowspan="1">1769167339988</td><td rowspan="1">15695</td></tr><tr class="passedeven"><td><a href="#m144">shouldNotAllowPalletDeletionAfterArrival</a></td><td rowspan="1">1769167387785</td><td rowspan="1">9795</td></tr><tr class="passedeven"><td><a href="#m145">shouldPerformMergeFunctionOnOutboundPallet</a></td><td rowspan="1">1769167237999</td><td rowspan="1">12297</td></tr><tr class="passedeven"><td><a href="#m146">shouldUpdatePalletStatusAfterPalletCreation</a></td><td rowspan="1">1769167251690</td><td rowspan="1">3099</td></tr><tr class="passedeven"><td><a href="#m147">verifyAutoDeletedPalletNotVisibleAndOrderIsAvailableToAdd</a></td><td rowspan="1">1769167274086</td><td rowspan="1">18143</td></tr><tr class="passedeven"><td><a href="#m148">verifyCreatedOrderIsAvailableInPallet</a></td><td rowspan="1">1769167317509</td><td rowspan="1">7165</td></tr><tr class="passedodd"><td rowspan="18">com.uiFramework.Genesis.regression.web.OutboundQATest</td><td><a href="#m149">shouldAcceptManifestForMainOrder</a></td><td rowspan="1">1769168309423</td><td rowspan="1">26920</td></tr><tr class="passedodd"><td><a href="#m150">shouldAllowUserToOpenCompletedQA</a></td><td rowspan="1">1769168479332</td><td rowspan="1">17399</td></tr><tr class="passedodd"><td><a href="#m151">shouldAllowUserToPartialOutboundQA</a></td><td rowspan="1">1769168455678</td><td rowspan="1">11364</td></tr><tr class="passedodd"><td><a href="#m152">shouldCheckMandateMsgIfOrderNotSelected</a></td><td rowspan="1">1769168389839</td><td rowspan="1">7759</td></tr><tr class="passedodd"><td><a href="#m153">shouldDisplayCorrectTotalPiecesCount</a></td><td rowspan="1">1769168436827</td><td rowspan="1">336</td></tr><tr class="passedodd"><td><a href="#m154">shouldDisplayEditableFieldsForTrackingUpdatedRequest</a></td><td rowspan="1">1769168336345</td><td rowspan="1">53493</td></tr><tr class="passedodd"><td><a href="#m155">shouldDisplaySelectedLDAInGrid</a></td><td rowspan="1">1769168436691</td><td rowspan="1">64</td></tr><tr class="passedodd"><td><a href="#m156">shouldDisplaySelectedManifestInGrid</a></td><td rowspan="1">1769168436757</td><td rowspan="1">69</td></tr><tr class="passedodd"><td><a href="#m157">shouldMakeReceivedDateMandatory</a></td><td rowspan="1">1769168437164</td><td rowspan="1">8280</td></tr><tr class="passedodd"><td><a href="#m158">shouldMakeVoiceMailDateMandatory</a></td><td rowspan="1">1769168445447</td><td rowspan="1">8773</td></tr><tr class="passedodd"><td><a href="#m159">shouldNotAllowEnteringExtraLiteratureOrderPieces</a></td><td rowspan="1">1769168429648</td><td rowspan="1">5879</td></tr><tr class="passedodd"><td><a href="#m160">shouldNotAllowEnteringExtraReceivedOrderPieces</a></td><td rowspan="1">1769168397599</td><td rowspan="1">30874</td></tr><tr class="passedodd"><td><a href="#m161">shouldUpdateOrderStatusAfterOutboundQADone</a></td><td rowspan="1">1769168496732</td><td rowspan="1">7459</td></tr><tr class="passedodd"><td><a href="#m162">shouldUpdateOrderStatusAfterPartialOutboundQADone</a></td><td rowspan="1">1769168467044</td><td rowspan="1">7290</td></tr><tr class="passedodd"><td><a href="#m163">shouldUpdateOrderStatusAfterSchedDellivery</a></td><td rowspan="1">1769168504192</td><td rowspan="1">14941</td></tr><tr class="passedodd"><td><a href="#m164">shouldValidateLitOrderPiecesWhenMarkSameQtyButtonClicked</a></td><td rowspan="1">1769168436592</td><td rowspan="1">98</td></tr><tr class="passedodd"><td><a href="#m165">shouldValidateReceivedOrderPiecesWhenMarkSameQtyButtonClicked</a></td><td rowspan="1">1769168435529</td><td rowspan="1">1062</td></tr><tr class="passedodd"><td><a href="#m166">shouldVerifyReceivedAndVoicemailDatesAreCurrentDate</a></td><td rowspan="1">1769168454222</td><td rowspan="1">1455</td></tr><tr class="passedeven"><td rowspan="22">com.uiFramework.Genesis.regression.web.OutboundTruckTest</td><td><a href="#m167">shouldAllowEditingDropLocationDetailsInNonUPSCase</a></td><td rowspan="1">1769167513737</td><td rowspan="1">12290</td></tr><tr class="passedeven"><td><a href="#m168">shouldAllowEditingLTL3rdPartyAndCostEstimate</a></td><td rowspan="1">1769167636054</td><td rowspan="1">74</td></tr><tr class="passedeven"><td><a href="#m169">shouldApplyColumnFilterForOutboundTruck</a></td><td rowspan="1">1769167830006</td><td rowspan="1">29422</td></tr><tr class="passedeven"><td><a href="#m170">shouldApplyColumnFilterOnOutboundTruckCreatePage</a></td><td rowspan="1">1769167859429</td><td rowspan="1">35135</td></tr><tr class="passedeven"><td><a href="#m171">shouldClearFieldsWhenClearButtonClickedOnObtCreateTruck</a></td><td rowspan="1">1769167550229</td><td rowspan="1">3779</td></tr><tr class="passedeven"><td><a href="#m172">shouldCreateEmptyOutboundTruck</a></td><td rowspan="1">1769167772476</td><td rowspan="1">24746</td></tr><tr class="passedeven"><td><a href="#m173">shouldCreateSuccessfullyAndIncreseCountByOne</a></td><td rowspan="1">1769167601829</td><td rowspan="1">6513</td></tr><tr class="passedeven"><td><a href="#m174">shouldDisplayDefaultCostEstimateAndOrderProcess</a></td><td rowspan="1">1769167479556</td><td rowspan="1">34174</td></tr><tr class="passedeven"><td><a href="#m175">shouldDisplayToastMessageOnCreateObtTruck</a></td><td rowspan="1">1769167460660</td><td rowspan="1">18894</td></tr><tr class="passedeven"><td><a href="#m176">shouldDisplayTruckDetailsInEditOutboundTruckMode</a></td><td rowspan="1">1769167631599</td><td rowspan="1">4453</td></tr><tr class="passedeven"><td><a href="#m177">shouldNotAllowMultiDropLocationForNonUPS</a></td><td rowspan="1">1769167636130</td><td rowspan="1">2025</td></tr><tr class="passedeven"><td><a href="#m178">shouldNotAllowPalletEditingOnceArrived</a></td><td rowspan="1">1769167804778</td><td rowspan="1">7688</td></tr><tr class="passedeven"><td><a href="#m179">shouldNotAllowTruckDeletionIfTruckHasArrived</a></td><td rowspan="1">1769167798342</td><td rowspan="1">6435</td></tr><tr class="passedeven"><td><a href="#m180">shouldPalletAvailableToCreateOutboundTruck</a></td><td rowspan="1">1769167445000</td><td rowspan="1">15658</td></tr><tr class="passedeven"><td><a href="#m181">shouldRemovePalletFromTruckAndUpdateWeightAndEmptyTruckStatus</a></td><td rowspan="1">1769167638157</td><td rowspan="1">23419</td></tr><tr class="passedeven"><td><a href="#m182">shouldRemovedPalletAvailableToAddInOuboundCreateTruck</a></td><td rowspan="1">1769167685370</td><td rowspan="1">27955</td></tr><tr class="passedeven"><td><a href="#m183">shouldRouteOrderEditable</a></td><td rowspan="1">1769167585134</td><td rowspan="1">16694</td></tr><tr class="passedeven"><td><a href="#m184">shouldUpdateTruckStatusAfterTruckCreation</a></td><td rowspan="1">1769167608345</td><td rowspan="1">73</td></tr><tr class="passedeven"><td><a href="#m185">shouldValidateMultiDropForNonUPSCase</a></td><td rowspan="1">1769167526029</td><td rowspan="1">24198</td></tr><tr class="passedeven"><td><a href="#m186">shouldVerifyCostEstimateOnEditingOutboundTruck</a></td><td rowspan="1">1769167720432</td><td rowspan="1">18441</td></tr><tr class="passedeven"><td><a href="#m187">shouldVerifyOrderProcessDuringOutboundTruckEdit</a></td><td rowspan="1">1769167661579</td><td rowspan="1">23788</td></tr><tr class="passedeven"><td><a href="#m188">shouldVerifyTruckQuantityAndStatusForEmptyTruck</a></td><td rowspan="1">1769167797224</td><td rowspan="1">1118</td></tr><tr class="passedodd"><td rowspan="9">com.uiFramework.Genesis.regression.web.UpdateTrackingTest</td><td><a href="#m189">shouldAbleToUpdateTrackinIdOfReq</a></td><td rowspan="1">1769167924601</td><td rowspan="1">4940</td></tr><tr class="passedodd"><td><a href="#m190">shouldAllowUserToDownloadExcelOfGridData</a></td><td rowspan="1">1769167937424</td><td rowspan="1">5345</td></tr><tr class="passedodd"><td><a href="#m191">shouldNotAllowFileUpdateWithoutETADetails</a></td><td rowspan="1">1769167952082</td><td rowspan="1">7525</td></tr><tr class="passedodd"><td><a href="#m192">shouldNotAllowFileUpdateWithoutTrackingNumberDetails</a></td><td rowspan="1">1769167942772</td><td rowspan="1">9304</td></tr><tr class="passedodd"><td><a href="#m193">shouldNotAllowUpdateWithoutRequiredDetails</a></td><td rowspan="1">1769167959610</td><td rowspan="1">6124</td></tr><tr class="passedodd"><td><a href="#m194">shouldRecErrMsgIfReqTrkNoSelButETAIsNotEnter</a></td><td rowspan="1">1769167919434</td><td rowspan="1">5166</td></tr><tr class="passedodd"><td><a href="#m195">shouldShowErrorMessageIfReqFieldNotSelected</a></td><td rowspan="1">1769167900877</td><td rowspan="1">14770</td></tr><tr class="passedodd"><td><a href="#m196">shouldShowErrorMessageIfReqSelectedButTrackingNoNotEntered</a></td><td rowspan="1">1769167915648</td><td rowspan="1">3784</td></tr><tr class="passedodd"><td><a href="#m197">shouldValidateMultipleRequestData</a></td><td rowspan="1">1769167977371</td><td rowspan="1">2935</td></tr></tbody>
</table>
<h2>regression</h2><h3 id="m0">com.uiFramework.Genesis.regression.web.ConsigneeQATest#shouldAllowUserToOpenCompletedRequest</h3><table class="result"><tr><th>Exception</th></tr><tr><td><div class="stacktrace">org.openqa.selenium.TimeoutException: Expected condition failed: waiting for element to be clickable: By.xpath: //*[@id=&apos;genesis&apos;]/div[4]/div[1]/button (tried for 10 second(s) with 250 milliseconds interval)
Build info: version: &apos;4.12.0&apos;, revision: &apos;249f2a7d1b*&apos;
System info: os.name: &apos;Windows 10&apos;, os.arch: &apos;amd64&apos;, os.version: &apos;10.0&apos;, java.version: &apos;17.0.10&apos;
Driver info: org.openqa.selenium.chrome.ChromeDriver
Capabilities {acceptInsecureCerts: false, browserName: chrome, browserVersion: 144.0.7559.59, chrome: {chromedriverVersion: 144.0.7559.96 (d7b80622cfab..., userDataDir: C:\Users\EMP256\AppData\Loc...}, fedcm:accounts: true, goog:chromeOptions: {debuggerAddress: localhost:58092}, goog:processID: 159932, networkConnectionEnabled: false, pageLoadStrategy: normal, platformName: windows, proxy: Proxy(), se:cdp: ws://localhost:58092/devtoo..., se:cdpVersion: 144.0.7559.59, setWindowRect: true, strictFileInteractability: false, timeouts: {implicit: 0, pageLoad: 300000, script: 30000}, unhandledPromptBehavior: dismiss and notify, webauthn:extension:credBlob: true, webauthn:extension:largeBlob: true, webauthn:extension:minPinLength: true, webauthn:extension:prf: true, webauthn:virtualAuthenticators: true}
Session ID: a7342d11877bd349109176d7eb767e88
	at org.openqa.selenium.support.ui.WebDriverWait.timeoutException(WebDriverWait.java:84)
	at org.openqa.selenium.support.ui.FluentWait.until(FluentWait.java:230)
	at com.uiFramework.Genesis.helper.WaitHelper.waitForElementClickable(WaitHelper.java:127)
	at com.uiFramework.Genesis.helper.WaitHelper.waitToClick(WaitHelper.java:171)
	at com.uiFramework.Genesis.web.pages.ConsigneeQA.selStatus(ConsigneeQA.java:375)
	at com.uiFramework.Genesis.regression.web.ConsigneeQATest.shouldAllowUserToOpenCompletedRequest(ConsigneeQATest.java:148)
	at java.base/java.util.ArrayList.forEach(ArrayList.java:1511)
... Removed 27 stack frames</div></td></tr></table><p class="totop"><a href="#summary">back to summary</a></p>
<h3 id="m1">com.uiFramework.Genesis.regression.web.ConsigneeQATest#shouldNotAllowEnteringExtraLiteratureOrderPieces</h3><table class="result"><tr><th>Exception</th></tr><tr><td><div class="stacktrace">java.lang.AssertionError: The following asserts failed:
	Received Literature quantity can not be greater than actual order quantity. expected [true] but found [false]
	at com.uiFramework.Genesis.regression.web.ConsigneeQATest.shouldNotAllowEnteringExtraLiteratureOrderPieces(ConsigneeQATest.java:72)
	at java.base/java.util.ArrayList.forEach(ArrayList.java:1511)
... Removed 29 stack frames</div></td></tr></table><p class="totop"><a href="#summary">back to summary</a></p>
<h3 id="m2">com.uiFramework.Genesis.regression.web.DocQueueTest#shouldConfirmDiffRequestsCreatedForDifferentLDAs</h3><table class="result"><tr><th>Exception</th></tr><tr><td><div class="stacktrace">java.lang.AssertionError: The following asserts failed:
	 expected [8661] but found [786]
	at com.uiFramework.Genesis.regression.web.DocQueueTest.shouldConfirmDiffRequestsCreatedForDifferentLDAs(DocQueueTest.java:153)
	at java.base/java.util.ArrayList.forEach(ArrayList.java:1511)
... Removed 29 stack frames</div></td></tr></table><p class="totop"><a href="#summary">back to summary</a></p>
<h3 id="m3">com.uiFramework.Genesis.regression.web.DocQueueTest#shouldCreateDifferentManifestsForDifferentLDAs</h3><table class="result"><tr><th>Exception</th></tr><tr><td><div class="stacktrace">org.openqa.selenium.NoSuchElementException: no such element: Unable to locate element: {&quot;method&quot;:&quot;xpath&quot;,&quot;selector&quot;:&quot;//table/tbody/tr[30]//td[8]&quot;}
  (Session info: chrome=144.0.7559.59)
For documentation on this error, please visit: https://www.selenium.dev/documentation/webdriver/troubleshooting/errors#no-such-element-exception
Build info: version: &apos;4.12.0&apos;, revision: &apos;249f2a7d1b*&apos;
System info: os.name: &apos;Windows 10&apos;, os.arch: &apos;amd64&apos;, os.version: &apos;10.0&apos;, java.version: &apos;17.0.10&apos;
Driver info: org.openqa.selenium.chrome.ChromeDriver
Command: [a7342d11877bd349109176d7eb767e88, findElement {using=xpath, value=//table/tbody/tr[30]//td[8]}]
Capabilities {acceptInsecureCerts: false, browserName: chrome, browserVersion: 144.0.7559.59, chrome: {chromedriverVersion: 144.0.7559.96 (d7b80622cfab..., userDataDir: C:\Users\EMP256\AppData\Loc...}, fedcm:accounts: true, goog:chromeOptions: {debuggerAddress: localhost:58092}, goog:processID: 159932, networkConnectionEnabled: false, pageLoadStrategy: normal, platformName: windows, proxy: Proxy(), se:cdp: ws://localhost:58092/devtoo..., se:cdpVersion: 144.0.7559.59, setWindowRect: true, strictFileInteractability: false, timeouts: {implicit: 0, pageLoad: 300000, script: 30000}, unhandledPromptBehavior: dismiss and notify, webauthn:extension:credBlob: true, webauthn:extension:largeBlob: true, webauthn:extension:minPinLength: true, webauthn:extension:prf: true, webauthn:virtualAuthenticators: true}
Session ID: a7342d11877bd349109176d7eb767e88
	at org.openqa.selenium.remote.codec.w3c.W3CHttpResponseCodec.createException(W3CHttpResponseCodec.java:200)
	at org.openqa.selenium.remote.codec.w3c.W3CHttpResponseCodec.decode(W3CHttpResponseCodec.java:133)
	at org.openqa.selenium.remote.codec.w3c.W3CHttpResponseCodec.decode(W3CHttpResponseCodec.java:52)
	at org.openqa.selenium.remote.HttpCommandExecutor.execute(HttpCommandExecutor.java:191)
	at org.openqa.selenium.remote.service.DriverCommandExecutor.invokeExecute(DriverCommandExecutor.java:196)
	at org.openqa.selenium.remote.service.DriverCommandExecutor.execute(DriverCommandExecutor.java:171)
	at org.openqa.selenium.remote.RemoteWebDriver.execute(RemoteWebDriver.java:602)
	at org.openqa.selenium.remote.ElementLocation$ElementFinder$2.findElement(ElementLocation.java:165)
	at org.openqa.selenium.remote.ElementLocation.findElement(ElementLocation.java:59)
	at org.openqa.selenium.remote.RemoteWebDriver.findElement(RemoteWebDriver.java:359)
	at org.openqa.selenium.remote.RemoteWebDriver.findElement(RemoteWebDriver.java:353)
	at com.uiFramework.Genesis.web.pages.DocQueue.createLDAForDiffConsignees(DocQueue.java:306)
	at com.uiFramework.Genesis.web.pages.DocQueue.createManifestForDiffLDA(DocQueue.java:351)
	at com.uiFramework.Genesis.regression.web.DocQueueTest.shouldCreateDifferentManifestsForDifferentLDAs(DocQueueTest.java:93)
	at java.base/java.util.ArrayList.forEach(ArrayList.java:1511)
... Removed 31 stack frames</div></td></tr></table><p class="totop"><a href="#summary">back to summary</a></p>
<h3 id="m4">com.uiFramework.Genesis.regression.web.DocQueueTest#shouldCreateDifferentOrderProcessesForSameLDA</h3><table class="result"><tr><th>Exception</th></tr><tr><td><div class="stacktrace">java.lang.AssertionError: not find two rows with different text 
	at com.uiFramework.Genesis.web.pages.DocQueue.checkDiffTypeOrderMerge(DocQueue.java:394)
	at com.uiFramework.Genesis.regression.web.DocQueueTest.shouldCreateDifferentOrderProcessesForSameLDA(DocQueueTest.java:116)
	at java.base/java.util.ArrayList.forEach(ArrayList.java:1511)
... Removed 28 stack frames</div></td></tr></table><p class="totop"><a href="#summary">back to summary</a></p>
<h3 id="m5">com.uiFramework.Genesis.regression.web.InboundPalletTest#shouldApplyFiltersCorrectlyOnInboundPallet</h3><table class="result"><tr class="param"><th>Parameter #1</th></tr><tr class="param stripe"><td>{orderType=order1-50, palletQty=9, consigneename=Ashley Nguyen - 833, WaveNumber=WAVE-7890, data=Resopnse number-102912 and Instructions, litDimWeight=30, subject=data, three=3, zero=0, litDimWeightBlankError=Lit. Dim. Weight should not be blank., dimWeightError=Dim. Weight XYZ should have only numeric value., price=56, Importexceltwoorder=Importexceltwoorder.xlsx, customerpurdue=Purdue, text=New price added, dimWeightNegativeError=Dim. Weight -9 should be greater than 0., state=CA, price2=66, alphanumeric=AB-12test, zip=110021, actWeight=10, Importexcelreconsignment=Importexcelreconsignment.xlsx, EmptyTruck=waiting for load, dimWeightBlankError=Dim. Weight should not be blank., distvalue=Global Supplies Inc., decanconsignee=Andrew mark, Daytonwarehouse=Dayton Distribution Hub, Filename=Dimensional Weight Format Data, ordertypedecan=Delivery Base, litWeight=25, thirdparty=Blue Dart, litDimWeightError=Lit. Dim. Weight XYZ should have only numeric value., filename=update price, custaccess=2-Day Move (48hrs), litPieces=5, Warehouse=Bensenville Facility, defaultCost=0.00, litDimWeightNegativeError=Lit. Dim. Weight -9 should be greater than 0., ArrivedStatus=Arrived, LTL=13234 - Schneider National, city=Phoenix, Importexceloneorder=Importexceloneorder.xlsx, description=Default, carraccess=170 - 24 HOUR EXPRESS, greenconsignee=Green Valley Imports, pickupaddress=Pfizer: 410 East Grant Line Road,AMT Newyork,9537, Palletstatus=Waiting for Load, pieces=10, palletQtyzero=0, qapending=QA Pending, pickuplocation=Pfizer: 410 East Grant Line Road,AMT Newyork,9537, Numbers=19627224408691320110341568514152487869715549168578683247586979136874137817675654734697895683666244041, OrderNote=Special instructions for delivery, value=10, distaddress=Global Supplies Inc.: 1200 Supply Chain Rd., Roanoke Roslyn Heights, 2139, newcomment=Test, purdueadd=Purdue: 500 Distribution Blvd, cost=2, address=1020 street rd, duplicateordnum=Duplicate customer order number, one=1, commenttype=Complaints, QAdone=QA Done, purdueconsignee=Benjamin Garcia, emergencynum=7867897678, ordersource=Distributor, Loadstatus=truck loaded, purdueordertype=Order1-100, truckLoadstatus=Truck Loaded, ParentOrderNumber=PARENT-54321, dimWeight=20, SapOrderNumber=SAP-12345, instruction=Data should be proper, duedate=12-27-2025, Notdeleted=Inbound Truck Load Pending, comment=qwerty, custname=Deccan, customer=Pfizer}</td></tr><tr><th>Exception</th></tr><tr><td><div class="stacktrace">org.openqa.selenium.NoSuchElementException: no such element: Unable to locate element: {&quot;method&quot;:&quot;xpath&quot;,&quot;selector&quot;:&quot;//*[@id=&apos;panel1bh-content&apos;]//thead//tr[1]//th[17]//*[@class=&apos;p-column-title&apos;]&quot;}
  (Session info: chrome=144.0.7559.59)
For documentation on this error, please visit: https://www.selenium.dev/documentation/webdriver/troubleshooting/errors#no-such-element-exception
Build info: version: &apos;4.12.0&apos;, revision: &apos;249f2a7d1b*&apos;
System info: os.name: &apos;Windows 10&apos;, os.arch: &apos;amd64&apos;, os.version: &apos;10.0&apos;, java.version: &apos;17.0.10&apos;
Driver info: org.openqa.selenium.chrome.ChromeDriver
Command: [a7342d11877bd349109176d7eb767e88, findElement {using=xpath, value=//*[@id=&apos;panel1bh-content&apos;]//thead//tr[1]//th[17]//*[@class=&apos;p-column-title&apos;]}]
Capabilities {acceptInsecureCerts: false, browserName: chrome, browserVersion: 144.0.7559.59, chrome: {chromedriverVersion: 144.0.7559.96 (d7b80622cfab..., userDataDir: C:\Users\EMP256\AppData\Loc...}, fedcm:accounts: true, goog:chromeOptions: {debuggerAddress: localhost:58092}, goog:processID: 159932, networkConnectionEnabled: false, pageLoadStrategy: normal, platformName: windows, proxy: Proxy(), se:cdp: ws://localhost:58092/devtoo..., se:cdpVersion: 144.0.7559.59, setWindowRect: true, strictFileInteractability: false, timeouts: {implicit: 0, pageLoad: 300000, script: 30000}, unhandledPromptBehavior: dismiss and notify, webauthn:extension:credBlob: true, webauthn:extension:largeBlob: true, webauthn:extension:minPinLength: true, webauthn:extension:prf: true, webauthn:virtualAuthenticators: true}
Session ID: a7342d11877bd349109176d7eb767e88
	at org.openqa.selenium.remote.codec.w3c.W3CHttpResponseCodec.createException(W3CHttpResponseCodec.java:200)
	at org.openqa.selenium.remote.codec.w3c.W3CHttpResponseCodec.decode(W3CHttpResponseCodec.java:133)
	at org.openqa.selenium.remote.codec.w3c.W3CHttpResponseCodec.decode(W3CHttpResponseCodec.java:52)
	at org.openqa.selenium.remote.HttpCommandExecutor.execute(HttpCommandExecutor.java:191)
	at org.openqa.selenium.remote.service.DriverCommandExecutor.invokeExecute(DriverCommandExecutor.java:196)
	at org.openqa.selenium.remote.service.DriverCommandExecutor.execute(DriverCommandExecutor.java:171)
	at org.openqa.selenium.remote.RemoteWebDriver.execute(RemoteWebDriver.java:602)
	at org.openqa.selenium.remote.ElementLocation$ElementFinder$2.findElement(ElementLocation.java:165)
	at org.openqa.selenium.remote.ElementLocation.findElement(ElementLocation.java:59)
	at org.openqa.selenium.remote.RemoteWebDriver.findElement(RemoteWebDriver.java:359)
	at org.openqa.selenium.remote.RemoteWebDriver.findElement(RemoteWebDriver.java:353)
	at com.uiFramework.Genesis.web.pages.CommonPage.validateDataInGrid(CommonPage.java:822)
	at com.uiFramework.Genesis.regression.web.InboundPalletTest.shouldApplyFiltersCorrectlyOnInboundPallet(InboundPalletTest.java:239)
	at java.base/java.util.ArrayList.forEach(ArrayList.java:1511)
... Removed 31 stack frames</div></td></tr></table><p class="totop"><a href="#summary">back to summary</a></p>
<h3 id="m6">com.uiFramework.Genesis.regression.web.InboundQATest#checkQAStatusforInbound</h3><table class="result"><tr><th>Exception</th></tr><tr><td><div class="stacktrace">java.lang.AssertionError: The following asserts failed:
	QA Pass status not with order. expected [QA Passed] but found [QA Pending]
	at com.uiFramework.Genesis.regression.web.InboundQATest.checkQAStatusforInbound(InboundQATest.java:208)
	at java.base/java.util.ArrayList.forEach(ArrayList.java:1511)
... Removed 29 stack frames</div></td></tr></table><p class="totop"><a href="#summary">back to summary</a></p>
<h3 id="m7">com.uiFramework.Genesis.regression.web.InboundQATest#checkValidationOnScanningPieces</h3><table class="result"><tr><th>Exception</th></tr><tr><td><div class="stacktrace">org.openqa.selenium.ElementNotInteractableException: element not interactable
  (Session info: chrome=144.0.7559.59)
Build info: version: &apos;4.12.0&apos;, revision: &apos;249f2a7d1b*&apos;
System info: os.name: &apos;Windows 10&apos;, os.arch: &apos;amd64&apos;, os.version: &apos;10.0&apos;, java.version: &apos;17.0.10&apos;
Driver info: org.openqa.selenium.chrome.ChromeDriver
Command: [a7342d11877bd349109176d7eb767e88, sendKeysToElement {id=f.CD13DB6DD71A780921A15D551BD338B8.d.EDFAB4EDF359047AED7836967DB8CB1E.e.20210, value=[Ljava.lang.CharSequence;@5a7e41d8}]
Capabilities {acceptInsecureCerts: false, browserName: chrome, browserVersion: 144.0.7559.59, chrome: {chromedriverVersion: 144.0.7559.96 (d7b80622cfab..., userDataDir: C:\Users\EMP256\AppData\Loc...}, fedcm:accounts: true, goog:chromeOptions: {debuggerAddress: localhost:58092}, goog:processID: 159932, networkConnectionEnabled: false, pageLoadStrategy: normal, platformName: windows, proxy: Proxy(), se:cdp: ws://localhost:58092/devtoo..., se:cdpVersion: 144.0.7559.59, setWindowRect: true, strictFileInteractability: false, timeouts: {implicit: 0, pageLoad: 300000, script: 30000}, unhandledPromptBehavior: dismiss and notify, webauthn:extension:credBlob: true, webauthn:extension:largeBlob: true, webauthn:extension:minPinLength: true, webauthn:extension:prf: true, webauthn:virtualAuthenticators: true}
Element: [[ChromeDriver: chrome on windows (a7342d11877bd349109176d7eb767e88)] -&gt; xpath: //input[@id=&apos;txtBarcodeScan&apos;]]
Session ID: a7342d11877bd349109176d7eb767e88
	at org.openqa.selenium.remote.codec.w3c.W3CHttpResponseCodec.createException(W3CHttpResponseCodec.java:200)
	at org.openqa.selenium.remote.codec.w3c.W3CHttpResponseCodec.decode(W3CHttpResponseCodec.java:133)
	at org.openqa.selenium.remote.codec.w3c.W3CHttpResponseCodec.decode(W3CHttpResponseCodec.java:52)
	at org.openqa.selenium.remote.HttpCommandExecutor.execute(HttpCommandExecutor.java:191)
	at org.openqa.selenium.remote.service.DriverCommandExecutor.invokeExecute(DriverCommandExecutor.java:196)
	at org.openqa.selenium.remote.service.DriverCommandExecutor.execute(DriverCommandExecutor.java:171)
	at org.openqa.selenium.remote.RemoteWebDriver.execute(RemoteWebDriver.java:602)
	at org.openqa.selenium.remote.RemoteWebElement.execute(RemoteWebElement.java:224)
	at org.openqa.selenium.remote.RemoteWebElement.sendKeys(RemoteWebElement.java:111)
	at com.uiFramework.Genesis.web.pages.InboundQAPage.checkValidationQAScanning(InboundQAPage.java:422)
	at com.uiFramework.Genesis.regression.web.InboundQATest.checkValidationOnScanningPieces(InboundQATest.java:131)
	at java.base/java.util.ArrayList.forEach(ArrayList.java:1511)
... Removed 32 stack frames</div></td></tr></table><p class="totop"><a href="#summary">back to summary</a></p>
<h3 id="m8">com.uiFramework.Genesis.regression.web.InboundQATest#shouldCheckColumnFilter</h3><table class="result"><tr><th>Exception</th></tr><tr><td><div class="stacktrace">org.openqa.selenium.ElementNotInteractableException: element not interactable
  (Session info: chrome=144.0.7559.59)
Build info: version: &apos;4.12.0&apos;, revision: &apos;249f2a7d1b*&apos;
System info: os.name: &apos;Windows 10&apos;, os.arch: &apos;amd64&apos;, os.version: &apos;10.0&apos;, java.version: &apos;17.0.10&apos;
Driver info: org.openqa.selenium.chrome.ChromeDriver
Command: [a7342d11877bd349109176d7eb767e88, sendKeysToElement {id=f.CD13DB6DD71A780921A15D551BD338B8.d.EDFAB4EDF359047AED7836967DB8CB1E.e.20353, value=[Ljava.lang.CharSequence;@69acbb06}]
Capabilities {acceptInsecureCerts: false, browserName: chrome, browserVersion: 144.0.7559.59, chrome: {chromedriverVersion: 144.0.7559.96 (d7b80622cfab..., userDataDir: C:\Users\EMP256\AppData\Loc...}, fedcm:accounts: true, goog:chromeOptions: {debuggerAddress: localhost:58092}, goog:processID: 159932, networkConnectionEnabled: false, pageLoadStrategy: normal, platformName: windows, proxy: Proxy(), se:cdp: ws://localhost:58092/devtoo..., se:cdpVersion: 144.0.7559.59, setWindowRect: true, strictFileInteractability: false, timeouts: {implicit: 0, pageLoad: 300000, script: 30000}, unhandledPromptBehavior: dismiss and notify, webauthn:extension:credBlob: true, webauthn:extension:largeBlob: true, webauthn:extension:minPinLength: true, webauthn:extension:prf: true, webauthn:virtualAuthenticators: true}
Element: [[ChromeDriver: chrome on windows (a7342d11877bd349109176d7eb767e88)] -&gt; xpath: //*[@id=&apos;panel1bh-content&apos;]//thead//tr[2]//th[2]//input]
Session ID: a7342d11877bd349109176d7eb767e88
	at org.openqa.selenium.remote.codec.w3c.W3CHttpResponseCodec.createException(W3CHttpResponseCodec.java:200)
	at org.openqa.selenium.remote.codec.w3c.W3CHttpResponseCodec.decode(W3CHttpResponseCodec.java:133)
	at org.openqa.selenium.remote.codec.w3c.W3CHttpResponseCodec.decode(W3CHttpResponseCodec.java:52)
	at org.openqa.selenium.remote.HttpCommandExecutor.execute(HttpCommandExecutor.java:191)
	at org.openqa.selenium.remote.service.DriverCommandExecutor.invokeExecute(DriverCommandExecutor.java:196)
	at org.openqa.selenium.remote.service.DriverCommandExecutor.execute(DriverCommandExecutor.java:171)
	at org.openqa.selenium.remote.RemoteWebDriver.execute(RemoteWebDriver.java:602)
	at org.openqa.selenium.remote.RemoteWebElement.execute(RemoteWebElement.java:224)
	at org.openqa.selenium.remote.RemoteWebElement.sendKeys(RemoteWebElement.java:111)
	at com.uiFramework.Genesis.web.pages.CommonPage.verifyColumnFilterForFixGrid(CommonPage.java:2637)
	at com.uiFramework.Genesis.regression.web.InboundQATest.shouldCheckColumnFilter(InboundQATest.java:176)
	at java.base/java.util.ArrayList.forEach(ArrayList.java:1511)
... Removed 32 stack frames</div></td></tr></table><p class="totop"><a href="#summary">back to summary</a></p>
<h3 id="m9">com.uiFramework.Genesis.regression.web.InboundTruckTest#shouldApplyFiltersCorrectlyOnInboundTruck</h3><table class="result"><tr class="param"><th>Parameter #1</th></tr><tr class="param stripe"><td>{orderType=order1-50, palletQty=9, consigneename=Ashley Nguyen - 833, WaveNumber=WAVE-7890, data=Resopnse number-102912 and Instructions, litDimWeight=30, subject=data, three=3, zero=0, litDimWeightBlankError=Lit. Dim. Weight should not be blank., dimWeightError=Dim. Weight XYZ should have only numeric value., price=56, Importexceltwoorder=Importexceltwoorder.xlsx, customerpurdue=Purdue, text=New price added, dimWeightNegativeError=Dim. Weight -9 should be greater than 0., state=CA, price2=66, alphanumeric=AB-12test, zip=110021, actWeight=10, Importexcelreconsignment=Importexcelreconsignment.xlsx, EmptyTruck=waiting for load, dimWeightBlankError=Dim. Weight should not be blank., distvalue=Global Supplies Inc., decanconsignee=Andrew mark, Daytonwarehouse=Dayton Distribution Hub, Filename=Dimensional Weight Format Data, ordertypedecan=Delivery Base, litWeight=25, thirdparty=Blue Dart, litDimWeightError=Lit. Dim. Weight XYZ should have only numeric value., filename=update price, custaccess=2-Day Move (48hrs), litPieces=5, Warehouse=Bensenville Facility, defaultCost=0.00, litDimWeightNegativeError=Lit. Dim. Weight -9 should be greater than 0., ArrivedStatus=Arrived, LTL=13234 - Schneider National, city=Phoenix, Importexceloneorder=Importexceloneorder.xlsx, description=Default, carraccess=170 - 24 HOUR EXPRESS, greenconsignee=Green Valley Imports, pickupaddress=Pfizer: 410 East Grant Line Road,AMT Newyork,9537, Palletstatus=Waiting for Load, pieces=10, palletQtyzero=0, qapending=QA Pending, pickuplocation=Pfizer: 410 East Grant Line Road,AMT Newyork,9537, Numbers=19627224408691320110341568514152487869715549168578683247586979136874137817675654734697895683666244041, OrderNote=Special instructions for delivery, value=10, distaddress=Global Supplies Inc.: 1200 Supply Chain Rd., Roanoke Roslyn Heights, 2139, newcomment=Test, purdueadd=Purdue: 500 Distribution Blvd, cost=2, address=1020 street rd, duplicateordnum=Duplicate customer order number, one=1, commenttype=Complaints, QAdone=QA Done, purdueconsignee=Benjamin Garcia, emergencynum=7867897678, ordersource=Distributor, Loadstatus=truck loaded, purdueordertype=Order1-100, truckLoadstatus=Truck Loaded, ParentOrderNumber=PARENT-54321, dimWeight=20, SapOrderNumber=SAP-12345, instruction=Data should be proper, duedate=12-27-2025, Notdeleted=Inbound Truck Load Pending, comment=qwerty, custname=Deccan, customer=Pfizer}</td></tr><tr><th>Exception</th></tr><tr><td><div class="stacktrace">org.openqa.selenium.NoSuchElementException: no such element: Unable to locate element: {&quot;method&quot;:&quot;xpath&quot;,&quot;selector&quot;:&quot;//*[@id=&apos;panel1bh-content&apos;]//thead//tr[1]//th[10]//*[@class=&apos;p-column-title&apos;]&quot;}
  (Session info: chrome=144.0.7559.59)
For documentation on this error, please visit: https://www.selenium.dev/documentation/webdriver/troubleshooting/errors#no-such-element-exception
Build info: version: &apos;4.12.0&apos;, revision: &apos;249f2a7d1b*&apos;
System info: os.name: &apos;Windows 10&apos;, os.arch: &apos;amd64&apos;, os.version: &apos;10.0&apos;, java.version: &apos;17.0.10&apos;
Driver info: org.openqa.selenium.chrome.ChromeDriver
Command: [a7342d11877bd349109176d7eb767e88, findElement {using=xpath, value=//*[@id=&apos;panel1bh-content&apos;]//thead//tr[1]//th[10]//*[@class=&apos;p-column-title&apos;]}]
Capabilities {acceptInsecureCerts: false, browserName: chrome, browserVersion: 144.0.7559.59, chrome: {chromedriverVersion: 144.0.7559.96 (d7b80622cfab..., userDataDir: C:\Users\EMP256\AppData\Loc...}, fedcm:accounts: true, goog:chromeOptions: {debuggerAddress: localhost:58092}, goog:processID: 159932, networkConnectionEnabled: false, pageLoadStrategy: normal, platformName: windows, proxy: Proxy(), se:cdp: ws://localhost:58092/devtoo..., se:cdpVersion: 144.0.7559.59, setWindowRect: true, strictFileInteractability: false, timeouts: {implicit: 0, pageLoad: 300000, script: 30000}, unhandledPromptBehavior: dismiss and notify, webauthn:extension:credBlob: true, webauthn:extension:largeBlob: true, webauthn:extension:minPinLength: true, webauthn:extension:prf: true, webauthn:virtualAuthenticators: true}
Session ID: a7342d11877bd349109176d7eb767e88
	at org.openqa.selenium.remote.codec.w3c.W3CHttpResponseCodec.createException(W3CHttpResponseCodec.java:200)
	at org.openqa.selenium.remote.codec.w3c.W3CHttpResponseCodec.decode(W3CHttpResponseCodec.java:133)
	at org.openqa.selenium.remote.codec.w3c.W3CHttpResponseCodec.decode(W3CHttpResponseCodec.java:52)
	at org.openqa.selenium.remote.HttpCommandExecutor.execute(HttpCommandExecutor.java:191)
	at org.openqa.selenium.remote.service.DriverCommandExecutor.invokeExecute(DriverCommandExecutor.java:196)
	at org.openqa.selenium.remote.service.DriverCommandExecutor.execute(DriverCommandExecutor.java:171)
	at org.openqa.selenium.remote.RemoteWebDriver.execute(RemoteWebDriver.java:602)
	at org.openqa.selenium.remote.ElementLocation$ElementFinder$2.findElement(ElementLocation.java:165)
	at org.openqa.selenium.remote.ElementLocation.findElement(ElementLocation.java:59)
	at org.openqa.selenium.remote.RemoteWebDriver.findElement(RemoteWebDriver.java:359)
	at org.openqa.selenium.remote.RemoteWebDriver.findElement(RemoteWebDriver.java:353)
	at com.uiFramework.Genesis.web.pages.CommonPage.validateDataInGrid(CommonPage.java:822)
	at com.uiFramework.Genesis.regression.web.InboundTruckTest.shouldApplyFiltersCorrectlyOnInboundTruck(InboundTruckTest.java:274)
	at java.base/java.util.ArrayList.forEach(ArrayList.java:1511)
... Removed 31 stack frames</div></td></tr></table><p class="totop"><a href="#summary">back to summary</a></p>
<h3 id="m10">com.uiFramework.Genesis.regression.web.InboundTruckTest#shouldMakeRemovedPalletAvailableToAddInInboundCreateTruck</h3><table class="result"><tr><th>Exception</th></tr><tr><td><div class="stacktrace">org.openqa.selenium.TimeoutException: Expected condition failed: waiting for element to be clickable: By.id: inboundTruckCreateNewTruckBtn (tried for 10 second(s) with 250 milliseconds interval)
Build info: version: &apos;4.12.0&apos;, revision: &apos;249f2a7d1b*&apos;
System info: os.name: &apos;Windows 10&apos;, os.arch: &apos;amd64&apos;, os.version: &apos;10.0&apos;, java.version: &apos;17.0.10&apos;
Driver info: org.openqa.selenium.chrome.ChromeDriver
Capabilities {acceptInsecureCerts: false, browserName: chrome, browserVersion: 144.0.7559.59, chrome: {chromedriverVersion: 144.0.7559.96 (d7b80622cfab..., userDataDir: C:\Users\EMP256\AppData\Loc...}, fedcm:accounts: true, goog:chromeOptions: {debuggerAddress: localhost:58092}, goog:processID: 159932, networkConnectionEnabled: false, pageLoadStrategy: normal, platformName: windows, proxy: Proxy(), se:cdp: ws://localhost:58092/devtoo..., se:cdpVersion: 144.0.7559.59, setWindowRect: true, strictFileInteractability: false, timeouts: {implicit: 0, pageLoad: 300000, script: 30000}, unhandledPromptBehavior: dismiss and notify, webauthn:extension:credBlob: true, webauthn:extension:largeBlob: true, webauthn:extension:minPinLength: true, webauthn:extension:prf: true, webauthn:virtualAuthenticators: true}
Session ID: a7342d11877bd349109176d7eb767e88
	at org.openqa.selenium.support.ui.WebDriverWait.timeoutException(WebDriverWait.java:84)
	at org.openqa.selenium.support.ui.FluentWait.until(FluentWait.java:230)
	at com.uiFramework.Genesis.helper.WaitHelper.waitForElementClickable(WaitHelper.java:127)
	at com.uiFramework.Genesis.helper.WaitHelper.waitToClick(WaitHelper.java:171)
	at com.uiFramework.Genesis.web.pages.InbTruckPage.createTruck(InbTruckPage.java:251)
	at com.uiFramework.Genesis.regression.web.InboundTruckTest.shouldMakeRemovedPalletAvailableToAddInInboundCreateTruck(InboundTruckTest.java:161)
	at java.base/java.util.ArrayList.forEach(ArrayList.java:1511)
... Removed 27 stack frames</div></td></tr></table><p class="totop"><a href="#summary">back to summary</a></p>
<h3 id="m11">com.uiFramework.Genesis.regression.web.InboundTruckTest#shouldUpdateOrderStatusWhenTruckLoaded</h3><table class="result"><tr><th>Exception</th></tr><tr><td><div class="stacktrace">org.openqa.selenium.TimeoutException: Expected condition failed: waiting for element to be clickable: By.xpath: (//*[@data-testid=&apos;CloseIcon&apos;])[2] (tried for 30 second(s) with 250 milliseconds interval)
Build info: version: &apos;4.12.0&apos;, revision: &apos;249f2a7d1b*&apos;
System info: os.name: &apos;Windows 10&apos;, os.arch: &apos;amd64&apos;, os.version: &apos;10.0&apos;, java.version: &apos;17.0.10&apos;
Driver info: org.openqa.selenium.chrome.ChromeDriver
Capabilities {acceptInsecureCerts: false, browserName: chrome, browserVersion: 144.0.7559.59, chrome: {chromedriverVersion: 144.0.7559.96 (d7b80622cfab..., userDataDir: C:\Users\EMP256\AppData\Loc...}, fedcm:accounts: true, goog:chromeOptions: {debuggerAddress: localhost:58092}, goog:processID: 159932, networkConnectionEnabled: false, pageLoadStrategy: normal, platformName: windows, proxy: Proxy(), se:cdp: ws://localhost:58092/devtoo..., se:cdpVersion: 144.0.7559.59, setWindowRect: true, strictFileInteractability: false, timeouts: {implicit: 0, pageLoad: 300000, script: 30000}, unhandledPromptBehavior: dismiss and notify, webauthn:extension:credBlob: true, webauthn:extension:largeBlob: true, webauthn:extension:minPinLength: true, webauthn:extension:prf: true, webauthn:virtualAuthenticators: true}
Session ID: a7342d11877bd349109176d7eb767e88
	at org.openqa.selenium.support.ui.WebDriverWait.timeoutException(WebDriverWait.java:84)
	at org.openqa.selenium.support.ui.FluentWait.until(FluentWait.java:230)
	at com.uiFramework.Genesis.helper.WaitHelper.waitForElementClickable(WaitHelper.java:127)
	at com.uiFramework.Genesis.helper.WaitHelper.waitToClick(WaitHelper.java:171)
	at com.uiFramework.Genesis.web.pages.InbTruckPage.getOrderno(InbTruckPage.java:1051)
	at com.uiFramework.Genesis.regression.web.InboundTruckTest.shouldUpdateOrderStatusWhenTruckLoaded(InboundTruckTest.java:233)
	at java.base/java.util.ArrayList.forEach(ArrayList.java:1511)
... Removed 27 stack frames</div></td></tr></table><p class="totop"><a href="#summary">back to summary</a></p>
<h3 id="m12">com.uiFramework.Genesis.regression.web.OrderTest#shouldAddEditAndDeleteCarrierAccessorialSuccessfully</h3><table class="result"><tr><th>Exception</th></tr><tr><td><div class="stacktrace">org.openqa.selenium.JavascriptException: javascript error: arguments[0].click is not a function
  (Session info: chrome=144.0.7559.59)
Build info: version: &apos;4.12.0&apos;, revision: &apos;249f2a7d1b*&apos;
System info: os.name: &apos;Windows 10&apos;, os.arch: &apos;amd64&apos;, os.version: &apos;10.0&apos;, java.version: &apos;17.0.10&apos;
Driver info: org.openqa.selenium.chrome.ChromeDriver
Command: [a7342d11877bd349109176d7eb767e88, executeScript {script=arguments[0].click();, args=[{element-6066-11e4-a52e-4f735466cecf=f.CD13DB6DD71A780921A15D551BD338B8.d.EDFAB4EDF359047AED7836967DB8CB1E.e.900}]}]
Capabilities {acceptInsecureCerts: false, browserName: chrome, browserVersion: 144.0.7559.59, chrome: {chromedriverVersion: 144.0.7559.96 (d7b80622cfab..., userDataDir: C:\Users\EMP256\AppData\Loc...}, fedcm:accounts: true, goog:chromeOptions: {debuggerAddress: localhost:58092}, goog:processID: 159932, networkConnectionEnabled: false, pageLoadStrategy: normal, platformName: windows, proxy: Proxy(), se:cdp: ws://localhost:58092/devtoo..., se:cdpVersion: 144.0.7559.59, setWindowRect: true, strictFileInteractability: false, timeouts: {implicit: 0, pageLoad: 300000, script: 30000}, unhandledPromptBehavior: dismiss and notify, webauthn:extension:credBlob: true, webauthn:extension:largeBlob: true, webauthn:extension:minPinLength: true, webauthn:extension:prf: true, webauthn:virtualAuthenticators: true}
Session ID: a7342d11877bd349109176d7eb767e88
	at org.openqa.selenium.remote.codec.w3c.W3CHttpResponseCodec.createException(W3CHttpResponseCodec.java:200)
	at org.openqa.selenium.remote.codec.w3c.W3CHttpResponseCodec.decode(W3CHttpResponseCodec.java:133)
	at org.openqa.selenium.remote.codec.w3c.W3CHttpResponseCodec.decode(W3CHttpResponseCodec.java:52)
	at org.openqa.selenium.remote.HttpCommandExecutor.execute(HttpCommandExecutor.java:191)
	at org.openqa.selenium.remote.service.DriverCommandExecutor.invokeExecute(DriverCommandExecutor.java:196)
	at org.openqa.selenium.remote.service.DriverCommandExecutor.execute(DriverCommandExecutor.java:171)
	at org.openqa.selenium.remote.RemoteWebDriver.execute(RemoteWebDriver.java:602)
	at org.openqa.selenium.remote.RemoteWebDriver.executeScript(RemoteWebDriver.java:467)
	at com.uiFramework.Genesis.web.pages.OrderPage.jsClick(OrderPage.java:84)
	at com.uiFramework.Genesis.web.pages.OrderPage.safeClick(OrderPage.java:103)
	at com.uiFramework.Genesis.web.pages.OrderPage.deleteCarrAccess(OrderPage.java:575)
	at com.uiFramework.Genesis.regression.web.OrderTest.shouldAddEditAndDeleteCarrierAccessorialSuccessfully(OrderTest.java:179)
	at java.base/java.util.ArrayList.forEach(ArrayList.java:1511)
... Removed 32 stack frames</div></td></tr></table><p class="totop"><a href="#summary">back to summary</a></p>
<h3 id="m13">com.uiFramework.Genesis.regression.web.OrderTest#shouldCheckExcelDownloadedOnOrderPage</h3><table class="result"><tr><th>Exception</th></tr><tr><td><div class="stacktrace">java.lang.AssertionError: The following asserts failed:
	FAIL: File Extension not match With Downloaded file. expected [true] but found [false]
	at com.uiFramework.Genesis.regression.web.OrderTest.shouldCheckExcelDownloadedOnOrderPage(OrderTest.java:486)
	at java.base/java.util.ArrayList.forEach(ArrayList.java:1511)
... Removed 29 stack frames</div></td></tr></table><p class="totop"><a href="#summary">back to summary</a></p>
<h3 id="m14">com.uiFramework.Genesis.regression.web.OrderTest#shouldCheckPDFDownloadedOnOrderPage</h3><table class="result"><tr><th>Exception</th></tr><tr><td><div class="stacktrace">java.lang.AssertionError: The following asserts failed:
	FAIL: File Extension not match With Downloaded file. expected [true] but found [false]
	at com.uiFramework.Genesis.regression.web.OrderTest.shouldCheckPDFDownloadedOnOrderPage(OrderTest.java:477)
	at java.base/java.util.ArrayList.forEach(ArrayList.java:1511)
... Removed 29 stack frames</div></td></tr></table><p class="totop"><a href="#summary">back to summary</a></p>
<h3 id="m15">com.uiFramework.Genesis.regression.web.OrderTest#shouldConfirmMultipleOrdersAndDisplaySuccessToast</h3><table class="result"><tr><th>Exception</th></tr><tr><td><div class="stacktrace">org.openqa.selenium.TimeoutException: Expected condition failed: waiting for com.uiFramework.Genesis.web.pages.OrderPage$$Lambda$659/0x000000080044bfa0@91339ed (tried for 40 second(s) with 500 milliseconds interval)
Build info: version: &apos;4.12.0&apos;, revision: &apos;249f2a7d1b*&apos;
System info: os.name: &apos;Windows 10&apos;, os.arch: &apos;amd64&apos;, os.version: &apos;10.0&apos;, java.version: &apos;17.0.10&apos;
Driver info: org.openqa.selenium.chrome.ChromeDriver
Capabilities {acceptInsecureCerts: false, browserName: chrome, browserVersion: 144.0.7559.59, chrome: {chromedriverVersion: 144.0.7559.96 (d7b80622cfab..., userDataDir: C:\Users\EMP256\AppData\Loc...}, fedcm:accounts: true, goog:chromeOptions: {debuggerAddress: localhost:58092}, goog:processID: 159932, networkConnectionEnabled: false, pageLoadStrategy: normal, platformName: windows, proxy: Proxy(), se:cdp: ws://localhost:58092/devtoo..., se:cdpVersion: 144.0.7559.59, setWindowRect: true, strictFileInteractability: false, timeouts: {implicit: 0, pageLoad: 300000, script: 30000}, unhandledPromptBehavior: dismiss and notify, webauthn:extension:credBlob: true, webauthn:extension:largeBlob: true, webauthn:extension:minPinLength: true, webauthn:extension:prf: true, webauthn:virtualAuthenticators: true}
Session ID: a7342d11877bd349109176d7eb767e88
	at org.openqa.selenium.support.ui.WebDriverWait.timeoutException(WebDriverWait.java:84)
	at org.openqa.selenium.support.ui.FluentWait.until(FluentWait.java:230)
	at com.uiFramework.Genesis.web.pages.OrderPage.selectAnyConsigneeOrSkip(OrderPage.java:1119)
	at com.uiFramework.Genesis.web.pages.OrderPage.orderCreationforDuplicateCustomer(OrderPage.java:1155)
	at com.uiFramework.Genesis.regression.web.OrderTest.shouldConfirmMultipleOrdersAndDisplaySuccessToast(OrderTest.java:380)
	at java.base/java.util.ArrayList.forEach(ArrayList.java:1511)
... Removed 27 stack frames</div></td></tr></table><p class="totop"><a href="#summary">back to summary</a></p>
<h3 id="m16">com.uiFramework.Genesis.regression.web.OrderTest#shouldDeleteCustomerAccessorialSuccessfully</h3><table class="result"><tr><th>Exception</th></tr><tr><td><div class="stacktrace">java.lang.AssertionError: The following asserts failed:
	Not Matched expected [Customer accessorial deleted successfully] but found [Toast message Failed]
	at com.uiFramework.Genesis.regression.web.OrderTest.shouldDeleteCustomerAccessorialSuccessfully(OrderTest.java:159)
	at java.base/java.util.ArrayList.forEach(ArrayList.java:1511)
... Removed 29 stack frames</div></td></tr></table><p class="totop"><a href="#summary">back to summary</a></p>
<h3 id="m17">com.uiFramework.Genesis.regression.web.OrderTest#shouldDeleteFileSuccessfully</h3><table class="result"><tr><th>Exception</th></tr><tr><td><div class="stacktrace">java.lang.AssertionError: The following asserts failed:
	Not match! expected [File deleted successfully] but found [Toast message Failed]
	at com.uiFramework.Genesis.regression.web.OrderTest.shouldDeleteFileSuccessfully(OrderTest.java:241)
	at java.base/java.util.ArrayList.forEach(ArrayList.java:1511)
... Removed 29 stack frames</div></td></tr></table><p class="totop"><a href="#summary">back to summary</a></p>
<h3 id="m18">com.uiFramework.Genesis.regression.web.OrderTest#shouldFilterOrdersByVariousFieldsSuccessfully</h3><table class="result"><tr><th>Exception</th></tr><tr><td><div class="stacktrace">org.openqa.selenium.TimeoutException: Expected condition failed: waiting for visibility of element located by By.xpath: //*[@id=&apos;panel1bh-content&apos;]//table/tbody/tr[1]/td[17] (tried for 10 second(s) with 500 milliseconds interval)
Build info: version: &apos;4.12.0&apos;, revision: &apos;249f2a7d1b*&apos;
System info: os.name: &apos;Windows 10&apos;, os.arch: &apos;amd64&apos;, os.version: &apos;10.0&apos;, java.version: &apos;17.0.10&apos;
Driver info: org.openqa.selenium.chrome.ChromeDriver
Capabilities {acceptInsecureCerts: false, browserName: chrome, browserVersion: 144.0.7559.59, chrome: {chromedriverVersion: 144.0.7559.96 (d7b80622cfab..., userDataDir: C:\Users\EMP256\AppData\Loc...}, fedcm:accounts: true, goog:chromeOptions: {debuggerAddress: localhost:58092}, goog:processID: 159932, networkConnectionEnabled: false, pageLoadStrategy: normal, platformName: windows, proxy: Proxy(), se:cdp: ws://localhost:58092/devtoo..., se:cdpVersion: 144.0.7559.59, setWindowRect: true, strictFileInteractability: false, timeouts: {implicit: 0, pageLoad: 300000, script: 30000}, unhandledPromptBehavior: dismiss and notify, webauthn:extension:credBlob: true, webauthn:extension:largeBlob: true, webauthn:extension:minPinLength: true, webauthn:extension:prf: true, webauthn:virtualAuthenticators: true}
Session ID: a7342d11877bd349109176d7eb767e88
	at org.openqa.selenium.support.ui.WebDriverWait.timeoutException(WebDriverWait.java:84)
	at org.openqa.selenium.support.ui.FluentWait.until(FluentWait.java:230)
	at com.uiFramework.Genesis.web.pages.CommonPage.searchAndValidate(CommonPage.java:1084)
	at com.uiFramework.Genesis.web.pages.CommonPage.searchAndValidateDateByColumn(CommonPage.java:1108)
	at com.uiFramework.Genesis.regression.web.OrderTest.shouldFilterOrdersByVariousFieldsSuccessfully(OrderTest.java:442)
	at java.base/java.util.ArrayList.forEach(ArrayList.java:1511)
... Removed 27 stack frames</div></td></tr></table><p class="totop"><a href="#summary">back to summary</a></p>
<h3 id="m19">com.uiFramework.Genesis.regression.web.OrderTest#shouldNotAllowDeletionWhenOrderInPalletStage</h3><table class="result"><tr><th>Exception</th></tr><tr><td><div class="stacktrace">java.lang.AssertionError: The following asserts failed:
	Not match expected [Order not in draft or inbound pallet pending stage] but found [Toast message Failed]
	at com.uiFramework.Genesis.regression.web.OrderTest.shouldNotAllowDeletionWhenOrderInPalletStage(OrderTest.java:405)
	at java.base/java.util.ArrayList.forEach(ArrayList.java:1511)
... Removed 29 stack frames</div></td></tr></table><p class="totop"><a href="#summary">back to summary</a></p>
<h3 id="m20">com.uiFramework.Genesis.regression.web.OutboundPalletTest#shouldVerifyPalletQuantityOnOutboundPallet</h3><table class="result"><tr><th>Exception</th></tr><tr><td><div class="stacktrace">java.lang.AssertionError: The following asserts failed:
	Pallet quantity not same on create and listing page expected [9] but found []
	at com.uiFramework.Genesis.regression.web.OutboundPalletTest.shouldVerifyPalletQuantityOnOutboundPallet(OutboundPalletTest.java:220)
	at java.base/java.util.ArrayList.forEach(ArrayList.java:1511)
... Removed 29 stack frames</div></td></tr></table><p class="totop"><a href="#summary">back to summary</a></p>
<h3 id="m21">com.uiFramework.Genesis.regression.web.OutboundTruckTest#shouldAddPalletInEditModeWithCalculationsAndShouldUpdateStatus</h3><table class="result"><tr><th>Exception</th></tr><tr><td><div class="stacktrace">java.lang.NumberFormatException: For input string: &quot;&quot;
	at java.base/java.lang.NumberFormatException.forInputString(NumberFormatException.java:67)
	at java.base/java.lang.Integer.parseInt(Integer.java:678)
	at java.base/java.lang.Integer.parseInt(Integer.java:786)
	at com.uiFramework.Genesis.web.pages.OutboundTruckPage.AddedPalletCalculationforPiecesWeightQTY(OutboundTruckPage.java:839)
	at com.uiFramework.Genesis.web.pages.OutboundTruckPage.checkAddpalletFunctioninObtTruck(OutboundTruckPage.java:787)
	at com.uiFramework.Genesis.regression.web.OutboundTruckTest.shouldAddPalletInEditModeWithCalculationsAndShouldUpdateStatus(OutboundTruckTest.java:236)
	at java.base/java.util.ArrayList.forEach(ArrayList.java:1511)
... Removed 27 stack frames</div></td></tr></table><p class="totop"><a href="#summary">back to summary</a></p>
<h3 id="m22">com.uiFramework.Genesis.regression.web.OutboundTruckTest#shouldApplyFiltersCorrectlyOnOutboundTruck</h3><table class="result"><tr class="param"><th>Parameter #1</th></tr><tr class="param stripe"><td>{orderType=order1-50, palletQty=9, consigneename=Ashley Nguyen - 833, WaveNumber=WAVE-7890, data=Resopnse number-102912 and Instructions, litDimWeight=30, subject=data, three=3, zero=0, litDimWeightBlankError=Lit. Dim. Weight should not be blank., dimWeightError=Dim. Weight XYZ should have only numeric value., price=56, Importexceltwoorder=Importexceltwoorder.xlsx, customerpurdue=Purdue, text=New price added, dimWeightNegativeError=Dim. Weight -9 should be greater than 0., state=CA, price2=66, alphanumeric=AB-12test, zip=110021, actWeight=10, Importexcelreconsignment=Importexcelreconsignment.xlsx, EmptyTruck=waiting for load, dimWeightBlankError=Dim. Weight should not be blank., distvalue=Global Supplies Inc., decanconsignee=Andrew mark, Daytonwarehouse=Dayton Distribution Hub, Filename=Dimensional Weight Format Data, ordertypedecan=Delivery Base, litWeight=25, thirdparty=Blue Dart, litDimWeightError=Lit. Dim. Weight XYZ should have only numeric value., filename=update price, custaccess=2-Day Move (48hrs), litPieces=5, Warehouse=Bensenville Facility, defaultCost=0.00, litDimWeightNegativeError=Lit. Dim. Weight -9 should be greater than 0., ArrivedStatus=Arrived, LTL=13234 - Schneider National, city=Phoenix, Importexceloneorder=Importexceloneorder.xlsx, description=Default, carraccess=170 - 24 HOUR EXPRESS, greenconsignee=Green Valley Imports, pickupaddress=Pfizer: 410 East Grant Line Road,AMT Newyork,9537, Palletstatus=Waiting for Load, pieces=10, palletQtyzero=0, qapending=QA Pending, pickuplocation=Pfizer: 410 East Grant Line Road,AMT Newyork,9537, Numbers=19627224408691320110341568514152487869715549168578683247586979136874137817675654734697895683666244041, OrderNote=Special instructions for delivery, value=10, distaddress=Global Supplies Inc.: 1200 Supply Chain Rd., Roanoke Roslyn Heights, 2139, newcomment=Test, purdueadd=Purdue: 500 Distribution Blvd, cost=2, address=1020 street rd, duplicateordnum=Duplicate customer order number, one=1, commenttype=Complaints, QAdone=QA Done, purdueconsignee=Benjamin Garcia, emergencynum=7867897678, ordersource=Distributor, Loadstatus=truck loaded, purdueordertype=Order1-100, truckLoadstatus=Truck Loaded, ParentOrderNumber=PARENT-54321, dimWeight=20, SapOrderNumber=SAP-12345, instruction=Data should be proper, duedate=12-27-2025, Notdeleted=Inbound Truck Load Pending, comment=qwerty, custname=Deccan, customer=Pfizer}</td></tr><tr><th>Exception</th></tr><tr><td><div class="stacktrace">java.lang.AssertionError: Row 3 mismatch. Actual: &apos;567&apos; | Expected partial match from: [170 - 24 HOUR EXPRESS, 6233 - 24/7 EXPRESS LOGISTICS- KC, 282 - CALIFORNIA SIERRA] expected [true] but found [false]
	at com.uiFramework.Genesis.web.pages.CommonPage.validateDataInGrid(CommonPage.java:845)
	at com.uiFramework.Genesis.regression.web.OutboundTruckTest.shouldApplyFiltersCorrectlyOnOutboundTruck(OutboundTruckTest.java:354)
	at java.base/java.util.ArrayList.forEach(ArrayList.java:1511)
... Removed 30 stack frames</div></td></tr></table><p class="totop"><a href="#summary">back to summary</a></p>
<h3 id="m23">com.uiFramework.Genesis.regression.web.OutboundTruckTest#shouldDeleteTruckAndMakeOrdersAvailableToAdd</h3><table class="result"><tr><th>Exception</th></tr><tr><td><div class="stacktrace">java.lang.AssertionError: The following asserts failed:
	&apos;No record found&apos; is displayed on create truck. Test Failed expected [false] but found [true]
	at com.uiFramework.Genesis.regression.web.OutboundTruckTest.shouldDeleteTruckAndMakeOrdersAvailableToAdd(OutboundTruckTest.java:288)
	at java.base/java.util.ArrayList.forEach(ArrayList.java:1511)
... Removed 29 stack frames</div></td></tr></table><p class="totop"><a href="#summary">back to summary</a></p>
<h3 id="m24">com.uiFramework.Genesis.regression.web.OutboundTruckTest#shouldUpdateRoutesInEditOutboundTruck</h3><table class="result"><tr><th>Exception</th></tr><tr><td><div class="stacktrace">org.openqa.selenium.TimeoutException: Expected condition failed: waiting for element to be clickable: By.xpath: //button[@title=&apos;Click to update route order&apos;] (tried for 3 second(s) with 250 milliseconds interval)
Build info: version: &apos;4.12.0&apos;, revision: &apos;249f2a7d1b*&apos;
System info: os.name: &apos;Windows 10&apos;, os.arch: &apos;amd64&apos;, os.version: &apos;10.0&apos;, java.version: &apos;17.0.10&apos;
Driver info: org.openqa.selenium.chrome.ChromeDriver
Capabilities {acceptInsecureCerts: false, browserName: chrome, browserVersion: 144.0.7559.59, chrome: {chromedriverVersion: 144.0.7559.96 (d7b80622cfab..., userDataDir: C:\Users\EMP256\AppData\Loc...}, fedcm:accounts: true, goog:chromeOptions: {debuggerAddress: localhost:58092}, goog:processID: 159932, networkConnectionEnabled: false, pageLoadStrategy: normal, platformName: windows, proxy: Proxy(), se:cdp: ws://localhost:58092/devtoo..., se:cdpVersion: 144.0.7559.59, setWindowRect: true, strictFileInteractability: false, timeouts: {implicit: 0, pageLoad: 300000, script: 30000}, unhandledPromptBehavior: dismiss and notify, webauthn:extension:credBlob: true, webauthn:extension:largeBlob: true, webauthn:extension:minPinLength: true, webauthn:extension:prf: true, webauthn:virtualAuthenticators: true}
Session ID: a7342d11877bd349109176d7eb767e88
	at org.openqa.selenium.support.ui.WebDriverWait.timeoutException(WebDriverWait.java:84)
	at org.openqa.selenium.support.ui.FluentWait.until(FluentWait.java:230)
	at com.uiFramework.Genesis.helper.WaitHelper.waitForElementClickable(WaitHelper.java:127)
	at com.uiFramework.Genesis.helper.WaitHelper.waitToClick(WaitHelper.java:171)
	at com.uiFramework.Genesis.web.pages.OutboundTruckPage.clickonUpdateBtn(OutboundTruckPage.java:885)
	at com.uiFramework.Genesis.regression.web.OutboundTruckTest.shouldUpdateRoutesInEditOutboundTruck(OutboundTruckTest.java:267)
	at java.base/java.util.ArrayList.forEach(ArrayList.java:1511)
... Removed 27 stack frames</div></td></tr></table><p class="totop"><a href="#summary">back to summary</a></p>
<h3 id="m25">com.uiFramework.Genesis.regression.web.OutboundTruckTest#shouldVerifyAddedPalletWTandPiecesLoadedIntoTruck</h3><table class="result"><tr><th>Exception</th></tr><tr><td><div class="stacktrace">java.lang.AssertionError: Mismatch in Total pieces and final pieces! expected [7] but found [8]
	at com.uiFramework.Genesis.web.pages.OutboundTruckPage.palletAddCalculation(OutboundTruckPage.java:453)
	at com.uiFramework.Genesis.web.pages.OutboundTruckPage.creatTruckwithCheckTotalPiecesandpallet(OutboundTruckPage.java:302)
	at com.uiFramework.Genesis.regression.web.OutboundTruckTest.shouldVerifyAddedPalletWTandPiecesLoadedIntoTruck(OutboundTruckTest.java:128)
	at java.base/java.util.ArrayList.forEach(ArrayList.java:1511)
... Removed 33 stack frames</div></td></tr></table><p class="totop"><a href="#summary">back to summary</a></p>
<h3 id="m26">com.uiFramework.Genesis.regression.web.OutboundTruckTest#shouldVerifyCreatedTruckDetailsAndPalletQtyMatch</h3><table class="result"><tr><th>Exception</th></tr><tr><td><div class="stacktrace">java.lang.AssertionError: FAIL: Truck data mismatch with Listing page. Missing: Rocky expected [true] but found [false]
	at com.uiFramework.Genesis.web.pages.OutboundTruckPage.verifyTruckDetailsandPalletOrder(OutboundTruckPage.java:510)
	at com.uiFramework.Genesis.regression.web.OutboundTruckTest.shouldVerifyCreatedTruckDetailsAndPalletQtyMatch(OutboundTruckTest.java:161)
	at java.base/java.util.ArrayList.forEach(ArrayList.java:1511)
... Removed 30 stack frames</div></td></tr></table><p class="totop"><a href="#summary">back to summary</a></p>
<h3 id="m27">com.uiFramework.Genesis.regression.web.UpdateTrackingTest#shouldAllowUpdateWithValidData</h3><table class="result"><tr><th>Exception</th></tr><tr><td><div class="stacktrace">java.lang.AssertionError: The following asserts failed:
	did not expect [0] but found [0]
	at com.uiFramework.Genesis.regression.web.UpdateTrackingTest.shouldAllowUpdateWithValidData(UpdateTrackingTest.java:143)
	at java.base/java.util.ArrayList.forEach(ArrayList.java:1511)
... Removed 29 stack frames</div></td></tr></table><p class="totop"><a href="#summary">back to summary</a></p>
<h3 id="m28">com.uiFramework.Genesis.regression.web.UpdateTrackingTest#shouldAllowUserToUpdateMultipleRequestsAtOnce</h3><table class="result"><tr><th>Exception</th></tr><tr><td><div class="stacktrace">org.openqa.selenium.NoSuchElementException: no such element: Unable to locate element: {&quot;method&quot;:&quot;xpath&quot;,&quot;selector&quot;:&quot;//table/tbody/tr[1]/td[5]/div/div/div/input&quot;}
  (Session info: chrome=144.0.7559.59)
For documentation on this error, please visit: https://www.selenium.dev/documentation/webdriver/troubleshooting/errors#no-such-element-exception
Build info: version: &apos;4.12.0&apos;, revision: &apos;249f2a7d1b*&apos;
System info: os.name: &apos;Windows 10&apos;, os.arch: &apos;amd64&apos;, os.version: &apos;10.0&apos;, java.version: &apos;17.0.10&apos;
Driver info: org.openqa.selenium.chrome.ChromeDriver
Command: [a7342d11877bd349109176d7eb767e88, findElement {using=xpath, value=//table/tbody/tr[1]/td[5]/div/div/div/input}]
Capabilities {acceptInsecureCerts: false, browserName: chrome, browserVersion: 144.0.7559.59, chrome: {chromedriverVersion: 144.0.7559.96 (d7b80622cfab..., userDataDir: C:\Users\EMP256\AppData\Loc...}, fedcm:accounts: true, goog:chromeOptions: {debuggerAddress: localhost:58092}, goog:processID: 159932, networkConnectionEnabled: false, pageLoadStrategy: normal, platformName: windows, proxy: Proxy(), se:cdp: ws://localhost:58092/devtoo..., se:cdpVersion: 144.0.7559.59, setWindowRect: true, strictFileInteractability: false, timeouts: {implicit: 0, pageLoad: 300000, script: 30000}, unhandledPromptBehavior: dismiss and notify, webauthn:extension:credBlob: true, webauthn:extension:largeBlob: true, webauthn:extension:minPinLength: true, webauthn:extension:prf: true, webauthn:virtualAuthenticators: true}
Session ID: a7342d11877bd349109176d7eb767e88
	at org.openqa.selenium.remote.codec.w3c.W3CHttpResponseCodec.createException(W3CHttpResponseCodec.java:200)
	at org.openqa.selenium.remote.codec.w3c.W3CHttpResponseCodec.decode(W3CHttpResponseCodec.java:133)
	at org.openqa.selenium.remote.codec.w3c.W3CHttpResponseCodec.decode(W3CHttpResponseCodec.java:52)
	at org.openqa.selenium.remote.HttpCommandExecutor.execute(HttpCommandExecutor.java:191)
	at org.openqa.selenium.remote.service.DriverCommandExecutor.invokeExecute(DriverCommandExecutor.java:196)
	at org.openqa.selenium.remote.service.DriverCommandExecutor.execute(DriverCommandExecutor.java:171)
	at org.openqa.selenium.remote.RemoteWebDriver.execute(RemoteWebDriver.java:602)
	at org.openqa.selenium.remote.ElementLocation$ElementFinder$2.findElement(ElementLocation.java:165)
	at org.openqa.selenium.remote.ElementLocation.findElement(ElementLocation.java:59)
	at org.openqa.selenium.remote.RemoteWebDriver.findElement(RemoteWebDriver.java:359)
	at org.openqa.selenium.remote.RemoteWebDriver.findElement(RemoteWebDriver.java:353)
	at com.uiFramework.Genesis.web.pages.UpdateTracking.fillInputAndDate(UpdateTracking.java:306)
	at com.uiFramework.Genesis.web.pages.UpdateTracking.enterTrackingDetailsInLoop(UpdateTracking.java:285)
	at com.uiFramework.Genesis.regression.web.UpdateTrackingTest.shouldAllowUserToUpdateMultipleRequestsAtOnce(UpdateTrackingTest.java:84)
	at java.base/java.util.ArrayList.forEach(ArrayList.java:1511)
... Removed 31 stack frames</div></td></tr></table><p class="totop"><a href="#summary">back to summary</a></p>
<h3 id="m29">com.uiFramework.Genesis.regression.web.ConsigneeQATest#shouldAllowUserToUpdatePiecesAfterConsingeeQADone</h3><table class="result"><tr><th>Exception</th></tr><tr><td><div class="stacktrace">java.lang.Throwable: Method com.uiFramework.Genesis.regression.web.ConsigneeQATest.shouldAllowUserToUpdatePiecesAfterConsingeeQADone() on instance com.uiFramework.Genesis.regression.web.ConsigneeQATest@75c56eb9 depends on not successfully finished methods 
[com.uiFramework.Genesis.regression.web.ConsigneeQATest.shouldAllowUserToOpenCompletedRequest() on instance com.uiFramework.Genesis.regression.web.ConsigneeQATest@75c56eb9]
	at java.base/java.util.ArrayList.forEach(ArrayList.java:1511)
... Removed 18 stack frames</div></td></tr></table><p class="totop"><a href="#summary">back to summary</a></p>
<h3 id="m30">com.uiFramework.Genesis.regression.web.DocQueueTest#shouldConfirmDifferentRequestsCreatedForDifferentLDAs</h3><table class="result"><tr><th>Exception</th></tr><tr><td><div class="stacktrace">java.lang.Throwable: Method com.uiFramework.Genesis.regression.web.DocQueueTest.shouldConfirmDifferentRequestsCreatedForDifferentLDAs() on instance com.uiFramework.Genesis.regression.web.DocQueueTest@4b2c5e02 depends on not successfully finished methods 
[com.uiFramework.Genesis.regression.web.DocQueueTest.shouldCreateDifferentManifestsForDifferentLDAs() on instance com.uiFramework.Genesis.regression.web.DocQueueTest@4b2c5e02]
	at java.base/java.util.ArrayList.forEach(ArrayList.java:1511)
... Removed 18 stack frames</div></td></tr></table><p class="totop"><a href="#summary">back to summary</a></p>
<h3 id="m31">com.uiFramework.Genesis.regression.web.DocQueueTest#shouldConfirmSameRequestCreatedForDifferentLDAs</h3><table class="result"><tr><th>Exception</th></tr><tr><td><div class="stacktrace">java.lang.Throwable: Method com.uiFramework.Genesis.regression.web.DocQueueTest.shouldConfirmSameRequestCreatedForDifferentLDAs() on instance com.uiFramework.Genesis.regression.web.DocQueueTest@4b2c5e02 depends on not successfully finished methods 
[com.uiFramework.Genesis.regression.web.DocQueueTest.shouldCreateDifferentOrderProcessesForSameLDA() on instance com.uiFramework.Genesis.regression.web.DocQueueTest@4b2c5e02]
	at java.base/java.util.ArrayList.forEach(ArrayList.java:1511)
... Removed 18 stack frames</div></td></tr></table><p class="totop"><a href="#summary">back to summary</a></p>
<h3 id="m32">com.uiFramework.Genesis.regression.web.InboundQATest#checkDefaultZeroPopulate</h3><table class="result"><tr><th>Exception</th></tr><tr><td><div class="stacktrace">org.testng.SkipException: SKIPPED: Literature pieces not zero for index 2
	at com.uiFramework.Genesis.web.pages.InboundQAPage.checkThatlitQtyDefaultZero(InboundQAPage.java:385)
	at com.uiFramework.Genesis.regression.web.InboundQATest.checkDefaultZeroPopulate(InboundQATest.java:101)
	at java.base/java.util.ArrayList.forEach(ArrayList.java:1511)
... Removed 27 stack frames</div></td></tr></table><p class="totop"><a href="#summary">back to summary</a></p>
<h3 id="m33">com.uiFramework.Genesis.regression.web.OrderTest#shouldAllowOrderDeletionAfterConfirmation</h3><table class="result"><tr><th>Exception</th></tr><tr><td><div class="stacktrace">java.lang.Throwable: Method com.uiFramework.Genesis.regression.web.OrderTest.shouldAllowOrderDeletionAfterConfirmation() on instance com.uiFramework.Genesis.regression.web.OrderTest@2c78324b depends on not successfully finished methods 
[com.uiFramework.Genesis.regression.web.OrderTest.shouldConfirmMultipleOrdersAndDisplaySuccessToast() on instance com.uiFramework.Genesis.regression.web.OrderTest@2c78324b]
	at java.base/java.util.ArrayList.forEach(ArrayList.java:1511)
... Removed 18 stack frames</div></td></tr></table><p class="totop"><a href="#summary">back to summary</a></p>
<h3 id="m34">com.uiFramework.Genesis.regression.web.OutboundQATest#shouldCheckFisrtOrderShouldBeDisable</h3><table class="result"><tr><th>Exception</th></tr><tr><td><div class="stacktrace">org.testng.SkipException: Skipping test because multiple order not in Manifest
	at com.uiFramework.Genesis.web.pages.OutboundQApage.checkMulOrderInManifest(OutboundQApage.java:578)
	at com.uiFramework.Genesis.regression.web.OutboundQATest.shouldCheckFisrtOrderShouldBeDisable(OutboundQATest.java:220)
	at java.base/java.util.ArrayList.forEach(ArrayList.java:1511)
... Removed 27 stack frames</div></td></tr></table><p class="totop"><a href="#summary">back to summary</a></p>
<h3 id="m35">com.uiFramework.Genesis.regression.web.OutboundQATest#shouldPopulateDefaultValueAsZero</h3><table class="result"><tr><th>Exception</th></tr><tr><td><div class="stacktrace">org.testng.SkipException: SKIPPED: Literature pieces not zero for index
	at com.uiFramework.Genesis.web.pages.OutboundQApage.checkThatLitQtyDefaultZero(OutboundQApage.java:287)
	at com.uiFramework.Genesis.regression.web.OutboundQATest.shouldPopulateDefaultValueAsZero(OutboundQATest.java:106)
	at java.base/java.util.ArrayList.forEach(ArrayList.java:1511)
... Removed 27 stack frames</div></td></tr></table><p class="totop"><a href="#summary">back to summary</a></p>
<h3 id="m36">com.uiFramework.Genesis.regression.web.OutboundTruckTest#shouldDisplayLDACodesCorrectlyOnListing</h3><table class="result"><tr><th>Exception</th></tr><tr><td><div class="stacktrace">java.lang.Throwable: Method com.uiFramework.Genesis.regression.web.OutboundTruckTest.shouldDisplayLDACodesCorrectlyOnListing() on instance com.uiFramework.Genesis.regression.web.OutboundTruckTest@19976a65 depends on not successfully finished methods 
[com.uiFramework.Genesis.regression.web.OutboundTruckTest.shouldVerifyCreatedTruckDetailsAndPalletQtyMatch() on instance com.uiFramework.Genesis.regression.web.OutboundTruckTest@19976a65]
	at java.base/java.util.ArrayList.forEach(ArrayList.java:1511)
... Removed 18 stack frames</div></td></tr></table><p class="totop"><a href="#summary">back to summary</a></p>
<h3 id="m37">com.uiFramework.Genesis.regression.web.OutboundTruckTest#shouldNotAllowAddedPalletToCreateOutboundTruck</h3><table class="result"><tr><th>Exception</th></tr><tr><td><div class="stacktrace">java.lang.Throwable: Method com.uiFramework.Genesis.regression.web.OutboundTruckTest.shouldNotAllowAddedPalletToCreateOutboundTruck() on instance com.uiFramework.Genesis.regression.web.OutboundTruckTest@19976a65 depends on not successfully finished methods 
[com.uiFramework.Genesis.regression.web.OutboundTruckTest.shouldAddPalletInEditModeWithCalculationsAndShouldUpdateStatus() on instance com.uiFramework.Genesis.regression.web.OutboundTruckTest@19976a65]
	at java.base/java.util.ArrayList.forEach(ArrayList.java:1511)
... Removed 18 stack frames</div></td></tr></table><p class="totop"><a href="#summary">back to summary</a></p>
<h3 id="m38">com.uiFramework.Genesis.regression.web.ConsigneeQATest#shouldAllowUserToCompleteRequest</h3><table class="result"><tr><th class="invisible"/></tr></table><p class="totop"><a href="#summary">back to summary</a></p>
<h3 id="m39">com.uiFramework.Genesis.regression.web.ConsigneeQATest#shouldAllowUserToOpenDraftRequest</h3><table class="result"><tr><th class="invisible"/></tr></table><p class="totop"><a href="#summary">back to summary</a></p>
<h3 id="m40">com.uiFramework.Genesis.regression.web.ConsigneeQATest#shouldAllowUserToSaveDetailsInDraft</h3><table class="result"><tr><th class="invisible"/></tr></table><p class="totop"><a href="#summary">back to summary</a></p>
<h3 id="m41">com.uiFramework.Genesis.regression.web.ConsigneeQATest#shouldAllowUserToUploadExcelFile</h3><table class="result"><tr><th class="invisible"/></tr></table><p class="totop"><a href="#summary">back to summary</a></p>
<h3 id="m42">com.uiFramework.Genesis.regression.web.ConsigneeQATest#shouldDisplayEditableFieldsForTrackingUpdatedRequest</h3><table class="result"><tr><th class="invisible"/></tr></table><p class="totop"><a href="#summary">back to summary</a></p>
<h3 id="m43">com.uiFramework.Genesis.regression.web.ConsigneeQATest#shouldNotAllowEnteringExtraReceivedOrderPieces</h3><table class="result"><tr><th class="invisible"/></tr></table><p class="totop"><a href="#summary">back to summary</a></p>
<h3 id="m44">com.uiFramework.Genesis.regression.web.ConsigneeQATest#shouldNotAllowSavingFileWithoutTime</h3><table class="result"><tr><th class="invisible"/></tr></table><p class="totop"><a href="#summary">back to summary</a></p>
<h3 id="m45">com.uiFramework.Genesis.regression.web.ConsigneeQATest#shouldValidateLiteratureOrderPiecesWhenMarkSameQtyBtnClicked</h3><table class="result"><tr><th class="invisible"/></tr></table><p class="totop"><a href="#summary">back to summary</a></p>
<h3 id="m46">com.uiFramework.Genesis.regression.web.ConsigneeQATest#shouldValidateReceivedOrderPiecesWhenMarkSameQtyBtnClicked</h3><table class="result"><tr><th class="invisible"/></tr></table><p class="totop"><a href="#summary">back to summary</a></p>
<h3 id="m47">com.uiFramework.Genesis.regression.web.DocQueueTest#shouldCheckColumnFilterOnSplitPOD</h3><table class="result"><tr><th class="invisible"/></tr></table><p class="totop"><a href="#summary">back to summary</a></p>
<h3 id="m48">com.uiFramework.Genesis.regression.web.DocQueueTest#shouldConfirmDifferentRequestsCreatedForDifferentConsignees</h3><table class="result"><tr><th class="invisible"/></tr></table><p class="totop"><a href="#summary">back to summary</a></p>
<h3 id="m49">com.uiFramework.Genesis.regression.web.DocQueueTest#shouldCreateDifferentLBOLsForDifferentConsignees</h3><table class="result"><tr><th class="invisible"/></tr></table><p class="totop"><a href="#summary">back to summary</a></p>
<h3 id="m50">com.uiFramework.Genesis.regression.web.DocQueueTest#shouldCreateDifferentOrderProcessesForDifferentLDAs</h3><table class="result"><tr><th class="invisible"/></tr></table><p class="totop"><a href="#summary">back to summary</a></p>
<h3 id="m51">com.uiFramework.Genesis.regression.web.DocQueueTest#shouldCreateDocumentsForMainOrder</h3><table class="result"><tr><th class="invisible"/></tr></table><p class="totop"><a href="#summary">back to summary</a></p>
<h3 id="m52">com.uiFramework.Genesis.regression.web.DocQueueTest#shouldDisplayCloseoutRequestsOnCloseoutCheckbox</h3><table class="result"><tr><th class="invisible"/></tr></table><p class="totop"><a href="#summary">back to summary</a></p>
<h3 id="m53">com.uiFramework.Genesis.regression.web.DocQueueTest#shouldDisplayReconsignmentRequestsOnReconsignmentCheckbox</h3><table class="result"><tr><th class="invisible"/></tr></table><p class="totop"><a href="#summary">back to summary</a></p>
<h3 id="m54">com.uiFramework.Genesis.regression.web.DocQueueTest#shouldDisplayRegularRequestsOnRegularCheckbox</h3><table class="result"><tr><th class="invisible"/></tr></table><p class="totop"><a href="#summary">back to summary</a></p>
<h3 id="m55">com.uiFramework.Genesis.regression.web.DocQueueTest#shouldPersistColumnFilterOnSplitPOD</h3><table class="result"><tr><th class="invisible"/></tr></table><p class="totop"><a href="#summary">back to summary</a></p>
<h3 id="m56">com.uiFramework.Genesis.regression.web.DocQueueTest#shouldRetrieveDocumentsForMainOrder</h3><table class="result"><tr><th class="invisible"/></tr></table><p class="totop"><a href="#summary">back to summary</a></p>
<h3 id="m57">com.uiFramework.Genesis.regression.web.DocQueueTest#shouldShowErrorMessageIfRequiredFieldNotSelected</h3><table class="result"><tr><th class="invisible"/></tr></table><p class="totop"><a href="#summary">back to summary</a></p>
<h3 id="m58">com.uiFramework.Genesis.regression.web.InboundPalletTest#CreateInboundPalletforMainOrder</h3><table class="result"><tr><th class="invisible"/></tr></table><p class="totop"><a href="#summary">back to summary</a></p>
<h3 id="m59">com.uiFramework.Genesis.regression.web.InboundPalletTest#shouldAddPalletInEditModeWithPiecesAndWeightWithNoPopup</h3><table class="result"><tr><th class="invisible"/></tr></table><p class="totop"><a href="#summary">back to summary</a></p>
<h3 id="m60">com.uiFramework.Genesis.regression.web.InboundPalletTest#shouldAllowDeletedPalletToBeAvailableAfterPalletDeletion</h3><table class="result"><tr><th class="invisible"/></tr></table><p class="totop"><a href="#summary">back to summary</a></p>
<h3 id="m61">com.uiFramework.Genesis.regression.web.InboundPalletTest#shouldApplyColumnFiltersOnCreateInboundPallet</h3><table class="result"><tr><th class="invisible"/></tr></table><p class="totop"><a href="#summary">back to summary</a></p>
<h3 id="m62">com.uiFramework.Genesis.regression.web.InboundPalletTest#shouldAutoDeletePalletAndAllowOrderToBeAdded</h3><table class="result"><tr><th class="invisible"/></tr></table><p class="totop"><a href="#summary">back to summary</a></p>
<h3 id="m63">com.uiFramework.Genesis.regression.web.InboundPalletTest#shouldCheckColumnFilter</h3><table class="result"><tr><th class="invisible"/></tr></table><p class="totop"><a href="#summary">back to summary</a></p>
<h3 id="m64">com.uiFramework.Genesis.regression.web.InboundPalletTest#shouldCreateMultiplePallet</h3><table class="result"><tr><th class="invisible"/></tr></table><p class="totop"><a href="#summary">back to summary</a></p>
<h3 id="m65">com.uiFramework.Genesis.regression.web.InboundPalletTest#shouldNotAllowAddingSameOrderToAnotherPallet</h3><table class="result"><tr><th class="invisible"/></tr></table><p class="totop"><a href="#summary">back to summary</a></p>
<h3 id="m66">com.uiFramework.Genesis.regression.web.InboundPalletTest#shouldNotAllowPalletEditingIfQADone</h3><table class="result"><tr><th class="invisible"/></tr></table><p class="totop"><a href="#summary">back to summary</a></p>
<h3 id="m67">com.uiFramework.Genesis.regression.web.InboundPalletTest#shouldNotDeletePalletIfQADone</h3><table class="result"><tr><th class="invisible"/></tr></table><p class="totop"><a href="#summary">back to summary</a></p>
<h3 id="m68">com.uiFramework.Genesis.regression.web.InboundPalletTest#shouldNotMergeInboundPalletWithDifferentPickup</h3><table class="result"><tr><th class="invisible"/></tr></table><p class="totop"><a href="#summary">back to summary</a></p>
<h3 id="m69">com.uiFramework.Genesis.regression.web.InboundPalletTest#shouldPerformMergeWhenButtonClicked</h3><table class="result"><tr><th class="invisible"/></tr></table><p class="totop"><a href="#summary">back to summary</a></p>
<h3 id="m70">com.uiFramework.Genesis.regression.web.InboundPalletTest#shouldRemoveOrdersInEditPalletAndPalletAutoDelete</h3><table class="result"><tr><th class="invisible"/></tr></table><p class="totop"><a href="#summary">back to summary</a></p>
<h3 id="m71">com.uiFramework.Genesis.regression.web.InboundPalletTest#shouldShowCreatedOrderInPalletListingPage</h3><table class="result"><tr><th class="invisible"/></tr></table><p class="totop"><a href="#summary">back to summary</a></p>
<h3 id="m72">com.uiFramework.Genesis.regression.web.InboundPalletTest#shouldVerifyPalletQuantityAndStatusForInboundPallet</h3><table class="result"><tr><th class="invisible"/></tr></table><p class="totop"><a href="#summary">back to summary</a></p>
<h3 id="m73">com.uiFramework.Genesis.regression.web.InboundPalletTest#verifyInboundpalletCreateSuccefully</h3><table class="result"><tr><th class="invisible"/></tr></table><p class="totop"><a href="#summary">back to summary</a></p>
<h3 id="m74">com.uiFramework.Genesis.regression.web.InboundQATest#ValidateFilterOnQAListing</h3><table class="result"><tr><th class="invisible"/></tr></table><p class="totop"><a href="#summary">back to summary</a></p>
<h3 id="m75">com.uiFramework.Genesis.regression.web.InboundQATest#checkQAStatusFailedforInbound</h3><table class="result"><tr><th class="invisible"/></tr></table><p class="totop"><a href="#summary">back to summary</a></p>
<h3 id="m76">com.uiFramework.Genesis.regression.web.InboundQATest#validateInboundQAscreen</h3><table class="result"><tr><th class="invisible"/></tr></table><p class="totop"><a href="#summary">back to summary</a></p>
<h3 id="m77">com.uiFramework.Genesis.regression.web.InboundQATest#validateTotalPiecesinTruck</h3><table class="result"><tr><th class="invisible"/></tr></table><p class="totop"><a href="#summary">back to summary</a></p>
<h3 id="m78">com.uiFramework.Genesis.regression.web.InboundQATest#verifyMandatoryPiecesOnSaveBtn</h3><table class="result"><tr><th class="invisible"/></tr></table><p class="totop"><a href="#summary">back to summary</a></p>
<h3 id="m79">com.uiFramework.Genesis.regression.web.InboundQATest#verifyPalletAvailable</h3><table class="result"><tr><th class="invisible"/></tr></table><p class="totop"><a href="#summary">back to summary</a></p>
<h3 id="m80">com.uiFramework.Genesis.regression.web.InboundQATest#verifyToasmsgOnQAPass</h3><table class="result"><tr><th class="invisible"/></tr></table><p class="totop"><a href="#summary">back to summary</a></p>
<h3 id="m81">com.uiFramework.Genesis.regression.web.InboundQATest#verifyTruckDataDisplayedCorrectlyOnView</h3><table class="result"><tr><th class="invisible"/></tr></table><p class="totop"><a href="#summary">back to summary</a></p>
<h3 id="m82">com.uiFramework.Genesis.regression.web.InboundTruckTest#shouldAddPalletInEditModeWithCalculations</h3><table class="result"><tr><th class="invisible"/></tr></table><p class="totop"><a href="#summary">back to summary</a></p>
<h3 id="m83">com.uiFramework.Genesis.regression.web.InboundTruckTest#shouldApplyColumnFilterCorrectlyOnInboundTruck</h3><table class="result"><tr><th class="invisible"/></tr></table><p class="totop"><a href="#summary">back to summary</a></p>
<h3 id="m84">com.uiFramework.Genesis.regression.web.InboundTruckTest#shouldApplyColumnFilterCorrectlyOnInboundTruckCreate</h3><table class="result"><tr><th class="invisible"/></tr></table><p class="totop"><a href="#summary">back to summary</a></p>
<h3 id="m85">com.uiFramework.Genesis.regression.web.InboundTruckTest#shouldCheckDefaultCostEstimate</h3><table class="result"><tr><th class="invisible"/></tr></table><p class="totop"><a href="#summary">back to summary</a></p>
<h3 id="m86">com.uiFramework.Genesis.regression.web.InboundTruckTest#shouldCheckMandateFiledForImportTruck</h3><table class="result"><tr><th class="invisible"/></tr></table><p class="totop"><a href="#summary">back to summary</a></p>
<h3 id="m87">com.uiFramework.Genesis.regression.web.InboundTruckTest#shouldCheckOrderProcessShowcorrect</h3><table class="result"><tr><th class="invisible"/></tr></table><p class="totop"><a href="#summary">back to summary</a></p>
<h3 id="m88">com.uiFramework.Genesis.regression.web.InboundTruckTest#shouldCreateBulkInboundTruck</h3><table class="result"><tr><th class="invisible"/></tr></table><p class="totop"><a href="#summary">back to summary</a></p>
<h3 id="m89">com.uiFramework.Genesis.regression.web.InboundTruckTest#shouldCreateEmptyInboundTruck</h3><table class="result"><tr><th class="invisible"/></tr></table><p class="totop"><a href="#summary">back to summary</a></p>
<h3 id="m90">com.uiFramework.Genesis.regression.web.InboundTruckTest#shouldCreateTruckSuccessfullyAndVerifyTotalPiecesAndPalletQty</h3><table class="result"><tr><th class="invisible"/></tr></table><p class="totop"><a href="#summary">back to summary</a></p>
<h3 id="m91">com.uiFramework.Genesis.regression.web.InboundTruckTest#shouldDeleteTruckAndMakePalletAvailableToAddInInboundTruck</h3><table class="result"><tr><th class="invisible"/></tr></table><p class="totop"><a href="#summary">back to summary</a></p>
<h3 id="m92">com.uiFramework.Genesis.regression.web.InboundTruckTest#shouldDisplayToastMessageOnCreateTruck</h3><table class="result"><tr><th class="invisible"/></tr></table><p class="totop"><a href="#summary">back to summary</a></p>
<h3 id="m93">com.uiFramework.Genesis.regression.web.InboundTruckTest#shouldDisplayTruckDetailsInEditMode</h3><table class="result"><tr><th class="invisible"/></tr></table><p class="totop"><a href="#summary">back to summary</a></p>
<h3 id="m94">com.uiFramework.Genesis.regression.web.InboundTruckTest#shouldMatchCreatedTruckDetails</h3><table class="result"><tr><th class="invisible"/></tr></table><p class="totop"><a href="#summary">back to summary</a></p>
<h3 id="m95">com.uiFramework.Genesis.regression.web.InboundTruckTest#shouldNotAllowAddingPalletToCreateTruck</h3><table class="result"><tr><th class="invisible"/></tr></table><p class="totop"><a href="#summary">back to summary</a></p>
<h3 id="m96">com.uiFramework.Genesis.regression.web.InboundTruckTest#shouldNotAllowEditPalletIfQADone</h3><table class="result"><tr><th class="invisible"/></tr></table><p class="totop"><a href="#summary">back to summary</a></p>
<h3 id="m97">com.uiFramework.Genesis.regression.web.InboundTruckTest#shouldNotDeleteTruckIfQADone</h3><table class="result"><tr><th class="invisible"/></tr></table><p class="totop"><a href="#summary">back to summary</a></p>
<h3 id="m98">com.uiFramework.Genesis.regression.web.InboundTruckTest#shouldRemovePalletFromTruckAndUpdateWeightAndEmptyStatus</h3><table class="result"><tr><th class="invisible"/></tr></table><p class="totop"><a href="#summary">back to summary</a></p>
<h3 id="m99">com.uiFramework.Genesis.regression.web.InboundTruckTest#shouldUpdateTruckStatusOnMarkAsArrived</h3><table class="result"><tr><th class="invisible"/></tr></table><p class="totop"><a href="#summary">back to summary</a></p>
<h3 id="m100">com.uiFramework.Genesis.regression.web.InboundTruckTest#shouldVerifyEmptyTruckQtyAndStatus</h3><table class="result"><tr><th class="invisible"/></tr></table><p class="totop"><a href="#summary">back to summary</a></p>
<h3 id="m101">com.uiFramework.Genesis.regression.web.InboundTruckTest#shouldVerifyPalletAvailableToAddInTruck</h3><table class="result"><tr><th class="invisible"/></tr></table><p class="totop"><a href="#summary">back to summary</a></p>
<h3 id="m102">com.uiFramework.Genesis.regression.web.InboundTruckTest#shouldVerifyTruckStatusAfterTruckCreation</h3><table class="result"><tr><th class="invisible"/></tr></table><p class="totop"><a href="#summary">back to summary</a></p>
<h3 id="m103">com.uiFramework.Genesis.regression.web.OrderTest#shouldAddEditAndDeleteCommentSuccessfully</h3><table class="result"><tr><th class="invisible"/></tr></table><p class="totop"><a href="#summary">back to summary</a></p>
<h3 id="m104">com.uiFramework.Genesis.regression.web.OrderTest#shouldCalculateRatedWeightAndLitWeightCorrectly</h3><table class="result"><tr><th class="invisible"/></tr></table><p class="totop"><a href="#summary">back to summary</a></p>
<h3 id="m105">com.uiFramework.Genesis.regression.web.OrderTest#shouldCheckColumnFilter</h3><table class="result"><tr><th class="invisible"/></tr></table><p class="totop"><a href="#summary">back to summary</a></p>
<h3 id="m106">com.uiFramework.Genesis.regression.web.OrderTest#shouldCreateDistributorOrderWithRequiredDetails</h3><table class="result"><tr><th class="invisible"/></tr></table><p class="totop"><a href="#summary">back to summary</a></p>
<h3 id="m107">com.uiFramework.Genesis.regression.web.OrderTest#shouldDeleteOrderSuccessfullyWhenInDraftStatusInDraft</h3><table class="result"><tr><th class="invisible"/></tr></table><p class="totop"><a href="#summary">back to summary</a></p>
<h3 id="m108">com.uiFramework.Genesis.regression.web.OrderTest#shouldDisplayBarcodeAfterDistributorOrderConfirmation</h3><table class="result"><tr><th class="invisible"/></tr></table><p class="totop"><a href="#summary">back to summary</a></p>
<h3 id="m109">com.uiFramework.Genesis.regression.web.OrderTest#shouldDisplayOrderFormOnCreateButtonClick</h3><table class="result"><tr><th class="invisible"/></tr></table><p class="totop"><a href="#summary">back to summary</a></p>
<h3 id="m110">com.uiFramework.Genesis.regression.web.OrderTest#shouldFetchConsigneeAddressDetails</h3><table class="result"><tr><th class="invisible"/></tr></table><p class="totop"><a href="#summary">back to summary</a></p>
<h3 id="m111">com.uiFramework.Genesis.regression.web.OrderTest#shouldGenerateBarcodeAfterOrderConfirmation</h3><table class="result"><tr><th class="invisible"/></tr></table><p class="totop"><a href="#summary">back to summary</a></p>
<h3 id="m112">com.uiFramework.Genesis.regression.web.OrderTest#shouldKeepConsigneeDropdownEmptyUntilCustomerSelected</h3><table class="result"><tr><th class="invisible"/></tr></table><p class="totop"><a href="#summary">back to summary</a></p>
<h3 id="m113">com.uiFramework.Genesis.regression.web.OrderTest#shouldMatchOrderDetailsOnListingPage</h3><table class="result"><tr><th class="invisible"/></tr></table><p class="totop"><a href="#summary">back to summary</a></p>
<h3 id="m114">com.uiFramework.Genesis.regression.web.OrderTest#shouldNotGenerateBarcodeAndShowCorrectOrderStatusOnConfirm</h3><table class="result"><tr><th class="invisible"/></tr></table><p class="totop"><a href="#summary">back to summary</a></p>
<h3 id="m115">com.uiFramework.Genesis.regression.web.OrderTest#shouldNotGenerateBarcodeWhenCheckboxIsUnchecked</h3><table class="result"><tr><th class="invisible"/></tr></table><p class="totop"><a href="#summary">back to summary</a></p>
<h3 id="m116">com.uiFramework.Genesis.regression.web.OrderTest#shouldSaveCarrierAccessorialAfterDeleteAndValidateCommentValidation</h3><table class="result"><tr><th class="invisible"/></tr></table><p class="totop"><a href="#summary">back to summary</a></p>
<h3 id="m117">com.uiFramework.Genesis.regression.web.OrderTest#shouldSaveCommentAfterDelete</h3><table class="result"><tr><th class="invisible"/></tr></table><p class="totop"><a href="#summary">back to summary</a></p>
<h3 id="m118">com.uiFramework.Genesis.regression.web.OrderTest#shouldSaveCustomerAccessorialAfterDeleteAndValidateCarrierValidation</h3><table class="result"><tr><th class="invisible"/></tr></table><p class="totop"><a href="#summary">back to summary</a></p>
<h3 id="m119">com.uiFramework.Genesis.regression.web.OrderTest#shouldSaveTypeAndsubjectReqOnComment</h3><table class="result"><tr><th class="invisible"/></tr></table><p class="totop"><a href="#summary">back to summary</a></p>
<h3 id="m120">com.uiFramework.Genesis.regression.web.OrderTest#shouldShowErrorForDuplicateCustomerOrderNumber</h3><table class="result"><tr><th class="invisible"/></tr></table><p class="totop"><a href="#summary">back to summary</a></p>
<h3 id="m121">com.uiFramework.Genesis.regression.web.OrderTest#shouldShowErrorMessagesForMandatoryFields</h3><table class="result"><tr><th class="invisible"/></tr></table><p class="totop"><a href="#summary">back to summary</a></p>
<h3 id="m122">com.uiFramework.Genesis.regression.web.OrderTest#shouldShowErrorOnConfirmFromListingWithMissingFields</h3><table class="result"><tr><th class="invisible"/></tr></table><p class="totop"><a href="#summary">back to summary</a></p>
<h3 id="m123">com.uiFramework.Genesis.regression.web.OrderTest#shouldShowErrorWhenSavingEmptyCustomerAccessorial</h3><table class="result"><tr><th class="invisible"/></tr></table><p class="totop"><a href="#summary">back to summary</a></p>
<h3 id="m124">com.uiFramework.Genesis.regression.web.OrderTest#shouldShowMandatoryFieldOnSaveFiles</h3><table class="result"><tr><th class="invisible"/></tr></table><p class="totop"><a href="#summary">back to summary</a></p>
<h3 id="m125">com.uiFramework.Genesis.regression.web.OrderTest#shouldShowToastWhenConfirmingWithoutWeightOrPieces</h3><table class="result"><tr><th class="invisible"/></tr></table><p class="totop"><a href="#summary">back to summary</a></p>
<h3 id="m126">com.uiFramework.Genesis.regression.web.OrderTest#shouldUploadFileAndShowSuccessToast</h3><table class="result"><tr><th class="invisible"/></tr></table><p class="totop"><a href="#summary">back to summary</a></p>
<h3 id="m127">com.uiFramework.Genesis.regression.web.OrderTest#shouldValidateFullAddressDetails</h3><table class="result"><tr><th class="invisible"/></tr></table><p class="totop"><a href="#summary">back to summary</a></p>
<h3 id="m128">com.uiFramework.Genesis.regression.web.OrderTest#shouldValidateLocalCarrierTextAndQAStatusAndPODUnset</h3><table class="result"><tr><th class="invisible"/></tr></table><p class="totop"><a href="#summary">back to summary</a></p>
<h3 id="m129">com.uiFramework.Genesis.regression.web.OrderTest#shouldValidateOrderStatusCountOnLabelBadges</h3><table class="result"><tr><th class="invisible"/></tr></table><p class="totop"><a href="#summary">back to summary</a></p>
<h3 id="m130">com.uiFramework.Genesis.regression.web.OrderTest#shouldValidateTotalPiecesAndWeightOnListingPage</h3><table class="result"><tr><th class="invisible"/></tr></table><p class="totop"><a href="#summary">back to summary</a></p>
<h3 id="m131">com.uiFramework.Genesis.regression.web.OrderTest#shouldVerifyDraftOrderStatusAfterSave</h3><table class="result"><tr><th class="invisible"/></tr></table><p class="totop"><a href="#summary">back to summary</a></p>
<h3 id="m132">com.uiFramework.Genesis.regression.web.OutboundPalletTest#shouldAddPalletInEditModeWithPiecesAndWeightWithNoPopup</h3><table class="result"><tr><th class="invisible"/></tr></table><p class="totop"><a href="#summary">back to summary</a></p>
<h3 id="m133">com.uiFramework.Genesis.regression.web.OutboundPalletTest#shouldAllowEditPalletWithAutoDeletedPallet</h3><table class="result"><tr><th class="invisible"/></tr></table><p class="totop"><a href="#summary">back to summary</a></p>
<h3 id="m134">com.uiFramework.Genesis.regression.web.OutboundPalletTest#shouldCheckPaginationOnCreateOutboundPalletScreen</h3><table class="result"><tr><th class="invisible"/></tr></table><p class="totop"><a href="#summary">back to summary</a></p>
<h3 id="m135">com.uiFramework.Genesis.regression.web.OutboundPalletTest#shouldCreateOutboundPalletForMainOrder</h3><table class="result"><tr><th class="invisible"/></tr></table><p class="totop"><a href="#summary">back to summary</a></p>
<h3 id="m136">com.uiFramework.Genesis.regression.web.OutboundPalletTest#shouldCreateOutboundPalletSuccessfully</h3><table class="result"><tr><th class="invisible"/></tr></table><p class="totop"><a href="#summary">back to summary</a></p>
<h3 id="m137">com.uiFramework.Genesis.regression.web.OutboundPalletTest#shouldCreatePalletAndMaintainCheckboxSelectionAcrossPagination</h3><table class="result"><tr><th class="invisible"/></tr></table><p class="totop"><a href="#summary">back to summary</a></p>
<h3 id="m138">com.uiFramework.Genesis.regression.web.OutboundPalletTest#shouldCreateSinglePalletOnMergeClick</h3><table class="result"><tr><th class="invisible"/></tr></table><p class="totop"><a href="#summary">back to summary</a></p>
<h3 id="m139">com.uiFramework.Genesis.regression.web.OutboundPalletTest#shouldDeletePalletAndMakeOrdersAvailableAfterDeletion</h3><table class="result"><tr><th class="invisible"/></tr></table><p class="totop"><a href="#summary">back to summary</a></p>
<h3 id="m140">com.uiFramework.Genesis.regression.web.OutboundPalletTest#shouldDisplayPalletStatusInListingAfterObtPalletCreation</h3><table class="result"><tr><th class="invisible"/></tr></table><p class="totop"><a href="#summary">back to summary</a></p>
<h3 id="m141">com.uiFramework.Genesis.regression.web.OutboundPalletTest#shouldDisplaySelectedWarehouseOrderInGrid</h3><table class="result"><tr><th class="invisible"/></tr></table><p class="totop"><a href="#summary">back to summary</a></p>
<h3 id="m142">com.uiFramework.Genesis.regression.web.OutboundPalletTest#shouldIncludeMultipleLDAsInSinglePallet</h3><table class="result"><tr><th class="invisible"/></tr></table><p class="totop"><a href="#summary">back to summary</a></p>
<h3 id="m143">com.uiFramework.Genesis.regression.web.OutboundPalletTest#shouldNotAllowAddedOrdersForPalletCreation</h3><table class="result"><tr><th class="invisible"/></tr></table><p class="totop"><a href="#summary">back to summary</a></p>
<h3 id="m144">com.uiFramework.Genesis.regression.web.OutboundPalletTest#shouldNotAllowPalletDeletionAfterArrival</h3><table class="result"><tr><th class="invisible"/></tr></table><p class="totop"><a href="#summary">back to summary</a></p>
<h3 id="m145">com.uiFramework.Genesis.regression.web.OutboundPalletTest#shouldPerformMergeFunctionOnOutboundPallet</h3><table class="result"><tr><th class="invisible"/></tr></table><p class="totop"><a href="#summary">back to summary</a></p>
<h3 id="m146">com.uiFramework.Genesis.regression.web.OutboundPalletTest#shouldUpdatePalletStatusAfterPalletCreation</h3><table class="result"><tr><th class="invisible"/></tr></table><p class="totop"><a href="#summary">back to summary</a></p>
<h3 id="m147">com.uiFramework.Genesis.regression.web.OutboundPalletTest#verifyAutoDeletedPalletNotVisibleAndOrderIsAvailableToAdd</h3><table class="result"><tr><th class="invisible"/></tr></table><p class="totop"><a href="#summary">back to summary</a></p>
<h3 id="m148">com.uiFramework.Genesis.regression.web.OutboundPalletTest#verifyCreatedOrderIsAvailableInPallet</h3><table class="result"><tr><th class="invisible"/></tr></table><p class="totop"><a href="#summary">back to summary</a></p>
<h3 id="m149">com.uiFramework.Genesis.regression.web.OutboundQATest#shouldAcceptManifestForMainOrder</h3><table class="result"><tr><th class="invisible"/></tr></table><p class="totop"><a href="#summary">back to summary</a></p>
<h3 id="m150">com.uiFramework.Genesis.regression.web.OutboundQATest#shouldAllowUserToOpenCompletedQA</h3><table class="result"><tr><th class="invisible"/></tr></table><p class="totop"><a href="#summary">back to summary</a></p>
<h3 id="m151">com.uiFramework.Genesis.regression.web.OutboundQATest#shouldAllowUserToPartialOutboundQA</h3><table class="result"><tr><th class="invisible"/></tr></table><p class="totop"><a href="#summary">back to summary</a></p>
<h3 id="m152">com.uiFramework.Genesis.regression.web.OutboundQATest#shouldCheckMandateMsgIfOrderNotSelected</h3><table class="result"><tr><th class="invisible"/></tr></table><p class="totop"><a href="#summary">back to summary</a></p>
<h3 id="m153">com.uiFramework.Genesis.regression.web.OutboundQATest#shouldDisplayCorrectTotalPiecesCount</h3><table class="result"><tr><th class="invisible"/></tr></table><p class="totop"><a href="#summary">back to summary</a></p>
<h3 id="m154">com.uiFramework.Genesis.regression.web.OutboundQATest#shouldDisplayEditableFieldsForTrackingUpdatedRequest</h3><table class="result"><tr><th class="invisible"/></tr></table><p class="totop"><a href="#summary">back to summary</a></p>
<h3 id="m155">com.uiFramework.Genesis.regression.web.OutboundQATest#shouldDisplaySelectedLDAInGrid</h3><table class="result"><tr><th class="invisible"/></tr></table><p class="totop"><a href="#summary">back to summary</a></p>
<h3 id="m156">com.uiFramework.Genesis.regression.web.OutboundQATest#shouldDisplaySelectedManifestInGrid</h3><table class="result"><tr><th class="invisible"/></tr></table><p class="totop"><a href="#summary">back to summary</a></p>
<h3 id="m157">com.uiFramework.Genesis.regression.web.OutboundQATest#shouldMakeReceivedDateMandatory</h3><table class="result"><tr><th class="invisible"/></tr></table><p class="totop"><a href="#summary">back to summary</a></p>
<h3 id="m158">com.uiFramework.Genesis.regression.web.OutboundQATest#shouldMakeVoiceMailDateMandatory</h3><table class="result"><tr><th class="invisible"/></tr></table><p class="totop"><a href="#summary">back to summary</a></p>
<h3 id="m159">com.uiFramework.Genesis.regression.web.OutboundQATest#shouldNotAllowEnteringExtraLiteratureOrderPieces</h3><table class="result"><tr><th class="invisible"/></tr></table><p class="totop"><a href="#summary">back to summary</a></p>
<h3 id="m160">com.uiFramework.Genesis.regression.web.OutboundQATest#shouldNotAllowEnteringExtraReceivedOrderPieces</h3><table class="result"><tr><th class="invisible"/></tr></table><p class="totop"><a href="#summary">back to summary</a></p>
<h3 id="m161">com.uiFramework.Genesis.regression.web.OutboundQATest#shouldUpdateOrderStatusAfterOutboundQADone</h3><table class="result"><tr><th class="invisible"/></tr></table><p class="totop"><a href="#summary">back to summary</a></p>
<h3 id="m162">com.uiFramework.Genesis.regression.web.OutboundQATest#shouldUpdateOrderStatusAfterPartialOutboundQADone</h3><table class="result"><tr><th class="invisible"/></tr></table><p class="totop"><a href="#summary">back to summary</a></p>
<h3 id="m163">com.uiFramework.Genesis.regression.web.OutboundQATest#shouldUpdateOrderStatusAfterSchedDellivery</h3><table class="result"><tr><th class="invisible"/></tr></table><p class="totop"><a href="#summary">back to summary</a></p>
<h3 id="m164">com.uiFramework.Genesis.regression.web.OutboundQATest#shouldValidateLitOrderPiecesWhenMarkSameQtyButtonClicked</h3><table class="result"><tr><th class="invisible"/></tr></table><p class="totop"><a href="#summary">back to summary</a></p>
<h3 id="m165">com.uiFramework.Genesis.regression.web.OutboundQATest#shouldValidateReceivedOrderPiecesWhenMarkSameQtyButtonClicked</h3><table class="result"><tr><th class="invisible"/></tr></table><p class="totop"><a href="#summary">back to summary</a></p>
<h3 id="m166">com.uiFramework.Genesis.regression.web.OutboundQATest#shouldVerifyReceivedAndVoicemailDatesAreCurrentDate</h3><table class="result"><tr><th class="invisible"/></tr></table><p class="totop"><a href="#summary">back to summary</a></p>
<h3 id="m167">com.uiFramework.Genesis.regression.web.OutboundTruckTest#shouldAllowEditingDropLocationDetailsInNonUPSCase</h3><table class="result"><tr><th class="invisible"/></tr></table><p class="totop"><a href="#summary">back to summary</a></p>
<h3 id="m168">com.uiFramework.Genesis.regression.web.OutboundTruckTest#shouldAllowEditingLTL3rdPartyAndCostEstimate</h3><table class="result"><tr><th class="invisible"/></tr></table><p class="totop"><a href="#summary">back to summary</a></p>
<h3 id="m169">com.uiFramework.Genesis.regression.web.OutboundTruckTest#shouldApplyColumnFilterForOutboundTruck</h3><table class="result"><tr><th class="invisible"/></tr></table><p class="totop"><a href="#summary">back to summary</a></p>
<h3 id="m170">com.uiFramework.Genesis.regression.web.OutboundTruckTest#shouldApplyColumnFilterOnOutboundTruckCreatePage</h3><table class="result"><tr><th class="invisible"/></tr></table><p class="totop"><a href="#summary">back to summary</a></p>
<h3 id="m171">com.uiFramework.Genesis.regression.web.OutboundTruckTest#shouldClearFieldsWhenClearButtonClickedOnObtCreateTruck</h3><table class="result"><tr><th class="invisible"/></tr></table><p class="totop"><a href="#summary">back to summary</a></p>
<h3 id="m172">com.uiFramework.Genesis.regression.web.OutboundTruckTest#shouldCreateEmptyOutboundTruck</h3><table class="result"><tr><th class="invisible"/></tr></table><p class="totop"><a href="#summary">back to summary</a></p>
<h3 id="m173">com.uiFramework.Genesis.regression.web.OutboundTruckTest#shouldCreateSuccessfullyAndIncreseCountByOne</h3><table class="result"><tr><th class="invisible"/></tr></table><p class="totop"><a href="#summary">back to summary</a></p>
<h3 id="m174">com.uiFramework.Genesis.regression.web.OutboundTruckTest#shouldDisplayDefaultCostEstimateAndOrderProcess</h3><table class="result"><tr><th class="invisible"/></tr></table><p class="totop"><a href="#summary">back to summary</a></p>
<h3 id="m175">com.uiFramework.Genesis.regression.web.OutboundTruckTest#shouldDisplayToastMessageOnCreateObtTruck</h3><table class="result"><tr><th class="invisible"/></tr></table><p class="totop"><a href="#summary">back to summary</a></p>
<h3 id="m176">com.uiFramework.Genesis.regression.web.OutboundTruckTest#shouldDisplayTruckDetailsInEditOutboundTruckMode</h3><table class="result"><tr><th class="invisible"/></tr></table><p class="totop"><a href="#summary">back to summary</a></p>
<h3 id="m177">com.uiFramework.Genesis.regression.web.OutboundTruckTest#shouldNotAllowMultiDropLocationForNonUPS</h3><table class="result"><tr><th class="invisible"/></tr></table><p class="totop"><a href="#summary">back to summary</a></p>
<h3 id="m178">com.uiFramework.Genesis.regression.web.OutboundTruckTest#shouldNotAllowPalletEditingOnceArrived</h3><table class="result"><tr><th class="invisible"/></tr></table><p class="totop"><a href="#summary">back to summary</a></p>
<h3 id="m179">com.uiFramework.Genesis.regression.web.OutboundTruckTest#shouldNotAllowTruckDeletionIfTruckHasArrived</h3><table class="result"><tr><th class="invisible"/></tr></table><p class="totop"><a href="#summary">back to summary</a></p>
<h3 id="m180">com.uiFramework.Genesis.regression.web.OutboundTruckTest#shouldPalletAvailableToCreateOutboundTruck</h3><table class="result"><tr><th class="invisible"/></tr></table><p class="totop"><a href="#summary">back to summary</a></p>
<h3 id="m181">com.uiFramework.Genesis.regression.web.OutboundTruckTest#shouldRemovePalletFromTruckAndUpdateWeightAndEmptyTruckStatus</h3><table class="result"><tr><th class="invisible"/></tr></table><p class="totop"><a href="#summary">back to summary</a></p>
<h3 id="m182">com.uiFramework.Genesis.regression.web.OutboundTruckTest#shouldRemovedPalletAvailableToAddInOuboundCreateTruck</h3><table class="result"><tr><th class="invisible"/></tr></table><p class="totop"><a href="#summary">back to summary</a></p>
<h3 id="m183">com.uiFramework.Genesis.regression.web.OutboundTruckTest#shouldRouteOrderEditable</h3><table class="result"><tr><th class="invisible"/></tr></table><p class="totop"><a href="#summary">back to summary</a></p>
<h3 id="m184">com.uiFramework.Genesis.regression.web.OutboundTruckTest#shouldUpdateTruckStatusAfterTruckCreation</h3><table class="result"><tr><th class="invisible"/></tr></table><p class="totop"><a href="#summary">back to summary</a></p>
<h3 id="m185">com.uiFramework.Genesis.regression.web.OutboundTruckTest#shouldValidateMultiDropForNonUPSCase</h3><table class="result"><tr><th class="invisible"/></tr></table><p class="totop"><a href="#summary">back to summary</a></p>
<h3 id="m186">com.uiFramework.Genesis.regression.web.OutboundTruckTest#shouldVerifyCostEstimateOnEditingOutboundTruck</h3><table class="result"><tr><th class="invisible"/></tr></table><p class="totop"><a href="#summary">back to summary</a></p>
<h3 id="m187">com.uiFramework.Genesis.regression.web.OutboundTruckTest#shouldVerifyOrderProcessDuringOutboundTruckEdit</h3><table class="result"><tr><th class="invisible"/></tr></table><p class="totop"><a href="#summary">back to summary</a></p>
<h3 id="m188">com.uiFramework.Genesis.regression.web.OutboundTruckTest#shouldVerifyTruckQuantityAndStatusForEmptyTruck</h3><table class="result"><tr><th class="invisible"/></tr></table><p class="totop"><a href="#summary">back to summary</a></p>
<h3 id="m189">com.uiFramework.Genesis.regression.web.UpdateTrackingTest#shouldAbleToUpdateTrackinIdOfReq</h3><table class="result"><tr><th class="invisible"/></tr></table><p class="totop"><a href="#summary">back to summary</a></p>
<h3 id="m190">com.uiFramework.Genesis.regression.web.UpdateTrackingTest#shouldAllowUserToDownloadExcelOfGridData</h3><table class="result"><tr><th class="invisible"/></tr></table><p class="totop"><a href="#summary">back to summary</a></p>
<h3 id="m191">com.uiFramework.Genesis.regression.web.UpdateTrackingTest#shouldNotAllowFileUpdateWithoutETADetails</h3><table class="result"><tr><th class="invisible"/></tr></table><p class="totop"><a href="#summary">back to summary</a></p>
<h3 id="m192">com.uiFramework.Genesis.regression.web.UpdateTrackingTest#shouldNotAllowFileUpdateWithoutTrackingNumberDetails</h3><table class="result"><tr><th class="invisible"/></tr></table><p class="totop"><a href="#summary">back to summary</a></p>
<h3 id="m193">com.uiFramework.Genesis.regression.web.UpdateTrackingTest#shouldNotAllowUpdateWithoutRequiredDetails</h3><table class="result"><tr><th class="invisible"/></tr></table><p class="totop"><a href="#summary">back to summary</a></p>
<h3 id="m194">com.uiFramework.Genesis.regression.web.UpdateTrackingTest#shouldRecErrMsgIfReqTrkNoSelButETAIsNotEnter</h3><table class="result"><tr><th class="invisible"/></tr></table><p class="totop"><a href="#summary">back to summary</a></p>
<h3 id="m195">com.uiFramework.Genesis.regression.web.UpdateTrackingTest#shouldShowErrorMessageIfReqFieldNotSelected</h3><table class="result"><tr><th class="invisible"/></tr></table><p class="totop"><a href="#summary">back to summary</a></p>
<h3 id="m196">com.uiFramework.Genesis.regression.web.UpdateTrackingTest#shouldShowErrorMessageIfReqSelectedButTrackingNoNotEntered</h3><table class="result"><tr><th class="invisible"/></tr></table><p class="totop"><a href="#summary">back to summary</a></p>
<h3 id="m197">com.uiFramework.Genesis.regression.web.UpdateTrackingTest#shouldValidateMultipleRequestData</h3><table class="result"><tr><th class="invisible"/></tr></table><p class="totop"><a href="#summary">back to summary</a></p>
</body>
</html>
