<?xml version="1.0" encoding="UTF-8"?>
<testng-results ignored="0" total="198" passed="160" failed="29" skipped="9">
  <reporter-output>
  </reporter-output>
  <suite started-at="2026-01-23T16:15:36 IST" name="Suite" finished-at="2026-01-23T17:13:28 IST" duration-ms="3471378">
    <groups>
      <group name="smoke">
        <method signature="ConsigneeQATest.shouldDisplayEditableFieldsForTrackingUpdatedRequest()[pri:1, instance:com.uiFramework.Genesis.regression.web.ConsigneeQATest@75c56eb9]" name="shouldDisplayEditableFieldsForTrackingUpdatedRequest" class="com.uiFramework.Genesis.regression.web.ConsigneeQATest"/>
        <method signature="InboundPalletTest.CreateInboundPalletforMainOrder()[pri:1, instance:com.uiFramework.Genesis.regression.web.InboundPalletTest@456d6c1e]" name="CreateInboundPalletforMainOrder" class="com.uiFramework.Genesis.regression.web.InboundPalletTest"/>
        <method signature="InboundQATest.verifyPalletAvailable()[pri:1, instance:com.uiFramework.Genesis.regression.web.InboundQATest@dc9876b]" name="verifyPalletAvailable" class="com.uiFramework.Genesis.regression.web.InboundQATest"/>
        <method signature="InboundTruckTest.shouldVerifyPalletAvailableToAddInTruck()[pri:1, instance:com.uiFramework.Genesis.regression.web.InboundTruckTest@471a9022]" name="shouldVerifyPalletAvailableToAddInTruck" class="com.uiFramework.Genesis.regression.web.InboundTruckTest"/>
        <method signature="OrderTest.shouldDisplayOrderFormOnCreateButtonClick()[pri:1, instance:com.uiFramework.Genesis.regression.web.OrderTest@2c78324b]" name="shouldDisplayOrderFormOnCreateButtonClick" class="com.uiFramework.Genesis.regression.web.OrderTest"/>
        <method signature="OutboundPalletTest.shouldCreateOutboundPalletForMainOrder()[pri:1, instance:com.uiFramework.Genesis.regression.web.OutboundPalletTest@2f666ebb]" name="shouldCreateOutboundPalletForMainOrder" class="com.uiFramework.Genesis.regression.web.OutboundPalletTest"/>
        <method signature="OutboundQATest.shouldAcceptManifestForMainOrder()[pri:1, instance:com.uiFramework.Genesis.regression.web.OutboundQATest@57a3e26a]" name="shouldAcceptManifestForMainOrder" class="com.uiFramework.Genesis.regression.web.OutboundQATest"/>
        <method signature="OutboundTruckTest.shouldPalletAvailableToCreateOutboundTruck()[pri:1, instance:com.uiFramework.Genesis.regression.web.OutboundTruckTest@19976a65]" name="shouldPalletAvailableToCreateOutboundTruck" class="com.uiFramework.Genesis.regression.web.OutboundTruckTest"/>
        <method signature="InboundPalletTest.verifyInboundpalletCreateSuccefully()[pri:2, instance:com.uiFramework.Genesis.regression.web.InboundPalletTest@456d6c1e]" name="verifyInboundpalletCreateSuccefully" class="com.uiFramework.Genesis.regression.web.InboundPalletTest"/>
        <method signature="InboundQATest.verifyToasmsgOnQAPass()[pri:2, instance:com.uiFramework.Genesis.regression.web.InboundQATest@dc9876b]" name="verifyToasmsgOnQAPass" class="com.uiFramework.Genesis.regression.web.InboundQATest"/>
        <method signature="InboundTruckTest.shouldDisplayToastMessageOnCreateTruck()[pri:2, instance:com.uiFramework.Genesis.regression.web.InboundTruckTest@471a9022]" name="shouldDisplayToastMessageOnCreateTruck" class="com.uiFramework.Genesis.regression.web.InboundTruckTest"/>
        <method signature="OutboundPalletTest.shouldCreateOutboundPalletSuccessfully()[pri:2, instance:com.uiFramework.Genesis.regression.web.OutboundPalletTest@2f666ebb]" name="shouldCreateOutboundPalletSuccessfully" class="com.uiFramework.Genesis.regression.web.OutboundPalletTest"/>
        <method signature="OutboundTruckTest.shouldDisplayToastMessageOnCreateObtTruck()[pri:2, instance:com.uiFramework.Genesis.regression.web.OutboundTruckTest@19976a65]" name="shouldDisplayToastMessageOnCreateObtTruck" class="com.uiFramework.Genesis.regression.web.OutboundTruckTest"/>
        <method signature="InboundTruckTest.shouldCheckDefaultCostEstimate()[pri:3, instance:com.uiFramework.Genesis.regression.web.InboundTruckTest@471a9022]" name="shouldCheckDefaultCostEstimate" class="com.uiFramework.Genesis.regression.web.InboundTruckTest"/>
        <method signature="OrderTest.shouldKeepConsigneeDropdownEmptyUntilCustomerSelected()[pri:3, instance:com.uiFramework.Genesis.regression.web.OrderTest@2c78324b]" name="shouldKeepConsigneeDropdownEmptyUntilCustomerSelected" class="com.uiFramework.Genesis.regression.web.OrderTest"/>
        <method signature="OutboundPalletTest.shouldDisplaySelectedWarehouseOrderInGrid()[pri:3, instance:com.uiFramework.Genesis.regression.web.OutboundPalletTest@2f666ebb]" name="shouldDisplaySelectedWarehouseOrderInGrid" class="com.uiFramework.Genesis.regression.web.OutboundPalletTest"/>
        <method signature="ConsigneeQATest.shouldValidateReceivedOrderPiecesWhenMarkSameQtyBtnClicked()[pri:4, instance:com.uiFramework.Genesis.regression.web.ConsigneeQATest@75c56eb9]" name="shouldValidateReceivedOrderPiecesWhenMarkSameQtyBtnClicked" class="com.uiFramework.Genesis.regression.web.ConsigneeQATest"/>
        <method signature="OutboundPalletTest.shouldPerformMergeFunctionOnOutboundPallet()[pri:4, instance:com.uiFramework.Genesis.regression.web.OutboundPalletTest@2f666ebb]" name="shouldPerformMergeFunctionOnOutboundPallet" class="com.uiFramework.Genesis.regression.web.OutboundPalletTest"/>
        <method signature="InboundTruckTest.shouldCreateTruckSuccessfullyAndVerifyTotalPiecesAndPalletQty()[pri:5, instance:com.uiFramework.Genesis.regression.web.InboundTruckTest@471a9022]" name="shouldCreateTruckSuccessfullyAndVerifyTotalPiecesAndPalletQty" class="com.uiFramework.Genesis.regression.web.InboundTruckTest"/>
        <method signature="OrderTest.shouldValidateFullAddressDetails()[pri:5, instance:com.uiFramework.Genesis.regression.web.OrderTest@2c78324b]" name="shouldValidateFullAddressDetails" class="com.uiFramework.Genesis.regression.web.OrderTest"/>
        <method signature="OutboundPalletTest.shouldCreateSinglePalletOnMergeClick()[pri:5, instance:com.uiFramework.Genesis.regression.web.OutboundPalletTest@2f666ebb]" name="shouldCreateSinglePalletOnMergeClick" class="com.uiFramework.Genesis.regression.web.OutboundPalletTest"/>
        <method signature="InboundTruckTest.shouldVerifyTruckStatusAfterTruckCreation()[pri:6, instance:com.uiFramework.Genesis.regression.web.InboundTruckTest@471a9022]" name="shouldVerifyTruckStatusAfterTruckCreation" class="com.uiFramework.Genesis.regression.web.InboundTruckTest"/>
        <method signature="InboundPalletTest.shouldCreateMultiplePallet()[pri:7, instance:com.uiFramework.Genesis.regression.web.InboundPalletTest@456d6c1e]" name="shouldCreateMultiplePallet" class="com.uiFramework.Genesis.regression.web.InboundPalletTest"/>
        <method signature="OrderTest.shouldShowToastWhenConfirmingWithoutWeightOrPieces()[pri:7, instance:com.uiFramework.Genesis.regression.web.OrderTest@2c78324b]" name="shouldShowToastWhenConfirmingWithoutWeightOrPieces" class="com.uiFramework.Genesis.regression.web.OrderTest"/>
        <method signature="OutboundPalletTest.shouldUpdatePalletStatusAfterPalletCreation()[pri:7, instance:com.uiFramework.Genesis.regression.web.OutboundPalletTest@2f666ebb]" name="shouldUpdatePalletStatusAfterPalletCreation" class="com.uiFramework.Genesis.regression.web.OutboundPalletTest"/>
        <method signature="OutboundTruckTest.shouldVerifyAddedPalletWTandPiecesLoadedIntoTruck()[pri:7, instance:com.uiFramework.Genesis.regression.web.OutboundTruckTest@19976a65]" name="shouldVerifyAddedPalletWTandPiecesLoadedIntoTruck" class="com.uiFramework.Genesis.regression.web.OutboundTruckTest"/>
        <method signature="ConsigneeQATest.shouldAllowUserToUploadExcelFile()[pri:8, instance:com.uiFramework.Genesis.regression.web.ConsigneeQATest@75c56eb9]" name="shouldAllowUserToUploadExcelFile" class="com.uiFramework.Genesis.regression.web.ConsigneeQATest"/>
        <method signature="InboundTruckTest.shouldUpdateTruckStatusOnMarkAsArrived()[pri:8, instance:com.uiFramework.Genesis.regression.web.InboundTruckTest@471a9022]" name="shouldUpdateTruckStatusOnMarkAsArrived" class="com.uiFramework.Genesis.regression.web.InboundTruckTest"/>
        <method signature="OrderTest.shouldCalculateRatedWeightAndLitWeightCorrectly()[pri:8, instance:com.uiFramework.Genesis.regression.web.OrderTest@2c78324b]" name="shouldCalculateRatedWeightAndLitWeightCorrectly" class="com.uiFramework.Genesis.regression.web.OrderTest"/>
        <method signature="OutboundPalletTest.shouldAllowEditPalletWithAutoDeletedPallet()[pri:8, instance:com.uiFramework.Genesis.regression.web.OutboundPalletTest@2f666ebb]" name="shouldAllowEditPalletWithAutoDeletedPallet" class="com.uiFramework.Genesis.regression.web.OutboundPalletTest"/>
        <method signature="OutboundTruckTest.shouldRouteOrderEditable()[pri:8, instance:com.uiFramework.Genesis.regression.web.OutboundTruckTest@19976a65]" name="shouldRouteOrderEditable" class="com.uiFramework.Genesis.regression.web.OutboundTruckTest"/>
        <method signature="InboundPalletTest.shouldAddPalletInEditModeWithPiecesAndWeightWithNoPopup()[pri:9, instance:com.uiFramework.Genesis.regression.web.InboundPalletTest@456d6c1e]" name="shouldAddPalletInEditModeWithPiecesAndWeightWithNoPopup" class="com.uiFramework.Genesis.regression.web.InboundPalletTest"/>
        <method signature="InboundQATest.ValidateFilterOnQAListing()[pri:9, instance:com.uiFramework.Genesis.regression.web.InboundQATest@dc9876b]" name="ValidateFilterOnQAListing" class="com.uiFramework.Genesis.regression.web.InboundQATest"/>
        <method signature="InboundTruckTest.shouldDisplayTruckDetailsInEditMode()[pri:9, instance:com.uiFramework.Genesis.regression.web.InboundTruckTest@471a9022]" name="shouldDisplayTruckDetailsInEditMode" class="com.uiFramework.Genesis.regression.web.InboundTruckTest"/>
        <method signature="OrderTest.shouldVerifyDraftOrderStatusAfterSave()[pri:9, instance:com.uiFramework.Genesis.regression.web.OrderTest@2c78324b]" name="shouldVerifyDraftOrderStatusAfterSave" class="com.uiFramework.Genesis.regression.web.OrderTest"/>
        <method signature="OutboundTruckTest.shouldCreateSuccessfullyAndIncreseCountByOne()[pri:9, instance:com.uiFramework.Genesis.regression.web.OutboundTruckTest@19976a65]" name="shouldCreateSuccessfullyAndIncreseCountByOne" class="com.uiFramework.Genesis.regression.web.OutboundTruckTest"/>
        <method signature="ConsigneeQATest.shouldAllowUserToCompleteRequest()[pri:10, instance:com.uiFramework.Genesis.regression.web.ConsigneeQATest@75c56eb9]" name="shouldAllowUserToCompleteRequest" class="com.uiFramework.Genesis.regression.web.ConsigneeQATest"/>
        <method signature="InboundQATest.shouldCheckColumnFilter()[pri:10, instance:com.uiFramework.Genesis.regression.web.InboundQATest@dc9876b]" name="shouldCheckColumnFilter" class="com.uiFramework.Genesis.regression.web.InboundQATest"/>
        <method signature="InboundTruckTest.shouldRemovePalletFromTruckAndUpdateWeightAndEmptyStatus()[pri:10, instance:com.uiFramework.Genesis.regression.web.InboundTruckTest@471a9022]" name="shouldRemovePalletFromTruckAndUpdateWeightAndEmptyStatus" class="com.uiFramework.Genesis.regression.web.InboundTruckTest"/>
        <method signature="OrderTest.shouldGenerateBarcodeAfterOrderConfirmation()[pri:10, instance:com.uiFramework.Genesis.regression.web.OrderTest@2c78324b]" name="shouldGenerateBarcodeAfterOrderConfirmation" class="com.uiFramework.Genesis.regression.web.OrderTest"/>
        <method signature="OutboundPalletTest.shouldCreatePalletAndMaintainCheckboxSelectionAcrossPagination()[pri:10, instance:com.uiFramework.Genesis.regression.web.OutboundPalletTest@2f666ebb]" name="shouldCreatePalletAndMaintainCheckboxSelectionAcrossPagination" class="com.uiFramework.Genesis.regression.web.OutboundPalletTest"/>
        <method signature="OutboundTruckTest.shouldUpdateTruckStatusAfterTruckCreation()[pri:10, instance:com.uiFramework.Genesis.regression.web.OutboundTruckTest@19976a65]" name="shouldUpdateTruckStatusAfterTruckCreation" class="com.uiFramework.Genesis.regression.web.OutboundTruckTest"/>
        <method signature="OrderTest.shouldShowErrorWhenSavingEmptyCustomerAccessorial()[pri:11, instance:com.uiFramework.Genesis.regression.web.OrderTest@2c78324b]" name="shouldShowErrorWhenSavingEmptyCustomerAccessorial" class="com.uiFramework.Genesis.regression.web.OrderTest"/>
        <method signature="InboundTruckTest.shouldAddPalletInEditModeWithCalculations()[pri:12, instance:com.uiFramework.Genesis.regression.web.InboundTruckTest@471a9022]" name="shouldAddPalletInEditModeWithCalculations" class="com.uiFramework.Genesis.regression.web.InboundTruckTest"/>
        <method signature="OrderTest.shouldDeleteCustomerAccessorialSuccessfully()[pri:12, instance:com.uiFramework.Genesis.regression.web.OrderTest@2c78324b]" name="shouldDeleteCustomerAccessorialSuccessfully" class="com.uiFramework.Genesis.regression.web.OrderTest"/>
        <method signature="OutboundPalletTest.shouldDisplayPalletStatusInListingAfterObtPalletCreation()[pri:12, instance:com.uiFramework.Genesis.regression.web.OutboundPalletTest@2f666ebb]" name="shouldDisplayPalletStatusInListingAfterObtPalletCreation" class="com.uiFramework.Genesis.regression.web.OutboundPalletTest"/>
        <method signature="InboundPalletTest.shouldCheckColumnFilter()[pri:13, instance:com.uiFramework.Genesis.regression.web.InboundPalletTest@456d6c1e]" name="shouldCheckColumnFilter" class="com.uiFramework.Genesis.regression.web.InboundPalletTest"/>
        <method signature="InboundQATest.checkQAStatusforInbound()[pri:13, instance:com.uiFramework.Genesis.regression.web.InboundQATest@dc9876b]" name="checkQAStatusforInbound" class="com.uiFramework.Genesis.regression.web.InboundQATest"/>
        <method signature="OrderTest.shouldSaveCustomerAccessorialAfterDeleteAndValidateCarrierValidation()[pri:13, instance:com.uiFramework.Genesis.regression.web.OrderTest@2c78324b]" name="shouldSaveCustomerAccessorialAfterDeleteAndValidateCarrierValidation" class="com.uiFramework.Genesis.regression.web.OrderTest"/>
        <method signature="OutboundPalletTest.shouldAddPalletInEditModeWithPiecesAndWeightWithNoPopup()[pri:13, instance:com.uiFramework.Genesis.regression.web.OutboundPalletTest@2f666ebb]" name="shouldAddPalletInEditModeWithPiecesAndWeightWithNoPopup" class="com.uiFramework.Genesis.regression.web.OutboundPalletTest"/>
        <method signature="OrderTest.shouldAddEditAndDeleteCarrierAccessorialSuccessfully()[pri:14, instance:com.uiFramework.Genesis.regression.web.OrderTest@2c78324b]" name="shouldAddEditAndDeleteCarrierAccessorialSuccessfully" class="com.uiFramework.Genesis.regression.web.OrderTest"/>
        <method signature="InboundPalletTest.shouldApplyFiltersCorrectlyOnInboundPallet(java.util.HashMap)[pri:15, instance:com.uiFramework.Genesis.regression.web.InboundPalletTest@456d6c1e]" name="shouldApplyFiltersCorrectlyOnInboundPallet" class="com.uiFramework.Genesis.regression.web.InboundPalletTest"/>
        <method signature="OrderTest.shouldSaveCarrierAccessorialAfterDeleteAndValidateCommentValidation()[pri:15, instance:com.uiFramework.Genesis.regression.web.OrderTest@2c78324b]" name="shouldSaveCarrierAccessorialAfterDeleteAndValidateCommentValidation" class="com.uiFramework.Genesis.regression.web.OrderTest"/>
        <method signature="OrderTest.shouldSaveTypeAndsubjectReqOnComment()[pri:16, instance:com.uiFramework.Genesis.regression.web.OrderTest@2c78324b]" name="shouldSaveTypeAndsubjectReqOnComment" class="com.uiFramework.Genesis.regression.web.OrderTest"/>
        <method signature="OutboundTruckTest.shouldRemovePalletFromTruckAndUpdateWeightAndEmptyTruckStatus()[pri:16, instance:com.uiFramework.Genesis.regression.web.OutboundTruckTest@19976a65]" name="shouldRemovePalletFromTruckAndUpdateWeightAndEmptyTruckStatus" class="com.uiFramework.Genesis.regression.web.OutboundTruckTest"/>
        <method signature="OrderTest.shouldSaveCommentAfterDelete()[pri:18, instance:com.uiFramework.Genesis.regression.web.OrderTest@2c78324b]" name="shouldSaveCommentAfterDelete" class="com.uiFramework.Genesis.regression.web.OrderTest"/>
        <method signature="InboundPalletTest.shouldApplyColumnFiltersOnCreateInboundPallet()[pri:19, instance:com.uiFramework.Genesis.regression.web.InboundPalletTest@456d6c1e]" name="shouldApplyColumnFiltersOnCreateInboundPallet" class="com.uiFramework.Genesis.regression.web.InboundPalletTest"/>
        <method signature="OrderTest.shouldShowMandatoryFieldOnSaveFiles()[pri:19, instance:com.uiFramework.Genesis.regression.web.OrderTest@2c78324b]" name="shouldShowMandatoryFieldOnSaveFiles" class="com.uiFramework.Genesis.regression.web.OrderTest"/>
        <method signature="OutboundTruckTest.shouldAddPalletInEditModeWithCalculationsAndShouldUpdateStatus()[pri:19, instance:com.uiFramework.Genesis.regression.web.OutboundTruckTest@19976a65]" name="shouldAddPalletInEditModeWithCalculationsAndShouldUpdateStatus" class="com.uiFramework.Genesis.regression.web.OutboundTruckTest"/>
        <method signature="InboundTruckTest.shouldApplyFiltersCorrectlyOnInboundTruck(java.util.HashMap)[pri:20, instance:com.uiFramework.Genesis.regression.web.InboundTruckTest@471a9022]" name="shouldApplyFiltersCorrectlyOnInboundTruck" class="com.uiFramework.Genesis.regression.web.InboundTruckTest"/>
        <method signature="OrderTest.shouldUploadFileAndShowSuccessToast()[pri:20, instance:com.uiFramework.Genesis.regression.web.OrderTest@2c78324b]" name="shouldUploadFileAndShowSuccessToast" class="com.uiFramework.Genesis.regression.web.OrderTest"/>
        <method signature="InboundTruckTest.shouldApplyColumnFilterCorrectlyOnInboundTruck()[pri:21, instance:com.uiFramework.Genesis.regression.web.InboundTruckTest@471a9022]" name="shouldApplyColumnFilterCorrectlyOnInboundTruck" class="com.uiFramework.Genesis.regression.web.InboundTruckTest"/>
        <method signature="InboundTruckTest.shouldApplyColumnFilterCorrectlyOnInboundTruckCreate()[pri:22, instance:com.uiFramework.Genesis.regression.web.InboundTruckTest@471a9022]" name="shouldApplyColumnFilterCorrectlyOnInboundTruckCreate" class="com.uiFramework.Genesis.regression.web.InboundTruckTest"/>
        <method signature="OrderTest.shouldMatchOrderDetailsOnListingPage()[pri:22, instance:com.uiFramework.Genesis.regression.web.OrderTest@2c78324b]" name="shouldMatchOrderDetailsOnListingPage" class="com.uiFramework.Genesis.regression.web.OrderTest"/>
        <method signature="OrderTest.shouldValidateTotalPiecesAndWeightOnListingPage()[pri:23, instance:com.uiFramework.Genesis.regression.web.OrderTest@2c78324b]" name="shouldValidateTotalPiecesAndWeightOnListingPage" class="com.uiFramework.Genesis.regression.web.OrderTest"/>
        <method signature="InboundTruckTest.shouldCheckMandateFiledForImportTruck()[pri:24, instance:com.uiFramework.Genesis.regression.web.InboundTruckTest@471a9022]" name="shouldCheckMandateFiledForImportTruck" class="com.uiFramework.Genesis.regression.web.InboundTruckTest"/>
        <method signature="InboundTruckTest.shouldCreateBulkInboundTruck()[pri:25, instance:com.uiFramework.Genesis.regression.web.InboundTruckTest@471a9022]" name="shouldCreateBulkInboundTruck" class="com.uiFramework.Genesis.regression.web.InboundTruckTest"/>
        <method signature="OutboundTruckTest.shouldApplyFiltersCorrectlyOnOutboundTruck(java.util.HashMap)[pri:28, instance:com.uiFramework.Genesis.regression.web.OutboundTruckTest@19976a65]" name="shouldApplyFiltersCorrectlyOnOutboundTruck" class="com.uiFramework.Genesis.regression.web.OutboundTruckTest"/>
        <method signature="OutboundTruckTest.shouldApplyColumnFilterForOutboundTruck()[pri:29, instance:com.uiFramework.Genesis.regression.web.OutboundTruckTest@19976a65]" name="shouldApplyColumnFilterForOutboundTruck" class="com.uiFramework.Genesis.regression.web.OutboundTruckTest"/>
        <method signature="OutboundTruckTest.shouldApplyColumnFilterOnOutboundTruckCreatePage()[pri:30, instance:com.uiFramework.Genesis.regression.web.OutboundTruckTest@19976a65]" name="shouldApplyColumnFilterOnOutboundTruckCreatePage" class="com.uiFramework.Genesis.regression.web.OutboundTruckTest"/>
        <method signature="OrderTest.shouldCheckColumnFilter()[pri:36, instance:com.uiFramework.Genesis.regression.web.OrderTest@2c78324b]" name="shouldCheckColumnFilter" class="com.uiFramework.Genesis.regression.web.OrderTest"/>
      </group> <!-- smoke -->
      <group name="Smoke">
        <method signature="UpdateTrackingTest.shouldShowErrorMessageIfReqFieldNotSelected()[pri:1, instance:com.uiFramework.Genesis.regression.web.UpdateTrackingTest@a1f72f5]" name="shouldShowErrorMessageIfReqFieldNotSelected" class="com.uiFramework.Genesis.regression.web.UpdateTrackingTest"/>
        <method signature="UpdateTrackingTest.shouldShowErrorMessageIfReqSelectedButTrackingNoNotEntered()[pri:2, instance:com.uiFramework.Genesis.regression.web.UpdateTrackingTest@a1f72f5]" name="shouldShowErrorMessageIfReqSelectedButTrackingNoNotEntered" class="com.uiFramework.Genesis.regression.web.UpdateTrackingTest"/>
        <method signature="DocQueueTest.shouldShowErrorMessageIfRequiredFieldNotSelected()[pri:3, instance:com.uiFramework.Genesis.regression.web.DocQueueTest@4b2c5e02]" name="shouldShowErrorMessageIfRequiredFieldNotSelected" class="com.uiFramework.Genesis.regression.web.DocQueueTest"/>
        <method signature="UpdateTrackingTest.shouldRecErrMsgIfReqTrkNoSelButETAIsNotEnter()[pri:3, instance:com.uiFramework.Genesis.regression.web.UpdateTrackingTest@a1f72f5]" name="shouldRecErrMsgIfReqTrkNoSelButETAIsNotEnter" class="com.uiFramework.Genesis.regression.web.UpdateTrackingTest"/>
        <method signature="UpdateTrackingTest.shouldAbleToUpdateTrackinIdOfReq()[pri:4, instance:com.uiFramework.Genesis.regression.web.UpdateTrackingTest@a1f72f5]" name="shouldAbleToUpdateTrackinIdOfReq" class="com.uiFramework.Genesis.regression.web.UpdateTrackingTest"/>
        <method signature="UpdateTrackingTest.shouldAllowUserToDownloadExcelOfGridData()[pri:6, instance:com.uiFramework.Genesis.regression.web.UpdateTrackingTest@a1f72f5]" name="shouldAllowUserToDownloadExcelOfGridData" class="com.uiFramework.Genesis.regression.web.UpdateTrackingTest"/>
        <method signature="UpdateTrackingTest.shouldAllowUpdateWithValidData()[pri:10, instance:com.uiFramework.Genesis.regression.web.UpdateTrackingTest@a1f72f5]" name="shouldAllowUpdateWithValidData" class="com.uiFramework.Genesis.regression.web.UpdateTrackingTest"/>
        <method signature="DocQueueTest.shouldRetrieveDocumentsForMainOrder()[pri:16, instance:com.uiFramework.Genesis.regression.web.DocQueueTest@4b2c5e02]" name="shouldRetrieveDocumentsForMainOrder" class="com.uiFramework.Genesis.regression.web.DocQueueTest"/>
        <method signature="DocQueueTest.shouldCheckColumnFilterOnSplitPOD()[pri:17, instance:com.uiFramework.Genesis.regression.web.DocQueueTest@4b2c5e02]" name="shouldCheckColumnFilterOnSplitPOD" class="com.uiFramework.Genesis.regression.web.DocQueueTest"/>
        <method signature="OrderTest.shouldCheckPDFDownloadedOnOrderPage()[pri:37, instance:com.uiFramework.Genesis.regression.web.OrderTest@2c78324b]" name="shouldCheckPDFDownloadedOnOrderPage" class="com.uiFramework.Genesis.regression.web.OrderTest"/>
        <method signature="OrderTest.shouldCheckExcelDownloadedOnOrderPage()[pri:38, instance:com.uiFramework.Genesis.regression.web.OrderTest@2c78324b]" name="shouldCheckExcelDownloadedOnOrderPage" class="com.uiFramework.Genesis.regression.web.OrderTest"/>
      </group> <!-- Smoke -->
    </groups>
    <test started-at="2026-01-23T16:15:36 IST" name="regression" finished-at="2026-01-23T17:13:28 IST" duration-ms="3471378">
      <class name="com.uiFramework.Genesis.regression.web.InboundTruckTest">
        <test-method is-config="true" signature="befreclass()[pri:0, instance:com.uiFramework.Genesis.regression.web.InboundTruckTest@471a9022]" started-at="2026-01-23T16:40:00 IST" name="befreclass" finished-at="2026-01-23T16:40:00 IST" duration-ms="1" status="PASS">
          <reporter-output>
          </reporter-output>
        </test-method> <!-- befreclass -->
        <test-method signature="shouldVerifyPalletAvailableToAddInTruck()[pri:1, instance:com.uiFramework.Genesis.regression.web.InboundTruckTest@471a9022]" started-at="2026-01-23T16:40:00 IST" name="shouldVerifyPalletAvailableToAddInTruck" finished-at="2026-01-23T16:40:12 IST" duration-ms="11727" status="PASS">
          <reporter-output>
          </reporter-output>
        </test-method> <!-- shouldVerifyPalletAvailableToAddInTruck -->
        <test-method signature="shouldDisplayToastMessageOnCreateTruck()[pri:2, instance:com.uiFramework.Genesis.regression.web.InboundTruckTest@471a9022]" started-at="2026-01-23T16:40:12 IST" name="shouldDisplayToastMessageOnCreateTruck" finished-at="2026-01-23T16:40:37 IST" duration-ms="25348" status="PASS">
          <reporter-output>
          </reporter-output>
        </test-method> <!-- shouldDisplayToastMessageOnCreateTruck -->
        <test-method signature="shouldCheckDefaultCostEstimate()[pri:3, instance:com.uiFramework.Genesis.regression.web.InboundTruckTest@471a9022]" started-at="2026-01-23T16:40:37 IST" name="shouldCheckDefaultCostEstimate" finished-at="2026-01-23T16:40:45 IST" duration-ms="7293" status="PASS">
          <reporter-output>
          </reporter-output>
        </test-method> <!-- shouldCheckDefaultCostEstimate -->
        <test-method signature="shouldCheckOrderProcessShowcorrect()[pri:4, instance:com.uiFramework.Genesis.regression.web.InboundTruckTest@471a9022]" started-at="2026-01-23T16:40:45 IST" name="shouldCheckOrderProcessShowcorrect" finished-at="2026-01-23T16:40:48 IST" depends-on-methods="com.uiFramework.Genesis.regression.web.InboundTruckTest.shouldCheckDefaultCostEstimate" duration-ms="3000" status="PASS">
          <reporter-output>
          </reporter-output>
        </test-method> <!-- shouldCheckOrderProcessShowcorrect -->
        <test-method signature="shouldCreateTruckSuccessfullyAndVerifyTotalPiecesAndPalletQty()[pri:5, instance:com.uiFramework.Genesis.regression.web.InboundTruckTest@471a9022]" started-at="2026-01-23T16:40:48 IST" name="shouldCreateTruckSuccessfullyAndVerifyTotalPiecesAndPalletQty" finished-at="2026-01-23T16:41:12 IST" depends-on-methods="com.uiFramework.Genesis.regression.web.InboundTruckTest.shouldCheckDefaultCostEstimate" duration-ms="24157" status="PASS">
          <reporter-output>
          </reporter-output>
        </test-method> <!-- shouldCreateTruckSuccessfullyAndVerifyTotalPiecesAndPalletQty -->
        <test-method signature="shouldVerifyTruckStatusAfterTruckCreation()[pri:6, instance:com.uiFramework.Genesis.regression.web.InboundTruckTest@471a9022]" started-at="2026-01-23T16:41:12 IST" name="shouldVerifyTruckStatusAfterTruckCreation" finished-at="2026-01-23T16:41:12 IST" depends-on-methods="com.uiFramework.Genesis.regression.web.InboundTruckTest.shouldCreateTruckSuccessfullyAndVerifyTotalPiecesAndPalletQty" duration-ms="54" status="PASS">
          <reporter-output>
          </reporter-output>
        </test-method> <!-- shouldVerifyTruckStatusAfterTruckCreation -->
        <test-method signature="shouldMatchCreatedTruckDetails()[pri:7, instance:com.uiFramework.Genesis.regression.web.InboundTruckTest@471a9022]" started-at="2026-01-23T16:41:12 IST" name="shouldMatchCreatedTruckDetails" finished-at="2026-01-23T16:41:35 IST" duration-ms="23069" status="PASS">
          <reporter-output>
          </reporter-output>
        </test-method> <!-- shouldMatchCreatedTruckDetails -->
        <test-method signature="shouldUpdateTruckStatusOnMarkAsArrived()[pri:8, instance:com.uiFramework.Genesis.regression.web.InboundTruckTest@471a9022]" started-at="2026-01-23T16:41:35 IST" name="shouldUpdateTruckStatusOnMarkAsArrived" finished-at="2026-01-23T16:41:46 IST" duration-ms="11316" status="PASS">
          <reporter-output>
          </reporter-output>
        </test-method> <!-- shouldUpdateTruckStatusOnMarkAsArrived -->
        <test-method signature="shouldDisplayTruckDetailsInEditMode()[pri:9, instance:com.uiFramework.Genesis.regression.web.InboundTruckTest@471a9022]" started-at="2026-01-23T16:41:46 IST" name="shouldDisplayTruckDetailsInEditMode" finished-at="2026-01-23T16:41:50 IST" duration-ms="3428" status="PASS">
          <reporter-output>
          </reporter-output>
        </test-method> <!-- shouldDisplayTruckDetailsInEditMode -->
        <test-method signature="shouldRemovePalletFromTruckAndUpdateWeightAndEmptyStatus()[pri:10, instance:com.uiFramework.Genesis.regression.web.InboundTruckTest@471a9022]" started-at="2026-01-23T16:41:50 IST" name="shouldRemovePalletFromTruckAndUpdateWeightAndEmptyStatus" finished-at="2026-01-23T16:42:03 IST" duration-ms="13031" status="PASS">
          <reporter-output>
          </reporter-output>
        </test-method> <!-- shouldRemovePalletFromTruckAndUpdateWeightAndEmptyStatus -->
        <test-method signature="shouldMakeRemovedPalletAvailableToAddInInboundCreateTruck()[pri:11, instance:com.uiFramework.Genesis.regression.web.InboundTruckTest@471a9022]" started-at="2026-01-23T16:42:03 IST" name="shouldMakeRemovedPalletAvailableToAddInInboundCreateTruck" finished-at="2026-01-23T16:42:20 IST" depends-on-methods="com.uiFramework.Genesis.regression.web.InboundTruckTest.shouldRemovePalletFromTruckAndUpdateWeightAndEmptyStatus" duration-ms="17289" status="FAIL">
          <exception class="org.openqa.selenium.TimeoutException">
            <message>
              <![CDATA[Expected condition failed: waiting for element to be clickable: By.id: inboundTruckCreateNewTruckBtn (tried for 10 second(s) with 250 milliseconds interval)
Build info: version: '4.12.0', revision: '249f2a7d1b*'
System info: os.name: 'Windows 10', os.arch: 'amd64', os.version: '10.0', java.version: '17.0.10'
Driver info: org.openqa.selenium.chrome.ChromeDriver
Capabilities {acceptInsecureCerts: false, browserName: chrome, browserVersion: 144.0.7559.59, chrome: {chromedriverVersion: 144.0.7559.96 (d7b80622cfab..., userDataDir: C:\Users\EMP256\AppData\Loc...}, fedcm:accounts: true, goog:chromeOptions: {debuggerAddress: localhost:58092}, goog:processID: 159932, networkConnectionEnabled: false, pageLoadStrategy: normal, platformName: windows, proxy: Proxy(), se:cdp: ws://localhost:58092/devtoo..., se:cdpVersion: 144.0.7559.59, setWindowRect: true, strictFileInteractability: false, timeouts: {implicit: 0, pageLoad: 300000, script: 30000}, unhandledPromptBehavior: dismiss and notify, webauthn:extension:credBlob: true, webauthn:extension:largeBlob: true, webauthn:extension:minPinLength: true, webauthn:extension:prf: true, webauthn:virtualAuthenticators: true}
Session ID: a7342d11877bd349109176d7eb767e88]]>
            </message>
            <full-stacktrace>
              <![CDATA[org.openqa.selenium.TimeoutException: Expected condition failed: waiting for element to be clickable: By.id: inboundTruckCreateNewTruckBtn (tried for 10 second(s) with 250 milliseconds interval)
Build info: version: '4.12.0', revision: '249f2a7d1b*'
System info: os.name: 'Windows 10', os.arch: 'amd64', os.version: '10.0', java.version: '17.0.10'
Driver info: org.openqa.selenium.chrome.ChromeDriver
Capabilities {acceptInsecureCerts: false, browserName: chrome, browserVersion: 144.0.7559.59, chrome: {chromedriverVersion: 144.0.7559.96 (d7b80622cfab..., userDataDir: C:\Users\EMP256\AppData\Loc...}, fedcm:accounts: true, goog:chromeOptions: {debuggerAddress: localhost:58092}, goog:processID: 159932, networkConnectionEnabled: false, pageLoadStrategy: normal, platformName: windows, proxy: Proxy(), se:cdp: ws://localhost:58092/devtoo..., se:cdpVersion: 144.0.7559.59, setWindowRect: true, strictFileInteractability: false, timeouts: {implicit: 0, pageLoad: 300000, script: 30000}, unhandledPromptBehavior: dismiss and notify, webauthn:extension:credBlob: true, webauthn:extension:largeBlob: true, webauthn:extension:minPinLength: true, webauthn:extension:prf: true, webauthn:virtualAuthenticators: true}
Session ID: a7342d11877bd349109176d7eb767e88
at org.openqa.selenium.support.ui.WebDriverWait.timeoutException(WebDriverWait.java:84)
at org.openqa.selenium.support.ui.FluentWait.until(FluentWait.java:230)
at com.uiFramework.Genesis.helper.WaitHelper.waitForElementClickable(WaitHelper.java:127)
at com.uiFramework.Genesis.helper.WaitHelper.waitToClick(WaitHelper.java:171)
at com.uiFramework.Genesis.web.pages.InbTruckPage.createTruck(InbTruckPage.java:251)
at com.uiFramework.Genesis.regression.web.InboundTruckTest.shouldMakeRemovedPalletAvailableToAddInInboundCreateTruck(InboundTruckTest.java:161)
at java.base/jdk.internal.reflect.NativeMethodAccessorImpl.invoke0(Native Method)
at java.base/jdk.internal.reflect.NativeMethodAccessorImpl.invoke(NativeMethodAccessorImpl.java:77)
at java.base/jdk.internal.reflect.DelegatingMethodAccessorImpl.invoke(DelegatingMethodAccessorImpl.java:43)
at java.base/java.lang.reflect.Method.invoke(Method.java:568)
at org.testng.internal.invokers.MethodInvocationHelper.invokeMethod(MethodInvocationHelper.java:141)
at org.testng.internal.invokers.TestInvoker.invokeMethod(TestInvoker.java:686)
at org.testng.internal.invokers.TestInvoker.invokeTestMethod(TestInvoker.java:230)
at org.testng.internal.invokers.MethodRunner.runInSequence(MethodRunner.java:63)
at org.testng.internal.invokers.TestInvoker$MethodInvocationAgent.invoke(TestInvoker.java:992)
at org.testng.internal.invokers.TestInvoker.invokeTestMethods(TestInvoker.java:203)
at org.testng.internal.invokers.TestMethodWorker.invokeTestMethods(TestMethodWorker.java:154)
at org.testng.internal.invokers.TestMethodWorker.run(TestMethodWorker.java:134)
at java.base/java.util.ArrayList.forEach(ArrayList.java:1511)
at org.testng.TestRunner.privateRun(TestRunner.java:739)
at org.testng.TestRunner.run(TestRunner.java:614)
at org.testng.SuiteRunner.runTest(SuiteRunner.java:421)
at org.testng.SuiteRunner.runSequentially(SuiteRunner.java:413)
at org.testng.SuiteRunner.privateRun(SuiteRunner.java:373)
at org.testng.SuiteRunner.run(SuiteRunner.java:312)
at org.testng.SuiteRunnerWorker.runSuite(SuiteRunnerWorker.java:52)
at org.testng.SuiteRunnerWorker.run(SuiteRunnerWorker.java:95)
at org.testng.TestNG.runSuitesSequentially(TestNG.java:1274)
at org.testng.TestNG.runSuitesLocally(TestNG.java:1208)
at org.testng.TestNG.runSuites(TestNG.java:1112)
at org.testng.TestNG.run(TestNG.java:1079)
at org.testng.remote.AbstractRemoteTestNG.run(AbstractRemoteTestNG.java:115)
at org.testng.remote.RemoteTestNG.initAndRun(RemoteTestNG.java:293)
at org.testng.remote.RemoteTestNG.main(RemoteTestNG.java:91)
]]>
            </full-stacktrace>
          </exception> <!-- org.openqa.selenium.TimeoutException -->
          <reporter-output>
          </reporter-output>
        </test-method> <!-- shouldMakeRemovedPalletAvailableToAddInInboundCreateTruck -->
        <test-method signature="shouldAddPalletInEditModeWithCalculations()[pri:12, instance:com.uiFramework.Genesis.regression.web.InboundTruckTest@471a9022]" started-at="2026-01-23T16:42:20 IST" name="shouldAddPalletInEditModeWithCalculations" finished-at="2026-01-23T16:42:33 IST" duration-ms="13165" status="PASS">
          <reporter-output>
          </reporter-output>
        </test-method> <!-- shouldAddPalletInEditModeWithCalculations -->
        <test-method signature="shouldNotAllowAddingPalletToCreateTruck()[pri:13, instance:com.uiFramework.Genesis.regression.web.InboundTruckTest@471a9022]" started-at="2026-01-23T16:42:33 IST" name="shouldNotAllowAddingPalletToCreateTruck" finished-at="2026-01-23T16:42:50 IST" depends-on-methods="com.uiFramework.Genesis.regression.web.InboundTruckTest.shouldAddPalletInEditModeWithCalculations" duration-ms="17054" status="PASS">
          <reporter-output>
          </reporter-output>
        </test-method> <!-- shouldNotAllowAddingPalletToCreateTruck -->
        <test-method signature="shouldDeleteTruckAndMakePalletAvailableToAddInInboundTruck()[pri:14, instance:com.uiFramework.Genesis.regression.web.InboundTruckTest@471a9022]" started-at="2026-01-23T16:42:50 IST" name="shouldDeleteTruckAndMakePalletAvailableToAddInInboundTruck" finished-at="2026-01-23T16:43:13 IST" duration-ms="22853" status="PASS">
          <reporter-output>
          </reporter-output>
        </test-method> <!-- shouldDeleteTruckAndMakePalletAvailableToAddInInboundTruck -->
        <test-method signature="shouldCreateEmptyInboundTruck()[pri:15, instance:com.uiFramework.Genesis.regression.web.InboundTruckTest@471a9022]" started-at="2026-01-23T16:43:13 IST" name="shouldCreateEmptyInboundTruck" finished-at="2026-01-23T16:43:37 IST" duration-ms="24349" status="PASS">
          <reporter-output>
          </reporter-output>
        </test-method> <!-- shouldCreateEmptyInboundTruck -->
        <test-method signature="shouldVerifyEmptyTruckQtyAndStatus()[pri:16, instance:com.uiFramework.Genesis.regression.web.InboundTruckTest@471a9022]" started-at="2026-01-23T16:43:37 IST" name="shouldVerifyEmptyTruckQtyAndStatus" finished-at="2026-01-23T16:43:38 IST" depends-on-methods="com.uiFramework.Genesis.regression.web.InboundTruckTest.shouldCreateEmptyInboundTruck" duration-ms="115" status="PASS">
          <reporter-output>
          </reporter-output>
        </test-method> <!-- shouldVerifyEmptyTruckQtyAndStatus -->
        <test-method signature="shouldUpdateOrderStatusWhenTruckLoaded()[pri:17, instance:com.uiFramework.Genesis.regression.web.InboundTruckTest@471a9022]" started-at="2026-01-23T16:43:38 IST" name="shouldUpdateOrderStatusWhenTruckLoaded" finished-at="2026-01-23T16:44:23 IST" duration-ms="45509" status="FAIL">
          <exception class="org.openqa.selenium.TimeoutException">
            <message>
              <![CDATA[Expected condition failed: waiting for element to be clickable: By.xpath: (//*[@data-testid='CloseIcon'])[2] (tried for 30 second(s) with 250 milliseconds interval)
Build info: version: '4.12.0', revision: '249f2a7d1b*'
System info: os.name: 'Windows 10', os.arch: 'amd64', os.version: '10.0', java.version: '17.0.10'
Driver info: org.openqa.selenium.chrome.ChromeDriver
Capabilities {acceptInsecureCerts: false, browserName: chrome, browserVersion: 144.0.7559.59, chrome: {chromedriverVersion: 144.0.7559.96 (d7b80622cfab..., userDataDir: C:\Users\EMP256\AppData\Loc...}, fedcm:accounts: true, goog:chromeOptions: {debuggerAddress: localhost:58092}, goog:processID: 159932, networkConnectionEnabled: false, pageLoadStrategy: normal, platformName: windows, proxy: Proxy(), se:cdp: ws://localhost:58092/devtoo..., se:cdpVersion: 144.0.7559.59, setWindowRect: true, strictFileInteractability: false, timeouts: {implicit: 0, pageLoad: 300000, script: 30000}, unhandledPromptBehavior: dismiss and notify, webauthn:extension:credBlob: true, webauthn:extension:largeBlob: true, webauthn:extension:minPinLength: true, webauthn:extension:prf: true, webauthn:virtualAuthenticators: true}
Session ID: a7342d11877bd349109176d7eb767e88]]>
            </message>
            <full-stacktrace>
              <![CDATA[org.openqa.selenium.TimeoutException: Expected condition failed: waiting for element to be clickable: By.xpath: (//*[@data-testid='CloseIcon'])[2] (tried for 30 second(s) with 250 milliseconds interval)
Build info: version: '4.12.0', revision: '249f2a7d1b*'
System info: os.name: 'Windows 10', os.arch: 'amd64', os.version: '10.0', java.version: '17.0.10'
Driver info: org.openqa.selenium.chrome.ChromeDriver
Capabilities {acceptInsecureCerts: false, browserName: chrome, browserVersion: 144.0.7559.59, chrome: {chromedriverVersion: 144.0.7559.96 (d7b80622cfab..., userDataDir: C:\Users\EMP256\AppData\Loc...}, fedcm:accounts: true, goog:chromeOptions: {debuggerAddress: localhost:58092}, goog:processID: 159932, networkConnectionEnabled: false, pageLoadStrategy: normal, platformName: windows, proxy: Proxy(), se:cdp: ws://localhost:58092/devtoo..., se:cdpVersion: 144.0.7559.59, setWindowRect: true, strictFileInteractability: false, timeouts: {implicit: 0, pageLoad: 300000, script: 30000}, unhandledPromptBehavior: dismiss and notify, webauthn:extension:credBlob: true, webauthn:extension:largeBlob: true, webauthn:extension:minPinLength: true, webauthn:extension:prf: true, webauthn:virtualAuthenticators: true}
Session ID: a7342d11877bd349109176d7eb767e88
at org.openqa.selenium.support.ui.WebDriverWait.timeoutException(WebDriverWait.java:84)
at org.openqa.selenium.support.ui.FluentWait.until(FluentWait.java:230)
at com.uiFramework.Genesis.helper.WaitHelper.waitForElementClickable(WaitHelper.java:127)
at com.uiFramework.Genesis.helper.WaitHelper.waitToClick(WaitHelper.java:171)
at com.uiFramework.Genesis.web.pages.InbTruckPage.getOrderno(InbTruckPage.java:1051)
at com.uiFramework.Genesis.regression.web.InboundTruckTest.shouldUpdateOrderStatusWhenTruckLoaded(InboundTruckTest.java:233)
at java.base/jdk.internal.reflect.NativeMethodAccessorImpl.invoke0(Native Method)
at java.base/jdk.internal.reflect.NativeMethodAccessorImpl.invoke(NativeMethodAccessorImpl.java:77)
at java.base/jdk.internal.reflect.DelegatingMethodAccessorImpl.invoke(DelegatingMethodAccessorImpl.java:43)
at java.base/java.lang.reflect.Method.invoke(Method.java:568)
at org.testng.internal.invokers.MethodInvocationHelper.invokeMethod(MethodInvocationHelper.java:141)
at org.testng.internal.invokers.TestInvoker.invokeMethod(TestInvoker.java:686)
at org.testng.internal.invokers.TestInvoker.invokeTestMethod(TestInvoker.java:230)
at org.testng.internal.invokers.MethodRunner.runInSequence(MethodRunner.java:63)
at org.testng.internal.invokers.TestInvoker$MethodInvocationAgent.invoke(TestInvoker.java:992)
at org.testng.internal.invokers.TestInvoker.invokeTestMethods(TestInvoker.java:203)
at org.testng.internal.invokers.TestMethodWorker.invokeTestMethods(TestMethodWorker.java:154)
at org.testng.internal.invokers.TestMethodWorker.run(TestMethodWorker.java:134)
at java.base/java.util.ArrayList.forEach(ArrayList.java:1511)
at org.testng.TestRunner.privateRun(TestRunner.java:739)
at org.testng.TestRunner.run(TestRunner.java:614)
at org.testng.SuiteRunner.runTest(SuiteRunner.java:421)
at org.testng.SuiteRunner.runSequentially(SuiteRunner.java:413)
at org.testng.SuiteRunner.privateRun(SuiteRunner.java:373)
at org.testng.SuiteRunner.run(SuiteRunner.java:312)
at org.testng.SuiteRunnerWorker.runSuite(SuiteRunnerWorker.java:52)
at org.testng.SuiteRunnerWorker.run(SuiteRunnerWorker.java:95)
at org.testng.TestNG.runSuitesSequentially(TestNG.java:1274)
at org.testng.TestNG.runSuitesLocally(TestNG.java:1208)
at org.testng.TestNG.runSuites(TestNG.java:1112)
at org.testng.TestNG.run(TestNG.java:1079)
at org.testng.remote.AbstractRemoteTestNG.run(AbstractRemoteTestNG.java:115)
at org.testng.remote.RemoteTestNG.initAndRun(RemoteTestNG.java:293)
at org.testng.remote.RemoteTestNG.main(RemoteTestNG.java:91)
]]>
            </full-stacktrace>
          </exception> <!-- org.openqa.selenium.TimeoutException -->
          <reporter-output>
          </reporter-output>
        </test-method> <!-- shouldUpdateOrderStatusWhenTruckLoaded -->
        <test-method signature="shouldNotDeleteTruckIfQADone()[pri:18, instance:com.uiFramework.Genesis.regression.web.InboundTruckTest@471a9022]" started-at="2026-01-23T16:44:23 IST" name="shouldNotDeleteTruckIfQADone" finished-at="2026-01-23T16:44:31 IST" duration-ms="7710" status="PASS">
          <reporter-output>
          </reporter-output>
        </test-method> <!-- shouldNotDeleteTruckIfQADone -->
        <test-method signature="shouldNotAllowEditPalletIfQADone()[pri:19, instance:com.uiFramework.Genesis.regression.web.InboundTruckTest@471a9022]" started-at="2026-01-23T16:44:31 IST" name="shouldNotAllowEditPalletIfQADone" finished-at="2026-01-23T16:44:38 IST" duration-ms="7291" status="PASS">
          <reporter-output>
          </reporter-output>
        </test-method> <!-- shouldNotAllowEditPalletIfQADone -->
        <test-method signature="shouldApplyFiltersCorrectlyOnInboundTruck(java.util.HashMap)[pri:20, instance:com.uiFramework.Genesis.regression.web.InboundTruckTest@471a9022]" started-at="2026-01-23T16:44:38 IST" name="shouldApplyFiltersCorrectlyOnInboundTruck" data-provider="getData" finished-at="2026-01-23T16:44:55 IST" duration-ms="16610" status="FAIL">
          <params>
            <param index="0">
              <value>
                <![CDATA[{orderType=order1-50, palletQty=9, consigneename=Ashley Nguyen - 833, WaveNumber=WAVE-7890, data=Resopnse number-102912 and Instructions, litDimWeight=30, subject=data, three=3, zero=0, litDimWeightBlankError=Lit. Dim. Weight should not be blank., dimWeightError=Dim. Weight XYZ should have only numeric value., price=56, Importexceltwoorder=Importexceltwoorder.xlsx, customerpurdue=Purdue, text=New price added, dimWeightNegativeError=Dim. Weight -9 should be greater than 0., state=CA, price2=66, alphanumeric=AB-12test, zip=110021, actWeight=10, Importexcelreconsignment=Importexcelreconsignment.xlsx, EmptyTruck=waiting for load, dimWeightBlankError=Dim. Weight should not be blank., distvalue=Global Supplies Inc., decanconsignee=Andrew mark, Daytonwarehouse=Dayton Distribution Hub, Filename=Dimensional Weight Format Data, ordertypedecan=Delivery Base, litWeight=25, thirdparty=Blue Dart, litDimWeightError=Lit. Dim. Weight XYZ should have only numeric value., filename=update price, custaccess=2-Day Move (48hrs), litPieces=5, Warehouse=Bensenville Facility, defaultCost=0.00, litDimWeightNegativeError=Lit. Dim. Weight -9 should be greater than 0., ArrivedStatus=Arrived, LTL=13234 - Schneider National, city=Phoenix, Importexceloneorder=Importexceloneorder.xlsx, description=Default, carraccess=170 - 24 HOUR EXPRESS, greenconsignee=Green Valley Imports, pickupaddress=Pfizer: 410 East Grant Line Road,AMT Newyork,9537, Palletstatus=Waiting for Load, pieces=10, palletQtyzero=0, qapending=QA Pending, pickuplocation=Pfizer: 410 East Grant Line Road,AMT Newyork,9537, Numbers=19627224408691320110341568514152487869715549168578683247586979136874137817675654734697895683666244041, OrderNote=Special instructions for delivery, value=10, distaddress=Global Supplies Inc.: 1200 Supply Chain Rd., Roanoke Roslyn Heights, 2139, newcomment=Test, purdueadd=Purdue: 500 Distribution Blvd, cost=2, address=1020 street rd, duplicateordnum=Duplicate customer order number, one=1, commenttype=Complaints, QAdone=QA Done, purdueconsignee=Benjamin Garcia, emergencynum=7867897678, ordersource=Distributor, Loadstatus=truck loaded, purdueordertype=Order1-100, truckLoadstatus=Truck Loaded, ParentOrderNumber=PARENT-54321, dimWeight=20, SapOrderNumber=SAP-12345, instruction=Data should be proper, duedate=12-27-2025, Notdeleted=Inbound Truck Load Pending, comment=qwerty, custname=Deccan, customer=Pfizer}]]>
              </value>
            </param>
          </params>
          <exception class="org.openqa.selenium.NoSuchElementException">
            <message>
              <![CDATA[no such element: Unable to locate element: {"method":"xpath","selector":"//*[@id='panel1bh-content']//thead//tr[1]//th[10]//*[@class='p-column-title']"}
  (Session info: chrome=144.0.7559.59)
For documentation on this error, please visit: https://www.selenium.dev/documentation/webdriver/troubleshooting/errors#no-such-element-exception
Build info: version: '4.12.0', revision: '249f2a7d1b*'
System info: os.name: 'Windows 10', os.arch: 'amd64', os.version: '10.0', java.version: '17.0.10'
Driver info: org.openqa.selenium.chrome.ChromeDriver
Command: [a7342d11877bd349109176d7eb767e88, findElement {using=xpath, value=//*[@id='panel1bh-content']//thead//tr[1]//th[10]//*[@class='p-column-title']}]
Capabilities {acceptInsecureCerts: false, browserName: chrome, browserVersion: 144.0.7559.59, chrome: {chromedriverVersion: 144.0.7559.96 (d7b80622cfab..., userDataDir: C:\Users\EMP256\AppData\Loc...}, fedcm:accounts: true, goog:chromeOptions: {debuggerAddress: localhost:58092}, goog:processID: 159932, networkConnectionEnabled: false, pageLoadStrategy: normal, platformName: windows, proxy: Proxy(), se:cdp: ws://localhost:58092/devtoo..., se:cdpVersion: 144.0.7559.59, setWindowRect: true, strictFileInteractability: false, timeouts: {implicit: 0, pageLoad: 300000, script: 30000}, unhandledPromptBehavior: dismiss and notify, webauthn:extension:credBlob: true, webauthn:extension:largeBlob: true, webauthn:extension:minPinLength: true, webauthn:extension:prf: true, webauthn:virtualAuthenticators: true}
Session ID: a7342d11877bd349109176d7eb767e88]]>
            </message>
            <full-stacktrace>
              <![CDATA[org.openqa.selenium.NoSuchElementException: no such element: Unable to locate element: {"method":"xpath","selector":"//*[@id='panel1bh-content']//thead//tr[1]//th[10]//*[@class='p-column-title']"}
  (Session info: chrome=144.0.7559.59)
For documentation on this error, please visit: https://www.selenium.dev/documentation/webdriver/troubleshooting/errors#no-such-element-exception
Build info: version: '4.12.0', revision: '249f2a7d1b*'
System info: os.name: 'Windows 10', os.arch: 'amd64', os.version: '10.0', java.version: '17.0.10'
Driver info: org.openqa.selenium.chrome.ChromeDriver
Command: [a7342d11877bd349109176d7eb767e88, findElement {using=xpath, value=//*[@id='panel1bh-content']//thead//tr[1]//th[10]//*[@class='p-column-title']}]
Capabilities {acceptInsecureCerts: false, browserName: chrome, browserVersion: 144.0.7559.59, chrome: {chromedriverVersion: 144.0.7559.96 (d7b80622cfab..., userDataDir: C:\Users\EMP256\AppData\Loc...}, fedcm:accounts: true, goog:chromeOptions: {debuggerAddress: localhost:58092}, goog:processID: 159932, networkConnectionEnabled: false, pageLoadStrategy: normal, platformName: windows, proxy: Proxy(), se:cdp: ws://localhost:58092/devtoo..., se:cdpVersion: 144.0.7559.59, setWindowRect: true, strictFileInteractability: false, timeouts: {implicit: 0, pageLoad: 300000, script: 30000}, unhandledPromptBehavior: dismiss and notify, webauthn:extension:credBlob: true, webauthn:extension:largeBlob: true, webauthn:extension:minPinLength: true, webauthn:extension:prf: true, webauthn:virtualAuthenticators: true}
Session ID: a7342d11877bd349109176d7eb767e88
at jdk.internal.reflect.GeneratedConstructorAccessor15.newInstance(Unknown Source)
at java.base/jdk.internal.reflect.DelegatingConstructorAccessorImpl.newInstance(DelegatingConstructorAccessorImpl.java:45)
at java.base/java.lang.reflect.Constructor.newInstanceWithCaller(Constructor.java:499)
at java.base/java.lang.reflect.Constructor.newInstance(Constructor.java:480)
at org.openqa.selenium.remote.codec.w3c.W3CHttpResponseCodec.createException(W3CHttpResponseCodec.java:200)
at org.openqa.selenium.remote.codec.w3c.W3CHttpResponseCodec.decode(W3CHttpResponseCodec.java:133)
at org.openqa.selenium.remote.codec.w3c.W3CHttpResponseCodec.decode(W3CHttpResponseCodec.java:52)
at org.openqa.selenium.remote.HttpCommandExecutor.execute(HttpCommandExecutor.java:191)
at org.openqa.selenium.remote.service.DriverCommandExecutor.invokeExecute(DriverCommandExecutor.java:196)
at org.openqa.selenium.remote.service.DriverCommandExecutor.execute(DriverCommandExecutor.java:171)
at org.openqa.selenium.remote.RemoteWebDriver.execute(RemoteWebDriver.java:602)
at org.openqa.selenium.remote.ElementLocation$ElementFinder$2.findElement(ElementLocation.java:165)
at org.openqa.selenium.remote.ElementLocation.findElement(ElementLocation.java:59)
at org.openqa.selenium.remote.RemoteWebDriver.findElement(RemoteWebDriver.java:359)
at org.openqa.selenium.remote.RemoteWebDriver.findElement(RemoteWebDriver.java:353)
at com.uiFramework.Genesis.web.pages.CommonPage.validateDataInGrid(CommonPage.java:822)
at com.uiFramework.Genesis.regression.web.InboundTruckTest.shouldApplyFiltersCorrectlyOnInboundTruck(InboundTruckTest.java:274)
at java.base/jdk.internal.reflect.NativeMethodAccessorImpl.invoke0(Native Method)
at java.base/jdk.internal.reflect.NativeMethodAccessorImpl.invoke(NativeMethodAccessorImpl.java:77)
at java.base/jdk.internal.reflect.DelegatingMethodAccessorImpl.invoke(DelegatingMethodAccessorImpl.java:43)
at java.base/java.lang.reflect.Method.invoke(Method.java:568)
at org.testng.internal.invokers.MethodInvocationHelper.invokeMethod(MethodInvocationHelper.java:141)
at org.testng.internal.invokers.TestInvoker.invokeMethod(TestInvoker.java:686)
at org.testng.internal.invokers.TestInvoker.invokeTestMethod(TestInvoker.java:230)
at org.testng.internal.invokers.MethodRunner.runInSequence(MethodRunner.java:63)
at org.testng.internal.invokers.TestInvoker$MethodInvocationAgent.invoke(TestInvoker.java:992)
at org.testng.internal.invokers.TestInvoker.invokeTestMethods(TestInvoker.java:203)
at org.testng.internal.invokers.TestMethodWorker.invokeTestMethods(TestMethodWorker.java:154)
at org.testng.internal.invokers.TestMethodWorker.run(TestMethodWorker.java:134)
at java.base/java.util.ArrayList.forEach(ArrayList.java:1511)
at org.testng.TestRunner.privateRun(TestRunner.java:739)
at org.testng.TestRunner.run(TestRunner.java:614)
at org.testng.SuiteRunner.runTest(SuiteRunner.java:421)
at org.testng.SuiteRunner.runSequentially(SuiteRunner.java:413)
at org.testng.SuiteRunner.privateRun(SuiteRunner.java:373)
at org.testng.SuiteRunner.run(SuiteRunner.java:312)
at org.testng.SuiteRunnerWorker.runSuite(SuiteRunnerWorker.java:52)
at org.testng.SuiteRunnerWorker.run(SuiteRunnerWorker.java:95)
at org.testng.TestNG.runSuitesSequentially(TestNG.java:1274)
at org.testng.TestNG.runSuitesLocally(TestNG.java:1208)
at org.testng.TestNG.runSuites(TestNG.java:1112)
at org.testng.TestNG.run(TestNG.java:1079)
at org.testng.remote.AbstractRemoteTestNG.run(AbstractRemoteTestNG.java:115)
at org.testng.remote.RemoteTestNG.initAndRun(RemoteTestNG.java:293)
at org.testng.remote.RemoteTestNG.main(RemoteTestNG.java:91)
]]>
            </full-stacktrace>
          </exception> <!-- org.openqa.selenium.NoSuchElementException -->
          <reporter-output>
          </reporter-output>
        </test-method> <!-- shouldApplyFiltersCorrectlyOnInboundTruck -->
        <test-method signature="shouldApplyColumnFilterCorrectlyOnInboundTruck()[pri:21, instance:com.uiFramework.Genesis.regression.web.InboundTruckTest@471a9022]" started-at="2026-01-23T16:44:55 IST" name="shouldApplyColumnFilterCorrectlyOnInboundTruck" finished-at="2026-01-23T16:45:29 IST" duration-ms="33604" status="PASS">
          <reporter-output>
          </reporter-output>
        </test-method> <!-- shouldApplyColumnFilterCorrectlyOnInboundTruck -->
        <test-method signature="shouldApplyColumnFilterCorrectlyOnInboundTruckCreate()[pri:22, instance:com.uiFramework.Genesis.regression.web.InboundTruckTest@471a9022]" started-at="2026-01-23T16:45:29 IST" name="shouldApplyColumnFilterCorrectlyOnInboundTruckCreate" finished-at="2026-01-23T16:46:08 IST" duration-ms="39448" status="PASS">
          <reporter-output>
          </reporter-output>
        </test-method> <!-- shouldApplyColumnFilterCorrectlyOnInboundTruckCreate -->
        <test-method signature="shouldCheckMandateFiledForImportTruck()[pri:24, instance:com.uiFramework.Genesis.regression.web.InboundTruckTest@471a9022]" started-at="2026-01-23T16:46:08 IST" name="shouldCheckMandateFiledForImportTruck" finished-at="2026-01-23T16:46:12 IST" duration-ms="4151" status="PASS">
          <reporter-output>
          </reporter-output>
        </test-method> <!-- shouldCheckMandateFiledForImportTruck -->
        <test-method signature="shouldCreateBulkInboundTruck()[pri:25, instance:com.uiFramework.Genesis.regression.web.InboundTruckTest@471a9022]" started-at="2026-01-23T16:46:12 IST" name="shouldCreateBulkInboundTruck" finished-at="2026-01-23T16:46:18 IST" depends-on-methods="com.uiFramework.Genesis.regression.web.InboundTruckTest.shouldCheckMandateFiledForImportTruck" duration-ms="5819" status="PASS">
          <reporter-output>
          </reporter-output>
        </test-method> <!-- shouldCreateBulkInboundTruck -->
        <test-method is-config="true" signature="shouldUpdateOrderStatusAfterPalletLoaded()[pri:0, instance:com.uiFramework.Genesis.regression.web.InboundTruckTest@471a9022]" started-at="2026-01-23T16:46:18 IST" name="shouldUpdateOrderStatusAfterPalletLoaded" finished-at="2026-01-23T16:46:24 IST" duration-ms="6204" status="PASS">
          <reporter-output>
          </reporter-output>
        </test-method> <!-- shouldUpdateOrderStatusAfterPalletLoaded -->
      </class> <!-- com.uiFramework.Genesis.regression.web.InboundTruckTest -->
      <class name="com.uiFramework.Genesis.regression.web.OutboundPalletTest">
        <test-method is-config="true" signature="befreclass()[pri:0, instance:com.uiFramework.Genesis.regression.web.OutboundPalletTest@2f666ebb]" started-at="2026-01-23T16:50:05 IST" name="befreclass" finished-at="2026-01-23T16:50:05 IST" duration-ms="5" status="PASS">
          <reporter-output>
          </reporter-output>
        </test-method> <!-- befreclass -->
        <test-method signature="shouldCreateOutboundPalletForMainOrder()[pri:1, instance:com.uiFramework.Genesis.regression.web.OutboundPalletTest@2f666ebb]" started-at="2026-01-23T16:50:05 IST" name="shouldCreateOutboundPalletForMainOrder" finished-at="2026-01-23T16:50:19 IST" duration-ms="13872" status="PASS">
          <reporter-output>
          </reporter-output>
        </test-method> <!-- shouldCreateOutboundPalletForMainOrder -->
        <test-method signature="shouldCreateOutboundPalletSuccessfully()[pri:2, instance:com.uiFramework.Genesis.regression.web.OutboundPalletTest@2f666ebb]" started-at="2026-01-23T16:50:19 IST" name="shouldCreateOutboundPalletSuccessfully" finished-at="2026-01-23T16:50:28 IST" duration-ms="9458" status="PASS">
          <reporter-output>
          </reporter-output>
        </test-method> <!-- shouldCreateOutboundPalletSuccessfully -->
        <test-method signature="shouldDisplaySelectedWarehouseOrderInGrid()[pri:3, instance:com.uiFramework.Genesis.regression.web.OutboundPalletTest@2f666ebb]" started-at="2026-01-23T16:50:28 IST" name="shouldDisplaySelectedWarehouseOrderInGrid" finished-at="2026-01-23T16:50:37 IST" duration-ms="9483" status="PASS">
          <reporter-output>
          </reporter-output>
        </test-method> <!-- shouldDisplaySelectedWarehouseOrderInGrid -->
        <test-method signature="shouldPerformMergeFunctionOnOutboundPallet()[pri:4, instance:com.uiFramework.Genesis.regression.web.OutboundPalletTest@2f666ebb]" started-at="2026-01-23T16:50:37 IST" name="shouldPerformMergeFunctionOnOutboundPallet" finished-at="2026-01-23T16:50:50 IST" duration-ms="12297" status="PASS">
          <reporter-output>
          </reporter-output>
        </test-method> <!-- shouldPerformMergeFunctionOnOutboundPallet -->
        <test-method signature="shouldCreateSinglePalletOnMergeClick()[pri:5, instance:com.uiFramework.Genesis.regression.web.OutboundPalletTest@2f666ebb]" started-at="2026-01-23T16:50:50 IST" name="shouldCreateSinglePalletOnMergeClick" finished-at="2026-01-23T16:50:51 IST" depends-on-methods="com.uiFramework.Genesis.regression.web.OutboundPalletTest.shouldPerformMergeFunctionOnOutboundPallet" duration-ms="1309" status="PASS">
          <reporter-output>
          </reporter-output>
        </test-method> <!-- shouldCreateSinglePalletOnMergeClick -->
        <test-method signature="shouldIncludeMultipleLDAsInSinglePallet()[pri:6, instance:com.uiFramework.Genesis.regression.web.OutboundPalletTest@2f666ebb]" started-at="2026-01-23T16:50:51 IST" name="shouldIncludeMultipleLDAsInSinglePallet" finished-at="2026-01-23T16:50:51 IST" depends-on-methods="com.uiFramework.Genesis.regression.web.OutboundPalletTest.shouldPerformMergeFunctionOnOutboundPallet" duration-ms="73" status="PASS">
          <reporter-output>
          </reporter-output>
        </test-method> <!-- shouldIncludeMultipleLDAsInSinglePallet -->
        <test-method signature="shouldUpdatePalletStatusAfterPalletCreation()[pri:7, instance:com.uiFramework.Genesis.regression.web.OutboundPalletTest@2f666ebb]" started-at="2026-01-23T16:50:51 IST" name="shouldUpdatePalletStatusAfterPalletCreation" finished-at="2026-01-23T16:50:54 IST" duration-ms="3099" status="PASS">
          <reporter-output>
          </reporter-output>
        </test-method> <!-- shouldUpdatePalletStatusAfterPalletCreation -->
        <test-method signature="shouldAllowEditPalletWithAutoDeletedPallet()[pri:8, instance:com.uiFramework.Genesis.regression.web.OutboundPalletTest@2f666ebb]" started-at="2026-01-23T16:50:54 IST" name="shouldAllowEditPalletWithAutoDeletedPallet" finished-at="2026-01-23T16:51:14 IST" duration-ms="19292" status="PASS">
          <reporter-output>
          </reporter-output>
        </test-method> <!-- shouldAllowEditPalletWithAutoDeletedPallet -->
        <test-method signature="verifyAutoDeletedPalletNotVisibleAndOrderIsAvailableToAdd()[pri:9, instance:com.uiFramework.Genesis.regression.web.OutboundPalletTest@2f666ebb]" started-at="2026-01-23T16:51:14 IST" name="verifyAutoDeletedPalletNotVisibleAndOrderIsAvailableToAdd" finished-at="2026-01-23T16:51:32 IST" depends-on-methods="com.uiFramework.Genesis.regression.web.OutboundPalletTest.shouldAllowEditPalletWithAutoDeletedPallet" duration-ms="18143" status="PASS">
          <reporter-output>
          </reporter-output>
        </test-method> <!-- verifyAutoDeletedPalletNotVisibleAndOrderIsAvailableToAdd -->
        <test-method signature="shouldCreatePalletAndMaintainCheckboxSelectionAcrossPagination()[pri:10, instance:com.uiFramework.Genesis.regression.web.OutboundPalletTest@2f666ebb]" started-at="2026-01-23T16:51:32 IST" name="shouldCreatePalletAndMaintainCheckboxSelectionAcrossPagination" finished-at="2026-01-23T16:51:57 IST" duration-ms="25276" status="PASS">
          <reporter-output>
          </reporter-output>
        </test-method> <!-- shouldCreatePalletAndMaintainCheckboxSelectionAcrossPagination -->
        <test-method signature="verifyCreatedOrderIsAvailableInPallet()[pri:11, instance:com.uiFramework.Genesis.regression.web.OutboundPalletTest@2f666ebb]" started-at="2026-01-23T16:51:57 IST" name="verifyCreatedOrderIsAvailableInPallet" finished-at="2026-01-23T16:52:04 IST" depends-on-methods="com.uiFramework.Genesis.regression.web.OutboundPalletTest.shouldCreatePalletAndMaintainCheckboxSelectionAcrossPagination" duration-ms="7165" status="PASS">
          <reporter-output>
          </reporter-output>
        </test-method> <!-- verifyCreatedOrderIsAvailableInPallet -->
        <test-method signature="shouldDisplayPalletStatusInListingAfterObtPalletCreation()[pri:12, instance:com.uiFramework.Genesis.regression.web.OutboundPalletTest@2f666ebb]" started-at="2026-01-23T16:52:04 IST" name="shouldDisplayPalletStatusInListingAfterObtPalletCreation" finished-at="2026-01-23T16:52:04 IST" depends-on-methods="com.uiFramework.Genesis.regression.web.OutboundPalletTest.shouldCreatePalletAndMaintainCheckboxSelectionAcrossPagination" duration-ms="55" status="PASS">
          <reporter-output>
          </reporter-output>
        </test-method> <!-- shouldDisplayPalletStatusInListingAfterObtPalletCreation -->
        <test-method signature="shouldAddPalletInEditModeWithPiecesAndWeightWithNoPopup()[pri:13, instance:com.uiFramework.Genesis.regression.web.OutboundPalletTest@2f666ebb]" started-at="2026-01-23T16:52:04 IST" name="shouldAddPalletInEditModeWithPiecesAndWeightWithNoPopup" finished-at="2026-01-23T16:52:19 IST" duration-ms="15243" status="PASS">
          <reporter-output>
          </reporter-output>
        </test-method> <!-- shouldAddPalletInEditModeWithPiecesAndWeightWithNoPopup -->
        <test-method signature="shouldNotAllowAddedOrdersForPalletCreation()[pri:14, instance:com.uiFramework.Genesis.regression.web.OutboundPalletTest@2f666ebb]" started-at="2026-01-23T16:52:19 IST" name="shouldNotAllowAddedOrdersForPalletCreation" finished-at="2026-01-23T16:52:35 IST" depends-on-methods="com.uiFramework.Genesis.regression.web.OutboundPalletTest.shouldAddPalletInEditModeWithPiecesAndWeightWithNoPopup" duration-ms="15695" status="PASS">
          <reporter-output>
          </reporter-output>
        </test-method> <!-- shouldNotAllowAddedOrdersForPalletCreation -->
        <test-method signature="shouldVerifyPalletQuantityOnOutboundPallet()[pri:15, instance:com.uiFramework.Genesis.regression.web.OutboundPalletTest@2f666ebb]" started-at="2026-01-23T16:52:35 IST" name="shouldVerifyPalletQuantityOnOutboundPallet" finished-at="2026-01-23T16:52:53 IST" duration-ms="18029" status="FAIL">
          <exception class="java.lang.AssertionError">
            <message>
              <![CDATA[The following asserts failed:
Pallet quantity not same on create and listing page expected [9] but found []]]>
            </message>
            <full-stacktrace>
              <![CDATA[java.lang.AssertionError: The following asserts failed:
Pallet quantity not same on create and listing page expected [9] but found []
at org.testng.asserts.SoftAssert.assertAll(SoftAssert.java:46)
at org.testng.asserts.SoftAssert.assertAll(SoftAssert.java:30)
at com.uiFramework.Genesis.regression.web.OutboundPalletTest.shouldVerifyPalletQuantityOnOutboundPallet(OutboundPalletTest.java:220)
at java.base/jdk.internal.reflect.NativeMethodAccessorImpl.invoke0(Native Method)
at java.base/jdk.internal.reflect.NativeMethodAccessorImpl.invoke(NativeMethodAccessorImpl.java:77)
at java.base/jdk.internal.reflect.DelegatingMethodAccessorImpl.invoke(DelegatingMethodAccessorImpl.java:43)
at java.base/java.lang.reflect.Method.invoke(Method.java:568)
at org.testng.internal.invokers.MethodInvocationHelper.invokeMethod(MethodInvocationHelper.java:141)
at org.testng.internal.invokers.TestInvoker.invokeMethod(TestInvoker.java:686)
at org.testng.internal.invokers.TestInvoker.invokeTestMethod(TestInvoker.java:230)
at org.testng.internal.invokers.MethodRunner.runInSequence(MethodRunner.java:63)
at org.testng.internal.invokers.TestInvoker$MethodInvocationAgent.invoke(TestInvoker.java:992)
at org.testng.internal.invokers.TestInvoker.invokeTestMethods(TestInvoker.java:203)
at org.testng.internal.invokers.TestMethodWorker.invokeTestMethods(TestMethodWorker.java:154)
at org.testng.internal.invokers.TestMethodWorker.run(TestMethodWorker.java:134)
at java.base/java.util.ArrayList.forEach(ArrayList.java:1511)
at org.testng.TestRunner.privateRun(TestRunner.java:739)
at org.testng.TestRunner.run(TestRunner.java:614)
at org.testng.SuiteRunner.runTest(SuiteRunner.java:421)
at org.testng.SuiteRunner.runSequentially(SuiteRunner.java:413)
at org.testng.SuiteRunner.privateRun(SuiteRunner.java:373)
at org.testng.SuiteRunner.run(SuiteRunner.java:312)
at org.testng.SuiteRunnerWorker.runSuite(SuiteRunnerWorker.java:52)
at org.testng.SuiteRunnerWorker.run(SuiteRunnerWorker.java:95)
at org.testng.TestNG.runSuitesSequentially(TestNG.java:1274)
at org.testng.TestNG.runSuitesLocally(TestNG.java:1208)
at org.testng.TestNG.runSuites(TestNG.java:1112)
at org.testng.TestNG.run(TestNG.java:1079)
at org.testng.remote.AbstractRemoteTestNG.run(AbstractRemoteTestNG.java:115)
at org.testng.remote.RemoteTestNG.initAndRun(RemoteTestNG.java:293)
at org.testng.remote.RemoteTestNG.main(RemoteTestNG.java:91)
]]>
            </full-stacktrace>
          </exception> <!-- java.lang.AssertionError -->
          <reporter-output>
          </reporter-output>
        </test-method> <!-- shouldVerifyPalletQuantityOnOutboundPallet -->
        <test-method signature="shouldDeletePalletAndMakeOrdersAvailableAfterDeletion()[pri:16, instance:com.uiFramework.Genesis.regression.web.OutboundPalletTest@2f666ebb]" started-at="2026-01-23T16:52:53 IST" name="shouldDeletePalletAndMakeOrdersAvailableAfterDeletion" finished-at="2026-01-23T16:53:07 IST" duration-ms="13916" status="PASS">
          <reporter-output>
          </reporter-output>
        </test-method> <!-- shouldDeletePalletAndMakeOrdersAvailableAfterDeletion -->
        <test-method signature="shouldNotAllowPalletDeletionAfterArrival()[pri:17, instance:com.uiFramework.Genesis.regression.web.OutboundPalletTest@2f666ebb]" started-at="2026-01-23T16:53:07 IST" name="shouldNotAllowPalletDeletionAfterArrival" finished-at="2026-01-23T16:53:17 IST" duration-ms="9795" status="PASS">
          <reporter-output>
          </reporter-output>
        </test-method> <!-- shouldNotAllowPalletDeletionAfterArrival -->
        <test-method signature="shouldCheckPaginationOnCreateOutboundPalletScreen()[pri:21, instance:com.uiFramework.Genesis.regression.web.OutboundPalletTest@2f666ebb]" started-at="2026-01-23T16:53:17 IST" name="shouldCheckPaginationOnCreateOutboundPalletScreen" finished-at="2026-01-23T16:53:58 IST" duration-ms="40706" status="PASS">
          <reporter-output>
          </reporter-output>
        </test-method> <!-- shouldCheckPaginationOnCreateOutboundPalletScreen -->
        <test-method is-config="true" signature="shouldUpdateOrderStatusAfterCreatingOutboundPallet()[pri:0, instance:com.uiFramework.Genesis.regression.web.OutboundPalletTest@2f666ebb]" started-at="2026-01-23T16:53:58 IST" name="shouldUpdateOrderStatusAfterCreatingOutboundPallet" finished-at="2026-01-23T16:54:04 IST" duration-ms="6706" status="PASS">
          <reporter-output>
          </reporter-output>
        </test-method> <!-- shouldUpdateOrderStatusAfterCreatingOutboundPallet -->
      </class> <!-- com.uiFramework.Genesis.regression.web.OutboundPalletTest -->
      <class name="com.uiFramework.Genesis.regression.web.OutboundTruckTest">
        <test-method is-config="true" signature="befreclass()[pri:0, instance:com.uiFramework.Genesis.regression.web.OutboundTruckTest@19976a65]" started-at="2026-01-23T16:54:04 IST" name="befreclass" finished-at="2026-01-23T16:54:05 IST" duration-ms="5" status="PASS">
          <reporter-output>
          </reporter-output>
        </test-method> <!-- befreclass -->
        <test-method signature="shouldPalletAvailableToCreateOutboundTruck()[pri:1, instance:com.uiFramework.Genesis.regression.web.OutboundTruckTest@19976a65]" started-at="2026-01-23T16:54:05 IST" name="shouldPalletAvailableToCreateOutboundTruck" finished-at="2026-01-23T16:54:20 IST" duration-ms="15658" status="PASS">
          <reporter-output>
          </reporter-output>
        </test-method> <!-- shouldPalletAvailableToCreateOutboundTruck -->
        <test-method signature="shouldDisplayToastMessageOnCreateObtTruck()[pri:2, instance:com.uiFramework.Genesis.regression.web.OutboundTruckTest@19976a65]" started-at="2026-01-23T16:54:20 IST" name="shouldDisplayToastMessageOnCreateObtTruck" finished-at="2026-01-23T16:54:39 IST" duration-ms="18894" status="PASS">
          <reporter-output>
          </reporter-output>
        </test-method> <!-- shouldDisplayToastMessageOnCreateObtTruck -->
        <test-method signature="shouldDisplayDefaultCostEstimateAndOrderProcess()[pri:3, instance:com.uiFramework.Genesis.regression.web.OutboundTruckTest@19976a65]" started-at="2026-01-23T16:54:39 IST" name="shouldDisplayDefaultCostEstimateAndOrderProcess" finished-at="2026-01-23T16:55:13 IST" duration-ms="34174" status="PASS">
          <reporter-output>
          </reporter-output>
        </test-method> <!-- shouldDisplayDefaultCostEstimateAndOrderProcess -->
        <test-method signature="shouldAllowEditingDropLocationDetailsInNonUPSCase()[pri:4, instance:com.uiFramework.Genesis.regression.web.OutboundTruckTest@19976a65]" started-at="2026-01-23T16:55:13 IST" name="shouldAllowEditingDropLocationDetailsInNonUPSCase" finished-at="2026-01-23T16:55:26 IST" depends-on-methods="com.uiFramework.Genesis.regression.web.OutboundTruckTest.shouldDisplayDefaultCostEstimateAndOrderProcess" duration-ms="12290" status="PASS">
          <reporter-output>
          </reporter-output>
        </test-method> <!-- shouldAllowEditingDropLocationDetailsInNonUPSCase -->
        <test-method signature="shouldValidateMultiDropForNonUPSCase()[pri:5, instance:com.uiFramework.Genesis.regression.web.OutboundTruckTest@19976a65]" started-at="2026-01-23T16:55:26 IST" name="shouldValidateMultiDropForNonUPSCase" finished-at="2026-01-23T16:55:50 IST" depends-on-methods="com.uiFramework.Genesis.regression.web.OutboundTruckTest.shouldAllowEditingDropLocationDetailsInNonUPSCase" duration-ms="24198" status="PASS">
          <reporter-output>
          </reporter-output>
        </test-method> <!-- shouldValidateMultiDropForNonUPSCase -->
        <test-method signature="shouldClearFieldsWhenClearButtonClickedOnObtCreateTruck()[pri:6, instance:com.uiFramework.Genesis.regression.web.OutboundTruckTest@19976a65]" started-at="2026-01-23T16:55:50 IST" name="shouldClearFieldsWhenClearButtonClickedOnObtCreateTruck" finished-at="2026-01-23T16:55:54 IST" depends-on-methods="com.uiFramework.Genesis.regression.web.OutboundTruckTest.shouldValidateMultiDropForNonUPSCase" duration-ms="3779" status="PASS">
          <reporter-output>
          </reporter-output>
        </test-method> <!-- shouldClearFieldsWhenClearButtonClickedOnObtCreateTruck -->
        <test-method signature="shouldVerifyAddedPalletWTandPiecesLoadedIntoTruck()[pri:7, instance:com.uiFramework.Genesis.regression.web.OutboundTruckTest@19976a65]" started-at="2026-01-23T16:55:54 IST" name="shouldVerifyAddedPalletWTandPiecesLoadedIntoTruck" finished-at="2026-01-23T16:56:24 IST" duration-ms="30941" status="FAIL">
          <exception class="java.lang.AssertionError">
            <message>
              <![CDATA[Mismatch in Total pieces and final pieces! expected [7] but found [8]]]>
            </message>
            <full-stacktrace>
              <![CDATA[java.lang.AssertionError: Mismatch in Total pieces and final pieces! expected [7] but found [8]
at org.testng.Assert.fail(Assert.java:111)
at org.testng.Assert.failNotEquals(Assert.java:1578)
at org.testng.Assert.assertEqualsImpl(Assert.java:150)
at org.testng.Assert.assertEquals(Assert.java:132)
at org.testng.Assert.assertEquals(Assert.java:1419)
at org.testng.Assert.assertEquals(Assert.java:1383)
at com.uiFramework.Genesis.web.pages.OutboundTruckPage.palletAddCalculation(OutboundTruckPage.java:453)
at com.uiFramework.Genesis.web.pages.OutboundTruckPage.creatTruckwithCheckTotalPiecesandpallet(OutboundTruckPage.java:302)
at com.uiFramework.Genesis.regression.web.OutboundTruckTest.shouldVerifyAddedPalletWTandPiecesLoadedIntoTruck(OutboundTruckTest.java:128)
at java.base/jdk.internal.reflect.NativeMethodAccessorImpl.invoke0(Native Method)
at java.base/jdk.internal.reflect.NativeMethodAccessorImpl.invoke(NativeMethodAccessorImpl.java:77)
at java.base/jdk.internal.reflect.DelegatingMethodAccessorImpl.invoke(DelegatingMethodAccessorImpl.java:43)
at java.base/java.lang.reflect.Method.invoke(Method.java:568)
at org.testng.internal.invokers.MethodInvocationHelper.invokeMethod(MethodInvocationHelper.java:141)
at org.testng.internal.invokers.TestInvoker.invokeMethod(TestInvoker.java:686)
at org.testng.internal.invokers.TestInvoker.invokeTestMethod(TestInvoker.java:230)
at org.testng.internal.invokers.MethodRunner.runInSequence(MethodRunner.java:63)
at org.testng.internal.invokers.TestInvoker$MethodInvocationAgent.invoke(TestInvoker.java:992)
at org.testng.internal.invokers.TestInvoker.invokeTestMethods(TestInvoker.java:203)
at org.testng.internal.invokers.TestMethodWorker.invokeTestMethods(TestMethodWorker.java:154)
at org.testng.internal.invokers.TestMethodWorker.run(TestMethodWorker.java:134)
at java.base/java.util.ArrayList.forEach(ArrayList.java:1511)
at org.testng.TestRunner.privateRun(TestRunner.java:739)
at org.testng.TestRunner.run(TestRunner.java:614)
at org.testng.SuiteRunner.runTest(SuiteRunner.java:421)
at org.testng.SuiteRunner.runSequentially(SuiteRunner.java:413)
at org.testng.SuiteRunner.privateRun(SuiteRunner.java:373)
at org.testng.SuiteRunner.run(SuiteRunner.java:312)
at org.testng.SuiteRunnerWorker.runSuite(SuiteRunnerWorker.java:52)
at org.testng.SuiteRunnerWorker.run(SuiteRunnerWorker.java:95)
at org.testng.TestNG.runSuitesSequentially(TestNG.java:1274)
at org.testng.TestNG.runSuitesLocally(TestNG.java:1208)
at org.testng.TestNG.runSuites(TestNG.java:1112)
at org.testng.TestNG.run(TestNG.java:1079)
at org.testng.remote.AbstractRemoteTestNG.run(AbstractRemoteTestNG.java:115)
at org.testng.remote.RemoteTestNG.initAndRun(RemoteTestNG.java:293)
at org.testng.remote.RemoteTestNG.main(RemoteTestNG.java:91)
]]>
            </full-stacktrace>
          </exception> <!-- java.lang.AssertionError -->
          <reporter-output>
          </reporter-output>
        </test-method> <!-- shouldVerifyAddedPalletWTandPiecesLoadedIntoTruck -->
        <test-method signature="shouldRouteOrderEditable()[pri:8, instance:com.uiFramework.Genesis.regression.web.OutboundTruckTest@19976a65]" started-at="2026-01-23T16:56:25 IST" name="shouldRouteOrderEditable" finished-at="2026-01-23T16:56:41 IST" depends-on-methods="com.uiFramework.Genesis.regression.web.OutboundTruckTest.shouldVerifyAddedPalletWTandPiecesLoadedIntoTruck" duration-ms="16694" status="PASS">
          <reporter-output>
          </reporter-output>
        </test-method> <!-- shouldRouteOrderEditable -->
        <test-method signature="shouldCreateSuccessfullyAndIncreseCountByOne()[pri:9, instance:com.uiFramework.Genesis.regression.web.OutboundTruckTest@19976a65]" started-at="2026-01-23T16:56:41 IST" name="shouldCreateSuccessfullyAndIncreseCountByOne" finished-at="2026-01-23T16:56:48 IST" depends-on-methods="com.uiFramework.Genesis.regression.web.OutboundTruckTest.shouldRouteOrderEditable" duration-ms="6513" status="PASS">
          <reporter-output>
          </reporter-output>
        </test-method> <!-- shouldCreateSuccessfullyAndIncreseCountByOne -->
        <test-method signature="shouldUpdateTruckStatusAfterTruckCreation()[pri:10, instance:com.uiFramework.Genesis.regression.web.OutboundTruckTest@19976a65]" started-at="2026-01-23T16:56:48 IST" name="shouldUpdateTruckStatusAfterTruckCreation" finished-at="2026-01-23T16:56:48 IST" depends-on-methods="com.uiFramework.Genesis.regression.web.OutboundTruckTest.shouldCreateSuccessfullyAndIncreseCountByOne" duration-ms="73" status="PASS">
          <reporter-output>
          </reporter-output>
        </test-method> <!-- shouldUpdateTruckStatusAfterTruckCreation -->
        <test-method signature="shouldVerifyCreatedTruckDetailsAndPalletQtyMatch()[pri:11, instance:com.uiFramework.Genesis.regression.web.OutboundTruckTest@19976a65]" started-at="2026-01-23T16:56:48 IST" name="shouldVerifyCreatedTruckDetailsAndPalletQtyMatch" finished-at="2026-01-23T16:57:11 IST" depends-on-methods="com.uiFramework.Genesis.regression.web.OutboundTruckTest.shouldCreateSuccessfullyAndIncreseCountByOne" duration-ms="22994" status="FAIL">
          <exception class="java.lang.AssertionError">
            <message>
              <![CDATA[FAIL: Truck data mismatch with Listing page. Missing: Rocky expected [true] but found [false]]]>
            </message>
            <full-stacktrace>
              <![CDATA[java.lang.AssertionError: FAIL: Truck data mismatch with Listing page. Missing: Rocky expected [true] but found [false]
at org.testng.Assert.fail(Assert.java:111)
at org.testng.Assert.failNotEquals(Assert.java:1578)
at org.testng.Assert.assertTrue(Assert.java:57)
at com.uiFramework.Genesis.web.pages.OutboundTruckPage.verifyTruckDetailsandPalletOrder(OutboundTruckPage.java:510)
at com.uiFramework.Genesis.regression.web.OutboundTruckTest.shouldVerifyCreatedTruckDetailsAndPalletQtyMatch(OutboundTruckTest.java:161)
at java.base/jdk.internal.reflect.NativeMethodAccessorImpl.invoke0(Native Method)
at java.base/jdk.internal.reflect.NativeMethodAccessorImpl.invoke(NativeMethodAccessorImpl.java:77)
at java.base/jdk.internal.reflect.DelegatingMethodAccessorImpl.invoke(DelegatingMethodAccessorImpl.java:43)
at java.base/java.lang.reflect.Method.invoke(Method.java:568)
at org.testng.internal.invokers.MethodInvocationHelper.invokeMethod(MethodInvocationHelper.java:141)
[...]
          <reporter-output>
          </reporter-output>
        </test-method> <!-- checkDefaultZeroPopulate -->
        <test-method signature="validateInboundQAscreen()[pri:6, instance:com.uiFramework.Genesis.regression.web.InboundQATest@dc9876b]" started-at="2026-01-23T16:46:50 IST" name="validateInboundQAscreen" finished-at="2026-01-23T16:47:52 IST" depends-on-methods="com.uiFramework.Genesis.regression.web.InboundQATest.verifyTruckDataDisplayedCorrectlyOnView" duration-ms="62089" status="PASS">
          <reporter-output>
          </reporter-output>
        </test-method> <!-- validateInboundQAscreen -->
        <test-method signature="validateTotalPiecesinTruck()[pri:7, instance:com.uiFramework.Genesis.regression.web.InboundQATest@dc9876b]" started-at="2026-01-23T16:47:52 IST" name="validateTotalPiecesinTruck" finished-at="2026-01-23T16:47:55 IST" duration-ms="2582" status="PASS">
          <reporter-output>
          </reporter-output>
        </test-method> <!-- validateTotalPiecesinTruck -->
        <test-method signature="checkValidationOnScanningPieces()[pri:8, instance:com.uiFramework.Genesis.regression.web.InboundQATest@dc9876b]" started-at="2026-01-23T16:47:55 IST" name="checkValidationOnScanningPieces" finished-at="2026-01-23T16:48:04 IST" duration-ms="9350" status="FAIL">
          <exception class="org.openqa.selenium.ElementNotInteractableException">
            <message>
              <![CDATA[element not interactable
  (Session info: chrome=144.0.7559.59)
Build info: version: '4.12.0', revision: '249f2a7d1b*'
System info: os.name: 'Windows 10', os.arch: 'amd64', os.version: '10.0', java.version: '17.0.10'
Driver info: org.openqa.selenium.chrome.ChromeDriver
Command: [a7342d11877bd349109176d7eb767e88, sendKeysToElement {id=f.CD13DB6DD71A780921A15D551BD338B8.d.EDFAB4EDF359047AED7836967DB8CB1E.e.20210, value=[Ljava.lang.CharSequence;@5a7e41d8}]
Capabilities {acceptInsecureCerts: false, browserName: chrome, browserVersion: 144.0.7559.59, chrome: {chromedriverVersion: 144.0.7559.96 (d7b80622cfab..., userDataDir: C:\Users\EMP256\AppData\Loc...}, fedcm:accounts: true, goog:chromeOptions: {debuggerAddress: localhost:58092}, goog:processID: 159932, networkConnectionEnabled: false, pageLoadStrategy: normal, platformName: windows, proxy: Proxy(), se:cdp: ws://localhost:58092/devtoo..., se:cdpVersion: 144.0.7559.59, setWindowRect: true, strictFileInteractability: false, timeouts: {implicit: 0, pageLoad: 300000, script: 30000}, unhandledPromptBehavior: dismiss and notify, webauthn:extension:credBlob: true, webauthn:extension:largeBlob: true, webauthn:extension:minPinLength: true, webauthn:extension:prf: true, webauthn:virtualAuthenticators: true}
Element: [[ChromeDriver: chrome on windows (a7342d11877bd349109176d7eb767e88)] -> xpath: //input[@id='txtBarcodeScan']]
Session ID: a7342d11877bd349109176d7eb767e88]]>
            </message>
            <full-stacktrace>
              <![CDATA[org.openqa.selenium.ElementNotInteractableException: element not interactable
  (Session info: chrome=144.0.7559.59)
Build info: version: '4.12.0', revision: '249f2a7d1b*'
System info: os.name: 'Windows 10', os.arch: 'amd64', os.version: '10.0', java.version: '17.0.10'
Driver info: org.openqa.selenium.chrome.ChromeDriver
Command: [a7342d11877bd349109176d7eb767e88, sendKeysToElement {id=f.CD13DB6DD71A780921A15D551BD338B8.d.EDFAB4EDF359047AED7836967DB8CB1E.e.20210, value=[Ljava.lang.CharSequence;@5a7e41d8}]
Capabilities {acceptInsecureCerts: false, browserName: chrome, browserVersion: 144.0.7559.59, chrome: {chromedriverVersion: 144.0.7559.96 (d7b80622cfab..., userDataDir: C:\Users\EMP256\AppData\Loc...}, fedcm:accounts: true, goog:chromeOptions: {debuggerAddress: localhost:58092}, goog:processID: 159932, networkConnectionEnabled: false, pageLoadStrategy: normal, platformName: windows, proxy: Proxy(), se:cdp: ws://localhost:58092/devtoo..., se:cdpVersion: 144.0.7559.59, setWindowRect: true, strictFileInteractability: false, timeouts: {implicit: 0, pageLoad: 300000, script: 30000}, unhandledPromptBehavior: dismiss and notify, webauthn:extension:credBlob: true, webauthn:extension:largeBlob: true, webauthn:extension:minPinLength: true, webauthn:extension:prf: true, webauthn:virtualAuthenticators: true}
Element: [[ChromeDriver: chrome on windows (a7342d11877bd349109176d7eb767e88)] -> xpath: //input[@id='txtBarcodeScan']]
Session ID: a7342d11877bd349109176d7eb767e88
at java.base/jdk.internal.reflect.NativeConstructorAccessorImpl.newInstance0(Native Method)
at java.base/jdk.internal.reflect.NativeConstructorAccessorImpl.newInstance(NativeConstructorAccessorImpl.java:77)
at java.base/jdk.internal.reflect.DelegatingConstructorAccessorImpl.newInstance(DelegatingConstructorAccessorImpl.java:45)
at java.base/java.lang.reflect.Constructor.newInstanceWithCaller(Constructor.java:499)
at java.base/java.lang.reflect.Constructor.newInstance(Constructor.java:480)
at org.openqa.selenium.remote.codec.w3c.W3CHttpResponseCodec.createException(W3CHttpResponseCodec.java:200)
at org.openqa.selenium.remote.codec.w3c.W3CHttpResponseCodec.decode(W3CHttpResponseCodec.java:133)
at org.openqa.selenium.remote.codec.w3c.W3CHttpResponseCodec.decode(W3CHttpResponseCodec.java:52)
at org.openqa.selenium.remote.HttpCommandExecutor.execute(HttpCommandExecutor.java:191)
at org.openqa.selenium.remote.service.DriverCommandExecutor.invokeExecute(DriverCommandExecutor.java:196)
at org.openqa.selenium.remote.service.DriverCommandExecutor.execute(DriverCommandExecutor.java:171)
at org.openqa.selenium.remote.RemoteWebDriver.execute(RemoteWebDriver.java:602)
at org.openqa.selenium.remote.RemoteWebElement.execute(RemoteWebElement.java:224)
at org.openqa.selenium.remote.RemoteWebElement.sendKeys(RemoteWebElement.java:111)
at com.uiFramework.Genesis.web.pages.InboundQAPage.checkValidationQAScanning(InboundQAPage.java:422)
at com.uiFramework.Genesis.regression.web.InboundQATest.checkValidationOnScanningPieces(InboundQATest.java:131)
at java.base/jdk.internal.reflect.NativeMethodAccessorImpl.invoke0(Native Method)
at java.base/jdk.internal.reflect.NativeMethodAccessorImpl.invoke(NativeMethodAccessorImpl.java:77)
at java.base/jdk.internal.reflect.DelegatingMethodAccessorImpl.invoke(DelegatingMethodAccessorImpl.java:43)
at java.base/java.lang.reflect.Method.invoke(Method.java:568)
at org.testng.internal.invokers.MethodInvocationHelper.invokeMethod(MethodInvocationHelper.java:141)
at org.testng.internal.invokers.TestInvoker.invokeMethod(TestInvoker.java:686)
at org.testng.internal.invokers.TestInvoker.invokeTestMethod(TestInvoker.java:230)
at org.testng.internal.invokers.MethodRunner.runInSequence(MethodRunner.java:63)
at org.testng.internal.invokers.TestInvoker$MethodInvocationAgent.invoke(TestInvoker.java:992)
at org.testng.internal.invokers.TestInvoker.invokeTestMethods(TestInvoker.java:203)
at org.testng.internal.invokers.TestMethodWorker.invokeTestMethods(TestMethodWorker.java:154)
at org.testng.internal.invokers.TestMethodWorker.run(TestMethodWorker.java:134)
at java.base/java.util.ArrayList.forEach(ArrayList.java:1511)
at org.testng.TestRunner.privateRun(TestRunner.java:739)
at org.testng.TestRunner.run(TestRunner.java:614)
at org.testng.SuiteRunner.runTest(SuiteRunner.java:421)
at org.testng.SuiteRunner.runSequentially(SuiteRunner.java:413)
at org.testng.SuiteRunner.privateRun(SuiteRunner.java:373)
at org.testng.SuiteRunner.run(SuiteRunner.java:312)
at org.testng.SuiteRunnerWorker.runSuite(SuiteRunnerWorker.java:52)
at org.testng.SuiteRunnerWorker.run(SuiteRunnerWorker.java:95)
at org.testng.TestNG.runSuitesSequentially(TestNG.java:1274)
at org.testng.TestNG.runSuitesLocally(TestNG.java:1208)
at org.testng.TestNG.runSuites(TestNG.java:1112)
at org.testng.TestNG.run(TestNG.java:1079)
at org.testng.remote.AbstractRemoteTestNG.run(AbstractRemoteTestNG.java:115)
at org.testng.remote.RemoteTestNG.initAndRun(RemoteTestNG.java:293)
at org.testng.remote.RemoteTestNG.main(RemoteTestNG.java:91)
]]>
            </full-stacktrace>
          </exception> <!-- org.openqa.selenium.ElementNotInteractableException -->
          <reporter-output>
          </reporter-output>
        </test-method> <!-- checkValidationOnScanningPieces -->
        <test-method signature="ValidateFilterOnQAListing()[pri:9, instance:com.uiFramework.Genesis.regression.web.InboundQATest@dc9876b]" started-at="2026-01-23T16:48:04 IST" name="ValidateFilterOnQAListing" finished-at="2026-01-23T16:49:02 IST" duration-ms="57069" status="PASS">
          <reporter-output>
          </reporter-output>
        </test-method> <!-- ValidateFilterOnQAListing -->
        <test-method signature="shouldCheckColumnFilter()[pri:10, instance:com.uiFramework.Genesis.regression.web.InboundQATest@dc9876b]" started-at="2026-01-23T16:49:02 IST" name="shouldCheckColumnFilter" finished-at="2026-01-23T16:49:07 IST" duration-ms="5450" status="FAIL">
          <exception class="org.openqa.selenium.ElementNotInteractableException">
            <message>
              <![CDATA[element not interactable
  (Session info: chrome=144.0.7559.59)
Build info: version: '4.12.0', revision: '249f2a7d1b*'
System info: os.name: 'Windows 10', os.arch: 'amd64', os.version: '10.0', java.version: '17.0.10'
Driver info: org.openqa.selenium.chrome.ChromeDriver
Command: [a7342d11877bd349109176d7eb767e88, sendKeysToElement {id=f.CD13DB6DD71A780921A15D551BD338B8.d.EDFAB4EDF359047AED7836967DB8CB1E.e.20353, value=[Ljava.lang.CharSequence;@69acbb06}]
Capabilities {acceptInsecureCerts: false, browserName: chrome, browserVersion: 144.0.7559.59, chrome: {chromedriverVersion: 144.0.7559.96 (d7b80622cfab..., userDataDir: C:\Users\EMP256\AppData\Loc...}, fedcm:accounts: true, goog:chromeOptions: {debuggerAddress: localhost:58092}, goog:processID: 159932, networkConnectionEnabled: false, pageLoadStrategy: normal, platformName: windows, proxy: Proxy(), se:cdp: ws://localhost:58092/devtoo..., se:cdpVersion: 144.0.7559.59, setWindowRect: true, strictFileInteractability: false, timeouts: {implicit: 0, pageLoad: 300000, script: 30000}, unhandledPromptBehavior: dismiss and notify, webauthn:extension:credBlob: true, webauthn:extension:largeBlob: true, webauthn:extension:minPinLength: true, webauthn:extension:prf: true, webauthn:virtualAuthenticators: true}
Element: [[ChromeDriver: chrome on windows (a7342d11877bd349109176d7eb767e88)] -> xpath: //*[@id='panel1bh-content']//thead//tr[2]//th[2]//input]
Session ID: a7342d11877bd349109176d7eb767e88]]>
            </message>
            <full-stacktrace>
              <![CDATA[org.openqa.selenium.ElementNotInteractableException: element not interactable
  (Session info: chrome=144.0.7559.59)
Build info: version: '4.12.0', revision: '249f2a7d1b*'
System info: os.name: 'Windows 10', os.arch: 'amd64', os.version: '10.0', java.version: '17.0.10'
Driver info: org.openqa.selenium.chrome.ChromeDriver
Command: [a7342d11877bd349109176d7eb767e88, sendKeysToElement {id=f.CD13DB6DD71A780921A15D551BD338B8.d.EDFAB4EDF359047AED7836967DB8CB1E.e.20353, value=[Ljava.lang.CharSequence;@69acbb06}]
Capabilities {acceptInsecureCerts: false, browserName: chrome, browserVersion: 144.0.7559.59, chrome: {chromedriverVersion: 144.0.7559.96 (d7b80622cfab..., userDataDir: C:\Users\EMP256\AppData\Loc...}, fedcm:accounts: true, goog:chromeOptions: {debuggerAddress: localhost:58092}, goog:processID: 159932, networkConnectionEnabled: false, pageLoadStrategy: normal, platformName: windows, proxy: Proxy(), se:cdp: ws://localhost:58092/devtoo..., se:cdpVersion: 144.0.7559.59, setWindowRect: true, strictFileInteractability: false, timeouts: {implicit: 0, pageLoad: 300000, script: 30000}, unhandledPromptBehavior: dismiss and notify, webauthn:extension:credBlob: true, webauthn:extension:largeBlob: true, webauthn:extension:minPinLength: true, webauthn:extension:prf: true, webauthn:virtualAuthenticators: true}
Element: [[ChromeDriver: chrome on windows (a7342d11877bd349109176d7eb767e88)] -> xpath: //*[@id='panel1bh-content']//thead//tr[2]//th[2]//input]
Session ID: a7342d11877bd349109176d7eb767e88
at java.base/jdk.internal.reflect.NativeConstructorAccessorImpl.newInstance0(Native Method)
at java.base/jdk.internal.reflect.NativeConstructorAccessorImpl.newInstance(NativeConstructorAccessorImpl.java:77)
at java.base/jdk.internal.reflect.DelegatingConstructorAccessorImpl.newInstance(DelegatingConstructorAccessorImpl.java:45)
at java.base/java.lang.reflect.Constructor.newInstanceWithCaller(Constructor.java:499)
at java.base/java.lang.reflect.Constructor.newInstance(Constructor.java:480)
at org.openqa.selenium.remote.codec.w3c.W3CHttpResponseCodec.createException(W3CHttpResponseCodec.java:200)
at org.openqa.selenium.remote.codec.w3c.W3CHttpResponseCodec.decode(W3CHttpResponseCodec.java:133)
at org.openqa.selenium.remote.codec.w3c.W3CHttpResponseCodec.decode(W3CHttpResponseCodec.java:52)
at org.openqa.selenium.remote.HttpCommandExecutor.execute(HttpCommandExecutor.java:191)
at org.openqa.selenium.remote.service.DriverCommandExecutor.invokeExecute(DriverCommandExecutor.java:196)
at org.openqa.selenium.remote.service.DriverCommandExecutor.execute(DriverCommandExecutor.java:171)
at org.openqa.selenium.remote.RemoteWebDriver.execute(RemoteWebDriver.java:602)
at org.openqa.selenium.remote.RemoteWebElement.execute(RemoteWebElement.java:224)
at org.openqa.selenium.remote.RemoteWebElement.sendKeys(RemoteWebElement.java:111)
at com.uiFramework.Genesis.web.pages.CommonPage.verifyColumnFilterForFixGrid(CommonPage.java:2637)
at com.uiFramework.Genesis.regression.web.InboundQATest.shouldCheckColumnFilter(InboundQATest.java:176)
at java.base/jdk.internal.reflect.NativeMethodAccessorImpl.invoke0(Native Method)
at java.base/jdk.internal.reflect.NativeMethodAccessorImpl.invoke(NativeMethodAccessorImpl.java:77)
at java.base/jdk.internal.reflect.DelegatingMethodAccessorImpl.invoke(DelegatingMethodAccessorImpl.java:43)
at java.base/java.lang.reflect.Method.invoke(Method.java:568)
at org.testng.internal.invokers.MethodInvocationHelper.invokeMethod(MethodInvocationHelper.java:141)
at org.testng.internal.invokers.TestInvoker.invokeMethod(TestInvoker.java:686)
at org.testng.internal.invokers.TestInvoker.invokeTestMethod(TestInvoker.java:230)
at org.testng.internal.invokers.MethodRunner.runInSequence(MethodRunner.java:63)
at org.testng.internal.invokers.TestInvoker$MethodInvocationAgent.invoke(TestInvoker.java:992)
at org.testng.internal.invokers.TestInvoker.invokeTestMethods(TestInvoker.java:203)
at org.testng.internal.invokers.TestMethodWorker.invokeTestMethods(TestMethodWorker.java:154)
at org.testng.internal.invokers.TestMethodWorker.run(TestMethodWorker.java:134)
at java.base/java.util.ArrayList.forEach(ArrayList.java:1511)
at org.testng.TestRunner.privateRun(TestRunner.java:739)
at org.testng.TestRunner.run(TestRunner.java:614)
at org.testng.SuiteRunner.runTest(SuiteRunner.java:421)
at org.testng.SuiteRunner.runSequentially(SuiteRunner.java:413)
at org.testng.SuiteRunner.privateRun(SuiteRunner.java:373)
at org.testng.SuiteRunner.run(SuiteRunner.java:312)
at org.testng.SuiteRunnerWorker.runSuite(SuiteRunnerWorker.java:52)
at org.testng.SuiteRunnerWorker.run(SuiteRunnerWorker.java:95)
at org.testng.TestNG.runSuitesSequentially(TestNG.java:1274)
at org.testng.TestNG.runSuitesLocally(TestNG.java:1208)
at org.testng.TestNG.runSuites(TestNG.java:1112)
at org.testng.TestNG.run(TestNG.java:1079)
at org.testng.remote.AbstractRemoteTestNG.run(AbstractRemoteTestNG.java:115)
at org.testng.remote.RemoteTestNG.initAndRun(RemoteTestNG.java:293)
at org.testng.remote.RemoteTestNG.main(RemoteTestNG.java:91)
]]>
            </full-stacktrace>
          </exception> <!-- org.openqa.selenium.ElementNotInteractableException -->
          <reporter-output>
          </reporter-output>
        </test-method> <!-- shouldCheckColumnFilter -->
        <test-method signature="checkQAStatusFailedforInbound()[pri:12, instance:com.uiFramework.Genesis.regression.web.InboundQATest@dc9876b]" started-at="2026-01-23T16:49:07 IST" name="checkQAStatusFailedforInbound" finished-at="2026-01-23T16:49:07 IST" duration-ms="2" status="PASS">
          <reporter-output>
          </reporter-output>
        </test-method> <!-- checkQAStatusFailedforInbound -->
        <test-method signature="checkQAStatusforInbound()[pri:13, instance:com.uiFramework.Genesis.regression.web.InboundQATest@dc9876b]" started-at="2026-01-23T16:49:07 IST" name="checkQAStatusforInbound" finished-at="2026-01-23T16:49:18 IST" duration-ms="11361" status="FAIL">
          <exception class="java.lang.AssertionError">
            <message>
              <![CDATA[The following asserts failed:
QA Pass status not with order. expected [QA Passed] but found [QA Pending]]]>
            </message>
            <full-stacktrace>
              <![CDATA[java.lang.AssertionError: The following asserts failed:
QA Pass status not with order. expected [QA Passed] but found [QA Pending]
at org.testng.asserts.SoftAssert.assertAll(SoftAssert.java:46)
at org.testng.asserts.SoftAssert.assertAll(SoftAssert.java:30)
at com.uiFramework.Genesis.regression.web.InboundQATest.checkQAStatusforInbound(InboundQATest.java:208)
at java.base/jdk.internal.reflect.NativeMethodAccessorImpl.invoke0(Native Method)
at java.base/jdk.internal.reflect.NativeMethodAccessorImpl.invoke(NativeMethodAccessorImpl.java:77)
at java.base/jdk.internal.reflect.DelegatingMethodAccessorImpl.invoke(DelegatingMethodAccessorImpl.java:43)
at java.base/java.lang.reflect.Method.invoke(Method.java:568)
at org.testng.internal.invokers.MethodInvocationHelper.invokeMethod(MethodInvocationHelper.java:141)
at org.testng.internal.invokers.TestInvoker.invokeMethod(TestInvoker.java:686)
at org.testng.internal.invokers.TestInvoker.invokeTestMethod(TestInvoker.java:230)
at org.testng.internal.invokers.MethodRunner.runInSequence(MethodRunner.java:63)
at org.testng.internal.invokers.TestInvoker$MethodInvocationAgent.invoke(TestInvoker.java:992)
at org.testng.internal.invokers.TestInvoker.invokeTestMethods(TestInvoker.java:203)
at org.testng.internal.invokers.TestMethodWorker.invokeTestMethods(TestMethodWorker.java:154)
at org.testng.internal.invokers.TestMethodWorker.run(TestMethodWorker.java:134)
at java.base/java.util.ArrayList.forEach(ArrayList.java:1511)
at org.testng.TestRunner.privateRun(TestRunner.java:739)
at org.testng.TestRunner.run(TestRunner.java:614)
at org.testng.SuiteRunner.runTest(SuiteRunner.java:421)
at org.testng.SuiteRunner.runSequentially(SuiteRunner.java:413)
at org.testng.SuiteRunner.privateRun(SuiteRunner.java:373)
at org.testng.SuiteRunner.run(SuiteRunner.java:312)
at org.testng.SuiteRunnerWorker.runSuite(SuiteRunnerWorker.java:52)
at org.testng.SuiteRunnerWorker.run(SuiteRunnerWorker.java:95)
at org.testng.TestNG.runSuitesSequentially(TestNG.java:1274)
at org.testng.TestNG.runSuitesLocally(TestNG.java:1208)
at org.testng.TestNG.runSuites(TestNG.java:1112)
at org.testng.TestNG.run(TestNG.java:1079)
at org.testng.remote.AbstractRemoteTestNG.run(AbstractRemoteTestNG.java:115)
at org.testng.remote.RemoteTestNG.initAndRun(RemoteTestNG.java:293)
at org.testng.remote.RemoteTestNG.main(RemoteTestNG.java:91)
]]>
            </full-stacktrace>
          </exception> <!-- java.lang.AssertionError -->
          <reporter-output>
          </reporter-output>
        </test-method> <!-- checkQAStatusforInbound -->
        <test-method is-config="true" signature="checkOrderStatusAfterInboundQAdone()[pri:0, instance:com.uiFramework.Genesis.regression.web.InboundQATest@dc9876b]" started-at="2026-01-23T16:49:19 IST" name="checkOrderStatusAfterInboundQAdone" finished-at="2026-01-23T16:50:05 IST" duration-ms="46071" status="PASS">
          <reporter-output>
          </reporter-output>
        </test-method> <!-- checkOrderStatusAfterInboundQAdone -->
      </class> <!-- com.uiFramework.Genesis.regression.web.InboundQATest -->
    </test> <!-- regression -->
  </suite> <!-- Suite -->
</testng-results>
