<?xml version="1.0" encoding="UTF-8"?>
<!-- Generated by org.testng.reporters.JUnitReportReporter -->
<testsuite hostname="DESKTOP-CR309KG" failures="0" tests="2" name="org.contactManagement.regression.android.LoginTest" time="0.013" errors="0" timestamp="2025-09-30T11:57:17 IST" skipped="1">
  <testcase classname="org.contactManagement.regression.android.LoginTest" name="saveNUpdateContact" time="0.013"/>
  <testcase classname="org.contactManagement.regression.android.LoginTest" name="FillForm_ErrorValidation">
    <skipped/>
  </testcase> <!-- FillForm_ErrorValidation -->
</testsuite> <!-- org.contactManagement.regression.android.LoginTest -->
