<?xml version="1.0" encoding="UTF-8"?>
<!-- Generated by org.testng.reporters.JUnitReportReporter -->
<testsuite hostname="DESKTOP-UQFI3OJ" failures="2" tests="33" name="com.uiFramework.Genesis.regression.web.APPayInvoiceTest" time="251.934" errors="1" timestamp="2026-01-19T15:37:09 IST" skipped="1">
  <testcase classname="com.uiFramework.Genesis.regression.web.APPayInvoiceTest" name="shouldValidateMandatoryFieldsOnCreatePayableInvoice" time="19.863"/>
  <testcase classname="com.uiFramework.Genesis.regression.web.APPayInvoiceTest" name="shouldPayAmountAutoPopulateSameAsInvAmount" time="4.671"/>
  <testcase classname="com.uiFramework.Genesis.regression.web.APPayInvoiceTest" name="shouldNotAllowSavingWithoutInvoiceNumber" time="1.572"/>
  <testcase classname="com.uiFramework.Genesis.regression.web.APPayInvoiceTest" name="shouldNotAbleToSaveWithoutInvoiceAmt" time="9.058"/>
  <testcase classname="com.uiFramework.Genesis.regression.web.APPayInvoiceTest" name="shouldNotAbleToSaveWithoutInvoiceSummaryDetails" time="17.675"/>
  <testcase classname="com.uiFramework.Genesis.regression.web.APPayInvoiceTest" name="shouldNotAbleToSaveWithoutDueDate" time="16.444"/>
  <testcase classname="com.uiFramework.Genesis.regression.web.APPayInvoiceTest" name="shouldEnsureDueDateIsGreaterThanInvoiceDate" time="3.236"/>
  <testcase classname="com.uiFramework.Genesis.regression.web.APPayInvoiceTest" name="shouldValidateNumberOfLineItems" time="30.304"/>
  <testcase classname="com.uiFramework.Genesis.regression.web.APPayInvoiceTest" name="shouldPayAmountReqForSaveBatch" time="1.777"/>
  <testcase classname="com.uiFramework.Genesis.regression.web.APPayInvoiceTest" name="shouldShowPayAmountCalCorrectly" time="0.340"/>
  <testcase classname="com.uiFramework.Genesis.regression.web.APPayInvoiceTest" name="shouldShowPOPUpIfPayAmountMoreThanInvoiceAmt" time="8.145"/>
  <testcase classname="com.uiFramework.Genesis.regression.web.APPayInvoiceTest" name="shouldAbleToViewInvoiceOnBatchInvoice" time="20.954"/>
  <testcase classname="com.uiFramework.Genesis.regression.web.APPayInvoiceTest" name="shouldDisplayedBatchAmountCorrectlyOnListing" time="7.432"/>
  <testcase classname="com.uiFramework.Genesis.regression.web.APPayInvoiceTest" name="shouldDisplayedCarrierCodeCorrectlyOnListing" time="0.193"/>
  <testcase classname="com.uiFramework.Genesis.regression.web.APPayInvoiceTest" name="shouldDisplayedTotalAmountCorrectlyOnListing" time="2.245"/>
  <testcase classname="com.uiFramework.Genesis.regression.web.APPayInvoiceTest" name="shouldDisplayedInvoiceNoCorrectlyOnListing" time="0.745"/>
  <testcase classname="com.uiFramework.Genesis.regression.web.APPayInvoiceTest" name="shouldDisplayedInvoiceDataCorrectlyOnListing" time="0.096"/>
  <testcase classname="com.uiFramework.Genesis.regression.web.APPayInvoiceTest" name="shouldShowSelectedCarrierWhenEditing" time="2.649"/>
  <testcase classname="com.uiFramework.Genesis.regression.web.APPayInvoiceTest" name="shouldNotAllowEditingSelectedCarrier" time="0.061"/>
  <testcase classname="com.uiFramework.Genesis.regression.web.APPayInvoiceTest" name="shouldDisplayCorrectDueDateOnEditAndKeepItNonEditable" time="0.066"/>
  <testcase classname="com.uiFramework.Genesis.regression.web.APPayInvoiceTest" name="shouldDisplayCorrectBatchNumberOnEdit" time="0.152"/>
  <testcase classname="com.uiFramework.Genesis.regression.web.APPayInvoiceTest" name="shouldDisplayCorrectFiscalPeriodOnEdit" time="0.130"/>
  <testcase classname="com.uiFramework.Genesis.regression.web.APPayInvoiceTest" name="shouldDisplayInvoiceDateAndBatchDateAsReadOnly" time="0.077"/>
  <testcase classname="com.uiFramework.Genesis.regression.web.APPayInvoiceTest" name="shouldEnableEditingOfInvoiceNumberAndAmount" time="0.073"/>
  <testcase classname="com.uiFramework.Genesis.regression.web.APPayInvoiceTest" name="shouldAllowEditingPayAmountAndInvoiceComment" time="0.060"/>
  <testcase classname="com.uiFramework.Genesis.regression.web.APPayInvoiceTest" name="shouldAllowUserToAddRecordFromEdit" time="14.128"/>
  <testcase classname="com.uiFramework.Genesis.regression.web.APPayInvoiceTest" name="shouldShowAccurateLineItemCountWhenEditing" time="5.251"/>
  <testcase classname="com.uiFramework.Genesis.regression.web.APPayInvoiceTest" name="shouldAllowUserToSaveBatchOnEdit" time="6.354"/>
  <testcase classname="com.uiFramework.Genesis.regression.web.APPayInvoiceTest" name="shouldDisplayedBatchAmountCorrectlyOnListingAfterEdit" time="23.878"/>
  <testcase classname="com.uiFramework.Genesis.regression.web.APPayInvoiceTest" name="shouldDownloadFileWhenPreviewInvoiceButtonClicked" time="30.622">
    <failure message="The following asserts failed:
	FAIL:On preview invoice File was not downloaded. when click on preview invoice expected [true] but found [false]" type="java.lang.AssertionError">
      <![CDATA[java.lang.AssertionError: The following asserts failed:
FAIL:On preview invoice File was not downloaded. when click on preview invoice expected [true] but found [false]
at org.testng.asserts.SoftAssert.assertAll(SoftAssert.java:46)
at org.testng.asserts.SoftAssert.assertAll(SoftAssert.java:30)
at com.uiFramework.Genesis.regression.web.APPayInvoiceTest.shouldDownloadFileWhenPreviewInvoiceButtonClicked(APPayInvoiceTest.java:334)
at java.base/jdk.internal.reflect.NativeMethodAccessorImpl.invoke0(Native Method)
at java.base/jdk.internal.reflect.NativeMethodAccessorImpl.invoke(NativeMethodAccessorImpl.java:77)
at java.base/jdk.internal.reflect.DelegatingMethodAccessorImpl.invoke(DelegatingMethodAccessorImpl.java:43)
at java.base/java.lang.reflect.Method.invoke(Method.java:568)
at org.testng.internal.invokers.MethodInvocationHelper.invokeMethod(MethodInvocationHelper.java:141)
at org.testng.internal.invokers.TestInvoker.invokeMethod(TestInvoker.java:686)
at org.testng.internal.invokers.TestInvoker.invokeTestMethod(TestInvoker.java:230)
at org.testng.internal.invokers.MethodRunner.runInSequence(MethodRunner.java:63)
at org.testng.internal.invokers.TestInvoker$MethodInvocationAgent.invoke(TestInvoker.java:992)
at org.testng.internal.invokers.TestInvoker.invokeTestMethods(TestInvoker.java:203)
at org.testng.internal.invokers.TestMethodWorker.invokeTestMethods(TestMethodWorker.java:154)
at org.testng.internal.invokers.TestMethodWorker.run(TestMethodWorker.java:134)
at java.base/java.util.ArrayList.forEach(ArrayList.java:1511)
at org.testng.TestRunner.privateRun(TestRunner.java:739)
at org.testng.TestRunner.run(TestRunner.java:614)
at org.testng.SuiteRunner.runTest(SuiteRunner.java:421)
at org.testng.SuiteRunner.runSequentially(SuiteRunner.java:413)
at org.testng.SuiteRunner.privateRun(SuiteRunner.java:373)
at org.testng.SuiteRunner.run(SuiteRunner.java:312)
at org.testng.SuiteRunnerWorker.runSuite(SuiteRunnerWorker.java:52)
at org.testng.SuiteRunnerWorker.run(SuiteRunnerWorker.java:95)
at org.testng.TestNG.runSuitesSequentially(TestNG.java:1274)
at org.testng.TestNG.runSuitesLocally(TestNG.java:1208)
at org.testng.TestNG.runSuites(TestNG.java:1112)
at org.testng.TestNG.run(TestNG.java:1079)
at org.testng.remote.AbstractRemoteTestNG.run(AbstractRemoteTestNG.java:115)
at org.testng.remote.RemoteTestNG.initAndRun(RemoteTestNG.java:293)
at org.testng.remote.RemoteTestNG.main(RemoteTestNG.java:91)
]]>
    </failure>
  </testcase> <!-- shouldDownloadFileWhenPreviewInvoiceButtonClicked -->
  <testcase classname="com.uiFramework.Genesis.regression.web.APPayInvoiceTest" name="shouldAllowUserToPayInvoiceSuccessfully" time="21.632">
    <failure message="The following asserts failed:
	invocie pay toast not displyed. expected [Pay invoice successful] but found [Toast message Failed]" type="java.lang.AssertionError">
      <![CDATA[java.lang.AssertionError: The following asserts failed:
invocie pay toast not displyed. expected [Pay invoice successful] but found [Toast message Failed]
at org.testng.asserts.SoftAssert.assertAll(SoftAssert.java:46)
at org.testng.asserts.SoftAssert.assertAll(SoftAssert.java:30)
at com.uiFramework.Genesis.regression.web.APPayInvoiceTest.shouldAllowUserToPayInvoiceSuccessfully(APPayInvoiceTest.java:346)
at java.base/jdk.internal.reflect.NativeMethodAccessorImpl.invoke0(Native Method)
at java.base/jdk.internal.reflect.NativeMethodAccessorImpl.invoke(NativeMethodAccessorImpl.java:77)
at java.base/jdk.internal.reflect.DelegatingMethodAccessorImpl.invoke(DelegatingMethodAccessorImpl.java:43)
at java.base/java.lang.reflect.Method.invoke(Method.java:568)
at org.testng.internal.invokers.MethodInvocationHelper.invokeMethod(MethodInvocationHelper.java:141)
at org.testng.internal.invokers.TestInvoker.invokeMethod(TestInvoker.java:686)
at org.testng.internal.invokers.TestInvoker.invokeTestMethod(TestInvoker.java:230)
at org.testng.internal.invokers.MethodRunner.runInSequence(MethodRunner.java:63)
at org.testng.internal.invokers.TestInvoker$MethodInvocationAgent.invoke(TestInvoker.java:992)
at org.testng.internal.invokers.TestInvoker.invokeTestMethods(TestInvoker.java:203)
at org.testng.internal.invokers.TestMethodWorker.invokeTestMethods(TestMethodWorker.java:154)
at org.testng.internal.invokers.TestMethodWorker.run(TestMethodWorker.java:134)
at java.base/java.util.ArrayList.forEach(ArrayList.java:1511)
at org.testng.TestRunner.privateRun(TestRunner.java:739)
at org.testng.TestRunner.run(TestRunner.java:614)
at org.testng.SuiteRunner.runTest(SuiteRunner.java:421)
at org.testng.SuiteRunner.runSequentially(SuiteRunner.java:413)
at org.testng.SuiteRunner.privateRun(SuiteRunner.java:373)
at org.testng.SuiteRunner.run(SuiteRunner.java:312)
at org.testng.SuiteRunnerWorker.runSuite(SuiteRunnerWorker.java:52)
at org.testng.SuiteRunnerWorker.run(SuiteRunnerWorker.java:95)
at org.testng.TestNG.runSuitesSequentially(TestNG.java:1274)
at org.testng.TestNG.runSuitesLocally(TestNG.java:1208)
at org.testng.TestNG.runSuites(TestNG.java:1112)
at org.testng.TestNG.run(TestNG.java:1079)
at org.testng.remote.AbstractRemoteTestNG.run(AbstractRemoteTestNG.java:115)
at org.testng.remote.RemoteTestNG.initAndRun(RemoteTestNG.java:293)
at org.testng.remote.RemoteTestNG.main(RemoteTestNG.java:91)
]]>
    </failure>
  </testcase> <!-- shouldAllowUserToPayInvoiceSuccessfully -->
  <testcase classname="com.uiFramework.Genesis.regression.web.APPayInvoiceTest" name="shouldNotDisplayBatchInGridAfterInvoicePayment" time="0.000">
    <skipped/>
  </testcase> <!-- shouldNotDisplayBatchInGridAfterInvoicePayment -->
  <testcase classname="com.uiFramework.Genesis.regression.web.APPayInvoiceTest" name="shouldHandlePaginationCorrectlyOnBatchInvoicePage" time="2.051">
    <error message="element click intercepted: Element &lt;button class=&quot;p-column-filter-clear-button p-link&quot; type=&quot;button&quot; aria-label=&quot;Clear&quot; data-pc-section=&quot;headerfilterclearbutton&quot;&gt;...&lt;/button&gt; is not clickable at point (400, 299). Other element would receive the click: &lt;div aria-hidden=&quot;true&quot; class=&quot;MuiBackdrop-root css-a7eej7&quot; style=&quot;opacity: 1; transition: opacity 225ms cubic-bezier(0.4, 0, 0.2, 1);&quot;&gt;...&lt;/div&gt;
  (Session info: chrome=144.0.7559.59)
Build info: version: &#039;4.12.0&#039;, revision: &#039;249f2a7d1b*&#039;
System info: os.name: &#039;Windows 10&#039;, os.arch: &#039;amd64&#039;, os.version: &#039;10.0&#039;, java.version: &#039;17.0.10&#039;
Driver info: org.openqa.selenium.chrome.ChromeDriver
Command: [d38aebdf3ef80098a1c6a6101a9d8258, clickElement {id=f.F55517EB4511BA2CDD518D41EE10A5B8.d.0B236FA246CFEB9E6165A9BE5831CB2B.e.4356}]
Capabilities {acceptInsecureCerts: false, browserName: chrome, browserVersion: 144.0.7559.59, chrome: {chromedriverVersion: 144.0.7559.31 (18537d992890..., userDataDir: C:\Users\EMP256\AppData\Loc...}, fedcm:accounts: true, goog:chromeOptions: {debuggerAddress: localhost:61192}, goog:processID: 135568, networkConnectionEnabled: false, pageLoadStrategy: normal, platformName: windows, proxy: Proxy(), se:cdp: ws://localhost:61192/devtoo..., se:cdpVersion: 144.0.7559.59, setWindowRect: true, strictFileInteractability: false, timeouts: {implicit: 0, pageLoad: 300000, script: 30000}, unhandledPromptBehavior: dismiss and notify, webauthn:extension:credBlob: true, webauthn:extension:largeBlob: true, webauthn:extension:minPinLength: true, webauthn:extension:prf: true, webauthn:virtualAuthenticators: true}
Element: [[ChromeDriver: chrome on windows (d38aebdf3ef80098a1c6a6101a9d8258)] -&gt; xpath: //*[@class=&#039;p-column-filter-clear-button p-link&#039;]]
Session ID: d38aebdf3ef80098a1c6a6101a9d8258" type="org.openqa.selenium.ElementClickInterceptedException">
      <![CDATA[org.openqa.selenium.ElementClickInterceptedException: element click intercepted: Element <button class="p-column-filter-clear-button p-link" type="button" aria-label="Clear" data-pc-section="headerfilterclearbutton">...</button> is not clickable at point (400, 299). Other element would receive the click: <div aria-hidden="true" class="MuiBackdrop-root css-a7eej7" style="opacity: 1; transition: opacity 225ms cubic-bezier(0.4, 0, 0.2, 1);">...</div>
  (Session info: chrome=144.0.7559.59)
Build info: version: '4.12.0', revision: '249f2a7d1b*'
System info: os.name: 'Windows 10', os.arch: 'amd64', os.version: '10.0', java.version: '17.0.10'
Driver info: org.openqa.selenium.chrome.ChromeDriver
Command: [d38aebdf3ef80098a1c6a6101a9d8258, clickElement {id=f.F55517EB4511BA2CDD518D41EE10A5B8.d.0B236FA246CFEB9E6165A9BE5831CB2B.e.4356}]
Capabilities {acceptInsecureCerts: false, browserName: chrome, browserVersion: 144.0.7559.59, chrome: {chromedriverVersion: 144.0.7559.31 (18537d992890..., userDataDir: C:\Users\EMP256\AppData\Loc...}, fedcm:accounts: true, goog:chromeOptions: {debuggerAddress: localhost:61192}, goog:processID: 135568, networkConnectionEnabled: false, pageLoadStrategy: normal, platformName: windows, proxy: Proxy(), se:cdp: ws://localhost:61192/devtoo..., se:cdpVersion: 144.0.7559.59, setWindowRect: true, strictFileInteractability: false, timeouts: {implicit: 0, pageLoad: 300000, script: 30000}, unhandledPromptBehavior: dismiss and notify, webauthn:extension:credBlob: true, webauthn:extension:largeBlob: true, webauthn:extension:minPinLength: true, webauthn:extension:prf: true, webauthn:virtualAuthenticators: true}
Element: [[ChromeDriver: chrome on windows (d38aebdf3ef80098a1c6a6101a9d8258)] -> xpath: //*[@class='p-column-filter-clear-button p-link']]
Session ID: d38aebdf3ef80098a1c6a6101a9d8258
at java.base/jdk.internal.reflect.NativeConstructorAccessorImpl.newInstance0(Native Method)
at java.base/jdk.internal.reflect.NativeConstructorAccessorImpl.newInstance(NativeConstructorAccessorImpl.java:77)
at java.base/jdk.internal.reflect.DelegatingConstructorAccessorImpl.newInstance(DelegatingConstructorAccessorImpl.java:45)
at java.base/java.lang.reflect.Constructor.newInstanceWithCaller(Constructor.java:499)
at java.base/java.lang.reflect.Constructor.newInstance(Constructor.java:480)
at org.openqa.selenium.remote.codec.w3c.W3CHttpResponseCodec.createException(W3CHttpResponseCodec.java:200)
at org.openqa.selenium.remote.codec.w3c.W3CHttpResponseCodec.decode(W3CHttpResponseCodec.java:133)
at org.openqa.selenium.remote.codec.w3c.W3CHttpResponseCodec.decode(W3CHttpResponseCodec.java:52)
at org.openqa.selenium.remote.HttpCommandExecutor.execute(HttpCommandExecutor.java:191)
at org.openqa.selenium.remote.service.DriverCommandExecutor.invokeExecute(DriverCommandExecutor.java:196)
at org.openqa.selenium.remote.service.DriverCommandExecutor.execute(DriverCommandExecutor.java:171)
at org.openqa.selenium.remote.RemoteWebDriver.execute(RemoteWebDriver.java:602)
at org.openqa.selenium.remote.RemoteWebElement.execute(RemoteWebElement.java:224)
at org.openqa.selenium.remote.RemoteWebElement.click(RemoteWebElement.java:77)
at com.uiFramework.Genesis.web.pages.ImportInvoices.paginationOnBatchInv(ImportInvoices.java:1563)
at com.uiFramework.Genesis.regression.web.APPayInvoiceTest.shouldHandlePaginationCorrectlyOnBatchInvoicePage(APPayInvoiceTest.java:360)
at java.base/jdk.internal.reflect.NativeMethodAccessorImpl.invoke0(Native Method)
at java.base/jdk.internal.reflect.NativeMethodAccessorImpl.invoke(NativeMethodAccessorImpl.java:77)
at java.base/jdk.internal.reflect.DelegatingMethodAccessorImpl.invoke(DelegatingMethodAccessorImpl.java:43)
at java.base/java.lang.reflect.Method.invoke(Method.java:568)
at org.testng.internal.invokers.MethodInvocationHelper.invokeMethod(MethodInvocationHelper.java:141)
at org.testng.internal.invokers.TestInvoker.invokeMethod(TestInvoker.java:686)
at org.testng.internal.invokers.TestInvoker.invokeTestMethod(TestInvoker.java:230)
at org.testng.internal.invokers.MethodRunner.runInSequence(MethodRunner.java:63)
at org.testng.internal.invokers.TestInvoker$MethodInvocationAgent.invoke(TestInvoker.java:992)
at org.testng.internal.invokers.TestInvoker.invokeTestMethods(TestInvoker.java:203)
at org.testng.internal.invokers.TestMethodWorker.invokeTestMethods(TestMethodWorker.java:154)
at org.testng.internal.invokers.TestMethodWorker.run(TestMethodWorker.java:134)
at java.base/java.util.ArrayList.forEach(ArrayList.java:1511)
at org.testng.TestRunner.privateRun(TestRunner.java:739)
at org.testng.TestRunner.run(TestRunner.java:614)
at org.testng.SuiteRunner.runTest(SuiteRunner.java:421)
at org.testng.SuiteRunner.runSequentially(SuiteRunner.java:413)
at org.testng.SuiteRunner.privateRun(SuiteRunner.java:373)
at org.testng.SuiteRunner.run(SuiteRunner.java:312)
at org.testng.SuiteRunnerWorker.runSuite(SuiteRunnerWorker.java:52)
at org.testng.SuiteRunnerWorker.run(SuiteRunnerWorker.java:95)
at org.testng.TestNG.runSuitesSequentially(TestNG.java:1274)
at org.testng.TestNG.runSuitesLocally(TestNG.java:1208)
at org.testng.TestNG.runSuites(TestNG.java:1112)
at org.testng.TestNG.run(TestNG.java:1079)
at org.testng.remote.AbstractRemoteTestNG.run(AbstractRemoteTestNG.java:115)
at org.testng.remote.RemoteTestNG.initAndRun(RemoteTestNG.java:293)
at org.testng.remote.RemoteTestNG.main(RemoteTestNG.java:91)
]]>
    </error>
  </testcase> <!-- shouldHandlePaginationCorrectlyOnBatchInvoicePage -->
</testsuite> <!-- com.uiFramework.Genesis.regression.web.APPayInvoiceTest -->
