<?xml version="1.0" encoding="UTF-8"?>
<!-- Generated by org.testng.reporters.JUnitReportReporter -->
<testsuite hostname="DESKTOP-UQFI3OJ" failures="0" tests="20" name="com.uiFramework.Genesis.regression.web.OutboundQATest" time="209.673" errors="0" timestamp="2026-01-23T17:13:29 IST" skipped="2">
  <testcase classname="com.uiFramework.Genesis.regression.web.OutboundQATest" name="shouldAcceptManifestForMainOrder" time="26.920"/>
  <testcase classname="com.uiFramework.Genesis.regression.web.OutboundQATest" name="shouldDisplayEditableFieldsForTrackingUpdatedRequest" time="53.493"/>
  <testcase classname="com.uiFramework.Genesis.regression.web.OutboundQATest" name="shouldCheckMandateMsgIfOrderNotSelected" time="7.759"/>
  <testcase classname="com.uiFramework.Genesis.regression.web.OutboundQATest" name="shouldNotAllowEnteringExtraReceivedOrderPieces" time="30.874"/>
  <testcase classname="com.uiFramework.Genesis.regression.web.OutboundQATest" name="shouldPopulateDefaultValueAsZero" time="1.168">
    <skipped/>
  </testcase> <!-- shouldPopulateDefaultValueAsZero -->
  <testcase classname="com.uiFramework.Genesis.regression.web.OutboundQATest" name="shouldNotAllowEnteringExtraLiteratureOrderPieces" time="5.879"/>
  <testcase classname="com.uiFramework.Genesis.regression.web.OutboundQATest" name="shouldValidateReceivedOrderPiecesWhenMarkSameQtyButtonClicked" time="1.062"/>
  <testcase classname="com.uiFramework.Genesis.regression.web.OutboundQATest" name="shouldValidateLitOrderPiecesWhenMarkSameQtyButtonClicked" time="0.098"/>
  <testcase classname="com.uiFramework.Genesis.regression.web.OutboundQATest" name="shouldDisplaySelectedLDAInGrid" time="0.064"/>
  <testcase classname="com.uiFramework.Genesis.regression.web.OutboundQATest" name="shouldDisplaySelectedManifestInGrid" time="0.069"/>
  <testcase classname="com.uiFramework.Genesis.regression.web.OutboundQATest" name="shouldDisplayCorrectTotalPiecesCount" time="0.336"/>
  <testcase classname="com.uiFramework.Genesis.regression.web.OutboundQATest" name="shouldMakeReceivedDateMandatory" time="8.280"/>
  <testcase classname="com.uiFramework.Genesis.regression.web.OutboundQATest" name="shouldMakeVoiceMailDateMandatory" time="8.773"/>
  <testcase classname="com.uiFramework.Genesis.regression.web.OutboundQATest" name="shouldVerifyReceivedAndVoicemailDatesAreCurrentDate" time="1.455"/>
  <testcase classname="com.uiFramework.Genesis.regression.web.OutboundQATest" name="shouldAllowUserToPartialOutboundQA" time="11.364"/>
  <testcase classname="com.uiFramework.Genesis.regression.web.OutboundQATest" name="shouldUpdateOrderStatusAfterPartialOutboundQADone" time="7.290"/>
  <testcase classname="com.uiFramework.Genesis.regression.web.OutboundQATest" name="shouldCheckFisrtOrderShouldBeDisable" time="4.990">
    <skipped/>
  </testcase> <!-- shouldCheckFisrtOrderShouldBeDisable -->
  <testcase classname="com.uiFramework.Genesis.regression.web.OutboundQATest" name="shouldAllowUserToOpenCompletedQA" time="17.399"/>
  <testcase classname="com.uiFramework.Genesis.regression.web.OutboundQATest" name="shouldUpdateOrderStatusAfterOutboundQADone" time="7.459"/>
  <testcase classname="com.uiFramework.Genesis.regression.web.OutboundQATest" name="shouldUpdateOrderStatusAfterSchedDellivery" time="14.941"/>
</testsuite> <!-- com.uiFramework.Genesis.regression.web.OutboundQATest -->
