<?xml version="1.0" encoding="UTF-8"?>
<!-- Generated by org.testng.reporters.JUnitReportReporter -->
<testsuite hostname="DESKTOP-UQFI3OJ" failures="3" tests="24" name="com.uiFramework.Genesis.regression.web.InboundTruckTest" time="417.530" errors="0" timestamp="2026-02-09T15:25:12 IST" skipped="1">
  <testcase classname="com.uiFramework.Genesis.regression.web.InboundTruckTest" name="shouldVerifyPalletAvailableToAddInTruck" time="13.166"/>
  <testcase classname="com.uiFramework.Genesis.regression.web.InboundTruckTest" name="shouldDisplayToastMessageOnCreateTruck" time="31.975"/>
  <testcase classname="com.uiFramework.Genesis.regression.web.InboundTruckTest" name="shouldCheckDefaultCostEstimate" time="13.835"/>
  <testcase classname="com.uiFramework.Genesis.regression.web.InboundTruckTest" name="shouldCheckOrderProcessShowcorrect" time="2.813"/>
  <testcase classname="com.uiFramework.Genesis.regression.web.InboundTruckTest" name="shouldCreateTruckSuccessfullyAndVerifyTotalPiecesAndPalletQty" time="31.057"/>
  <testcase classname="com.uiFramework.Genesis.regression.web.InboundTruckTest" name="shouldVerifyTruckStatusAfterTruckCreation" time="0.319"/>
  <testcase classname="com.uiFramework.Genesis.regression.web.InboundTruckTest" name="shouldMatchCreatedTruckDetails" time="12.931"/>
  <testcase classname="com.uiFramework.Genesis.regression.web.InboundTruckTest" name="shouldUpdateTruckStatusOnMarkAsArrived" time="13.294"/>
  <testcase classname="com.uiFramework.Genesis.regression.web.InboundTruckTest" name="shouldDisplayTruckDetailsInEditMode" time="3.129"/>
  <testcase classname="com.uiFramework.Genesis.regression.web.InboundTruckTest" name="shouldRemovePalletFromTruckAndUpdateWeightAndEmptyStatus" time="3.129"/>
  <testcase classname="com.uiFramework.Genesis.regression.web.InboundTruckTest" name="shouldMakeRemovedPalletAvailableToAddInInboundCreateTruck" time="20.408"/>
  <testcase classname="com.uiFramework.Genesis.regression.web.InboundTruckTest" name="shouldAddPalletInEditModeWithCalculations" time="4.236">
    <failure message="The following asserts failed:
	Truck status not Match after Adding pallets  expected [truck loaded] but found [waiting for load]" type="java.lang.AssertionError">
      <![CDATA[java.lang.AssertionError: The following asserts failed:
Truck status not Match after Adding pallets  expected [truck loaded] but found [waiting for load]
at org.testng.asserts.SoftAssert.assertAll(SoftAssert.java:46)
at org.testng.asserts.SoftAssert.assertAll(SoftAssert.java:30)
at com.uiFramework.Genesis.regression.web.InboundTruckTest.shouldAddPalletInEditModeWithCalculations(InboundTruckTest.java:175)
at java.base/jdk.internal.reflect.NativeMethodAccessorImpl.invoke0(Native Method)
at java.base/jdk.internal.reflect.NativeMethodAccessorImpl.invoke(NativeMethodAccessorImpl.java:77)
at java.base/jdk.internal.reflect.DelegatingMethodAccessorImpl.invoke(DelegatingMethodAccessorImpl.java:43)
at java.base/java.lang.reflect.Method.invoke(Method.java:568)
at org.testng.internal.invokers.MethodInvocationHelper.invokeMethod(MethodInvocationHelper.java:141)
at org.testng.internal.invokers.TestInvoker.invokeMethod(TestInvoker.java:686)
at org.testng.internal.invokers.TestInvoker.invokeTestMethod(TestInvoker.java:230)
at org.testng.internal.invokers.MethodRunner.runInSequence(MethodRunner.java:63)
at org.testng.internal.invokers.TestInvoker$MethodInvocationAgent.invoke(TestInvoker.java:992)
at org.testng.internal.invokers.TestInvoker.invokeTestMethods(TestInvoker.java:203)
at org.testng.internal.invokers.TestMethodWorker.invokeTestMethods(TestMethodWorker.java:154)
at org.testng.internal.invokers.TestMethodWorker.run(TestMethodWorker.java:134)
at java.base/java.util.ArrayList.forEach(ArrayList.java:1511)
at org.testng.TestRunner.privateRun(TestRunner.java:739)
at org.testng.TestRunner.run(TestRunner.java:614)
at org.testng.SuiteRunner.runTest(SuiteRunner.java:421)
at org.testng.SuiteRunner.runSequentially(SuiteRunner.java:413)
at org.testng.SuiteRunner.privateRun(SuiteRunner.java:373)
at org.testng.SuiteRunner.run(SuiteRunner.java:312)
at org.testng.SuiteRunnerWorker.runSuite(SuiteRunnerWorker.java:52)
at org.testng.SuiteRunnerWorker.run(SuiteRunnerWorker.java:95)
at org.testng.TestNG.runSuitesSequentially(TestNG.java:1274)
at org.testng.TestNG.runSuitesLocally(TestNG.java:1208)
at org.testng.TestNG.runSuites(TestNG.java:1112)
at org.testng.TestNG.run(TestNG.java:1079)
at org.testng.remote.AbstractRemoteTestNG.run(AbstractRemoteTestNG.java:115)
at org.testng.remote.RemoteTestNG.initAndRun(RemoteTestNG.java:293)
at org.testng.remote.RemoteTestNG.main(RemoteTestNG.java:91)
]]>
    </failure>
  </testcase> <!-- shouldAddPalletInEditModeWithCalculations -->
  <testcase classname="com.uiFramework.Genesis.regression.web.InboundTruckTest" name="shouldNotAllowAddingPalletToCreateTruck" time="0.001">
    <skipped/>
  </testcase> <!-- shouldNotAllowAddingPalletToCreateTruck -->
  <testcase classname="com.uiFramework.Genesis.regression.web.InboundTruckTest" name="shouldDeleteTruckAndMakePalletAvailableToAddInInboundTruck" time="18.764">
    <failure message="The following asserts failed:
	&#039;No record found&#039; is displayed .” Test Failed expected [false] but found [true]" type="java.lang.AssertionError">
      <![CDATA[java.lang.AssertionError: The following asserts failed:
'No record found' is displayed .” Test Failed expected [false] but found [true]
at org.testng.asserts.SoftAssert.assertAll(SoftAssert.java:46)
at org.testng.asserts.SoftAssert.assertAll(SoftAssert.java:30)
at com.uiFramework.Genesis.regression.web.InboundTruckTest.shouldDeleteTruckAndMakePalletAvailableToAddInInboundTruck(InboundTruckTest.java:198)
at java.base/jdk.internal.reflect.NativeMethodAccessorImpl.invoke0(Native Method)
at java.base/jdk.internal.reflect.NativeMethodAccessorImpl.invoke(NativeMethodAccessorImpl.java:77)
at java.base/jdk.internal.reflect.DelegatingMethodAccessorImpl.invoke(DelegatingMethodAccessorImpl.java:43)
at java.base/java.lang.reflect.Method.invoke(Method.java:568)
at org.testng.internal.invokers.MethodInvocationHelper.invokeMethod(MethodInvocationHelper.java:141)
at org.testng.internal.invokers.TestInvoker.invokeMethod(TestInvoker.java:686)
at org.testng.internal.invokers.TestInvoker.invokeTestMethod(TestInvoker.java:230)
at org.testng.internal.invokers.MethodRunner.runInSequence(MethodRunner.java:63)
at org.testng.internal.invokers.TestInvoker$MethodInvocationAgent.invoke(TestInvoker.java:992)
at org.testng.internal.invokers.TestInvoker.invokeTestMethods(TestInvoker.java:203)
at org.testng.internal.invokers.TestMethodWorker.invokeTestMethods(TestMethodWorker.java:154)
at org.testng.internal.invokers.TestMethodWorker.run(TestMethodWorker.java:134)
at java.base/java.util.ArrayList.forEach(ArrayList.java:1511)
at org.testng.TestRunner.privateRun(TestRunner.java:739)
at org.testng.TestRunner.run(TestRunner.java:614)
at org.testng.SuiteRunner.runTest(SuiteRunner.java:421)
at org.testng.SuiteRunner.runSequentially(SuiteRunner.java:413)
at org.testng.SuiteRunner.privateRun(SuiteRunner.java:373)
at org.testng.SuiteRunner.run(SuiteRunner.java:312)
at org.testng.SuiteRunnerWorker.runSuite(SuiteRunnerWorker.java:52)
at org.testng.SuiteRunnerWorker.run(SuiteRunnerWorker.java:95)
at org.testng.TestNG.runSuitesSequentially(TestNG.java:1274)
at org.testng.TestNG.runSuitesLocally(TestNG.java:1208)
at org.testng.TestNG.runSuites(TestNG.java:1112)
at org.testng.TestNG.run(TestNG.java:1079)
at org.testng.remote.AbstractRemoteTestNG.run(AbstractRemoteTestNG.java:115)
at org.testng.remote.RemoteTestNG.initAndRun(RemoteTestNG.java:293)
at org.testng.remote.RemoteTestNG.main(RemoteTestNG.java:91)
]]>
    </failure>
  </testcase> <!-- shouldDeleteTruckAndMakePalletAvailableToAddInInboundTruck -->
  <testcase classname="com.uiFramework.Genesis.regression.web.InboundTruckTest" name="shouldCreateEmptyInboundTruck" time="30.136"/>
  <testcase classname="com.uiFramework.Genesis.regression.web.InboundTruckTest" name="shouldVerifyEmptyTruckQtyAndStatus" time="0.105"/>
  <testcase classname="com.uiFramework.Genesis.regression.web.InboundTruckTest" name="shouldUpdateOrderStatusWhenTruckLoaded" time="27.020">
    <failure message="The following asserts failed:
	Not Match expected [Inbound QA Pending] but found [Draft]" type="java.lang.AssertionError">
      <![CDATA[java.lang.AssertionError: The following asserts failed:
Not Match expected [Inbound QA Pending] but found [Draft]
at org.testng.asserts.SoftAssert.assertAll(SoftAssert.java:46)
at org.testng.asserts.SoftAssert.assertAll(SoftAssert.java:30)
at com.uiFramework.Genesis.regression.web.InboundTruckTest.shouldUpdateOrderStatusWhenTruckLoaded(InboundTruckTest.java:237)
at java.base/jdk.internal.reflect.NativeMethodAccessorImpl.invoke0(Native Method)
at java.base/jdk.internal.reflect.NativeMethodAccessorImpl.invoke(NativeMethodAccessorImpl.java:77)
at java.base/jdk.internal.reflect.DelegatingMethodAccessorImpl.invoke(DelegatingMethodAccessorImpl.java:43)
at java.base/java.lang.reflect.Method.invoke(Method.java:568)
at org.testng.internal.invokers.MethodInvocationHelper.invokeMethod(MethodInvocationHelper.java:141)
at org.testng.internal.invokers.TestInvoker.invokeMethod(TestInvoker.java:686)
at org.testng.internal.invokers.TestInvoker.invokeTestMethod(TestInvoker.java:230)
at org.testng.internal.invokers.MethodRunner.runInSequence(MethodRunner.java:63)
at org.testng.internal.invokers.TestInvoker$MethodInvocationAgent.invoke(TestInvoker.java:992)
at org.testng.internal.invokers.TestInvoker.invokeTestMethods(TestInvoker.java:203)
at org.testng.internal.invokers.TestMethodWorker.invokeTestMethods(TestMethodWorker.java:154)
at org.testng.internal.invokers.TestMethodWorker.run(TestMethodWorker.java:134)
at java.base/java.util.ArrayList.forEach(ArrayList.java:1511)
at org.testng.TestRunner.privateRun(TestRunner.java:739)
at org.testng.TestRunner.run(TestRunner.java:614)
at org.testng.SuiteRunner.runTest(SuiteRunner.java:421)
at org.testng.SuiteRunner.runSequentially(SuiteRunner.java:413)
at org.testng.SuiteRunner.privateRun(SuiteRunner.java:373)
at org.testng.SuiteRunner.run(SuiteRunner.java:312)
at org.testng.SuiteRunnerWorker.runSuite(SuiteRunnerWorker.java:52)
at org.testng.SuiteRunnerWorker.run(SuiteRunnerWorker.java:95)
at org.testng.TestNG.runSuitesSequentially(TestNG.java:1274)
at org.testng.TestNG.runSuitesLocally(TestNG.java:1208)
at org.testng.TestNG.runSuites(TestNG.java:1112)
at org.testng.TestNG.run(TestNG.java:1079)
at org.testng.remote.AbstractRemoteTestNG.run(AbstractRemoteTestNG.java:115)
at org.testng.remote.RemoteTestNG.initAndRun(RemoteTestNG.java:293)
at org.testng.remote.RemoteTestNG.main(RemoteTestNG.java:91)
]]>
    </failure>
  </testcase> <!-- shouldUpdateOrderStatusWhenTruckLoaded -->
  <testcase classname="com.uiFramework.Genesis.regression.web.InboundTruckTest" name="shouldNotDeleteTruckIfQADone" time="10.038"/>
  <testcase classname="com.uiFramework.Genesis.regression.web.InboundTruckTest" name="shouldNotAllowEditPalletIfQADone" time="8.158"/>
  <testcase classname="com.uiFramework.Genesis.regression.web.InboundTruckTest" name="shouldApplyFiltersCorrectlyOnInboundTruck" time="77.475"/>
  <testcase classname="com.uiFramework.Genesis.regression.web.InboundTruckTest" name="shouldApplyColumnFilterCorrectlyOnInboundTruck" time="35.677"/>
  <testcase classname="com.uiFramework.Genesis.regression.web.InboundTruckTest" name="shouldApplyColumnFilterCorrectlyOnInboundTruckCreate" time="41.896"/>
  <testcase classname="com.uiFramework.Genesis.regression.web.InboundTruckTest" name="shouldCheckMandateFiledForImportTruck" time="10.073"/>
  <testcase classname="com.uiFramework.Genesis.regression.web.InboundTruckTest" name="shouldCreateBulkInboundTruck" time="7.895"/>
</testsuite> <!-- com.uiFramework.Genesis.regression.web.InboundTruckTest -->
