<?xml version="1.0" encoding="UTF-8"?>
<!-- Generated by org.testng.reporters.JUnitReportReporter -->
<testsuite hostname="DESKTOP-UQFI3OJ" failures="0" tests="8" name="com.uiFramework.Genesis.regression.web.UpdateTrackingTest" time="93.059" errors="0" timestamp="2026-02-09T15:25:12 IST" skipped="0">
  <testcase classname="com.uiFramework.Genesis.regression.web.UpdateTrackingTest" name="shouldShowErrorMessageIfReqFieldNotSelected" time="16.133"/>
  <testcase classname="com.uiFramework.Genesis.regression.web.UpdateTrackingTest" name="shouldAllowUserToUpdateMultipleRequestsAtOnce" time="23.142"/>
  <testcase classname="com.uiFramework.Genesis.regression.web.UpdateTrackingTest" name="shouldAllowUserToDownloadExcelOfGridData" time="5.570"/>
  <testcase classname="com.uiFramework.Genesis.regression.web.UpdateTrackingTest" name="shouldNotAllowFileUpdateWithoutTrackingNumberDetails" time="10.030"/>
  <testcase classname="com.uiFramework.Genesis.regression.web.UpdateTrackingTest" name="shouldNotAllowFileUpdateWithoutETADetails" time="7.820"/>
  <testcase classname="com.uiFramework.Genesis.regression.web.UpdateTrackingTest" name="shouldNotAllowUpdateWithoutRequiredDetails" time="8.065"/>
  <testcase classname="com.uiFramework.Genesis.regression.web.UpdateTrackingTest" name="shouldAllowUpdateWithValidData" time="7.120"/>
  <testcase classname="com.uiFramework.Genesis.regression.web.UpdateTrackingTest" name="shouldValidateMultipleRequestData" time="15.179"/>
</testsuite> <!-- com.uiFramework.Genesis.regression.web.UpdateTrackingTest -->
