<?xml version="1.0" encoding="UTF-8"?>
<!-- Generated by org.testng.reporters.JUnitReportReporter -->
<testsuite hostname="DESKTOP-UQFI3OJ" failures="0" tests="6" name="com.uiFramework.Genesis.regression.web.APLookUpPage" time="22.768" errors="0" timestamp="2026-01-19T15:37:09 IST" skipped="0">
  <testcase classname="com.uiFramework.Genesis.regression.web.APLookUpPage" name="shouldDisplayCorrectInvoiceNumberAndAmountWhenSearchedByInvoice" time="12.946"/>
  <testcase classname="com.uiFramework.Genesis.regression.web.APLookUpPage" name="shouldDisplayInvoiceDataByInvoice" time="0.115"/>
  <testcase classname="com.uiFramework.Genesis.regression.web.APLookUpPage" name="shouldDisplayClearButtonOnByInvoicePage" time="0.215"/>
  <testcase classname="com.uiFramework.Genesis.regression.web.APLookUpPage" name="shouldSearchDataInAPLookup" time="2.085"/>
  <testcase classname="com.uiFramework.Genesis.regression.web.APLookUpPage" name="shouldAllowUserToSearchAndCheckDueDate" time="5.175"/>
  <testcase classname="com.uiFramework.Genesis.regression.web.APLookUpPage" name="shouldAllowUserToDownloadExcelFromBatchGrid" time="2.232"/>
</testsuite> <!-- com.uiFramework.Genesis.regression.web.APLookUpPage -->
