<?xml version="1.0" encoding="UTF-8"?>
<!-- Generated by org.testng.reporters.JUnitReportReporter -->
<testsuite hostname="appadmins-Mac-mini.local" failures="0" tests="3" name="org.contactManagement.regression.web.OrderTest" time="32.210" errors="0" timestamp="2025-10-15T16:24:18 IST" skipped="0">
  <testcase classname="org.contactManagement.regression.web.OrderTest" name="shouldDisplayOrderFormOnCreateButtonClick" time="4.729"/>
  <testcase classname="org.contactManagement.regression.web.OrderTest" name="shouldShowErrorMessagesForMandatoryFields" time="1.413"/>
  <testcase classname="org.contactManagement.regression.web.OrderTest" name="shouldKeepConsigneeDropdownEmptyUntilCustomerSelected" time="26.068"/>
</testsuite> <!-- org.contactManagement.regression.web.OrderTest -->
