<?xml version="1.0" encoding="UTF-8"?>
<!-- Generated by org.testng.reporters.JUnitReportReporter -->
<testsuite hostname="appadmins-Mac-mini.local" failures="0" tests="16" name="org.contactManagement.regression.web.OutboundQATest" time="32.435" errors="2" timestamp="2025-10-09T14:30:00 IST" skipped="14">
  <testcase classname="org.contactManagement.regression.web.OutboundQATest" name="beforeSuite" time="32.432">
    <error message="Failed to start SafariDriver" type="java.lang.RuntimeException">
      <![CDATA[java.lang.RuntimeException: Failed to start SafariDriver
at com.uiFramework.Genesis.browserConfiguration.SafariDriverFactory.getDriver(SafariDriverFactory.java:41)
at com.uiFramework.Genesis.browserConfiguration.BrowserFactory.createDriver(BrowserFactory.java:164)
at com.uiFramework.Genesis.browserConfiguration.BrowserFactory.getDriver(BrowserFactory.java:180)
at org.contactManagement.regression.web.TestBase.beforeSuite(TestBase.java:42)
at java.base/jdk.internal.reflect.NativeMethodAccessorImpl.invoke0(Native Method)
at java.base/jdk.internal.reflect.NativeMethodAccessorImpl.invoke(NativeMethodAccessorImpl.java:77)
at java.base/jdk.internal.reflect.DelegatingMethodAccessorImpl.invoke(DelegatingMethodAccessorImpl.java:43)
at java.base/java.lang.reflect.Method.invoke(Method.java:569)
at org.testng.internal.invokers.MethodInvocationHelper.invokeMethod(MethodInvocationHelper.java:141)
at org.testng.internal.invokers.MethodInvocationHelper.invokeMethodConsideringTimeout(MethodInvocationHelper.java:71)
at org.testng.internal.invokers.ConfigInvoker.invokeConfigurationMethod(ConfigInvoker.java:400)
at org.testng.internal.invokers.ConfigInvoker.invokeConfigurations(ConfigInvoker.java:333)
at org.testng.SuiteRunner.privateRun(SuiteRunner.java:358)
at org.testng.SuiteRunner.run(SuiteRunner.java:312)
at org.testng.SuiteRunnerWorker.runSuite(SuiteRunnerWorker.java:52)
at org.testng.SuiteRunnerWorker.run(SuiteRunnerWorker.java:95)
at org.testng.TestNG.runSuitesSequentially(TestNG.java:1274)
at org.testng.TestNG.runSuitesLocally(TestNG.java:1208)
at org.testng.TestNG.runSuites(TestNG.java:1112)
at org.testng.TestNG.run(TestNG.java:1079)
at org.testng.remote.AbstractRemoteTestNG.run(AbstractRemoteTestNG.java:115)
at org.testng.remote.RemoteTestNG.initAndRun(RemoteTestNG.java:293)
at org.testng.remote.RemoteTestNG.main(RemoteTestNG.java:91)
Caused by: org.openqa.selenium.SessionNotCreatedException: Could not start a new session. Response code 500. Message: Could not create a session: The session timed out while connecting to a Safari instance. 
Host info: host: 'appadmins-Mac-mini.local', ip: '127.0.0.1'
Build info: version: '4.12.0', revision: '249f2a7d1b*'
System info: os.name: 'Mac OS X', os.arch: 'aarch64', os.version: '14.7', java.version: '17.0.16'
Driver info: org.openqa.selenium.safari.SafariDriver
Command: [null, newSession {capabilities=[Capabilities {browserName: safari, safari:automaticInspection: false, safari:diagnose: true}]}]
Capabilities {browserName: safari, safari:automaticInspection: false, safari:diagnose: true}
at org.openqa.selenium.remote.ProtocolHandshake.createSession(ProtocolHandshake.java:140)
at org.openqa.selenium.remote.ProtocolHandshake.createSession(ProtocolHandshake.java:96)
at org.openqa.selenium.remote.ProtocolHandshake.createSession(ProtocolHandshake.java:68)
at org.openqa.selenium.remote.HttpCommandExecutor.execute(HttpCommandExecutor.java:163)
at org.openqa.selenium.remote.service.DriverCommandExecutor.invokeExecute(DriverCommandExecutor.java:196)
at org.openqa.selenium.remote.service.DriverCommandExecutor.execute(DriverCommandExecutor.java:171)
at org.openqa.selenium.remote.RemoteWebDriver.execute(RemoteWebDriver.java:602)
at org.openqa.selenium.remote.RemoteWebDriver.startSession(RemoteWebDriver.java:236)
at org.openqa.selenium.remote.RemoteWebDriver.<init>(RemoteWebDriver.java:163)
at org.openqa.selenium.safari.SafariDriver.<init>(SafariDriver.java:83)
at org.openqa.selenium.safari.SafariDriver.<init>(SafariDriver.java:79)
at org.openqa.selenium.safari.SafariDriver.<init>(SafariDriver.java:56)
at com.uiFramework.Genesis.browserConfiguration.SafariDriverFactory.getDriver(SafariDriverFactory.java:28)
... 22 more
]]>
    </error>
  </testcase> <!-- beforeSuite -->
  <testcase classname="org.contactManagement.regression.web.OutboundQATest" name="befreclass" time="0.002">
    <error message="Input must be set" type="java.lang.IllegalArgumentException">
      <![CDATA[java.lang.IllegalArgumentException: Input must be set
at org.openqa.selenium.internal.Require.nonNull(Require.java:60)
at org.openqa.selenium.support.ui.FluentWait.<init>(FluentWait.java:94)
at org.openqa.selenium.support.ui.WebDriverWait.<init>(WebDriverWait.java:74)
at org.openqa.selenium.support.ui.WebDriverWait.<init>(WebDriverWait.java:43)
at com.uiFramework.Genesis.pages.CommonPage.<init>(CommonPage.java:53)
at org.contactManagement.regression.web.OutboundQATest.befreclass(OutboundQATest.java:36)
at java.base/jdk.internal.reflect.NativeMethodAccessorImpl.invoke0(Native Method)
at java.base/jdk.internal.reflect.NativeMethodAccessorImpl.invoke(NativeMethodAccessorImpl.java:77)
at java.base/jdk.internal.reflect.DelegatingMethodAccessorImpl.invoke(DelegatingMethodAccessorImpl.java:43)
at java.base/java.lang.reflect.Method.invoke(Method.java:569)
at org.testng.internal.invokers.MethodInvocationHelper.invokeMethod(MethodInvocationHelper.java:141)
at org.testng.internal.invokers.MethodInvocationHelper.invokeMethodConsideringTimeout(MethodInvocationHelper.java:71)
at org.testng.internal.invokers.ConfigInvoker.invokeConfigurationMethod(ConfigInvoker.java:400)
at org.testng.internal.invokers.ConfigInvoker.invokeConfigurations(ConfigInvoker.java:333)
at org.testng.internal.invokers.TestMethodWorker.invokeBeforeClassMethods(TestMethodWorker.java:188)
at org.testng.internal.invokers.TestMethodWorker.run(TestMethodWorker.java:128)
at java.base/java.util.ArrayList.forEach(ArrayList.java:1511)
at org.testng.TestRunner.privateRun(TestRunner.java:739)
at org.testng.TestRunner.run(TestRunner.java:614)
at org.testng.SuiteRunner.runTest(SuiteRunner.java:421)
at org.testng.SuiteRunner.runSequentially(SuiteRunner.java:413)
at org.testng.SuiteRunner.privateRun(SuiteRunner.java:373)
at org.testng.SuiteRunner.run(SuiteRunner.java:312)
at org.testng.SuiteRunnerWorker.runSuite(SuiteRunnerWorker.java:52)
at org.testng.SuiteRunnerWorker.run(SuiteRunnerWorker.java:95)
at org.testng.TestNG.runSuitesSequentially(TestNG.java:1274)
at org.testng.TestNG.runSuitesLocally(TestNG.java:1208)
at org.testng.TestNG.runSuites(TestNG.java:1112)
at org.testng.TestNG.run(TestNG.java:1079)
at org.testng.remote.AbstractRemoteTestNG.run(AbstractRemoteTestNG.java:115)
at org.testng.remote.RemoteTestNG.initAndRun(RemoteTestNG.java:293)
at org.testng.remote.RemoteTestNG.main(RemoteTestNG.java:91)
]]>
    </error>
  </testcase> <!-- befreclass -->
  <testcase classname="org.contactManagement.regression.web.OutboundQATest" name="shouldDisplayEditableFieldsForTrackingUpdatedRequest" time="0.000">
    <skipped/>
  </testcase> <!-- shouldDisplayEditableFieldsForTrackingUpdatedRequest -->
  <testcase classname="org.contactManagement.regression.web.OutboundQATest" name="shouldNotAllowEnteringExtraReceivedOrderPieces" time="0.000">
    <skipped/>
  </testcase> <!-- shouldNotAllowEnteringExtraReceivedOrderPieces -->
  <testcase classname="org.contactManagement.regression.web.OutboundQATest" name="shouldPopulateDefaultValueAsZero" time="0.000">
    <skipped/>
  </testcase> <!-- shouldPopulateDefaultValueAsZero -->
  <testcase classname="org.contactManagement.regression.web.OutboundQATest" name="shouldNotAllowEnteringExtraLiteratureOrderPieces" time="0.001">
    <skipped/>
  </testcase> <!-- shouldNotAllowEnteringExtraLiteratureOrderPieces -->
  <testcase classname="org.contactManagement.regression.web.OutboundQATest" name="shouldValidateReceivedOrderPiecesWhenMarkSameQtyButtonClicked" time="0.000">
    <skipped/>
  </testcase> <!-- shouldValidateReceivedOrderPiecesWhenMarkSameQtyButtonClicked -->
  <testcase classname="org.contactManagement.regression.web.OutboundQATest" name="shouldValidateLitOrderPiecesWhenMarkSameQtyButtonClicked" time="0.000">
    <skipped/>
  </testcase> <!-- shouldValidateLitOrderPiecesWhenMarkSameQtyButtonClicked -->
  <testcase classname="org.contactManagement.regression.web.OutboundQATest" name="shouldDisplaySelectedLDAInGrid" time="0.000">
    <skipped/>
  </testcase> <!-- shouldDisplaySelectedLDAInGrid -->
  <testcase classname="org.contactManagement.regression.web.OutboundQATest" name="shouldDisplaySelectedManifestInGrid" time="0.000">
    <skipped/>
  </testcase> <!-- shouldDisplaySelectedManifestInGrid -->
  <testcase classname="org.contactManagement.regression.web.OutboundQATest" name="shouldDisplayCorrectTotalPiecesCount" time="0.000">
    <skipped/>
  </testcase> <!-- shouldDisplayCorrectTotalPiecesCount -->
  <testcase classname="org.contactManagement.regression.web.OutboundQATest" name="shouldMakeReceivedDateMandatory" time="0.000">
    <skipped/>
  </testcase> <!-- shouldMakeReceivedDateMandatory -->
  <testcase classname="org.contactManagement.regression.web.OutboundQATest" name="shouldMakeVoiceMailDateMandatory" time="0.000">
    <skipped/>
  </testcase> <!-- shouldMakeVoiceMailDateMandatory -->
  <testcase classname="org.contactManagement.regression.web.OutboundQATest" name="shouldVerifyReceivedAndVoicemailDatesAreCurrentDate" time="0.000">
    <skipped/>
  </testcase> <!-- shouldVerifyReceivedAndVoicemailDatesAreCurrentDate -->
  <testcase classname="org.contactManagement.regression.web.OutboundQATest" name="shouldAllowUserToCompleteOutboundQA" time="0.000">
    <skipped/>
  </testcase> <!-- shouldAllowUserToCompleteOutboundQA -->
  <testcase classname="org.contactManagement.regression.web.OutboundQATest" name="shouldAllowUserToOpenCompletedQA" time="0.000">
    <skipped/>
  </testcase> <!-- shouldAllowUserToOpenCompletedQA -->
</testsuite> <!-- org.contactManagement.regression.web.OutboundQATest -->
