<?xml version="1.0" encoding="UTF-8"?>
<!-- Generated by org.testng.reporters.JUnitReportReporter -->
<testsuite hostname="DESKTOP-UQFI3OJ" failures="1" tests="22" name="com.uiFramework.Genesis.regression.web.OutboundPalletTest" time="232.906" errors="0" timestamp="2026-01-23T17:13:29 IST" skipped="4">
  <testcase classname="com.uiFramework.Genesis.regression.web.OutboundPalletTest" name="shouldCreateOutboundPalletForMainOrder" time="13.872"/>
  <testcase classname="com.uiFramework.Genesis.regression.web.OutboundPalletTest" name="shouldCreateOutboundPalletSuccessfully" time="9.458"/>
  <testcase classname="com.uiFramework.Genesis.regression.web.OutboundPalletTest" name="shouldDisplaySelectedWarehouseOrderInGrid" time="9.483"/>
  <testcase classname="com.uiFramework.Genesis.regression.web.OutboundPalletTest" name="shouldPerformMergeFunctionOnOutboundPallet" time="12.297"/>
  <testcase classname="com.uiFramework.Genesis.regression.web.OutboundPalletTest" name="shouldCreateSinglePalletOnMergeClick" time="1.309"/>
  <testcase classname="com.uiFramework.Genesis.regression.web.OutboundPalletTest" name="shouldIncludeMultipleLDAsInSinglePallet" time="0.073"/>
  <testcase classname="com.uiFramework.Genesis.regression.web.OutboundPalletTest" name="shouldUpdatePalletStatusAfterPalletCreation" time="3.099"/>
  <testcase classname="com.uiFramework.Genesis.regression.web.OutboundPalletTest" name="shouldAllowEditPalletWithAutoDeletedPallet" time="19.292"/>
  <testcase classname="com.uiFramework.Genesis.regression.web.OutboundPalletTest" name="verifyAutoDeletedPalletNotVisibleAndOrderIsAvailableToAdd" time="18.143"/>
  <testcase classname="com.uiFramework.Genesis.regression.web.OutboundPalletTest" name="shouldCreatePalletAndMaintainCheckboxSelectionAcrossPagination" time="25.276"/>
  <testcase classname="com.uiFramework.Genesis.regression.web.OutboundPalletTest" name="verifyCreatedOrderIsAvailableInPallet" time="7.165"/>
  <testcase classname="com.uiFramework.Genesis.regression.web.OutboundPalletTest" name="shouldDisplayPalletStatusInListingAfterObtPalletCreation" time="0.055"/>
  <testcase classname="com.uiFramework.Genesis.regression.web.OutboundPalletTest" name="shouldAddPalletInEditModeWithPiecesAndWeightWithNoPopup" time="15.243"/>
  <testcase classname="com.uiFramework.Genesis.regression.web.OutboundPalletTest" name="shouldNotAllowAddedOrdersForPalletCreation" time="15.695"/>
  <testcase classname="com.uiFramework.Genesis.regression.web.OutboundPalletTest" name="shouldVerifyPalletQuantityOnOutboundPallet" time="18.029">
    <failure message="The following asserts failed:
	Pallet quantity not same on create and listing page expected [9] but found []" type="java.lang.AssertionError">
      <![CDATA[java.lang.AssertionError: The following asserts failed:
Pallet quantity not same on create and listing page expected [9] but found []
at org.testng.asserts.SoftAssert.assertAll(SoftAssert.java:46)
at org.testng.asserts.SoftAssert.assertAll(SoftAssert.java:30)
at com.uiFramework.Genesis.regression.web.OutboundPalletTest.shouldVerifyPalletQuantityOnOutboundPallet(OutboundPalletTest.java:220)
at java.base/jdk.internal.reflect.NativeMethodAccessorImpl.invoke0(Native Method)
at java.base/jdk.internal.reflect.NativeMethodAccessorImpl.invoke(NativeMethodAccessorImpl.java:77)
at java.base/jdk.internal.reflect.DelegatingMethodAccessorImpl.invoke(DelegatingMethodAccessorImpl.java:43)
at java.base/java.lang.reflect.Method.invoke(Method.java:568)
at org.testng.internal.invokers.MethodInvocationHelper.invokeMethod(MethodInvocationHelper.java:141)
at org.testng.internal.invokers.TestInvoker.invokeMethod(TestInvoker.java:686)
at org.testng.internal.invokers.TestInvoker.invokeTestMethod(TestInvoker.java:230)
at org.testng.internal.invokers.MethodRunner.runInSequence(MethodRunner.java:63)
at org.testng.internal.invokers.TestInvoker$MethodInvocationAgent.invoke(TestInvoker.java:992)
at org.testng.internal.invokers.TestInvoker.invokeTestMethods(TestInvoker.java:203)
at org.testng.internal.invokers.TestMethodWorker.invokeTestMethods(TestMethodWorker.java:154)
at org.testng.internal.invokers.TestMethodWorker.run(TestMethodWorker.java:134)
at java.base/java.util.ArrayList.forEach(ArrayList.java:1511)
at org.testng.TestRunner.privateRun(TestRunner.java:739)
at org.testng.TestRunner.run(TestRunner.java:614)
at org.testng.SuiteRunner.runTest(SuiteRunner.java:421)
at org.testng.SuiteRunner.runSequentially(SuiteRunner.java:413)
at org.testng.SuiteRunner.privateRun(SuiteRunner.java:373)
at org.testng.SuiteRunner.run(SuiteRunner.java:312)
at org.testng.SuiteRunnerWorker.runSuite(SuiteRunnerWorker.java:52)
at org.testng.SuiteRunnerWorker.run(SuiteRunnerWorker.java:95)
at org.testng.TestNG.runSuitesSequentially(TestNG.java:1274)
at org.testng.TestNG.runSuitesLocally(TestNG.java:1208)
at org.testng.TestNG.runSuites(TestNG.java:1112)
at org.testng.TestNG.run(TestNG.java:1079)
at org.testng.remote.AbstractRemoteTestNG.run(AbstractRemoteTestNG.java:115)
at org.testng.remote.RemoteTestNG.initAndRun(RemoteTestNG.java:293)
at org.testng.remote.RemoteTestNG.main(RemoteTestNG.java:91)
]]>
    </failure>
  </testcase> <!-- shouldVerifyPalletQuantityOnOutboundPallet -->
  <testcase classname="com.uiFramework.Genesis.regression.web.OutboundPalletTest" name="shouldDeletePalletAndMakeOrdersAvailableAfterDeletion" time="13.916"/>
  <testcase classname="com.uiFramework.Genesis.regression.web.OutboundPalletTest" name="shouldNotAllowPalletDeletionAfterArrival" time="9.795"/>
  <testcase classname="com.uiFramework.Genesis.regression.web.OutboundPalletTest" name="shouldCheckPaginationOnCreateOutboundPalletScreen" time="40.706"/>
  <testcase classname="com.uiFramework.Genesis.regression.web.OutboundPalletTest" name="shouldApplyColumnFilterOnCreateOutboundPallet">
    <skipped/>
  </testcase> <!-- shouldApplyColumnFilterOnCreateOutboundPallet -->
  <testcase classname="com.uiFramework.Genesis.regression.web.OutboundPalletTest" name="shouldApplyFiltersOnCreateOutboundPalletScreen">
    <skipped/>
  </testcase> <!-- shouldApplyFiltersOnCreateOutboundPalletScreen -->
  <testcase classname="com.uiFramework.Genesis.regression.web.OutboundPalletTest" name="checkColoumfilterOnOutboundListingPage">
    <skipped/>
  </testcase> <!-- checkColoumfilterOnOutboundListingPage -->
  <testcase classname="com.uiFramework.Genesis.regression.web.OutboundPalletTest" name="shouldApplyFiltersCorrectlyForOutboundPallet">
    <skipped/>
  </testcase> <!-- shouldApplyFiltersCorrectlyForOutboundPallet -->
</testsuite> <!-- com.uiFramework.Genesis.regression.web.OutboundPalletTest -->
