<?xml version="1.0" encoding="UTF-8"?>
<!-- Generated by org.testng.reporters.JUnitReportReporter -->
<testsuite hostname="DESKTOP-UQFI3OJ" failures="0" tests="2" name="com.uiFramework.Genesis.regression.web.CloseOutTest" time="40.368" errors="0" timestamp="2026-01-20T10:39:28 IST" skipped="1">
  <testcase classname="com.uiFramework.Genesis.regression.web.CloseOutTest" name="shouldDoInboundProcessForCloseoutOrder" time="40.368"/>
  <testcase classname="com.uiFramework.Genesis.regression.web.CloseOutTest" name="shouldCheckfilterForCloseoutOrders">
    <skipped/>
  </testcase> <!-- shouldCheckfilterForCloseoutOrders -->
</testsuite> <!-- com.uiFramework.Genesis.regression.web.CloseOutTest -->
