<?xml version="1.0" encoding="UTF-8"?>
<!-- Generated by org.testng.reporters.JUnitReportReporter -->
<testsuite hostname="DESKTOP-UQFI3OJ" failures="0" tests="2" name="com.uiFramework.Genesis.regression.web.PRTest" time="23.531" errors="0" timestamp="2026-01-27T11:33:01 IST" skipped="0">
  <testcase classname="com.uiFramework.Genesis.regression.web.PRTest" name="shouldNotDisplayedToastOnInboundPalletPage" time="12.703"/>
  <testcase classname="com.uiFramework.Genesis.regression.web.PRTest" name="shouldNotDisplayedToastOnInboundPalletCreatePage" time="10.828"/>
</testsuite> <!-- com.uiFramework.Genesis.regression.web.PRTest -->
