<?xml version="1.0" encoding="UTF-8"?>
<!-- Generated by org.testng.reporters.JUnitReportReporter -->
<testsuite hostname="DESKTOP-UQFI3OJ" failures="0" tests="22" name="com.uiFramework.Genesis.regression.web.OutboundPalletTest" time="255.469" errors="0" timestamp="2026-02-09T15:25:12 IST" skipped="5">
  <testcase classname="com.uiFramework.Genesis.regression.web.OutboundPalletTest" name="shouldCreateOutboundPalletForMainOrder" time="15.588"/>
  <testcase classname="com.uiFramework.Genesis.regression.web.OutboundPalletTest" name="shouldCreateOutboundPalletSuccessfully" time="11.426"/>
  <testcase classname="com.uiFramework.Genesis.regression.web.OutboundPalletTest" name="shouldDisplaySelectedWarehouseOrderInGrid" time="11.081"/>
  <testcase classname="com.uiFramework.Genesis.regression.web.OutboundPalletTest" name="shouldPerformMergeFunctionOnOutboundPallet" time="12.033"/>
  <testcase classname="com.uiFramework.Genesis.regression.web.OutboundPalletTest" name="shouldCreateSinglePalletOnMergeClick" time="0.932"/>
  <testcase classname="com.uiFramework.Genesis.regression.web.OutboundPalletTest" name="shouldIncludeMultipleLDAsInSinglePallet" time="0.104">
    <skipped/>
  </testcase> <!-- shouldIncludeMultipleLDAsInSinglePallet -->
  <testcase classname="com.uiFramework.Genesis.regression.web.OutboundPalletTest" name="shouldUpdatePalletStatusAfterPalletCreation" time="3.340"/>
  <testcase classname="com.uiFramework.Genesis.regression.web.OutboundPalletTest" name="shouldAllowEditPalletWithAutoDeletedPallet" time="12.451"/>
  <testcase classname="com.uiFramework.Genesis.regression.web.OutboundPalletTest" name="verifyAutoDeletedPalletNotVisibleAndOrderIsAvailableToAdd" time="19.383"/>
  <testcase classname="com.uiFramework.Genesis.regression.web.OutboundPalletTest" name="shouldCreatePalletAndMaintainCheckboxSelectionAcrossPagination" time="26.180"/>
  <testcase classname="com.uiFramework.Genesis.regression.web.OutboundPalletTest" name="verifyCreatedOrderIsAvailableInPallet" time="8.361"/>
  <testcase classname="com.uiFramework.Genesis.regression.web.OutboundPalletTest" name="shouldDisplayPalletStatusInListingAfterObtPalletCreation" time="0.110"/>
  <testcase classname="com.uiFramework.Genesis.regression.web.OutboundPalletTest" name="shouldAddPalletInEditModeWithPiecesAndWeightWithNoPopup" time="14.214"/>
  <testcase classname="com.uiFramework.Genesis.regression.web.OutboundPalletTest" name="shouldNotAllowAddedOrdersForPalletCreation" time="16.149"/>
  <testcase classname="com.uiFramework.Genesis.regression.web.OutboundPalletTest" name="shouldVerifyPalletQuantityOnOutboundPallet" time="34.148"/>
  <testcase classname="com.uiFramework.Genesis.regression.web.OutboundPalletTest" name="shouldDeletePalletAndMakeOrdersAvailableAfterDeletion" time="13.109"/>
  <testcase classname="com.uiFramework.Genesis.regression.web.OutboundPalletTest" name="shouldNotAllowPalletDeletionAfterArrival" time="11.651"/>
  <testcase classname="com.uiFramework.Genesis.regression.web.OutboundPalletTest" name="shouldCheckPaginationOnCreateOutboundPalletScreen" time="45.209"/>
  <testcase classname="com.uiFramework.Genesis.regression.web.OutboundPalletTest" name="shouldApplyColumnFilterOnCreateOutboundPallet">
    <skipped/>
  </testcase> <!-- shouldApplyColumnFilterOnCreateOutboundPallet -->
  <testcase classname="com.uiFramework.Genesis.regression.web.OutboundPalletTest" name="shouldApplyFiltersOnCreateOutboundPalletScreen">
    <skipped/>
  </testcase> <!-- shouldApplyFiltersOnCreateOutboundPalletScreen -->
  <testcase classname="com.uiFramework.Genesis.regression.web.OutboundPalletTest" name="checkColoumfilterOnOutboundListingPage">
    <skipped/>
  </testcase> <!-- checkColoumfilterOnOutboundListingPage -->
  <testcase classname="com.uiFramework.Genesis.regression.web.OutboundPalletTest" name="shouldApplyFiltersCorrectlyForOutboundPallet">
    <skipped/>
  </testcase> <!-- shouldApplyFiltersCorrectlyForOutboundPallet -->
</testsuite> <!-- com.uiFramework.Genesis.regression.web.OutboundPalletTest -->
