<?xml version="1.0" encoding="UTF-8"?>
<!-- Generated by org.testng.reporters.JUnitReportReporter -->
<testsuite hostname="DESKTOP-CR309KG" failures="0" tests="24" name="com.uiFramework.Genesis.regression.android.ScheduleDeliveryTest" time="0.421" errors="2" timestamp="2025-11-10T09:50:40 IST" skipped="22">
  <testcase classname="com.uiFramework.Genesis.regression.android.ScheduleDeliveryTest" name="befreclass" time="0.018">
    <error message="Input must be set" type="java.lang.IllegalArgumentException">
      <![CDATA[java.lang.IllegalArgumentException: Input must be set
at org.openqa.selenium.internal.Require.nonNull(Require.java:60)
at org.openqa.selenium.support.ui.FluentWait.<init>(FluentWait.java:94)
at org.openqa.selenium.support.ui.WebDriverWait.<init>(WebDriverWait.java:74)
at org.openqa.selenium.support.ui.WebDriverWait.<init>(WebDriverWait.java:43)
at com.uiFramework.Genesis.web.pages.CommonPage.<init>(CommonPage.java:54)
at com.uiFramework.Genesis.regression.android.ScheduleDeliveryTest.befreclass(ScheduleDeliveryTest.java:35)
at java.base/jdk.internal.reflect.DirectMethodHandleAccessor.invoke(DirectMethodHandleAccessor.java:103)
at java.base/java.lang.reflect.Method.invoke(Method.java:580)
at org.testng.internal.invokers.MethodInvocationHelper.invokeMethod(MethodInvocationHelper.java:141)
at org.testng.internal.invokers.MethodInvocationHelper.invokeMethodConsideringTimeout(MethodInvocationHelper.java:71)
at org.testng.internal.invokers.ConfigInvoker.invokeConfigurationMethod(ConfigInvoker.java:400)
at org.testng.internal.invokers.ConfigInvoker.invokeConfigurations(ConfigInvoker.java:333)
at org.testng.internal.invokers.TestMethodWorker.invokeBeforeClassMethods(TestMethodWorker.java:188)
at org.testng.internal.invokers.TestMethodWorker.run(TestMethodWorker.java:128)
at java.base/java.util.ArrayList.forEach(ArrayList.java:1596)
at org.testng.TestRunner.privateRun(TestRunner.java:739)
at org.testng.TestRunner.run(TestRunner.java:614)
at org.testng.SuiteRunner.runTest(SuiteRunner.java:421)
at org.testng.SuiteRunner.runSequentially(SuiteRunner.java:413)
at org.testng.SuiteRunner.privateRun(SuiteRunner.java:373)
at org.testng.SuiteRunner.run(SuiteRunner.java:312)
at org.testng.SuiteRunnerWorker.runSuite(SuiteRunnerWorker.java:52)
at org.testng.SuiteRunnerWorker.run(SuiteRunnerWorker.java:95)
at org.testng.TestNG.runSuitesSequentially(TestNG.java:1274)
at org.testng.TestNG.runSuitesLocally(TestNG.java:1208)
at org.testng.TestNG.runSuites(TestNG.java:1112)
at org.testng.TestNG.run(TestNG.java:1079)
at org.testng.remote.AbstractRemoteTestNG.run(AbstractRemoteTestNG.java:115)
at org.testng.remote.RemoteTestNG.initAndRun(RemoteTestNG.java:293)
at org.testng.remote.RemoteTestNG.main(RemoteTestNG.java:91)
]]>
    </error>
  </testcase> <!-- befreclass -->
  <testcase classname="com.uiFramework.Genesis.regression.android.ScheduleDeliveryTest" name="beforeSuite" time="0.395">
    <error message="Failed to start SafariDriver" type="java.lang.RuntimeException">
      <![CDATA[java.lang.RuntimeException: Failed to start SafariDriver
at com.uiFramework.Genesis.browserConfiguration.SafariDriverFactory.getDriver(SafariDriverFactory.java:41)
at com.uiFramework.Genesis.browserConfiguration.BrowserFactory.createDriver(BrowserFactory.java:164)
at com.uiFramework.Genesis.browserConfiguration.BrowserFactory.getDriver(BrowserFactory.java:180)
at com.uiFramework.Genesis.base.TestBase.beforeSuite(TestBase.java:41)
at java.base/jdk.internal.reflect.DirectMethodHandleAccessor.invoke(DirectMethodHandleAccessor.java:103)
at java.base/java.lang.reflect.Method.invoke(Method.java:580)
at org.testng.internal.invokers.MethodInvocationHelper.invokeMethod(MethodInvocationHelper.java:141)
at org.testng.internal.invokers.MethodInvocationHelper.invokeMethodConsideringTimeout(MethodInvocationHelper.java:71)
at org.testng.internal.invokers.ConfigInvoker.invokeConfigurationMethod(ConfigInvoker.java:400)
at org.testng.internal.invokers.ConfigInvoker.invokeConfigurations(ConfigInvoker.java:333)
at org.testng.SuiteRunner.privateRun(SuiteRunner.java:358)
at org.testng.SuiteRunner.run(SuiteRunner.java:312)
at org.testng.SuiteRunnerWorker.runSuite(SuiteRunnerWorker.java:52)
at org.testng.SuiteRunnerWorker.run(SuiteRunnerWorker.java:95)
at org.testng.TestNG.runSuitesSequentially(TestNG.java:1274)
at org.testng.TestNG.runSuitesLocally(TestNG.java:1208)
at org.testng.TestNG.runSuites(TestNG.java:1112)
at org.testng.TestNG.run(TestNG.java:1079)
at org.testng.remote.AbstractRemoteTestNG.run(AbstractRemoteTestNG.java:115)
at org.testng.remote.RemoteTestNG.initAndRun(RemoteTestNG.java:293)
at org.testng.remote.RemoteTestNG.main(RemoteTestNG.java:91)
Caused by: java.io.IOException: Cannot run program "safaridriver": CreateProcess error=2, The system cannot find the file specified
at java.base/java.lang.ProcessBuilder.start(ProcessBuilder.java:1170)
at java.base/java.lang.ProcessBuilder.start(ProcessBuilder.java:1089)
at java.base/java.lang.Runtime.exec(Runtime.java:681)
at java.base/java.lang.Runtime.exec(Runtime.java:491)
at java.base/java.lang.Runtime.exec(Runtime.java:366)
at com.uiFramework.Genesis.browserConfiguration.SafariDriverFactory.getDriver(SafariDriverFactory.java:21)
... 20 more
Caused by: java.io.IOException: CreateProcess error=2, The system cannot find the file specified
at java.base/java.lang.ProcessImpl.create(Native Method)
at java.base/java.lang.ProcessImpl.<init>(ProcessImpl.java:500)
at java.base/java.lang.ProcessImpl.start(ProcessImpl.java:159)
at java.base/java.lang.ProcessBuilder.start(ProcessBuilder.java:1126)
... 25 more
]]>
    </error>
  </testcase> <!-- beforeSuite -->
  <testcase classname="com.uiFramework.Genesis.regression.android.ScheduleDeliveryTest" name="shouldCheckMandatoryMessageOnManualSchedDate" time="0.000">
    <skipped/>
  </testcase> <!-- shouldCheckMandatoryMessageOnManualSchedDate -->
  <testcase classname="com.uiFramework.Genesis.regression.android.ScheduleDeliveryTest" name="shouldCheckLBOLAvailableToShceduleDelivery" time="0.001">
    <skipped/>
  </testcase> <!-- shouldCheckLBOLAvailableToShceduleDelivery -->
  <testcase classname="com.uiFramework.Genesis.regression.android.ScheduleDeliveryTest" name="shouldScheduleManualDateForLBOL" time="0.000">
    <skipped/>
  </testcase> <!-- shouldScheduleManualDateForLBOL -->
  <testcase classname="com.uiFramework.Genesis.regression.android.ScheduleDeliveryTest" name="shouldNotDisplayedLBOlAfterDeliverySchedule" time="0.000">
    <skipped/>
  </testcase> <!-- shouldNotDisplayedLBOlAfterDeliverySchedule -->
  <testcase classname="com.uiFramework.Genesis.regression.android.ScheduleDeliveryTest" name="shouldScheduleDeliveryForMultiLBOL" time="0.000">
    <skipped/>
  </testcase> <!-- shouldScheduleDeliveryForMultiLBOL -->
  <testcase classname="com.uiFramework.Genesis.regression.android.ScheduleDeliveryTest" name="shouldExportPdfOnLDAQA" time="0.000">
    <skipped/>
  </testcase> <!-- shouldExportPdfOnLDAQA -->
  <testcase classname="com.uiFramework.Genesis.regression.android.ScheduleDeliveryTest" name="shouldExportExcelOnLDAQA" time="0.000">
    <skipped/>
  </testcase> <!-- shouldExportExcelOnLDAQA -->
  <testcase classname="com.uiFramework.Genesis.regression.android.ScheduleDeliveryTest" name="shouldCheckOrderStatusAfterAcceptedManifest" time="0.001">
    <skipped/>
  </testcase> <!-- shouldCheckOrderStatusAfterAcceptedManifest -->
  <testcase classname="com.uiFramework.Genesis.regression.android.ScheduleDeliveryTest" name="shouldCheckMandatoryMessageOnSchedDelDate" time="0.005">
    <skipped/>
  </testcase> <!-- shouldCheckMandatoryMessageOnSchedDelDate -->
  <testcase classname="com.uiFramework.Genesis.regression.android.ScheduleDeliveryTest" name="shouldAcceptScheduleDeliveryByConsignee" time="0.000">
    <skipped/>
  </testcase> <!-- shouldAcceptScheduleDeliveryByConsignee -->
  <testcase classname="com.uiFramework.Genesis.regression.android.ScheduleDeliveryTest" name="shouldCheckMandatoryMsgForSchedDate" time="0.000">
    <skipped/>
  </testcase> <!-- shouldCheckMandatoryMsgForSchedDate -->
  <testcase classname="com.uiFramework.Genesis.regression.android.ScheduleDeliveryTest" name="shouldLBOLAvailableOnScheduleStatus" time="0.001">
    <skipped/>
  </testcase> <!-- shouldLBOLAvailableOnScheduleStatus -->
  <testcase classname="com.uiFramework.Genesis.regression.android.ScheduleDeliveryTest" name="shouldScheduleDeliveryDateByLDA" time="0.000">
    <skipped/>
  </testcase> <!-- shouldScheduleDeliveryDateByLDA -->
  <testcase classname="com.uiFramework.Genesis.regression.android.ScheduleDeliveryTest" name="shouldDisplayedSchedDatebyLDA" time="0.000">
    <skipped/>
  </testcase> <!-- shouldDisplayedSchedDatebyLDA -->
  <testcase classname="com.uiFramework.Genesis.regression.android.ScheduleDeliveryTest" name="shouldShowErrorInSchedDateDuplicate" time="0.000">
    <skipped/>
  </testcase> <!-- shouldShowErrorInSchedDateDuplicate -->
  <testcase classname="com.uiFramework.Genesis.regression.android.ScheduleDeliveryTest" name="shouldAddNoteForLBOL" time="0.000">
    <skipped/>
  </testcase> <!-- shouldAddNoteForLBOL -->
  <testcase classname="com.uiFramework.Genesis.regression.android.ScheduleDeliveryTest" name="shouldDisplyedNoteOnGrid" time="0.000">
    <skipped/>
  </testcase> <!-- shouldDisplyedNoteOnGrid -->
  <testcase classname="com.uiFramework.Genesis.regression.android.ScheduleDeliveryTest" name="shouldOpenViewBtnForScheduleHistory" time="0.000">
    <skipped/>
  </testcase> <!-- shouldOpenViewBtnForScheduleHistory -->
  <testcase classname="com.uiFramework.Genesis.regression.android.ScheduleDeliveryTest" name="shouldChekCloumnFilterOnManualSchedDelpage">
    <skipped/>
  </testcase> <!-- shouldChekCloumnFilterOnManualSchedDelpage -->
  <testcase classname="com.uiFramework.Genesis.regression.android.ScheduleDeliveryTest" name="createorderForLDA">
    <skipped/>
  </testcase> <!-- createorderForLDA -->
  <testcase classname="com.uiFramework.Genesis.regression.android.ScheduleDeliveryTest" name="shouldManifestAvailableOnLDAPortal">
    <skipped/>
  </testcase> <!-- shouldManifestAvailableOnLDAPortal -->
  <testcase classname="com.uiFramework.Genesis.regression.android.ScheduleDeliveryTest" name="shouldChekCloumnFilterOnSchedDelpage">
    <skipped/>
  </testcase> <!-- shouldChekCloumnFilterOnSchedDelpage -->
</testsuite> <!-- com.uiFramework.Genesis.regression.android.ScheduleDeliveryTest -->
