<?xml version="1.0" encoding="UTF-8"?>
<!-- Generated by org.testng.reporters.JUnitReportReporter -->
<testsuite hostname="DESKTOP-UQFI3OJ" failures="4" tests="30" name="com.uiFramework.Genesis.regression.web.OutboundTruckTest" time="448.638" errors="2" timestamp="2026-01-23T17:13:29 IST" skipped="2">
  <testcase classname="com.uiFramework.Genesis.regression.web.OutboundTruckTest" name="shouldPalletAvailableToCreateOutboundTruck" time="15.658"/>
  <testcase classname="com.uiFramework.Genesis.regression.web.OutboundTruckTest" name="shouldDisplayToastMessageOnCreateObtTruck" time="18.894"/>
  <testcase classname="com.uiFramework.Genesis.regression.web.OutboundTruckTest" name="shouldDisplayDefaultCostEstimateAndOrderProcess" time="34.174"/>
  <testcase classname="com.uiFramework.Genesis.regression.web.OutboundTruckTest" name="shouldAllowEditingDropLocationDetailsInNonUPSCase" time="12.290"/>
  <testcase classname="com.uiFramework.Genesis.regression.web.OutboundTruckTest" name="shouldValidateMultiDropForNonUPSCase" time="24.198"/>
  <testcase classname="com.uiFramework.Genesis.regression.web.OutboundTruckTest" name="shouldClearFieldsWhenClearButtonClickedOnObtCreateTruck" time="3.779"/>
  <testcase classname="com.uiFramework.Genesis.regression.web.OutboundTruckTest" name="shouldVerifyAddedPalletWTandPiecesLoadedIntoTruck" time="30.941">
    <failure message="Mismatch in Total pieces and final pieces! expected [7] but found [8]" type="java.lang.AssertionError">
      <![CDATA[java.lang.AssertionError: Mismatch in Total pieces and final pieces! expected [7] but found [8]
at org.testng.Assert.fail(Assert.java:111)
at org.testng.Assert.failNotEquals(Assert.java:1578)
at org.testng.Assert.assertEqualsImpl(Assert.java:150)
at org.testng.Assert.assertEquals(Assert.java:132)
at org.testng.Assert.assertEquals(Assert.java:1419)
at org.testng.Assert.assertEquals(Assert.java:1383)
at com.uiFramework.Genesis.web.pages.OutboundTruckPage.palletAddCalculation(OutboundTruckPage.java:453)
at com.uiFramework.Genesis.web.pages.OutboundTruckPage.creatTruckwithCheckTotalPiecesandpallet(OutboundTruckPage.java:302)
at com.uiFramework.Genesis.regression.web.OutboundTruckTest.shouldVerifyAddedPalletWTandPiecesLoadedIntoTruck(OutboundTruckTest.java:128)
at java.base/jdk.internal.reflect.NativeMethodAccessorImpl.invoke0(Native Method)
at java.base/jdk.internal.reflect.NativeMethodAccessorImpl.invoke(NativeMethodAccessorImpl.java:77)
at java.base/jdk.internal.reflect.DelegatingMethodAccessorImpl.invoke(DelegatingMethodAccessorImpl.java:43)
at java.base/java.lang.reflect.Method.invoke(Method.java:568)
at org.testng.internal.invokers.MethodInvocationHelper.invokeMethod(MethodInvocationHelper.java:141)
at org.testng.internal.invokers.TestInvoker.invokeMethod(TestInvoker.java:686)
at org.testng.internal.invokers.TestInvoker.invokeTestMethod(TestInvoker.java:230)
at org.testng.internal.invokers.MethodRunner.runInSequence(MethodRunner.java:63)
at org.testng.internal.invokers.TestInvoker$MethodInvocationAgent.invoke(TestInvoker.java:992)
at org.testng.internal.invokers.TestInvoker.invokeTestMethods(TestInvoker.java:203)
at org.testng.internal.invokers.TestMethodWorker.invokeTestMethods(TestMethodWorker.java:154)
at org.testng.internal.invokers.TestMethodWorker.run(TestMethodWorker.java:134)
at java.base/java.util.ArrayList.forEach(ArrayList.java:1511)
at org.testng.TestRunner.privateRun(TestRunner.java:739)
at org.testng.TestRunner.run(TestRunner.java:614)
at org.testng.SuiteRunner.runTest(SuiteRunner.java:421)
at org.testng.SuiteRunner.runSequentially(SuiteRunner.java:413)
at org.testng.SuiteRunner.privateRun(SuiteRunner.java:373)
at org.testng.SuiteRunner.run(SuiteRunner.java:312)
at org.testng.SuiteRunnerWorker.runSuite(SuiteRunnerWorker.java:52)
at org.testng.SuiteRunnerWorker.run(SuiteRunnerWorker.java:95)
at org.testng.TestNG.runSuitesSequentially(TestNG.java:1274)
at org.testng.TestNG.runSuitesLocally(TestNG.java:1208)
at org.testng.TestNG.runSuites(TestNG.java:1112)
at org.testng.TestNG.run(TestNG.java:1079)
at org.testng.remote.AbstractRemoteTestNG.run(AbstractRemoteTestNG.java:115)
at org.testng.remote.RemoteTestNG.initAndRun(RemoteTestNG.java:293)
at org.testng.remote.RemoteTestNG.main(RemoteTestNG.java:91)
]]>
    </failure>
  </testcase> <!-- shouldVerifyAddedPalletWTandPiecesLoadedIntoTruck -->
  <testcase classname="com.uiFramework.Genesis.regression.web.OutboundTruckTest" name="shouldRouteOrderEditable" time="16.694"/>
  <testcase classname="com.uiFramework.Genesis.regression.web.OutboundTruckTest" name="shouldCreateSuccessfullyAndIncreseCountByOne" time="6.513"/>
  <testcase classname="com.uiFramework.Genesis.regression.web.OutboundTruckTest" name="shouldUpdateTruckStatusAfterTruckCreation" time="0.073"/>
  <testcase classname="com.uiFramework.Genesis.regression.web.OutboundTruckTest" name="shouldVerifyCreatedTruckDetailsAndPalletQtyMatch" time="22.994">
    <failure message="FAIL: Truck data mismatch with Listing page. Missing: Rocky expected [true] but found [false]" type="java.lang.AssertionError">
      <![CDATA[java.lang.AssertionError: FAIL: Truck data mismatch with Listing page. Missing: Rocky expected [true] but found [false]
at org.testng.Assert.fail(Assert.java:111)
at org.testng.Assert.failNotEquals(Assert.java:1578)
at org.testng.Assert.assertTrue(Assert.java:57)
at com.uiFramework.Genesis.web.pages.OutboundTruckPage.verifyTruckDetailsandPalletOrder(OutboundTruckPage.java:510)
at com.uiFramework.Genesis.regression.web.OutboundTruckTest.shouldVerifyCreatedTruckDetailsAndPalletQtyMatch(OutboundTruckTest.java:161)
at java.base/jdk.internal.reflect.NativeMethodAccessorImpl.invoke0(Native Method)
at java.base/jdk.internal.reflect.NativeMethodAccessorImpl.invoke(NativeMethodAccessorImpl.java:77)
at java.base/jdk.internal.reflect.DelegatingMethodAccessorImpl.invoke(DelegatingMethodAccessorImpl.java:43)
at java.base/java.lang.reflect.Method.invoke(Method.java:568)
at org.testng.internal.invokers.MethodInvocationHelper.invokeMethod(MethodInvocationHelper.java:141)
at org.testng.internal.invokers.TestInvoker.invokeMethod(TestInvoker.java:686)
at org.testng.internal.invokers.TestInvoker.invokeTestMethod(TestInvoker.java:230)
at org.testng.internal.invokers.MethodRunner.runInSequence(MethodRunner.java:63)
at org.testng.internal.invokers.TestInvoker$MethodInvocationAgent.invoke(TestInvoker.java:992)
at org.testng.internal.invokers.TestInvoker.invokeTestMethods(TestInvoker.java:203)
at org.testng.internal.invokers.TestMethodWorker.invokeTestMethods(TestMethodWorker.java:154)
at org.testng.internal.invokers.TestMethodWorker.run(TestMethodWorker.java:134)
at java.base/java.util.ArrayList.forEach(ArrayList.java:1511)
at org.testng.TestRunner.privateRun(TestRunner.java:739)
at org.testng.TestRunner.run(TestRunner.java:614)
at org.testng.SuiteRunner.runTest(SuiteRunner.java:421)
at org.testng.SuiteRunner.runSequentially(SuiteRunner.java:413)
at org.testng.SuiteRunner.privateRun(SuiteRunner.java:373)
at org.testng.SuiteRunner.run(SuiteRunner.java:312)
at org.testng.SuiteRunnerWorker.runSuite(SuiteRunnerWorker.java:52)
at org.testng.SuiteRunnerWorker.run(SuiteRunnerWorker.java:95)
at org.testng.TestNG.runSuitesSequentially(TestNG.java:1274)
at org.testng.TestNG.runSuitesLocally(TestNG.java:1208)
at org.testng.TestNG.runSuites(TestNG.java:1112)
at org.testng.TestNG.run(TestNG.java:1079)
at org.testng.remote.AbstractRemoteTestNG.run(AbstractRemoteTestNG.java:115)
at org.testng.remote.RemoteTestNG.initAndRun(RemoteTestNG.java:293)
at org.testng.remote.RemoteTestNG.main(RemoteTestNG.java:91)
]]>
    </failure>
  </testcase> <!-- shouldVerifyCreatedTruckDetailsAndPalletQtyMatch -->
  <testcase classname="com.uiFramework.Genesis.regression.web.OutboundTruckTest" name="shouldDisplayLDACodesCorrectlyOnListing" time="0.000">
    <skipped/>
  </testcase> <!-- shouldDisplayLDACodesCorrectlyOnListing -->
  <testcase classname="com.uiFramework.Genesis.regression.web.OutboundTruckTest" name="shouldDisplayTruckDetailsInEditOutboundTruckMode" time="4.453"/>
  <testcase classname="com.uiFramework.Genesis.regression.web.OutboundTruckTest" name="shouldAllowEditingLTL3rdPartyAndCostEstimate" time="0.074"/>
  <testcase classname="com.uiFramework.Genesis.regression.web.OutboundTruckTest" name="shouldNotAllowMultiDropLocationForNonUPS" time="2.025"/>
  <testcase classname="com.uiFramework.Genesis.regression.web.OutboundTruckTest" name="shouldRemovePalletFromTruckAndUpdateWeightAndEmptyTruckStatus" time="23.419"/>
  <testcase classname="com.uiFramework.Genesis.regression.web.OutboundTruckTest" name="shouldVerifyOrderProcessDuringOutboundTruckEdit" time="23.788"/>
  <testcase classname="com.uiFramework.Genesis.regression.web.OutboundTruckTest" name="shouldRemovedPalletAvailableToAddInOuboundCreateTruck" time="27.955"/>
  <testcase classname="com.uiFramework.Genesis.regression.web.OutboundTruckTest" name="shouldAddPalletInEditModeWithCalculationsAndShouldUpdateStatus" time="6.914">
    <error message="For input string: &quot;&quot;" type="java.lang.NumberFormatException">
      <![CDATA[java.lang.NumberFormatException: For input string: ""
at java.base/java.lang.NumberFormatException.forInputString(NumberFormatException.java:67)
at java.base/java.lang.Integer.parseInt(Integer.java:678)
at java.base/java.lang.Integer.parseInt(Integer.java:786)
at com.uiFramework.Genesis.web.pages.OutboundTruckPage.AddedPalletCalculationforPiecesWeightQTY(OutboundTruckPage.java:839)
at com.uiFramework.Genesis.web.pages.OutboundTruckPage.checkAddpalletFunctioninObtTruck(OutboundTruckPage.java:787)
at com.uiFramework.Genesis.regression.web.OutboundTruckTest.shouldAddPalletInEditModeWithCalculationsAndShouldUpdateStatus(OutboundTruckTest.java:236)
at java.base/jdk.internal.reflect.NativeMethodAccessorImpl.invoke0(Native Method)
at java.base/jdk.internal.reflect.NativeMethodAccessorImpl.invoke(NativeMethodAccessorImpl.java:77)
at java.base/jdk.internal.reflect.DelegatingMethodAccessorImpl.invoke(DelegatingMethodAccessorImpl.java:43)
at java.base/java.lang.reflect.Method.invoke(Method.java:568)
at org.testng.internal.invokers.MethodInvocationHelper.invokeMethod(MethodInvocationHelper.java:141)
at org.testng.internal.invokers.TestInvoker.invokeMethod(TestInvoker.java:686)
at org.testng.internal.invokers.TestInvoker.invokeTestMethod(TestInvoker.java:230)
at org.testng.internal.invokers.MethodRunner.runInSequence(MethodRunner.java:63)
at org.testng.internal.invokers.TestInvoker$MethodInvocationAgent.invoke(TestInvoker.java:992)
at org.testng.internal.invokers.TestInvoker.invokeTestMethods(TestInvoker.java:203)
at org.testng.internal.invokers.TestMethodWorker.invokeTestMethods(TestMethodWorker.java:154)
at org.testng.internal.invokers.TestMethodWorker.run(TestMethodWorker.java:134)
at java.base/java.util.ArrayList.forEach(ArrayList.java:1511)
at org.testng.TestRunner.privateRun(TestRunner.java:739)
at org.testng.TestRunner.run(TestRunner.java:614)
at org.testng.SuiteRunner.runTest(SuiteRunner.java:421)
at org.testng.SuiteRunner.runSequentially(SuiteRunner.java:413)
at org.testng.SuiteRunner.privateRun(SuiteRunner.java:373)
at org.testng.SuiteRunner.run(SuiteRunner.java:312)
at org.testng.SuiteRunnerWorker.runSuite(SuiteRunnerWorker.java:52)
at org.testng.SuiteRunnerWorker.run(SuiteRunnerWorker.java:95)
at org.testng.TestNG.runSuitesSequentially(TestNG.java:1274)
at org.testng.TestNG.runSuitesLocally(TestNG.java:1208)
at org.testng.TestNG.runSuites(TestNG.java:1112)
at org.testng.TestNG.run(TestNG.java:1079)
at org.testng.remote.AbstractRemoteTestNG.run(AbstractRemoteTestNG.java:115)
at org.testng.remote.RemoteTestNG.initAndRun(RemoteTestNG.java:293)
at org.testng.remote.RemoteTestNG.main(RemoteTestNG.java:91)
]]>
    </error>
  </testcase> <!-- shouldAddPalletInEditModeWithCalculationsAndShouldUpdateStatus -->
  <testcase classname="com.uiFramework.Genesis.regression.web.OutboundTruckTest" name="shouldNotAllowAddedPalletToCreateOutboundTruck" time="0.001">
    <skipped/>
  </testcase> <!-- shouldNotAllowAddedPalletToCreateOutboundTruck -->
  <testcase classname="com.uiFramework.Genesis.regression.web.OutboundTruckTest" name="shouldVerifyCostEstimateOnEditingOutboundTruck" time="18.441"/>
  <testcase classname="com.uiFramework.Genesis.regression.web.OutboundTruckTest" name="shouldUpdateRoutesInEditOutboundTruck" time="8.218">
    <error message="Expected condition failed: waiting for element to be clickable: By.xpath: //button[@title=&#039;Click to update route order&#039;] (tried for 3 second(s) with 250 milliseconds interval)
Build info: version: &#039;4.12.0&#039;, revision: &#039;249f2a7d1b*&#039;
System info: os.name: &#039;Windows 10&#039;, os.arch: &#039;amd64&#039;, os.version: &#039;10.0&#039;, java.version: &#039;17.0.10&#039;
Driver info: org.openqa.selenium.chrome.ChromeDriver
Capabilities {acceptInsecureCerts: false, browserName: chrome, browserVersion: 144.0.7559.59, chrome: {chromedriverVersion: 144.0.7559.96 (d7b80622cfab..., userDataDir: C:\Users\EMP256\AppData\Loc...}, fedcm:accounts: true, goog:chromeOptions: {debuggerAddress: localhost:58092}, goog:processID: 159932, networkConnectionEnabled: false, pageLoadStrategy: normal, platformName: windows, proxy: Proxy(), se:cdp: ws://localhost:58092/devtoo..., se:cdpVersion: 144.0.7559.59, setWindowRect: true, strictFileInteractability: false, timeouts: {implicit: 0, pageLoad: 300000, script: 30000}, unhandledPromptBehavior: dismiss and notify, webauthn:extension:credBlob: true, webauthn:extension:largeBlob: true, webauthn:extension:minPinLength: true, webauthn:extension:prf: true, webauthn:virtualAuthenticators: true}
Session ID: a7342d11877bd349109176d7eb767e88" type="org.openqa.selenium.TimeoutException">
      <![CDATA[org.openqa.selenium.TimeoutException: Expected condition failed: waiting for element to be clickable: By.xpath: //button[@title='Click to update route order'] (tried for 3 second(s) with 250 milliseconds interval)
Build info: version: '4.12.0', revision: '249f2a7d1b*'
System info: os.name: 'Windows 10', os.arch: 'amd64', os.version: '10.0', java.version: '17.0.10'
Driver info: org.openqa.selenium.chrome.ChromeDriver
Capabilities {acceptInsecureCerts: false, browserName: chrome, browserVersion: 144.0.7559.59, chrome: {chromedriverVersion: 144.0.7559.96 (d7b80622cfab..., userDataDir: C:\Users\EMP256\AppData\Loc...}, fedcm:accounts: true, goog:chromeOptions: {debuggerAddress: localhost:58092}, goog:processID: 159932, networkConnectionEnabled: false, pageLoadStrategy: normal, platformName: windows, proxy: Proxy(), se:cdp: ws://localhost:58092/devtoo..., se:cdpVersion: 144.0.7559.59, setWindowRect: true, strictFileInteractability: false, timeouts: {implicit: 0, pageLoad: 300000, script: 30000}, unhandledPromptBehavior: dismiss and notify, webauthn:extension:credBlob: true, webauthn:extension:largeBlob: true, webauthn:extension:minPinLength: true, webauthn:extension:prf: true, webauthn:virtualAuthenticators: true}
Session ID: a7342d11877bd349109176d7eb767e88
at org.openqa.selenium.support.ui.WebDriverWait.timeoutException(WebDriverWait.java:84)
at org.openqa.selenium.support.ui.FluentWait.until(FluentWait.java:230)
at com.uiFramework.Genesis.helper.WaitHelper.waitForElementClickable(WaitHelper.java:127)
at com.uiFramework.Genesis.helper.WaitHelper.waitToClick(WaitHelper.java:171)
at com.uiFramework.Genesis.web.pages.OutboundTruckPage.clickonUpdateBtn(OutboundTruckPage.java:885)
at com.uiFramework.Genesis.regression.web.OutboundTruckTest.shouldUpdateRoutesInEditOutboundTruck(OutboundTruckTest.java:267)
at java.base/jdk.internal.reflect.NativeMethodAccessorImpl.invoke0(Native Method)
at java.base/jdk.internal.reflect.NativeMethodAccessorImpl.invoke(NativeMethodAccessorImpl.java:77)
at java.base/jdk.internal.reflect.DelegatingMethodAccessorImpl.invoke(DelegatingMethodAccessorImpl.java:43)
at java.base/java.lang.reflect.Method.invoke(Method.java:568)
at org.testng.internal.invokers.MethodInvocationHelper.invokeMethod(MethodInvocationHelper.java:141)
at org.testng.internal.invokers.TestInvoker.invokeMethod(TestInvoker.java:686)
at org.testng.internal.invokers.TestInvoker.invokeTestMethod(TestInvoker.java:230)
at org.testng.internal.invokers.MethodRunner.runInSequence(MethodRunner.java:63)
at org.testng.internal.invokers.TestInvoker$MethodInvocationAgent.invoke(TestInvoker.java:992)
at org.testng.internal.invokers.TestInvoker.invokeTestMethods(TestInvoker.java:203)
at org.testng.internal.invokers.TestMethodWorker.invokeTestMethods(TestMethodWorker.java:154)
at org.testng.internal.invokers.TestMethodWorker.run(TestMethodWorker.java:134)
at java.base/java.util.ArrayList.forEach(ArrayList.java:1511)
at org.testng.TestRunner.privateRun(TestRunner.java:739)
at org.testng.TestRunner.run(TestRunner.java:614)
at org.testng.SuiteRunner.runTest(SuiteRunner.java:421)
at org.testng.SuiteRunner.runSequentially(SuiteRunner.java:413)
at org.testng.SuiteRunner.privateRun(SuiteRunner.java:373)
at org.testng.SuiteRunner.run(SuiteRunner.java:312)
at org.testng.SuiteRunnerWorker.runSuite(SuiteRunnerWorker.java:52)
at org.testng.SuiteRunnerWorker.run(SuiteRunnerWorker.java:95)
at org.testng.TestNG.runSuitesSequentially(TestNG.java:1274)
at org.testng.TestNG.runSuitesLocally(TestNG.java:1208)
at org.testng.TestNG.runSuites(TestNG.java:1112)
at org.testng.TestNG.run(TestNG.java:1079)
at org.testng.remote.AbstractRemoteTestNG.run(AbstractRemoteTestNG.java:115)
at org.testng.remote.RemoteTestNG.initAndRun(RemoteTestNG.java:293)
at org.testng.remote.RemoteTestNG.main(RemoteTestNG.java:91)
]]>
    </error>
  </testcase> <!-- shouldUpdateRoutesInEditOutboundTruck -->
  <testcase classname="com.uiFramework.Genesis.regression.web.OutboundTruckTest" name="shouldDeleteTruckAndMakeOrdersAvailableToAdd" time="25.185">
    <failure message="The following asserts failed:
	&#039;No record found&#039; is displayed on create truck. Test Failed expected [false] but found [true]" type="java.lang.AssertionError">
      <![CDATA[java.lang.AssertionError: The following asserts failed:
'No record found' is displayed on create truck. Test Failed expected [false] but found [true]
at org.testng.asserts.SoftAssert.assertAll(SoftAssert.java:46)
at org.testng.asserts.SoftAssert.assertAll(SoftAssert.java:30)
at com.uiFramework.Genesis.regression.web.OutboundTruckTest.shouldDeleteTruckAndMakeOrdersAvailableToAdd(OutboundTruckTest.java:288)
at java.base/jdk.internal.reflect.NativeMethodAccessorImpl.invoke0(Native Method)
at java.base/jdk.internal.reflect.NativeMethodAccessorImpl.invoke(NativeMethodAccessorImpl.java:77)
at java.base/jdk.internal.reflect.DelegatingMethodAccessorImpl.invoke(DelegatingMethodAccessorImpl.java:43)
at java.base/java.lang.reflect.Method.invoke(Method.java:568)
at org.testng.internal.invokers.MethodInvocationHelper.invokeMethod(MethodInvocationHelper.java:141)
at org.testng.internal.invokers.TestInvoker.invokeMethod(TestInvoker.java:686)
at org.testng.internal.invokers.TestInvoker.invokeTestMethod(TestInvoker.java:230)
at org.testng.internal.invokers.MethodRunner.runInSequence(MethodRunner.java:63)
at org.testng.internal.invokers.TestInvoker$MethodInvocationAgent.invoke(TestInvoker.java:992)
at org.testng.internal.invokers.TestInvoker.invokeTestMethods(TestInvoker.java:203)
at org.testng.internal.invokers.TestMethodWorker.invokeTestMethods(TestMethodWorker.java:154)
at org.testng.internal.invokers.TestMethodWorker.run(TestMethodWorker.java:134)
at java.base/java.util.ArrayList.forEach(ArrayList.java:1511)
at org.testng.TestRunner.privateRun(TestRunner.java:739)
at org.testng.TestRunner.run(TestRunner.java:614)
at org.testng.SuiteRunner.runTest(SuiteRunner.java:421)
at org.testng.SuiteRunner.runSequentially(SuiteRunner.java:413)
at org.testng.SuiteRunner.privateRun(SuiteRunner.java:373)
at org.testng.SuiteRunner.run(SuiteRunner.java:312)
at org.testng.SuiteRunnerWorker.runSuite(SuiteRunnerWorker.java:52)
at org.testng.SuiteRunnerWorker.run(SuiteRunnerWorker.java:95)
at org.testng.TestNG.runSuitesSequentially(TestNG.java:1274)
at org.testng.TestNG.runSuitesLocally(TestNG.java:1208)
at org.testng.TestNG.runSuites(TestNG.java:1112)
at org.testng.TestNG.run(TestNG.java:1079)
at org.testng.remote.AbstractRemoteTestNG.run(AbstractRemoteTestNG.java:115)
at org.testng.remote.RemoteTestNG.initAndRun(RemoteTestNG.java:293)
at org.testng.remote.RemoteTestNG.main(RemoteTestNG.java:91)
]]>
    </failure>
  </testcase> <!-- shouldDeleteTruckAndMakeOrdersAvailableToAdd -->
  <testcase classname="com.uiFramework.Genesis.regression.web.OutboundTruckTest" name="shouldCreateEmptyOutboundTruck" time="24.746"/>
  <testcase classname="com.uiFramework.Genesis.regression.web.OutboundTruckTest" name="shouldVerifyTruckQuantityAndStatusForEmptyTruck" time="1.118"/>
  <testcase classname="com.uiFramework.Genesis.regression.web.OutboundTruckTest" name="shouldNotAllowTruckDeletionIfTruckHasArrived" time="6.435"/>
  <testcase classname="com.uiFramework.Genesis.regression.web.OutboundTruckTest" name="shouldNotAllowPalletEditingOnceArrived" time="7.688"/>
  <testcase classname="com.uiFramework.Genesis.regression.web.OutboundTruckTest" name="shouldApplyFiltersCorrectlyOnOutboundTruck" time="17.413">
    <failure message="Row 3 mismatch. Actual: &#039;567&#039; | Expected partial match from: [170 - 24 HOUR EXPRESS, 6233 - 24/7 EXPRESS LOGISTICS- KC, 282 - CALIFORNIA SIERRA] expected [true] but found [false]" type="java.lang.AssertionError">
      <![CDATA[java.lang.AssertionError: Row 3 mismatch. Actual: '567' | Expected partial match from: [170 - 24 HOUR EXPRESS, 6233 - 24/7 EXPRESS LOGISTICS- KC, 282 - CALIFORNIA SIERRA] expected [true] but found [false]
at org.testng.Assert.fail(Assert.java:111)
at org.testng.Assert.failNotEquals(Assert.java:1578)
at org.testng.Assert.assertTrue(Assert.java:57)
at com.uiFramework.Genesis.web.pages.CommonPage.validateDataInGrid(CommonPage.java:845)
at com.uiFramework.Genesis.regression.web.OutboundTruckTest.shouldApplyFiltersCorrectlyOnOutboundTruck(OutboundTruckTest.java:354)
at java.base/jdk.internal.reflect.NativeMethodAccessorImpl.invoke0(Native Method)
at java.base/jdk.internal.reflect.NativeMethodAccessorImpl.invoke(NativeMethodAccessorImpl.java:77)
at java.base/jdk.internal.reflect.DelegatingMethodAccessorImpl.invoke(DelegatingMethodAccessorImpl.java:43)
at java.base/java.lang.reflect.Method.invoke(Method.java:568)
at org.testng.internal.invokers.MethodInvocationHelper.invokeMethod(MethodInvocationHelper.java:141)
at org.testng.internal.invokers.TestInvoker.invokeMethod(TestInvoker.java:686)
at org.testng.internal.invokers.TestInvoker.invokeTestMethod(TestInvoker.java:230)
at org.testng.internal.invokers.MethodRunner.runInSequence(MethodRunner.java:63)
at org.testng.internal.invokers.TestInvoker$MethodInvocationAgent.invoke(TestInvoker.java:992)
at org.testng.internal.invokers.TestInvoker.invokeTestMethods(TestInvoker.java:203)
at org.testng.internal.invokers.TestMethodWorker.invokeTestMethods(TestMethodWorker.java:154)
at org.testng.internal.invokers.TestMethodWorker.run(TestMethodWorker.java:134)
at java.base/java.util.ArrayList.forEach(ArrayList.java:1511)
at org.testng.TestRunner.privateRun(TestRunner.java:739)
at org.testng.TestRunner.run(TestRunner.java:614)
at org.testng.SuiteRunner.runTest(SuiteRunner.java:421)
at org.testng.SuiteRunner.runSequentially(SuiteRunner.java:413)
at org.testng.SuiteRunner.privateRun(SuiteRunner.java:373)
at org.testng.SuiteRunner.run(SuiteRunner.java:312)
at org.testng.SuiteRunnerWorker.runSuite(SuiteRunnerWorker.java:52)
at org.testng.SuiteRunnerWorker.run(SuiteRunnerWorker.java:95)
at org.testng.TestNG.runSuitesSequentially(TestNG.java:1274)
at org.testng.TestNG.runSuitesLocally(TestNG.java:1208)
at org.testng.TestNG.runSuites(TestNG.java:1112)
at org.testng.TestNG.run(TestNG.java:1079)
at org.testng.remote.AbstractRemoteTestNG.run(AbstractRemoteTestNG.java:115)
at org.testng.remote.RemoteTestNG.initAndRun(RemoteTestNG.java:293)
at org.testng.remote.RemoteTestNG.main(RemoteTestNG.java:91)
]]>
    </failure>
  </testcase> <!-- shouldApplyFiltersCorrectlyOnOutboundTruck -->
  <testcase classname="com.uiFramework.Genesis.regression.web.OutboundTruckTest" name="shouldApplyColumnFilterForOutboundTruck" time="29.422"/>
  <testcase classname="com.uiFramework.Genesis.regression.web.OutboundTruckTest" name="shouldApplyColumnFilterOnOutboundTruckCreatePage" time="35.135"/>
</testsuite> <!-- com.uiFramework.Genesis.regression.web.OutboundTruckTest -->
