<?xml version="1.0" encoding="UTF-8"?>
<!-- Generated by org.testng.reporters.JUnitReportReporter -->
<testsuite hostname="DESKTOP-UQFI3OJ" failures="2" tests="17" name="com.uiFramework.Genesis.regression.web.AREDIFileTest" time="65.332" errors="0" timestamp="2026-01-19T15:37:09 IST" skipped="0">
  <testcase classname="com.uiFramework.Genesis.regression.web.AREDIFileTest" name="shouldShowEDIExportStatusAsPending" time="2.965"/>
  <testcase classname="com.uiFramework.Genesis.regression.web.AREDIFileTest" name="shouldDisplayCreatedInvoiceNumberOnEDIPage" time="3.803"/>
  <testcase classname="com.uiFramework.Genesis.regression.web.AREDIFileTest" name="shouldDisplayAccurateInvoiceAmountOnEDIPage" time="0.050"/>
  <testcase classname="com.uiFramework.Genesis.regression.web.AREDIFileTest" name="shouldValidateDiscountAmountOnEDIPage" time="0.050"/>
  <testcase classname="com.uiFramework.Genesis.regression.web.AREDIFileTest" name="shouldShowGlOrderOnEDIPage" time="0.394"/>
  <testcase classname="com.uiFramework.Genesis.regression.web.AREDIFileTest" name="shouldDisplayOrderPriceOnEDIPage" time="0.029"/>
  <testcase classname="com.uiFramework.Genesis.regression.web.AREDIFileTest" name="shouldShowAccurateSubTotalSumOnEDIPage" time="0.028">
    <failure message="The following asserts failed:
	Create invoice amount does not match with sub total in the EDI page expected [1325.3] but found [734.4]" type="java.lang.AssertionError">
      <![CDATA[java.lang.AssertionError: The following asserts failed:
Create invoice amount does not match with sub total in the EDI page expected [1325.3] but found [734.4]
at org.testng.asserts.SoftAssert.assertAll(SoftAssert.java:46)
at org.testng.asserts.SoftAssert.assertAll(SoftAssert.java:30)
at com.uiFramework.Genesis.regression.web.AREDIFileTest.shouldShowAccurateSubTotalSumOnEDIPage(AREDIFileTest.java:81)
at java.base/jdk.internal.reflect.NativeMethodAccessorImpl.invoke0(Native Method)
at java.base/jdk.internal.reflect.NativeMethodAccessorImpl.invoke(NativeMethodAccessorImpl.java:77)
at java.base/jdk.internal.reflect.DelegatingMethodAccessorImpl.invoke(DelegatingMethodAccessorImpl.java:43)
at java.base/java.lang.reflect.Method.invoke(Method.java:568)
at org.testng.internal.invokers.MethodInvocationHelper.invokeMethod(MethodInvocationHelper.java:141)
at org.testng.internal.invokers.TestInvoker.invokeMethod(TestInvoker.java:686)
at org.testng.internal.invokers.TestInvoker.invokeTestMethod(TestInvoker.java:230)
at org.testng.internal.invokers.MethodRunner.runInSequence(MethodRunner.java:63)
at org.testng.internal.invokers.TestInvoker$MethodInvocationAgent.invoke(TestInvoker.java:992)
at org.testng.internal.invokers.TestInvoker.invokeTestMethods(TestInvoker.java:203)
at org.testng.internal.invokers.TestMethodWorker.invokeTestMethods(TestMethodWorker.java:154)
at org.testng.internal.invokers.TestMethodWorker.run(TestMethodWorker.java:134)
at java.base/java.util.ArrayList.forEach(ArrayList.java:1511)
at org.testng.TestRunner.privateRun(TestRunner.java:739)
at org.testng.TestRunner.run(TestRunner.java:614)
at org.testng.SuiteRunner.runTest(SuiteRunner.java:421)
at org.testng.SuiteRunner.runSequentially(SuiteRunner.java:413)
at org.testng.SuiteRunner.privateRun(SuiteRunner.java:373)
at org.testng.SuiteRunner.run(SuiteRunner.java:312)
at org.testng.SuiteRunnerWorker.runSuite(SuiteRunnerWorker.java:52)
at org.testng.SuiteRunnerWorker.run(SuiteRunnerWorker.java:95)
at org.testng.TestNG.runSuitesSequentially(TestNG.java:1274)
at org.testng.TestNG.runSuitesLocally(TestNG.java:1208)
at org.testng.TestNG.runSuites(TestNG.java:1112)
at org.testng.TestNG.run(TestNG.java:1079)
at org.testng.remote.AbstractRemoteTestNG.run(AbstractRemoteTestNG.java:115)
at org.testng.remote.RemoteTestNG.initAndRun(RemoteTestNG.java:293)
at org.testng.remote.RemoteTestNG.main(RemoteTestNG.java:91)
]]>
    </failure>
  </testcase> <!-- shouldShowAccurateSubTotalSumOnEDIPage -->
  <testcase classname="com.uiFramework.Genesis.regression.web.AREDIFileTest" name="shouldAllowUserToGenerateEDIFile" time="3.463"/>
  <testcase classname="com.uiFramework.Genesis.regression.web.AREDIFileTest" name="shouldChangeEDIExportStatusOnceFileExported" time="8.621"/>
  <testcase classname="com.uiFramework.Genesis.regression.web.AREDIFileTest" name="shouldGenerateEDIFilesForMultipleInvoices" time="7.525"/>
  <testcase classname="com.uiFramework.Genesis.regression.web.AREDIFileTest" name="shouldReduceCountAfterFileGeneration" time="2.342"/>
  <testcase classname="com.uiFramework.Genesis.regression.web.AREDIFileTest" name="shouldHandlePaginationCorrectlyOnEDIFilePage" time="11.110"/>
  <testcase classname="com.uiFramework.Genesis.regression.web.AREDIFileTest" name="shouldNotAllowEditingInvoiceAfterEDIFileGenerated" time="11.478">
    <failure message="The following asserts failed:
	Edit button is displayed. when generate EDI file expected [true] but found [false]" type="java.lang.AssertionError">
      <![CDATA[java.lang.AssertionError: The following asserts failed:
Edit button is displayed. when generate EDI file expected [true] but found [false]
at org.testng.asserts.SoftAssert.assertAll(SoftAssert.java:46)
at org.testng.asserts.SoftAssert.assertAll(SoftAssert.java:30)
at com.uiFramework.Genesis.regression.web.AREDIFileTest.shouldNotAllowEditingInvoiceAfterEDIFileGenerated(AREDIFileTest.java:138)
at java.base/jdk.internal.reflect.NativeMethodAccessorImpl.invoke0(Native Method)
at java.base/jdk.internal.reflect.NativeMethodAccessorImpl.invoke(NativeMethodAccessorImpl.java:77)
at java.base/jdk.internal.reflect.DelegatingMethodAccessorImpl.invoke(DelegatingMethodAccessorImpl.java:43)
at java.base/java.lang.reflect.Method.invoke(Method.java:568)
at org.testng.internal.invokers.MethodInvocationHelper.invokeMethod(MethodInvocationHelper.java:141)
at org.testng.internal.invokers.TestInvoker.invokeMethod(TestInvoker.java:686)
at org.testng.internal.invokers.TestInvoker.invokeTestMethod(TestInvoker.java:230)
at org.testng.internal.invokers.MethodRunner.runInSequence(MethodRunner.java:63)
at org.testng.internal.invokers.TestInvoker$MethodInvocationAgent.invoke(TestInvoker.java:992)
at org.testng.internal.invokers.TestInvoker.invokeTestMethods(TestInvoker.java:203)
at org.testng.internal.invokers.TestMethodWorker.invokeTestMethods(TestMethodWorker.java:154)
at org.testng.internal.invokers.TestMethodWorker.run(TestMethodWorker.java:134)
at java.base/java.util.ArrayList.forEach(ArrayList.java:1511)
at org.testng.TestRunner.privateRun(TestRunner.java:739)
at org.testng.TestRunner.run(TestRunner.java:614)
at org.testng.SuiteRunner.runTest(SuiteRunner.java:421)
at org.testng.SuiteRunner.runSequentially(SuiteRunner.java:413)
at org.testng.SuiteRunner.privateRun(SuiteRunner.java:373)
at org.testng.SuiteRunner.run(SuiteRunner.java:312)
at org.testng.SuiteRunnerWorker.runSuite(SuiteRunnerWorker.java:52)
at org.testng.SuiteRunnerWorker.run(SuiteRunnerWorker.java:95)
at org.testng.TestNG.runSuitesSequentially(TestNG.java:1274)
at org.testng.TestNG.runSuitesLocally(TestNG.java:1208)
at org.testng.TestNG.runSuites(TestNG.java:1112)
at org.testng.TestNG.run(TestNG.java:1079)
at org.testng.remote.AbstractRemoteTestNG.run(AbstractRemoteTestNG.java:115)
at org.testng.remote.RemoteTestNG.initAndRun(RemoteTestNG.java:293)
at org.testng.remote.RemoteTestNG.main(RemoteTestNG.java:91)
]]>
    </failure>
  </testcase> <!-- shouldNotAllowEditingInvoiceAfterEDIFileGenerated -->
  <testcase classname="com.uiFramework.Genesis.regression.web.AREDIFileTest" name="shouldAllowUserToPrintPDFForInvoice" time="3.881"/>
  <testcase classname="com.uiFramework.Genesis.regression.web.AREDIFileTest" name="shouldUpdateStatusToPrintedWhenPDFExported" time="5.347"/>
  <testcase classname="com.uiFramework.Genesis.regression.web.AREDIFileTest" name="shouldAllowUserToExportCoverXLSForInvoice" time="1.303"/>
  <testcase classname="com.uiFramework.Genesis.regression.web.AREDIFileTest" name="shouldHandlePaginationCorrectlyOnInvoiceFilePage" time="2.943"/>
</testsuite> <!-- com.uiFramework.Genesis.regression.web.AREDIFileTest -->
