<?xml version="1.0" encoding="UTF-8"?>
<!-- Generated by org.testng.reporters.JUnitReportReporter -->
<testsuite hostname="DESKTOP-UQFI3OJ" failures="3" tests="20" name="com.uiFramework.Genesis.regression.web.OutboundQATest" time="219.513" errors="0" timestamp="2026-02-09T15:25:12 IST" skipped="5">
  <testcase classname="com.uiFramework.Genesis.regression.web.OutboundQATest" name="shouldAcceptManifestForMainOrder" time="79.011">
    <failure message="The following asserts failed:
	Toast not Displayed For outbound QA done. expected [QA details update successfully] but found [Toast message Failed]" type="java.lang.AssertionError">
      <![CDATA[java.lang.AssertionError: The following asserts failed:
Toast not Displayed For outbound QA done. expected [QA details update successfully] but found [Toast message Failed]
at org.testng.asserts.SoftAssert.assertAll(SoftAssert.java:46)
at org.testng.asserts.SoftAssert.assertAll(SoftAssert.java:30)
at com.uiFramework.Genesis.regression.web.OutboundQATest.shouldAcceptManifestForMainOrder(OutboundQATest.java:59)
at java.base/jdk.internal.reflect.NativeMethodAccessorImpl.invoke0(Native Method)
at java.base/jdk.internal.reflect.NativeMethodAccessorImpl.invoke(NativeMethodAccessorImpl.java:77)
at java.base/jdk.internal.reflect.DelegatingMethodAccessorImpl.invoke(DelegatingMethodAccessorImpl.java:43)
at java.base/java.lang.reflect.Method.invoke(Method.java:568)
at org.testng.internal.invokers.MethodInvocationHelper.invokeMethod(MethodInvocationHelper.java:141)
at org.testng.internal.invokers.TestInvoker.invokeMethod(TestInvoker.java:686)
at org.testng.internal.invokers.TestInvoker.invokeTestMethod(TestInvoker.java:230)
at org.testng.internal.invokers.MethodRunner.runInSequence(MethodRunner.java:63)
at org.testng.internal.invokers.TestInvoker$MethodInvocationAgent.invoke(TestInvoker.java:992)
at org.testng.internal.invokers.TestInvoker.invokeTestMethods(TestInvoker.java:203)
at org.testng.internal.invokers.TestMethodWorker.invokeTestMethods(TestMethodWorker.java:154)
at org.testng.internal.invokers.TestMethodWorker.run(TestMethodWorker.java:134)
at java.base/java.util.ArrayList.forEach(ArrayList.java:1511)
at org.testng.TestRunner.privateRun(TestRunner.java:739)
at org.testng.TestRunner.run(TestRunner.java:614)
at org.testng.SuiteRunner.runTest(SuiteRunner.java:421)
at org.testng.SuiteRunner.runSequentially(SuiteRunner.java:413)
at org.testng.SuiteRunner.privateRun(SuiteRunner.java:373)
at org.testng.SuiteRunner.run(SuiteRunner.java:312)
at org.testng.SuiteRunnerWorker.runSuite(SuiteRunnerWorker.java:52)
at org.testng.SuiteRunnerWorker.run(SuiteRunnerWorker.java:95)
at org.testng.TestNG.runSuitesSequentially(TestNG.java:1274)
at org.testng.TestNG.runSuitesLocally(TestNG.java:1208)
at org.testng.TestNG.runSuites(TestNG.java:1112)
at org.testng.TestNG.run(TestNG.java:1079)
at org.testng.remote.AbstractRemoteTestNG.run(AbstractRemoteTestNG.java:115)
at org.testng.remote.RemoteTestNG.initAndRun(RemoteTestNG.java:293)
at org.testng.remote.RemoteTestNG.main(RemoteTestNG.java:91)
]]>
    </failure>
  </testcase> <!-- shouldAcceptManifestForMainOrder -->
  <testcase classname="com.uiFramework.Genesis.regression.web.OutboundQATest" name="shouldDisplayEditableFieldsForTrackingUpdatedRequest" time="27.323"/>
  <testcase classname="com.uiFramework.Genesis.regression.web.OutboundQATest" name="shouldCheckMandateMsgIfOrderNotSelected" time="40.830">
    <failure message="The following asserts failed:
	Not Found! expected [Please select at least one record.] but found [Toast message Failed]" type="java.lang.AssertionError">
      <![CDATA[java.lang.AssertionError: The following asserts failed:
Not Found! expected [Please select at least one record.] but found [Toast message Failed]
at org.testng.asserts.SoftAssert.assertAll(SoftAssert.java:46)
at org.testng.asserts.SoftAssert.assertAll(SoftAssert.java:30)
at com.uiFramework.Genesis.regression.web.OutboundQATest.shouldCheckMandateMsgIfOrderNotSelected(OutboundQATest.java:88)
at java.base/jdk.internal.reflect.NativeMethodAccessorImpl.invoke0(Native Method)
at java.base/jdk.internal.reflect.NativeMethodAccessorImpl.invoke(NativeMethodAccessorImpl.java:77)
at java.base/jdk.internal.reflect.DelegatingMethodAccessorImpl.invoke(DelegatingMethodAccessorImpl.java:43)
at java.base/java.lang.reflect.Method.invoke(Method.java:568)
at org.testng.internal.invokers.MethodInvocationHelper.invokeMethod(MethodInvocationHelper.java:141)
at org.testng.internal.invokers.TestInvoker.invokeMethod(TestInvoker.java:686)
at org.testng.internal.invokers.TestInvoker.invokeTestMethod(TestInvoker.java:230)
at org.testng.internal.invokers.MethodRunner.runInSequence(MethodRunner.java:63)
at org.testng.internal.invokers.TestInvoker$MethodInvocationAgent.invoke(TestInvoker.java:992)
at org.testng.internal.invokers.TestInvoker.invokeTestMethods(TestInvoker.java:203)
at org.testng.internal.invokers.TestMethodWorker.invokeTestMethods(TestMethodWorker.java:154)
at org.testng.internal.invokers.TestMethodWorker.run(TestMethodWorker.java:134)
at java.base/java.util.ArrayList.forEach(ArrayList.java:1511)
at org.testng.TestRunner.privateRun(TestRunner.java:739)
at org.testng.TestRunner.run(TestRunner.java:614)
at org.testng.SuiteRunner.runTest(SuiteRunner.java:421)
at org.testng.SuiteRunner.runSequentially(SuiteRunner.java:413)
at org.testng.SuiteRunner.privateRun(SuiteRunner.java:373)
at org.testng.SuiteRunner.run(SuiteRunner.java:312)
at org.testng.SuiteRunnerWorker.runSuite(SuiteRunnerWorker.java:52)
at org.testng.SuiteRunnerWorker.run(SuiteRunnerWorker.java:95)
at org.testng.TestNG.runSuitesSequentially(TestNG.java:1274)
at org.testng.TestNG.runSuitesLocally(TestNG.java:1208)
at org.testng.TestNG.runSuites(TestNG.java:1112)
at org.testng.TestNG.run(TestNG.java:1079)
at org.testng.remote.AbstractRemoteTestNG.run(AbstractRemoteTestNG.java:115)
at org.testng.remote.RemoteTestNG.initAndRun(RemoteTestNG.java:293)
at org.testng.remote.RemoteTestNG.main(RemoteTestNG.java:91)
]]>
    </failure>
  </testcase> <!-- shouldCheckMandateMsgIfOrderNotSelected -->
  <testcase classname="com.uiFramework.Genesis.regression.web.OutboundQATest" name="shouldNotAllowEnteringExtraReceivedOrderPieces" time="0.000">
    <skipped/>
  </testcase> <!-- shouldNotAllowEnteringExtraReceivedOrderPieces -->
  <testcase classname="com.uiFramework.Genesis.regression.web.OutboundQATest" name="shouldPopulateDefaultValueAsZero" time="0.000">
    <skipped/>
  </testcase> <!-- shouldPopulateDefaultValueAsZero -->
  <testcase classname="com.uiFramework.Genesis.regression.web.OutboundQATest" name="shouldNotAllowEnteringExtraLiteratureOrderPieces" time="0.000">
    <skipped/>
  </testcase> <!-- shouldNotAllowEnteringExtraLiteratureOrderPieces -->
  <testcase classname="com.uiFramework.Genesis.regression.web.OutboundQATest" name="shouldValidateReceivedOrderPiecesWhenMarkSameQtyButtonClicked" time="0.442"/>
  <testcase classname="com.uiFramework.Genesis.regression.web.OutboundQATest" name="shouldValidateLitOrderPiecesWhenMarkSameQtyButtonClicked" time="0.105"/>
  <testcase classname="com.uiFramework.Genesis.regression.web.OutboundQATest" name="shouldDisplaySelectedLDAInGrid" time="0.063"/>
  <testcase classname="com.uiFramework.Genesis.regression.web.OutboundQATest" name="shouldDisplaySelectedManifestInGrid" time="0.093"/>
  <testcase classname="com.uiFramework.Genesis.regression.web.OutboundQATest" name="shouldDisplayCorrectTotalPiecesCount" time="0.419"/>
  <testcase classname="com.uiFramework.Genesis.regression.web.OutboundQATest" name="shouldMakeReceivedDateMandatory" time="8.970"/>
  <testcase classname="com.uiFramework.Genesis.regression.web.OutboundQATest" name="shouldMakeVoiceMailDateMandatory" time="9.172"/>
  <testcase classname="com.uiFramework.Genesis.regression.web.OutboundQATest" name="shouldVerifyReceivedAndVoicemailDatesAreCurrentDate" time="1.205"/>
  <testcase classname="com.uiFramework.Genesis.regression.web.OutboundQATest" name="shouldAllowUserToPartialOutboundQA" time="12.031"/>
  <testcase classname="com.uiFramework.Genesis.regression.web.OutboundQATest" name="shouldUpdateOrderStatusAfterPartialOutboundQADone" time="8.091"/>
  <testcase classname="com.uiFramework.Genesis.regression.web.OutboundQATest" name="shouldCheckFisrtOrderShouldBeDisable" time="4.979">
    <skipped/>
  </testcase> <!-- shouldCheckFisrtOrderShouldBeDisable -->
  <testcase classname="com.uiFramework.Genesis.regression.web.OutboundQATest" name="shouldAllowUserToOpenCompletedQA" time="18.686"/>
  <testcase classname="com.uiFramework.Genesis.regression.web.OutboundQATest" name="shouldUpdateOrderStatusAfterOutboundQADone" time="8.093">
    <failure message="The following asserts failed:
	Not match! expected [Consignee Delivery Schedule Pending] but found [Outbound QA Pending]" type="java.lang.AssertionError">
      <![CDATA[java.lang.AssertionError: The following asserts failed:
Not match! expected [Consignee Delivery Schedule Pending] but found [Outbound QA Pending]
at org.testng.asserts.SoftAssert.assertAll(SoftAssert.java:46)
at org.testng.asserts.SoftAssert.assertAll(SoftAssert.java:30)
at com.uiFramework.Genesis.regression.web.OutboundQATest.shouldUpdateOrderStatusAfterOutboundQADone(OutboundQATest.java:260)
at java.base/jdk.internal.reflect.NativeMethodAccessorImpl.invoke0(Native Method)
at java.base/jdk.internal.reflect.NativeMethodAccessorImpl.invoke(NativeMethodAccessorImpl.java:77)
at java.base/jdk.internal.reflect.DelegatingMethodAccessorImpl.invoke(DelegatingMethodAccessorImpl.java:43)
at java.base/java.lang.reflect.Method.invoke(Method.java:568)
at org.testng.internal.invokers.MethodInvocationHelper.invokeMethod(MethodInvocationHelper.java:141)
at org.testng.internal.invokers.TestInvoker.invokeMethod(TestInvoker.java:686)
at org.testng.internal.invokers.TestInvoker.invokeTestMethod(TestInvoker.java:230)
at org.testng.internal.invokers.MethodRunner.runInSequence(MethodRunner.java:63)
at org.testng.internal.invokers.TestInvoker$MethodInvocationAgent.invoke(TestInvoker.java:992)
at org.testng.internal.invokers.TestInvoker.invokeTestMethods(TestInvoker.java:203)
at org.testng.internal.invokers.TestMethodWorker.invokeTestMethods(TestMethodWorker.java:154)
at org.testng.internal.invokers.TestMethodWorker.run(TestMethodWorker.java:134)
at java.base/java.util.ArrayList.forEach(ArrayList.java:1511)
at org.testng.TestRunner.privateRun(TestRunner.java:739)
at org.testng.TestRunner.run(TestRunner.java:614)
at org.testng.SuiteRunner.runTest(SuiteRunner.java:421)
at org.testng.SuiteRunner.runSequentially(SuiteRunner.java:413)
at org.testng.SuiteRunner.privateRun(SuiteRunner.java:373)
at org.testng.SuiteRunner.run(SuiteRunner.java:312)
at org.testng.SuiteRunnerWorker.runSuite(SuiteRunnerWorker.java:52)
at org.testng.SuiteRunnerWorker.run(SuiteRunnerWorker.java:95)
at org.testng.TestNG.runSuitesSequentially(TestNG.java:1274)
at org.testng.TestNG.runSuitesLocally(TestNG.java:1208)
at org.testng.TestNG.runSuites(TestNG.java:1112)
at org.testng.TestNG.run(TestNG.java:1079)
at org.testng.remote.AbstractRemoteTestNG.run(AbstractRemoteTestNG.java:115)
at org.testng.remote.RemoteTestNG.initAndRun(RemoteTestNG.java:293)
at org.testng.remote.RemoteTestNG.main(RemoteTestNG.java:91)
]]>
    </failure>
  </testcase> <!-- shouldUpdateOrderStatusAfterOutboundQADone -->
  <testcase classname="com.uiFramework.Genesis.regression.web.OutboundQATest" name="shouldUpdateOrderStatusAfterSchedDellivery" time="0.000">
    <skipped/>
  </testcase> <!-- shouldUpdateOrderStatusAfterSchedDellivery -->
</testsuite> <!-- com.uiFramework.Genesis.regression.web.OutboundQATest -->
