<?xml version="1.0" encoding="UTF-8"?>
<!-- Generated by org.testng.reporters.JUnitReportReporter -->
<testsuite hostname="DESKTOP-UQFI3OJ" failures="0" tests="2" name="com.uiFramework.Genesis.regression.web.OutboundTruckTest" time="59.162" errors="0" timestamp="2026-02-11T16:35:23 IST" skipped="0">
  <testcase classname="com.uiFramework.Genesis.regression.web.OutboundTruckTest" name="shouldVerifyAddedPalletWTandPiecesLoadedIntoTruck" time="42.358"/>
  <testcase classname="com.uiFramework.Genesis.regression.web.OutboundTruckTest" name="shouldRouteOrderEditable" time="16.804"/>
</testsuite> <!-- com.uiFramework.Genesis.regression.web.OutboundTruckTest -->
