<?xml version="1.0" encoding="UTF-8"?>
<!-- Generated by org.testng.reporters.JUnitReportReporter -->
<testsuite hostname="DESKTOP-UQFI3OJ" failures="0" tests="9" name="com.uiFramework.Genesis.regression.web.ARManualInputTest" time="80.775" errors="0" timestamp="2026-01-19T15:37:09 IST" skipped="0">
  <testcase classname="com.uiFramework.Genesis.regression.web.ARManualInputTest" name="shouldMakeCustomerFieldMandatory" time="1.638"/>
  <testcase classname="com.uiFramework.Genesis.regression.web.ARManualInputTest" name="shouldDisplaySaveAndClearButtonsForEachOrder" time="5.452"/>
  <testcase classname="com.uiFramework.Genesis.regression.web.ARManualInputTest" name="shouldMakeAmountFieldMandatoryForSave" time="6.533"/>
  <testcase classname="com.uiFramework.Genesis.regression.web.ARManualInputTest" name="shouldAllowUserToEnterAndSaveAmount" time="4.596"/>
  <testcase classname="com.uiFramework.Genesis.regression.web.ARManualInputTest" name="shouldShowCorrectEnteredAmount" time="0.091"/>
  <testcase classname="com.uiFramework.Genesis.regression.web.ARManualInputTest" name="shouldClearFieldsWhenClearButtonClicked" time="0.526"/>
  <testcase classname="com.uiFramework.Genesis.regression.web.ARManualInputTest" name="shouldAllowUserToEnterNegativeAmount" time="4.087"/>
  <testcase classname="com.uiFramework.Genesis.regression.web.ARManualInputTest" name="shouldAllowUserToEditAmount" time="3.890"/>
  <testcase classname="com.uiFramework.Genesis.regression.web.ARManualInputTest" name="shouldAllowUserToUpdateManualAmountForMultipleOrders" time="53.962"/>
</testsuite> <!-- com.uiFramework.Genesis.regression.web.ARManualInputTest -->
