<?xml version="1.0" encoding="UTF-8"?>
<!-- Generated by org.testng.reporters.JUnitReportReporter -->
<testsuite hostname="appadmins-Mac-mini.local" failures="0" tests="1" name="com.uiFramework.Genesis.regression.ios.SignInTest" time="0.000" errors="0" timestamp="2025-11-03T10:19:06 IST" skipped="1">
  <testcase classname="com.uiFramework.Genesis.regression.ios.SignInTest" name="testValidCredential" time="0.000">
    <skipped/>
  </testcase> <!-- testValidCredential -->
</testsuite> <!-- com.uiFramework.Genesis.regression.ios.SignInTest -->
