<?xml version="1.0" encoding="UTF-8"?>
<!-- Generated by org.testng.reporters.JUnitReportReporter -->
<testsuite hostname="DESKTOP-3AHB894" failures="0" tests="1" name="org.contactManagement.regression.android.ContactFlowTest" time="104.835" errors="0" timestamp="2024-03-29T12:57:11 IST" skipped="0">
  <testcase classname="org.contactManagement.regression.android.ContactFlowTest" name="name" time="104.835"/>
  <system-out/>
</testsuite> <!-- org.contactManagement.regression.android.ContactFlowTest -->
