<?xml version="1.0" encoding="UTF-8"?>
<!-- Generated by org.testng.reporters.JUnitReportReporter -->
<testsuite hostname="DESKTOP-UQFI3OJ" failures="0" tests="2" name="com.uiFramework.Genesis.regression.web.PRTest" time="22.034" errors="0" timestamp="2026-01-28T18:23:53 IST" skipped="0">
  <testcase classname="com.uiFramework.Genesis.regression.web.PRTest" name="shouldNotDisplayedToastOnInboundPalletPage" time="11.515"/>
  <testcase classname="com.uiFramework.Genesis.regression.web.PRTest" name="shouldNotDisplayedToastOnInboundPalletCreatePage" time="10.519"/>
</testsuite> <!-- com.uiFramework.Genesis.regression.web.PRTest -->
