<?xml version="1.0" encoding="UTF-8"?>
<!-- Generated by org.testng.reporters.JUnitReportReporter -->
<testsuite hostname="DESKTOP-UQFI3OJ" failures="1" tests="38" name="com.uiFramework.Genesis.regression.web.OrderTest" time="1250.887" errors="2" timestamp="2026-02-09T15:25:12 IST" skipped="0">
  <testcase classname="com.uiFramework.Genesis.regression.web.OrderTest" name="shouldDisplayOrderFormOnCreateButtonClick" time="8.170">
    <error message="stale element reference: stale element not found in the current frame
  (Session info: chrome=144.0.7559.133)
For documentation on this error, please visit: https://www.selenium.dev/documentation/webdriver/troubleshooting/errors#stale-element-reference-exception
Build info: version: &#039;4.12.0&#039;, revision: &#039;249f2a7d1b*&#039;
System info: os.name: &#039;Windows 10&#039;, os.arch: &#039;amd64&#039;, os.version: &#039;10.0&#039;, java.version: &#039;17.0.10&#039;
Driver info: org.openqa.selenium.chrome.ChromeDriver
Command: [c5b64bc47e4643c0bc3cbe155144455f, getElementText {id=f.1A1CC28FDA320375A7C3EC48AFC3C88E.d.30EB636C952E59AB03A5AA05608BB336.e.236}]
Capabilities {acceptInsecureCerts: false, browserName: chrome, browserVersion: 144.0.7559.133, chrome: {chromedriverVersion: 144.0.7559.133 (7da823b1d59..., userDataDir: C:\Users\EMP256\AppData\Loc...}, fedcm:accounts: true, goog:chromeOptions: {debuggerAddress: localhost:53398}, goog:processID: 47784, networkConnectionEnabled: false, pageLoadStrategy: normal, platformName: windows, proxy: Proxy(), se:cdp: ws://localhost:53398/devtoo..., se:cdpVersion: 144.0.7559.133, setWindowRect: true, strictFileInteractability: false, timeouts: {implicit: 0, pageLoad: 300000, script: 30000}, unhandledPromptBehavior: dismiss and notify, webauthn:extension:credBlob: true, webauthn:extension:largeBlob: true, webauthn:extension:minPinLength: true, webauthn:extension:prf: true, webauthn:virtualAuthenticators: true}
Element: [[ChromeDriver: chrome on windows (c5b64bc47e4643c0bc3cbe155144455f)] -&gt; xpath: //*[@id=&#039;panel1bh-header&#039;]/div[1]/div/div/div[1]/h6]
Session ID: c5b64bc47e4643c0bc3cbe155144455f" type="org.openqa.selenium.StaleElementReferenceException">
      <![CDATA[org.openqa.selenium.StaleElementReferenceException: stale element reference: stale element not found in the current frame
  (Session info: chrome=144.0.7559.133)
For documentation on this error, please visit: https://www.selenium.dev/documentation/webdriver/troubleshooting/errors#stale-element-reference-exception
Build info: version: '4.12.0', revision: '249f2a7d1b*'
System info: os.name: 'Windows 10', os.arch: 'amd64', os.version: '10.0', java.version: '17.0.10'
Driver info: org.openqa.selenium.chrome.ChromeDriver
Command: [c5b64bc47e4643c0bc3cbe155144455f, getElementText {id=f.1A1CC28FDA320375A7C3EC48AFC3C88E.d.30EB636C952E59AB03A5AA05608BB336.e.236}]
Capabilities {acceptInsecureCerts: false, browserName: chrome, browserVersion: 144.0.7559.133, chrome: {chromedriverVersion: 144.0.7559.133 (7da823b1d59..., userDataDir: C:\Users\EMP256\AppData\Loc...}, fedcm:accounts: true, goog:chromeOptions: {debuggerAddress: localhost:53398}, goog:processID: 47784, networkConnectionEnabled: false, pageLoadStrategy: normal, platformName: windows, proxy: Proxy(), se:cdp: ws://localhost:53398/devtoo..., se:cdpVersion: 144.0.7559.133, setWindowRect: true, strictFileInteractability: false, timeouts: {implicit: 0, pageLoad: 300000, script: 30000}, unhandledPromptBehavior: dismiss and notify, webauthn:extension:credBlob: true, webauthn:extension:largeBlob: true, webauthn:extension:minPinLength: true, webauthn:extension:prf: true, webauthn:virtualAuthenticators: true}
Element: [[ChromeDriver: chrome on windows (c5b64bc47e4643c0bc3cbe155144455f)] -> xpath: //*[@id='panel1bh-header']/div[1]/div/div/div[1]/h6]
Session ID: c5b64bc47e4643c0bc3cbe155144455f
at java.base/jdk.internal.reflect.NativeConstructorAccessorImpl.newInstance0(Native Method)
at java.base/jdk.internal.reflect.NativeConstructorAccessorImpl.newInstance(NativeConstructorAccessorImpl.java:77)
at java.base/jdk.internal.reflect.DelegatingConstructorAccessorImpl.newInstance(DelegatingConstructorAccessorImpl.java:45)
at java.base/java.lang.reflect.Constructor.newInstanceWithCaller(Constructor.java:499)
at java.base/java.lang.reflect.Constructor.newInstance(Constructor.java:480)
at org.openqa.selenium.remote.codec.w3c.W3CHttpResponseCodec.createException(W3CHttpResponseCodec.java:200)
at org.openqa.selenium.remote.codec.w3c.W3CHttpResponseCodec.decode(W3CHttpResponseCodec.java:133)
at org.openqa.selenium.remote.codec.w3c.W3CHttpResponseCodec.decode(W3CHttpResponseCodec.java:52)
at org.openqa.selenium.remote.HttpCommandExecutor.execute(HttpCommandExecutor.java:191)
at org.openqa.selenium.remote.service.DriverCommandExecutor.invokeExecute(DriverCommandExecutor.java:196)
at org.openqa.selenium.remote.service.DriverCommandExecutor.execute(DriverCommandExecutor.java:171)
at org.openqa.selenium.remote.RemoteWebDriver.execute(RemoteWebDriver.java:602)
at org.openqa.selenium.remote.RemoteWebElement.execute(RemoteWebElement.java:224)
at org.openqa.selenium.remote.RemoteWebElement.getText(RemoteWebElement.java:192)
at com.uiFramework.Genesis.web.pages.CommonPage.getMandatoryText(CommonPage.java:303)
at com.uiFramework.Genesis.web.pages.OrderPage.fetchText(OrderPage.java:275)
at com.uiFramework.Genesis.regression.web.OrderTest.shouldDisplayOrderFormOnCreateButtonClick(OrderTest.java:50)
at java.base/jdk.internal.reflect.NativeMethodAccessorImpl.invoke0(Native Method)
at java.base/jdk.internal.reflect.NativeMethodAccessorImpl.invoke(NativeMethodAccessorImpl.java:77)
at java.base/jdk.internal.reflect.DelegatingMethodAccessorImpl.invoke(DelegatingMethodAccessorImpl.java:43)
at java.base/java.lang.reflect.Method.invoke(Method.java:568)
at org.testng.internal.invokers.MethodInvocationHelper.invokeMethod(MethodInvocationHelper.java:141)
at org.testng.internal.invokers.TestInvoker.invokeMethod(TestInvoker.java:686)
at org.testng.internal.invokers.TestInvoker.invokeTestMethod(TestInvoker.java:230)
at org.testng.internal.invokers.MethodRunner.runInSequence(MethodRunner.java:63)
at org.testng.internal.invokers.TestInvoker$MethodInvocationAgent.invoke(TestInvoker.java:992)
at org.testng.internal.invokers.TestInvoker.invokeTestMethods(TestInvoker.java:203)
at org.testng.internal.invokers.TestMethodWorker.invokeTestMethods(TestMethodWorker.java:154)
at org.testng.internal.invokers.TestMethodWorker.run(TestMethodWorker.java:134)
at java.base/java.util.ArrayList.forEach(ArrayList.java:1511)
at org.testng.TestRunner.privateRun(TestRunner.java:739)
at org.testng.TestRunner.run(TestRunner.java:614)
at org.testng.SuiteRunner.runTest(SuiteRunner.java:421)
at org.testng.SuiteRunner.runSequentially(SuiteRunner.java:413)
at org.testng.SuiteRunner.privateRun(SuiteRunner.java:373)
at org.testng.SuiteRunner.run(SuiteRunner.java:312)
at org.testng.SuiteRunnerWorker.runSuite(SuiteRunnerWorker.java:52)
at org.testng.SuiteRunnerWorker.run(SuiteRunnerWorker.java:95)
at org.testng.TestNG.runSuitesSequentially(TestNG.java:1274)
at org.testng.TestNG.runSuitesLocally(TestNG.java:1208)
at org.testng.TestNG.runSuites(TestNG.java:1112)
at org.testng.TestNG.run(TestNG.java:1079)
at org.testng.remote.AbstractRemoteTestNG.run(AbstractRemoteTestNG.java:115)
at org.testng.remote.RemoteTestNG.initAndRun(RemoteTestNG.java:293)
at org.testng.remote.RemoteTestNG.main(RemoteTestNG.java:91)
]]>
    </error>
  </testcase> <!-- shouldDisplayOrderFormOnCreateButtonClick -->
  <testcase classname="com.uiFramework.Genesis.regression.web.OrderTest" name="shouldShowErrorMessagesForMandatoryFields" time="2.112"/>
  <testcase classname="com.uiFramework.Genesis.regression.web.OrderTest" name="shouldKeepConsigneeDropdownEmptyUntilCustomerSelected" time="70.316"/>
  <testcase classname="com.uiFramework.Genesis.regression.web.OrderTest" name="shouldValidateLocalCarrierTextAndQAStatusAndPODUnset" time="0.416"/>
  <testcase classname="com.uiFramework.Genesis.regression.web.OrderTest" name="shouldValidateFullAddressDetails" time="0.483"/>
  <testcase classname="com.uiFramework.Genesis.regression.web.OrderTest" name="shouldFetchConsigneeAddressDetails" time="0.355"/>
  <testcase classname="com.uiFramework.Genesis.regression.web.OrderTest" name="shouldShowToastWhenConfirmingWithoutWeightOrPieces" time="7.336"/>
  <testcase classname="com.uiFramework.Genesis.regression.web.OrderTest" name="shouldCalculateRatedWeightAndLitWeightCorrectly" time="5.030"/>
  <testcase classname="com.uiFramework.Genesis.regression.web.OrderTest" name="shouldVerifyDraftOrderStatusAfterSave" time="5.842"/>
  <testcase classname="com.uiFramework.Genesis.regression.web.OrderTest" name="shouldGenerateBarcodeAfterOrderConfirmation" time="18.861"/>
  <testcase classname="com.uiFramework.Genesis.regression.web.OrderTest" name="shouldShowErrorWhenSavingEmptyCustomerAccessorial" time="10.917"/>
  <testcase classname="com.uiFramework.Genesis.regression.web.OrderTest" name="shouldDeleteCustomerAccessorialSuccessfully" time="23.645"/>
  <testcase classname="com.uiFramework.Genesis.regression.web.OrderTest" name="shouldSaveCustomerAccessorialAfterDeleteAndValidateCarrierValidation" time="8.210"/>
  <testcase classname="com.uiFramework.Genesis.regression.web.OrderTest" name="shouldAddEditAndDeleteCarrierAccessorialSuccessfully" time="19.642"/>
  <testcase classname="com.uiFramework.Genesis.regression.web.OrderTest" name="shouldSaveCarrierAccessorialAfterDeleteAndValidateCommentValidation" time="6.975"/>
  <testcase classname="com.uiFramework.Genesis.regression.web.OrderTest" name="shouldSaveTypeAndsubjectReqOnComment" time="3.017"/>
  <testcase classname="com.uiFramework.Genesis.regression.web.OrderTest" name="shouldAddEditAndDeleteCommentSuccessfully" time="15.649"/>
  <testcase classname="com.uiFramework.Genesis.regression.web.OrderTest" name="shouldSaveCommentAfterDelete" time="13.346"/>
  <testcase classname="com.uiFramework.Genesis.regression.web.OrderTest" name="shouldShowMandatoryFieldOnSaveFiles" time="5.913"/>
  <testcase classname="com.uiFramework.Genesis.regression.web.OrderTest" name="shouldUploadFileAndShowSuccessToast" time="2.750"/>
  <testcase classname="com.uiFramework.Genesis.regression.web.OrderTest" name="shouldDeleteFileSuccessfully" time="9.682"/>
  <testcase classname="com.uiFramework.Genesis.regression.web.OrderTest" name="shouldMatchOrderDetailsOnListingPage" time="17.001"/>
  <testcase classname="com.uiFramework.Genesis.regression.web.OrderTest" name="shouldValidateTotalPiecesAndWeightOnListingPage" time="0.120"/>
  <testcase classname="com.uiFramework.Genesis.regression.web.OrderTest" name="shouldValidateOrderStatusCountOnLabelBadges" time="80.222"/>
  <testcase classname="com.uiFramework.Genesis.regression.web.OrderTest" name="shouldShowErrorForDuplicateCustomerOrderNumber" time="62.224"/>
  <testcase classname="com.uiFramework.Genesis.regression.web.OrderTest" name="shouldNotGenerateBarcodeAndShowCorrectOrderStatusOnConfirm" time="17.702"/>
  <testcase classname="com.uiFramework.Genesis.regression.web.OrderTest" name="shouldShowErrorOnConfirmFromListingWithMissingFields" time="69.042"/>
  <testcase classname="com.uiFramework.Genesis.regression.web.OrderTest" name="shouldDeleteOrderSuccessfullyWhenInDraftStatusInDraft" time="19.161"/>
  <testcase classname="com.uiFramework.Genesis.regression.web.OrderTest" name="shouldCreateDistributorOrderWithRequiredDetails" time="88.245"/>
  <testcase classname="com.uiFramework.Genesis.regression.web.OrderTest" name="shouldDisplayBarcodeAfterDistributorOrderConfirmation" time="33.593"/>
  <testcase classname="com.uiFramework.Genesis.regression.web.OrderTest" name="shouldNotGenerateBarcodeWhenCheckboxIsUnchecked" time="139.689">
    <error message="Expected condition failed: waiting for element to be clickable: By.xpath: (//input[@class=&#039;PrivateSwitchBase-input css-1m9pwf3&#039;])[1] (tried for 40 second(s) with 500 milliseconds interval)
Build info: version: &#039;4.12.0&#039;, revision: &#039;249f2a7d1b*&#039;
System info: os.name: &#039;Windows 10&#039;, os.arch: &#039;amd64&#039;, os.version: &#039;10.0&#039;, java.version: &#039;17.0.10&#039;
Driver info: org.openqa.selenium.chrome.ChromeDriver
Capabilities {acceptInsecureCerts: false, browserName: chrome, browserVersion: 144.0.7559.133, chrome: {chromedriverVersion: 144.0.7559.133 (7da823b1d59..., userDataDir: C:\Users\EMP256\AppData\Loc...}, fedcm:accounts: true, goog:chromeOptions: {debuggerAddress: localhost:53398}, goog:processID: 47784, networkConnectionEnabled: false, pageLoadStrategy: normal, platformName: windows, proxy: Proxy(), se:cdp: ws://localhost:53398/devtoo..., se:cdpVersion: 144.0.7559.133, setWindowRect: true, strictFileInteractability: false, timeouts: {implicit: 0, pageLoad: 300000, script: 30000}, unhandledPromptBehavior: dismiss and notify, webauthn:extension:credBlob: true, webauthn:extension:largeBlob: true, webauthn:extension:minPinLength: true, webauthn:extension:prf: true, webauthn:virtualAuthenticators: true}
Session ID: c5b64bc47e4643c0bc3cbe155144455f" type="org.openqa.selenium.TimeoutException">
      <![CDATA[org.openqa.selenium.TimeoutException: Expected condition failed: waiting for element to be clickable: By.xpath: (//input[@class='PrivateSwitchBase-input css-1m9pwf3'])[1] (tried for 40 second(s) with 500 milliseconds interval)
Build info: version: '4.12.0', revision: '249f2a7d1b*'
System info: os.name: 'Windows 10', os.arch: 'amd64', os.version: '10.0', java.version: '17.0.10'
Driver info: org.openqa.selenium.chrome.ChromeDriver
Capabilities {acceptInsecureCerts: false, browserName: chrome, browserVersion: 144.0.7559.133, chrome: {chromedriverVersion: 144.0.7559.133 (7da823b1d59..., userDataDir: C:\Users\EMP256\AppData\Loc...}, fedcm:accounts: true, goog:chromeOptions: {debuggerAddress: localhost:53398}, goog:processID: 47784, networkConnectionEnabled: false, pageLoadStrategy: normal, platformName: windows, proxy: Proxy(), se:cdp: ws://localhost:53398/devtoo..., se:cdpVersion: 144.0.7559.133, setWindowRect: true, strictFileInteractability: false, timeouts: {implicit: 0, pageLoad: 300000, script: 30000}, unhandledPromptBehavior: dismiss and notify, webauthn:extension:credBlob: true, webauthn:extension:largeBlob: true, webauthn:extension:minPinLength: true, webauthn:extension:prf: true, webauthn:virtualAuthenticators: true}
Session ID: c5b64bc47e4643c0bc3cbe155144455f
at org.openqa.selenium.support.ui.WebDriverWait.timeoutException(WebDriverWait.java:84)
at org.openqa.selenium.support.ui.FluentWait.until(FluentWait.java:230)
at com.uiFramework.Genesis.web.pages.OrderPage.safeClick(OrderPage.java:94)
at com.uiFramework.Genesis.web.pages.OrderPage.untickBarcodeGenertion(OrderPage.java:959)
at com.uiFramework.Genesis.regression.web.OrderTest.shouldNotGenerateBarcodeWhenCheckboxIsUnchecked(OrderTest.java:363)
at java.base/jdk.internal.reflect.NativeMethodAccessorImpl.invoke0(Native Method)
at java.base/jdk.internal.reflect.NativeMethodAccessorImpl.invoke(NativeMethodAccessorImpl.java:77)
at java.base/jdk.internal.reflect.DelegatingMethodAccessorImpl.invoke(DelegatingMethodAccessorImpl.java:43)
at java.base/java.lang.reflect.Method.invoke(Method.java:568)
at org.testng.internal.invokers.MethodInvocationHelper.invokeMethod(MethodInvocationHelper.java:141)
at org.testng.internal.invokers.TestInvoker.invokeMethod(TestInvoker.java:686)
at org.testng.internal.invokers.TestInvoker.invokeTestMethod(TestInvoker.java:230)
at org.testng.internal.invokers.MethodRunner.runInSequence(MethodRunner.java:63)
at org.testng.internal.invokers.TestInvoker$MethodInvocationAgent.invoke(TestInvoker.java:992)
at org.testng.internal.invokers.TestInvoker.invokeTestMethods(TestInvoker.java:203)
at org.testng.internal.invokers.TestMethodWorker.invokeTestMethods(TestMethodWorker.java:154)
at org.testng.internal.invokers.TestMethodWorker.run(TestMethodWorker.java:134)
at java.base/java.util.ArrayList.forEach(ArrayList.java:1511)
at org.testng.TestRunner.privateRun(TestRunner.java:739)
at org.testng.TestRunner.run(TestRunner.java:614)
at org.testng.SuiteRunner.runTest(SuiteRunner.java:421)
at org.testng.SuiteRunner.runSequentially(SuiteRunner.java:413)
at org.testng.SuiteRunner.privateRun(SuiteRunner.java:373)
at org.testng.SuiteRunner.run(SuiteRunner.java:312)
at org.testng.SuiteRunnerWorker.runSuite(SuiteRunnerWorker.java:52)
at org.testng.SuiteRunnerWorker.run(SuiteRunnerWorker.java:95)
at org.testng.TestNG.runSuitesSequentially(TestNG.java:1274)
at org.testng.TestNG.runSuitesLocally(TestNG.java:1208)
at org.testng.TestNG.runSuites(TestNG.java:1112)
at org.testng.TestNG.run(TestNG.java:1079)
at org.testng.remote.AbstractRemoteTestNG.run(AbstractRemoteTestNG.java:115)
at org.testng.remote.RemoteTestNG.initAndRun(RemoteTestNG.java:293)
at org.testng.remote.RemoteTestNG.main(RemoteTestNG.java:91)
]]>
    </error>
  </testcase> <!-- shouldNotGenerateBarcodeWhenCheckboxIsUnchecked -->
  <testcase classname="com.uiFramework.Genesis.regression.web.OrderTest" name="shouldConfirmMultipleOrdersAndDisplaySuccessToast" time="130.542"/>
  <testcase classname="com.uiFramework.Genesis.regression.web.OrderTest" name="shouldAllowOrderDeletionAfterConfirmation" time="5.230"/>
  <testcase classname="com.uiFramework.Genesis.regression.web.OrderTest" name="shouldNotAllowDeletionWhenOrderInPalletStage" time="76.053">
    <failure message="The following asserts failed:
	Not match expected [Order not in draft or inbound pallet pending stage] but found [Toast message Failed]" type="java.lang.AssertionError">
      <![CDATA[java.lang.AssertionError: The following asserts failed:
Not match expected [Order not in draft or inbound pallet pending stage] but found [Toast message Failed]
at org.testng.asserts.SoftAssert.assertAll(SoftAssert.java:46)
at org.testng.asserts.SoftAssert.assertAll(SoftAssert.java:30)
at com.uiFramework.Genesis.regression.web.OrderTest.shouldNotAllowDeletionWhenOrderInPalletStage(OrderTest.java:402)
at java.base/jdk.internal.reflect.NativeMethodAccessorImpl.invoke0(Native Method)
at java.base/jdk.internal.reflect.NativeMethodAccessorImpl.invoke(NativeMethodAccessorImpl.java:77)
at java.base/jdk.internal.reflect.DelegatingMethodAccessorImpl.invoke(DelegatingMethodAccessorImpl.java:43)
at java.base/java.lang.reflect.Method.invoke(Method.java:568)
at org.testng.internal.invokers.MethodInvocationHelper.invokeMethod(MethodInvocationHelper.java:141)
at org.testng.internal.invokers.TestInvoker.invokeMethod(TestInvoker.java:686)
at org.testng.internal.invokers.TestInvoker.invokeTestMethod(TestInvoker.java:230)
at org.testng.internal.invokers.MethodRunner.runInSequence(MethodRunner.java:63)
at org.testng.internal.invokers.TestInvoker$MethodInvocationAgent.invoke(TestInvoker.java:992)
at org.testng.internal.invokers.TestInvoker.invokeTestMethods(TestInvoker.java:203)
at org.testng.internal.invokers.TestMethodWorker.invokeTestMethods(TestMethodWorker.java:154)
at org.testng.internal.invokers.TestMethodWorker.run(TestMethodWorker.java:134)
at java.base/java.util.ArrayList.forEach(ArrayList.java:1511)
at org.testng.TestRunner.privateRun(TestRunner.java:739)
at org.testng.TestRunner.run(TestRunner.java:614)
at org.testng.SuiteRunner.runTest(SuiteRunner.java:421)
at org.testng.SuiteRunner.runSequentially(SuiteRunner.java:413)
at org.testng.SuiteRunner.privateRun(SuiteRunner.java:373)
at org.testng.SuiteRunner.run(SuiteRunner.java:312)
at org.testng.SuiteRunnerWorker.runSuite(SuiteRunnerWorker.java:52)
at org.testng.SuiteRunnerWorker.run(SuiteRunnerWorker.java:95)
at org.testng.TestNG.runSuitesSequentially(TestNG.java:1274)
at org.testng.TestNG.runSuitesLocally(TestNG.java:1208)
at org.testng.TestNG.runSuites(TestNG.java:1112)
at org.testng.TestNG.run(TestNG.java:1079)
at org.testng.remote.AbstractRemoteTestNG.run(AbstractRemoteTestNG.java:115)
at org.testng.remote.RemoteTestNG.initAndRun(RemoteTestNG.java:293)
at org.testng.remote.RemoteTestNG.main(RemoteTestNG.java:91)
]]>
    </failure>
  </testcase> <!-- shouldNotAllowDeletionWhenOrderInPalletStage -->
  <testcase classname="com.uiFramework.Genesis.regression.web.OrderTest" name="shouldFilterOrdersByVariousFieldsSuccessfully" time="157.315"/>
  <testcase classname="com.uiFramework.Genesis.regression.web.OrderTest" name="shouldCheckColumnFilter" time="101.550"/>
  <testcase classname="com.uiFramework.Genesis.regression.web.OrderTest" name="shouldCheckPDFDownloadedOnOrderPage" time="7.285"/>
  <testcase classname="com.uiFramework.Genesis.regression.web.OrderTest" name="shouldCheckExcelDownloadedOnOrderPage" time="7.246"/>
</testsuite> <!-- com.uiFramework.Genesis.regression.web.OrderTest -->
