<?xml version="1.0" encoding="UTF-8"?>
<!-- Generated by org.testng.reporters.JUnitReportReporter -->
<testsuite hostname="DESKTOP-UQFI3OJ" failures="2" tests="53" name="com.uiFramework.Genesis.regression.web.ARInvoiceTest" time="358.250" errors="2" timestamp="2026-01-19T15:37:09 IST" skipped="0">
  <testcase classname="com.uiFramework.Genesis.regression.web.ARInvoiceTest" name="shouldAllowAllOrderTypesToBeUsedForInvoiceCreation" time="25.160">
    <error message="no such element: Unable to locate element: {&quot;method&quot;:&quot;xpath&quot;,&quot;selector&quot;:&quot;//*[@class=&#039;p-paginator-current&#039;]&quot;}
  (Session info: chrome=144.0.7559.59)
For documentation on this error, please visit: https://www.selenium.dev/documentation/webdriver/troubleshooting/errors#no-such-element-exception
Build info: version: &#039;4.12.0&#039;, revision: &#039;249f2a7d1b*&#039;
System info: os.name: &#039;Windows 10&#039;, os.arch: &#039;amd64&#039;, os.version: &#039;10.0&#039;, java.version: &#039;17.0.10&#039;
Driver info: org.openqa.selenium.chrome.ChromeDriver
Command: [d38aebdf3ef80098a1c6a6101a9d8258, findElement {using=xpath, value=//*[@class=&#039;p-paginator-current&#039;]}]
Capabilities {acceptInsecureCerts: false, browserName: chrome, browserVersion: 144.0.7559.59, chrome: {chromedriverVersion: 144.0.7559.31 (18537d992890..., userDataDir: C:\Users\EMP256\AppData\Loc...}, fedcm:accounts: true, goog:chromeOptions: {debuggerAddress: localhost:61192}, goog:processID: 135568, networkConnectionEnabled: false, pageLoadStrategy: normal, platformName: windows, proxy: Proxy(), se:cdp: ws://localhost:61192/devtoo..., se:cdpVersion: 144.0.7559.59, setWindowRect: true, strictFileInteractability: false, timeouts: {implicit: 0, pageLoad: 300000, script: 30000}, unhandledPromptBehavior: dismiss and notify, webauthn:extension:credBlob: true, webauthn:extension:largeBlob: true, webauthn:extension:minPinLength: true, webauthn:extension:prf: true, webauthn:virtualAuthenticators: true}
Session ID: d38aebdf3ef80098a1c6a6101a9d8258" type="org.openqa.selenium.NoSuchElementException">
      <![CDATA[org.openqa.selenium.NoSuchElementException: no such element: Unable to locate element: {"method":"xpath","selector":"//*[@class='p-paginator-current']"}
  (Session info: chrome=144.0.7559.59)
For documentation on this error, please visit: https://www.selenium.dev/documentation/webdriver/troubleshooting/errors#no-such-element-exception
Build info: version: '4.12.0', revision: '249f2a7d1b*'
System info: os.name: 'Windows 10', os.arch: 'amd64', os.version: '10.0', java.version: '17.0.10'
Driver info: org.openqa.selenium.chrome.ChromeDriver
Command: [d38aebdf3ef80098a1c6a6101a9d8258, findElement {using=xpath, value=//*[@class='p-paginator-current']}]
Capabilities {acceptInsecureCerts: false, browserName: chrome, browserVersion: 144.0.7559.59, chrome: {chromedriverVersion: 144.0.7559.31 (18537d992890..., userDataDir: C:\Users\EMP256\AppData\Loc...}, fedcm:accounts: true, goog:chromeOptions: {debuggerAddress: localhost:61192}, goog:processID: 135568, networkConnectionEnabled: false, pageLoadStrategy: normal, platformName: windows, proxy: Proxy(), se:cdp: ws://localhost:61192/devtoo..., se:cdpVersion: 144.0.7559.59, setWindowRect: true, strictFileInteractability: false, timeouts: {implicit: 0, pageLoad: 300000, script: 30000}, unhandledPromptBehavior: dismiss and notify, webauthn:extension:credBlob: true, webauthn:extension:largeBlob: true, webauthn:extension:minPinLength: true, webauthn:extension:prf: true, webauthn:virtualAuthenticators: true}
Session ID: d38aebdf3ef80098a1c6a6101a9d8258
at java.base/jdk.internal.reflect.NativeConstructorAccessorImpl.newInstance0(Native Method)
at java.base/jdk.internal.reflect.NativeConstructorAccessorImpl.newInstance(NativeConstructorAccessorImpl.java:77)
at java.base/jdk.internal.reflect.DelegatingConstructorAccessorImpl.newInstance(DelegatingConstructorAccessorImpl.java:45)
at java.base/java.lang.reflect.Constructor.newInstanceWithCaller(Constructor.java:499)
at java.base/java.lang.reflect.Constructor.newInstance(Constructor.java:480)
at org.openqa.selenium.remote.codec.w3c.W3CHttpResponseCodec.createException(W3CHttpResponseCodec.java:200)
at org.openqa.selenium.remote.codec.w3c.W3CHttpResponseCodec.decode(W3CHttpResponseCodec.java:133)
at org.openqa.selenium.remote.codec.w3c.W3CHttpResponseCodec.decode(W3CHttpResponseCodec.java:52)
at org.openqa.selenium.remote.HttpCommandExecutor.execute(HttpCommandExecutor.java:191)
at org.openqa.selenium.remote.service.DriverCommandExecutor.invokeExecute(DriverCommandExecutor.java:196)
at org.openqa.selenium.remote.service.DriverCommandExecutor.execute(DriverCommandExecutor.java:171)
at org.openqa.selenium.remote.RemoteWebDriver.execute(RemoteWebDriver.java:602)
at org.openqa.selenium.remote.ElementLocation$ElementFinder$2.findElement(ElementLocation.java:165)
at org.openqa.selenium.remote.ElementLocation.findElement(ElementLocation.java:59)
at org.openqa.selenium.remote.RemoteWebDriver.findElement(RemoteWebDriver.java:359)
at org.openqa.selenium.remote.RemoteWebDriver.findElement(RemoteWebDriver.java:353)
at com.uiFramework.Genesis.web.pages.AccountsReceivable.getTotalRecordCount(AccountsReceivable.java:228)
at com.uiFramework.Genesis.web.pages.AccountsReceivable.selectCustomer(AccountsReceivable.java:269)
at com.uiFramework.Genesis.regression.web.ARInvoiceTest.shouldAllowAllOrderTypesToBeUsedForInvoiceCreation(ARInvoiceTest.java:43)
at java.base/jdk.internal.reflect.NativeMethodAccessorImpl.invoke0(Native Method)
at java.base/jdk.internal.reflect.NativeMethodAccessorImpl.invoke(NativeMethodAccessorImpl.java:77)
at java.base/jdk.internal.reflect.DelegatingMethodAccessorImpl.invoke(DelegatingMethodAccessorImpl.java:43)
at java.base/java.lang.reflect.Method.invoke(Method.java:568)
at org.testng.internal.invokers.MethodInvocationHelper.invokeMethod(MethodInvocationHelper.java:141)
at org.testng.internal.invokers.TestInvoker.invokeMethod(TestInvoker.java:686)
at org.testng.internal.invokers.TestInvoker.invokeTestMethod(TestInvoker.java:230)
at org.testng.internal.invokers.MethodRunner.runInSequence(MethodRunner.java:63)
at org.testng.internal.invokers.TestInvoker$MethodInvocationAgent.invoke(TestInvoker.java:992)
at org.testng.internal.invokers.TestInvoker.invokeTestMethods(TestInvoker.java:203)
at org.testng.internal.invokers.TestMethodWorker.invokeTestMethods(TestMethodWorker.java:154)
at org.testng.internal.invokers.TestMethodWorker.run(TestMethodWorker.java:134)
at java.base/java.util.ArrayList.forEach(ArrayList.java:1511)
at org.testng.TestRunner.privateRun(TestRunner.java:739)
at org.testng.TestRunner.run(TestRunner.java:614)
at org.testng.SuiteRunner.runTest(SuiteRunner.java:421)
at org.testng.SuiteRunner.runSequentially(SuiteRunner.java:413)
at org.testng.SuiteRunner.privateRun(SuiteRunner.java:373)
at org.testng.SuiteRunner.run(SuiteRunner.java:312)
at org.testng.SuiteRunnerWorker.runSuite(SuiteRunnerWorker.java:52)
at org.testng.SuiteRunnerWorker.run(SuiteRunnerWorker.java:95)
at org.testng.TestNG.runSuitesSequentially(TestNG.java:1274)
at org.testng.TestNG.runSuitesLocally(TestNG.java:1208)
at org.testng.TestNG.runSuites(TestNG.java:1112)
at org.testng.TestNG.run(TestNG.java:1079)
at org.testng.remote.AbstractRemoteTestNG.run(AbstractRemoteTestNG.java:115)
at org.testng.remote.RemoteTestNG.initAndRun(RemoteTestNG.java:293)
at org.testng.remote.RemoteTestNG.main(RemoteTestNG.java:91)
]]>
    </error>
  </testcase> <!-- shouldAllowAllOrderTypesToBeUsedForInvoiceCreation -->
  <testcase classname="com.uiFramework.Genesis.regression.web.ARInvoiceTest" name="shouldClearFieldsWhenClearButtonClicked" time="0.604"/>
  <testcase classname="com.uiFramework.Genesis.regression.web.ARInvoiceTest" name="shouldCheckFuelChargeMandatoryForInvoiceCreation" time="12.090">
    <error message="no such element: Unable to locate element: {&quot;method&quot;:&quot;xpath&quot;,&quot;selector&quot;:&quot;//*[@class=&#039;p-paginator-current&#039;]&quot;}
  (Session info: chrome=144.0.7559.59)
For documentation on this error, please visit: https://www.selenium.dev/documentation/webdriver/troubleshooting/errors#no-such-element-exception
Build info: version: &#039;4.12.0&#039;, revision: &#039;249f2a7d1b*&#039;
System info: os.name: &#039;Windows 10&#039;, os.arch: &#039;amd64&#039;, os.version: &#039;10.0&#039;, java.version: &#039;17.0.10&#039;
Driver info: org.openqa.selenium.chrome.ChromeDriver
Command: [d38aebdf3ef80098a1c6a6101a9d8258, findElement {using=xpath, value=//*[@class=&#039;p-paginator-current&#039;]}]
Capabilities {acceptInsecureCerts: false, browserName: chrome, browserVersion: 144.0.7559.59, chrome: {chromedriverVersion: 144.0.7559.31 (18537d992890..., userDataDir: C:\Users\EMP256\AppData\Loc...}, fedcm:accounts: true, goog:chromeOptions: {debuggerAddress: localhost:61192}, goog:processID: 135568, networkConnectionEnabled: false, pageLoadStrategy: normal, platformName: windows, proxy: Proxy(), se:cdp: ws://localhost:61192/devtoo..., se:cdpVersion: 144.0.7559.59, setWindowRect: true, strictFileInteractability: false, timeouts: {implicit: 0, pageLoad: 300000, script: 30000}, unhandledPromptBehavior: dismiss and notify, webauthn:extension:credBlob: true, webauthn:extension:largeBlob: true, webauthn:extension:minPinLength: true, webauthn:extension:prf: true, webauthn:virtualAuthenticators: true}
Session ID: d38aebdf3ef80098a1c6a6101a9d8258" type="org.openqa.selenium.NoSuchElementException">
      <![CDATA[org.openqa.selenium.NoSuchElementException: no such element: Unable to locate element: {"method":"xpath","selector":"//*[@class='p-paginator-current']"}
  (Session info: chrome=144.0.7559.59)
For documentation on this error, please visit: https://www.selenium.dev/documentation/webdriver/troubleshooting/errors#no-such-element-exception
Build info: version: '4.12.0', revision: '249f2a7d1b*'
System info: os.name: 'Windows 10', os.arch: 'amd64', os.version: '10.0', java.version: '17.0.10'
Driver info: org.openqa.selenium.chrome.ChromeDriver
Command: [d38aebdf3ef80098a1c6a6101a9d8258, findElement {using=xpath, value=//*[@class='p-paginator-current']}]
Capabilities {acceptInsecureCerts: false, browserName: chrome, browserVersion: 144.0.7559.59, chrome: {chromedriverVersion: 144.0.7559.31 (18537d992890..., userDataDir: C:\Users\EMP256\AppData\Loc...}, fedcm:accounts: true, goog:chromeOptions: {debuggerAddress: localhost:61192}, goog:processID: 135568, networkConnectionEnabled: false, pageLoadStrategy: normal, platformName: windows, proxy: Proxy(), se:cdp: ws://localhost:61192/devtoo..., se:cdpVersion: 144.0.7559.59, setWindowRect: true, strictFileInteractability: false, timeouts: {implicit: 0, pageLoad: 300000, script: 30000}, unhandledPromptBehavior: dismiss and notify, webauthn:extension:credBlob: true, webauthn:extension:largeBlob: true, webauthn:extension:minPinLength: true, webauthn:extension:prf: true, webauthn:virtualAuthenticators: true}
Session ID: d38aebdf3ef80098a1c6a6101a9d8258
at java.base/jdk.internal.reflect.NativeConstructorAccessorImpl.newInstance0(Native Method)
at java.base/jdk.internal.reflect.NativeConstructorAccessorImpl.newInstance(NativeConstructorAccessorImpl.java:77)
at java.base/jdk.internal.reflect.DelegatingConstructorAccessorImpl.newInstance(DelegatingConstructorAccessorImpl.java:45)
at java.base/java.lang.reflect.Constructor.newInstanceWithCaller(Constructor.java:499)
at java.base/java.lang.reflect.Constructor.newInstance(Constructor.java:480)
at org.openqa.selenium.remote.codec.w3c.W3CHttpResponseCodec.createException(W3CHttpResponseCodec.java:200)
at org.openqa.selenium.remote.codec.w3c.W3CHttpResponseCodec.decode(W3CHttpResponseCodec.java:133)
at org.openqa.selenium.remote.codec.w3c.W3CHttpResponseCodec.decode(W3CHttpResponseCodec.java:52)
at org.openqa.selenium.remote.HttpCommandExecutor.execute(HttpCommandExecutor.java:191)
at org.openqa.selenium.remote.service.DriverCommandExecutor.invokeExecute(DriverCommandExecutor.java:196)
at org.openqa.selenium.remote.service.DriverCommandExecutor.execute(DriverCommandExecutor.java:171)
at org.openqa.selenium.remote.RemoteWebDriver.execute(RemoteWebDriver.java:602)
at org.openqa.selenium.remote.ElementLocation$ElementFinder$2.findElement(ElementLocation.java:165)
at org.openqa.selenium.remote.ElementLocation.findElement(ElementLocation.java:59)
at org.openqa.selenium.remote.RemoteWebDriver.findElement(RemoteWebDriver.java:359)
at org.openqa.selenium.remote.RemoteWebDriver.findElement(RemoteWebDriver.java:353)
at com.uiFramework.Genesis.web.pages.AccountsReceivable.getTotalRecordCount(AccountsReceivable.java:228)
at com.uiFramework.Genesis.web.pages.AccountsReceivable.selectCustomer(AccountsReceivable.java:269)
at com.uiFramework.Genesis.regression.web.ARInvoiceTest.shouldCheckFuelChargeMandatoryForInvoiceCreation(ARInvoiceTest.java:60)
at java.base/jdk.internal.reflect.NativeMethodAccessorImpl.invoke0(Native Method)
at java.base/jdk.internal.reflect.NativeMethodAccessorImpl.invoke(NativeMethodAccessorImpl.java:77)
at java.base/jdk.internal.reflect.DelegatingMethodAccessorImpl.invoke(DelegatingMethodAccessorImpl.java:43)
at java.base/java.lang.reflect.Method.invoke(Method.java:568)
at org.testng.internal.invokers.MethodInvocationHelper.invokeMethod(MethodInvocationHelper.java:141)
at org.testng.internal.invokers.TestInvoker.invokeMethod(TestInvoker.java:686)
at org.testng.internal.invokers.TestInvoker.invokeTestMethod(TestInvoker.java:230)
at org.testng.internal.invokers.MethodRunner.runInSequence(MethodRunner.java:63)
at org.testng.internal.invokers.TestInvoker$MethodInvocationAgent.invoke(TestInvoker.java:992)
at org.testng.internal.invokers.TestInvoker.invokeTestMethods(TestInvoker.java:203)
at org.testng.internal.invokers.TestMethodWorker.invokeTestMethods(TestMethodWorker.java:154)
at org.testng.internal.invokers.TestMethodWorker.run(TestMethodWorker.java:134)
at java.base/java.util.ArrayList.forEach(ArrayList.java:1511)
at org.testng.TestRunner.privateRun(TestRunner.java:739)
at org.testng.TestRunner.run(TestRunner.java:614)
at org.testng.SuiteRunner.runTest(SuiteRunner.java:421)
at org.testng.SuiteRunner.runSequentially(SuiteRunner.java:413)
at org.testng.SuiteRunner.privateRun(SuiteRunner.java:373)
at org.testng.SuiteRunner.run(SuiteRunner.java:312)
at org.testng.SuiteRunnerWorker.runSuite(SuiteRunnerWorker.java:52)
at org.testng.SuiteRunnerWorker.run(SuiteRunnerWorker.java:95)
at org.testng.TestNG.runSuitesSequentially(TestNG.java:1274)
at org.testng.TestNG.runSuitesLocally(TestNG.java:1208)
at org.testng.TestNG.runSuites(TestNG.java:1112)
at org.testng.TestNG.run(TestNG.java:1079)
at org.testng.remote.AbstractRemoteTestNG.run(AbstractRemoteTestNG.java:115)
at org.testng.remote.RemoteTestNG.initAndRun(RemoteTestNG.java:293)
at org.testng.remote.RemoteTestNG.main(RemoteTestNG.java:91)
]]>
    </error>
  </testcase> <!-- shouldCheckFuelChargeMandatoryForInvoiceCreation -->
  <testcase classname="com.uiFramework.Genesis.regression.web.ARInvoiceTest" name="shouldDisplayToastForMandatoryField" time="3.488"/>
  <testcase classname="com.uiFramework.Genesis.regression.web.ARInvoiceTest" name="shouldAllowDimWeightToBeEditable" time="1.349"/>
  <testcase classname="com.uiFramework.Genesis.regression.web.ARInvoiceTest" name="shouldCalculateFuelSurchargesCorrectly" time="10.353"/>
  <testcase classname="com.uiFramework.Genesis.regression.web.ARInvoiceTest" name="shouldCalculateTotalPriceCorrectly" time="5.969"/>
  <testcase classname="com.uiFramework.Genesis.regression.web.ARInvoiceTest" name="shouldCalculateSubTotalCorrectly" time="0.114"/>
  <testcase classname="com.uiFramework.Genesis.regression.web.ARInvoiceTest" name="shouldAddNewRowForDiscountWhenAddButtonClicked" time="1.064"/>
  <testcase classname="com.uiFramework.Genesis.regression.web.ARInvoiceTest" name="shouldAllowPercentageToBeEditableAndAmountNonEditableWhenPercentageRadioButtonActive" time="0.122"/>
  <testcase classname="com.uiFramework.Genesis.regression.web.ARInvoiceTest" name="shouldAllowAmountFieldEditableAndPercentageNonEditableWhenAmountRadioButtonSelected" time="0.732"/>
  <testcase classname="com.uiFramework.Genesis.regression.web.ARInvoiceTest" name="shouldAllowUserToDeleteDiscount" time="10.366"/>
  <testcase classname="com.uiFramework.Genesis.regression.web.ARInvoiceTest" name="shouldRemoveDiscountAmountWhenDiscountIsDeleted" time="0.067"/>
  <testcase classname="com.uiFramework.Genesis.regression.web.ARInvoiceTest" name="shouldAllowUserToAddDiscountInPercentage" time="10.358"/>
  <testcase classname="com.uiFramework.Genesis.regression.web.ARInvoiceTest" name="shouldCalculateDiscountAmountCorrectlyOnSubTotal" time="0.121"/>
  <testcase classname="com.uiFramework.Genesis.regression.web.ARInvoiceTest" name="shouldNotAllowAddingDiscountGreaterThanSubTotal" time="13.440"/>
  <testcase classname="com.uiFramework.Genesis.regression.web.ARInvoiceTest" name="shouldAllowUserToAddDiscountDirectlyInAmountAndShowCorrectPercentage" time="11.722"/>
  <testcase classname="com.uiFramework.Genesis.regression.web.ARInvoiceTest" name="shouldCalculateTotalDiscountCorrectlyFromSumOfDiscountRows" time="0.108"/>
  <testcase classname="com.uiFramework.Genesis.regression.web.ARInvoiceTest" name="shouldDeductDiscountAmountFromInvoiceTotal" time="0.199"/>
  <testcase classname="com.uiFramework.Genesis.regression.web.ARInvoiceTest" name="shouldMakeDescriptionMandatoryForAddOnAndDeduction" time="3.195"/>
  <testcase classname="com.uiFramework.Genesis.regression.web.ARInvoiceTest" name="shouldMakeDateMandatoryForAddOn" time="4.372"/>
  <testcase classname="com.uiFramework.Genesis.regression.web.ARInvoiceTest" name="shouldMakeAmountMandatoryForAddOns" time="4.052"/>
  <testcase classname="com.uiFramework.Genesis.regression.web.ARInvoiceTest" name="shouldMakeQuantityMandatoryForAddOns" time="5.525"/>
  <testcase classname="com.uiFramework.Genesis.regression.web.ARInvoiceTest" name="shouldNotAllowDecimalValuesInQuantity" time="3.205"/>
  <testcase classname="com.uiFramework.Genesis.regression.web.ARInvoiceTest" name="shouldCalculateTotalBasedOnAmtAndQty" time="0.172"/>
  <testcase classname="com.uiFramework.Genesis.regression.web.ARInvoiceTest" name="shouldAllowUserToDeleteAddOrDeduction" time="1.164"/>
  <testcase classname="com.uiFramework.Genesis.regression.web.ARInvoiceTest" name="shouldRemoveAddAndDeductionAmountAfterAddOnDeleted" time="0.080"/>
  <testcase classname="com.uiFramework.Genesis.regression.web.ARInvoiceTest" name="shouldCalculateTotalAddOnDeductionCorrectly" time="48.366"/>
  <testcase classname="com.uiFramework.Genesis.regression.web.ARInvoiceTest" name="shouldDisplayTotalInvoiceAmountCorrectly" time="0.220"/>
  <testcase classname="com.uiFramework.Genesis.regression.web.ARInvoiceTest" name="shouldAllowUserToCreateInvoice" time="6.692"/>
  <testcase classname="com.uiFramework.Genesis.regression.web.ARInvoiceTest" name="shouldIncrementCountAfterInvoiceCreation" time="2.510"/>
  <testcase classname="com.uiFramework.Genesis.regression.web.ARInvoiceTest" name="shouldDisplaySelectedOrdersOnListingPage" time="5.690"/>
  <testcase classname="com.uiFramework.Genesis.regression.web.ARInvoiceTest" name="shouldDisplayOrderDetailsOnViewButtonClick" time="9.367"/>
  <testcase classname="com.uiFramework.Genesis.regression.web.ARInvoiceTest" name="shouldDisplaySubTotalOnViewInvoice" time="0.070"/>
  <testcase classname="com.uiFramework.Genesis.regression.web.ARInvoiceTest" name="shouldShowTotalInvoiceAmountWhenViewingInvoice" time="0.062"/>
  <testcase classname="com.uiFramework.Genesis.regression.web.ARInvoiceTest" name="shouldShowTotalDiscountAndAddOnDeductionWhenViewingInvoice" time="0.120"/>
  <testcase classname="com.uiFramework.Genesis.regression.web.ARInvoiceTest" name="shouldNotAllowEditingSaveInvoiceButton" time="0.032"/>
  <testcase classname="com.uiFramework.Genesis.regression.web.ARInvoiceTest" name="shouldNotAllowEditingCustomerAndSearchButtons" time="16.243"/>
  <testcase classname="com.uiFramework.Genesis.regression.web.ARInvoiceTest" name="shouldDisplayInvoiceAmountWhileEditingInvoice" time="0.062"/>
  <testcase classname="com.uiFramework.Genesis.regression.web.ARInvoiceTest" name="shouldMaintainGLOrdersSelectedWhileEditing" time="15.408">
    <failure message="The following asserts failed:
	Invoice Created Order should be Selected expected [true] but found [false]" type="java.lang.AssertionError">
      <![CDATA[java.lang.AssertionError: The following asserts failed:
Invoice Created Order should be Selected expected [true] but found [false]
at org.testng.asserts.SoftAssert.assertAll(SoftAssert.java:46)
at org.testng.asserts.SoftAssert.assertAll(SoftAssert.java:30)
at com.uiFramework.Genesis.regression.web.ARInvoiceTest.shouldMaintainGLOrdersSelectedWhileEditing(ARInvoiceTest.java:436)
at java.base/jdk.internal.reflect.NativeMethodAccessorImpl.invoke0(Native Method)
at java.base/jdk.internal.reflect.NativeMethodAccessorImpl.invoke(NativeMethodAccessorImpl.java:77)
at java.base/jdk.internal.reflect.DelegatingMethodAccessorImpl.invoke(DelegatingMethodAccessorImpl.java:43)
at java.base/java.lang.reflect.Method.invoke(Method.java:568)
at org.testng.internal.invokers.MethodInvocationHelper.invokeMethod(MethodInvocationHelper.java:141)
at org.testng.internal.invokers.TestInvoker.invokeMethod(TestInvoker.java:686)
at org.testng.internal.invokers.TestInvoker.invokeTestMethod(TestInvoker.java:230)
at org.testng.internal.invokers.MethodRunner.runInSequence(MethodRunner.java:63)
at org.testng.internal.invokers.TestInvoker$MethodInvocationAgent.invoke(TestInvoker.java:992)
at org.testng.internal.invokers.TestInvoker.invokeTestMethods(TestInvoker.java:203)
at org.testng.internal.invokers.TestMethodWorker.invokeTestMethods(TestMethodWorker.java:154)
at org.testng.internal.invokers.TestMethodWorker.run(TestMethodWorker.java:134)
at java.base/java.util.ArrayList.forEach(ArrayList.java:1511)
at org.testng.TestRunner.privateRun(TestRunner.java:739)
at org.testng.TestRunner.run(TestRunner.java:614)
at org.testng.SuiteRunner.runTest(SuiteRunner.java:421)
at org.testng.SuiteRunner.runSequentially(SuiteRunner.java:413)
at org.testng.SuiteRunner.privateRun(SuiteRunner.java:373)
at org.testng.SuiteRunner.run(SuiteRunner.java:312)
at org.testng.SuiteRunnerWorker.runSuite(SuiteRunnerWorker.java:52)
at org.testng.SuiteRunnerWorker.run(SuiteRunnerWorker.java:95)
at org.testng.TestNG.runSuitesSequentially(TestNG.java:1274)
at org.testng.TestNG.runSuitesLocally(TestNG.java:1208)
at org.testng.TestNG.runSuites(TestNG.java:1112)
at org.testng.TestNG.run(TestNG.java:1079)
at org.testng.remote.AbstractRemoteTestNG.run(AbstractRemoteTestNG.java:115)
at org.testng.remote.RemoteTestNG.initAndRun(RemoteTestNG.java:293)
at org.testng.remote.RemoteTestNG.main(RemoteTestNG.java:91)
]]>
    </failure>
  </testcase> <!-- shouldMaintainGLOrdersSelectedWhileEditing -->
  <testcase classname="com.uiFramework.Genesis.regression.web.ARInvoiceTest" name="shouldEnableEditingOfFuelChargeAndAccessorialPrice" time="0.106"/>
  <testcase classname="com.uiFramework.Genesis.regression.web.ARInvoiceTest" name="shouldRecalculateInvoiceSubTotalOnOrderRemoval" time="6.925"/>
  <testcase classname="com.uiFramework.Genesis.regression.web.ARInvoiceTest" name="shouldRecalculateDiscountInPercentageOnOrderRemoval" time="0.232"/>
  <testcase classname="com.uiFramework.Genesis.regression.web.ARInvoiceTest" name="shouldShowCorrectTotalDiscountAfterDeletionOnEditPage" time="1.040"/>
  <testcase classname="com.uiFramework.Genesis.regression.web.ARInvoiceTest" name="shouldRecalculateTotalAddOnAfterDeletingDeductionOnEditPage" time="0.981"/>
  <testcase classname="com.uiFramework.Genesis.regression.web.ARInvoiceTest" name="shouldMakeRemovedOrderAvailableForInvoiceCreation" time="21.030">
    <failure message="The following asserts failed:
	Removed GL order not found in createdInvoice. expected [true] but found [false]" type="java.lang.AssertionError">
      <![CDATA[java.lang.AssertionError: The following asserts failed:
Removed GL order not found in createdInvoice. expected [true] but found [false]
at org.testng.asserts.SoftAssert.assertAll(SoftAssert.java:46)
at org.testng.asserts.SoftAssert.assertAll(SoftAssert.java:30)
at com.uiFramework.Genesis.regression.web.ARInvoiceTest.shouldMakeRemovedOrderAvailableForInvoiceCreation(ARInvoiceTest.java:500)
at java.base/jdk.internal.reflect.NativeMethodAccessorImpl.invoke0(Native Method)
at java.base/jdk.internal.reflect.NativeMethodAccessorImpl.invoke(NativeMethodAccessorImpl.java:77)
at java.base/jdk.internal.reflect.DelegatingMethodAccessorImpl.invoke(DelegatingMethodAccessorImpl.java:43)
at java.base/java.lang.reflect.Method.invoke(Method.java:568)
at org.testng.internal.invokers.MethodInvocationHelper.invokeMethod(MethodInvocationHelper.java:141)
at org.testng.internal.invokers.TestInvoker.invokeMethod(TestInvoker.java:686)
at org.testng.internal.invokers.TestInvoker.invokeTestMethod(TestInvoker.java:230)
at org.testng.internal.invokers.MethodRunner.runInSequence(MethodRunner.java:63)
at org.testng.internal.invokers.TestInvoker$MethodInvocationAgent.invoke(TestInvoker.java:992)
at org.testng.internal.invokers.TestInvoker.invokeTestMethods(TestInvoker.java:203)
at org.testng.internal.invokers.TestMethodWorker.invokeTestMethods(TestMethodWorker.java:154)
at org.testng.internal.invokers.TestMethodWorker.run(TestMethodWorker.java:134)
at java.base/java.util.ArrayList.forEach(ArrayList.java:1511)
at org.testng.TestRunner.privateRun(TestRunner.java:739)
at org.testng.TestRunner.run(TestRunner.java:614)
at org.testng.SuiteRunner.runTest(SuiteRunner.java:421)
at org.testng.SuiteRunner.runSequentially(SuiteRunner.java:413)
at org.testng.SuiteRunner.privateRun(SuiteRunner.java:373)
at org.testng.SuiteRunner.run(SuiteRunner.java:312)
at org.testng.SuiteRunnerWorker.runSuite(SuiteRunnerWorker.java:52)
at org.testng.SuiteRunnerWorker.run(SuiteRunnerWorker.java:95)
at org.testng.TestNG.runSuitesSequentially(TestNG.java:1274)
at org.testng.TestNG.runSuitesLocally(TestNG.java:1208)
at org.testng.TestNG.runSuites(TestNG.java:1112)
at org.testng.TestNG.run(TestNG.java:1079)
at org.testng.remote.AbstractRemoteTestNG.run(AbstractRemoteTestNG.java:115)
at org.testng.remote.RemoteTestNG.initAndRun(RemoteTestNG.java:293)
at org.testng.remote.RemoteTestNG.main(RemoteTestNG.java:91)
]]>
    </failure>
  </testcase> <!-- shouldMakeRemovedOrderAvailableForInvoiceCreation -->
  <testcase classname="com.uiFramework.Genesis.regression.web.ARInvoiceTest" name="shouldEnableAddingOrderFromEditInvoice" time="19.380"/>
  <testcase classname="com.uiFramework.Genesis.regression.web.ARInvoiceTest" name="shouldAllowUserToAddDiscountInEditInvoice" time="7.888"/>
  <testcase classname="com.uiFramework.Genesis.regression.web.ARInvoiceTest" name="shouldAllowUserToAddAddOnDeductionsInEditInvoice" time="24.681"/>
  <testcase classname="com.uiFramework.Genesis.regression.web.ARInvoiceTest" name="shouldAllowUserToUpdateInvoice" time="5.699"/>
  <testcase classname="com.uiFramework.Genesis.regression.web.ARInvoiceTest" name="shouldDisplayEditedInvoiceAmountOnViewPage" time="7.526"/>
  <testcase classname="com.uiFramework.Genesis.regression.web.ARInvoiceTest" name="shouldNotAllowCreatingInvoiceForAlreadyAddedOrder" time="21.085"/>
  <testcase classname="com.uiFramework.Genesis.regression.web.ARInvoiceTest" name="shouldAllowUserToDownloadInvoiceDetailsInExcel" time="7.644"/>
</testsuite> <!-- com.uiFramework.Genesis.regression.web.ARInvoiceTest -->
