<?xml version="1.0" encoding="UTF-8"?>
<!-- Generated by org.testng.reporters.JUnitReportReporter -->
<testsuite hostname="DESKTOP-CR309KG" failures="0" tests="3" name="com.uiFramework.Genesis.regression.web.OrderTest" time="52.464" errors="0" timestamp="2025-11-25T14:58:37 IST" skipped="0">
  <testcase classname="com.uiFramework.Genesis.regression.web.OrderTest" name="shouldDisplayOrderFormOnCreateButtonClick" time="10.401"/>
  <testcase classname="com.uiFramework.Genesis.regression.web.OrderTest" name="shouldShowErrorMessagesForMandatoryFields" time="1.597"/>
  <testcase classname="com.uiFramework.Genesis.regression.web.OrderTest" name="shouldKeepConsigneeDropdownEmptyUntilCustomerSelected" time="40.466"/>
</testsuite> <!-- com.uiFramework.Genesis.regression.web.OrderTest -->
