<?xml version="1.0" encoding="UTF-8"?>
<!-- Generated by org.testng.reporters.JUnitReportReporter -->
<testsuite hostname="DESKTOP-UQFI3OJ" failures="1" tests="6" name="com.uiFramework.Genesis.regression.web.OutboundPalletTest" time="47.410" errors="0" timestamp="2026-01-27T17:07:27 IST" skipped="4">
  <testcase classname="com.uiFramework.Genesis.regression.web.OutboundPalletTest" name="shouldUpdateOrderStatusAfterCreatingOutboundPallet" time="6.953">
    <failure message="order status is not match after create Outbound pallet expected [Outbound Truck Load Pending] but found [Draft]" type="java.lang.AssertionError">
      <![CDATA[java.lang.AssertionError: order status is not match after create Outbound pallet expected [Outbound Truck Load Pending] but found [Draft]
at org.testng.Assert.fail(Assert.java:111)
at org.testng.Assert.failNotEquals(Assert.java:1578)
at org.testng.Assert.assertEqualsImpl(Assert.java:150)
at org.testng.Assert.assertEquals(Assert.java:132)
at org.testng.Assert.assertEquals(Assert.java:656)
at com.uiFramework.Genesis.regression.web.OutboundPalletTest.shouldUpdateOrderStatusAfterCreatingOutboundPallet(OutboundPalletTest.java:338)
at java.base/jdk.internal.reflect.NativeMethodAccessorImpl.invoke0(Native Method)
at java.base/jdk.internal.reflect.NativeMethodAccessorImpl.invoke(NativeMethodAccessorImpl.java:77)
at java.base/jdk.internal.reflect.DelegatingMethodAccessorImpl.invoke(DelegatingMethodAccessorImpl.java:43)
at java.base/java.lang.reflect.Method.invoke(Method.java:568)
at org.testng.internal.invokers.MethodInvocationHelper.invokeMethod(MethodInvocationHelper.java:141)
at org.testng.internal.invokers.MethodInvocationHelper.invokeMethodConsideringTimeout(MethodInvocationHelper.java:71)
at org.testng.internal.invokers.ConfigInvoker.invokeConfigurationMethod(ConfigInvoker.java:400)
at org.testng.internal.invokers.ConfigInvoker.invokeConfigurations(ConfigInvoker.java:333)
at org.testng.internal.invokers.TestMethodWorker.invokeAfterClassConfigurations(TestMethodWorker.java:238)
at org.testng.internal.invokers.TestMethodWorker.invokeAfterClassMethods(TestMethodWorker.java:223)
at org.testng.internal.invokers.TestMethodWorker.run(TestMethodWorker.java:137)
at java.base/java.util.ArrayList.forEach(ArrayList.java:1511)
at org.testng.TestRunner.privateRun(TestRunner.java:739)
at org.testng.TestRunner.run(TestRunner.java:614)
at org.testng.SuiteRunner.runTest(SuiteRunner.java:421)
at org.testng.SuiteRunner.runSequentially(SuiteRunner.java:413)
at org.testng.SuiteRunner.privateRun(SuiteRunner.java:373)
at org.testng.SuiteRunner.run(SuiteRunner.java:312)
at org.testng.SuiteRunnerWorker.runSuite(SuiteRunnerWorker.java:52)
at org.testng.SuiteRunnerWorker.run(SuiteRunnerWorker.java:95)
at org.testng.TestNG.runSuitesSequentially(TestNG.java:1274)
at org.testng.TestNG.runSuitesLocally(TestNG.java:1208)
at org.testng.TestNG.runSuites(TestNG.java:1112)
at org.testng.TestNG.run(TestNG.java:1079)
at org.testng.remote.AbstractRemoteTestNG.run(AbstractRemoteTestNG.java:115)
at org.testng.remote.RemoteTestNG.initAndRun(RemoteTestNG.java:293)
at org.testng.remote.RemoteTestNG.main(RemoteTestNG.java:91)
]]>
    </failure>
  </testcase> <!-- shouldUpdateOrderStatusAfterCreatingOutboundPallet -->
  <testcase classname="com.uiFramework.Genesis.regression.web.OutboundPalletTest" name="shouldVerifyPalletQuantityOnOutboundPallet" time="40.457"/>
  <testcase classname="com.uiFramework.Genesis.regression.web.OutboundPalletTest" name="shouldApplyFiltersOnCreateOutboundPalletScreen">
    <skipped/>
  </testcase> <!-- shouldApplyFiltersOnCreateOutboundPalletScreen -->
  <testcase classname="com.uiFramework.Genesis.regression.web.OutboundPalletTest" name="checkColoumfilterOnOutboundListingPage">
    <skipped/>
  </testcase> <!-- checkColoumfilterOnOutboundListingPage -->
  <testcase classname="com.uiFramework.Genesis.regression.web.OutboundPalletTest" name="shouldApplyColumnFilterOnCreateOutboundPallet">
    <skipped/>
  </testcase> <!-- shouldApplyColumnFilterOnCreateOutboundPallet -->
  <testcase classname="com.uiFramework.Genesis.regression.web.OutboundPalletTest" name="shouldApplyFiltersCorrectlyForOutboundPallet">
    <skipped/>
  </testcase> <!-- shouldApplyFiltersCorrectlyForOutboundPallet -->
</testsuite> <!-- com.uiFramework.Genesis.regression.web.OutboundPalletTest -->
