<?xml version="1.0" encoding="UTF-8"?>
<!-- Generated by org.testng.reporters.JUnitReportReporter -->
<testsuite hostname="DESKTOP-UQFI3OJ" failures="2" tests="30" name="com.uiFramework.Genesis.regression.web.OutboundTruckTest" time="584.920" errors="0" timestamp="2026-01-27T15:15:08 IST" skipped="0">
  <testcase classname="com.uiFramework.Genesis.regression.web.OutboundTruckTest" name="shouldPalletAvailableToCreateOutboundTruck" time="17.393"/>
  <testcase classname="com.uiFramework.Genesis.regression.web.OutboundTruckTest" name="shouldDisplayToastMessageOnCreateObtTruck" time="22.875"/>
  <testcase classname="com.uiFramework.Genesis.regression.web.OutboundTruckTest" name="shouldDisplayDefaultCostEstimateAndOrderProcess" time="35.620"/>
  <testcase classname="com.uiFramework.Genesis.regression.web.OutboundTruckTest" name="shouldAllowEditingDropLocationDetailsInNonUPSCase" time="12.933"/>
  <testcase classname="com.uiFramework.Genesis.regression.web.OutboundTruckTest" name="shouldValidateMultiDropForNonUPSCase" time="23.898"/>
  <testcase classname="com.uiFramework.Genesis.regression.web.OutboundTruckTest" name="shouldClearFieldsWhenClearButtonClickedOnObtCreateTruck" time="4.385"/>
  <testcase classname="com.uiFramework.Genesis.regression.web.OutboundTruckTest" name="shouldVerifyAddedPalletWTandPiecesLoadedIntoTruck" time="37.168"/>
  <testcase classname="com.uiFramework.Genesis.regression.web.OutboundTruckTest" name="shouldRouteOrderEditable" time="17.033"/>
  <testcase classname="com.uiFramework.Genesis.regression.web.OutboundTruckTest" name="shouldCreateSuccessfullyAndIncreseCountByOne" time="6.968"/>
  <testcase classname="com.uiFramework.Genesis.regression.web.OutboundTruckTest" name="shouldUpdateTruckStatusAfterTruckCreation" time="0.089"/>
  <testcase classname="com.uiFramework.Genesis.regression.web.OutboundTruckTest" name="shouldVerifyCreatedTruckDetailsAndPalletQtyMatch" time="24.113"/>
  <testcase classname="com.uiFramework.Genesis.regression.web.OutboundTruckTest" name="shouldDisplayLDACodesCorrectlyOnListing" time="0.004"/>
  <testcase classname="com.uiFramework.Genesis.regression.web.OutboundTruckTest" name="shouldDisplayTruckDetailsInEditOutboundTruckMode" time="3.960">
    <failure message="FAIL: Truck data mismatch on Edit truck page. Missing: Envision Store expected [true] but found [false]" type="java.lang.AssertionError">
      <![CDATA[java.lang.AssertionError: FAIL: Truck data mismatch on Edit truck page. Missing: Envision Store expected [true] but found [false]
at org.testng.Assert.fail(Assert.java:111)
at org.testng.Assert.failNotEquals(Assert.java:1578)
at org.testng.Assert.assertTrue(Assert.java:57)
at com.uiFramework.Genesis.web.pages.OutboundTruckPage.validateTruckCreatedDatainEditTruck(OutboundTruckPage.java:590)
at com.uiFramework.Genesis.regression.web.OutboundTruckTest.shouldDisplayTruckDetailsInEditOutboundTruckMode(OutboundTruckTest.java:178)
at java.base/jdk.internal.reflect.NativeMethodAccessorImpl.invoke0(Native Method)
at java.base/jdk.internal.reflect.NativeMethodAccessorImpl.invoke(NativeMethodAccessorImpl.java:62)
at java.base/jdk.internal.reflect.DelegatingMethodAccessorImpl.invoke(DelegatingMethodAccessorImpl.java:43)
at java.base/java.lang.reflect.Method.invoke(Method.java:566)
at org.testng.internal.invokers.MethodInvocationHelper.invokeMethod(MethodInvocationHelper.java:141)
at org.testng.internal.invokers.TestInvoker.invokeMethod(TestInvoker.java:686)
at org.testng.internal.invokers.TestInvoker.invokeTestMethod(TestInvoker.java:230)
at org.testng.internal.invokers.MethodRunner.runInSequence(MethodRunner.java:63)
at org.testng.internal.invokers.TestInvoker$MethodInvocationAgent.invoke(TestInvoker.java:992)
at org.testng.internal.invokers.TestInvoker.invokeTestMethods(TestInvoker.java:203)
at org.testng.internal.invokers.TestMethodWorker.invokeTestMethods(TestMethodWorker.java:154)
at org.testng.internal.invokers.TestMethodWorker.run(TestMethodWorker.java:134)
at java.base/java.util.ArrayList.forEach(ArrayList.java:1541)
at org.testng.TestRunner.privateRun(TestRunner.java:739)
at org.testng.TestRunner.run(TestRunner.java:614)
at org.testng.SuiteRunner.runTest(SuiteRunner.java:421)
at org.testng.SuiteRunner.runSequentially(SuiteRunner.java:413)
at org.testng.SuiteRunner.privateRun(SuiteRunner.java:373)
at org.testng.SuiteRunner.run(SuiteRunner.java:312)
at org.testng.SuiteRunnerWorker.runSuite(SuiteRunnerWorker.java:52)
at org.testng.SuiteRunnerWorker.run(SuiteRunnerWorker.java:95)
at org.testng.TestNG.runSuitesSequentially(TestNG.java:1274)
at org.testng.TestNG.runSuitesLocally(TestNG.java:1208)
at org.testng.TestNG.runSuites(TestNG.java:1112)
at org.testng.TestNG.run(TestNG.java:1079)
at org.apache.maven.surefire.testng.TestNGExecutor.run(TestNGExecutor.java:308)
at org.apache.maven.surefire.testng.TestNGXmlTestSuite.execute(TestNGXmlTestSuite.java:71)
at org.apache.maven.surefire.testng.TestNGProvider.invoke(TestNGProvider.java:113)
at org.apache.maven.surefire.booter.ForkedBooter.runSuitesInProcess(ForkedBooter.java:385)
at org.apache.maven.surefire.booter.ForkedBooter.execute(ForkedBooter.java:162)
at org.apache.maven.surefire.booter.ForkedBooter.run(ForkedBooter.java:507)
at org.apache.maven.surefire.booter.ForkedBooter.main(ForkedBooter.java:495)
]]>
    </failure>
  </testcase> <!-- shouldDisplayTruckDetailsInEditOutboundTruckMode -->
  <testcase classname="com.uiFramework.Genesis.regression.web.OutboundTruckTest" name="shouldAllowEditingLTL3rdPartyAndCostEstimate" time="0.094"/>
  <testcase classname="com.uiFramework.Genesis.regression.web.OutboundTruckTest" name="shouldNotAllowMultiDropLocationForNonUPS" time="2.998"/>
  <testcase classname="com.uiFramework.Genesis.regression.web.OutboundTruckTest" name="shouldRemovePalletFromTruckAndUpdateWeightAndEmptyTruckStatus" time="61.678"/>
  <testcase classname="com.uiFramework.Genesis.regression.web.OutboundTruckTest" name="shouldVerifyOrderProcessDuringOutboundTruckEdit" time="23.901"/>
  <testcase classname="com.uiFramework.Genesis.regression.web.OutboundTruckTest" name="shouldRemovedPalletAvailableToAddInOuboundCreateTruck" time="28.514"/>
  <testcase classname="com.uiFramework.Genesis.regression.web.OutboundTruckTest" name="shouldAddPalletInEditModeWithCalculationsAndShouldUpdateStatus" time="62.753"/>
  <testcase classname="com.uiFramework.Genesis.regression.web.OutboundTruckTest" name="shouldNotAllowAddedPalletToCreateOutboundTruck" time="25.850"/>
  <testcase classname="com.uiFramework.Genesis.regression.web.OutboundTruckTest" name="shouldVerifyCostEstimateOnEditingOutboundTruck" time="11.822"/>
  <testcase classname="com.uiFramework.Genesis.regression.web.OutboundTruckTest" name="shouldUpdateRoutesInEditOutboundTruck" time="2.379"/>
  <testcase classname="com.uiFramework.Genesis.regression.web.OutboundTruckTest" name="shouldDeleteTruckAndMakeOrdersAvailableToAdd" time="33.541"/>
  <testcase classname="com.uiFramework.Genesis.regression.web.OutboundTruckTest" name="shouldCreateEmptyOutboundTruck" time="24.450"/>
  <testcase classname="com.uiFramework.Genesis.regression.web.OutboundTruckTest" name="shouldVerifyTruckQuantityAndStatusForEmptyTruck" time="1.761"/>
  <testcase classname="com.uiFramework.Genesis.regression.web.OutboundTruckTest" name="shouldNotAllowTruckDeletionIfTruckHasArrived" time="6.238"/>
  <testcase classname="com.uiFramework.Genesis.regression.web.OutboundTruckTest" name="shouldNotAllowPalletEditingOnceArrived" time="8.484"/>
  <testcase classname="com.uiFramework.Genesis.regression.web.OutboundTruckTest" name="shouldApplyFiltersCorrectlyOnOutboundTruck" time="17.821">
    <failure message="Row 3 mismatch. Actual: &#039;567&#039; | Expected partial match from: [170 - 24 HOUR EXPRESS, 6233 - 24/7 EXPRESS LOGISTICS- KC, 282 - CALIFORNIA SIERRA] expected [true] but found [false]" type="java.lang.AssertionError">
      <![CDATA[java.lang.AssertionError: Row 3 mismatch. Actual: '567' | Expected partial match from: [170 - 24 HOUR EXPRESS, 6233 - 24/7 EXPRESS LOGISTICS- KC, 282 - CALIFORNIA SIERRA] expected [true] but found [false]
at org.testng.Assert.fail(Assert.java:111)
at org.testng.Assert.failNotEquals(Assert.java:1578)
at org.testng.Assert.assertTrue(Assert.java:57)
at com.uiFramework.Genesis.web.pages.CommonPage.validateDataInGrid(CommonPage.java:845)
at com.uiFramework.Genesis.regression.web.OutboundTruckTest.shouldApplyFiltersCorrectlyOnOutboundTruck(OutboundTruckTest.java:354)
at java.base/jdk.internal.reflect.NativeMethodAccessorImpl.invoke0(Native Method)
at java.base/jdk.internal.reflect.NativeMethodAccessorImpl.invoke(NativeMethodAccessorImpl.java:62)
at java.base/jdk.internal.reflect.DelegatingMethodAccessorImpl.invoke(DelegatingMethodAccessorImpl.java:43)
at java.base/java.lang.reflect.Method.invoke(Method.java:566)
at org.testng.internal.invokers.MethodInvocationHelper.invokeMethod(MethodInvocationHelper.java:141)
at org.testng.internal.invokers.TestInvoker.invokeMethod(TestInvoker.java:686)
at org.testng.internal.invokers.TestInvoker.invokeTestMethod(TestInvoker.java:230)
at org.testng.internal.invokers.MethodRunner.runInSequence(MethodRunner.java:63)
at org.testng.internal.invokers.TestInvoker$MethodInvocationAgent.invoke(TestInvoker.java:992)
at org.testng.internal.invokers.TestInvoker.invokeTestMethods(TestInvoker.java:203)
at org.testng.internal.invokers.TestMethodWorker.invokeTestMethods(TestMethodWorker.java:154)
at org.testng.internal.invokers.TestMethodWorker.run(TestMethodWorker.java:134)
at java.base/java.util.ArrayList.forEach(ArrayList.java:1541)
at org.testng.TestRunner.privateRun(TestRunner.java:739)
at org.testng.TestRunner.run(TestRunner.java:614)
at org.testng.SuiteRunner.runTest(SuiteRunner.java:421)
at org.testng.SuiteRunner.runSequentially(SuiteRunner.java:413)
at org.testng.SuiteRunner.privateRun(SuiteRunner.java:373)
at org.testng.SuiteRunner.run(SuiteRunner.java:312)
at org.testng.SuiteRunnerWorker.runSuite(SuiteRunnerWorker.java:52)
at org.testng.SuiteRunnerWorker.run(SuiteRunnerWorker.java:95)
at org.testng.TestNG.runSuitesSequentially(TestNG.java:1274)
at org.testng.TestNG.runSuitesLocally(TestNG.java:1208)
at org.testng.TestNG.runSuites(TestNG.java:1112)
at org.testng.TestNG.run(TestNG.java:1079)
at org.apache.maven.surefire.testng.TestNGExecutor.run(TestNGExecutor.java:308)
at org.apache.maven.surefire.testng.TestNGXmlTestSuite.execute(TestNGXmlTestSuite.java:71)
at org.apache.maven.surefire.testng.TestNGProvider.invoke(TestNGProvider.java:113)
at org.apache.maven.surefire.booter.ForkedBooter.runSuitesInProcess(ForkedBooter.java:385)
at org.apache.maven.surefire.booter.ForkedBooter.execute(ForkedBooter.java:162)
at org.apache.maven.surefire.booter.ForkedBooter.run(ForkedBooter.java:507)
at org.apache.maven.surefire.booter.ForkedBooter.main(ForkedBooter.java:495)
]]>
    </failure>
  </testcase> <!-- shouldApplyFiltersCorrectlyOnOutboundTruck -->
  <testcase classname="com.uiFramework.Genesis.regression.web.OutboundTruckTest" name="shouldApplyColumnFilterForOutboundTruck" time="29.660"/>
  <testcase classname="com.uiFramework.Genesis.regression.web.OutboundTruckTest" name="shouldApplyColumnFilterOnOutboundTruckCreatePage" time="36.537"/>
</testsuite> <!-- com.uiFramework.Genesis.regression.web.OutboundTruckTest -->
