<?xml version="1.0" encoding="UTF-8"?>
<!-- Generated by org.testng.reporters.JUnitReportReporter -->
<testsuite hostname="DESKTOP-UQFI3OJ" failures="0" tests="38" name="com.uiFramework.Genesis.regression.web.OrderTest" time="1181.928" errors="2" timestamp="2026-01-27T15:15:08 IST" skipped="0">
  <testcase classname="com.uiFramework.Genesis.regression.web.OrderTest" name="shouldDisplayOrderFormOnCreateButtonClick" time="5.725"/>
  <testcase classname="com.uiFramework.Genesis.regression.web.OrderTest" name="shouldShowErrorMessagesForMandatoryFields" time="1.865"/>
  <testcase classname="com.uiFramework.Genesis.regression.web.OrderTest" name="shouldKeepConsigneeDropdownEmptyUntilCustomerSelected" time="73.752"/>
  <testcase classname="com.uiFramework.Genesis.regression.web.OrderTest" name="shouldValidateLocalCarrierTextAndQAStatusAndPODUnset" time="0.314"/>
  <testcase classname="com.uiFramework.Genesis.regression.web.OrderTest" name="shouldValidateFullAddressDetails" time="0.324"/>
  <testcase classname="com.uiFramework.Genesis.regression.web.OrderTest" name="shouldFetchConsigneeAddressDetails" time="0.243"/>
  <testcase classname="com.uiFramework.Genesis.regression.web.OrderTest" name="shouldShowToastWhenConfirmingWithoutWeightOrPieces" time="6.422"/>
  <testcase classname="com.uiFramework.Genesis.regression.web.OrderTest" name="shouldCalculateRatedWeightAndLitWeightCorrectly" time="3.853"/>
  <testcase classname="com.uiFramework.Genesis.regression.web.OrderTest" name="shouldVerifyDraftOrderStatusAfterSave" time="5.997"/>
  <testcase classname="com.uiFramework.Genesis.regression.web.OrderTest" name="shouldGenerateBarcodeAfterOrderConfirmation" time="17.727"/>
  <testcase classname="com.uiFramework.Genesis.regression.web.OrderTest" name="shouldShowErrorWhenSavingEmptyCustomerAccessorial" time="10.940"/>
  <testcase classname="com.uiFramework.Genesis.regression.web.OrderTest" name="shouldDeleteCustomerAccessorialSuccessfully" time="19.140"/>
  <testcase classname="com.uiFramework.Genesis.regression.web.OrderTest" name="shouldSaveCustomerAccessorialAfterDeleteAndValidateCarrierValidation" time="8.053"/>
  <testcase classname="com.uiFramework.Genesis.regression.web.OrderTest" name="shouldAddEditAndDeleteCarrierAccessorialSuccessfully" time="19.239"/>
  <testcase classname="com.uiFramework.Genesis.regression.web.OrderTest" name="shouldSaveCarrierAccessorialAfterDeleteAndValidateCommentValidation" time="6.090"/>
  <testcase classname="com.uiFramework.Genesis.regression.web.OrderTest" name="shouldSaveTypeAndsubjectReqOnComment" time="2.742"/>
  <testcase classname="com.uiFramework.Genesis.regression.web.OrderTest" name="shouldAddEditAndDeleteCommentSuccessfully" time="15.138"/>
  <testcase classname="com.uiFramework.Genesis.regression.web.OrderTest" name="shouldSaveCommentAfterDelete" time="12.187"/>
  <testcase classname="com.uiFramework.Genesis.regression.web.OrderTest" name="shouldShowMandatoryFieldOnSaveFiles" time="5.582"/>
  <testcase classname="com.uiFramework.Genesis.regression.web.OrderTest" name="shouldUploadFileAndShowSuccessToast" time="2.150"/>
  <testcase classname="com.uiFramework.Genesis.regression.web.OrderTest" name="shouldDeleteFileSuccessfully" time="11.186"/>
  <testcase classname="com.uiFramework.Genesis.regression.web.OrderTest" name="shouldMatchOrderDetailsOnListingPage" time="25.813"/>
  <testcase classname="com.uiFramework.Genesis.regression.web.OrderTest" name="shouldValidateTotalPiecesAndWeightOnListingPage" time="0.057"/>
  <testcase classname="com.uiFramework.Genesis.regression.web.OrderTest" name="shouldValidateOrderStatusCountOnLabelBadges" time="78.578"/>
  <testcase classname="com.uiFramework.Genesis.regression.web.OrderTest" name="shouldShowErrorForDuplicateCustomerOrderNumber" time="59.344"/>
  <testcase classname="com.uiFramework.Genesis.regression.web.OrderTest" name="shouldNotGenerateBarcodeAndShowCorrectOrderStatusOnConfirm" time="17.466"/>
  <testcase classname="com.uiFramework.Genesis.regression.web.OrderTest" name="shouldShowErrorOnConfirmFromListingWithMissingFields" time="72.283"/>
  <testcase classname="com.uiFramework.Genesis.regression.web.OrderTest" name="shouldDeleteOrderSuccessfullyWhenInDraftStatusInDraft" time="19.112"/>
  <testcase classname="com.uiFramework.Genesis.regression.web.OrderTest" name="shouldCreateDistributorOrderWithRequiredDetails" time="86.997"/>
  <testcase classname="com.uiFramework.Genesis.regression.web.OrderTest" name="shouldDisplayBarcodeAfterDistributorOrderConfirmation" time="31.265"/>
  <testcase classname="com.uiFramework.Genesis.regression.web.OrderTest" name="shouldNotGenerateBarcodeWhenCheckboxIsUnchecked" time="149.763">
    <error message="Expected condition failed: waiting for element to be clickable: By.xpath: //div[@class=&#039;MuiDialog-root LoginForm MuiModal-root css-126xj0f&#039;]//button[@id=&#039;confmSubmit&#039;] (tried for 40 second(s) with 500 milliseconds interval)
Build info: version: &#039;4.12.0&#039;, revision: &#039;249f2a7d1b*&#039;
System info: os.name: &#039;Windows 10&#039;, os.arch: &#039;amd64&#039;, os.version: &#039;10.0&#039;, java.version: &#039;11.0.22&#039;
Driver info: org.openqa.selenium.chrome.ChromeDriver
Capabilities {acceptInsecureCerts: false, browserName: chrome, browserVersion: 144.0.7559.59, chrome: {chromedriverVersion: 144.0.7559.96 (d7b80622cfab..., userDataDir: C:\Users\EMP256\AppData\Loc...}, fedcm:accounts: true, goog:chromeOptions: {debuggerAddress: localhost:64801}, goog:processID: 169220, networkConnectionEnabled: false, pageLoadStrategy: normal, platformName: windows, proxy: Proxy(), se:cdp: ws://localhost:64801/devtoo..., se:cdpVersion: 144.0.7559.59, setWindowRect: true, strictFileInteractability: false, timeouts: {implicit: 0, pageLoad: 300000, script: 30000}, unhandledPromptBehavior: dismiss and notify, webauthn:extension:credBlob: true, webauthn:extension:largeBlob: true, webauthn:extension:minPinLength: true, webauthn:extension:prf: true, webauthn:virtualAuthenticators: true}
Session ID: 0a0cb2cebfd29d660b859cc6333cdf3e" type="org.openqa.selenium.TimeoutException">
      <![CDATA[org.openqa.selenium.TimeoutException: Expected condition failed: waiting for element to be clickable: By.xpath: //div[@class='MuiDialog-root LoginForm MuiModal-root css-126xj0f']//button[@id='confmSubmit'] (tried for 40 second(s) with 500 milliseconds interval)
Build info: version: '4.12.0', revision: '249f2a7d1b*'
System info: os.name: 'Windows 10', os.arch: 'amd64', os.version: '10.0', java.version: '11.0.22'
Driver info: org.openqa.selenium.chrome.ChromeDriver
Capabilities {acceptInsecureCerts: false, browserName: chrome, browserVersion: 144.0.7559.59, chrome: {chromedriverVersion: 144.0.7559.96 (d7b80622cfab..., userDataDir: C:\Users\EMP256\AppData\Loc...}, fedcm:accounts: true, goog:chromeOptions: {debuggerAddress: localhost:64801}, goog:processID: 169220, networkConnectionEnabled: false, pageLoadStrategy: normal, platformName: windows, proxy: Proxy(), se:cdp: ws://localhost:64801/devtoo..., se:cdpVersion: 144.0.7559.59, setWindowRect: true, strictFileInteractability: false, timeouts: {implicit: 0, pageLoad: 300000, script: 30000}, unhandledPromptBehavior: dismiss and notify, webauthn:extension:credBlob: true, webauthn:extension:largeBlob: true, webauthn:extension:minPinLength: true, webauthn:extension:prf: true, webauthn:virtualAuthenticators: true}
Session ID: 0a0cb2cebfd29d660b859cc6333cdf3e
at org.openqa.selenium.support.ui.WebDriverWait.timeoutException(WebDriverWait.java:84)
at org.openqa.selenium.support.ui.FluentWait.until(FluentWait.java:230)
at com.uiFramework.Genesis.web.pages.OrderPage.safeClick(OrderPage.java:94)
at com.uiFramework.Genesis.web.pages.OrderPage.verifyBarcodeAfterConfirmationOnListing(OrderPage.java:950)
at com.uiFramework.Genesis.regression.web.OrderTest.shouldNotGenerateBarcodeWhenCheckboxIsUnchecked(OrderTest.java:366)
at java.base/jdk.internal.reflect.NativeMethodAccessorImpl.invoke0(Native Method)
at java.base/jdk.internal.reflect.NativeMethodAccessorImpl.invoke(NativeMethodAccessorImpl.java:62)
at java.base/jdk.internal.reflect.DelegatingMethodAccessorImpl.invoke(DelegatingMethodAccessorImpl.java:43)
at java.base/java.lang.reflect.Method.invoke(Method.java:566)
at org.testng.internal.invokers.MethodInvocationHelper.invokeMethod(MethodInvocationHelper.java:141)
at org.testng.internal.invokers.TestInvoker.invokeMethod(TestInvoker.java:686)
at org.testng.internal.invokers.TestInvoker.invokeTestMethod(TestInvoker.java:230)
at org.testng.internal.invokers.MethodRunner.runInSequence(MethodRunner.java:63)
at org.testng.internal.invokers.TestInvoker$MethodInvocationAgent.invoke(TestInvoker.java:992)
at org.testng.internal.invokers.TestInvoker.invokeTestMethods(TestInvoker.java:203)
at org.testng.internal.invokers.TestMethodWorker.invokeTestMethods(TestMethodWorker.java:154)
at org.testng.internal.invokers.TestMethodWorker.run(TestMethodWorker.java:134)
at java.base/java.util.ArrayList.forEach(ArrayList.java:1541)
at org.testng.TestRunner.privateRun(TestRunner.java:739)
at org.testng.TestRunner.run(TestRunner.java:614)
at org.testng.SuiteRunner.runTest(SuiteRunner.java:421)
at org.testng.SuiteRunner.runSequentially(SuiteRunner.java:413)
at org.testng.SuiteRunner.privateRun(SuiteRunner.java:373)
at org.testng.SuiteRunner.run(SuiteRunner.java:312)
at org.testng.SuiteRunnerWorker.runSuite(SuiteRunnerWorker.java:52)
at org.testng.SuiteRunnerWorker.run(SuiteRunnerWorker.java:95)
at org.testng.TestNG.runSuitesSequentially(TestNG.java:1274)
at org.testng.TestNG.runSuitesLocally(TestNG.java:1208)
at org.testng.TestNG.runSuites(TestNG.java:1112)
at org.testng.TestNG.run(TestNG.java:1079)
at org.apache.maven.surefire.testng.TestNGExecutor.run(TestNGExecutor.java:308)
at org.apache.maven.surefire.testng.TestNGXmlTestSuite.execute(TestNGXmlTestSuite.java:71)
at org.apache.maven.surefire.testng.TestNGProvider.invoke(TestNGProvider.java:113)
at org.apache.maven.surefire.booter.ForkedBooter.runSuitesInProcess(ForkedBooter.java:385)
at org.apache.maven.surefire.booter.ForkedBooter.execute(ForkedBooter.java:162)
at org.apache.maven.surefire.booter.ForkedBooter.run(ForkedBooter.java:507)
at org.apache.maven.surefire.booter.ForkedBooter.main(ForkedBooter.java:495)
]]>
    </error>
  </testcase> <!-- shouldNotGenerateBarcodeWhenCheckboxIsUnchecked -->
  <testcase classname="com.uiFramework.Genesis.regression.web.OrderTest" name="shouldConfirmMultipleOrdersAndDisplaySuccessToast" time="118.372"/>
  <testcase classname="com.uiFramework.Genesis.regression.web.OrderTest" name="shouldAllowOrderDeletionAfterConfirmation" time="5.430"/>
  <testcase classname="com.uiFramework.Genesis.regression.web.OrderTest" name="shouldNotAllowDeletionWhenOrderInPalletStage" time="61.096"/>
  <testcase classname="com.uiFramework.Genesis.regression.web.OrderTest" name="shouldFilterOrdersByVariousFieldsSuccessfully" time="122.282">
    <error message="Expected condition failed: waiting for visibility of element located by By.xpath: //*[@id=&#039;panel1bh-content&#039;]//table/tbody/tr[1]/td[17] (tried for 10 second(s) with 500 milliseconds interval)
Build info: version: &#039;4.12.0&#039;, revision: &#039;249f2a7d1b*&#039;
System info: os.name: &#039;Windows 10&#039;, os.arch: &#039;amd64&#039;, os.version: &#039;10.0&#039;, java.version: &#039;11.0.22&#039;
Driver info: org.openqa.selenium.chrome.ChromeDriver
Capabilities {acceptInsecureCerts: false, browserName: chrome, browserVersion: 144.0.7559.59, chrome: {chromedriverVersion: 144.0.7559.96 (d7b80622cfab..., userDataDir: C:\Users\EMP256\AppData\Loc...}, fedcm:accounts: true, goog:chromeOptions: {debuggerAddress: localhost:64801}, goog:processID: 169220, networkConnectionEnabled: false, pageLoadStrategy: normal, platformName: windows, proxy: Proxy(), se:cdp: ws://localhost:64801/devtoo..., se:cdpVersion: 144.0.7559.59, setWindowRect: true, strictFileInteractability: false, timeouts: {implicit: 0, pageLoad: 300000, script: 30000}, unhandledPromptBehavior: dismiss and notify, webauthn:extension:credBlob: true, webauthn:extension:largeBlob: true, webauthn:extension:minPinLength: true, webauthn:extension:prf: true, webauthn:virtualAuthenticators: true}
Session ID: 0a0cb2cebfd29d660b859cc6333cdf3e" type="org.openqa.selenium.TimeoutException">
      <![CDATA[org.openqa.selenium.TimeoutException: Expected condition failed: waiting for visibility of element located by By.xpath: //*[@id='panel1bh-content']//table/tbody/tr[1]/td[17] (tried for 10 second(s) with 500 milliseconds interval)
Build info: version: '4.12.0', revision: '249f2a7d1b*'
System info: os.name: 'Windows 10', os.arch: 'amd64', os.version: '10.0', java.version: '11.0.22'
Driver info: org.openqa.selenium.chrome.ChromeDriver
Capabilities {acceptInsecureCerts: false, browserName: chrome, browserVersion: 144.0.7559.59, chrome: {chromedriverVersion: 144.0.7559.96 (d7b80622cfab..., userDataDir: C:\Users\EMP256\AppData\Loc...}, fedcm:accounts: true, goog:chromeOptions: {debuggerAddress: localhost:64801}, goog:processID: 169220, networkConnectionEnabled: false, pageLoadStrategy: normal, platformName: windows, proxy: Proxy(), se:cdp: ws://localhost:64801/devtoo..., se:cdpVersion: 144.0.7559.59, setWindowRect: true, strictFileInteractability: false, timeouts: {implicit: 0, pageLoad: 300000, script: 30000}, unhandledPromptBehavior: dismiss and notify, webauthn:extension:credBlob: true, webauthn:extension:largeBlob: true, webauthn:extension:minPinLength: true, webauthn:extension:prf: true, webauthn:virtualAuthenticators: true}
Session ID: 0a0cb2cebfd29d660b859cc6333cdf3e
at org.openqa.selenium.support.ui.WebDriverWait.timeoutException(WebDriverWait.java:84)
at org.openqa.selenium.support.ui.FluentWait.until(FluentWait.java:230)
at com.uiFramework.Genesis.web.pages.CommonPage.searchAndValidate(CommonPage.java:1084)
at com.uiFramework.Genesis.web.pages.CommonPage.searchAndValidateDateByColumn(CommonPage.java:1108)
at com.uiFramework.Genesis.regression.web.OrderTest.shouldFilterOrdersByVariousFieldsSuccessfully(OrderTest.java:441)
at java.base/jdk.internal.reflect.NativeMethodAccessorImpl.invoke0(Native Method)
at java.base/jdk.internal.reflect.NativeMethodAccessorImpl.invoke(NativeMethodAccessorImpl.java:62)
at java.base/jdk.internal.reflect.DelegatingMethodAccessorImpl.invoke(DelegatingMethodAccessorImpl.java:43)
at java.base/java.lang.reflect.Method.invoke(Method.java:566)
at org.testng.internal.invokers.MethodInvocationHelper.invokeMethod(MethodInvocationHelper.java:141)
at org.testng.internal.invokers.TestInvoker.invokeMethod(TestInvoker.java:686)
at org.testng.internal.invokers.TestInvoker.invokeTestMethod(TestInvoker.java:230)
at org.testng.internal.invokers.MethodRunner.runInSequence(MethodRunner.java:63)
at org.testng.internal.invokers.TestInvoker$MethodInvocationAgent.invoke(TestInvoker.java:992)
at org.testng.internal.invokers.TestInvoker.invokeTestMethods(TestInvoker.java:203)
at org.testng.internal.invokers.TestMethodWorker.invokeTestMethods(TestMethodWorker.java:154)
at org.testng.internal.invokers.TestMethodWorker.run(TestMethodWorker.java:134)
at java.base/java.util.ArrayList.forEach(ArrayList.java:1541)
at org.testng.TestRunner.privateRun(TestRunner.java:739)
at org.testng.TestRunner.run(TestRunner.java:614)
at org.testng.SuiteRunner.runTest(SuiteRunner.java:421)
at org.testng.SuiteRunner.runSequentially(SuiteRunner.java:413)
at org.testng.SuiteRunner.privateRun(SuiteRunner.java:373)
at org.testng.SuiteRunner.run(SuiteRunner.java:312)
at org.testng.SuiteRunnerWorker.runSuite(SuiteRunnerWorker.java:52)
at org.testng.SuiteRunnerWorker.run(SuiteRunnerWorker.java:95)
at org.testng.TestNG.runSuitesSequentially(TestNG.java:1274)
at org.testng.TestNG.runSuitesLocally(TestNG.java:1208)
at org.testng.TestNG.runSuites(TestNG.java:1112)
at org.testng.TestNG.run(TestNG.java:1079)
at org.apache.maven.surefire.testng.TestNGExecutor.run(TestNGExecutor.java:308)
at org.apache.maven.surefire.testng.TestNGXmlTestSuite.execute(TestNGXmlTestSuite.java:71)
at org.apache.maven.surefire.testng.TestNGProvider.invoke(TestNGProvider.java:113)
at org.apache.maven.surefire.booter.ForkedBooter.runSuitesInProcess(ForkedBooter.java:385)
at org.apache.maven.surefire.booter.ForkedBooter.execute(ForkedBooter.java:162)
at org.apache.maven.surefire.booter.ForkedBooter.run(ForkedBooter.java:507)
at org.apache.maven.surefire.booter.ForkedBooter.main(ForkedBooter.java:495)
]]>
    </error>
  </testcase> <!-- shouldFilterOrdersByVariousFieldsSuccessfully -->
  <testcase classname="com.uiFramework.Genesis.regression.web.OrderTest" name="shouldCheckColumnFilter" time="88.789"/>
  <testcase classname="com.uiFramework.Genesis.regression.web.OrderTest" name="shouldCheckPDFDownloadedOnOrderPage" time="9.297"/>
  <testcase classname="com.uiFramework.Genesis.regression.web.OrderTest" name="shouldCheckExcelDownloadedOnOrderPage" time="7.315"/>
</testsuite> <!-- com.uiFramework.Genesis.regression.web.OrderTest -->
