<?xml version="1.0" encoding="UTF-8"?>
<!-- Generated by org.testng.reporters.JUnitXMLReporter -->
<testsuite ignored="0" hostname="appadmins-Mac-mini.local" failures="0" tests="7" name="App Automation Tests" time="0.026" errors="0" timestamp="2025-10-15T14:20:29 IST">
  <testcase classname="org.contactManagement.base.BaseTest" name="@BeforeClass configureAppium" time="0.005">
    <skipped/>
  </testcase> <!-- @BeforeClass configureAppium -->
  <testcase classname="org.contactManagement.regression.ios.IOSBasics" name="IOSBasicsTest" time="0.0">
    <skipped/>
  </testcase> <!-- IOSBasicsTest -->
  <testcase classname="org.contactManagement.regression.ios.IOSBasics" name="testValidSignUp" time="0.0">
    <skipped/>
  </testcase> <!-- testValidSignUp -->
  <testcase classname="org.contactManagement.regression.ios.IOSBasics" name="testPasswordMismatch" time="0.0">
    <skipped/>
  </testcase> <!-- testPasswordMismatch -->
  <testcase classname="org.contactManagement.regression.ios.IOSBasics" name="testEmptyUsername" time="0.0">
    <skipped/>
  </testcase> <!-- testEmptyUsername -->
  <testcase classname="org.contactManagement.regression.ios.IOSBasics" name="testEmptyPassword" time="0.0">
    <skipped/>
  </testcase> <!-- testEmptyPassword -->
  <testcase classname="org.contactManagement.regression.ios.IOSBasics" name="testWeakPassword" time="0.0">
    <skipped/>
  </testcase> <!-- testWeakPassword -->
  <testcase classname="org.contactManagement.regression.ios.IOSBasics" name="testDuplicateEmail" time="0.0">
    <skipped/>
  </testcase> <!-- testDuplicateEmail -->
</testsuite> <!-- App Automation Tests -->
