<?xml version="1.0" encoding="UTF-8"?>
<!-- Generated by org.testng.reporters.JUnitXMLReporter -->
<testsuite ignored="0" hostname="appadmins-Mac-mini.local" failures="1" tests="3" name="Web Automation Tests" time="29.114" errors="0" timestamp="2025-10-15T11:42:11 IST">
  <testcase classname="org.contactManagement.TestUtils.BaseTest" name="@BeforeClass configureAppium" time="0.003">
    <failure type="java.lang.Error" message="Unresolved compilation problems: 
	Syntax error, insert &amp;quot;:&amp;quot; to complete SwitchLabel
	Syntax error, insert &amp;quot;:&amp;quot; to complete SwitchLabel
">
      <![CDATA[java.lang.Error: Unresolved compilation problems: 
Syntax error, insert ":" to complete SwitchLabel
Syntax error, insert ":" to complete SwitchLabel

at org.contactManagement.TestUtils.BaseTest.configureAppium(BaseTest.java:48)
at java.base/java.util.ArrayList.forEach(ArrayList.java:1511)
at java.base/java.util.concurrent.FutureTask.run(FutureTask.java:264)
at java.base/java.util.concurrent.ThreadPoolExecutor.runWorker(ThreadPoolExecutor.java:1136)
at java.base/java.util.concurrent.ThreadPoolExecutor$Worker.run(ThreadPoolExecutor.java:635)
at java.base/java.lang.Thread.run(Thread.java:842)
... Removed 15 stack frames]]>
    </failure>
  </testcase> <!-- @BeforeClass configureAppium -->
  <testcase classname="org.contactManagement.regression.web.OrderTest" name="shouldDisplayOrderFormOnCreateButtonClick" time="5.392"/>
  <testcase classname="org.contactManagement.regression.web.OrderTest" name="shouldShowErrorMessagesForMandatoryFields" time="0.002">
    <failure type="java.lang.Error" message="Unresolved compilation problem: 
	The method assertFalse(String, boolean) in the type AssertJUnit is not applicable for the arguments (boolean, String)
">
      <![CDATA[java.lang.Error: Unresolved compilation problem: 
The method assertFalse(String, boolean) in the type AssertJUnit is not applicable for the arguments (boolean, String)

at org.contactManagement.regression.web.OrderTest.shouldShowErrorMessagesForMandatoryFields(OrderTest.java:57)
at java.base/java.util.ArrayList.forEach(ArrayList.java:1511)
at java.base/java.util.concurrent.FutureTask.run(FutureTask.java:264)
at java.base/java.util.concurrent.ThreadPoolExecutor.runWorker(ThreadPoolExecutor.java:1136)
at java.base/java.util.concurrent.ThreadPoolExecutor$Worker.run(ThreadPoolExecutor.java:635)
at java.base/java.lang.Thread.run(Thread.java:842)
... Removed 17 stack frames]]>
    </failure>
  </testcase> <!-- shouldShowErrorMessagesForMandatoryFields -->
  <testcase classname="org.contactManagement.regression.web.OrderTest" name="shouldKeepConsigneeDropdownEmptyUntilCustomerSelected" time="23.68"/>
</testsuite> <!-- Web Automation Tests -->
